Log file open, 12/06/17 17:49:31
LogWindows: Failed to load 'aqProf.dll' (GetLastError=126)
LogWindows: File 'aqProf.dll' does not exist
LogWindows: Failed to load 'VtuneApi.dll' (GetLastError=126)
LogWindows: File 'VtuneApi.dll' does not exist
LogWindows: Failed to load 'VtuneApi32e.dll' (GetLastError=126)
LogWindows: File 'VtuneApi32e.dll' does not exist
LogInit: Display: Running engine for game: Puzzle_Island
LogPlatformFile: Not using cached read wrapper
LogInit: Display: RandInit(-74064336) SRandInit(-74064336).
LogTaskGraph: Started task graph with 5 named threads and 14 total threads with 3 sets of task threads.
LogStats: Stats thread started at 0.162992
LogD3D11RHI: Aftermath initialized
LogPluginManager: Mounting plugin Paper2D
LogPluginManager: Mounting plugin LightPropagationVolume
LogPluginManager: Mounting plugin CodeLiteSourceCodeAccess
LogPluginManager: Mounting plugin GitSourceControl
LogPluginManager: Mounting plugin KDevelopSourceCodeAccess
LogPluginManager: Mounting plugin NullSourceCodeAccess
LogPluginManager: Mounting plugin PerforceSourceControl
LogPluginManager: Mounting plugin SubversionSourceControl
LogPluginManager: Mounting plugin UObjectPlugin
LogPluginManager: Mounting plugin VisualStudioSourceCodeAccess
LogPluginManager: Mounting plugin XCodeSourceCodeAccess
LogPluginManager: Mounting plugin AssetManagerEditor
LogPluginManager: Mounting plugin AudioCapture
LogPluginManager: Mounting plugin FacialAnimation
LogPluginManager: Mounting plugin GameplayTagsEditor
LogPluginManager: Mounting plugin MobileLauncherProfileWizard
LogPluginManager: Mounting plugin PluginBrowser
LogPluginManager: Mounting plugin SpeedTreeImporter
LogPluginManager: Mounting plugin AlembicImporter
LogPluginManager: Mounting plugin CharacterAI
LogPluginManager: Mounting plugin HTML5Networking
LogPluginManager: Mounting plugin AndroidMedia
LogPluginManager: Mounting plugin AvfMedia
LogPluginManager: Mounting plugin MediaPlayerEditor
LogPluginManager: Mounting plugin WmfMedia
LogPluginManager: Mounting plugin TcpMessaging
LogPluginManager: Mounting plugin UdpMessaging
LogPluginManager: Mounting plugin LevelSequenceEditor
LogPluginManager: Mounting plugin MatineeToLevelSequence
LogPluginManager: Mounting plugin OnlineSubsystemGooglePlay
LogPluginManager: Mounting plugin OnlineSubsystemIOS
LogPluginManager: Mounting plugin OnlineSubsystem
LogPluginManager: Mounting plugin OnlineSubsystemNull
LogPluginManager: Mounting plugin OnlineSubsystemUtils
LogPluginManager: Mounting plugin AndroidDeviceProfileSelector
LogPluginManager: Mounting plugin AndroidMoviePlayer
LogPluginManager: Mounting plugin AndroidPermission
LogPluginManager: Mounting plugin AppleMoviePlayer
LogPluginManager: Mounting plugin ArchVisCharacter
LogPluginManager: Mounting plugin CableComponent
LogPluginManager: Mounting plugin CustomMeshComponent
LogPluginManager: Mounting plugin ExampleDeviceProfileSelector
LogPluginManager: Mounting plugin GoogleCloudMessaging
LogPluginManager: Mounting plugin ImmediatePhysics
LogPluginManager: Mounting plugin IOSDeviceProfileSelector
LogPluginManager: Mounting plugin LinuxDeviceProfileSelector
LogPluginManager: Mounting plugin LocationServicesBPLibrary
LogPluginManager: Mounting plugin MobilePatchingUtils
LogPluginManager: Mounting plugin OculusVR
LogPluginManager: Mounting plugin PhysXVehicles
LogPluginManager: Mounting plugin ProceduralMeshComponent
LogPluginManager: Mounting plugin RuntimePhysXCooking
LogPluginManager: Mounting plugin SteamVR
LogPluginManager: Mounting plugin WindowsMoviePlayer
LogInit: Using libcurl 7.47.1
LogInit:  - built for x86_64-pc-win32
LogInit:  - supports SSL with OpenSSL/1.0.2g
LogInit:  - supports HTTP deflate (compression) using libz 1.2.8
LogInit:  - other features:
LogInit:      CURL_VERSION_SSL
LogInit:      CURL_VERSION_LIBZ
LogInit:      CURL_VERSION_IPV6
LogInit:      CURL_VERSION_ASYNCHDNS
LogInit:      CURL_VERSION_LARGEFILE
LogInit:      CURL_VERSION_IDN
LogInit:  CurlRequestOptions (configurable via config and command line):
LogInit:  - bVerifyPeer = false  - Libcurl will NOT verify peer certificate
LogInit:  - bUseHttpProxy = false  - Libcurl will NOT use HTTP proxy
LogInit:  - bDontReuseConnections = false  - Libcurl will reuse connections
LogInit:  - CertBundlePath = nullptr  - Libcurl will use whatever was configured at build time.
LogInit: Build: ++UE4+Release-4.17-CL-3658906
LogInit: Engine Version: 4.17.2-3658906+++UE4+Release-4.17
LogInit: Compatible Engine Version: 4.17.0-3573198+++UE4+Release-4.17
LogInit: Net CL: 3573198
LogDevObjectVersion: Number of dev versions registered: 16
LogDevObjectVersion:   Dev-Blueprints (B0D832E4-1F89-4F0D-ACCF-7EB736FD4AA2): 10
LogDevObjectVersion:   Dev-Build (E1C64328-A22C-4D53-A36C-8E866417BD8C): 0
LogDevObjectVersion:   Dev-Core (375EC13C-06E4-48FB-B500-84F0262A717E): 2
LogDevObjectVersion:   Dev-Editor (E4B068ED-F494-42E9-A231-DA0B2E46BB41): 20
LogDevObjectVersion:   Dev-Framework (CFFC743F-43B0-4480-9391-14DF171D2073): 28
LogDevObjectVersion:   Dev-Mobile (B02B49B5-BB20-44E9-A304-32B752E40360): 0
LogDevObjectVersion:   Dev-Networking (A4E4105C-59A1-49B5-A7C5-40C4547EDFEE): 0
LogDevObjectVersion:   Dev-Online (39C831C9-5AE6-47DC-9A44-9C173E1C8E7C): 0
LogDevObjectVersion:   Dev-Physics (78F01B33-EBEA-4F98-B9B4-84EACCB95AA2): 0
LogDevObjectVersion:   Dev-Platform (6631380F-2D4D-43E0-8009-CF276956A95A): 0
LogDevObjectVersion:   Dev-Rendering (12F88B9F-8875-4AFC-A67C-D90C383ABD29): 19
LogDevObjectVersion:   Dev-Sequencer (7B5AE74C-D270-4C10-A958-57980B212A5A): 4
LogDevObjectVersion:   Dev-VR (D7296918-1DD6-4BDD-9DE2-64A83CC13884): 0
LogDevObjectVersion:   Dev-LoadTimes (C2A15278-BFE7-4AFE-6C17-90FF531DF755): 1
LogDevObjectVersion:   Private-Geometry (6EACA3D4-40EC-4CC1-B786-8BED09428FC5): 1
LogDevObjectVersion:   Dev-AnimPhys (29E575DD-E0A3-4627-9D10-D276232CDCEA): 7
LogInit: Compiled (64-bit): Sep 22 2017 13:47:16
LogInit: Compiled with Visual C++: 19.00.24215.01
LogInit: Build Configuration: Development
LogInit: Branch Name: ++UE4+Release-4.17
LogInit: Command line:  
LogInit: Base directory: D:/Program Files/Epic Games/UE_4.17/Engine/Binaries/Win64/
LogInit: Installed Engine Build: 1
LogInit: Presizing for max 8388607 objects, including 0 objects not considered by GC, pre-allocating 0 bytes for permanent pool.
LogInit: Object subsystem initialized
[2017.12.06-17.49.31:678][  0]LogInit: Selected Device Profile: [Windows]
[2017.12.06-17.49.31:678][  0]LogInit: Applying CVar settings loaded from the selected device profile: [Windows]
[2017.12.06-17.49.31:690][  0]LogInit: Computer: DESKTOP-Q670LKS
[2017.12.06-17.49.31:690][  0]LogInit: User: James
[2017.12.06-17.49.31:690][  0]LogInit: CPU Page size=4096, Cores=4
[2017.12.06-17.49.31:690][  0]LogInit: High frequency timer resolution =3.320329 MHz
[2017.12.06-17.49.31:690][  0]LogMemory: Memory total: Physical=15.9GB (16GB approx)
[2017.12.06-17.49.31:690][  0]LogMemory: Platform Memory Stats for Windows
[2017.12.06-17.49.31:690][  0]LogMemory: Process Physical Memory: 281.27 MB used, 281.27 MB peak
[2017.12.06-17.49.31:690][  0]LogMemory: Process Virtual Memory: 289.41 MB used, 289.41 MB peak
[2017.12.06-17.49.31:690][  0]LogMemory: Physical Memory: 8294.49 MB used,  8033.45 MB free, 16327.93 MB total
[2017.12.06-17.49.31:690][  0]LogMemory: Virtual Memory: 683.40 MB used,  8033.45 MB free, 134217728.00 MB total
[2017.12.06-17.49.31:786][  0]LogInit: Using OS detected language (en-US).
[2017.12.06-17.49.31:786][  0]LogInit: Using OS detected locale (en-GB).
[2017.12.06-17.49.31:788][  0]LogTextLocalizationManager: No specific localization for 'en-US' exists, so the 'en' localization will be used.
[2017.12.06-17.49.32:394][  0]LogD3D11RHI: D3D11 adapters:
[2017.12.06-17.49.32:484][  0]LogD3D11RHI:    0. 'NVIDIA GeForce GTX 760' (Feature Level 11_0)
[2017.12.06-17.49.32:484][  0]LogD3D11RHI:       2017/0/8163 MB DedicatedVideo/DedicatedSystem/SharedSystem, Outputs:3, VendorId:0x10de
[2017.12.06-17.49.32:485][  0]LogD3D11RHI:    1. 'Microsoft Basic Render Driver' (Feature Level 11_0)
[2017.12.06-17.49.32:485][  0]LogD3D11RHI:       0/0/8163 MB DedicatedVideo/DedicatedSystem/SharedSystem, Outputs:0, VendorId:0x1414
[2017.12.06-17.49.32:485][  0]LogD3D11RHI: Chosen D3D11 Adapter: 0
[2017.12.06-17.49.32:489][  0]LogD3D11RHI: Creating new Direct3DDevice
[2017.12.06-17.49.32:489][  0]LogD3D11RHI:     GPU DeviceId: 0x1187 (for the marketing name, search the web for "GPU Device Id")
[2017.12.06-17.49.32:489][  0]LogWindows: EnumDisplayDevices:
[2017.12.06-17.49.32:489][  0]LogWindows:    0. 'NVIDIA GeForce GTX 760' (P:0 D:1)
[2017.12.06-17.49.32:489][  0]LogWindows:    1. 'NVIDIA GeForce GTX 760' (P:0 D:1)
[2017.12.06-17.49.32:490][  0]LogWindows:    2. 'NVIDIA GeForce GTX 760' (P:1 D:1)
[2017.12.06-17.49.32:490][  0]LogWindows:    3. 'NVIDIA GeForce GTX 760' (P:0 D:0)
[2017.12.06-17.49.32:490][  0]LogWindows: DebugString: FoundDriverCount:4 
[2017.12.06-17.49.32:490][  0]LogD3D11RHI:     Adapter Name: NVIDIA GeForce GTX 760
[2017.12.06-17.49.32:490][  0]LogD3D11RHI:   Driver Version: 388.13 (internal:23.21.13.8813, unified:388.13)
[2017.12.06-17.49.32:490][  0]LogD3D11RHI:      Driver Date: 10-27-2017
[2017.12.06-17.49.32:490][  0]LogRHI: Texture pool is 1361 MB (70% of 1945 MB)
[2017.12.06-17.49.32:511][  0]LogD3D11RHI: Async texture creation enabled
[2017.12.06-17.49.32:526][  0]LogD3D11RHI: GPU Timing Frequency: 1000.000000 (Debug: 2 2)
[2017.12.06-17.49.32:624][  0]LogShaderCompilers: Guid format shader working directory is -22 characters bigger than the processId version (../../../../../../Documents/Uni/VGD/Puzzle-Island-VGD/Puzzle_Island/Intermediate/Shaders/WorkingDirectory/11468/).
[2017.12.06-17.49.32:625][  0]LogShaderCompilers: Cleaned the shader compiler working directory 'C:/Users/James/AppData/Local/Temp/UnrealShaderWorkingDir/081ACB3C4F76DF7D8F35948BEEA3FDE4/'.
[2017.12.06-17.49.32:625][  0]LogShaderCompilers: Display: Using Local Shader Compiler.
[2017.12.06-17.49.33:423][  0]LogTemp: Display: Loaded TP AllDesktopTargetPlatform
[2017.12.06-17.49.33:457][  0]LogTemp: Display: Loaded TP MacClientTargetPlatform
[2017.12.06-17.49.33:493][  0]LogTemp: Display: Loaded TP MacNoEditorTargetPlatform
[2017.12.06-17.49.33:527][  0]LogTemp: Display: Loaded TP MacServerTargetPlatform
[2017.12.06-17.49.33:560][  0]LogTemp: Display: Loaded TP MacTargetPlatform
[2017.12.06-17.49.33:594][  0]LogTemp: Display: Loaded TP WindowsClientTargetPlatform
[2017.12.06-17.49.33:628][  0]LogTemp: Display: Loaded TP WindowsNoEditorTargetPlatform
[2017.12.06-17.49.33:663][  0]LogTemp: Display: Loaded TP WindowsServerTargetPlatform
[2017.12.06-17.49.33:690][  0]LogTemp: Display: Loaded TP WindowsTargetPlatform
[2017.12.06-17.49.33:724][  0]LogTemp: Display: Loaded TP AndroidTargetPlatform
[2017.12.06-17.49.33:757][  0]LogTemp: Display: Loaded TP Android_ASTCTargetPlatform
[2017.12.06-17.49.33:788][  0]LogTemp: Display: Loaded TP Android_ATCTargetPlatform
[2017.12.06-17.49.33:821][  0]LogTemp: Display: Loaded TP Android_DXTTargetPlatform
[2017.12.06-17.49.33:854][  0]LogTemp: Display: Loaded TP Android_ETC1TargetPlatform
[2017.12.06-17.49.33:887][  0]LogTemp: Display: Loaded TP Android_ETC2TargetPlatform
[2017.12.06-17.49.33:954][  0]LogTemp: Display: Loaded TP Android_MultiTargetPlatform
[2017.12.06-17.49.33:954][  0]LogTemp: Display: Loaded TP Android_PVRTCTargetPlatform
[2017.12.06-17.49.33:977][  0]LogTemp: Display: Loaded TP HTML5TargetPlatform
[2017.12.06-17.49.34:043][  0]LogTemp: Display: Loaded TP IOSTargetPlatform
[2017.12.06-17.49.34:064][  0]LogTemp: Display: Loaded TP TVOSTargetPlatform
[2017.12.06-17.49.34:096][  0]LogTemp: Display: Loaded TP LinuxClientTargetPlatform
[2017.12.06-17.49.34:129][  0]LogTemp: Display: Loaded TP LinuxNoEditorTargetPlatform
[2017.12.06-17.49.34:162][  0]LogTemp: Display: Loaded TP LinuxServerTargetPlatform
[2017.12.06-17.49.34:196][  0]LogTemp: Display: Loaded TP LinuxTargetPlatform
[2017.12.06-17.49.34:196][  0]LogTargetPlatformManager: Display: Building Assets For Windows
[2017.12.06-17.49.34:484][  0]LogDerivedDataCache: Display: Max Cache Size: 512 MB
[2017.12.06-17.49.34:555][  0]LogDerivedDataCache: Loaded boot cache 0.07s 99MB C:/Users/James/AppData/Local/UnrealEngine/4.17/DerivedDataCache/Boot.ddc.
[2017.12.06-17.49.34:556][  0]LogDerivedDataCache: Display: Loaded Boot cache: C:/Users/James/AppData/Local/UnrealEngine/4.17/DerivedDataCache/Boot.ddc
[2017.12.06-17.49.34:556][  0]LogDerivedDataCache: FDerivedDataBackendGraph:  Pak pak cache file ../../../../../../Documents/Uni/VGD/Puzzle-Island-VGD/Puzzle_Island/DerivedDataCache/DDC.ddp not found, will not use a pak cache.
[2017.12.06-17.49.34:556][  0]LogDerivedDataCache: Unable to find inner node Pak for hierarchical cache Hierarchy.
[2017.12.06-17.49.34:556][  0]LogDerivedDataCache: FDerivedDataBackendGraph:  CompressedPak pak cache file ../../../../../../Documents/Uni/VGD/Puzzle-Island-VGD/Puzzle_Island/DerivedDataCache/Compressed.ddp not found, will not use a pak cache.
[2017.12.06-17.49.34:556][  0]LogDerivedDataCache: Unable to find inner node CompressedPak for hierarchical cache Hierarchy.
[2017.12.06-17.49.34:572][  0]LogDerivedDataCache: Display: Pak cache opened for reading ../../../Engine/DerivedDataCache/Compressed.ddp.
[2017.12.06-17.49.34:584][  0]LogDerivedDataCache: Using Local data cache path C:/Users/James/AppData/Local/UnrealEngine/Common/DerivedDataCache: Writable
[2017.12.06-17.49.34:594][  0]LogMaterial: Verifying Global Shaders for PCD3D_SM5
[2017.12.06-17.49.34:594][  0]LogSlate: Using Freetype 2.6.0
[2017.12.06-17.49.34:595][  0]LogSlate: SlateFontCache - WITH_FREETYPE: 1, WITH_HARFBUZZ: 1
[2017.12.06-17.49.34:595][  0]LogSlate: SlateFontCache - WITH_FREETYPE: 1, WITH_HARFBUZZ: 1
[2017.12.06-17.49.34:825][  0]LogAssetRegistry: FAssetRegistry took 0.0261 seconds to start up
[2017.12.06-17.49.34:915][  0]LogInit: Selected Device Profile: [Windows]
[2017.12.06-17.49.35:024][  0]LogContentStreaming: Texture pool size is 0.00 MB
[2017.12.06-17.49.35:230][  0]LogSimplygon: Simplygon DLL not present - disabling.
[2017.12.06-17.49.35:253][  0]LogMeshReduction: Using SimplygonSwarm for distributed automatic mesh merging
[2017.12.06-17.49.35:253][  0]LogMeshReduction: Using QuadricMeshReduction for automatic static mesh reduction
[2017.12.06-17.49.35:253][  0]LogMeshReduction: No automatic skeletal mesh reduction module available
[2017.12.06-17.49.35:253][  0]LogMeshReduction: No automatic mesh merging module available
[2017.12.06-17.49.35:253][  0]LogMeshMerging: No automatic mesh merging module available
[2017.12.06-17.49.35:538][  0]LogNetVersion: Puzzle_Island , NetCL: 3573198, EngineNetVer: 2, GameNetVer: 0 (Checksum: 3939646741)
[2017.12.06-17.49.35:712][  0]LogPackageLocalizationCache: Processed 5 localized package path(s) for 2 prioritized culture(s) in 0.054756 seconds
[2017.12.06-17.49.35:717][  0]LogUObjectArray: 35825 objects as part of root set at end of initial load.
[2017.12.06-17.49.35:717][  0]LogUObjectAllocator: 7529112 out of 0 bytes used by permanent object pool.
[2017.12.06-17.49.35:717][  0]LogUObjectArray: CloseDisregardForGC: 0/0 objects in disregard for GC pool
[2017.12.06-17.49.35:754][  0]LogInit: WinSock: version 1.1 (2.2), MaxSocks=32767, MaxUdp=65467
[2017.12.06-17.49.37:603][  0]LogTcpMessaging: Initializing TcpMessaging bridge
[2017.12.06-17.49.37:631][  0]LogUdpMessaging: Initializing bridge on interface 0.0.0.0:0 to multicast group 230.0.0.1:6666.
[2017.12.06-17.49.38:328][  0]LogMaterial: Uniform references updated for custom material expression Custom.
[2017.12.06-17.49.38:591][  0]SourceControl: Source control is disabled
[2017.12.06-17.49.38:591][  0]SourceControl: Source control is disabled
[2017.12.06-17.49.38:620][  0]SourceControl: Source control is disabled
[2017.12.06-17.49.38:648][  0]SourceControl: Source control is disabled
[2017.12.06-17.49.39:000][  0]LogAndroidPermission: UAndroidPermissionCallbackProxy::GetInstance
[2017.12.06-17.49.39:145][  0]LogOcInput: OculusInput pre-init called
[2017.12.06-17.49.39:309][  0]LogEngine: Initializing Engine...
[2017.12.06-17.49.39:310][  0]LogHMD: Failed to initialize OpenVR with code 110
[2017.12.06-17.49.39:495][  0]LogStats: UGameplayTagsManager::ConstructGameplayTagTree: Construct from data asset -  0.000 s
[2017.12.06-17.49.39:495][  0]LogStats: UGameplayTagsManager::ConstructGameplayTagTree: GameplayTagTreeChangedEvent.Broadcast -  0.000 s
[2017.12.06-17.49.39:570][  0]LogAIModule: Creating AISystem for world Untitled
[2017.12.06-17.49.39:579][  0]LogInit: XAudio2 using 'Speakers (Realtek High Definition Audio)' : 2 channels at 48 kHz using 32 bits per sample (channel mask 0x3)
[2017.12.06-17.49.39:593][  0]LogInit: FAudioDevice initialized.
[2017.12.06-17.49.39:738][  0]LogDerivedDataCache: Saved boot cache 0.14s 99MB C:/Users/James/AppData/Local/UnrealEngine/4.17/DerivedDataCache/Boot.ddc.
[2017.12.06-17.49.39:766][  0]LogInit: Texture streaming: Enabled
[2017.12.06-17.49.39:884][  0]LogEngineSessionManager: EngineSessionManager initialized
[2017.12.06-17.49.40:017][  0]LogInit: Transaction tracking system initialized
[2017.12.06-17.49.40:211][  0]BlueprintLog: New page: Editor Load
[2017.12.06-17.49.40:893][  0]LocalizationService: Localization service is disabled
[2017.12.06-17.49.41:318][  0]LogConsoleResponse: Display: 
[2017.12.06-17.49.41:440][  0]LogAutoReimportManager: Warning: Unable to watch directory ../../../../../../Documents/Uni/VGD/Puzzle-Island-VGD/Puzzle_Island/Content/ as it will conflict with another watching ../../../../../../Documents/Uni/VGD/Puzzle-Island-VGD/Puzzle_Island/Content/.
[2017.12.06-17.49.41:440][  0]LogAutoReimportManager: Warning: Unable to watch directory ../../../../../../Documents/Uni/VGD/Puzzle-Island-VGD/Puzzle_Island/Content/ as it will conflict with another watching ../../../../../../Documents/Uni/VGD/Puzzle-Island-VGD/Puzzle_Island/Content/.
[2017.12.06-17.49.41:441][  0]LogAutoReimportManager: Warning: Unable to watch directory ../../../../../../Documents/Uni/VGD/Puzzle-Island-VGD/Puzzle_Island/Content/ as it will conflict with another watching ../../../../../../Documents/Uni/VGD/Puzzle-Island-VGD/Puzzle_Island/Content/.
[2017.12.06-17.49.41:452][  0]LogCook: Display: Max memory allowance for cook 16384mb min free memory 0mb
[2017.12.06-17.49.41:452][  0]LogCook: Display: Mobile HDR setting 1
[2017.12.06-17.49.41:452][  0]LogGameplayTags: Display: UGameplayTagsManager::DoneAddingNativeTags. DelegateIsBound: 0
[2017.12.06-17.49.42:079][  0]LogFileCache: Scanning file cache for directory 'D:/Documents/Uni/VGD/Puzzle-Island-VGD/Puzzle_Island/Content/' took 0.01s
[2017.12.06-17.49.42:079][  0]SourceControl: Source control is disabled
[2017.12.06-17.49.42:079][  0]Cmd: MAP LOAD FILE="../../../../../../Documents/Uni/VGD/Puzzle-Island-VGD/Puzzle_Island/Content/Maps/Puzzle_Island.umap" TEMPLATE=0 SHOWPROGRESS=1 FEATURELEVEL=3
[2017.12.06-17.49.42:080][  0]LightingResults: New page: Lighting Build
[2017.12.06-17.49.42:104][  0]MapCheck: New page: Map Check
[2017.12.06-17.49.42:104][  0]LightingResults: New page: Lighting Build
[2017.12.06-17.49.42:543][  0]LogAIModule: Creating AISystem for world Puzzle_Island
[2017.12.06-17.49.42:647][  0]LogEditorServer: Finished looking for orphan Actors (0.000 secs)
[2017.12.06-17.49.42:717][  0]Cmd: MAP CHECKDEP NOCLEARLOG
[2017.12.06-17.49.42:759][  0]MapCheck: Map check complete: 0 Error(s), 0 Warning(s), took 41.671ms to complete.
[2017.12.06-17.49.42:759][  0]LogFileHelpers: Loading map 'Puzzle_Island' took 0.680
[2017.12.06-17.49.42:838][  0]LogWindowsTextInputMethodSystem: Display: IME system now deactivated.
[2017.12.06-17.49.42:917][  0]LogCollectionManager: Loaded 0 collections in 0.000726 seconds
[2017.12.06-17.49.42:996][  0]LogFileCache: Scanning file cache for directory 'D:/Documents/Uni/VGD/Puzzle-Island-VGD/Puzzle_Island/Saved/Collections/' took 0.01s
[2017.12.06-17.49.42:996][  0]LogFileCache: Scanning file cache for directory 'D:/Documents/Uni/VGD/Puzzle-Island-VGD/Puzzle_Island/Content/Developers/James/Collections/' took 0.01s
[2017.12.06-17.49.42:996][  0]LogFileCache: Scanning file cache for directory 'D:/Documents/Uni/VGD/Puzzle-Island-VGD/Puzzle_Island/Content/Collections/' took 0.01s
[2017.12.06-17.49.42:997][  0]LogCollectionManager: Rebuilt the GUID cache for 0 collections in 0.000001 seconds
[2017.12.06-17.49.43:008][  0]LogContentBrowser: Native class hierarchy populated in 0.0110 seconds. Added 2388 classes and 502 folders.
[2017.12.06-17.49.43:048][  0]LogContentBrowser: Native class hierarchy updated for 'WidgetCarousel' in 0.0011 seconds. Added 0 classes and 0 folders.
[2017.12.06-17.49.43:080][  0]LogContentBrowser: Native class hierarchy updated for 'AddContentDialog' in 0.0012 seconds. Added 0 classes and 0 folders.
[2017.12.06-17.49.43:108][  0]LogContentBrowser: Native class hierarchy updated for 'SceneOutliner' in 0.0015 seconds. Added 1 classes and 2 folders.
[2017.12.06-17.49.43:127][  0]LogSlate: Took 0.000157 seconds to synchronously load lazily loaded font '../../../Engine/Content/Slate/Fonts/Roboto-Regular.ttf' (155K)
[2017.12.06-17.49.43:129][  0]LogSlate: Took 0.000134 seconds to synchronously load lazily loaded font '../../../Engine/Content/Slate/Fonts/Roboto-Bold.ttf' (160K)
[2017.12.06-17.49.43:133][  0]LogSlate: Took 0.000161 seconds to synchronously load lazily loaded font '../../../Engine/Content/Editor/Slate/Fonts/FontAwesome.ttf' (139K)
[2017.12.06-17.49.43:222][  0]LogRenderer: Reallocating scene render targets to support 1208x576 Format 10 NumSamples 1 (Frame:1).
[2017.12.06-17.49.43:416][  0]LogContentBrowser: Native class hierarchy updated for 'HierarchicalLODOutliner' in 0.0015 seconds. Added 1 classes and 2 folders.
[2017.12.06-17.49.43:416][  0]LogLoad: (Engine Initialization) Total time: 13.28 seconds
[2017.12.06-17.49.43:416][  0]LogLoad: (Engine Initialization) Total Blueprint compile time: 0.00 seconds
[2017.12.06-17.49.43:416][  0]LogExternalProfiler: Found external profiler: VSPerf
[2017.12.06-17.49.43:416][  0]LogExternalProfiler: Using external profiler: VSPerf
[2017.12.06-17.49.43:474][  0]LogContentStreaming: Texture pool size now 1000 MB
[2017.12.06-17.49.43:519][  0]LogSlate: Took 0.000177 seconds to synchronously load lazily loaded font '../../../Engine/Content/Slate/Fonts/Roboto-Light.ttf' (159K)
[2017.12.06-17.49.43:534][  1]LogFileCache: Retrieving MD5 hashes for directory 'D:/Documents/Uni/VGD/Puzzle-Island-VGD/Puzzle_Island/Content/' took 0.08s
[2017.12.06-17.49.43:543][  1]LogAssetRegistry: Asset discovery search completed in 8.7405 seconds
[2017.12.06-17.49.43:546][  1]LogCollectionManager: Rebuilt the object cache for 0 collections in 0.000001 seconds (found 0 objects)
[2017.12.06-17.49.43:546][  1]LogCollectionManager: Fixed up redirectors for 0 collections in 0.000058 seconds (updated 0 objects)
[2017.12.06-17.50.33:063][616]LogSlate: Took 0.000268 seconds to synchronously load lazily loaded font '../../../Engine/Content/Slate/Fonts/Roboto-Light.ttf' (159K)
[2017.12.06-17.53.27:691][260]AssetReimport: New page: Outstanding source content changes 17:53:27
[2017.12.06-17.53.27:735][261]LogFactory: FactoryCreateFile: StaticMesh with FbxFactory (0 0 D:/Documents/Uni/VGD/Puzzle-Island-VGD/Puzzle_Island/Content/FBX/Character_SM.FBX)
[2017.12.06-17.53.27:808][261]LogFbx: ItemName: GlobalSettings, ItemCount : 1
[2017.12.06-17.53.27:809][261]LogFbx: ItemName: Model, ItemCount : 24
[2017.12.06-17.53.27:809][261]LogFbx: ItemName: Geometry, ItemCount : 1
[2017.12.06-17.53.27:809][261]LogFbx: ItemName: NodeAttribute, ItemCount : 23
[2017.12.06-17.53.27:809][261]LogFbx: ItemName: Deformer, ItemCount : 22
[2017.12.06-17.53.27:809][261]LogFbx: ItemName: Pose, ItemCount : 1
[2017.12.06-17.53.27:822][261]LogFbx: Loading FBX Scene from D:/Documents/Uni/VGD/Puzzle-Island-VGD/Puzzle_Island/Content/FBX/Character_SM.FBX
[2017.12.06-17.53.27:854][261]LogFbx: FBX Scene Loaded Succesfully
[2017.12.06-17.53.30:630][261]LogFbx: Loading FBX Scene from D:/Documents/Uni/VGD/Puzzle-Island-VGD/Puzzle_Island/Content/FBX/Character_SM.FBX
[2017.12.06-17.53.30:640][261]LogFbx: FBX Scene Loaded Succesfully
[2017.12.06-17.53.30:641][261]LogFbx: =================================================
[2017.12.06-17.53.30:641][261]LogFbx: Dumping Node START [Box002] 
[2017.12.06-17.53.30:641][261]LogFbx: 	Total Deformer Count 2071804832.
[2017.12.06-17.53.30:641][261]LogFbx: 		[Node 1]  (Type Skin).
[2017.12.06-17.53.30:641][261]LogFbx: =================================================
[2017.12.06-17.53.30:641][261]LogFbx: 	Attribute () Type (4).
[2017.12.06-17.53.30:641][261]LogFbx: 		[Node Attribute Child 1] Box002 (Type Mesh).
[2017.12.06-17.53.30:641][261]LogFbx: Dumping Node END [Box002]
[2017.12.06-17.53.30:641][261]LogFbx: =================================================
[2017.12.06-17.53.30:641][261]LogFbx: Dumping Node START [Box002] 
[2017.12.06-17.53.30:641][261]LogFbx: 	Total Deformer Count 2071803376.
[2017.12.06-17.53.30:641][261]LogFbx: 		[Node 1]  (Type Skin).
[2017.12.06-17.53.30:641][261]LogFbx: =================================================
[2017.12.06-17.53.30:641][261]LogFbx: 	Attribute () Type (4).
[2017.12.06-17.53.30:641][261]LogFbx: 		[Node Attribute Child 1] Box002 (Type Mesh).
[2017.12.06-17.53.30:641][261]LogFbx: Dumping Node END [Box002]
[2017.12.06-17.53.30:644][261]LogFbx: Valid bind pose for Pose (FbxSDKBindPose) - Box002
[2017.12.06-17.53.30:714][261]LogSkeletalMesh: Section 0: 2267 vertices, 21 active bones
[2017.12.06-17.53.30:715][261]LogSkeletalMesh: Section 0: Material=0, 2118 triangles
[2017.12.06-17.53.30:720][261]LogLinker: Can't find file '/Game/FBX/Character_SM_Skeleton'
[2017.12.06-17.53.30:720][261]LogLinker: Can't find file '/Game/FBX/Character_SM_Skeleton'
[2017.12.06-17.53.30:723][261]LogLinker: Can't find file '/Game/FBX/Character_SM_PhysicsAsset'
[2017.12.06-17.53.30:723][261]LogLinker: Can't find file '/Game/FBX/Character_SM_PhysicsAsset'
[2017.12.06-17.53.30:821][262]Cmd: OBJ SAVEPACKAGE PACKAGE="/Game/FBX/Character_SM" FILE="../../../../../../Documents/Uni/VGD/Puzzle-Island-VGD/Puzzle_Island/Content/FBX/Character_SM.uasset" SILENT=true
[2017.12.06-17.53.30:841][262]LogSavePackage: Save=17.32ms
[2017.12.06-17.53.30:841][262]LogSavePackage: Moving '../../../../../../Documents/Uni/VGD/Puzzle-Island-VGD/Puzzle_Island/Saved/Character_SMF1C7310F4463E86E45E133A36FD96516.tmp' to '../../../../../../Documents/Uni/VGD/Puzzle-Island-VGD/Puzzle_Island/Content/FBX/Character_SM.uasset'
[2017.12.06-17.53.30:848][262]LogSavePackage: Display: Finished SavePackage ../../../../../../Documents/Uni/VGD/Puzzle-Island-VGD/Puzzle_Island/Content/FBX/Character_SM.uasset
[2017.12.06-17.53.33:849][488]AssetReimport: Importing new asset /Game/FBX/Character_SM.
[2017.12.06-17.53.53:866][474]LogContentBrowser: Native class hierarchy updated for 'BlueprintGraph' in 0.0027 seconds. Added 113 classes and 0 folders.
[2017.12.06-17.53.55:020][474]LogSlate: Took 0.014137 seconds to synchronously load lazily loaded font '../../../Engine/Content/Editor/Slate/Fonts/Roboto-BoldCondensed.ttf' (158K)
[2017.12.06-17.53.55:598][475]LogSlate: Took 0.017974 seconds to synchronously load lazily loaded font '../../../Engine/Content/Editor/Slate/Fonts/Roboto-Italic.ttf' (157K)
[2017.12.06-17.54.13:649][632]LogContentBrowser: Native class hierarchy updated for 'SkeletonEditor' in 0.0042 seconds. Added 1 classes and 2 folders.
[2017.12.06-17.54.13:796][632]LogActorComponent: RegisterComponentWithWorld: (/Engine/Transient.World_8:PersistentLevel.Actor_0.DebugSkelMeshComponent_0) Already registered. Aborting.
[2017.12.06-17.54.13:995][632]LogSkeletalMesh: USkeletalMeshComponent::InitArticulated : Bodies already created (/Engine/Transient.World_8:PersistentLevel.Actor_0.DebugSkelMeshComponent_0) - call TermArticulated first.
[2017.12.06-17.54.14:409][632]LogContentBrowser: Native class hierarchy updated for 'ClothingSystemEditorInterface' in 0.0012 seconds. Added 1 classes and 0 folders.
[2017.12.06-17.54.14:430][633]LogRenderer: Reallocating scene render targets to support 1208x888 Format 10 NumSamples 1 (Frame:1).
[2017.12.06-17.56.12:108][352]LogActorComponent: RegisterComponentWithWorld: (/Engine/Transient.World_9:PersistentLevel.Actor_1.DebugSkelMeshComponent_1) Already registered. Aborting.
[2017.12.06-17.56.12:160][352]LogSkeletalMesh: USkeletalMeshComponent::InitArticulated : Bodies already created (/Engine/Transient.World_9:PersistentLevel.Actor_1.DebugSkelMeshComponent_1) - call TermArticulated first.
[2017.12.06-17.56.42:030][879]LogActorComponent: RegisterComponentWithWorld: (/Engine/Transient.World_9:PersistentLevel.Actor_1.DebugSkelMeshComponent_1) Already registered. Aborting.
[2017.12.06-17.57.03:836][605]LogMaterial: Warning: Material /Game/Geometry/Meshes/CubeMaterial.CubeMaterial needed to have new flag set bUsedWithSkeletalMesh !
[2017.12.06-17.57.03:842][605]LogMaterial: Missing cached shader map for material CubeMaterial, compiling. 
[2017.12.06-17.57.29:650][676]Cmd: TRANSACTION UNDO
[2017.12.06-17.57.29:650][676]LogEditorTransaction: Undo Move Actors
[2017.12.06-17.57.35:793][326]LogTemp: Repeating last play command: Selected Viewport
[2017.12.06-17.57.35:864][326]LogBlueprintUserMessages: Early PlayInEditor Detection: Level '/Game/Maps/Puzzle_Island.Puzzle_Island:PersistentLevel' has LevelScriptBlueprint '/Game/Maps/Puzzle_Island.Puzzle_Island:PersistentLevel.Puzzle_Island' with GeneratedClass '/Game/Maps/Puzzle_Island.Puzzle_Island_C' with ClassGeneratedBy '/Game/Maps/Puzzle_Island.Puzzle_Island:PersistentLevel.Puzzle_Island'
[2017.12.06-17.57.35:865][326]LogPlayLevel: PlayLevel: No blueprints needed recompiling
[2017.12.06-17.57.35:865][326]PIE: New page: PIE session: Puzzle_Island (6 Dec 2017 17:57:35)
[2017.12.06-17.57.35:866][326]LogPlayLevel: Creating play world package: /Game/Maps/UEDPIE_0_Puzzle_Island
[2017.12.06-17.57.35:894][326]LogPlayLevel: PIE: StaticDuplicateObject took: (0.027982s)
[2017.12.06-17.57.35:894][326]LogAIModule: Creating AISystem for world Puzzle_Island
[2017.12.06-17.57.35:894][326]LogPlayLevel: PIE: World Init took: (0.000654s)
[2017.12.06-17.57.35:895][326]LogPlayLevel: PIE: Created PIE world by copying editor world from /Game/Maps/Puzzle_Island.Puzzle_Island to /Game/Maps/UEDPIE_0_Puzzle_Island.Puzzle_Island (0.028983s)
[2017.12.06-17.57.35:919][326]LogInit: XAudio2 using 'Speakers (Realtek High Definition Audio)' : 2 channels at 48 kHz using 32 bits per sample (channel mask 0x3)
[2017.12.06-17.57.35:929][326]LogInit: FAudioDevice initialized.
[2017.12.06-17.57.35:995][326]LogLoad: Game class is '3D_Exploration_GameMode_C'
[2017.12.06-17.57.36:002][326]LogWorld: Bringing World /Game/Maps/UEDPIE_0_Puzzle_Island.Puzzle_Island up for play (max tick rate 0) at 2017.12.06-17.57.36
[2017.12.06-17.57.36:003][326]LogWorld: Bringing up level for play took: 0.006659
[2017.12.06-17.57.36:029][326]LogContentBrowser: Native class hierarchy updated for 'MovieSceneCapture' in 0.0013 seconds. Added 11 classes and 0 folders.
[2017.12.06-17.57.36:032][326]PIE: Play in editor start time for /Game/Maps/UEDPIE_0_Puzzle_Island -0.334
[2017.12.06-17.57.36:032][326]LogBlueprintUserMessages: Late PlayInEditor Detection: Level '/Game/Maps/Puzzle_Island.Puzzle_Island:PersistentLevel' has LevelScriptBlueprint '/Game/Maps/Puzzle_Island.Puzzle_Island:PersistentLevel.Puzzle_Island' with GeneratedClass '/Game/Maps/Puzzle_Island.Puzzle_Island_C' with ClassGeneratedBy '/Game/Maps/Puzzle_Island.Puzzle_Island:PersistentLevel.Puzzle_Island'
[2017.12.06-17.57.51:947][224]LogBlueprintUserMessages: Early EndPlayMap Detection: Level '/Game/Maps/Puzzle_Island.Puzzle_Island:PersistentLevel' has LevelScriptBlueprint '/Game/Maps/Puzzle_Island.Puzzle_Island:PersistentLevel.Puzzle_Island' with GeneratedClass '/Game/Maps/Puzzle_Island.Puzzle_Island_C' with ClassGeneratedBy '/Game/Maps/Puzzle_Island.Puzzle_Island:PersistentLevel.Puzzle_Island'
[2017.12.06-17.57.51:998][224]LogBlueprintUserMessages: Late EndPlayMap Detection: Level '/Game/Maps/Puzzle_Island.Puzzle_Island:PersistentLevel' has LevelScriptBlueprint '/Game/Maps/Puzzle_Island.Puzzle_Island:PersistentLevel.Puzzle_Island' with GeneratedClass '/Game/Maps/Puzzle_Island.Puzzle_Island_C' with ClassGeneratedBy '/Game/Maps/Puzzle_Island.Puzzle_Island:PersistentLevel.Puzzle_Island'
[2017.12.06-17.57.56:726][769]LogEditorViewport: Clicking on Actor (LMB): SkeletalMeshActor (Character_SM)
[2017.12.06-17.57.57:584][865]Cmd: DELETE
[2017.12.06-17.57.57:585][865]Cmd: ACTOR DELETE
[2017.12.06-17.57.57:615][865]LogEditorActor: Deleted Actor: SkeletalMeshActor
[2017.12.06-17.57.57:644][865]LogEditorActor: Deleted 1 Actors (0.040 secs)
[2017.12.06-17.59.01:309][737]LogAnimation: Warning: AnimBP ThirdPerson_AnimBP_C is incompatible with skeleton Character_SM_Skeleton, removing AnimBP from actor.
[2017.12.06-17.59.01:309][737]LogAnimation: Warning: AnimBP ThirdPerson_AnimBP_C is incompatible with skeleton Character_SM_Skeleton, removing AnimBP from actor.
[2017.12.06-17.59.01:309][737]LogAnimation: Warning: AnimBP ThirdPerson_AnimBP_C is incompatible with skeleton Character_SM_Skeleton, removing AnimBP from actor.
[2017.12.06-17.59.04:104][879]BlueprintLog: New page: Compile ThirdPersonCharacter
[2017.12.06-17.59.07:685][ 10]LogTemp: Repeating last play command: Selected Viewport
[2017.12.06-17.59.07:737][ 10]LogBlueprintUserMessages: Early PlayInEditor Detection: Level '/Game/Maps/Puzzle_Island.Puzzle_Island:PersistentLevel' has LevelScriptBlueprint '/Game/Maps/Puzzle_Island.Puzzle_Island:PersistentLevel.Puzzle_Island' with GeneratedClass '/Game/Maps/Puzzle_Island.Puzzle_Island_C' with ClassGeneratedBy '/Game/Maps/Puzzle_Island.Puzzle_Island:PersistentLevel.Puzzle_Island'
[2017.12.06-17.59.07:737][ 10]LogPlayLevel: PlayLevel: No blueprints needed recompiling
[2017.12.06-17.59.07:738][ 10]PIE: New page: PIE session: Puzzle_Island (6 Dec 2017 17:59:07)
[2017.12.06-17.59.07:738][ 10]LogPlayLevel: Creating play world package: /Game/Maps/UEDPIE_0_Puzzle_Island
[2017.12.06-17.59.07:767][ 10]LogPlayLevel: PIE: StaticDuplicateObject took: (0.028892s)
[2017.12.06-17.59.07:768][ 10]LogAIModule: Creating AISystem for world Puzzle_Island
[2017.12.06-17.59.07:768][ 10]LogPlayLevel: PIE: World Init took: (0.000953s)
[2017.12.06-17.59.07:768][ 10]LogPlayLevel: PIE: Created PIE world by copying editor world from /Game/Maps/Puzzle_Island.Puzzle_Island to /Game/Maps/UEDPIE_0_Puzzle_Island.Puzzle_Island (0.030164s)
[2017.12.06-17.59.07:794][ 10]LogInit: XAudio2 using 'Speakers (Realtek High Definition Audio)' : 2 channels at 48 kHz using 32 bits per sample (channel mask 0x3)
[2017.12.06-17.59.07:804][ 10]LogInit: FAudioDevice initialized.
[2017.12.06-17.59.07:833][ 10]LogLoad: Game class is '3D_Exploration_GameMode_C'
[2017.12.06-17.59.07:838][ 10]LogWorld: Bringing World /Game/Maps/UEDPIE_0_Puzzle_Island.Puzzle_Island up for play (max tick rate 0) at 2017.12.06-17.59.07
[2017.12.06-17.59.07:839][ 10]LogWorld: Bringing up level for play took: 0.005919
[2017.12.06-17.59.07:841][ 10]PIE: Play in editor start time for /Game/Maps/UEDPIE_0_Puzzle_Island -0.524
[2017.12.06-17.59.07:842][ 10]LogBlueprintUserMessages: Late PlayInEditor Detection: Level '/Game/Maps/Puzzle_Island.Puzzle_Island:PersistentLevel' has LevelScriptBlueprint '/Game/Maps/Puzzle_Island.Puzzle_Island:PersistentLevel.Puzzle_Island' with GeneratedClass '/Game/Maps/Puzzle_Island.Puzzle_Island_C' with ClassGeneratedBy '/Game/Maps/Puzzle_Island.Puzzle_Island:PersistentLevel.Puzzle_Island'
[2017.12.06-17.59.35:458][673]LogBlueprintUserMessages: Early EndPlayMap Detection: Level '/Game/Maps/Puzzle_Island.Puzzle_Island:PersistentLevel' has LevelScriptBlueprint '/Game/Maps/Puzzle_Island.Puzzle_Island:PersistentLevel.Puzzle_Island' with GeneratedClass '/Game/Maps/Puzzle_Island.Puzzle_Island_C' with ClassGeneratedBy '/Game/Maps/Puzzle_Island.Puzzle_Island:PersistentLevel.Puzzle_Island'
[2017.12.06-17.59.35:494][673]LogBlueprintUserMessages: Late EndPlayMap Detection: Level '/Game/Maps/Puzzle_Island.Puzzle_Island:PersistentLevel' has LevelScriptBlueprint '/Game/Maps/Puzzle_Island.Puzzle_Island:PersistentLevel.Puzzle_Island' with GeneratedClass '/Game/Maps/Puzzle_Island.Puzzle_Island_C' with ClassGeneratedBy '/Game/Maps/Puzzle_Island.Puzzle_Island:PersistentLevel.Puzzle_Island'
[2017.12.06-17.59.59:723][941]BlueprintLog: New page: Compile ThirdPersonCharacter
[2017.12.06-18.00.01:784][985]LogTemp: Repeating last play command: Selected Viewport
[2017.12.06-18.00.01:827][985]LogBlueprintUserMessages: Early PlayInEditor Detection: Level '/Game/Maps/Puzzle_Island.Puzzle_Island:PersistentLevel' has LevelScriptBlueprint '/Game/Maps/Puzzle_Island.Puzzle_Island:PersistentLevel.Puzzle_Island' with GeneratedClass '/Game/Maps/Puzzle_Island.Puzzle_Island_C' with ClassGeneratedBy '/Game/Maps/Puzzle_Island.Puzzle_Island:PersistentLevel.Puzzle_Island'
[2017.12.06-18.00.01:827][985]LogPlayLevel: PlayLevel: No blueprints needed recompiling
[2017.12.06-18.00.01:827][985]PIE: New page: PIE session: Puzzle_Island (6 Dec 2017 18:00:01)
[2017.12.06-18.00.01:827][985]LogPlayLevel: Creating play world package: /Game/Maps/UEDPIE_0_Puzzle_Island
[2017.12.06-18.00.01:857][985]LogPlayLevel: PIE: StaticDuplicateObject took: (0.029531s)
[2017.12.06-18.00.01:858][985]LogAIModule: Creating AISystem for world Puzzle_Island
[2017.12.06-18.00.01:858][985]LogPlayLevel: PIE: World Init took: (0.000756s)
[2017.12.06-18.00.01:858][985]LogPlayLevel: PIE: Created PIE world by copying editor world from /Game/Maps/Puzzle_Island.Puzzle_Island to /Game/Maps/UEDPIE_0_Puzzle_Island.Puzzle_Island (0.030629s)
[2017.12.06-18.00.01:881][985]LogInit: XAudio2 using 'Speakers (Realtek High Definition Audio)' : 2 channels at 48 kHz using 32 bits per sample (channel mask 0x3)
[2017.12.06-18.00.01:890][985]LogInit: FAudioDevice initialized.
[2017.12.06-18.00.01:920][985]LogLoad: Game class is '3D_Exploration_GameMode_C'
[2017.12.06-18.00.01:926][985]LogWorld: Bringing World /Game/Maps/UEDPIE_0_Puzzle_Island.Puzzle_Island up for play (max tick rate 0) at 2017.12.06-18.00.01
[2017.12.06-18.00.01:927][985]LogWorld: Bringing up level for play took: 0.005821
[2017.12.06-18.00.01:930][985]PIE: Play in editor start time for /Game/Maps/UEDPIE_0_Puzzle_Island -0.436
[2017.12.06-18.00.01:930][985]LogBlueprintUserMessages: Late PlayInEditor Detection: Level '/Game/Maps/Puzzle_Island.Puzzle_Island:PersistentLevel' has LevelScriptBlueprint '/Game/Maps/Puzzle_Island.Puzzle_Island:PersistentLevel.Puzzle_Island' with GeneratedClass '/Game/Maps/Puzzle_Island.Puzzle_Island_C' with ClassGeneratedBy '/Game/Maps/Puzzle_Island.Puzzle_Island:PersistentLevel.Puzzle_Island'
[2017.12.06-18.00.04:089][115]LogBlueprintUserMessages: Early EndPlayMap Detection: Level '/Game/Maps/Puzzle_Island.Puzzle_Island:PersistentLevel' has LevelScriptBlueprint '/Game/Maps/Puzzle_Island.Puzzle_Island:PersistentLevel.Puzzle_Island' with GeneratedClass '/Game/Maps/Puzzle_Island.Puzzle_Island_C' with ClassGeneratedBy '/Game/Maps/Puzzle_Island.Puzzle_Island:PersistentLevel.Puzzle_Island'
[2017.12.06-18.00.04:126][115]LogBlueprintUserMessages: Late EndPlayMap Detection: Level '/Game/Maps/Puzzle_Island.Puzzle_Island:PersistentLevel' has LevelScriptBlueprint '/Game/Maps/Puzzle_Island.Puzzle_Island:PersistentLevel.Puzzle_Island' with GeneratedClass '/Game/Maps/Puzzle_Island.Puzzle_Island_C' with ClassGeneratedBy '/Game/Maps/Puzzle_Island.Puzzle_Island:PersistentLevel.Puzzle_Island'
[2017.12.06-18.02.59:077][264]BlueprintLog: New page: Compile ThirdPersonCharacter
[2017.12.06-18.03.02:664][397]LogActorComponent: UnregisterComponent: (/Engine/Transient.EditorFloorComp) Not registered. Aborting.
[2017.12.06-18.03.05:100][670]AssetReimport: New page: Outstanding source content changes 18:03:05
[2017.12.06-18.03.05:111][671]LogEditorFactories: Performing atomic reimport of [D:/Documents/Uni/VGD/Puzzle-Island-VGD/Puzzle_Island/Content/FBX/Character_SM.FBX]
[2017.12.06-18.03.05:119][671]LogFbx: Loading FBX Scene from D:/Documents/Uni/VGD/Puzzle-Island-VGD/Puzzle_Island/Content/FBX/Character_SM.FBX
[2017.12.06-18.03.05:158][671]LogFbx: FBX Scene Loaded Succesfully
[2017.12.06-18.03.05:159][671]LogFbx: =================================================
[2017.12.06-18.03.05:159][671]LogFbx: Dumping Node START [Box002] 
[2017.12.06-18.03.05:159][671]LogFbx: 	Total Deformer Count -1256329936.
[2017.12.06-18.03.05:159][671]LogFbx: 		[Node 1]  (Type Skin).
[2017.12.06-18.03.05:159][671]LogFbx: =================================================
[2017.12.06-18.03.05:159][671]LogFbx: 	Attribute () Type (4).
[2017.12.06-18.03.05:159][671]LogFbx: 		[Node Attribute Child 1] Box002 (Type Mesh).
[2017.12.06-18.03.05:159][671]LogFbx: Dumping Node END [Box002]
[2017.12.06-18.03.05:159][671]LogFbx: =================================================
[2017.12.06-18.03.05:159][671]LogFbx: Dumping Node START [Box002] 
[2017.12.06-18.03.05:159][671]LogFbx: 	Total Deformer Count -1256337776.
[2017.12.06-18.03.05:159][671]LogFbx: 		[Node 1]  (Type Skin).
[2017.12.06-18.03.05:159][671]LogFbx: =================================================
[2017.12.06-18.03.05:159][671]LogFbx: 	Attribute () Type (4).
[2017.12.06-18.03.05:159][671]LogFbx: 		[Node Attribute Child 1] Box002 (Type Mesh).
[2017.12.06-18.03.05:159][671]LogFbx: Dumping Node END [Box002]
[2017.12.06-18.03.05:160][671]LogFbx: Valid bind pose for Pose (FbxSDKBindPose) - Box002
[2017.12.06-18.03.05:209][671]LogSkeletalMesh: Section 0: 2267 vertices, 21 active bones
[2017.12.06-18.03.05:210][671]LogSkeletalMesh: Section 0: Material=0, 2118 triangles
[2017.12.06-18.03.05:211][671]LogEditorFactories: -- imported successfully
[2017.12.06-18.03.08:239][ 19]AssetReimport: Reimported asset Character_SM from D:/Documents/Uni/VGD/Puzzle-Island-VGD/Puzzle_Island/Content/FBX/Character_SM.FBX.
[2017.12.06-18.03.25:323][266]LogActorComponent: RegisterComponentWithWorld: (/Engine/Transient.World_16:PersistentLevel.Actor_2.DebugSkelMeshComponent_2) Already registered. Aborting.
[2017.12.06-18.03.25:396][266]LogSkeletalMesh: USkeletalMeshComponent::InitArticulated : Bodies already created (/Engine/Transient.World_16:PersistentLevel.Actor_2.DebugSkelMeshComponent_2) - call TermArticulated first.
[2017.12.06-18.05.37:894][682]BlueprintLog: New page: Compile ThirdPersonCharacter
[2017.12.06-18.05.46:969][ 86]LogTemp: Repeating last play command: Selected Viewport
[2017.12.06-18.05.47:017][ 86]LogBlueprintUserMessages: Early PlayInEditor Detection: Level '/Game/Maps/Puzzle_Island.Puzzle_Island:PersistentLevel' has LevelScriptBlueprint '/Game/Maps/Puzzle_Island.Puzzle_Island:PersistentLevel.Puzzle_Island' with GeneratedClass '/Game/Maps/Puzzle_Island.Puzzle_Island_C' with ClassGeneratedBy '/Game/Maps/Puzzle_Island.Puzzle_Island:PersistentLevel.Puzzle_Island'
[2017.12.06-18.05.47:017][ 86]LogPlayLevel: PlayLevel: No blueprints needed recompiling
[2017.12.06-18.05.47:018][ 86]PIE: New page: PIE session: Puzzle_Island (6 Dec 2017 18:05:47)
[2017.12.06-18.05.47:018][ 86]LogPlayLevel: Creating play world package: /Game/Maps/UEDPIE_0_Puzzle_Island
[2017.12.06-18.05.47:048][ 86]LogPlayLevel: PIE: StaticDuplicateObject took: (0.029387s)
[2017.12.06-18.05.47:048][ 86]LogAIModule: Creating AISystem for world Puzzle_Island
[2017.12.06-18.05.47:048][ 86]LogPlayLevel: PIE: World Init took: (0.000651s)
[2017.12.06-18.05.47:049][ 86]LogPlayLevel: PIE: Created PIE world by copying editor world from /Game/Maps/Puzzle_Island.Puzzle_Island to /Game/Maps/UEDPIE_0_Puzzle_Island.Puzzle_Island (0.030358s)
[2017.12.06-18.05.47:071][ 86]LogInit: XAudio2 using 'Speakers (Realtek High Definition Audio)' : 2 channels at 48 kHz using 32 bits per sample (channel mask 0x3)
[2017.12.06-18.05.47:081][ 86]LogInit: FAudioDevice initialized.
[2017.12.06-18.05.47:112][ 86]LogLoad: Game class is '3D_Exploration_GameMode_C'
[2017.12.06-18.05.47:118][ 86]LogWorld: Bringing World /Game/Maps/UEDPIE_0_Puzzle_Island.Puzzle_Island up for play (max tick rate 0) at 2017.12.06-18.05.47
[2017.12.06-18.05.47:119][ 86]LogWorld: Bringing up level for play took: 0.005869
[2017.12.06-18.05.47:121][ 86]PIE: Play in editor start time for /Game/Maps/UEDPIE_0_Puzzle_Island 0.756
[2017.12.06-18.05.47:122][ 86]LogBlueprintUserMessages: Late PlayInEditor Detection: Level '/Game/Maps/Puzzle_Island.Puzzle_Island:PersistentLevel' has LevelScriptBlueprint '/Game/Maps/Puzzle_Island.Puzzle_Island:PersistentLevel.Puzzle_Island' with GeneratedClass '/Game/Maps/Puzzle_Island.Puzzle_Island_C' with ClassGeneratedBy '/Game/Maps/Puzzle_Island.Puzzle_Island:PersistentLevel.Puzzle_Island'
[2017.12.06-18.06.19:262][677]LogBlueprintUserMessages: Early EndPlayMap Detection: Level '/Game/Maps/Puzzle_Island.Puzzle_Island:PersistentLevel' has LevelScriptBlueprint '/Game/Maps/Puzzle_Island.Puzzle_Island:PersistentLevel.Puzzle_Island' with GeneratedClass '/Game/Maps/Puzzle_Island.Puzzle_Island_C' with ClassGeneratedBy '/Game/Maps/Puzzle_Island.Puzzle_Island:PersistentLevel.Puzzle_Island'
[2017.12.06-18.06.19:297][677]LogBlueprintUserMessages: Late EndPlayMap Detection: Level '/Game/Maps/Puzzle_Island.Puzzle_Island:PersistentLevel' has LevelScriptBlueprint '/Game/Maps/Puzzle_Island.Puzzle_Island:PersistentLevel.Puzzle_Island' with GeneratedClass '/Game/Maps/Puzzle_Island.Puzzle_Island_C' with ClassGeneratedBy '/Game/Maps/Puzzle_Island.Puzzle_Island:PersistentLevel.Puzzle_Island'
[2017.12.06-18.06.27:512][ 40]LogSavePackage: Save=543.18ms
[2017.12.06-18.06.27:512][ 40]LogSavePackage: Moving '../../../../../../Documents/Uni/VGD/Puzzle-Island-VGD/Puzzle_Island/Saved/Puzzle_IslandA811526041EDED79C17173AB50A23A9D.tmp' to '../../../../../../Documents/Uni/VGD/Puzzle-Island-VGD/Puzzle_Island/Content/Maps/Puzzle_Island.umap'
[2017.12.06-18.06.27:517][ 40]LogSavePackage: Display: Finished SavePackage ../../../../../../Documents/Uni/VGD/Puzzle-Island-VGD/Puzzle_Island/Content/Maps/Puzzle_Island.umap
[2017.12.06-18.06.27:592][ 40]LogFileHelpers: Saving map 'Puzzle_Island' took 0.706
[2017.12.06-18.06.27:641][ 40]Cmd: OBJ SAVEPACKAGE PACKAGE="/Game/Blueprints/ThirdPersonCharacter" FILE="../../../../../../Documents/Uni/VGD/Puzzle-Island-VGD/Puzzle_Island/Content/Blueprints/ThirdPersonCharacter.uasset" SILENT=true
[2017.12.06-18.06.27:800][ 40]LogSavePackage: Save=146.74ms
[2017.12.06-18.06.27:800][ 40]LogSavePackage: Moving '../../../../../../Documents/Uni/VGD/Puzzle-Island-VGD/Puzzle_Island/Saved/ThirdPersonCharacter3F9D81F04521416E63045A89BD54529A.tmp' to '../../../../../../Documents/Uni/VGD/Puzzle-Island-VGD/Puzzle_Island/Content/Blueprints/ThirdPersonCharacter.uasset'
[2017.12.06-18.06.27:804][ 40]LogSavePackage: Display: Finished SavePackage ../../../../../../Documents/Uni/VGD/Puzzle-Island-VGD/Puzzle_Island/Content/Blueprints/ThirdPersonCharacter.uasset
[2017.12.06-18.06.27:840][ 40]Cmd: OBJ SAVEPACKAGE PACKAGE="/Game/FBX/Character_SM" FILE="../../../../../../Documents/Uni/VGD/Puzzle-Island-VGD/Puzzle_Island/Content/FBX/Character_SM.uasset" SILENT=true
[2017.12.06-18.06.27:866][ 40]LogSavePackage: Save=17.05ms
[2017.12.06-18.06.27:866][ 40]LogSavePackage: Moving '../../../../../../Documents/Uni/VGD/Puzzle-Island-VGD/Puzzle_Island/Saved/Character_SM11467ABD4684E838F2F9F4BAEE3CC14F.tmp' to '../../../../../../Documents/Uni/VGD/Puzzle-Island-VGD/Puzzle_Island/Content/FBX/Character_SM.uasset'
[2017.12.06-18.06.27:870][ 40]LogSavePackage: Display: Finished SavePackage ../../../../../../Documents/Uni/VGD/Puzzle-Island-VGD/Puzzle_Island/Content/FBX/Character_SM.uasset
[2017.12.06-18.06.27:871][ 40]Cmd: OBJ SAVEPACKAGE PACKAGE="/Game/FBX/Character_SM_Skeleton" FILE="../../../../../../Documents/Uni/VGD/Puzzle-Island-VGD/Puzzle_Island/Content/FBX/Character_SM_Skeleton.uasset" SILENT=true
[2017.12.06-18.06.27:878][ 40]LogSavePackage: Save=5.24ms
[2017.12.06-18.06.27:878][ 40]LogSavePackage: Moving '../../../../../../Documents/Uni/VGD/Puzzle-Island-VGD/Puzzle_Island/Saved/Character_SM_SkeletonF452EE85439E958ED7EA23A318A77373.tmp' to '../../../../../../Documents/Uni/VGD/Puzzle-Island-VGD/Puzzle_Island/Content/FBX/Character_SM_Skeleton.uasset'
[2017.12.06-18.06.27:881][ 40]LogSavePackage: Display: Finished SavePackage ../../../../../../Documents/Uni/VGD/Puzzle-Island-VGD/Puzzle_Island/Content/FBX/Character_SM_Skeleton.uasset
[2017.12.06-18.06.27:882][ 40]Cmd: OBJ SAVEPACKAGE PACKAGE="/Game/FBX/Character_SM_PhysicsAsset" FILE="../../../../../../Documents/Uni/VGD/Puzzle-Island-VGD/Puzzle_Island/Content/FBX/Character_SM_PhysicsAsset.uasset" SILENT=true
[2017.12.06-18.06.27:893][ 40]LogSavePackage: Save=9.31ms
[2017.12.06-18.06.27:893][ 40]LogSavePackage: Moving '../../../../../../Documents/Uni/VGD/Puzzle-Island-VGD/Puzzle_Island/Saved/Character_SM_PhysicsAssetD778C1324942ADA30FC50FBF77A04B53.tmp' to '../../../../../../Documents/Uni/VGD/Puzzle-Island-VGD/Puzzle_Island/Content/FBX/Character_SM_PhysicsAsset.uasset'
[2017.12.06-18.06.27:896][ 40]LogSavePackage: Display: Finished SavePackage ../../../../../../Documents/Uni/VGD/Puzzle-Island-VGD/Puzzle_Island/Content/FBX/Character_SM_PhysicsAsset.uasset
[2017.12.06-18.06.27:932][ 40]Cmd: OBJ SAVEPACKAGE PACKAGE="/Game/Geometry/Meshes/CubeMaterial" FILE="../../../../../../Documents/Uni/VGD/Puzzle-Island-VGD/Puzzle_Island/Content/Geometry/Meshes/CubeMaterial.uasset" SILENT=true
[2017.12.06-18.06.27:957][ 40]LogSavePackage: Save=14.82ms
[2017.12.06-18.06.27:957][ 40]LogSavePackage: Moving '../../../../../../Documents/Uni/VGD/Puzzle-Island-VGD/Puzzle_Island/Saved/CubeMaterial6016466D40FAB351CAAAD5AF28B085EF.tmp' to '../../../../../../Documents/Uni/VGD/Puzzle-Island-VGD/Puzzle_Island/Content/Geometry/Meshes/CubeMaterial.uasset'
[2017.12.06-18.06.27:960][ 40]LogSavePackage: Display: Finished SavePackage ../../../../../../Documents/Uni/VGD/Puzzle-Island-VGD/Puzzle_Island/Content/Geometry/Meshes/CubeMaterial.uasset
[2017.12.06-18.06.36:172][519]LogWindowsTextInputMethodSystem: Display: IME system now deactivated.
[2017.12.06-18.06.36:386][520]Cmd: QUIT_EDITOR
[2017.12.06-18.06.36:547][520]LogExit: Preparing to exit.
[2017.12.06-18.06.37:224][520]LogDirectoryWatcher: A directory notification for 'D:/Documents/Uni/VGD/Puzzle-Island-VGD/Puzzle_Island/Content/' was aborted.
[2017.12.06-18.06.37:259][520]LogExit: Editor shut down
[2017.12.06-18.06.37:267][520]LogExit: Transaction tracking system shut down
[2017.12.06-18.06.37:363][520]LogDirectoryWatcher: A directory notification for '../../../Engine/Content/' was aborted.
[2017.12.06-18.06.37:363][520]LogDirectoryWatcher: A directory notification for '../../../../../../Documents/Uni/VGD/Puzzle-Island-VGD/Puzzle_Island/Content/' was aborted.
[2017.12.06-18.06.37:363][520]LogDirectoryWatcher: A directory notification for '../../../Engine/Plugins/2D/Paper2D/Content/' was aborted.
[2017.12.06-18.06.37:363][520]LogDirectoryWatcher: A directory notification for '../../../Engine/Plugins/Runtime/Oculus/OculusVR/Content/' was aborted.
[2017.12.06-18.06.37:363][520]LogDirectoryWatcher: A directory notification for '../../../Engine/Plugins/Runtime/Steam/SteamVR/Content/' was aborted.
[2017.12.06-18.06.37:443][520]LogExit: Object subsystem successfully closed.
[2017.12.06-18.06.37:459][520]LogD3D11RHI: Shutdown
[2017.12.06-18.06.37:459][520]LogD3D11RHI: CleanupD3DDevice
[2017.12.06-18.06.37:574][520]LogD3D11RHI: ~FD3D11DynamicRHI
[2017.12.06-18.06.37:590][520]LogModuleManager: Shutting down and abandoning module MovieSceneCapture (544)
[2017.12.06-18.06.37:590][520]LogModuleManager: Shutting down and abandoning module ClothingSystemEditorInterface (542)
[2017.12.06-18.06.37:590][520]LogModuleManager: Shutting down and abandoning module SkeletonEditor (540)
[2017.12.06-18.06.37:590][520]LogModuleManager: Shutting down and abandoning module SkeletalMeshEditor (538)
[2017.12.06-18.06.37:590][520]LogModuleManager: Shutting down and abandoning module BlueprintGraph (536)
[2017.12.06-18.06.37:590][520]LogModuleManager: Shutting down and abandoning module BlueprintProfiler (534)
[2017.12.06-18.06.37:595][520]LogModuleManager: Shutting down and abandoning module HierarchicalLODOutliner (532)
[2017.12.06-18.06.37:595][520]LogModuleManager: Shutting down and abandoning module SceneOutliner (530)
[2017.12.06-18.06.37:595][520]LogModuleManager: Shutting down and abandoning module AddContentDialog (528)
[2017.12.06-18.06.37:595][520]LogDirectoryWatcher: A directory notification for 'D:/Program Files/Epic Games/UE_4.17/FeaturePacks/' was aborted.
[2017.12.06-18.06.37:596][520]LogModuleManager: Shutting down and abandoning module WidgetCarousel (527)
[2017.12.06-18.06.37:596][520]LogModuleManager: Shutting down and abandoning module EditorWidgets (524)
[2017.12.06-18.06.37:596][520]LogModuleManager: Shutting down and abandoning module CollectionManager (522)
[2017.12.06-18.06.37:596][520]LogDirectoryWatcher: A directory notification for 'D:/Documents/Uni/VGD/Puzzle-Island-VGD/Puzzle_Island/Content/Collections/' was aborted.
[2017.12.06-18.06.37:596][520]LogDirectoryWatcher: A directory notification for 'D:/Documents/Uni/VGD/Puzzle-Island-VGD/Puzzle_Island/Content/Developers/James/Collections/' was aborted.
[2017.12.06-18.06.37:596][520]LogDirectoryWatcher: A directory notification for 'D:/Documents/Uni/VGD/Puzzle-Island-VGD/Puzzle_Island/Saved/Collections/' was aborted.
[2017.12.06-18.06.37:596][520]LogModuleManager: Shutting down and abandoning module StatsViewer (520)
[2017.12.06-18.06.37:596][520]LogModuleManager: Shutting down and abandoning module FoliageEdit (518)
[2017.12.06-18.06.37:596][520]LogModuleManager: Shutting down and abandoning module LandscapeEditor (516)
[2017.12.06-18.06.37:596][520]LogModuleManager: Shutting down and abandoning module MeshPaintMode (514)
[2017.12.06-18.06.37:596][520]LogModuleManager: Shutting down and abandoning module SceneDepthPickerMode (512)
[2017.12.06-18.06.37:596][520]LogModuleManager: Shutting down and abandoning module ActorPickerMode (510)
[2017.12.06-18.06.37:596][520]LogModuleManager: Shutting down and abandoning module GeometryMode (508)
[2017.12.06-18.06.37:596][520]LogModuleManager: Shutting down and abandoning module TextureAlignMode (506)
[2017.12.06-18.06.37:596][520]LogModuleManager: Shutting down and abandoning module BspMode (504)
[2017.12.06-18.06.37:596][520]LogModuleManager: Shutting down and abandoning module PIEPreviewDeviceProfileSelector (502)
[2017.12.06-18.06.37:596][520]LogModuleManager: Shutting down and abandoning module HardwareSurvey (500)
[2017.12.06-18.06.37:596][520]LogModuleManager: Shutting down and abandoning module SequenceRecorderSections (498)
[2017.12.06-18.06.37:597][520]LogModuleManager: Shutting down and abandoning module AutomationWorker (496)
[2017.12.06-18.06.37:597][520]LogModuleManager: Shutting down and abandoning module MatineeToLevelSequence (494)
[2017.12.06-18.06.37:597][520]LogModuleManager: Shutting down and abandoning module LevelSequenceEditor (492)
[2017.12.06-18.06.37:597][520]LogModuleManager: Shutting down and abandoning module PlacementMode (491)
[2017.12.06-18.06.37:597][520]LogModuleManager: Shutting down and abandoning module WmfMediaFactory (488)
[2017.12.06-18.06.37:597][520]LogModuleManager: Shutting down and abandoning module WmfMediaEditor (486)
[2017.12.06-18.06.37:597][520]LogModuleManager: Shutting down and abandoning module AvfMediaFactory (484)
[2017.12.06-18.06.37:597][520]LogModuleManager: Shutting down and abandoning module AvfMediaEditor (482)
[2017.12.06-18.06.37:597][520]LogModuleManager: Shutting down and abandoning module AndroidMediaFactory (480)
[2017.12.06-18.06.37:597][520]LogModuleManager: Shutting down and abandoning module Media (479)
[2017.12.06-18.06.37:597][520]LogModuleManager: Shutting down and abandoning module AndroidMediaEditor (476)
[2017.12.06-18.06.37:597][520]LogModuleManager: Shutting down and abandoning module CharacterAI (474)
[2017.12.06-18.06.37:597][520]LogModuleManager: Shutting down and abandoning module AudioCapture (472)
[2017.12.06-18.06.37:597][520]LogModuleManager: Shutting down and abandoning module SequenceRecorder (471)
[2017.12.06-18.06.37:597][520]LogModuleManager: Shutting down and abandoning module SmartSnapping (468)
[2017.12.06-18.06.37:597][520]LogModuleManager: Shutting down and abandoning module SessionServices (466)
[2017.12.06-18.06.37:597][520]LogModuleManager: Shutting down and abandoning module ViewportSnapping (464)
[2017.12.06-18.06.37:597][520]LogModuleManager: Shutting down and abandoning module ViewportInteraction (462)
[2017.12.06-18.06.37:597][520]LogModuleManager: Shutting down and abandoning module ClothPainter (460)
[2017.12.06-18.06.37:597][520]LogModuleManager: Shutting down and abandoning module LogVisualizer (458)
[2017.12.06-18.06.37:597][520]LogModuleManager: Shutting down and abandoning module IntroTutorials (456)
[2017.12.06-18.06.37:597][520]LogModuleManager: Shutting down and abandoning module GameProjectGeneration (455)
[2017.12.06-18.06.37:597][520]LogModuleManager: Shutting down and abandoning module IOSPlatformEditor (452)
[2017.12.06-18.06.37:597][520]LogModuleManager: Shutting down and abandoning module HTML5PlatformEditor (450)
[2017.12.06-18.06.37:597][520]LogModuleManager: Shutting down and abandoning module AndroidPlatformEditor (448)
[2017.12.06-18.06.37:597][520]LogModuleManager: Shutting down and abandoning module AndroidDeviceDetection (447)
[2017.12.06-18.06.37:621][520]LogModuleManager: Shutting down and abandoning module WindowsPlatformEditor (444)
[2017.12.06-18.06.37:621][520]LogModuleManager: Shutting down and abandoning module IOSRuntimeSettings (442)
[2017.12.06-18.06.37:621][520]LogModuleManager: Shutting down and abandoning module AndroidRuntimeSettings (440)
[2017.12.06-18.06.37:621][520]LogModuleManager: Shutting down and abandoning module InputBindingEditor (438)
[2017.12.06-18.06.37:621][520]LogModuleManager: Shutting down and abandoning module MergeActors (436)
[2017.12.06-18.06.37:621][520]LogModuleManager: Shutting down and abandoning module SizeMap (434)
[2017.12.06-18.06.37:621][520]LogModuleManager: Shutting down and abandoning module TreeMap (432)
[2017.12.06-18.06.37:621][520]LogModuleManager: Shutting down and abandoning module ReferenceViewer (430)
[2017.12.06-18.06.37:621][520]LogModuleManager: Shutting down and abandoning module LocalizationDashboard (428)
[2017.12.06-18.06.37:621][520]LogModuleManager: Shutting down and abandoning module LocalizationService (427)
[2017.12.06-18.06.37:621][520]LogModuleManager: Shutting down and abandoning module HardwareTargeting (424)
[2017.12.06-18.06.37:621][520]LogModuleManager: Shutting down and abandoning module DeviceProfileEditor (422)
[2017.12.06-18.06.37:621][520]LogModuleManager: Shutting down and abandoning module UndoHistory (420)
[2017.12.06-18.06.37:621][520]LogModuleManager: Shutting down and abandoning module XmlParser (418)
[2017.12.06-18.06.37:621][520]LogModuleManager: Shutting down and abandoning module Blutility (416)
[2017.12.06-18.06.37:621][520]LogModuleManager: Shutting down and abandoning module ProjectSettingsViewer (414)
[2017.12.06-18.06.37:621][520]LogModuleManager: Shutting down and abandoning module ProjectTargetPlatformEditor (413)
[2017.12.06-18.06.37:622][520]LogModuleManager: Shutting down and abandoning module EditorSettingsViewer (410)
[2017.12.06-18.06.37:622][520]LogModuleManager: Shutting down and abandoning module SettingsEditor (408)
[2017.12.06-18.06.37:622][520]LogModuleManager: Shutting down and abandoning module ProjectLauncher (406)
[2017.12.06-18.06.37:622][520]LogModuleManager: Shutting down and abandoning module SessionFrontend (404)
[2017.12.06-18.06.37:622][520]LogModuleManager: Shutting down and abandoning module ProfilerClient (402)
[2017.12.06-18.06.37:622][520]LogModuleManager: Shutting down and abandoning module DeviceManager (400)
[2017.12.06-18.06.37:622][520]LogModuleManager: Shutting down and abandoning module TargetDeviceServices (399)
[2017.12.06-18.06.37:674][520]LogModuleManager: Shutting down and abandoning module AutomationController (396)
[2017.12.06-18.06.37:674][520]LogModuleManager: Shutting down and abandoning module AutomationWindow (394)
[2017.12.06-18.06.37:674][520]LogModuleManager: Shutting down and abandoning module Layers (392)
[2017.12.06-18.06.37:674][520]LogModuleManager: Shutting down and abandoning module ComponentVisualizers (390)
[2017.12.06-18.06.37:674][520]LogModuleManager: Shutting down and abandoning module DetailCustomizations (388)
[2017.12.06-18.06.37:674][520]LogModuleManager: Shutting down and abandoning module PackagesDialog (386)
[2017.12.06-18.06.37:674][520]LogModuleManager: Shutting down and abandoning module Persona (384)
[2017.12.06-18.06.37:675][520]LogModuleManager: Shutting down and abandoning module AdvancedPreviewScene (383)
[2017.12.06-18.06.37:675][520]LogModuleManager: Shutting down and abandoning module AnimGraph (381)
[2017.12.06-18.06.37:675][520]LogModuleManager: Shutting down and abandoning module Kismet (378)
[2017.12.06-18.06.37:681][520]LogModuleManager: Shutting down and abandoning module ClassViewer (376)
[2017.12.06-18.06.37:682][520]LogModuleManager: Shutting down and abandoning module Toolbox (374)
[2017.12.06-18.06.37:682][520]LogModuleManager: Shutting down and abandoning module ModuleUI (372)
[2017.12.06-18.06.37:682][520]LogModuleManager: Shutting down and abandoning module MovieSceneTools (370)
[2017.12.06-18.06.37:682][520]LogModuleManager: Shutting down and abandoning module OutputLog (368)
[2017.12.06-18.06.37:682][520]LogModuleManager: Shutting down and abandoning module GammaUI (366)
[2017.12.06-18.06.37:682][520]LogModuleManager: Shutting down and abandoning module Documentation (364)
[2017.12.06-18.06.37:682][520]LogModuleManager: Shutting down and abandoning module MovieSceneTracks (362)
[2017.12.06-18.06.37:682][520]LogModuleManager: Shutting down and abandoning module MovieScene (360)
[2017.12.06-18.06.37:682][520]LogModuleManager: Shutting down and abandoning module Niagara (358)
[2017.12.06-18.06.37:682][520]LogModuleManager: Shutting down and abandoning module NiagaraEditor (357)
[2017.12.06-18.06.37:682][520]LogModuleManager: Shutting down and abandoning module StreamingPauseRendering (354)
[2017.12.06-18.06.37:682][520]LogModuleManager: Shutting down and abandoning module LauncherPlatform (352)
[2017.12.06-18.06.37:682][520]LogModuleManager: Shutting down and abandoning module AnalyticsET (350)
[2017.12.06-18.06.37:682][520]LogModuleManager: Shutting down and abandoning module PortalServices (348)
[2017.12.06-18.06.37:683][520]LogModuleManager: Shutting down and abandoning module PortalRpc (346)
[2017.12.06-18.06.37:683][520]LogModuleManager: Shutting down and abandoning module MessagingRpc (344)
[2017.12.06-18.06.37:683][520]LogModuleManager: Shutting down and abandoning module AIModule (342)
[2017.12.06-18.06.37:683][520]LogModuleManager: Shutting down and abandoning module GameplayDebugger (341)
[2017.12.06-18.06.37:683][520]LogModuleManager: Shutting down and abandoning module AITestSuite (339)
[2017.12.06-18.06.37:683][520]LogModuleManager: Shutting down and abandoning module ProfilerService (336)
[2017.12.06-18.06.37:870][520]LogModuleManager: Shutting down and abandoning module TaskGraph (334)
[2017.12.06-18.06.37:870][520]LogModuleManager: Shutting down and abandoning module SteamVRController (332)
[2017.12.06-18.06.37:871][520]LogModuleManager: Shutting down and abandoning module ProceduralMeshComponentEditor (330)
[2017.12.06-18.06.37:871][520]LogModuleManager: Shutting down and abandoning module ProceduralMeshComponent (328)
[2017.12.06-18.06.37:871][520]LogModuleManager: Shutting down and abandoning module OculusInput (326)
[2017.12.06-18.06.37:871][520]LogModuleManager: Shutting down and abandoning module MobilePatchingUtils (324)
[2017.12.06-18.06.37:871][520]LogModuleManager: Shutting down and abandoning module CustomMeshComponent (322)
[2017.12.06-18.06.37:871][520]LogModuleManager: Shutting down and abandoning module CableComponent (320)
[2017.12.06-18.06.37:871][520]LogModuleManager: Shutting down and abandoning module ArchVisCharacter (318)
[2017.12.06-18.06.37:871][520]LogModuleManager: Shutting down and abandoning module AndroidPermission (316)
[2017.12.06-18.06.37:871][520]LogModuleManager: Shutting down and abandoning module MediaPlayerEditor (312)
[2017.12.06-18.06.37:871][520]LogModuleManager: Shutting down and abandoning module HTML5Networking (310)
[2017.12.06-18.06.37:871][520]LogModuleManager: Shutting down and abandoning module AlembicImporter (308)
[2017.12.06-18.06.37:871][520]LogModuleManager: Shutting down and abandoning module AlembicLibrary (307)
[2017.12.06-18.06.37:871][520]LogModuleManager: Shutting down and abandoning module GeometryCache (306)
[2017.12.06-18.06.37:871][520]LogModuleManager: Shutting down and abandoning module GeometryCacheEd (305)
[2017.12.06-18.06.37:871][520]LogModuleManager: Shutting down and abandoning module SpeedTreeImporter (300)
[2017.12.06-18.06.37:871][520]LogModuleManager: Shutting down and abandoning module PluginBrowser (298)
[2017.12.06-18.06.37:871][520]LogModuleManager: Shutting down and abandoning module MobileLauncherProfileWizard (296)
[2017.12.06-18.06.37:871][520]LogModuleManager: Shutting down and abandoning module VisualStudioSourceCodeAccess (294)
[2017.12.06-18.06.37:871][520]LogModuleManager: Shutting down and abandoning module DesktopPlatform (293)
[2017.12.06-18.06.37:871][520]LogModuleManager: Shutting down and abandoning module UObjectPlugin (290)
[2017.12.06-18.06.37:871][520]LogModuleManager: Shutting down and abandoning module SubversionSourceControl (288)
[2017.12.06-18.06.37:871][520]LogModuleManager: Shutting down and abandoning module PerforceSourceControl (286)
[2017.12.06-18.06.37:872][520]LogModuleManager: Shutting down and abandoning module GitSourceControl (284)
[2017.12.06-18.06.37:872][520]LogModuleManager: Shutting down and abandoning module SourceControl (283)
[2017.12.06-18.06.37:872][520]LogModuleManager: Shutting down and abandoning module LightPropagationVolumeEditor (280)
[2017.12.06-18.06.37:872][520]LogModuleManager: Shutting down and abandoning module PaperTiledImporter (278)
[2017.12.06-18.06.37:872][520]LogModuleManager: Shutting down and abandoning module PaperSpriteSheetImporter (276)
[2017.12.06-18.06.37:872][520]LogModuleManager: Shutting down and abandoning module Paper2DEditor (274)
[2017.12.06-18.06.37:872][520]LogModuleManager: Shutting down and abandoning module MeshPaint (273)
[2017.12.06-18.06.37:872][520]LogModuleManager: Shutting down and abandoning module LevelEditor (271)
[2017.12.06-18.06.37:873][520]LogModuleManager: Shutting down and abandoning module PixelInspectorModule (270)
[2017.12.06-18.06.37:873][520]LogModuleManager: Shutting down and abandoning module MainFrame (268)
[2017.12.06-18.06.37:873][520]LogModuleManager: Shutting down and abandoning module HotReload (267)
[2017.12.06-18.06.37:874][520]LogDirectoryWatcher: A directory notification for 'D:/Documents/Uni/VGD/Puzzle-Island-VGD/Puzzle_Island/Binaries/Win64' was aborted.
[2017.12.06-18.06.37:874][520]LogModuleManager: Shutting down and abandoning module Puzzle_Island (262)
[2017.12.06-18.06.37:874][520]LogModuleManager: Shutting down and abandoning module RuntimePhysXCooking (260)
[2017.12.06-18.06.37:874][520]LogModuleManager: Shutting down and abandoning module PhysXVehiclesEditor (258)
[2017.12.06-18.06.37:874][520]LogModuleManager: Shutting down and abandoning module PhysXVehicles (256)
[2017.12.06-18.06.37:874][520]LogModuleManager: Shutting down and abandoning module OculusEditor (254)
[2017.12.06-18.06.37:874][520]LogModuleManager: Shutting down and abandoning module LocationServicesBPLibrary (252)
[2017.12.06-18.06.37:874][520]LogModuleManager: Shutting down and abandoning module ImmediatePhysicsEditor (250)
[2017.12.06-18.06.37:874][520]LogModuleManager: Shutting down and abandoning module ImmediatePhysics (248)
[2017.12.06-18.06.37:874][520]LogModuleManager: Shutting down and abandoning module UdpMessaging (246)
[2017.12.06-18.06.37:975][520]LogModuleManager: Shutting down and abandoning module TcpMessaging (244)
[2017.12.06-18.06.38:076][520]LogModuleManager: Shutting down and abandoning module GameplayTagsEditor (242)
[2017.12.06-18.06.38:076][520]LogModuleManager: Shutting down and abandoning module FacialAnimationEditor (240)
[2017.12.06-18.06.38:076][520]LogModuleManager: Shutting down and abandoning module FacialAnimation (238)
[2017.12.06-18.06.38:076][520]LogModuleManager: Shutting down and abandoning module AssetManagerEditor (236)
[2017.12.06-18.06.38:076][520]LogModuleManager: Shutting down and abandoning module GraphEditor (235)
[2017.12.06-18.06.38:076][520]LogModuleManager: Shutting down and abandoning module ContentBrowser (233)
[2017.12.06-18.06.38:079][520]LogModuleManager: Shutting down and abandoning module LightPropagationVolumeRuntime (230)
[2017.12.06-18.06.38:080][520]LogModuleManager: Shutting down and abandoning module Paper2D (228)
[2017.12.06-18.06.38:080][520]LogModuleManager: Shutting down and abandoning module WindowsMoviePlayer (226)
[2017.12.06-18.06.38:080][520]LogModuleManager: Shutting down and abandoning module WmfMedia (224)
[2017.12.06-18.06.38:080][520]LogModuleManager: Shutting down and abandoning module PacketHandler (222)
[2017.12.06-18.06.38:080][520]LogModuleManager: Shutting down and abandoning module ClothingSystemEditor (220)
[2017.12.06-18.06.38:080][520]LogModuleManager: Shutting down and abandoning module ClothingSystemRuntime (218)
[2017.12.06-18.06.38:080][520]LogModuleManager: Shutting down and abandoning module Overlay (216)
[2017.12.06-18.06.38:080][520]LogModuleManager: Shutting down and abandoning module OverlayEditor (215)
[2017.12.06-18.06.38:081][520]LogModuleManager: Shutting down and abandoning module MediaAssets (212)
[2017.12.06-18.06.38:081][520]LogModuleManager: Shutting down and abandoning module VREditor (210)
[2017.12.06-18.06.38:081][520]LogModuleManager: Shutting down and abandoning module StringTableEditor (208)
[2017.12.06-18.06.38:081][520]LogModuleManager: Shutting down and abandoning module GameplayTasksEditor (206)
[2017.12.06-18.06.38:081][520]LogModuleManager: Shutting down and abandoning module BehaviorTreeEditor (204)
[2017.12.06-18.06.38:081][520]LogModuleManager: Shutting down and abandoning module FunctionalTesting (202)
[2017.12.06-18.06.38:081][520]LogModuleManager: Shutting down and abandoning module CollisionAnalyzer (200)
[2017.12.06-18.06.38:081][520]LogModuleManager: Shutting down and abandoning module WorkspaceMenuStructure (199)
[2017.12.06-18.06.38:081][520]LogModuleManager: Shutting down and abandoning module UMG (196)
[2017.12.06-18.06.38:081][520]LogModuleManager: Shutting down and abandoning module UMGEditor (195)
[2017.12.06-18.06.38:081][520]LogModuleManager: Shutting down and abandoning module Sequencer (194)
[2017.12.06-18.06.38:082][520]LogModuleManager: Shutting down and abandoning module MessageLog (191)
[2017.12.06-18.06.38:082][520]LogModuleManager: Shutting down and abandoning module SlateReflector (186)
[2017.12.06-18.06.38:082][520]LogModuleManager: Shutting down and abandoning module Slate (184)
[2017.12.06-18.06.38:082][520]LogModuleManager: Shutting down and abandoning module EditorStyle (182)
[2017.12.06-18.06.38:089][520]LogModuleManager: Shutting down and abandoning module MRMesh (180)
[2017.12.06-18.06.38:089][520]LogModuleManager: Shutting down and abandoning module SourceCodeAccess (178)
[2017.12.06-18.06.38:089][520]LogModuleManager: Shutting down and abandoning module HeadMountedDisplay (176)
[2017.12.06-18.06.38:089][520]LogModuleManager: Shutting down and abandoning module XAudio2 (174)
[2017.12.06-18.06.38:089][520]LogModuleManager: Shutting down and abandoning module Networking (172)
[2017.12.06-18.06.38:089][520]LogModuleManager: Shutting down and abandoning module Core (168)
[2017.12.06-18.06.38:089][520]LogModuleManager: Shutting down and abandoning module KismetCompiler (164)
[2017.12.06-18.06.38:089][520]LogModuleManager: Shutting down and abandoning module LevelSequence (162)
[2017.12.06-18.06.38:090][520]LogModuleManager: Shutting down and abandoning module MeshUtilities (160)
[2017.12.06-18.06.38:090][520]LogModuleManager: Shutting down and abandoning module MeshMergeUtilities (159)
[2017.12.06-18.06.38:090][520]LogModuleManager: Shutting down and abandoning module MeshReductionInterface (158)
[2017.12.06-18.06.38:090][520]LogModuleManager: Shutting down and abandoning module SimplygonSwarm (157)
[2017.12.06-18.06.38:090][520]LogModuleManager: Shutting down and abandoning module SimplygonMeshReduction (155)
[2017.12.06-18.06.38:090][520]LogModuleManager: Shutting down and abandoning module QuadricMeshReduction (153)
[2017.12.06-18.06.38:090][520]LogModuleManager: Shutting down and abandoning module MaterialBaking (149)
[2017.12.06-18.06.38:090][520]LogModuleManager: Shutting down and abandoning module DirectoryWatcher (146)
[2017.12.06-18.06.38:094][520]LogModuleManager: Shutting down and abandoning module DerivedDataCache (144)
[2017.12.06-18.06.38:128][520]LogDerivedDataCache: Shutdown
[2017.12.06-18.06.38:128][520]LogModuleManager: Shutting down and abandoning module TargetPlatform (142)
[2017.12.06-18.06.38:128][520]LogModuleManager: Shutting down and abandoning module VulkanShaderFormat (141)
[2017.12.06-18.06.38:128][520]LogModuleManager: Shutting down and abandoning module ShaderFormatVectorVM (139)
[2017.12.06-18.06.38:128][520]LogModuleManager: Shutting down and abandoning module ShaderFormatOpenGL (137)
[2017.12.06-18.06.38:128][520]LogModuleManager: Shutting down and abandoning module ShaderFormatD3D (135)
[2017.12.06-18.06.38:129][520]LogModuleManager: Shutting down and abandoning module MetalShaderFormat (133)
[2017.12.06-18.06.38:129][520]LogModuleManager: Shutting down and abandoning module TextureFormatUncompressed (131)
[2017.12.06-18.06.38:129][520]LogModuleManager: Shutting down and abandoning module TextureFormatPVR (129)
[2017.12.06-18.06.38:129][520]LogModuleManager: Shutting down and abandoning module TextureFormatDXT (127)
[2017.12.06-18.06.38:129][520]LogModuleManager: Shutting down and abandoning module TextureFormatIntelISPCTexComp (125)
[2017.12.06-18.06.38:129][520]LogModuleManager: Shutting down and abandoning module TextureFormatASTC (123)
[2017.12.06-18.06.38:129][520]LogModuleManager: Shutting down and abandoning module ImageWrapper (122)
[2017.12.06-18.06.38:129][520]LogModuleManager: Shutting down and abandoning module TextureFormatAndroid (119)
[2017.12.06-18.06.38:130][520]LogModuleManager: Shutting down and abandoning module AudioFormatOpus (117)
[2017.12.06-18.06.38:130][520]LogModuleManager: Shutting down and abandoning module AudioFormatOgg (115)
[2017.12.06-18.06.38:130][520]LogModuleManager: Shutting down and abandoning module AudioFormatADPCM (113)
[2017.12.06-18.06.38:130][520]LogModuleManager: Shutting down and abandoning module LinuxTargetPlatform (111)
[2017.12.06-18.06.38:130][520]LogModuleManager: Shutting down and abandoning module LinuxServerTargetPlatform (109)
[2017.12.06-18.06.38:130][520]LogModuleManager: Shutting down and abandoning module LinuxNoEditorTargetPlatform (107)
[2017.12.06-18.06.38:130][520]LogModuleManager: Shutting down and abandoning module LinuxClientTargetPlatform (105)
[2017.12.06-18.06.38:130][520]LogModuleManager: Shutting down and abandoning module TVOSTargetPlatform (103)
[2017.12.06-18.06.38:130][520]LogModuleManager: Shutting down and abandoning module Messaging (101)
[2017.12.06-18.06.38:130][520]LogModuleManager: Shutting down and abandoning module IOSTargetPlatform (99)
[2017.12.06-18.06.38:130][520]LogModuleManager: Shutting down and abandoning module HTML5TargetPlatform (97)
[2017.12.06-18.06.38:130][520]LogModuleManager: Shutting down and abandoning module Android_PVRTCTargetPlatform (95)
[2017.12.06-18.06.38:130][520]LogModuleManager: Shutting down and abandoning module Android_MultiTargetPlatform (93)
[2017.12.06-18.06.38:130][520]LogModuleManager: Shutting down and abandoning module Android_ETC2TargetPlatform (91)
[2017.12.06-18.06.38:130][520]LogModuleManager: Shutting down and abandoning module Android_ETC1TargetPlatform (89)
[2017.12.06-18.06.38:130][520]LogModuleManager: Shutting down and abandoning module Android_DXTTargetPlatform (87)
[2017.12.06-18.06.38:130][520]LogModuleManager: Shutting down and abandoning module Android_ATCTargetPlatform (85)
[2017.12.06-18.06.38:130][520]LogModuleManager: Shutting down and abandoning module Android_ASTCTargetPlatform (83)
[2017.12.06-18.06.38:131][520]LogModuleManager: Shutting down and abandoning module AndroidTargetPlatform (81)
[2017.12.06-18.06.38:131][520]LogModuleManager: Shutting down and abandoning module WindowsTargetPlatform (79)
[2017.12.06-18.06.38:131][520]LogModuleManager: Shutting down and abandoning module WindowsServerTargetPlatform (77)
[2017.12.06-18.06.38:131][520]LogModuleManager: Shutting down and abandoning module WindowsNoEditorTargetPlatform (75)
[2017.12.06-18.06.38:131][520]LogModuleManager: Shutting down and abandoning module WindowsClientTargetPlatform (73)
[2017.12.06-18.06.38:131][520]LogModuleManager: Shutting down and abandoning module MacTargetPlatform (71)
[2017.12.06-18.06.38:131][520]LogModuleManager: Shutting down and abandoning module MacServerTargetPlatform (69)
[2017.12.06-18.06.38:131][520]LogModuleManager: Shutting down and abandoning module MacNoEditorTargetPlatform (67)
[2017.12.06-18.06.38:131][520]LogModuleManager: Shutting down and abandoning module MacClientTargetPlatform (65)
[2017.12.06-18.06.38:131][520]LogModuleManager: Shutting down and abandoning module AllDesktopTargetPlatform (63)
[2017.12.06-18.06.38:131][520]LogModuleManager: Shutting down and abandoning module InputCore (60)
[2017.12.06-18.06.38:131][520]LogModuleManager: Shutting down and abandoning module Settings (58)
[2017.12.06-18.06.38:131][520]LogModuleManager: Shutting down and abandoning module PhysXCooking (56)
[2017.12.06-18.06.38:131][520]LogModuleManager: Shutting down and abandoning module SteamVR (54)
[2017.12.06-18.06.38:132][520]LogModuleManager: Shutting down and abandoning module OculusHMD (52)
[2017.12.06-18.06.38:132][520]LogModuleManager: Shutting down and abandoning module ExampleDeviceProfileSelector (50)
[2017.12.06-18.06.38:132][520]LogModuleManager: Shutting down and abandoning module OnlineBlueprintSupport (48)
[2017.12.06-18.06.38:132][520]LogModuleManager: Shutting down and abandoning module OnlineSubsystem (44)
[2017.12.06-18.06.38:132][520]LogOnline: Display: Unloading online subsystem: NULL
[2017.12.06-18.06.38:132][520]LogModuleManager: Shutting down and abandoning module XMPP (43)
[2017.12.06-18.06.38:132][520]LogModuleManager: Shutting down and abandoning module HTTP (41)
[2017.12.06-18.06.38:132][520]LogHttp: Display: Http module shutting down, but needs to wait on 1 outstanding Http requests:
[2017.12.06-18.06.38:132][520]LogHttp: Display: 	verb=[POST] url=[https://datarouter.ol.epicgames.com/datarouter/api/v1/public/data?SessionID=%7B93392257-4CBE-EECE-DE3A-9884212514DD%7D&AppID=UEEditor.Rocket.Release&AppVersion=4.17.2-3658906%2B%2B%2BUE4%2BRelease-4.17&UserID=5af76ab743f8e4bde41cea986150be9d%7C11f1a39b465940bea4ddb0229619e8bc%7Ce37f163a-0c47-4d7a-a884-3eb831fb3649&AppEnvironment=datacollector-binary&UploadType=eteventstream] status=Processing
[2017.12.06-18.06.38:161][520]LogModuleManager: Shutting down and abandoning module SSL (40)
[2017.12.06-18.06.38:164][520]LogModuleManager: Shutting down and abandoning module AnimationModifiers (36)
[2017.12.06-18.06.38:164][520]LogModuleManager: Shutting down and abandoning module PropertyEditor (35)
[2017.12.06-18.06.38:164][520]LogModuleManager: Shutting down and abandoning module AudioEditor (32)
[2017.12.06-18.06.38:164][520]LogModuleManager: Shutting down and abandoning module TextureCompressor (30)
[2017.12.06-18.06.38:164][520]LogModuleManager: Shutting down and abandoning module ShaderCore (28)
[2017.12.06-18.06.38:164][520]LogModuleManager: Shutting down and abandoning module Landscape (26)
[2017.12.06-18.06.38:164][520]LogModuleManager: Shutting down and abandoning module SlateRHIRenderer (24)
[2017.12.06-18.06.38:165][520]LogModuleManager: Shutting down and abandoning module OpenGLDrv (22)
[2017.12.06-18.06.38:166][520]LogModuleManager: Shutting down and abandoning module D3D11RHI (20)
[2017.12.06-18.06.38:166][520]LogModuleManager: Shutting down and abandoning module AnimGraphRuntime (18)
[2017.12.06-18.06.38:166][520]LogModuleManager: Shutting down and abandoning module Renderer (16)
[2017.12.06-18.06.38:166][520]LogModuleManager: Shutting down and abandoning module Engine (14)
[2017.12.06-18.06.38:166][520]LogModuleManager: Shutting down and abandoning module CoreUObject (12)
[2017.12.06-18.06.38:166][520]LogModuleManager: Shutting down and abandoning module NetworkFile (10)
[2017.12.06-18.06.38:166][520]LogModuleManager: Shutting down and abandoning module CookedIterativeFile (8)
[2017.12.06-18.06.38:166][520]LogModuleManager: Shutting down and abandoning module StreamingFile (6)
[2017.12.06-18.06.38:166][520]LogModuleManager: Shutting down and abandoning module SandboxFile (4)
[2017.12.06-18.06.38:166][520]LogModuleManager: Shutting down and abandoning module PakFile (2)
[2017.12.06-18.06.38:170][520]LogExit: Exiting.
[2017.12.06-18.06.38:221][520]Log file closed, 12/06/17 18:06:38
