Log file open, 12/05/17 21:14:44
LogWindows: Failed to load 'aqProf.dll' (GetLastError=126)
LogWindows: File 'aqProf.dll' does not exist
LogWindows: Failed to load 'VtuneApi.dll' (GetLastError=126)
LogWindows: File 'VtuneApi.dll' does not exist
LogWindows: Failed to load 'VtuneApi32e.dll' (GetLastError=126)
LogWindows: File 'VtuneApi32e.dll' does not exist
LogInit: Display: Running engine for game: Puzzle_Island
LogPlatformFile: Not using cached read wrapper
LogInit: Display: RandInit(-54397903) SRandInit(-54397902).
LogTaskGraph: Started task graph with 5 named threads and 14 total threads with 3 sets of task threads.
LogStats: Stats thread started at 0.181936
LogD3D11RHI: Aftermath initialized
LogPluginManager: Mounting plugin Paper2D
LogPluginManager: Mounting plugin LightPropagationVolume
LogPluginManager: Mounting plugin CodeLiteSourceCodeAccess
LogPluginManager: Mounting plugin GitSourceControl
LogPluginManager: Mounting plugin KDevelopSourceCodeAccess
LogPluginManager: Mounting plugin NullSourceCodeAccess
LogPluginManager: Mounting plugin PerforceSourceControl
LogPluginManager: Mounting plugin SubversionSourceControl
LogPluginManager: Mounting plugin UObjectPlugin
LogPluginManager: Mounting plugin VisualStudioSourceCodeAccess
LogPluginManager: Mounting plugin XCodeSourceCodeAccess
LogPluginManager: Mounting plugin AssetManagerEditor
LogPluginManager: Mounting plugin AudioCapture
LogPluginManager: Mounting plugin FacialAnimation
LogPluginManager: Mounting plugin GameplayTagsEditor
LogPluginManager: Mounting plugin MobileLauncherProfileWizard
LogPluginManager: Mounting plugin PluginBrowser
LogPluginManager: Mounting plugin SpeedTreeImporter
LogPluginManager: Mounting plugin AlembicImporter
LogPluginManager: Mounting plugin CharacterAI
LogPluginManager: Mounting plugin HTML5Networking
LogPluginManager: Mounting plugin AndroidMedia
LogPluginManager: Mounting plugin AvfMedia
LogPluginManager: Mounting plugin MediaPlayerEditor
LogPluginManager: Mounting plugin WmfMedia
LogPluginManager: Mounting plugin TcpMessaging
LogPluginManager: Mounting plugin UdpMessaging
LogPluginManager: Mounting plugin LevelSequenceEditor
LogPluginManager: Mounting plugin MatineeToLevelSequence
LogPluginManager: Mounting plugin OnlineSubsystemGooglePlay
LogPluginManager: Mounting plugin OnlineSubsystemIOS
LogPluginManager: Mounting plugin OnlineSubsystem
LogPluginManager: Mounting plugin OnlineSubsystemNull
LogPluginManager: Mounting plugin OnlineSubsystemUtils
LogPluginManager: Mounting plugin AndroidDeviceProfileSelector
LogPluginManager: Mounting plugin AndroidMoviePlayer
LogPluginManager: Mounting plugin AndroidPermission
LogPluginManager: Mounting plugin AppleMoviePlayer
LogPluginManager: Mounting plugin ArchVisCharacter
LogPluginManager: Mounting plugin CableComponent
LogPluginManager: Mounting plugin CustomMeshComponent
LogPluginManager: Mounting plugin ExampleDeviceProfileSelector
LogPluginManager: Mounting plugin GoogleCloudMessaging
LogPluginManager: Mounting plugin ImmediatePhysics
LogPluginManager: Mounting plugin IOSDeviceProfileSelector
LogPluginManager: Mounting plugin LinuxDeviceProfileSelector
LogPluginManager: Mounting plugin LocationServicesBPLibrary
LogPluginManager: Mounting plugin MobilePatchingUtils
LogPluginManager: Mounting plugin OculusVR
LogPluginManager: Mounting plugin PhysXVehicles
LogPluginManager: Mounting plugin ProceduralMeshComponent
LogPluginManager: Mounting plugin RuntimePhysXCooking
LogPluginManager: Mounting plugin SteamVR
LogPluginManager: Mounting plugin WindowsMoviePlayer
LogInit: Using libcurl 7.47.1
LogInit:  - built for x86_64-pc-win32
LogInit:  - supports SSL with OpenSSL/1.0.2g
LogInit:  - supports HTTP deflate (compression) using libz 1.2.8
LogInit:  - other features:
LogInit:      CURL_VERSION_SSL
LogInit:      CURL_VERSION_LIBZ
LogInit:      CURL_VERSION_IPV6
LogInit:      CURL_VERSION_ASYNCHDNS
LogInit:      CURL_VERSION_LARGEFILE
LogInit:      CURL_VERSION_IDN
LogInit:  CurlRequestOptions (configurable via config and command line):
LogInit:  - bVerifyPeer = false  - Libcurl will NOT verify peer certificate
LogInit:  - bUseHttpProxy = false  - Libcurl will NOT use HTTP proxy
LogInit:  - bDontReuseConnections = false  - Libcurl will reuse connections
LogInit:  - CertBundlePath = nullptr  - Libcurl will use whatever was configured at build time.
LogInit: Build: ++UE4+Release-4.17-CL-3658906
LogInit: Engine Version: 4.17.2-3658906+++UE4+Release-4.17
LogInit: Compatible Engine Version: 4.17.0-3573198+++UE4+Release-4.17
LogInit: Net CL: 3573198
LogDevObjectVersion: Number of dev versions registered: 16
LogDevObjectVersion:   Dev-Blueprints (B0D832E4-1F89-4F0D-ACCF-7EB736FD4AA2): 10
LogDevObjectVersion:   Dev-Build (E1C64328-A22C-4D53-A36C-8E866417BD8C): 0
LogDevObjectVersion:   Dev-Core (375EC13C-06E4-48FB-B500-84F0262A717E): 2
LogDevObjectVersion:   Dev-Editor (E4B068ED-F494-42E9-A231-DA0B2E46BB41): 20
LogDevObjectVersion:   Dev-Framework (CFFC743F-43B0-4480-9391-14DF171D2073): 28
LogDevObjectVersion:   Dev-Mobile (B02B49B5-BB20-44E9-A304-32B752E40360): 0
LogDevObjectVersion:   Dev-Networking (A4E4105C-59A1-49B5-A7C5-40C4547EDFEE): 0
LogDevObjectVersion:   Dev-Online (39C831C9-5AE6-47DC-9A44-9C173E1C8E7C): 0
LogDevObjectVersion:   Dev-Physics (78F01B33-EBEA-4F98-B9B4-84EACCB95AA2): 0
LogDevObjectVersion:   Dev-Platform (6631380F-2D4D-43E0-8009-CF276956A95A): 0
LogDevObjectVersion:   Dev-Rendering (12F88B9F-8875-4AFC-A67C-D90C383ABD29): 19
LogDevObjectVersion:   Dev-Sequencer (7B5AE74C-D270-4C10-A958-57980B212A5A): 4
LogDevObjectVersion:   Dev-VR (D7296918-1DD6-4BDD-9DE2-64A83CC13884): 0
LogDevObjectVersion:   Dev-LoadTimes (C2A15278-BFE7-4AFE-6C17-90FF531DF755): 1
LogDevObjectVersion:   Private-Geometry (6EACA3D4-40EC-4CC1-B786-8BED09428FC5): 1
LogDevObjectVersion:   Dev-AnimPhys (29E575DD-E0A3-4627-9D10-D276232CDCEA): 7
LogInit: Compiled (64-bit): Sep 22 2017 13:47:16
LogInit: Compiled with Visual C++: 19.00.24215.01
LogInit: Build Configuration: Development
LogInit: Branch Name: ++UE4+Release-4.17
LogInit: Command line:  
LogInit: Base directory: C:/Program Files/Epic Games/UE_4.17/Engine/Binaries/Win64/
LogInit: Installed Engine Build: 1
LogInit: Presizing for max 8388607 objects, including 0 objects not considered by GC, pre-allocating 0 bytes for permanent pool.
LogInit: Object subsystem initialized
[2017.12.05-21.14.46:626][  0]LogInit: Selected Device Profile: [Windows]
[2017.12.05-21.14.46:626][  0]LogInit: Applying CVar settings loaded from the selected device profile: [Windows]
[2017.12.05-21.14.46:639][  0]LogInit: Computer: JAKUBSIEWNIAK
[2017.12.05-21.14.46:639][  0]LogInit: User: Jakub
[2017.12.05-21.14.46:639][  0]LogInit: CPU Page size=4096, Cores=4
[2017.12.05-21.14.46:639][  0]LogInit: High frequency timer resolution =2.435765 MHz
[2017.12.05-21.14.46:639][  0]LogMemory: Memory total: Physical=31.9GB (32GB approx)
[2017.12.05-21.14.46:639][  0]LogMemory: Platform Memory Stats for Windows
[2017.12.05-21.14.46:639][  0]LogMemory: Process Physical Memory: 282.33 MB used, 282.33 MB peak
[2017.12.05-21.14.46:639][  0]LogMemory: Process Virtual Memory: 278.55 MB used, 278.55 MB peak
[2017.12.05-21.14.46:639][  0]LogMemory: Physical Memory: 6612.68 MB used,  26071.75 MB free, 32684.42 MB total
[2017.12.05-21.14.46:639][  0]LogMemory: Virtual Memory: 697.17 MB used,  26071.75 MB free, 134217728.00 MB total
[2017.12.05-21.14.47:495][  0]LogInit: Using OS detected language (en-GB).
[2017.12.05-21.14.47:495][  0]LogInit: Using OS detected locale (en-GB).
[2017.12.05-21.14.47:499][  0]LogTextLocalizationManager: No specific localization for 'en-GB' exists, so the 'en' localization will be used.
[2017.12.05-21.14.48:402][  0]LogD3D11RHI: D3D11 adapters:
[2017.12.05-21.14.48:466][  0]LogD3D11RHI:    0. 'NVIDIA GeForce GTX 880M' (Feature Level 11_0)
[2017.12.05-21.14.48:466][  0]LogD3D11RHI:       8154/0/16342 MB DedicatedVideo/DedicatedSystem/SharedSystem, Outputs:1, VendorId:0x10de
[2017.12.05-21.14.48:472][  0]LogD3D11RHI:    1. 'Intel(R) HD Graphics 4600' (Feature Level 11_0)
[2017.12.05-21.14.48:472][  0]LogD3D11RHI:       112/0/2048 MB DedicatedVideo/DedicatedSystem/SharedSystem, Outputs:0, VendorId:0x8086
[2017.12.05-21.14.48:475][  0]LogD3D11RHI:    2. 'Microsoft Basic Render Driver' (Feature Level 11_0)
[2017.12.05-21.14.48:475][  0]LogD3D11RHI:       0/0/16342 MB DedicatedVideo/DedicatedSystem/SharedSystem, Outputs:0, VendorId:0x1414
[2017.12.05-21.14.48:475][  0]LogD3D11RHI: Chosen D3D11 Adapter: 0
[2017.12.05-21.14.48:481][  0]LogD3D11RHI: Creating new Direct3DDevice
[2017.12.05-21.14.48:482][  0]LogD3D11RHI:     GPU DeviceId: 0x1198 (for the marketing name, search the web for "GPU Device Id")
[2017.12.05-21.14.48:482][  0]LogWindows: EnumDisplayDevices:
[2017.12.05-21.14.48:482][  0]LogWindows:    0. 'Intel(R) HD Graphics 4600' (P:1 D:1)
[2017.12.05-21.14.48:482][  0]LogWindows:    1. 'Intel(R) HD Graphics 4600' (P:0 D:0)
[2017.12.05-21.14.48:482][  0]LogWindows:    2. 'Intel(R) HD Graphics 4600' (P:0 D:0)
[2017.12.05-21.14.48:482][  0]LogWindows: DebugString: GetVideoDriverDetailsInvalid PrimaryIsNotTheChoosenAdapter GetVideoDriverDetailsInvalid PrimaryIsNotTheChoosenAdapter GetVideoDriverDetailsInvalid PrimaryIsNotTheChoosenAdapter FoundDriverCount:0 
[2017.12.05-21.14.48:482][  0]LogD3D11RHI:     Adapter Name: NVIDIA GeForce GTX 880M
[2017.12.05-21.14.48:482][  0]LogD3D11RHI:   Driver Version: Unknown (internal:Unknown, unified:Unknown)
[2017.12.05-21.14.48:482][  0]LogD3D11RHI:      Driver Date: Unknown
[2017.12.05-21.14.48:482][  0]LogRHI: Texture pool is 1361 MB (70% of 1945 MB)
[2017.12.05-21.14.48:524][  0]LogD3D11RHI: Async texture creation enabled
[2017.12.05-21.14.48:539][  0]LogD3D11RHI: GPU Timing Frequency: 1000.000000 (Debug: 2 1)
[2017.12.05-21.14.48:540][  0]LogShaderCompilers: Guid format shader working directory is -20 characters bigger than the processId version (D:/Education/Uniwersytet/Year3/VGD/Puzzle-Island-VGD/Puzzle_Island/Intermediate/Shaders/WorkingDirectory/8096/).
[2017.12.05-21.14.48:541][  0]LogShaderCompilers: Cleaned the shader compiler working directory 'C:/Users/Jakub/AppData/Local/Temp/UnrealShaderWorkingDir/5D69FFB84CDAD3B233C6A68966CAE469/'.
[2017.12.05-21.14.48:541][  0]LogShaderCompilers: Display: Using Local Shader Compiler.
[2017.12.05-21.14.49:768][  0]LogTemp: Display: Loaded TP AllDesktopTargetPlatform
[2017.12.05-21.14.49:844][  0]LogTemp: Display: Loaded TP MacClientTargetPlatform
[2017.12.05-21.14.49:930][  0]LogTemp: Display: Loaded TP MacNoEditorTargetPlatform
[2017.12.05-21.14.50:008][  0]LogTemp: Display: Loaded TP MacServerTargetPlatform
[2017.12.05-21.14.50:081][  0]LogTemp: Display: Loaded TP MacTargetPlatform
[2017.12.05-21.14.50:155][  0]LogTemp: Display: Loaded TP WindowsClientTargetPlatform
[2017.12.05-21.14.50:233][  0]LogTemp: Display: Loaded TP WindowsNoEditorTargetPlatform
[2017.12.05-21.14.50:308][  0]LogTemp: Display: Loaded TP WindowsServerTargetPlatform
[2017.12.05-21.14.50:380][  0]LogTemp: Display: Loaded TP WindowsTargetPlatform
[2017.12.05-21.14.50:460][  0]LogTemp: Display: Loaded TP AndroidTargetPlatform
[2017.12.05-21.14.50:536][  0]LogTemp: Display: Loaded TP Android_ASTCTargetPlatform
[2017.12.05-21.14.50:607][  0]LogTemp: Display: Loaded TP Android_ATCTargetPlatform
[2017.12.05-21.14.50:684][  0]LogTemp: Display: Loaded TP Android_DXTTargetPlatform
[2017.12.05-21.14.50:758][  0]LogTemp: Display: Loaded TP Android_ETC1TargetPlatform
[2017.12.05-21.14.50:831][  0]LogTemp: Display: Loaded TP Android_ETC2TargetPlatform
[2017.12.05-21.14.50:989][  0]LogTemp: Display: Loaded TP Android_MultiTargetPlatform
[2017.12.05-21.14.50:990][  0]LogTemp: Display: Loaded TP Android_PVRTCTargetPlatform
[2017.12.05-21.14.51:057][  0]LogTemp: Display: Loaded TP HTML5TargetPlatform
[2017.12.05-21.14.51:179][  0]LogTemp: Display: Loaded TP IOSTargetPlatform
[2017.12.05-21.14.51:214][  0]LogTemp: Display: Loaded TP TVOSTargetPlatform
[2017.12.05-21.14.51:283][  0]LogTemp: Display: Loaded TP LinuxClientTargetPlatform
[2017.12.05-21.14.51:359][  0]LogTemp: Display: Loaded TP LinuxNoEditorTargetPlatform
[2017.12.05-21.14.51:430][  0]LogTemp: Display: Loaded TP LinuxServerTargetPlatform
[2017.12.05-21.14.51:510][  0]LogTemp: Display: Loaded TP LinuxTargetPlatform
[2017.12.05-21.14.51:510][  0]LogTargetPlatformManager: Display: Building Assets For Windows
[2017.12.05-21.14.52:213][  0]LogDerivedDataCache: Display: Max Cache Size: 512 MB
[2017.12.05-21.14.52:300][  0]LogDerivedDataCache: Loaded boot cache 0.09s 100MB C:/Users/Jakub/AppData/Local/UnrealEngine/4.17/DerivedDataCache/Boot.ddc.
[2017.12.05-21.14.52:300][  0]LogDerivedDataCache: Display: Loaded Boot cache: C:/Users/Jakub/AppData/Local/UnrealEngine/4.17/DerivedDataCache/Boot.ddc
[2017.12.05-21.14.52:300][  0]LogDerivedDataCache: FDerivedDataBackendGraph:  Pak pak cache file D:/Education/Uniwersytet/Year3/VGD/Puzzle-Island-VGD/Puzzle_Island/DerivedDataCache/DDC.ddp not found, will not use a pak cache.
[2017.12.05-21.14.52:300][  0]LogDerivedDataCache: Unable to find inner node Pak for hierarchical cache Hierarchy.
[2017.12.05-21.14.52:300][  0]LogDerivedDataCache: FDerivedDataBackendGraph:  CompressedPak pak cache file D:/Education/Uniwersytet/Year3/VGD/Puzzle-Island-VGD/Puzzle_Island/DerivedDataCache/Compressed.ddp not found, will not use a pak cache.
[2017.12.05-21.14.52:300][  0]LogDerivedDataCache: Unable to find inner node CompressedPak for hierarchical cache Hierarchy.
[2017.12.05-21.14.52:318][  0]LogDerivedDataCache: Display: Pak cache opened for reading ../../../Engine/DerivedDataCache/Compressed.ddp.
[2017.12.05-21.14.52:332][  0]LogDerivedDataCache: Using Local data cache path C:/Users/Jakub/AppData/Local/UnrealEngine/Common/DerivedDataCache: Writable
[2017.12.05-21.14.52:343][  0]LogMaterial: Verifying Global Shaders for PCD3D_SM5
[2017.12.05-21.14.52:343][  0]LogSlate: Using Freetype 2.6.0
[2017.12.05-21.14.52:344][  0]LogSlate: SlateFontCache - WITH_FREETYPE: 1, WITH_HARFBUZZ: 1
[2017.12.05-21.14.52:344][  0]LogSlate: SlateFontCache - WITH_FREETYPE: 1, WITH_HARFBUZZ: 1
[2017.12.05-21.14.52:677][  0]LogAssetRegistry: FAssetRegistry took 0.0264 seconds to start up
[2017.12.05-21.14.52:831][  0]LogInit: Selected Device Profile: [Windows]
[2017.12.05-21.14.53:042][  0]LogContentStreaming: Texture pool size is 0.00 MB
[2017.12.05-21.14.53:578][  0]LogSimplygon: Simplygon DLL not present - disabling.
[2017.12.05-21.14.53:663][  0]LogMeshReduction: Using SimplygonSwarm for distributed automatic mesh merging
[2017.12.05-21.14.53:663][  0]LogMeshReduction: Using QuadricMeshReduction for automatic static mesh reduction
[2017.12.05-21.14.53:663][  0]LogMeshReduction: No automatic skeletal mesh reduction module available
[2017.12.05-21.14.53:663][  0]LogMeshReduction: No automatic mesh merging module available
[2017.12.05-21.14.53:663][  0]LogMeshMerging: No automatic mesh merging module available
[2017.12.05-21.14.54:125][  0]LogNetVersion: Puzzle_Island , NetCL: 3573198, EngineNetVer: 2, GameNetVer: 0 (Checksum: 3939646741)
[2017.12.05-21.14.54:424][  0]LogPackageLocalizationCache: Processed 5 localized package path(s) for 2 prioritized culture(s) in 0.066215 seconds
[2017.12.05-21.14.54:432][  0]LogUObjectArray: 35825 objects as part of root set at end of initial load.
[2017.12.05-21.14.54:432][  0]LogUObjectAllocator: 7529112 out of 0 bytes used by permanent object pool.
[2017.12.05-21.14.54:432][  0]LogUObjectArray: CloseDisregardForGC: 0/0 objects in disregard for GC pool
[2017.12.05-21.14.54:531][  0]LogInit: WinSock: version 1.1 (2.2), MaxSocks=32767, MaxUdp=65467
[2017.12.05-21.14.58:395][  0]LogTcpMessaging: Initializing TcpMessaging bridge
[2017.12.05-21.14.58:444][  0]LogUdpMessaging: Initializing bridge on interface 0.0.0.0:0 to multicast group 230.0.0.1:6666.
[2017.12.05-21.14.59:825][  0]LogMaterial: Uniform references updated for custom material expression Custom.
[2017.12.05-21.15.00:617][  0]SourceControl: Source control is disabled
[2017.12.05-21.15.00:617][  0]SourceControl: Source control is disabled
[2017.12.05-21.15.00:715][  0]SourceControl: Source control is disabled
[2017.12.05-21.15.00:807][  0]SourceControl: Source control is disabled
[2017.12.05-21.15.01:712][  0]LogAndroidPermission: UAndroidPermissionCallbackProxy::GetInstance
[2017.12.05-21.15.02:190][  0]LogOcInput: OculusInput pre-init called
[2017.12.05-21.15.02:674][  0]LogEngine: Initializing Engine...
[2017.12.05-21.15.02:677][  0]LogHMD: Failed to initialize OpenVR with code 110
[2017.12.05-21.15.02:934][  0]LogStats: UGameplayTagsManager::ConstructGameplayTagTree: Construct from data asset -  0.000 s
[2017.12.05-21.15.02:934][  0]LogStats: UGameplayTagsManager::ConstructGameplayTagTree: GameplayTagTreeChangedEvent.Broadcast -  0.000 s
[2017.12.05-21.15.03:138][  0]LogAIModule: Creating AISystem for world Untitled
[2017.12.05-21.15.03:147][  0]LogInit: XAudio2 using 'Speakers (Realtek High Definition Audio)' : 2 channels at 48 kHz using 32 bits per sample (channel mask 0x3)
[2017.12.05-21.15.03:205][  0]LogInit: FAudioDevice initialized.
[2017.12.05-21.15.03:306][  0]LogDerivedDataCache: Saved boot cache 0.10s 99MB C:/Users/Jakub/AppData/Local/UnrealEngine/4.17/DerivedDataCache/Boot.ddc.
[2017.12.05-21.15.03:317][  0]LogInit: Texture streaming: Enabled
[2017.12.05-21.15.03:476][  0]LogEngineSessionManager: EngineSessionManager initialized
[2017.12.05-21.15.03:832][  0]LogInit: Transaction tracking system initialized
[2017.12.05-21.15.04:325][  0]BlueprintLog: New page: Editor Load
[2017.12.05-21.15.05:889][  0]LocalizationService: Localization service is disabled
[2017.12.05-21.15.07:179][  0]LogConsoleResponse: Display: 
[2017.12.05-21.15.07:441][  0]LogAutoReimportManager: Warning: Unable to watch directory D:/Education/Uniwersytet/Year3/VGD/Puzzle-Island-VGD/Puzzle_Island/Content/ as it will conflict with another watching D:/Education/Uniwersytet/Year3/VGD/Puzzle-Island-VGD/Puzzle_Island/Content/.
[2017.12.05-21.15.07:441][  0]LogAutoReimportManager: Warning: Unable to watch directory D:/Education/Uniwersytet/Year3/VGD/Puzzle-Island-VGD/Puzzle_Island/Content/ as it will conflict with another watching D:/Education/Uniwersytet/Year3/VGD/Puzzle-Island-VGD/Puzzle_Island/Content/.
[2017.12.05-21.15.07:441][  0]LogAutoReimportManager: Warning: Unable to watch directory D:/Education/Uniwersytet/Year3/VGD/Puzzle-Island-VGD/Puzzle_Island/Content/ as it will conflict with another watching D:/Education/Uniwersytet/Year3/VGD/Puzzle-Island-VGD/Puzzle_Island/Content/.
[2017.12.05-21.15.07:452][  0]LogCook: Display: Max memory allowance for cook 16384mb min free memory 0mb
[2017.12.05-21.15.07:452][  0]LogCook: Display: Mobile HDR setting 1
[2017.12.05-21.15.07:452][  0]LogGameplayTags: Display: UGameplayTagsManager::DoneAddingNativeTags. DelegateIsBound: 0
[2017.12.05-21.15.08:224][  0]LogFileCache: Scanning file cache for directory 'D:/Education/Uniwersytet/Year3/VGD/Puzzle-Island-VGD/Puzzle_Island/Content/' took 0.02s
[2017.12.05-21.15.09:450][  0]SourceControl: Source control is disabled
[2017.12.05-21.15.09:450][  0]Cmd: MAP LOAD FILE="D:/Education/Uniwersytet/Year3/VGD/Puzzle-Island-VGD/Puzzle_Island/Content/Maps/Puzzle_Island.umap" TEMPLATE=0 SHOWPROGRESS=1 FEATURELEVEL=3
[2017.12.05-21.15.09:451][  0]LightingResults: New page: Lighting Build
[2017.12.05-21.15.09:517][  0]MapCheck: New page: Map Check
[2017.12.05-21.15.09:517][  0]LightingResults: New page: Lighting Build
[2017.12.05-21.15.10:075][  0]LogAIModule: Creating AISystem for world Puzzle_Island
[2017.12.05-21.15.10:220][  0]LogEditorServer: Finished looking for orphan Actors (0.000 secs)
[2017.12.05-21.15.10:300][  0]Cmd: MAP CHECKDEP NOCLEARLOG
[2017.12.05-21.15.10:425][  0]MapCheck: Map check complete: 0 Error(s), 0 Warning(s), took 124.706ms to complete.
[2017.12.05-21.15.10:425][  0]LogFileHelpers: Loading map 'Puzzle_Island' took 0.975
[2017.12.05-21.15.10:602][  0]LogCollectionManager: Loaded 0 collections in 0.002306 seconds
[2017.12.05-21.15.10:704][  0]LogFileCache: Scanning file cache for directory 'D:/Education/Uniwersytet/Year3/VGD/Puzzle-Island-VGD/Puzzle_Island/Saved/Collections/' took 0.01s
[2017.12.05-21.15.10:704][  0]LogFileCache: Scanning file cache for directory 'D:/Education/Uniwersytet/Year3/VGD/Puzzle-Island-VGD/Puzzle_Island/Content/Developers/Jakub/Collections/' took 0.01s
[2017.12.05-21.15.10:704][  0]LogFileCache: Scanning file cache for directory 'D:/Education/Uniwersytet/Year3/VGD/Puzzle-Island-VGD/Puzzle_Island/Content/Collections/' took 0.01s
[2017.12.05-21.15.10:704][  0]LogCollectionManager: Rebuilt the GUID cache for 0 collections in 0.000000 seconds
[2017.12.05-21.15.10:718][  0]LogContentBrowser: Native class hierarchy populated in 0.0138 seconds. Added 2388 classes and 502 folders.
[2017.12.05-21.15.10:822][  0]LogContentBrowser: Native class hierarchy updated for 'WidgetCarousel' in 0.0020 seconds. Added 0 classes and 0 folders.
[2017.12.05-21.15.10:892][  0]LogContentBrowser: Native class hierarchy updated for 'AddContentDialog' in 0.0025 seconds. Added 0 classes and 0 folders.
[2017.12.05-21.15.10:960][  0]LogContentBrowser: Native class hierarchy updated for 'SceneOutliner' in 0.0030 seconds. Added 1 classes and 2 folders.
[2017.12.05-21.15.11:036][  0]LogSlate: Took 0.000312 seconds to synchronously load lazily loaded font '../../../Engine/Content/Slate/Fonts/Roboto-Regular.ttf' (155K)
[2017.12.05-21.15.11:038][  0]LogSlate: Took 0.000343 seconds to synchronously load lazily loaded font '../../../Engine/Content/Slate/Fonts/Roboto-Bold.ttf' (160K)
[2017.12.05-21.15.11:044][  0]LogSlate: Took 0.000347 seconds to synchronously load lazily loaded font '../../../Engine/Content/Editor/Slate/Fonts/FontAwesome.ttf' (139K)
[2017.12.05-21.15.11:174][  0]LogRenderer: Reallocating scene render targets to support 1264x688 Format 10 NumSamples 1 (Frame:1).
[2017.12.05-21.15.11:441][  0]LogContentBrowser: Native class hierarchy updated for 'HierarchicalLODOutliner' in 0.0024 seconds. Added 1 classes and 2 folders.
[2017.12.05-21.15.11:441][  0]LogLoad: (Engine Initialization) Total time: 28.19 seconds
[2017.12.05-21.15.11:441][  0]LogLoad: (Engine Initialization) Total Blueprint compile time: 0.00 seconds
[2017.12.05-21.15.11:441][  0]LogExternalProfiler: Found external profiler: VSPerf
[2017.12.05-21.15.11:441][  0]LogExternalProfiler: Using external profiler: VSPerf
[2017.12.05-21.15.11:451][  0]LogWindowsTextInputMethodSystem: Display: IME system now deactivated.
[2017.12.05-21.15.11:483][  0]LogContentStreaming: Texture pool size now 1000 MB
[2017.12.05-21.15.11:541][  0]LogSlate: Took 0.000268 seconds to synchronously load lazily loaded font '../../../Engine/Content/Slate/Fonts/Roboto-Light.ttf' (159K)
[2017.12.05-21.15.11:567][  1]LogFileCache: Retrieving MD5 hashes for directory 'D:/Education/Uniwersytet/Year3/VGD/Puzzle-Island-VGD/Puzzle_Island/Content/' took 0.10s
[2017.12.05-21.15.11:588][  1]LogAssetRegistry: Asset discovery search completed in 18.9326 seconds
[2017.12.05-21.15.11:591][  1]LogCollectionManager: Rebuilt the object cache for 0 collections in 0.000001 seconds (found 0 objects)
[2017.12.05-21.15.11:591][  1]LogCollectionManager: Fixed up redirectors for 0 collections in 0.000067 seconds (updated 0 objects)
[2017.12.05-21.15.20:980][979]LogTemp: Repeating last play command: Selected Viewport
[2017.12.05-21.15.21:367][979]LogBlueprintUserMessages: Early PlayInEditor Detection: Level '/Game/Maps/Puzzle_Island.Puzzle_Island:PersistentLevel' has LevelScriptBlueprint '/Game/Maps/Puzzle_Island.Puzzle_Island:PersistentLevel.Puzzle_Island' with GeneratedClass '/Game/Maps/Puzzle_Island.Puzzle_Island_C' with ClassGeneratedBy '/Game/Maps/Puzzle_Island.Puzzle_Island:PersistentLevel.Puzzle_Island'
[2017.12.05-21.15.21:367][979]LogPlayLevel: PlayLevel: No blueprints needed recompiling
[2017.12.05-21.15.21:367][979]PIE: New page: PIE session: Puzzle_Island (5 Dec 2017 21:15:21)
[2017.12.05-21.15.21:368][979]LogPlayLevel: Creating play world package: /Game/Maps/UEDPIE_0_Puzzle_Island
[2017.12.05-21.15.21:410][979]LogPlayLevel: PIE: StaticDuplicateObject took: (0.041169s)
[2017.12.05-21.15.21:410][979]LogAIModule: Creating AISystem for world Puzzle_Island
[2017.12.05-21.15.21:410][979]LogPlayLevel: PIE: World Init took: (0.000851s)
[2017.12.05-21.15.21:411][979]LogPlayLevel: PIE: Created PIE world by copying editor world from /Game/Maps/Puzzle_Island.Puzzle_Island to /Game/Maps/UEDPIE_0_Puzzle_Island.Puzzle_Island (0.042418s)
[2017.12.05-21.15.21:427][979]LogInit: XAudio2 using 'Speakers (Realtek High Definition Audio)' : 2 channels at 48 kHz using 32 bits per sample (channel mask 0x3)
[2017.12.05-21.15.21:457][979]LogInit: FAudioDevice initialized.
[2017.12.05-21.15.21:541][979]LogLoad: Game class is '3D_Exploration_GameMode_C'
[2017.12.05-21.15.21:550][979]LogWorld: Bringing World /Game/Maps/UEDPIE_0_Puzzle_Island.Puzzle_Island up for play (max tick rate 0) at 2017.12.05-21.15.21
[2017.12.05-21.15.21:551][979]LogWorld: Bringing up level for play took: 0.008420
[2017.12.05-21.15.21:666][979]LogContentBrowser: Native class hierarchy updated for 'MovieSceneCapture' in 0.0032 seconds. Added 11 classes and 0 folders.
[2017.12.05-21.15.21:670][979]PIE: Play in editor start time for /Game/Maps/UEDPIE_0_Puzzle_Island 0.243
[2017.12.05-21.15.21:670][979]LogBlueprintUserMessages: Late PlayInEditor Detection: Level '/Game/Maps/Puzzle_Island.Puzzle_Island:PersistentLevel' has LevelScriptBlueprint '/Game/Maps/Puzzle_Island.Puzzle_Island:PersistentLevel.Puzzle_Island' with GeneratedClass '/Game/Maps/Puzzle_Island.Puzzle_Island_C' with ClassGeneratedBy '/Game/Maps/Puzzle_Island.Puzzle_Island:PersistentLevel.Puzzle_Island'
[2017.12.05-21.15.27:536][563]LogBlueprintUserMessages: Early EndPlayMap Detection: Level '/Game/Maps/Puzzle_Island.Puzzle_Island:PersistentLevel' has LevelScriptBlueprint '/Game/Maps/Puzzle_Island.Puzzle_Island:PersistentLevel.Puzzle_Island' with GeneratedClass '/Game/Maps/Puzzle_Island.Puzzle_Island_C' with ClassGeneratedBy '/Game/Maps/Puzzle_Island.Puzzle_Island:PersistentLevel.Puzzle_Island'
[2017.12.05-21.15.27:571][563]LogBlueprintUserMessages: Late EndPlayMap Detection: Level '/Game/Maps/Puzzle_Island.Puzzle_Island:PersistentLevel' has LevelScriptBlueprint '/Game/Maps/Puzzle_Island.Puzzle_Island:PersistentLevel.Puzzle_Island' with GeneratedClass '/Game/Maps/Puzzle_Island.Puzzle_Island_C' with ClassGeneratedBy '/Game/Maps/Puzzle_Island.Puzzle_Island:PersistentLevel.Puzzle_Island'
[2017.12.05-21.15.34:930][295]LogEditorViewport: Clicking on Actor (LMB): PointLight (PointLight2)
[2017.12.05-21.16.02:360][572]LogSlate: Took 0.000326 seconds to synchronously load lazily loaded font '../../../Engine/Content/Slate/Fonts/Roboto-Light.ttf' (159K)
[2017.12.05-21.16.21:640][845]LogEditorViewport: Clicking on Actor (LMB): BP_Sky_Sphere_C (Sky Sphere)
[2017.12.05-21.16.30:608][560]LogEditorViewport: Clicking on Actor (LMB): Landscape (Landscape)
[2017.12.05-21.16.47:899][922]LogEditorViewport: Clicking on Actor (LMB): Landscape (Landscape)
[2017.12.05-21.16.55:604][579]LogEditorViewport: Clicking on Actor (LMB): BP_Sky_Sphere_C (Sky Sphere)
[2017.12.05-21.16.58:584][832]LogEditorViewport: Clicking on Actor (LMB): StaticMeshActor (Plane)
[2017.12.05-21.17.01:518][ 65]LogSlate: Took 0.001636 seconds to synchronously load lazily loaded font '../../../Engine/Content/Editor/Slate/Fonts/Roboto-Italic.ttf' (157K)
[2017.12.05-21.17.17:209][375]LogEditorViewport: Clicking on Actor (LMB): BP_Sky_Sphere_C (Sky Sphere)
[2017.12.05-21.17.22:896][867]LogTemp: Repeating last play command: Selected Viewport
[2017.12.05-21.17.22:943][867]LogBlueprintUserMessages: Early PlayInEditor Detection: Level '/Game/Maps/Puzzle_Island.Puzzle_Island:PersistentLevel' has LevelScriptBlueprint '/Game/Maps/Puzzle_Island.Puzzle_Island:PersistentLevel.Puzzle_Island' with GeneratedClass '/Game/Maps/Puzzle_Island.Puzzle_Island_C' with ClassGeneratedBy '/Game/Maps/Puzzle_Island.Puzzle_Island:PersistentLevel.Puzzle_Island'
[2017.12.05-21.17.22:943][867]LogPlayLevel: PlayLevel: No blueprints needed recompiling
[2017.12.05-21.17.22:944][867]PIE: New page: PIE session: Puzzle_Island (5 Dec 2017 21:17:22)
[2017.12.05-21.17.22:944][867]LogPlayLevel: Creating play world package: /Game/Maps/UEDPIE_0_Puzzle_Island
[2017.12.05-21.17.22:991][867]LogPlayLevel: PIE: StaticDuplicateObject took: (0.046260s)
[2017.12.05-21.17.22:992][867]LogAIModule: Creating AISystem for world Puzzle_Island
[2017.12.05-21.17.22:992][867]LogPlayLevel: PIE: World Init took: (0.001144s)
[2017.12.05-21.17.22:992][867]LogPlayLevel: PIE: Created PIE world by copying editor world from /Game/Maps/Puzzle_Island.Puzzle_Island to /Game/Maps/UEDPIE_0_Puzzle_Island.Puzzle_Island (0.048048s)
[2017.12.05-21.17.23:016][867]LogInit: XAudio2 using 'Speakers (Realtek High Definition Audio)' : 2 channels at 48 kHz using 32 bits per sample (channel mask 0x3)
[2017.12.05-21.17.23:043][867]LogInit: FAudioDevice initialized.
[2017.12.05-21.17.23:080][867]LogLoad: Game class is '3D_Exploration_GameMode_C'
[2017.12.05-21.17.23:092][867]LogWorld: Bringing World /Game/Maps/UEDPIE_0_Puzzle_Island.Puzzle_Island up for play (max tick rate 0) at 2017.12.05-21.17.23
[2017.12.05-21.17.23:093][867]LogWorld: Bringing up level for play took: 0.012064
[2017.12.05-21.17.23:096][867]PIE: Play in editor start time for /Game/Maps/UEDPIE_0_Puzzle_Island -0.33
[2017.12.05-21.17.23:097][867]LogBlueprintUserMessages: Late PlayInEditor Detection: Level '/Game/Maps/Puzzle_Island.Puzzle_Island:PersistentLevel' has LevelScriptBlueprint '/Game/Maps/Puzzle_Island.Puzzle_Island:PersistentLevel.Puzzle_Island' with GeneratedClass '/Game/Maps/Puzzle_Island.Puzzle_Island_C' with ClassGeneratedBy '/Game/Maps/Puzzle_Island.Puzzle_Island:PersistentLevel.Puzzle_Island'
[2017.12.05-21.18.13:635][448]LogBlueprintUserMessages: Early EndPlayMap Detection: Level '/Game/Maps/Puzzle_Island.Puzzle_Island:PersistentLevel' has LevelScriptBlueprint '/Game/Maps/Puzzle_Island.Puzzle_Island:PersistentLevel.Puzzle_Island' with GeneratedClass '/Game/Maps/Puzzle_Island.Puzzle_Island_C' with ClassGeneratedBy '/Game/Maps/Puzzle_Island.Puzzle_Island:PersistentLevel.Puzzle_Island'
[2017.12.05-21.18.13:712][448]LogBlueprintUserMessages: Late EndPlayMap Detection: Level '/Game/Maps/Puzzle_Island.Puzzle_Island:PersistentLevel' has LevelScriptBlueprint '/Game/Maps/Puzzle_Island.Puzzle_Island:PersistentLevel.Puzzle_Island' with GeneratedClass '/Game/Maps/Puzzle_Island.Puzzle_Island_C' with ClassGeneratedBy '/Game/Maps/Puzzle_Island.Puzzle_Island:PersistentLevel.Puzzle_Island'
[2017.12.05-21.24.22:379][408]MapCheck: New page: Map Check
[2017.12.05-21.24.22:403][408]Cmd: MAP REBUILD ALLVISIBLE
[2017.12.05-21.24.22:403][408]LogEditorServer: Rebuildmap Clear paths rebuilt
[2017.12.05-21.24.22:542][408]LightingResults: New page: Lighting Build - 5 Dec 2017 21:24:22
[2017.12.05-21.24.22:810][408]LogSwarmInterface: [OpenConnection] Registering TCP channel ...
[2017.12.05-21.24.22:945][408]LogSwarmInterface: [OpenConnection] Connecting to agent ...
[2017.12.05-21.24.22:988][408]LogSwarmInterface: [TryOpenConnection] Testing the Agent
[2017.12.05-21.24.24:023][408]LogSwarmInterface: [TryOpenConnection] Opening Connection to Agent
[2017.12.05-21.24.24:023][408]LogSwarmInterface: [TryOpenConnection] Local Process ID is 8096
[2017.12.05-21.24.31:249][408]LightingResults: Warning: No importance volume found and the scene is so large that the automatically synthesized volume will not yield good results.  Please add a tightly bounding lightmass importance volume to optimize your scene's quality and lighting build times.
[2017.12.05-21.24.31:249][408]LogStaticLightingSystem: Running Lightmass w/ ImmediateImport mode ENABLED
[2017.12.05-21.24.31:249][408]LogStaticLightingSystem: Running Lightmass w/ ImmediateProcess mode ENABLED
[2017.12.05-21.24.31:249][408]LogStaticLightingSystem: Running Lightmass w/ Sorting mode ENABLED
[2017.12.05-21.24.31:249][408]LogStaticLightingSystem: Running Lightmass w/ Mapping paddings ENABLED
[2017.12.05-21.24.31:250][408]LogStaticLightingSystem: Running Lightmass w/ Mapping debug paddings DISABLED
[2017.12.05-21.24.31:490][408]LogEditorBuildUtils: Build time 0:09
[2017.12.05-21.24.33:068][471]LogMaterial: Missing cached shader map for material FLightmassMaterialRenderer M_Metal_Chrome, compiling. 
[2017.12.05-21.24.33:080][471]LogMaterial: Missing cached shader map for material FLightmassMaterialRenderer M_Metal_Chrome, compiling. 
[2017.12.05-21.25.17:442][382]Job is a success!
[2017.12.05-21.25.17:484][383]LogSlate: Took 0.000422 seconds to synchronously load lazily loaded font '../../../Engine/Content/Slate/Fonts/Roboto-Light.ttf' (159K)
[2017.12.05-21.25.20:004][383]LogTexture: Display: Building textures: HQ_Lightmap0_1 (AutoDXT, 256X256)
[2017.12.05-21.25.20:004][383]LogTexture: Display: Building textures: LQ_Lightmap_0_1 (DXT1, 256X256)
[2017.12.05-21.25.20:004][383]LogTexture: Display: Building textures: HQ_Lightmap0_2 (AutoDXT, 1024X1024)
[2017.12.05-21.25.20:004][383]LogTexture: Display: Building textures: LQ_Lightmap_0_2 (DXT1, 1024X1024)
[2017.12.05-21.25.20:004][383]LogTexture: Display: Building textures: HQ_Lightmap0_3 (AutoDXT, 1024X1024)
[2017.12.05-21.25.20:004][383]LogTexture: Display: Building textures: LQ_Lightmap_0_3 (DXT1, 1024X1024)
[2017.12.05-21.25.20:004][383]LogTexture: Display: Building textures: HQ_Lightmap0_4 (AutoDXT, 1024X1024)
[2017.12.05-21.25.20:004][383]LogTexture: Display: Building textures: LQ_Lightmap_0_4 (DXT1, 1024X1024)
[2017.12.05-21.25.20:004][383]LogTexture: Display: Building textures: HQ_Lightmap0_5 (AutoDXT, 128X128)
[2017.12.05-21.25.20:004][383]LogTexture: Display: Building textures: LQ_Lightmap_0_5 (DXT1, 128X128)
[2017.12.05-21.25.20:004][383]LogTexture: Display: Building textures: HQ_Lightmap0_6 (AutoDXT, 128X128)
[2017.12.05-21.25.20:004][383]LogTexture: Display: Building textures: LQ_Lightmap_0_6 (DXT1, 128X128)
[2017.12.05-21.25.20:204][383]LogTexture: Display: Building textures: ShadowMapTexture2D_0 (BGRA8, 128X128)
[2017.12.05-21.25.20:204][383]LogTexture: Display: Building textures: ShadowMapTexture2D_1 (BGRA8, 1024X256)
[2017.12.05-21.25.20:204][383]LogTexture: Display: Building textures: ShadowMapTexture2D_4 (G8, 64X64)
[2017.12.05-21.25.20:204][383]LogTexture: Display: Building textures: ShadowMapTexture2D_3 (BGRA8, 1024X256)
[2017.12.05-21.25.20:204][383]LogTexture: Display: Building textures: ShadowMapTexture2D_5 (G8, 64X64)
[2017.12.05-21.25.20:361][383]LogTexture: Display: Building textures: ShadowMapTexture2D_2 (G8, 1024X512)
[2017.12.05-21.25.20:429][383]Lightmass on JAKUBSIEWNIAK: 42.1 sec total, 1.08 sec importing, 1.39 sec setup, 4.39 sec photons, 35.2 sec processing, 0 ms extra exporting [286/286 mappings]. Threads: 4:06 min total, 3:07 min processing.
[2017.12.05-21.25.20:489][383]LogStaticLightingSystem: Illumination: 57.9 sec (2.16 sec encoding lightmaps, 347 ms encoding shadowmaps)
[2017.12.05-21.25.20:489][383]LogStaticLightingSystem: Lightmap texture memory:  6.2 MB (6.1 MB streaming, 0.1 MB non-streaming), 12 textures
[2017.12.05-21.25.20:489][383]LogStaticLightingSystem: Shadowmap texture memory: 3.4 MB (3.3 MB streaming, 0.1 MB non-streaming), 6 textures
[2017.12.05-21.25.21:270][383]DumpUnbuiltLightIteractions
[2017.12.05-21.25.21:270][383]Lights with unbuilt interactions: 0
[2017.12.05-21.25.21:271][383]
[2017.12.05-21.25.21:271][383]Primitives with unbuilt interactions: 0
[2017.12.05-21.25.21:291][384]Cmd: MAP CHECK NOTIFYRESULTS
[2017.12.05-21.25.21:291][384]MapCheck: New page: Puzzle_Island - 5 Dec 2017 21:25:21
[2017.12.05-21.25.21:494][384]MapCheck: Map check complete: 0 Error(s), 0 Warning(s), took 203.15ms to complete.
[2017.12.05-21.26.14:130][341]LogSavePackage: Save=893.16ms
[2017.12.05-21.26.14:130][341]LogSavePackage: Moving 'D:/Education/Uniwersytet/Year3/VGD/Puzzle-Island-VGD/Puzzle_Island/Saved/Puzzle_Island_Auto1B19C3EBC46830EE71C9BF09508981C0F.tmp' to 'D:/Education/Uniwersytet/Year3/VGD/Puzzle-Island-VGD/Puzzle_Island/Saved/Autosaves/Game/Maps/Puzzle_Island_Auto1.umap'
[2017.12.05-21.26.14:134][341]LogSavePackage: Display: Finished SavePackage D:/Education/Uniwersytet/Year3/VGD/Puzzle-Island-VGD/Puzzle_Island/Saved/Autosaves/Game/Maps/Puzzle_Island_Auto1.umap
[2017.12.05-21.26.14:138][341]LogSlate: Took 0.000341 seconds to synchronously load lazily loaded font '../../../Engine/Content/Slate/Fonts/Roboto-Regular.ttf' (155K)
[2017.12.05-21.26.14:140][341]LogFileHelpers: Editor autosave (incl. sublevels) for '/Game/Maps/Puzzle_Island' took 1.291
[2017.12.05-21.26.14:140][341]LogFileHelpers: Editor autosave (incl. sublevels) for all levels took 1.291
[2017.12.05-21.26.14:321][341]OBJ SavePackage: Generating thumbnails for [0] asset(s) in package [/Game/Maps/Puzzle_Island_BuiltData] ([1] browsable assets)...
[2017.12.05-21.26.14:321][341]OBJ SavePackage: Finished generating thumbnails for package [/Game/Maps/Puzzle_Island_BuiltData]
[2017.12.05-21.26.14:657][341]LogSavePackage: Save=102.85ms
[2017.12.05-21.26.14:657][341]LogSavePackage: Moving 'D:/Education/Uniwersytet/Year3/VGD/Puzzle-Island-VGD/Puzzle_Island/Saved/Puzzle_Island_BuiltData_Auto16DA4FFED43DDB0748903EA9263708A33.tmp' to 'D:/Education/Uniwersytet/Year3/VGD/Puzzle-Island-VGD/Puzzle_Island/Saved/Autosaves/Game/Maps/Puzzle_Island_BuiltData_Auto1.uasset'
[2017.12.05-21.26.14:668][341]LogSavePackage: Display: Finished SavePackage D:/Education/Uniwersytet/Year3/VGD/Puzzle-Island-VGD/Puzzle_Island/Saved/Autosaves/Game/Maps/Puzzle_Island_BuiltData_Auto1.uasset
[2017.12.05-21.26.14:668][341]LogFileHelpers: Auto-saving content packages took 0.525
[2017.12.05-21.30.06:369][ 92]LogEditorViewport: Clicking on Actor (LMB): DashAbilityPickup_C (DashAbilityPickup)
[2017.12.05-21.30.09:500][352]Cmd: DELETE
[2017.12.05-21.30.09:500][352]Cmd: ACTOR DELETE
[2017.12.05-21.30.09:510][352]LogEditorActor: Deleted Actor: DashAbilityPickup_C
[2017.12.05-21.30.09:526][352]LogEditorActor: Deleted 1 Actors (0.018 secs)
[2017.12.05-21.36.16:106][114]LogSavePackage: Save=856.43ms
[2017.12.05-21.36.16:106][114]LogSavePackage: Moving 'D:/Education/Uniwersytet/Year3/VGD/Puzzle-Island-VGD/Puzzle_Island/Saved/Puzzle_Island_Auto201E65D114BFA453C5832BAA496C8C8B6.tmp' to 'D:/Education/Uniwersytet/Year3/VGD/Puzzle-Island-VGD/Puzzle_Island/Saved/Autosaves/Game/Maps/Puzzle_Island_Auto2.umap'
[2017.12.05-21.36.16:113][114]LogSavePackage: Display: Finished SavePackage D:/Education/Uniwersytet/Year3/VGD/Puzzle-Island-VGD/Puzzle_Island/Saved/Autosaves/Game/Maps/Puzzle_Island_Auto2.umap
[2017.12.05-21.36.16:119][114]LogFileHelpers: Editor autosave (incl. sublevels) for '/Game/Maps/Puzzle_Island' took 0.929
[2017.12.05-21.36.16:119][114]LogFileHelpers: Editor autosave (incl. sublevels) for all levels took 0.929
[2017.12.05-21.43.33:984][882]LogFactory: FactoryCreateFile: Texture with ReimportTextureFactory (0 0 D:/Education/Uniwersytet/Year3/VGD/Jigsaw_Puzzle03/Full_Img.png)
[2017.12.05-21.43.34:044][882]LogTexture: Display: Building textures: Full_Img (AutoDXT, 1024X672)
[2017.12.05-21.43.34:267][882]LogFactory: FactoryCreateFile: Texture with ReimportTextureFactory (0 0 D:/Education/Uniwersytet/Year3/VGD/Jigsaw_Puzzle03/Jigsaw_3 Pieces.png)
[2017.12.05-21.43.34:375][882]LogTexture: Display: Building textures: Jigsaw_3_Pieces (BGRA8, 1866X1080)
[2017.12.05-21.43.42:378][516]LogSlate: Took 0.002430 seconds to synchronously load lazily loaded font '../../../Engine/Content/Editor/Slate/Fonts/Roboto-BoldCondensed.ttf' (158K)
[2017.12.05-21.44.43:641][811]Cmd: OBJ SAVEPACKAGE PACKAGE="/Game/Maps/Jigsaw_03" FILE="D:/Education/Uniwersytet/Year3/VGD/Puzzle-Island-VGD/Puzzle_Island/Content/Maps/Jigsaw_03.umap" SILENT=true AUTOSAVING=false KEEPDIRTY=false
[2017.12.05-21.44.43:927][811]LogSavePackage: Save=260.48ms
[2017.12.05-21.44.43:928][811]LogSavePackage: Moving 'D:/Education/Uniwersytet/Year3/VGD/Puzzle-Island-VGD/Puzzle_Island/Saved/Jigsaw_034502E4C34278BB05ED48C69F6A4077D5.tmp' to 'D:/Education/Uniwersytet/Year3/VGD/Puzzle-Island-VGD/Puzzle_Island/Content/Maps/Jigsaw_03.umap'
[2017.12.05-21.44.43:934][811]LogSavePackage: Display: Finished SavePackage D:/Education/Uniwersytet/Year3/VGD/Puzzle-Island-VGD/Puzzle_Island/Content/Maps/Jigsaw_03.umap
[2017.12.05-21.44.43:937][811]LogFileHelpers: Saving map 'Jigsaw_03' took 0.468
[2017.12.05-21.44.44:982][811]LogSavePackage: Save=853.20ms
[2017.12.05-21.44.44:982][811]LogSavePackage: Moving 'D:/Education/Uniwersytet/Year3/VGD/Puzzle-Island-VGD/Puzzle_Island/Saved/Puzzle_IslandCB00941B4C07ADD698FAA4A367B7AB6C.tmp' to 'D:/Education/Uniwersytet/Year3/VGD/Puzzle-Island-VGD/Puzzle_Island/Content/Maps/Puzzle_Island.umap'
[2017.12.05-21.44.44:992][811]LogSavePackage: Display: Finished SavePackage D:/Education/Uniwersytet/Year3/VGD/Puzzle-Island-VGD/Puzzle_Island/Content/Maps/Puzzle_Island.umap
[2017.12.05-21.44.45:088][811]LogFileHelpers: Saving map 'Puzzle_Island' took 1.150
[2017.12.05-21.44.45:088][811]Cmd: OBJ SAVEPACKAGE PACKAGE="/Game/Maps/Puzzle_Island_BuiltData" FILE="D:/Education/Uniwersytet/Year3/VGD/Puzzle-Island-VGD/Puzzle_Island/Content/Maps/Puzzle_Island_BuiltData.uasset" SILENT=true
[2017.12.05-21.44.45:800][811]LogSavePackage: Save=691.95ms
[2017.12.05-21.44.45:800][811]LogSavePackage: Moving 'D:/Education/Uniwersytet/Year3/VGD/Puzzle-Island-VGD/Puzzle_Island/Saved/Puzzle_Island_BuiltData0C3906124B21EB37A206BDBCBCF87EDE.tmp' to 'D:/Education/Uniwersytet/Year3/VGD/Puzzle-Island-VGD/Puzzle_Island/Content/Maps/Puzzle_Island_BuiltData.uasset'
[2017.12.05-21.44.45:810][811]LogSavePackage: Display: Finished SavePackage D:/Education/Uniwersytet/Year3/VGD/Puzzle-Island-VGD/Puzzle_Island/Content/Maps/Puzzle_Island_BuiltData.uasset
[2017.12.05-21.44.45:819][811]Cmd: OBJ SAVEPACKAGE PACKAGE="/Game/Puzzles/Jigsaw_03/Full_Img" FILE="D:/Education/Uniwersytet/Year3/VGD/Puzzle-Island-VGD/Puzzle_Island/Content/Puzzles/Jigsaw_03/Full_Img.uasset" SILENT=true
[2017.12.05-21.44.45:963][811]LogSavePackage: Save=140.46ms
[2017.12.05-21.44.45:963][811]LogSavePackage: Moving 'D:/Education/Uniwersytet/Year3/VGD/Puzzle-Island-VGD/Puzzle_Island/Saved/Full_Img9D9DAF78442AF157FC0AA9B53566D768.tmp' to 'D:/Education/Uniwersytet/Year3/VGD/Puzzle-Island-VGD/Puzzle_Island/Content/Puzzles/Jigsaw_03/Full_Img.uasset'
[2017.12.05-21.44.45:970][811]LogSavePackage: Display: Finished SavePackage D:/Education/Uniwersytet/Year3/VGD/Puzzle-Island-VGD/Puzzle_Island/Content/Puzzles/Jigsaw_03/Full_Img.uasset
[2017.12.05-21.44.45:993][811]LogSavePackage: Save=11.17ms
[2017.12.05-21.44.45:993][811]LogSavePackage: Moving 'D:/Education/Uniwersytet/Year3/VGD/Puzzle-Island-VGD/Puzzle_Island/Saved/Full_Img_SpriteB18C4A9D4E233515845954AD34E5762C.tmp' to 'D:/Education/Uniwersytet/Year3/VGD/Puzzle-Island-VGD/Puzzle_Island/Content/Puzzles/Jigsaw_03/Full_Img_Sprite.uasset'
[2017.12.05-21.44.45:999][811]LogSavePackage: Display: Finished SavePackage D:/Education/Uniwersytet/Year3/VGD/Puzzle-Island-VGD/Puzzle_Island/Content/Puzzles/Jigsaw_03/Full_Img_Sprite.uasset
[2017.12.05-21.44.46:189][811]LogSavePackage: Save=180.81ms
[2017.12.05-21.44.46:189][811]LogSavePackage: Moving 'D:/Education/Uniwersytet/Year3/VGD/Puzzle-Island-VGD/Puzzle_Island/Saved/Jigsaw_3_PiecesE77D4E574B644D10958F66B99EA1AF86.tmp' to 'D:/Education/Uniwersytet/Year3/VGD/Puzzle-Island-VGD/Puzzle_Island/Content/Puzzles/Jigsaw_03/Jigsaw_3_Pieces.uasset'
[2017.12.05-21.44.46:198][811]LogSavePackage: Display: Finished SavePackage D:/Education/Uniwersytet/Year3/VGD/Puzzle-Island-VGD/Puzzle_Island/Content/Puzzles/Jigsaw_03/Jigsaw_3_Pieces.uasset
[2017.12.05-21.44.46:227][811]LogSavePackage: Save=12.65ms
[2017.12.05-21.44.46:227][811]LogSavePackage: Moving 'D:/Education/Uniwersytet/Year3/VGD/Puzzle-Island-VGD/Puzzle_Island/Saved/Jigsaw_3_Pieces_Piece_09C79F4714B1A218AD899589701B26C62.tmp' to 'D:/Education/Uniwersytet/Year3/VGD/Puzzle-Island-VGD/Puzzle_Island/Content/Puzzles/Jigsaw_03/Jigsaw_3_Pieces_Piece_0.uasset'
[2017.12.05-21.44.46:233][811]LogSavePackage: Display: Finished SavePackage D:/Education/Uniwersytet/Year3/VGD/Puzzle-Island-VGD/Puzzle_Island/Content/Puzzles/Jigsaw_03/Jigsaw_3_Pieces_Piece_0.uasset
[2017.12.05-21.44.46:256][811]LogSavePackage: Save=10.22ms
[2017.12.05-21.44.46:257][811]LogSavePackage: Moving 'D:/Education/Uniwersytet/Year3/VGD/Puzzle-Island-VGD/Puzzle_Island/Saved/Jigsaw_3_Pieces_Piece_1E189E3364057EC5409FB248472F99814.tmp' to 'D:/Education/Uniwersytet/Year3/VGD/Puzzle-Island-VGD/Puzzle_Island/Content/Puzzles/Jigsaw_03/Jigsaw_3_Pieces_Piece_1.uasset'
[2017.12.05-21.44.46:263][811]LogSavePackage: Display: Finished SavePackage D:/Education/Uniwersytet/Year3/VGD/Puzzle-Island-VGD/Puzzle_Island/Content/Puzzles/Jigsaw_03/Jigsaw_3_Pieces_Piece_1.uasset
[2017.12.05-21.44.46:293][811]LogSavePackage: Save=13.55ms
[2017.12.05-21.44.46:293][811]LogSavePackage: Moving 'D:/Education/Uniwersytet/Year3/VGD/Puzzle-Island-VGD/Puzzle_Island/Saved/Jigsaw_3_Pieces_Piece_2575CB8A74E38A44891A003A64208FB68.tmp' to 'D:/Education/Uniwersytet/Year3/VGD/Puzzle-Island-VGD/Puzzle_Island/Content/Puzzles/Jigsaw_03/Jigsaw_3_Pieces_Piece_2.uasset'
[2017.12.05-21.44.46:299][811]LogSavePackage: Display: Finished SavePackage D:/Education/Uniwersytet/Year3/VGD/Puzzle-Island-VGD/Puzzle_Island/Content/Puzzles/Jigsaw_03/Jigsaw_3_Pieces_Piece_2.uasset
[2017.12.05-21.44.46:324][811]LogSavePackage: Save=11.16ms
[2017.12.05-21.44.46:324][811]LogSavePackage: Moving 'D:/Education/Uniwersytet/Year3/VGD/Puzzle-Island-VGD/Puzzle_Island/Saved/Jigsaw_3_Pieces_Piece_34502D1E140A40343B927CDBD12FE85D0.tmp' to 'D:/Education/Uniwersytet/Year3/VGD/Puzzle-Island-VGD/Puzzle_Island/Content/Puzzles/Jigsaw_03/Jigsaw_3_Pieces_Piece_3.uasset'
[2017.12.05-21.44.46:330][811]LogSavePackage: Display: Finished SavePackage D:/Education/Uniwersytet/Year3/VGD/Puzzle-Island-VGD/Puzzle_Island/Content/Puzzles/Jigsaw_03/Jigsaw_3_Pieces_Piece_3.uasset
[2017.12.05-21.44.46:357][811]LogSavePackage: Save=12.36ms
[2017.12.05-21.44.46:357][811]LogSavePackage: Moving 'D:/Education/Uniwersytet/Year3/VGD/Puzzle-Island-VGD/Puzzle_Island/Saved/Jigsaw_3_Pieces_Piece_45290674B4A976DF3CAAA4AA3910EAB9E.tmp' to 'D:/Education/Uniwersytet/Year3/VGD/Puzzle-Island-VGD/Puzzle_Island/Content/Puzzles/Jigsaw_03/Jigsaw_3_Pieces_Piece_4.uasset'
[2017.12.05-21.44.46:363][811]LogSavePackage: Display: Finished SavePackage D:/Education/Uniwersytet/Year3/VGD/Puzzle-Island-VGD/Puzzle_Island/Content/Puzzles/Jigsaw_03/Jigsaw_3_Pieces_Piece_4.uasset
[2017.12.05-21.44.46:390][811]LogSavePackage: Save=13.08ms
[2017.12.05-21.44.46:391][811]LogSavePackage: Moving 'D:/Education/Uniwersytet/Year3/VGD/Puzzle-Island-VGD/Puzzle_Island/Saved/Jigsaw_3_Pieces_Piece_5D9AC82F24E94734F05420F92F5BE9D41.tmp' to 'D:/Education/Uniwersytet/Year3/VGD/Puzzle-Island-VGD/Puzzle_Island/Content/Puzzles/Jigsaw_03/Jigsaw_3_Pieces_Piece_5.uasset'
[2017.12.05-21.44.46:396][811]LogSavePackage: Display: Finished SavePackage D:/Education/Uniwersytet/Year3/VGD/Puzzle-Island-VGD/Puzzle_Island/Content/Puzzles/Jigsaw_03/Jigsaw_3_Pieces_Piece_5.uasset
[2017.12.05-21.44.46:399][811]Cmd: MAP LOAD FILE="D:/Education/Uniwersytet/Year3/VGD/Puzzle-Island-VGD/Puzzle_Island/Content/Maps/Jigsaw_03.umap" TEMPLATE=0 SHOWPROGRESS=1 FEATURELEVEL=3
[2017.12.05-21.44.46:399][811]LightingResults: New page: Lighting Build
[2017.12.05-21.44.46:400][811]LoadErrors: New page: Loading map: Jigsaw_03.umap
[2017.12.05-21.44.46:402][811]MapCheck: New page: Map Check
[2017.12.05-21.44.46:402][811]LightingResults: New page: Lighting Build
[2017.12.05-21.44.46:604][811]LogEditorServer: Finished looking for orphan Actors (0.000 secs)
[2017.12.05-21.44.46:741][811]Cmd: MAP CHECKDEP NOCLEARLOG
[2017.12.05-21.44.46:893][811]MapCheck: Map check complete: 0 Error(s), 0 Warning(s), took 152.887ms to complete.
[2017.12.05-21.44.46:894][811]LogFileHelpers: Loading map 'Jigsaw_03' took 0.497
[2017.12.05-21.45.04:707][352]LogEditorViewport: Clicking on Actor (LMB): BP_Sky_Sphere_C (Sky Sphere)
[2017.12.05-21.45.37:380][788]LogTemp: Repeating last play command: Selected Viewport
[2017.12.05-21.45.37:438][788]LogBlueprintUserMessages: Early PlayInEditor Detection: Level '/Game/Maps/Jigsaw_03.Jigsaw_03:PersistentLevel' has LevelScriptBlueprint '/Game/Maps/Jigsaw_03.Jigsaw_03:PersistentLevel.Jigsaw_03' with GeneratedClass '/Game/Maps/Jigsaw_03.Jigsaw_03_C' with ClassGeneratedBy '/Game/Maps/Jigsaw_03.Jigsaw_03:PersistentLevel.Jigsaw_03'
[2017.12.05-21.45.37:438][788]LogPlayLevel: PlayLevel: No blueprints needed recompiling
[2017.12.05-21.45.37:438][788]PIE: New page: PIE session: Jigsaw_03 (5 Dec 2017 21:45:37)
[2017.12.05-21.45.37:439][788]LogPlayLevel: Creating play world package: /Game/Maps/UEDPIE_0_Jigsaw_03
[2017.12.05-21.45.37:445][788]LogPlayLevel: PIE: StaticDuplicateObject took: (0.005526s)
[2017.12.05-21.45.37:446][788]LogPlayLevel: PIE: World Init took: (0.000913s)
[2017.12.05-21.45.37:446][788]LogPlayLevel: PIE: Created PIE world by copying editor world from /Game/Maps/Jigsaw_03.Jigsaw_03 to /Game/Maps/UEDPIE_0_Jigsaw_03.Jigsaw_03 (0.006913s)
[2017.12.05-21.45.37:466][788]LogInit: XAudio2 using 'Speakers (Realtek High Definition Audio)' : 2 channels at 48 kHz using 32 bits per sample (channel mask 0x3)
[2017.12.05-21.45.37:500][788]LogInit: FAudioDevice initialized.
[2017.12.05-21.45.37:534][788]LogLoad: Game class is '2D_GameMode_C'
[2017.12.05-21.45.37:537][788]LogWorld: Bringing World /Game/Maps/UEDPIE_0_Jigsaw_03.Jigsaw_03 up for play (max tick rate 0) at 2017.12.05-21.45.37
[2017.12.05-21.45.37:537][788]LogWorld: Bringing up level for play took: 0.002260
[2017.12.05-21.45.37:550][788]PIE: Play in editor start time for /Game/Maps/UEDPIE_0_Jigsaw_03 0.123
[2017.12.05-21.45.37:550][788]LogBlueprintUserMessages: Late PlayInEditor Detection: Level '/Game/Maps/Jigsaw_03.Jigsaw_03:PersistentLevel' has LevelScriptBlueprint '/Game/Maps/Jigsaw_03.Jigsaw_03:PersistentLevel.Jigsaw_03' with GeneratedClass '/Game/Maps/Jigsaw_03.Jigsaw_03_C' with ClassGeneratedBy '/Game/Maps/Jigsaw_03.Jigsaw_03:PersistentLevel.Jigsaw_03'
[2017.12.05-21.45.48:725][953]LogBlueprintUserMessages: Early EndPlayMap Detection: Level '/Game/Maps/Jigsaw_03.Jigsaw_03:PersistentLevel' has LevelScriptBlueprint '/Game/Maps/Jigsaw_03.Jigsaw_03:PersistentLevel.Jigsaw_03' with GeneratedClass '/Game/Maps/Jigsaw_03.Jigsaw_03_C' with ClassGeneratedBy '/Game/Maps/Jigsaw_03.Jigsaw_03:PersistentLevel.Jigsaw_03'
[2017.12.05-21.45.48:771][953]LogBlueprintUserMessages: Late EndPlayMap Detection: Level '/Game/Maps/Jigsaw_03.Jigsaw_03:PersistentLevel' has LevelScriptBlueprint '/Game/Maps/Jigsaw_03.Jigsaw_03:PersistentLevel.Jigsaw_03' with GeneratedClass '/Game/Maps/Jigsaw_03.Jigsaw_03_C' with ClassGeneratedBy '/Game/Maps/Jigsaw_03.Jigsaw_03:PersistentLevel.Jigsaw_03'
[2017.12.05-21.47.22:523][655]LogEditorViewport: Clicking on Actor (LMB): BP_Sky_Sphere_C (Sky Sphere)
[2017.12.05-21.48.44:899][558]LogEditorViewport: Clicking on Actor (LMB): BP_Sky_Sphere_C (Sky Sphere)
[2017.12.05-21.48.48:401][817]Cmd: OBJ SAVEPACKAGE PACKAGE="/Game/Maps/Jigsaw_03" FILE="D:/Education/Uniwersytet/Year3/VGD/Puzzle-Island-VGD/Puzzle_Island/Content/Maps/Jigsaw_03.umap" SILENT=true AUTOSAVING=false KEEPDIRTY=false
[2017.12.05-21.48.48:734][817]LogSavePackage: Save=298.24ms
[2017.12.05-21.48.48:734][817]LogSavePackage: Moving 'D:/Education/Uniwersytet/Year3/VGD/Puzzle-Island-VGD/Puzzle_Island/Saved/Jigsaw_033DCA053A472B71188564E3BE1EE8922F.tmp' to 'D:/Education/Uniwersytet/Year3/VGD/Puzzle-Island-VGD/Puzzle_Island/Content/Maps/Jigsaw_03.umap'
[2017.12.05-21.48.48:743][817]LogSavePackage: Display: Finished SavePackage D:/Education/Uniwersytet/Year3/VGD/Puzzle-Island-VGD/Puzzle_Island/Content/Maps/Jigsaw_03.umap
[2017.12.05-21.48.52:988][106]LogTemp: Repeating last play command: Selected Viewport
[2017.12.05-21.48.53:039][106]LogBlueprintUserMessages: Early PlayInEditor Detection: Level '/Game/Maps/Jigsaw_03.Jigsaw_03:PersistentLevel' has LevelScriptBlueprint '/Game/Maps/Jigsaw_03.Jigsaw_03:PersistentLevel.Jigsaw_03' with GeneratedClass '/Game/Maps/Jigsaw_03.Jigsaw_03_C' with ClassGeneratedBy '/Game/Maps/Jigsaw_03.Jigsaw_03:PersistentLevel.Jigsaw_03'
[2017.12.05-21.48.53:039][106]LogPlayLevel: PlayLevel: No blueprints needed recompiling
[2017.12.05-21.48.53:040][106]PIE: New page: PIE session: Jigsaw_03 (5 Dec 2017 21:48:53)
[2017.12.05-21.48.53:041][106]LogPlayLevel: Creating play world package: /Game/Maps/UEDPIE_0_Jigsaw_03
[2017.12.05-21.48.53:045][106]LogPlayLevel: PIE: StaticDuplicateObject took: (0.004568s)
[2017.12.05-21.48.53:046][106]LogPlayLevel: PIE: World Init took: (0.000868s)
[2017.12.05-21.48.53:047][106]LogPlayLevel: PIE: Created PIE world by copying editor world from /Game/Maps/Jigsaw_03.Jigsaw_03 to /Game/Maps/UEDPIE_0_Jigsaw_03.Jigsaw_03 (0.005916s)
[2017.12.05-21.48.53:063][106]LogInit: XAudio2 using 'Speakers (Realtek High Definition Audio)' : 2 channels at 48 kHz using 32 bits per sample (channel mask 0x3)
[2017.12.05-21.48.53:092][106]LogInit: FAudioDevice initialized.
[2017.12.05-21.48.53:129][106]LogLoad: Game class is '2D_GameMode_C'
[2017.12.05-21.48.53:131][106]LogWorld: Bringing World /Game/Maps/UEDPIE_0_Jigsaw_03.Jigsaw_03 up for play (max tick rate 0) at 2017.12.05-21.48.53
[2017.12.05-21.48.53:131][106]LogWorld: Bringing up level for play took: 0.001355
[2017.12.05-21.48.53:134][106]PIE: Play in editor start time for /Game/Maps/UEDPIE_0_Jigsaw_03 -0.293
[2017.12.05-21.48.53:134][106]LogBlueprintUserMessages: Late PlayInEditor Detection: Level '/Game/Maps/Jigsaw_03.Jigsaw_03:PersistentLevel' has LevelScriptBlueprint '/Game/Maps/Jigsaw_03.Jigsaw_03:PersistentLevel.Jigsaw_03' with GeneratedClass '/Game/Maps/Jigsaw_03.Jigsaw_03_C' with ClassGeneratedBy '/Game/Maps/Jigsaw_03.Jigsaw_03:PersistentLevel.Jigsaw_03'
[2017.12.05-21.49.27:188][531]LogBlueprintUserMessages: Early EndPlayMap Detection: Level '/Game/Maps/Jigsaw_03.Jigsaw_03:PersistentLevel' has LevelScriptBlueprint '/Game/Maps/Jigsaw_03.Jigsaw_03:PersistentLevel.Jigsaw_03' with GeneratedClass '/Game/Maps/Jigsaw_03.Jigsaw_03_C' with ClassGeneratedBy '/Game/Maps/Jigsaw_03.Jigsaw_03:PersistentLevel.Jigsaw_03'
[2017.12.05-21.49.27:234][531]LogBlueprintUserMessages: Late EndPlayMap Detection: Level '/Game/Maps/Jigsaw_03.Jigsaw_03:PersistentLevel' has LevelScriptBlueprint '/Game/Maps/Jigsaw_03.Jigsaw_03:PersistentLevel.Jigsaw_03' with GeneratedClass '/Game/Maps/Jigsaw_03.Jigsaw_03_C' with ClassGeneratedBy '/Game/Maps/Jigsaw_03.Jigsaw_03:PersistentLevel.Jigsaw_03'
[2017.12.05-21.50.24:767][708]Cmd: OBJ SAVEPACKAGE PACKAGE="/Game/Maps/Jigsaw_03" FILE="D:/Education/Uniwersytet/Year3/VGD/Puzzle-Island-VGD/Puzzle_Island/Content/Maps/Jigsaw_03.umap" SILENT=true AUTOSAVING=false KEEPDIRTY=false
[2017.12.05-21.50.25:035][708]LogSavePackage: Save=241.79ms
[2017.12.05-21.50.25:036][708]LogSavePackage: Moving 'D:/Education/Uniwersytet/Year3/VGD/Puzzle-Island-VGD/Puzzle_Island/Saved/Jigsaw_0319B3249A42AA85F693893CB1ED6C9225.tmp' to 'D:/Education/Uniwersytet/Year3/VGD/Puzzle-Island-VGD/Puzzle_Island/Content/Maps/Jigsaw_03.umap'
[2017.12.05-21.50.25:040][708]LogSavePackage: Display: Finished SavePackage D:/Education/Uniwersytet/Year3/VGD/Puzzle-Island-VGD/Puzzle_Island/Content/Maps/Jigsaw_03.umap
[2017.12.05-21.50.50:348][486]LogContentBrowser: Native class hierarchy updated for 'BlueprintGraph' in 0.0040 seconds. Added 113 classes and 0 folders.
[2017.12.05-21.54.34:800][348]Cmd: OBJ SAVEPACKAGE PACKAGE="/Game/Maps/Jigsaw_03" FILE="D:/Education/Uniwersytet/Year3/VGD/Puzzle-Island-VGD/Puzzle_Island/Content/Maps/Jigsaw_03.umap" SILENT=true AUTOSAVING=false KEEPDIRTY=false
[2017.12.05-21.54.35:087][348]LogSavePackage: Save=243.01ms
[2017.12.05-21.54.35:087][348]LogSavePackage: Moving 'D:/Education/Uniwersytet/Year3/VGD/Puzzle-Island-VGD/Puzzle_Island/Saved/Jigsaw_039B1C25AD4ABDBA03D031488E4F6B0B26.tmp' to 'D:/Education/Uniwersytet/Year3/VGD/Puzzle-Island-VGD/Puzzle_Island/Content/Maps/Jigsaw_03.umap'
[2017.12.05-21.54.35:093][348]LogSavePackage: Display: Finished SavePackage D:/Education/Uniwersytet/Year3/VGD/Puzzle-Island-VGD/Puzzle_Island/Content/Maps/Jigsaw_03.umap
[2017.12.05-21.54.35:211][348]LogFileHelpers: Saving map 'Jigsaw_03' took 0.594
[2017.12.05-21.54.37:265][456]Cmd: QUIT_EDITOR
[2017.12.05-21.54.37:481][456]LogWindowsTextInputMethodSystem: Display: IME system now deactivated.
[2017.12.05-21.54.37:495][456]LogExit: Preparing to exit.
[2017.12.05-21.54.38:511][456]LogExit: Editor shut down
[2017.12.05-21.54.38:516][456]LogExit: Transaction tracking system shut down
[2017.12.05-21.54.38:636][456]LogDirectoryWatcher: A directory notification for '../../../Engine/Content/' was aborted.
[2017.12.05-21.54.38:637][456]LogDirectoryWatcher: A directory notification for 'D:/Education/Uniwersytet/Year3/VGD/Puzzle-Island-VGD/Puzzle_Island/Content/' was aborted.
[2017.12.05-21.54.38:637][456]LogDirectoryWatcher: A directory notification for '../../../Engine/Plugins/2D/Paper2D/Content/' was aborted.
[2017.12.05-21.54.38:637][456]LogDirectoryWatcher: A directory notification for '../../../Engine/Plugins/Runtime/Oculus/OculusVR/Content/' was aborted.
[2017.12.05-21.54.38:637][456]LogDirectoryWatcher: A directory notification for '../../../Engine/Plugins/Runtime/Steam/SteamVR/Content/' was aborted.
[2017.12.05-21.54.38:764][456]LogExit: Object subsystem successfully closed.
[2017.12.05-21.54.38:791][456]LogD3D11RHI: Shutdown
[2017.12.05-21.54.38:791][456]LogD3D11RHI: CleanupD3DDevice
[2017.12.05-21.54.38:961][456]LogD3D11RHI: ~FD3D11DynamicRHI
[2017.12.05-21.54.39:023][456]LogModuleManager: Shutting down and abandoning module SequencerWidgets (540)
[2017.12.05-21.54.39:023][456]LogModuleManager: Shutting down and abandoning module BlueprintGraph (538)
[2017.12.05-21.54.39:023][456]LogModuleManager: Shutting down and abandoning module BlueprintProfiler (536)
[2017.12.05-21.54.39:024][456]LogModuleManager: Shutting down and abandoning module MovieSceneCapture (534)
[2017.12.05-21.54.39:024][456]LogModuleManager: Shutting down and abandoning module HierarchicalLODOutliner (532)
[2017.12.05-21.54.39:024][456]LogModuleManager: Shutting down and abandoning module SceneOutliner (530)
[2017.12.05-21.54.39:024][456]LogModuleManager: Shutting down and abandoning module AddContentDialog (528)
[2017.12.05-21.54.39:024][456]LogDirectoryWatcher: A directory notification for 'C:/Program Files/Epic Games/UE_4.17/FeaturePacks/' was aborted.
[2017.12.05-21.54.39:025][456]LogModuleManager: Shutting down and abandoning module WidgetCarousel (527)
[2017.12.05-21.54.39:025][456]LogModuleManager: Shutting down and abandoning module EditorWidgets (524)
[2017.12.05-21.54.39:025][456]LogModuleManager: Shutting down and abandoning module CollectionManager (522)
[2017.12.05-21.54.39:025][456]LogDirectoryWatcher: A directory notification for 'D:/Education/Uniwersytet/Year3/VGD/Puzzle-Island-VGD/Puzzle_Island/Content/Collections/' was aborted.
[2017.12.05-21.54.39:025][456]LogDirectoryWatcher: A directory notification for 'D:/Education/Uniwersytet/Year3/VGD/Puzzle-Island-VGD/Puzzle_Island/Content/Developers/Jakub/Collections/' was aborted.
[2017.12.05-21.54.39:025][456]LogDirectoryWatcher: A directory notification for 'D:/Education/Uniwersytet/Year3/VGD/Puzzle-Island-VGD/Puzzle_Island/Saved/Collections/' was aborted.
[2017.12.05-21.54.39:025][456]LogModuleManager: Shutting down and abandoning module StatsViewer (520)
[2017.12.05-21.54.39:025][456]LogModuleManager: Shutting down and abandoning module FoliageEdit (518)
[2017.12.05-21.54.39:026][456]LogModuleManager: Shutting down and abandoning module LandscapeEditor (516)
[2017.12.05-21.54.39:026][456]LogModuleManager: Shutting down and abandoning module MeshPaintMode (514)
[2017.12.05-21.54.39:026][456]LogModuleManager: Shutting down and abandoning module SceneDepthPickerMode (512)
[2017.12.05-21.54.39:026][456]LogModuleManager: Shutting down and abandoning module ActorPickerMode (510)
[2017.12.05-21.54.39:026][456]LogModuleManager: Shutting down and abandoning module GeometryMode (508)
[2017.12.05-21.54.39:026][456]LogModuleManager: Shutting down and abandoning module TextureAlignMode (506)
[2017.12.05-21.54.39:026][456]LogModuleManager: Shutting down and abandoning module BspMode (504)
[2017.12.05-21.54.39:026][456]LogModuleManager: Shutting down and abandoning module PIEPreviewDeviceProfileSelector (502)
[2017.12.05-21.54.39:026][456]LogModuleManager: Shutting down and abandoning module HardwareSurvey (500)
[2017.12.05-21.54.39:026][456]LogModuleManager: Shutting down and abandoning module SequenceRecorderSections (498)
[2017.12.05-21.54.39:026][456]LogModuleManager: Shutting down and abandoning module AutomationWorker (496)
[2017.12.05-21.54.39:026][456]LogModuleManager: Shutting down and abandoning module MatineeToLevelSequence (494)
[2017.12.05-21.54.39:026][456]LogModuleManager: Shutting down and abandoning module LevelSequenceEditor (492)
[2017.12.05-21.54.39:026][456]LogModuleManager: Shutting down and abandoning module PlacementMode (491)
[2017.12.05-21.54.39:026][456]LogModuleManager: Shutting down and abandoning module WmfMediaFactory (488)
[2017.12.05-21.54.39:026][456]LogModuleManager: Shutting down and abandoning module WmfMediaEditor (486)
[2017.12.05-21.54.39:026][456]LogModuleManager: Shutting down and abandoning module AvfMediaFactory (484)
[2017.12.05-21.54.39:026][456]LogModuleManager: Shutting down and abandoning module AvfMediaEditor (482)
[2017.12.05-21.54.39:026][456]LogModuleManager: Shutting down and abandoning module AndroidMediaFactory (480)
[2017.12.05-21.54.39:026][456]LogModuleManager: Shutting down and abandoning module Media (479)
[2017.12.05-21.54.39:026][456]LogModuleManager: Shutting down and abandoning module AndroidMediaEditor (476)
[2017.12.05-21.54.39:026][456]LogModuleManager: Shutting down and abandoning module CharacterAI (474)
[2017.12.05-21.54.39:026][456]LogModuleManager: Shutting down and abandoning module AudioCapture (472)
[2017.12.05-21.54.39:026][456]LogModuleManager: Shutting down and abandoning module SequenceRecorder (471)
[2017.12.05-21.54.39:026][456]LogModuleManager: Shutting down and abandoning module SmartSnapping (468)
[2017.12.05-21.54.39:026][456]LogModuleManager: Shutting down and abandoning module SessionServices (466)
[2017.12.05-21.54.39:026][456]LogModuleManager: Shutting down and abandoning module ViewportSnapping (464)
[2017.12.05-21.54.39:026][456]LogModuleManager: Shutting down and abandoning module ViewportInteraction (462)
[2017.12.05-21.54.39:026][456]LogModuleManager: Shutting down and abandoning module ClothPainter (460)
[2017.12.05-21.54.39:026][456]LogModuleManager: Shutting down and abandoning module LogVisualizer (458)
[2017.12.05-21.54.39:027][456]LogModuleManager: Shutting down and abandoning module IntroTutorials (456)
[2017.12.05-21.54.39:027][456]LogModuleManager: Shutting down and abandoning module GameProjectGeneration (455)
[2017.12.05-21.54.39:027][456]LogModuleManager: Shutting down and abandoning module IOSPlatformEditor (452)
[2017.12.05-21.54.39:027][456]LogModuleManager: Shutting down and abandoning module HTML5PlatformEditor (450)
[2017.12.05-21.54.39:027][456]LogModuleManager: Shutting down and abandoning module AndroidPlatformEditor (448)
[2017.12.05-21.54.39:027][456]LogModuleManager: Shutting down and abandoning module AndroidDeviceDetection (447)
[2017.12.05-21.54.39:506][456]LogModuleManager: Shutting down and abandoning module WindowsPlatformEditor (444)
[2017.12.05-21.54.39:506][456]LogModuleManager: Shutting down and abandoning module IOSRuntimeSettings (442)
[2017.12.05-21.54.39:506][456]LogModuleManager: Shutting down and abandoning module AndroidRuntimeSettings (440)
[2017.12.05-21.54.39:506][456]LogModuleManager: Shutting down and abandoning module InputBindingEditor (438)
[2017.12.05-21.54.39:506][456]LogModuleManager: Shutting down and abandoning module MergeActors (436)
[2017.12.05-21.54.39:506][456]LogModuleManager: Shutting down and abandoning module SizeMap (434)
[2017.12.05-21.54.39:506][456]LogModuleManager: Shutting down and abandoning module TreeMap (432)
[2017.12.05-21.54.39:506][456]LogModuleManager: Shutting down and abandoning module ReferenceViewer (430)
[2017.12.05-21.54.39:506][456]LogModuleManager: Shutting down and abandoning module LocalizationDashboard (428)
[2017.12.05-21.54.39:507][456]LogModuleManager: Shutting down and abandoning module LocalizationService (427)
[2017.12.05-21.54.39:507][456]LogModuleManager: Shutting down and abandoning module HardwareTargeting (424)
[2017.12.05-21.54.39:507][456]LogModuleManager: Shutting down and abandoning module DeviceProfileEditor (422)
[2017.12.05-21.54.39:507][456]LogModuleManager: Shutting down and abandoning module UndoHistory (420)
[2017.12.05-21.54.39:507][456]LogModuleManager: Shutting down and abandoning module XmlParser (418)
[2017.12.05-21.54.39:507][456]LogModuleManager: Shutting down and abandoning module Blutility (416)
[2017.12.05-21.54.39:507][456]LogModuleManager: Shutting down and abandoning module ProjectSettingsViewer (414)
[2017.12.05-21.54.39:507][456]LogModuleManager: Shutting down and abandoning module ProjectTargetPlatformEditor (413)
[2017.12.05-21.54.39:507][456]LogModuleManager: Shutting down and abandoning module EditorSettingsViewer (410)
[2017.12.05-21.54.39:507][456]LogModuleManager: Shutting down and abandoning module SettingsEditor (408)
[2017.12.05-21.54.39:507][456]LogModuleManager: Shutting down and abandoning module ProjectLauncher (406)
[2017.12.05-21.54.39:507][456]LogModuleManager: Shutting down and abandoning module SessionFrontend (404)
[2017.12.05-21.54.39:507][456]LogModuleManager: Shutting down and abandoning module ProfilerClient (402)
[2017.12.05-21.54.39:507][456]LogModuleManager: Shutting down and abandoning module DeviceManager (400)
[2017.12.05-21.54.39:507][456]LogModuleManager: Shutting down and abandoning module TargetDeviceServices (399)
[2017.12.05-21.54.39:562][456]LogModuleManager: Shutting down and abandoning module AutomationController (396)
[2017.12.05-21.54.39:562][456]LogModuleManager: Shutting down and abandoning module AutomationWindow (394)
[2017.12.05-21.54.39:562][456]LogModuleManager: Shutting down and abandoning module Layers (392)
[2017.12.05-21.54.39:562][456]LogModuleManager: Shutting down and abandoning module ComponentVisualizers (390)
[2017.12.05-21.54.39:562][456]LogModuleManager: Shutting down and abandoning module DetailCustomizations (388)
[2017.12.05-21.54.39:562][456]LogModuleManager: Shutting down and abandoning module PackagesDialog (386)
[2017.12.05-21.54.39:562][456]LogModuleManager: Shutting down and abandoning module Persona (384)
[2017.12.05-21.54.39:562][456]LogModuleManager: Shutting down and abandoning module AdvancedPreviewScene (383)
[2017.12.05-21.54.39:562][456]LogModuleManager: Shutting down and abandoning module AnimGraph (381)
[2017.12.05-21.54.39:562][456]LogModuleManager: Shutting down and abandoning module Kismet (378)
[2017.12.05-21.54.39:570][456]LogModuleManager: Shutting down and abandoning module ClassViewer (376)
[2017.12.05-21.54.39:570][456]LogModuleManager: Shutting down and abandoning module Toolbox (374)
[2017.12.05-21.54.39:570][456]LogModuleManager: Shutting down and abandoning module ModuleUI (372)
[2017.12.05-21.54.39:570][456]LogModuleManager: Shutting down and abandoning module MovieSceneTools (370)
[2017.12.05-21.54.39:570][456]LogModuleManager: Shutting down and abandoning module OutputLog (368)
[2017.12.05-21.54.39:570][456]LogModuleManager: Shutting down and abandoning module GammaUI (366)
[2017.12.05-21.54.39:570][456]LogModuleManager: Shutting down and abandoning module Documentation (364)
[2017.12.05-21.54.39:570][456]LogModuleManager: Shutting down and abandoning module MovieSceneTracks (362)
[2017.12.05-21.54.39:570][456]LogModuleManager: Shutting down and abandoning module MovieScene (360)
[2017.12.05-21.54.39:570][456]LogModuleManager: Shutting down and abandoning module Niagara (358)
[2017.12.05-21.54.39:570][456]LogModuleManager: Shutting down and abandoning module NiagaraEditor (357)
[2017.12.05-21.54.39:570][456]LogModuleManager: Shutting down and abandoning module StreamingPauseRendering (354)
[2017.12.05-21.54.39:570][456]LogModuleManager: Shutting down and abandoning module LauncherPlatform (352)
[2017.12.05-21.54.39:570][456]LogModuleManager: Shutting down and abandoning module AnalyticsET (350)
[2017.12.05-21.54.39:570][456]LogModuleManager: Shutting down and abandoning module PortalServices (348)
[2017.12.05-21.54.39:570][456]LogModuleManager: Shutting down and abandoning module PortalRpc (346)
[2017.12.05-21.54.39:570][456]LogModuleManager: Shutting down and abandoning module MessagingRpc (344)
[2017.12.05-21.54.39:570][456]LogModuleManager: Shutting down and abandoning module AIModule (342)
[2017.12.05-21.54.39:570][456]LogModuleManager: Shutting down and abandoning module GameplayDebugger (341)
[2017.12.05-21.54.39:570][456]LogModuleManager: Shutting down and abandoning module AITestSuite (339)
[2017.12.05-21.54.39:570][456]LogModuleManager: Shutting down and abandoning module ProfilerService (336)
[2017.12.05-21.54.39:650][456]LogModuleManager: Shutting down and abandoning module TaskGraph (334)
[2017.12.05-21.54.39:650][456]LogModuleManager: Shutting down and abandoning module SteamVRController (332)
[2017.12.05-21.54.39:650][456]LogModuleManager: Shutting down and abandoning module ProceduralMeshComponentEditor (330)
[2017.12.05-21.54.39:650][456]LogModuleManager: Shutting down and abandoning module ProceduralMeshComponent (328)
[2017.12.05-21.54.39:650][456]LogModuleManager: Shutting down and abandoning module OculusInput (326)
[2017.12.05-21.54.39:650][456]LogModuleManager: Shutting down and abandoning module MobilePatchingUtils (324)
[2017.12.05-21.54.39:650][456]LogModuleManager: Shutting down and abandoning module CustomMeshComponent (322)
[2017.12.05-21.54.39:650][456]LogModuleManager: Shutting down and abandoning module CableComponent (320)
[2017.12.05-21.54.39:650][456]LogModuleManager: Shutting down and abandoning module ArchVisCharacter (318)
[2017.12.05-21.54.39:650][456]LogModuleManager: Shutting down and abandoning module AndroidPermission (316)
[2017.12.05-21.54.39:650][456]LogModuleManager: Shutting down and abandoning module MediaPlayerEditor (312)
[2017.12.05-21.54.39:650][456]LogModuleManager: Shutting down and abandoning module HTML5Networking (310)
[2017.12.05-21.54.39:650][456]LogModuleManager: Shutting down and abandoning module AlembicImporter (308)
[2017.12.05-21.54.39:650][456]LogModuleManager: Shutting down and abandoning module AlembicLibrary (307)
[2017.12.05-21.54.39:650][456]LogModuleManager: Shutting down and abandoning module GeometryCache (306)
[2017.12.05-21.54.39:650][456]LogModuleManager: Shutting down and abandoning module GeometryCacheEd (305)
[2017.12.05-21.54.39:650][456]LogModuleManager: Shutting down and abandoning module SpeedTreeImporter (300)
[2017.12.05-21.54.39:650][456]LogModuleManager: Shutting down and abandoning module PluginBrowser (298)
[2017.12.05-21.54.39:651][456]LogModuleManager: Shutting down and abandoning module MobileLauncherProfileWizard (296)
[2017.12.05-21.54.39:651][456]LogModuleManager: Shutting down and abandoning module VisualStudioSourceCodeAccess (294)
[2017.12.05-21.54.39:651][456]LogModuleManager: Shutting down and abandoning module DesktopPlatform (293)
[2017.12.05-21.54.39:651][456]LogModuleManager: Shutting down and abandoning module UObjectPlugin (290)
[2017.12.05-21.54.39:651][456]LogModuleManager: Shutting down and abandoning module SubversionSourceControl (288)
[2017.12.05-21.54.39:651][456]LogModuleManager: Shutting down and abandoning module PerforceSourceControl (286)
[2017.12.05-21.54.39:651][456]LogModuleManager: Shutting down and abandoning module GitSourceControl (284)
[2017.12.05-21.54.39:651][456]LogModuleManager: Shutting down and abandoning module SourceControl (283)
[2017.12.05-21.54.39:651][456]LogModuleManager: Shutting down and abandoning module LightPropagationVolumeEditor (280)
[2017.12.05-21.54.39:651][456]LogModuleManager: Shutting down and abandoning module PaperTiledImporter (278)
[2017.12.05-21.54.39:651][456]LogModuleManager: Shutting down and abandoning module PaperSpriteSheetImporter (276)
[2017.12.05-21.54.39:651][456]LogModuleManager: Shutting down and abandoning module Paper2DEditor (274)
[2017.12.05-21.54.39:651][456]LogModuleManager: Shutting down and abandoning module MeshPaint (273)
[2017.12.05-21.54.39:651][456]LogModuleManager: Shutting down and abandoning module LevelEditor (271)
[2017.12.05-21.54.39:653][456]LogModuleManager: Shutting down and abandoning module PixelInspectorModule (270)
[2017.12.05-21.54.39:653][456]LogModuleManager: Shutting down and abandoning module MainFrame (268)
[2017.12.05-21.54.39:653][456]LogModuleManager: Shutting down and abandoning module HotReload (267)
[2017.12.05-21.54.39:653][456]LogDirectoryWatcher: A directory notification for 'D:/Education/Uniwersytet/Year3/VGD/Puzzle-Island-VGD/Puzzle_Island/Binaries/Win64' was aborted.
[2017.12.05-21.54.39:654][456]LogModuleManager: Shutting down and abandoning module Puzzle_Island (262)
[2017.12.05-21.54.39:654][456]LogModuleManager: Shutting down and abandoning module RuntimePhysXCooking (260)
[2017.12.05-21.54.39:654][456]LogModuleManager: Shutting down and abandoning module PhysXVehiclesEditor (258)
[2017.12.05-21.54.39:654][456]LogModuleManager: Shutting down and abandoning module PhysXVehicles (256)
[2017.12.05-21.54.39:654][456]LogModuleManager: Shutting down and abandoning module OculusEditor (254)
[2017.12.05-21.54.39:654][456]LogModuleManager: Shutting down and abandoning module LocationServicesBPLibrary (252)
[2017.12.05-21.54.39:654][456]LogModuleManager: Shutting down and abandoning module ImmediatePhysicsEditor (250)
[2017.12.05-21.54.39:654][456]LogModuleManager: Shutting down and abandoning module ImmediatePhysics (248)
[2017.12.05-21.54.39:655][456]LogModuleManager: Shutting down and abandoning module UdpMessaging (246)
[2017.12.05-21.54.39:756][456]LogModuleManager: Shutting down and abandoning module TcpMessaging (244)
[2017.12.05-21.54.39:857][456]LogModuleManager: Shutting down and abandoning module GameplayTagsEditor (242)
[2017.12.05-21.54.39:857][456]LogModuleManager: Shutting down and abandoning module FacialAnimationEditor (240)
[2017.12.05-21.54.39:857][456]LogModuleManager: Shutting down and abandoning module FacialAnimation (238)
[2017.12.05-21.54.39:857][456]LogModuleManager: Shutting down and abandoning module AssetManagerEditor (236)
[2017.12.05-21.54.39:857][456]LogModuleManager: Shutting down and abandoning module GraphEditor (235)
[2017.12.05-21.54.39:857][456]LogModuleManager: Shutting down and abandoning module ContentBrowser (233)
[2017.12.05-21.54.39:858][456]LogModuleManager: Shutting down and abandoning module LightPropagationVolumeRuntime (230)
[2017.12.05-21.54.39:858][456]LogModuleManager: Shutting down and abandoning module Paper2D (228)
[2017.12.05-21.54.39:858][456]LogModuleManager: Shutting down and abandoning module WindowsMoviePlayer (226)
[2017.12.05-21.54.39:858][456]LogModuleManager: Shutting down and abandoning module WmfMedia (224)
[2017.12.05-21.54.39:860][456]LogModuleManager: Shutting down and abandoning module PacketHandler (222)
[2017.12.05-21.54.39:860][456]LogModuleManager: Shutting down and abandoning module ClothingSystemEditor (220)
[2017.12.05-21.54.39:860][456]LogModuleManager: Shutting down and abandoning module ClothingSystemRuntime (218)
[2017.12.05-21.54.39:860][456]LogModuleManager: Shutting down and abandoning module Overlay (216)
[2017.12.05-21.54.39:860][456]LogModuleManager: Shutting down and abandoning module OverlayEditor (215)
[2017.12.05-21.54.39:860][456]LogModuleManager: Shutting down and abandoning module MediaAssets (212)
[2017.12.05-21.54.39:860][456]LogModuleManager: Shutting down and abandoning module VREditor (210)
[2017.12.05-21.54.39:860][456]LogModuleManager: Shutting down and abandoning module StringTableEditor (208)
[2017.12.05-21.54.39:860][456]LogModuleManager: Shutting down and abandoning module GameplayTasksEditor (206)
[2017.12.05-21.54.39:860][456]LogModuleManager: Shutting down and abandoning module BehaviorTreeEditor (204)
[2017.12.05-21.54.39:860][456]LogModuleManager: Shutting down and abandoning module FunctionalTesting (202)
[2017.12.05-21.54.39:860][456]LogModuleManager: Shutting down and abandoning module CollisionAnalyzer (200)
[2017.12.05-21.54.39:860][456]LogModuleManager: Shutting down and abandoning module WorkspaceMenuStructure (199)
[2017.12.05-21.54.39:860][456]LogModuleManager: Shutting down and abandoning module UMG (196)
[2017.12.05-21.54.39:860][456]LogModuleManager: Shutting down and abandoning module UMGEditor (195)
[2017.12.05-21.54.39:860][456]LogModuleManager: Shutting down and abandoning module Sequencer (194)
[2017.12.05-21.54.39:861][456]LogModuleManager: Shutting down and abandoning module MessageLog (191)
[2017.12.05-21.54.39:861][456]LogModuleManager: Shutting down and abandoning module SlateReflector (186)
[2017.12.05-21.54.39:861][456]LogModuleManager: Shutting down and abandoning module Slate (184)
[2017.12.05-21.54.39:861][456]LogModuleManager: Shutting down and abandoning module EditorStyle (182)
[2017.12.05-21.54.39:864][456]LogModuleManager: Shutting down and abandoning module MRMesh (180)
[2017.12.05-21.54.39:864][456]LogModuleManager: Shutting down and abandoning module SourceCodeAccess (178)
[2017.12.05-21.54.39:864][456]LogModuleManager: Shutting down and abandoning module HeadMountedDisplay (176)
[2017.12.05-21.54.39:864][456]LogModuleManager: Shutting down and abandoning module XAudio2 (174)
[2017.12.05-21.54.39:864][456]LogModuleManager: Shutting down and abandoning module Networking (172)
[2017.12.05-21.54.39:864][456]LogModuleManager: Shutting down and abandoning module Core (168)
[2017.12.05-21.54.39:864][456]LogModuleManager: Shutting down and abandoning module KismetCompiler (164)
[2017.12.05-21.54.39:864][456]LogModuleManager: Shutting down and abandoning module LevelSequence (162)
[2017.12.05-21.54.39:864][456]LogModuleManager: Shutting down and abandoning module MeshUtilities (160)
[2017.12.05-21.54.39:864][456]LogModuleManager: Shutting down and abandoning module MeshMergeUtilities (159)
[2017.12.05-21.54.39:864][456]LogModuleManager: Shutting down and abandoning module MeshReductionInterface (158)
[2017.12.05-21.54.39:864][456]LogModuleManager: Shutting down and abandoning module SimplygonSwarm (157)
[2017.12.05-21.54.39:864][456]LogModuleManager: Shutting down and abandoning module SimplygonMeshReduction (155)
[2017.12.05-21.54.39:864][456]LogModuleManager: Shutting down and abandoning module QuadricMeshReduction (153)
[2017.12.05-21.54.39:864][456]LogModuleManager: Shutting down and abandoning module MaterialBaking (149)
[2017.12.05-21.54.39:864][456]LogModuleManager: Shutting down and abandoning module DirectoryWatcher (146)
[2017.12.05-21.54.39:865][456]LogModuleManager: Shutting down and abandoning module DerivedDataCache (144)
[2017.12.05-21.54.39:889][456]LogDerivedDataCache: Shutdown
[2017.12.05-21.54.39:889][456]LogModuleManager: Shutting down and abandoning module TargetPlatform (142)
[2017.12.05-21.54.39:889][456]LogModuleManager: Shutting down and abandoning module VulkanShaderFormat (141)
[2017.12.05-21.54.39:889][456]LogModuleManager: Shutting down and abandoning module ShaderFormatVectorVM (139)
[2017.12.05-21.54.39:889][456]LogModuleManager: Shutting down and abandoning module ShaderFormatOpenGL (137)
[2017.12.05-21.54.39:889][456]LogModuleManager: Shutting down and abandoning module ShaderFormatD3D (135)
[2017.12.05-21.54.39:889][456]LogModuleManager: Shutting down and abandoning module MetalShaderFormat (133)
[2017.12.05-21.54.39:889][456]LogModuleManager: Shutting down and abandoning module TextureFormatUncompressed (131)
[2017.12.05-21.54.39:890][456]LogModuleManager: Shutting down and abandoning module TextureFormatPVR (129)
[2017.12.05-21.54.39:890][456]LogModuleManager: Shutting down and abandoning module TextureFormatDXT (127)
[2017.12.05-21.54.39:890][456]LogModuleManager: Shutting down and abandoning module TextureFormatIntelISPCTexComp (125)
[2017.12.05-21.54.39:890][456]LogModuleManager: Shutting down and abandoning module TextureFormatASTC (123)
[2017.12.05-21.54.39:890][456]LogModuleManager: Shutting down and abandoning module ImageWrapper (122)
[2017.12.05-21.54.39:890][456]LogModuleManager: Shutting down and abandoning module TextureFormatAndroid (119)
[2017.12.05-21.54.39:890][456]LogModuleManager: Shutting down and abandoning module AudioFormatOpus (117)
[2017.12.05-21.54.39:890][456]LogModuleManager: Shutting down and abandoning module AudioFormatOgg (115)
[2017.12.05-21.54.39:890][456]LogModuleManager: Shutting down and abandoning module AudioFormatADPCM (113)
[2017.12.05-21.54.39:890][456]LogModuleManager: Shutting down and abandoning module LinuxTargetPlatform (111)
[2017.12.05-21.54.39:890][456]LogModuleManager: Shutting down and abandoning module LinuxServerTargetPlatform (109)
[2017.12.05-21.54.39:890][456]LogModuleManager: Shutting down and abandoning module LinuxNoEditorTargetPlatform (107)
[2017.12.05-21.54.39:890][456]LogModuleManager: Shutting down and abandoning module LinuxClientTargetPlatform (105)
[2017.12.05-21.54.39:890][456]LogModuleManager: Shutting down and abandoning module TVOSTargetPlatform (103)
[2017.12.05-21.54.39:890][456]LogModuleManager: Shutting down and abandoning module Messaging (101)
[2017.12.05-21.54.39:890][456]LogModuleManager: Shutting down and abandoning module IOSTargetPlatform (99)
[2017.12.05-21.54.39:890][456]LogModuleManager: Shutting down and abandoning module HTML5TargetPlatform (97)
[2017.12.05-21.54.39:890][456]LogModuleManager: Shutting down and abandoning module Android_PVRTCTargetPlatform (95)
[2017.12.05-21.54.39:890][456]LogModuleManager: Shutting down and abandoning module Android_MultiTargetPlatform (93)
[2017.12.05-21.54.39:890][456]LogModuleManager: Shutting down and abandoning module Android_ETC2TargetPlatform (91)
[2017.12.05-21.54.39:890][456]LogModuleManager: Shutting down and abandoning module Android_ETC1TargetPlatform (89)
[2017.12.05-21.54.39:890][456]LogModuleManager: Shutting down and abandoning module Android_DXTTargetPlatform (87)
[2017.12.05-21.54.39:890][456]LogModuleManager: Shutting down and abandoning module Android_ATCTargetPlatform (85)
[2017.12.05-21.54.39:890][456]LogModuleManager: Shutting down and abandoning module Android_ASTCTargetPlatform (83)
[2017.12.05-21.54.39:890][456]LogModuleManager: Shutting down and abandoning module AndroidTargetPlatform (81)
[2017.12.05-21.54.39:890][456]LogModuleManager: Shutting down and abandoning module WindowsTargetPlatform (79)
[2017.12.05-21.54.39:890][456]LogModuleManager: Shutting down and abandoning module WindowsServerTargetPlatform (77)
[2017.12.05-21.54.39:890][456]LogModuleManager: Shutting down and abandoning module WindowsNoEditorTargetPlatform (75)
[2017.12.05-21.54.39:890][456]LogModuleManager: Shutting down and abandoning module WindowsClientTargetPlatform (73)
[2017.12.05-21.54.39:890][456]LogModuleManager: Shutting down and abandoning module MacTargetPlatform (71)
[2017.12.05-21.54.39:890][456]LogModuleManager: Shutting down and abandoning module MacServerTargetPlatform (69)
[2017.12.05-21.54.39:890][456]LogModuleManager: Shutting down and abandoning module MacNoEditorTargetPlatform (67)
[2017.12.05-21.54.39:890][456]LogModuleManager: Shutting down and abandoning module MacClientTargetPlatform (65)
[2017.12.05-21.54.39:890][456]LogModuleManager: Shutting down and abandoning module AllDesktopTargetPlatform (63)
[2017.12.05-21.54.39:890][456]LogModuleManager: Shutting down and abandoning module InputCore (60)
[2017.12.05-21.54.39:890][456]LogModuleManager: Shutting down and abandoning module Settings (58)
[2017.12.05-21.54.39:890][456]LogModuleManager: Shutting down and abandoning module PhysXCooking (56)
[2017.12.05-21.54.39:890][456]LogModuleManager: Shutting down and abandoning module SteamVR (54)
[2017.12.05-21.54.39:890][456]LogModuleManager: Shutting down and abandoning module OculusHMD (52)
[2017.12.05-21.54.39:890][456]LogModuleManager: Shutting down and abandoning module ExampleDeviceProfileSelector (50)
[2017.12.05-21.54.39:890][456]LogModuleManager: Shutting down and abandoning module OnlineBlueprintSupport (48)
[2017.12.05-21.54.39:890][456]LogModuleManager: Shutting down and abandoning module OnlineSubsystem (44)
[2017.12.05-21.54.39:890][456]LogOnline: Display: Unloading online subsystem: NULL
[2017.12.05-21.54.39:890][456]LogModuleManager: Shutting down and abandoning module XMPP (43)
[2017.12.05-21.54.39:890][456]LogModuleManager: Shutting down and abandoning module HTTP (41)
[2017.12.05-21.54.39:890][456]LogHttp: Display: Http module shutting down, but needs to wait on 1 outstanding Http requests:
[2017.12.05-21.54.39:890][456]LogHttp: Display: 	verb=[POST] url=[https://datarouter.ol.epicgames.com/datarouter/api/v1/public/data?SessionID=%7B09CDDD1B-489A-F6A6-597A-28984B009CDD%7D&AppID=UEEditor.Rocket.Release&AppVersion=4.17.2-3658906%2B%2B%2BUE4%2BRelease-4.17&UserID=57c24bfd4a485b1cce38f19eb7f0e7b6%7C553ac523754045eea9b022c60cfc7b9e%7Cc86b4139-ad29-455a-bdfa-03c0a1a1d1d5&AppEnvironment=datacollector-binary&UploadType=eteventstream] status=Processing
[2017.12.05-21.54.39:895][456]LogModuleManager: Shutting down and abandoning module SSL (40)
[2017.12.05-21.54.39:897][456]LogModuleManager: Shutting down and abandoning module AnimationModifiers (36)
[2017.12.05-21.54.39:897][456]LogModuleManager: Shutting down and abandoning module PropertyEditor (35)
[2017.12.05-21.54.39:897][456]LogModuleManager: Shutting down and abandoning module AudioEditor (32)
[2017.12.05-21.54.39:897][456]LogModuleManager: Shutting down and abandoning module TextureCompressor (30)
[2017.12.05-21.54.39:897][456]LogModuleManager: Shutting down and abandoning module ShaderCore (28)
[2017.12.05-21.54.39:897][456]LogModuleManager: Shutting down and abandoning module Landscape (26)
[2017.12.05-21.54.39:897][456]LogModuleManager: Shutting down and abandoning module SlateRHIRenderer (24)
[2017.12.05-21.54.39:899][456]LogModuleManager: Shutting down and abandoning module OpenGLDrv (22)
[2017.12.05-21.54.39:899][456]LogModuleManager: Shutting down and abandoning module D3D11RHI (20)
[2017.12.05-21.54.39:900][456]LogModuleManager: Shutting down and abandoning module AnimGraphRuntime (18)
[2017.12.05-21.54.39:900][456]LogModuleManager: Shutting down and abandoning module Renderer (16)
[2017.12.05-21.54.39:900][456]LogModuleManager: Shutting down and abandoning module Engine (14)
[2017.12.05-21.54.39:900][456]LogModuleManager: Shutting down and abandoning module CoreUObject (12)
[2017.12.05-21.54.39:900][456]LogModuleManager: Shutting down and abandoning module NetworkFile (10)
[2017.12.05-21.54.39:900][456]LogModuleManager: Shutting down and abandoning module CookedIterativeFile (8)
[2017.12.05-21.54.39:900][456]LogModuleManager: Shutting down and abandoning module StreamingFile (6)
[2017.12.05-21.54.39:900][456]LogModuleManager: Shutting down and abandoning module SandboxFile (4)
[2017.12.05-21.54.39:900][456]LogModuleManager: Shutting down and abandoning module PakFile (2)
[2017.12.05-21.54.39:904][456]LogExit: Exiting.
[2017.12.05-21.54.39:949][456]Log file closed, 12/05/17 21:54:39
