Log file open, 12/09/17 14:04:43
LogWindows: Failed to load 'aqProf.dll' (GetLastError=126)
LogWindows: File 'aqProf.dll' does not exist
LogWindows: Failed to load 'VtuneApi.dll' (GetLastError=126)
LogWindows: File 'VtuneApi.dll' does not exist
LogWindows: Failed to load 'VtuneApi32e.dll' (GetLastError=126)
LogWindows: File 'VtuneApi32e.dll' does not exist
LogInit: Display: Running engine for game: Puzzle_Island
LogPlatformFile: Not using cached read wrapper
LogInit: Display: RandInit(1554646181) SRandInit(1554646181).
LogTaskGraph: Started task graph with 5 named threads and 14 total threads with 3 sets of task threads.
LogStats: Stats thread started at 0.257074
LogD3D11RHI: Aftermath initialized
LogPluginManager: Mounting plugin Paper2D
LogPluginManager: Mounting plugin LightPropagationVolume
LogPluginManager: Mounting plugin CodeLiteSourceCodeAccess
LogPluginManager: Mounting plugin GitSourceControl
LogPluginManager: Mounting plugin KDevelopSourceCodeAccess
LogPluginManager: Mounting plugin NullSourceCodeAccess
LogPluginManager: Mounting plugin PerforceSourceControl
LogPluginManager: Mounting plugin SubversionSourceControl
LogPluginManager: Mounting plugin UObjectPlugin
LogPluginManager: Mounting plugin VisualStudioSourceCodeAccess
LogPluginManager: Mounting plugin XCodeSourceCodeAccess
LogPluginManager: Mounting plugin AssetManagerEditor
LogPluginManager: Mounting plugin AudioCapture
LogPluginManager: Mounting plugin FacialAnimation
LogPluginManager: Mounting plugin GameplayTagsEditor
LogPluginManager: Mounting plugin MobileLauncherProfileWizard
LogPluginManager: Mounting plugin PluginBrowser
LogPluginManager: Mounting plugin SpeedTreeImporter
LogPluginManager: Mounting plugin AlembicImporter
LogPluginManager: Mounting plugin CharacterAI
LogPluginManager: Mounting plugin HTML5Networking
LogPluginManager: Mounting plugin AndroidMedia
LogPluginManager: Mounting plugin AvfMedia
LogPluginManager: Mounting plugin MediaPlayerEditor
LogPluginManager: Mounting plugin WmfMedia
LogPluginManager: Mounting plugin TcpMessaging
LogPluginManager: Mounting plugin UdpMessaging
LogPluginManager: Mounting plugin LevelSequenceEditor
LogPluginManager: Mounting plugin MatineeToLevelSequence
LogPluginManager: Mounting plugin OnlineSubsystemGooglePlay
LogPluginManager: Mounting plugin OnlineSubsystemIOS
LogPluginManager: Mounting plugin OnlineSubsystem
LogPluginManager: Mounting plugin OnlineSubsystemNull
LogPluginManager: Mounting plugin OnlineSubsystemUtils
LogPluginManager: Mounting plugin AndroidDeviceProfileSelector
LogPluginManager: Mounting plugin AndroidMoviePlayer
LogPluginManager: Mounting plugin AndroidPermission
LogPluginManager: Mounting plugin AppleMoviePlayer
LogPluginManager: Mounting plugin ArchVisCharacter
LogPluginManager: Mounting plugin CableComponent
LogPluginManager: Mounting plugin CustomMeshComponent
LogPluginManager: Mounting plugin ExampleDeviceProfileSelector
LogPluginManager: Mounting plugin GoogleCloudMessaging
LogPluginManager: Mounting plugin ImmediatePhysics
LogPluginManager: Mounting plugin IOSDeviceProfileSelector
LogPluginManager: Mounting plugin LinuxDeviceProfileSelector
LogPluginManager: Mounting plugin LocationServicesBPLibrary
LogPluginManager: Mounting plugin MobilePatchingUtils
LogPluginManager: Mounting plugin OculusVR
LogPluginManager: Mounting plugin PhysXVehicles
LogPluginManager: Mounting plugin ProceduralMeshComponent
LogPluginManager: Mounting plugin RuntimePhysXCooking
LogPluginManager: Mounting plugin SteamVR
LogPluginManager: Mounting plugin WindowsMoviePlayer
LogInit: Using libcurl 7.47.1
LogInit:  - built for x86_64-pc-win32
LogInit:  - supports SSL with OpenSSL/1.0.2g
LogInit:  - supports HTTP deflate (compression) using libz 1.2.8
LogInit:  - other features:
LogInit:      CURL_VERSION_SSL
LogInit:      CURL_VERSION_LIBZ
LogInit:      CURL_VERSION_IPV6
LogInit:      CURL_VERSION_ASYNCHDNS
LogInit:      CURL_VERSION_LARGEFILE
LogInit:      CURL_VERSION_IDN
LogInit:  CurlRequestOptions (configurable via config and command line):
LogInit:  - bVerifyPeer = false  - Libcurl will NOT verify peer certificate
LogInit:  - bUseHttpProxy = false  - Libcurl will NOT use HTTP proxy
LogInit:  - bDontReuseConnections = false  - Libcurl will reuse connections
LogInit:  - CertBundlePath = nullptr  - Libcurl will use whatever was configured at build time.
LogInit: Build: ++UE4+Release-4.17-CL-3658906
LogInit: Engine Version: 4.17.2-3658906+++UE4+Release-4.17
LogInit: Compatible Engine Version: 4.17.0-3573198+++UE4+Release-4.17
LogInit: Net CL: 3573198
LogDevObjectVersion: Number of dev versions registered: 16
LogDevObjectVersion:   Dev-Blueprints (B0D832E4-1F89-4F0D-ACCF-7EB736FD4AA2): 10
LogDevObjectVersion:   Dev-Build (E1C64328-A22C-4D53-A36C-8E866417BD8C): 0
LogDevObjectVersion:   Dev-Core (375EC13C-06E4-48FB-B500-84F0262A717E): 2
LogDevObjectVersion:   Dev-Editor (E4B068ED-F494-42E9-A231-DA0B2E46BB41): 20
LogDevObjectVersion:   Dev-Framework (CFFC743F-43B0-4480-9391-14DF171D2073): 28
LogDevObjectVersion:   Dev-Mobile (B02B49B5-BB20-44E9-A304-32B752E40360): 0
LogDevObjectVersion:   Dev-Networking (A4E4105C-59A1-49B5-A7C5-40C4547EDFEE): 0
LogDevObjectVersion:   Dev-Online (39C831C9-5AE6-47DC-9A44-9C173E1C8E7C): 0
LogDevObjectVersion:   Dev-Physics (78F01B33-EBEA-4F98-B9B4-84EACCB95AA2): 0
LogDevObjectVersion:   Dev-Platform (6631380F-2D4D-43E0-8009-CF276956A95A): 0
LogDevObjectVersion:   Dev-Rendering (12F88B9F-8875-4AFC-A67C-D90C383ABD29): 19
LogDevObjectVersion:   Dev-Sequencer (7B5AE74C-D270-4C10-A958-57980B212A5A): 4
LogDevObjectVersion:   Dev-VR (D7296918-1DD6-4BDD-9DE2-64A83CC13884): 0
LogDevObjectVersion:   Dev-LoadTimes (C2A15278-BFE7-4AFE-6C17-90FF531DF755): 1
LogDevObjectVersion:   Private-Geometry (6EACA3D4-40EC-4CC1-B786-8BED09428FC5): 1
LogDevObjectVersion:   Dev-AnimPhys (29E575DD-E0A3-4627-9D10-D276232CDCEA): 7
LogInit: Compiled (64-bit): Sep 22 2017 13:47:16
LogInit: Compiled with Visual C++: 19.00.24215.01
LogInit: Build Configuration: Development
LogInit: Branch Name: ++UE4+Release-4.17
LogInit: Command line:  
LogInit: Base directory: C:/Program Files/Epic Games/UE_4.17/Engine/Binaries/Win64/
LogInit: Installed Engine Build: 1
LogInit: Presizing for max 8388607 objects, including 0 objects not considered by GC, pre-allocating 0 bytes for permanent pool.
LogInit: Object subsystem initialized
[2017.12.09-14.04.47:011][  0]LogInit: Selected Device Profile: [Windows]
[2017.12.09-14.04.47:011][  0]LogInit: Applying CVar settings loaded from the selected device profile: [Windows]
[2017.12.09-14.04.47:029][  0]LogInit: Computer: JAKUBSIEWNIAK
[2017.12.09-14.04.47:029][  0]LogInit: User: Jakub
[2017.12.09-14.04.47:029][  0]LogInit: CPU Page size=4096, Cores=4
[2017.12.09-14.04.47:029][  0]LogInit: High frequency timer resolution =2.435765 MHz
[2017.12.09-14.04.47:030][  0]LogMemory: Memory total: Physical=31.9GB (32GB approx)
[2017.12.09-14.04.47:030][  0]LogMemory: Platform Memory Stats for Windows
[2017.12.09-14.04.47:030][  0]LogMemory: Process Physical Memory: 282.67 MB used, 282.67 MB peak
[2017.12.09-14.04.47:030][  0]LogMemory: Process Virtual Memory: 289.55 MB used, 289.55 MB peak
[2017.12.09-14.04.47:030][  0]LogMemory: Physical Memory: 8650.01 MB used,  24034.41 MB free, 32684.42 MB total
[2017.12.09-14.04.47:030][  0]LogMemory: Virtual Memory: 708.17 MB used,  24034.41 MB free, 134217728.00 MB total
[2017.12.09-14.04.48:027][  0]LogInit: Using OS detected language (en-GB).
[2017.12.09-14.04.48:027][  0]LogInit: Using OS detected locale (en-GB).
[2017.12.09-14.04.48:041][  0]LogTextLocalizationManager: No specific localization for 'en-GB' exists, so the 'en' localization will be used.
[2017.12.09-14.04.49:738][  0]LogD3D11RHI: D3D11 adapters:
[2017.12.09-14.04.49:840][  0]LogD3D11RHI:    0. 'NVIDIA GeForce GTX 880M' (Feature Level 11_0)
[2017.12.09-14.04.49:840][  0]LogD3D11RHI:       8154/0/16342 MB DedicatedVideo/DedicatedSystem/SharedSystem, Outputs:1, VendorId:0x10de
[2017.12.09-14.04.49:850][  0]LogD3D11RHI:    1. 'Intel(R) HD Graphics 4600' (Feature Level 11_0)
[2017.12.09-14.04.49:850][  0]LogD3D11RHI:       112/0/2048 MB DedicatedVideo/DedicatedSystem/SharedSystem, Outputs:0, VendorId:0x8086
[2017.12.09-14.04.49:855][  0]LogD3D11RHI:    2. 'Microsoft Basic Render Driver' (Feature Level 11_0)
[2017.12.09-14.04.49:855][  0]LogD3D11RHI:       0/0/16342 MB DedicatedVideo/DedicatedSystem/SharedSystem, Outputs:0, VendorId:0x1414
[2017.12.09-14.04.49:855][  0]LogD3D11RHI: Chosen D3D11 Adapter: 0
[2017.12.09-14.04.49:865][  0]LogD3D11RHI: Creating new Direct3DDevice
[2017.12.09-14.04.49:865][  0]LogD3D11RHI:     GPU DeviceId: 0x1198 (for the marketing name, search the web for "GPU Device Id")
[2017.12.09-14.04.49:865][  0]LogWindows: EnumDisplayDevices:
[2017.12.09-14.04.49:866][  0]LogWindows:    0. 'Intel(R) HD Graphics 4600' (P:1 D:1)
[2017.12.09-14.04.49:866][  0]LogWindows:    1. 'Intel(R) HD Graphics 4600' (P:0 D:0)
[2017.12.09-14.04.49:867][  0]LogWindows:    2. 'Intel(R) HD Graphics 4600' (P:0 D:0)
[2017.12.09-14.04.49:867][  0]LogWindows: DebugString: GetVideoDriverDetailsInvalid PrimaryIsNotTheChoosenAdapter GetVideoDriverDetailsInvalid PrimaryIsNotTheChoosenAdapter GetVideoDriverDetailsInvalid PrimaryIsNotTheChoosenAdapter FoundDriverCount:0 
[2017.12.09-14.04.49:867][  0]LogD3D11RHI:     Adapter Name: NVIDIA GeForce GTX 880M
[2017.12.09-14.04.49:867][  0]LogD3D11RHI:   Driver Version: Unknown (internal:Unknown, unified:Unknown)
[2017.12.09-14.04.49:867][  0]LogD3D11RHI:      Driver Date: Unknown
[2017.12.09-14.04.49:868][  0]LogRHI: Texture pool is 1361 MB (70% of 1945 MB)
[2017.12.09-14.04.49:926][  0]LogD3D11RHI: Async texture creation enabled
[2017.12.09-14.04.49:946][  0]LogD3D11RHI: GPU Timing Frequency: 1000.000000 (Debug: 2 1)
[2017.12.09-14.04.49:948][  0]LogShaderCompilers: Guid format shader working directory is -20 characters bigger than the processId version (D:/Education/Uniwersytet/Year3/VGD/Puzzle-Island-VGD/Puzzle_Island/Intermediate/Shaders/WorkingDirectory/5656/).
[2017.12.09-14.04.49:948][  0]LogShaderCompilers: Cleaned the shader compiler working directory 'C:/Users/Jakub/AppData/Local/Temp/UnrealShaderWorkingDir/5B6DC48344940993C77FAC949C4403C8/'.
[2017.12.09-14.04.49:948][  0]LogShaderCompilers: Display: Using Local Shader Compiler.
[2017.12.09-14.04.52:462][  0]LogTemp: Display: Loaded TP AllDesktopTargetPlatform
[2017.12.09-14.04.52:634][  0]LogTemp: Display: Loaded TP MacClientTargetPlatform
[2017.12.09-14.04.52:805][  0]LogTemp: Display: Loaded TP MacNoEditorTargetPlatform
[2017.12.09-14.04.52:989][  0]LogTemp: Display: Loaded TP MacServerTargetPlatform
[2017.12.09-14.04.53:172][  0]LogTemp: Display: Loaded TP MacTargetPlatform
[2017.12.09-14.04.53:356][  0]LogTemp: Display: Loaded TP WindowsClientTargetPlatform
[2017.12.09-14.04.53:536][  0]LogTemp: Display: Loaded TP WindowsNoEditorTargetPlatform
[2017.12.09-14.04.53:720][  0]LogTemp: Display: Loaded TP WindowsServerTargetPlatform
[2017.12.09-14.04.53:886][  0]LogTemp: Display: Loaded TP WindowsTargetPlatform
[2017.12.09-14.04.54:080][  0]LogTemp: Display: Loaded TP AndroidTargetPlatform
[2017.12.09-14.04.54:256][  0]LogTemp: Display: Loaded TP Android_ASTCTargetPlatform
[2017.12.09-14.04.54:438][  0]LogTemp: Display: Loaded TP Android_ATCTargetPlatform
[2017.12.09-14.04.54:615][  0]LogTemp: Display: Loaded TP Android_DXTTargetPlatform
[2017.12.09-14.04.54:792][  0]LogTemp: Display: Loaded TP Android_ETC1TargetPlatform
[2017.12.09-14.04.54:974][  0]LogTemp: Display: Loaded TP Android_ETC2TargetPlatform
[2017.12.09-14.04.55:312][  0]LogTemp: Display: Loaded TP Android_MultiTargetPlatform
[2017.12.09-14.04.55:312][  0]LogTemp: Display: Loaded TP Android_PVRTCTargetPlatform
[2017.12.09-14.04.55:452][  0]LogTemp: Display: Loaded TP HTML5TargetPlatform
[2017.12.09-14.04.55:713][  0]LogTemp: Display: Loaded TP IOSTargetPlatform
[2017.12.09-14.04.55:799][  0]LogTemp: Display: Loaded TP TVOSTargetPlatform
[2017.12.09-14.04.55:967][  0]LogTemp: Display: Loaded TP LinuxClientTargetPlatform
[2017.12.09-14.04.56:158][  0]LogTemp: Display: Loaded TP LinuxNoEditorTargetPlatform
[2017.12.09-14.04.56:336][  0]LogTemp: Display: Loaded TP LinuxServerTargetPlatform
[2017.12.09-14.04.56:512][  0]LogTemp: Display: Loaded TP LinuxTargetPlatform
[2017.12.09-14.04.56:512][  0]LogTargetPlatformManager: Display: Building Assets For Windows
[2017.12.09-14.04.58:203][  0]LogDerivedDataCache: Display: Max Cache Size: 512 MB
[2017.12.09-14.04.58:349][  0]LogDerivedDataCache: Loaded boot cache 0.15s 98MB C:/Users/Jakub/AppData/Local/UnrealEngine/4.17/DerivedDataCache/Boot.ddc.
[2017.12.09-14.04.58:349][  0]LogDerivedDataCache: Display: Loaded Boot cache: C:/Users/Jakub/AppData/Local/UnrealEngine/4.17/DerivedDataCache/Boot.ddc
[2017.12.09-14.04.58:350][  0]LogDerivedDataCache: FDerivedDataBackendGraph:  Pak pak cache file D:/Education/Uniwersytet/Year3/VGD/Puzzle-Island-VGD/Puzzle_Island/DerivedDataCache/DDC.ddp not found, will not use a pak cache.
[2017.12.09-14.04.58:350][  0]LogDerivedDataCache: Unable to find inner node Pak for hierarchical cache Hierarchy.
[2017.12.09-14.04.58:350][  0]LogDerivedDataCache: FDerivedDataBackendGraph:  CompressedPak pak cache file D:/Education/Uniwersytet/Year3/VGD/Puzzle-Island-VGD/Puzzle_Island/DerivedDataCache/Compressed.ddp not found, will not use a pak cache.
[2017.12.09-14.04.58:350][  0]LogDerivedDataCache: Unable to find inner node CompressedPak for hierarchical cache Hierarchy.
[2017.12.09-14.04.58:379][  0]LogDerivedDataCache: Display: Pak cache opened for reading ../../../Engine/DerivedDataCache/Compressed.ddp.
[2017.12.09-14.04.58:394][  0]LogDerivedDataCache: Using Local data cache path C:/Users/Jakub/AppData/Local/UnrealEngine/Common/DerivedDataCache: Writable
[2017.12.09-14.04.58:422][  0]LogMaterial: Verifying Global Shaders for PCD3D_SM5
[2017.12.09-14.04.58:422][  0]LogSlate: Using Freetype 2.6.0
[2017.12.09-14.04.58:424][  0]LogSlate: SlateFontCache - WITH_FREETYPE: 1, WITH_HARFBUZZ: 1
[2017.12.09-14.04.58:424][  0]LogSlate: SlateFontCache - WITH_FREETYPE: 1, WITH_HARFBUZZ: 1
[2017.12.09-14.04.59:143][  0]LogAssetRegistry: FAssetRegistry took 0.0350 seconds to start up
[2017.12.09-14.04.59:567][  0]LogInit: Selected Device Profile: [Windows]
[2017.12.09-14.04.59:996][  0]LogContentStreaming: Texture pool size is 0.00 MB
[2017.12.09-14.05.01:256][  0]LogSimplygon: Simplygon DLL not present - disabling.
[2017.12.09-14.05.01:421][  0]LogMeshReduction: Using SimplygonSwarm for distributed automatic mesh merging
[2017.12.09-14.05.01:421][  0]LogMeshReduction: Using QuadricMeshReduction for automatic static mesh reduction
[2017.12.09-14.05.01:421][  0]LogMeshReduction: No automatic skeletal mesh reduction module available
[2017.12.09-14.05.01:421][  0]LogMeshReduction: No automatic mesh merging module available
[2017.12.09-14.05.01:421][  0]LogMeshMerging: No automatic mesh merging module available
[2017.12.09-14.05.02:517][  0]LogNetVersion: Puzzle_Island , NetCL: 3573198, EngineNetVer: 2, GameNetVer: 0 (Checksum: 3939646741)
[2017.12.09-14.05.03:210][  0]LogPackageLocalizationCache: Processed 5 localized package path(s) for 2 prioritized culture(s) in 0.135271 seconds
[2017.12.09-14.05.03:225][  0]LogUObjectArray: 35825 objects as part of root set at end of initial load.
[2017.12.09-14.05.03:225][  0]LogUObjectAllocator: 7529104 out of 0 bytes used by permanent object pool.
[2017.12.09-14.05.03:226][  0]LogUObjectArray: CloseDisregardForGC: 0/0 objects in disregard for GC pool
[2017.12.09-14.05.03:420][  0]LogInit: WinSock: version 1.1 (2.2), MaxSocks=32767, MaxUdp=65467
[2017.12.09-14.05.11:298][  0]LogTcpMessaging: Initializing TcpMessaging bridge
[2017.12.09-14.05.11:405][  0]LogUdpMessaging: Initializing bridge on interface 0.0.0.0:0 to multicast group 230.0.0.1:6666.
[2017.12.09-14.05.14:144][  0]LogMaterial: Uniform references updated for custom material expression Custom.
[2017.12.09-14.05.15:528][  0]SourceControl: Source control is disabled
[2017.12.09-14.05.15:528][  0]SourceControl: Source control is disabled
[2017.12.09-14.05.15:668][  0]SourceControl: Source control is disabled
[2017.12.09-14.05.15:818][  0]SourceControl: Source control is disabled
[2017.12.09-14.05.18:163][  0]LogAndroidPermission: UAndroidPermissionCallbackProxy::GetInstance
[2017.12.09-14.05.19:143][  0]LogOcInput: OculusInput pre-init called
[2017.12.09-14.05.20:032][  0]LogEngine: Initializing Engine...
[2017.12.09-14.05.20:038][  0]LogHMD: Failed to initialize OpenVR with code 110
[2017.12.09-14.05.20:505][  0]LogStats: UGameplayTagsManager::ConstructGameplayTagTree: Construct from data asset -  0.000 s
[2017.12.09-14.05.20:505][  0]LogStats: UGameplayTagsManager::ConstructGameplayTagTree: GameplayTagTreeChangedEvent.Broadcast -  0.000 s
[2017.12.09-14.05.20:919][  0]LogAIModule: Creating AISystem for world Untitled
[2017.12.09-14.05.20:935][  0]LogInit: XAudio2 using 'Speakers (Realtek High Definition Audio)' : 2 channels at 48 kHz using 32 bits per sample (channel mask 0x3)
[2017.12.09-14.05.20:987][  0]LogInit: FAudioDevice initialized.
[2017.12.09-14.05.21:134][  0]LogDerivedDataCache: Saved boot cache 0.15s 98MB C:/Users/Jakub/AppData/Local/UnrealEngine/4.17/DerivedDataCache/Boot.ddc.
[2017.12.09-14.05.21:148][  0]LogInit: Texture streaming: Enabled
[2017.12.09-14.05.21:506][  0]LogEngineSessionManager: EngineSessionManager initialized
[2017.12.09-14.05.22:259][  0]LogInit: Transaction tracking system initialized
[2017.12.09-14.05.23:148][  0]BlueprintLog: New page: Editor Load
[2017.12.09-14.05.27:170][  0]LocalizationService: Localization service is disabled
[2017.12.09-14.05.29:871][  0]LogConsoleResponse: Display: 
[2017.12.09-14.05.30:393][  0]LogAutoReimportManager: Warning: Unable to watch directory D:/Education/Uniwersytet/Year3/VGD/Puzzle-Island-VGD/Puzzle_Island/Content/ as it will conflict with another watching D:/Education/Uniwersytet/Year3/VGD/Puzzle-Island-VGD/Puzzle_Island/Content/.
[2017.12.09-14.05.30:393][  0]LogAutoReimportManager: Warning: Unable to watch directory D:/Education/Uniwersytet/Year3/VGD/Puzzle-Island-VGD/Puzzle_Island/Content/ as it will conflict with another watching D:/Education/Uniwersytet/Year3/VGD/Puzzle-Island-VGD/Puzzle_Island/Content/.
[2017.12.09-14.05.30:393][  0]LogAutoReimportManager: Warning: Unable to watch directory D:/Education/Uniwersytet/Year3/VGD/Puzzle-Island-VGD/Puzzle_Island/Content/ as it will conflict with another watching D:/Education/Uniwersytet/Year3/VGD/Puzzle-Island-VGD/Puzzle_Island/Content/.
[2017.12.09-14.05.30:407][  0]LogCook: Display: Max memory allowance for cook 16384mb min free memory 0mb
[2017.12.09-14.05.30:407][  0]LogCook: Display: Mobile HDR setting 1
[2017.12.09-14.05.30:407][  0]LogGameplayTags: Display: UGameplayTagsManager::DoneAddingNativeTags. DelegateIsBound: 0
[2017.12.09-14.05.31:531][  0]LogFileCache: Scanning file cache for directory 'D:/Education/Uniwersytet/Year3/VGD/Puzzle-Island-VGD/Puzzle_Island/Content/' took 0.02s
[2017.12.09-14.05.33:724][  0]SourceControl: Source control is disabled
[2017.12.09-14.05.33:724][  0]Cmd: MAP LOAD FILE="D:/Education/Uniwersytet/Year3/VGD/Puzzle-Island-VGD/Puzzle_Island/Content/Maps/Puzzle_Island.umap" TEMPLATE=0 SHOWPROGRESS=1 FEATURELEVEL=3
[2017.12.09-14.05.33:725][  0]LightingResults: New page: Lighting Build
[2017.12.09-14.05.33:820][  0]MapCheck: New page: Map Check
[2017.12.09-14.05.33:820][  0]LightingResults: New page: Lighting Build
[2017.12.09-14.05.34:903][  0]LogAIModule: Creating AISystem for world Puzzle_Island
[2017.12.09-14.05.35:198][  0]LogEditorServer: Finished looking for orphan Actors (0.000 secs)
[2017.12.09-14.05.35:358][  0]Cmd: MAP CHECKDEP NOCLEARLOG
[2017.12.09-14.05.35:560][  0]MapCheck: Map check complete: 0 Error(s), 0 Warning(s), took 201.607ms to complete.
[2017.12.09-14.05.35:560][  0]LogFileHelpers: Loading map 'Puzzle_Island' took 1.836
[2017.12.09-14.05.35:838][  0]LogCollectionManager: Loaded 0 collections in 0.004156 seconds
[2017.12.09-14.05.36:017][  0]LogFileCache: Scanning file cache for directory 'D:/Education/Uniwersytet/Year3/VGD/Puzzle-Island-VGD/Puzzle_Island/Saved/Collections/' took 0.01s
[2017.12.09-14.05.36:017][  0]LogFileCache: Scanning file cache for directory 'D:/Education/Uniwersytet/Year3/VGD/Puzzle-Island-VGD/Puzzle_Island/Content/Developers/Jakub/Collections/' took 0.01s
[2017.12.09-14.05.36:017][  0]LogFileCache: Scanning file cache for directory 'D:/Education/Uniwersytet/Year3/VGD/Puzzle-Island-VGD/Puzzle_Island/Content/Collections/' took 0.01s
[2017.12.09-14.05.36:017][  0]LogCollectionManager: Rebuilt the GUID cache for 0 collections in 0.000000 seconds
[2017.12.09-14.05.36:044][  0]LogContentBrowser: Native class hierarchy populated in 0.0262 seconds. Added 2388 classes and 502 folders.
[2017.12.09-14.05.36:218][  0]LogContentBrowser: Native class hierarchy updated for 'WidgetCarousel' in 0.0036 seconds. Added 0 classes and 0 folders.
[2017.12.09-14.05.36:370][  0]LogContentBrowser: Native class hierarchy updated for 'AddContentDialog' in 0.0050 seconds. Added 0 classes and 0 folders.
[2017.12.09-14.05.36:508][  0]LogContentBrowser: Native class hierarchy updated for 'SceneOutliner' in 0.0058 seconds. Added 1 classes and 2 folders.
[2017.12.09-14.05.36:667][  0]LogSlate: Took 0.000417 seconds to synchronously load lazily loaded font '../../../Engine/Content/Slate/Fonts/Roboto-Regular.ttf' (155K)
[2017.12.09-14.05.36:670][  0]LogSlate: Took 0.000490 seconds to synchronously load lazily loaded font '../../../Engine/Content/Slate/Fonts/Roboto-Bold.ttf' (160K)
[2017.12.09-14.05.36:680][  0]LogSlate: Took 0.000655 seconds to synchronously load lazily loaded font '../../../Engine/Content/Editor/Slate/Fonts/FontAwesome.ttf' (139K)
[2017.12.09-14.05.36:891][  0]LogRenderer: Reallocating scene render targets to support 1084x572 Format 10 NumSamples 1 (Frame:1).
[2017.12.09-14.05.37:222][  0]LogContentBrowser: Native class hierarchy updated for 'HierarchicalLODOutliner' in 0.0035 seconds. Added 1 classes and 2 folders.
[2017.12.09-14.05.37:223][  0]LogLoad: (Engine Initialization) Total time: 56.55 seconds
[2017.12.09-14.05.37:223][  0]LogLoad: (Engine Initialization) Total Blueprint compile time: 0.00 seconds
[2017.12.09-14.05.37:223][  0]LogExternalProfiler: Found external profiler: VSPerf
[2017.12.09-14.05.37:223][  0]LogExternalProfiler: Using external profiler: VSPerf
[2017.12.09-14.05.37:558][  0]LogWindowsTextInputMethodSystem: Display: IME system now deactivated.
[2017.12.09-14.05.37:603][  0]LogContentStreaming: Texture pool size now 1000 MB
[2017.12.09-14.05.37:729][  0]LogSlate: Took 0.000556 seconds to synchronously load lazily loaded font '../../../Engine/Content/Slate/Fonts/Roboto-Light.ttf' (159K)
[2017.12.09-14.05.37:898][  1]LogFileCache: Retrieving MD5 hashes for directory 'D:/Education/Uniwersytet/Year3/VGD/Puzzle-Island-VGD/Puzzle_Island/Content/' took 0.32s
[2017.12.09-14.05.38:257][  2]LogAssetRegistry: Asset discovery search completed in 39.1370 seconds
[2017.12.09-14.05.38:264][  2]LogCollectionManager: Rebuilt the object cache for 0 collections in 0.000001 seconds (found 0 objects)
[2017.12.09-14.05.38:264][  2]LogCollectionManager: Fixed up redirectors for 0 collections in 0.000126 seconds (updated 0 objects)
[2017.12.09-14.05.55:096][192]LogEditorViewport: Clicking on Actor (LMB): Landscape (Landscape1)
[2017.12.09-14.27.41:617][371]Cmd: POLY SELECT ADJACENT WALLS
[2017.12.09-14.27.41:653][372]Cmd: POLY SELECT MEMORY UNION
[2017.12.09-14.28.09:615][ 13]LogEditorViewport: Clicking on Actor (LMB): BP_Sky_Sphere_C (Sky Sphere)
[2017.12.09-14.29.08:120][838]LogEditorViewport: Clicking on Actor (LMB): SprintAbilityPickup_C (SprintAbilityPickup)
[2017.12.09-14.29.54:152][419]LogEditorViewport: Clicking on Actor (LMB): SprintAbilityPickup_C (SprintAbilityPickup)
[2017.12.09-14.29.54:240][423]LogEditorViewport: Clicking on Component (LMB): StaticMeshComponent (Sphere)
[2017.12.09-14.30.03:214][932]LogSlate: Took 0.000495 seconds to synchronously load lazily loaded font '../../../Engine/Content/Slate/Fonts/Roboto-Light.ttf' (159K)
[2017.12.09-14.30.49:686][955]LogMaterial: Missing cached shader map for material bridge_Mat1, compiling. 
[2017.12.09-14.30.59:582][437]LogSlate: Took 0.000636 seconds to synchronously load lazily loaded font '../../../Engine/Content/Slate/Fonts/Roboto-Light.ttf' (159K)
[2017.12.09-14.30.59:712][437]Cmd: OBJ SAVEPACKAGE PACKAGE="/Game/Materials/fortesting" FILE="D:/Education/Uniwersytet/Year3/VGD/Puzzle-Island-VGD/Puzzle_Island/Content/Materials/fortesting.uasset" SILENT=true
[2017.12.09-14.30.59:748][437]LogSavePackage: Save=30.57ms
[2017.12.09-14.30.59:748][437]LogSavePackage: Moving 'D:/Education/Uniwersytet/Year3/VGD/Puzzle-Island-VGD/Puzzle_Island/Saved/fortesting41EF736D4E63076D42BA87BA9ED8259E.tmp' to 'D:/Education/Uniwersytet/Year3/VGD/Puzzle-Island-VGD/Puzzle_Island/Content/Materials/fortesting.uasset'
[2017.12.09-14.30.59:759][437]LogSavePackage: Display: Finished SavePackage D:/Education/Uniwersytet/Year3/VGD/Puzzle-Island-VGD/Puzzle_Island/Content/Materials/fortesting.uasset
[2017.12.09-14.31.06:843][818]LogContentBrowser: Native class hierarchy updated for 'MaterialEditor' in 0.0039 seconds. Added 1 classes and 0 folders.
[2017.12.09-14.31.06:849][818]LogMaterial: Missing cached shader map for material fortesting, compiling. 
[2017.12.09-14.31.07:088][818]LogMaterial: Missing cached shader map for material fortesting, compiling. 
[2017.12.09-14.31.07:118][818]LogMaterial: Missing cached shader map for material fortesting, compiling. 
[2017.12.09-14.31.07:179][818]LogMaterial: Missing cached shader map for material FMatExpressionPreview MaterialExpressionTextureSample_0, compiling. 
[2017.12.09-14.31.07:206][818]LogSlate: Took 0.000553 seconds to synchronously load lazily loaded font '../../../Engine/Content/Editor/Slate/Fonts/Roboto-BoldCondensed.ttf' (158K)
[2017.12.09-14.31.10:992][917]LogMaterial: Missing cached shader map for material fortesting, compiling. 
[2017.12.09-14.31.11:023][917]LogMaterial: Missing cached shader map for material FMatExpressionPreview MaterialExpressionTextureSample_0, compiling. 
[2017.12.09-14.31.14:089][ 11]MaterialEditorStats: Base pass shader: 87 instructions
[2017.12.09-14.31.14:089][ 11]MaterialEditorStats: Vertex shader: 31 instructions
[2017.12.09-14.31.14:090][ 11]MaterialEditorStats: Texture samplers: 4/16
[2017.12.09-14.31.14:090][ 11]MaterialEditorStats: User interpolators: 2/4 Scalars (1/4 Vectors) (TexCoords: 2, Custom: 0)
[2017.12.09-14.31.22:470][426]LogMaterial: Missing cached shader map for material fortesting, compiling. 
[2017.12.09-14.31.25:337][514]MaterialEditorStats: Base pass shader: 87 instructions
[2017.12.09-14.31.25:337][514]MaterialEditorStats: Vertex shader: 31 instructions
[2017.12.09-14.31.25:337][514]MaterialEditorStats: Texture samplers: 4/16
[2017.12.09-14.31.25:337][514]MaterialEditorStats: User interpolators: 2/4 Scalars (1/4 Vectors) (TexCoords: 2, Custom: 0)
[2017.12.09-14.31.26:077][551]LogMaterial: Missing cached shader map for material fortesting, compiling. 
[2017.12.09-14.31.28:981][642]MaterialEditorStats: Base pass shader: 81 instructions
[2017.12.09-14.31.28:981][642]MaterialEditorStats: Vertex shader: 31 instructions
[2017.12.09-14.31.28:981][642]MaterialEditorStats: Texture samplers: 4/16
[2017.12.09-14.31.28:981][642]MaterialEditorStats: User interpolators: 2/4 Scalars (1/4 Vectors) (TexCoords: 2, Custom: 0)
[2017.12.09-14.31.55:656][421]LogMaterial: Missing cached shader map for material fortesting, compiling. 
[2017.12.09-14.31.55:682][421]LogMaterial: Missing cached shader map for material FMatExpressionPreview MaterialExpressionTextureSample_0, compiling. 
[2017.12.09-14.31.59:407][538]MaterialEditorStats: Base pass shader: 87 instructions
[2017.12.09-14.31.59:407][538]MaterialEditorStats: Vertex shader: 31 instructions
[2017.12.09-14.31.59:407][538]MaterialEditorStats: Texture samplers: 4/16
[2017.12.09-14.31.59:407][538]MaterialEditorStats: User interpolators: 2/4 Scalars (1/4 Vectors) (TexCoords: 2, Custom: 0)
[2017.12.09-14.32.03:398][669]LogSavePackage: Save=1115.28ms
[2017.12.09-14.32.03:398][669]LogSavePackage: Moving 'D:/Education/Uniwersytet/Year3/VGD/Puzzle-Island-VGD/Puzzle_Island/Saved/Puzzle_Island_Auto176D1A730400EFB77001D50BDCA806F1C.tmp' to 'D:/Education/Uniwersytet/Year3/VGD/Puzzle-Island-VGD/Puzzle_Island/Saved/Autosaves/Game/Maps/Puzzle_Island_Auto1.umap'
[2017.12.09-14.32.03:406][669]LogSavePackage: Display: Finished SavePackage D:/Education/Uniwersytet/Year3/VGD/Puzzle-Island-VGD/Puzzle_Island/Saved/Autosaves/Game/Maps/Puzzle_Island_Auto1.umap
[2017.12.09-14.32.03:411][669]LogSlate: Took 0.000405 seconds to synchronously load lazily loaded font '../../../Engine/Content/Slate/Fonts/Roboto-Regular.ttf' (155K)
[2017.12.09-14.32.03:413][669]LogFileHelpers: Editor autosave (incl. sublevels) for '/Game/Maps/Puzzle_Island' took 1.169
[2017.12.09-14.32.03:413][669]LogFileHelpers: Editor autosave (incl. sublevels) for all levels took 1.169
[2017.12.09-14.32.05:017][743]LogMaterial: Missing cached shader map for material fortesting, compiling. 
[2017.12.09-14.32.05:047][743]LogMaterial: Missing cached shader map for material FMatExpressionPreview MaterialExpressionTextureSample_0, compiling. 
[2017.12.09-14.32.08:175][834]MaterialEditorStats: Base pass shader: 87 instructions
[2017.12.09-14.32.08:175][834]MaterialEditorStats: Vertex shader: 31 instructions
[2017.12.09-14.32.08:175][834]MaterialEditorStats: Texture samplers: 4/16
[2017.12.09-14.32.08:175][834]MaterialEditorStats: User interpolators: 2/4 Scalars (1/4 Vectors) (TexCoords: 2, Custom: 0)
[2017.12.09-14.32.11:043][968]LogMaterial: Missing cached shader map for material fortesting, compiling. 
[2017.12.09-14.32.11:070][968]LogMaterial: Missing cached shader map for material FMatExpressionPreview MaterialExpressionTextureSample_0, compiling. 
[2017.12.09-14.32.13:954][ 55]MaterialEditorStats: Base pass shader: 87 instructions
[2017.12.09-14.32.13:954][ 55]MaterialEditorStats: Vertex shader: 31 instructions
[2017.12.09-14.32.13:954][ 55]MaterialEditorStats: Texture samplers: 4/16
[2017.12.09-14.32.13:954][ 55]MaterialEditorStats: User interpolators: 2/4 Scalars (1/4 Vectors) (TexCoords: 2, Custom: 0)
[2017.12.09-14.32.14:732][ 86]LogMaterial: Missing cached shader map for material fortesting, compiling. 
[2017.12.09-14.32.16:728][146]LogMaterial: Missing cached shader map for material fortesting, compiling. 
[2017.12.09-14.32.20:036][243]MaterialEditorStats: Base pass shader: 81 instructions
[2017.12.09-14.32.20:036][243]MaterialEditorStats: Vertex shader: 31 instructions
[2017.12.09-14.32.20:036][243]MaterialEditorStats: Texture samplers: 4/16
[2017.12.09-14.32.20:036][243]MaterialEditorStats: User interpolators: 2/4 Scalars (1/4 Vectors) (TexCoords: 2, Custom: 0)
[2017.12.09-14.32.36:888][ 77]MapCheck: New page: Map Check
[2017.12.09-14.32.36:907][ 77]Cmd: MAP REBUILD ALLVISIBLE
[2017.12.09-14.32.36:907][ 77]LogEditorServer: Rebuildmap Clear paths rebuilt
[2017.12.09-14.32.37:129][ 77]LightingResults: New page: Lighting Build - 9 Dec 2017 14:32:37
[2017.12.09-14.32.37:482][ 77]LogSwarmInterface: [OpenConnection] Registering TCP channel ...
[2017.12.09-14.32.37:662][ 77]LogSwarmInterface: [OpenConnection] Connecting to agent ...
[2017.12.09-14.32.37:738][ 77]LogSwarmInterface: [TryOpenConnection] Testing the Agent
[2017.12.09-14.32.38:774][ 77]LogSwarmInterface: [TryOpenConnection] Opening Connection to Agent
[2017.12.09-14.32.38:774][ 77]LogSwarmInterface: [TryOpenConnection] Local Process ID is 5656
[2017.12.09-14.32.46:128][ 77]LightingResults: Warning: No importance volume found and the scene is so large that the automatically synthesized volume will not yield good results.  Please add a tightly bounding lightmass importance volume to optimize your scene's quality and lighting build times.
[2017.12.09-14.32.46:129][ 77]LogStaticLightingSystem: Running Lightmass w/ ImmediateImport mode ENABLED
[2017.12.09-14.32.46:129][ 77]LogStaticLightingSystem: Running Lightmass w/ ImmediateProcess mode ENABLED
[2017.12.09-14.32.46:129][ 77]LogStaticLightingSystem: Running Lightmass w/ Sorting mode ENABLED
[2017.12.09-14.32.46:129][ 77]LogStaticLightingSystem: Running Lightmass w/ Mapping paddings ENABLED
[2017.12.09-14.32.46:129][ 77]LogStaticLightingSystem: Running Lightmass w/ Mapping debug paddings DISABLED
[2017.12.09-14.32.46:460][ 77]LogEditorBuildUtils: Build time 0:09
[2017.12.09-14.32.46:605][ 79]LogMaterial: Missing cached shader map for material FLightmassMaterialRenderer bridge_Mat, compiling. 
[2017.12.09-14.32.46:613][ 79]LogMaterial: Missing cached shader map for material FLightmassMaterialRenderer bridge_Mat, compiling. 
[2017.12.09-14.32.46:651][ 80]LogMaterial: Missing cached shader map for material FLightmassMaterialRenderer fortesting, compiling. 
[2017.12.09-14.32.46:673][ 80]LogMaterial: Missing cached shader map for material FLightmassMaterialRenderer fortesting, compiling. 
[2017.12.09-14.33.37:216][786]Job is a success!
[2017.12.09-14.33.37:217][786]Cmd: OBJ SAVEPACKAGE PACKAGE="/Game/Maps/Main_Menu" FILE="D:/Education/Uniwersytet/Year3/VGD/Puzzle-Island-VGD/Puzzle_Island/Content/Maps/Main_Menu.umap" SILENT=true AUTOSAVING=false KEEPDIRTY=false
[2017.12.09-14.33.37:262][786]LogSavePackage: Save=13.58ms
[2017.12.09-14.33.37:262][786]LogSavePackage: Moving 'D:/Education/Uniwersytet/Year3/VGD/Puzzle-Island-VGD/Puzzle_Island/Saved/Main_Menu3C6519714023FDF40EC42D90459BA53B.tmp' to 'D:/Education/Uniwersytet/Year3/VGD/Puzzle-Island-VGD/Puzzle_Island/Content/Maps/Main_Menu.umap'
[2017.12.09-14.33.37:275][786]LogSavePackage: Display: Finished SavePackage D:/Education/Uniwersytet/Year3/VGD/Puzzle-Island-VGD/Puzzle_Island/Content/Maps/Main_Menu.umap
[2017.12.09-14.33.37:275][786]LogFileHelpers: Saving map 'Main_Menu' took 0.329
[2017.12.09-14.33.39:004][786]LogSavePackage: Save=1437.47ms
[2017.12.09-14.33.39:005][786]LogSavePackage: Moving 'D:/Education/Uniwersytet/Year3/VGD/Puzzle-Island-VGD/Puzzle_Island/Saved/Puzzle_Island34DFBA19408B6427287FA6A04417BF23.tmp' to 'D:/Education/Uniwersytet/Year3/VGD/Puzzle-Island-VGD/Puzzle_Island/Content/Maps/Puzzle_Island.umap'
[2017.12.09-14.33.39:018][786]LogSavePackage: Display: Finished SavePackage D:/Education/Uniwersytet/Year3/VGD/Puzzle-Island-VGD/Puzzle_Island/Content/Maps/Puzzle_Island.umap
[2017.12.09-14.33.39:155][786]LogFileHelpers: Saving map 'Puzzle_Island' took 1.880
[2017.12.09-14.33.39:179][786]LightingResults: Warning: Bridge_SM Object has overlapping UVs.
[2017.12.09-14.33.39:179][786]LightingResults: Bridge_SM Lightmap UV are overlapping by 2.1%. Please adjust content - Enable Error Coloring to visualize.
[2017.12.09-14.33.42:175][787]LogTexture: Display: Building textures: HQ_Lightmap1_1 (AutoDXT, 256X256)
[2017.12.09-14.33.42:175][787]LogTexture: Display: Building textures: LQ_Lightmap_1_1 (DXT1, 256X256)
[2017.12.09-14.33.42:175][787]LogTexture: Display: Building textures: HQ_Lightmap1_2 (AutoDXT, 1024X1024)
[2017.12.09-14.33.42:175][787]LogTexture: Display: Building textures: LQ_Lightmap_1_2 (DXT1, 1024X1024)
[2017.12.09-14.33.42:175][787]LogTexture: Display: Building textures: HQ_Lightmap1_3 (AutoDXT, 1024X1024)
[2017.12.09-14.33.42:175][787]LogTexture: Display: Building textures: LQ_Lightmap_1_3 (DXT1, 1024X1024)
[2017.12.09-14.33.42:175][787]LogTexture: Display: Building textures: HQ_Lightmap1_4 (AutoDXT, 1024X1024)
[2017.12.09-14.33.42:175][787]LogTexture: Display: Building textures: LQ_Lightmap_1_4 (DXT1, 1024X1024)
[2017.12.09-14.33.42:176][787]LogTexture: Display: Building textures: HQ_Lightmap1_5 (AutoDXT, 512X512)
[2017.12.09-14.33.42:176][787]LogTexture: Display: Building textures: LQ_Lightmap_1_5 (DXT1, 512X512)
[2017.12.09-14.33.42:176][787]LogTexture: Display: Building textures: HQ_Lightmap1_6 (AutoDXT, 128X128)
[2017.12.09-14.33.42:176][787]LogTexture: Display: Building textures: LQ_Lightmap_1_6 (DXT1, 128X128)
[2017.12.09-14.33.42:176][787]LogTexture: Display: Building textures: HQ_Lightmap0_7 (AutoDXT, 128X128)
[2017.12.09-14.33.42:176][787]LogTexture: Display: Building textures: LQ_Lightmap_0_7 (DXT1, 128X128)
[2017.12.09-14.33.42:375][787]LogTexture: Display: Building textures: ShadowMapTexture2D_6 (BGRA8, 128X128)
[2017.12.09-14.33.42:379][787]LogTexture: Display: Building textures: ShadowMapTexture2D_9 (G8, 1024X256)
[2017.12.09-14.33.42:607][787]LogTexture: Display: Building textures: ShadowMapTexture2D_8 (BGRA8, 1024X256)
[2017.12.09-14.33.42:607][787]LogTexture: Display: Building textures: ShadowMapTexture2D_11 (G8, 64X64)
[2017.12.09-14.33.42:607][787]LogTexture: Display: Building textures: ShadowMapTexture2D_12 (G8, 64X64)
[2017.12.09-14.33.42:607][787]LogTexture: Display: Building textures: ShadowMapTexture2D_10 (G8, 1024X128)
[2017.12.09-14.33.42:607][787]LogTexture: Display: Building textures: ShadowMapTexture2D_7 (BGRA8, 1024X512)
[2017.12.09-14.33.42:680][787]Lightmass on JAKUBSIEWNIAK: 53.5 sec total, 1.29 sec importing, 1.65 sec setup, 4.66 sec photons, 45.9 sec processing, 0 ms extra exporting [287/287 mappings]. Threads: 5:21 min total, 3:55 min processing.
[2017.12.09-14.33.42:733][787]LogStaticLightingSystem: Illumination: 1:05 min (2.47 sec encoding lightmaps, 430 ms encoding shadowmaps)
[2017.12.09-14.33.42:734][787]LogStaticLightingSystem: Lightmap texture memory:  6.7 MB (6.6 MB streaming, 0.1 MB non-streaming), 14 textures
[2017.12.09-14.33.42:734][787]LogStaticLightingSystem: Shadowmap texture memory: 4.6 MB (4.5 MB streaming, 0.1 MB non-streaming), 7 textures
[2017.12.09-14.33.43:158][787]DumpUnbuiltLightIteractions
[2017.12.09-14.33.43:158][787]Lights with unbuilt interactions: 0
[2017.12.09-14.33.43:158][787]
[2017.12.09-14.33.43:158][787]Primitives with unbuilt interactions: 0
[2017.12.09-14.33.43:179][788]Cmd: MAP CHECK NOTIFYRESULTS
[2017.12.09-14.33.43:180][788]MapCheck: New page: Puzzle_Island - 9 Dec 2017 14:33:43
[2017.12.09-14.33.43:457][788]MapCheck: Map check complete: 0 Error(s), 0 Warning(s), took 277.592ms to complete.
[2017.12.09-14.33.51:558][ 77]LogSavePackage: Save=1395.93ms
[2017.12.09-14.33.51:558][ 77]LogSavePackage: Moving 'D:/Education/Uniwersytet/Year3/VGD/Puzzle-Island-VGD/Puzzle_Island/Saved/Puzzle_Island327236D040415350D49976B62CD86261.tmp' to 'D:/Education/Uniwersytet/Year3/VGD/Puzzle-Island-VGD/Puzzle_Island/Content/Maps/Puzzle_Island.umap'
[2017.12.09-14.33.51:570][ 77]LogSavePackage: Display: Finished SavePackage D:/Education/Uniwersytet/Year3/VGD/Puzzle-Island-VGD/Puzzle_Island/Content/Maps/Puzzle_Island.umap
[2017.12.09-14.33.51:698][ 77]LogFileHelpers: Saving map 'Puzzle_Island' took 1.756
[2017.12.09-14.33.51:698][ 77]Cmd: OBJ SAVEPACKAGE PACKAGE="/Game/Maps/Puzzle_Island_BuiltData" FILE="D:/Education/Uniwersytet/Year3/VGD/Puzzle-Island-VGD/Puzzle_Island/Content/Maps/Puzzle_Island_BuiltData.uasset" SILENT=true
[2017.12.09-14.33.52:634][ 77]LogSavePackage: Save=904.85ms
[2017.12.09-14.33.52:634][ 77]LogSavePackage: Moving 'D:/Education/Uniwersytet/Year3/VGD/Puzzle-Island-VGD/Puzzle_Island/Saved/Puzzle_Island_BuiltDataF87624304D481621B94CF19305B03CAA.tmp' to 'D:/Education/Uniwersytet/Year3/VGD/Puzzle-Island-VGD/Puzzle_Island/Content/Maps/Puzzle_Island_BuiltData.uasset'
[2017.12.09-14.33.52:648][ 77]LogSavePackage: Display: Finished SavePackage D:/Education/Uniwersytet/Year3/VGD/Puzzle-Island-VGD/Puzzle_Island/Content/Maps/Puzzle_Island_BuiltData.uasset
[2017.12.09-14.33.52:652][ 77]Cmd: MAP LOAD FILE="D:/Education/Uniwersytet/Year3/VGD/Puzzle-Island-VGD/Puzzle_Island/Content/Maps/Main_Menu.umap" TEMPLATE=0 SHOWPROGRESS=1 FEATURELEVEL=3
[2017.12.09-14.33.52:652][ 77]LightingResults: New page: Lighting Build
[2017.12.09-14.33.52:654][ 77]LoadErrors: New page: Loading map: Main_Menu.umap
[2017.12.09-14.33.52:659][ 77]MapCheck: New page: Map Check
[2017.12.09-14.33.52:659][ 77]LightingResults: New page: Lighting Build
[2017.12.09-14.33.52:830][ 77]LogEditorServer: Finished looking for orphan Actors (0.000 secs)
[2017.12.09-14.33.52:831][ 77]LogAIModule: Creating AISystem for world Main_Menu
[2017.12.09-14.33.53:035][ 77]Cmd: MAP CHECKDEP NOCLEARLOG
[2017.12.09-14.33.53:248][ 77]MapCheck: Map check complete: 0 Error(s), 0 Warning(s), took 212.803ms to complete.
[2017.12.09-14.33.53:249][ 77]LogFileHelpers: Loading map 'Main_Menu' took 0.600
[2017.12.09-14.39.50:703][892]LogFactory: FactoryCreateFile: FontFace with FontFileImportFactory (0 0 D:/Education/Uniwersytet/Year3/VGD/Fonts/Beauty and the Beast.ttf)
[2017.12.09-14.40.04:969][893]LogSlate: Took 0.025312 seconds to synchronously load lazily loaded font '../../../Engine/Content/Slate/Fonts/DroidSansFallback.ttf' (3848K)
[2017.12.09-14.40.04:974][893]LogSlate: Took 0.000303 seconds to synchronously load lazily loaded font '../../../Engine/Content/Slate/Fonts/Roboto-Regular.ttf' (155K)
[2017.12.09-14.40.04:979][893]LogSlate: Took 0.000401 seconds to synchronously load lazily loaded font '../../../Engine/Content/Slate/Fonts/Roboto-Bold.ttf' (160K)
[2017.12.09-14.40.04:987][893]LogSlate: Took 0.000414 seconds to synchronously load lazily loaded font '../../../Engine/Content/Editor/Slate/Fonts/FontAwesome.ttf' (139K)
[2017.12.09-14.40.04:991][893]LogSlate: Took 0.000471 seconds to synchronously load lazily loaded font '../../../Engine/Content/Slate/Fonts/Roboto-Light.ttf' (159K)
[2017.12.09-14.40.09:347][331]LogSlate: Took 0.000301 seconds to synchronously load lazily loaded font '../../../Engine/Content/Slate/Fonts/Roboto-Light.ttf' (159K)
[2017.12.09-14.40.23:420][398]LogFactory: FactoryCreateFile: FontFace with FontFileImportFactory (0 0 D:/Education/Uniwersytet/Year3/VGD/Fonts/marie_eve/CFMarieEve.ttf)
[2017.12.09-14.40.25:559][399]LogSlate: Took 0.002637 seconds to synchronously load lazily loaded font '../../../Engine/Content/Slate/Fonts/DroidSansFallback.ttf' (3848K)
[2017.12.09-14.40.25:565][399]LogSlate: Took 0.000390 seconds to synchronously load lazily loaded font '../../../Engine/Content/Slate/Fonts/Roboto-Regular.ttf' (155K)
[2017.12.09-14.40.25:569][399]LogSlate: Took 0.000592 seconds to synchronously load lazily loaded font '../../../Engine/Content/Slate/Fonts/Roboto-Light.ttf' (159K)
[2017.12.09-14.40.25:575][399]LogSlate: Took 0.000357 seconds to synchronously load lazily loaded font '../../../Engine/Content/Slate/Fonts/Roboto-Bold.ttf' (160K)
[2017.12.09-14.40.25:582][399]LogSlate: Took 0.000351 seconds to synchronously load lazily loaded font '../../../Engine/Content/Editor/Slate/Fonts/FontAwesome.ttf' (139K)
[2017.12.09-14.40.32:917][ 39]LogSlate: Took 0.000479 seconds to synchronously load lazily loaded font '../../../Engine/Content/Slate/Fonts/Roboto-Light.ttf' (159K)
[2017.12.09-14.40.33:603][ 39]LogContentBrowser: Native class hierarchy updated for 'BlueprintGraph' in 0.0041 seconds. Added 113 classes and 0 folders.
[2017.12.09-14.40.34:560][ 39]LogSlate: Took 0.000275 seconds to synchronously load lazily loaded font '../../../Engine/Content/Slate/Fonts/Roboto-Light.ttf' (159K)
[2017.12.09-14.40.34:561][ 39]LogSlate: Took 0.000252 seconds to synchronously load lazily loaded font '../../../Engine/Content/Editor/Slate/Fonts/Roboto-BoldCondensed.ttf' (158K)
[2017.12.09-14.42.10:420][948]Cmd: CLOSE_SLATE_MAINFRAME
[2017.12.09-14.42.12:417][948]Cmd: OBJ SAVEPACKAGE PACKAGE="/Game/Fonts/Beauty_and_the_Beast" FILE="D:/Education/Uniwersytet/Year3/VGD/Puzzle-Island-VGD/Puzzle_Island/Content/Fonts/Beauty_and_the_Beast.uasset" SILENT=true
[2017.12.09-14.42.12:425][948]LogSavePackage: Save=3.09ms
[2017.12.09-14.42.12:425][948]LogSavePackage: Moving 'D:/Education/Uniwersytet/Year3/VGD/Puzzle-Island-VGD/Puzzle_Island/Saved/Beauty_and_the_Beast2B044E0846277B22DA142E815658FBA0.tmp' to 'D:/Education/Uniwersytet/Year3/VGD/Puzzle-Island-VGD/Puzzle_Island/Content/Fonts/Beauty_and_the_Beast.uasset'
[2017.12.09-14.42.12:434][948]LogSavePackage: Display: Finished SavePackage D:/Education/Uniwersytet/Year3/VGD/Puzzle-Island-VGD/Puzzle_Island/Content/Fonts/Beauty_and_the_Beast.uasset
[2017.12.09-14.42.12:453][948]Cmd: OBJ SAVEPACKAGE PACKAGE="/Game/Fonts/Beauty_and_the_Beast_Font" FILE="D:/Education/Uniwersytet/Year3/VGD/Puzzle-Island-VGD/Puzzle_Island/Content/Fonts/Beauty_and_the_Beast_Font.uasset" SILENT=true
[2017.12.09-14.42.12:466][948]LogSavePackage: Save=9.16ms
[2017.12.09-14.42.12:466][948]LogSavePackage: Moving 'D:/Education/Uniwersytet/Year3/VGD/Puzzle-Island-VGD/Puzzle_Island/Saved/Beauty_and_the_Beast_Font7426CC794DF7B3DE8E27FEB335F7D320.tmp' to 'D:/Education/Uniwersytet/Year3/VGD/Puzzle-Island-VGD/Puzzle_Island/Content/Fonts/Beauty_and_the_Beast_Font.uasset'
[2017.12.09-14.42.12:475][948]LogSavePackage: Display: Finished SavePackage D:/Education/Uniwersytet/Year3/VGD/Puzzle-Island-VGD/Puzzle_Island/Content/Fonts/Beauty_and_the_Beast_Font.uasset
[2017.12.09-14.42.12:480][948]Cmd: OBJ SAVEPACKAGE PACKAGE="/Game/Fonts/CFMarieEve" FILE="D:/Education/Uniwersytet/Year3/VGD/Puzzle-Island-VGD/Puzzle_Island/Content/Fonts/CFMarieEve.uasset" SILENT=true
[2017.12.09-14.42.12:489][948]LogSavePackage: Save=3.43ms
[2017.12.09-14.42.12:489][948]LogSavePackage: Moving 'D:/Education/Uniwersytet/Year3/VGD/Puzzle-Island-VGD/Puzzle_Island/Saved/CFMarieEve65233D8A4F46DE4D7E13CD885415D085.tmp' to 'D:/Education/Uniwersytet/Year3/VGD/Puzzle-Island-VGD/Puzzle_Island/Content/Fonts/CFMarieEve.uasset'
[2017.12.09-14.42.12:497][948]LogSavePackage: Display: Finished SavePackage D:/Education/Uniwersytet/Year3/VGD/Puzzle-Island-VGD/Puzzle_Island/Content/Fonts/CFMarieEve.uasset
[2017.12.09-14.42.12:510][948]Cmd: OBJ SAVEPACKAGE PACKAGE="/Game/Fonts/CFMarieEve_Font" FILE="D:/Education/Uniwersytet/Year3/VGD/Puzzle-Island-VGD/Puzzle_Island/Content/Fonts/CFMarieEve_Font.uasset" SILENT=true
[2017.12.09-14.42.12:520][948]LogSavePackage: Save=7.13ms
[2017.12.09-14.42.12:520][948]LogSavePackage: Moving 'D:/Education/Uniwersytet/Year3/VGD/Puzzle-Island-VGD/Puzzle_Island/Saved/CFMarieEve_FontF280167C4467BB0B070ACD9154092100.tmp' to 'D:/Education/Uniwersytet/Year3/VGD/Puzzle-Island-VGD/Puzzle_Island/Content/Fonts/CFMarieEve_Font.uasset'
[2017.12.09-14.42.12:527][948]LogSavePackage: Display: Finished SavePackage D:/Education/Uniwersytet/Year3/VGD/Puzzle-Island-VGD/Puzzle_Island/Content/Fonts/CFMarieEve_Font.uasset
[2017.12.09-14.42.12:662][948]LogWindowsTextInputMethodSystem: Display: IME system now deactivated.
[2017.12.09-14.42.12:929][949]Cmd: QUIT_EDITOR
[2017.12.09-14.42.12:991][949]LogExit: Preparing to exit.
[2017.12.09-14.42.13:411][949]LogExit: Editor shut down
[2017.12.09-14.42.13:416][949]LogExit: Transaction tracking system shut down
[2017.12.09-14.42.13:643][949]LogDirectoryWatcher: A directory notification for '../../../Engine/Content/' was aborted.
[2017.12.09-14.42.13:643][949]LogDirectoryWatcher: A directory notification for 'D:/Education/Uniwersytet/Year3/VGD/Puzzle-Island-VGD/Puzzle_Island/Content/' was aborted.
[2017.12.09-14.42.13:643][949]LogDirectoryWatcher: A directory notification for '../../../Engine/Plugins/2D/Paper2D/Content/' was aborted.
[2017.12.09-14.42.13:643][949]LogDirectoryWatcher: A directory notification for '../../../Engine/Plugins/Runtime/Oculus/OculusVR/Content/' was aborted.
[2017.12.09-14.42.13:644][949]LogDirectoryWatcher: A directory notification for '../../../Engine/Plugins/Runtime/Steam/SteamVR/Content/' was aborted.
[2017.12.09-14.42.13:779][949]LogExit: Object subsystem successfully closed.
[2017.12.09-14.42.13:803][949]LogD3D11RHI: Shutdown
[2017.12.09-14.42.13:803][949]LogD3D11RHI: CleanupD3DDevice
[2017.12.09-14.42.13:977][949]LogD3D11RHI: ~FD3D11DynamicRHI
[2017.12.09-14.42.14:037][949]LogModuleManager: Shutting down and abandoning module SequencerWidgets (544)
[2017.12.09-14.42.14:037][949]LogModuleManager: Shutting down and abandoning module BlueprintGraph (542)
[2017.12.09-14.42.14:037][949]LogModuleManager: Shutting down and abandoning module BlueprintProfiler (540)
[2017.12.09-14.42.14:037][949]LogModuleManager: Shutting down and abandoning module FontEditor (538)
[2017.12.09-14.42.14:037][949]LogModuleManager: Shutting down and abandoning module MaterialEditor (536)
[2017.12.09-14.42.14:037][949]LogModuleManager: Shutting down and abandoning module HierarchicalLODUtilities (534)
[2017.12.09-14.42.14:037][949]LogModuleManager: Shutting down and abandoning module HierarchicalLODOutliner (532)
[2017.12.09-14.42.14:037][949]LogModuleManager: Shutting down and abandoning module SceneOutliner (530)
[2017.12.09-14.42.14:037][949]LogModuleManager: Shutting down and abandoning module AddContentDialog (528)
[2017.12.09-14.42.14:037][949]LogDirectoryWatcher: A directory notification for 'C:/Program Files/Epic Games/UE_4.17/FeaturePacks/' was aborted.
[2017.12.09-14.42.14:038][949]LogModuleManager: Shutting down and abandoning module WidgetCarousel (527)
[2017.12.09-14.42.14:039][949]LogModuleManager: Shutting down and abandoning module EditorWidgets (524)
[2017.12.09-14.42.14:039][949]LogModuleManager: Shutting down and abandoning module CollectionManager (522)
[2017.12.09-14.42.14:039][949]LogDirectoryWatcher: A directory notification for 'D:/Education/Uniwersytet/Year3/VGD/Puzzle-Island-VGD/Puzzle_Island/Content/Collections/' was aborted.
[2017.12.09-14.42.14:039][949]LogDirectoryWatcher: A directory notification for 'D:/Education/Uniwersytet/Year3/VGD/Puzzle-Island-VGD/Puzzle_Island/Content/Developers/Jakub/Collections/' was aborted.
[2017.12.09-14.42.14:039][949]LogDirectoryWatcher: A directory notification for 'D:/Education/Uniwersytet/Year3/VGD/Puzzle-Island-VGD/Puzzle_Island/Saved/Collections/' was aborted.
[2017.12.09-14.42.14:039][949]LogModuleManager: Shutting down and abandoning module StatsViewer (520)
[2017.12.09-14.42.14:039][949]LogModuleManager: Shutting down and abandoning module FoliageEdit (518)
[2017.12.09-14.42.14:039][949]LogModuleManager: Shutting down and abandoning module LandscapeEditor (516)
[2017.12.09-14.42.14:039][949]LogModuleManager: Shutting down and abandoning module MeshPaintMode (514)
[2017.12.09-14.42.14:039][949]LogModuleManager: Shutting down and abandoning module SceneDepthPickerMode (512)
[2017.12.09-14.42.14:039][949]LogModuleManager: Shutting down and abandoning module ActorPickerMode (510)
[2017.12.09-14.42.14:039][949]LogModuleManager: Shutting down and abandoning module GeometryMode (508)
[2017.12.09-14.42.14:039][949]LogModuleManager: Shutting down and abandoning module TextureAlignMode (506)
[2017.12.09-14.42.14:040][949]LogModuleManager: Shutting down and abandoning module BspMode (504)
[2017.12.09-14.42.14:040][949]LogModuleManager: Shutting down and abandoning module PIEPreviewDeviceProfileSelector (502)
[2017.12.09-14.42.14:040][949]LogModuleManager: Shutting down and abandoning module HardwareSurvey (500)
[2017.12.09-14.42.14:040][949]LogModuleManager: Shutting down and abandoning module SequenceRecorderSections (498)
[2017.12.09-14.42.14:040][949]LogModuleManager: Shutting down and abandoning module AutomationWorker (496)
[2017.12.09-14.42.14:040][949]LogModuleManager: Shutting down and abandoning module MatineeToLevelSequence (494)
[2017.12.09-14.42.14:040][949]LogModuleManager: Shutting down and abandoning module LevelSequenceEditor (492)
[2017.12.09-14.42.14:040][949]LogModuleManager: Shutting down and abandoning module PlacementMode (491)
[2017.12.09-14.42.14:040][949]LogModuleManager: Shutting down and abandoning module WmfMediaFactory (488)
[2017.12.09-14.42.14:040][949]LogModuleManager: Shutting down and abandoning module WmfMediaEditor (486)
[2017.12.09-14.42.14:040][949]LogModuleManager: Shutting down and abandoning module AvfMediaFactory (484)
[2017.12.09-14.42.14:040][949]LogModuleManager: Shutting down and abandoning module AvfMediaEditor (482)
[2017.12.09-14.42.14:040][949]LogModuleManager: Shutting down and abandoning module AndroidMediaFactory (480)
[2017.12.09-14.42.14:040][949]LogModuleManager: Shutting down and abandoning module Media (479)
[2017.12.09-14.42.14:040][949]LogModuleManager: Shutting down and abandoning module AndroidMediaEditor (476)
[2017.12.09-14.42.14:040][949]LogModuleManager: Shutting down and abandoning module CharacterAI (474)
[2017.12.09-14.42.14:040][949]LogModuleManager: Shutting down and abandoning module AudioCapture (472)
[2017.12.09-14.42.14:040][949]LogModuleManager: Shutting down and abandoning module SequenceRecorder (471)
[2017.12.09-14.42.14:040][949]LogModuleManager: Shutting down and abandoning module SmartSnapping (468)
[2017.12.09-14.42.14:041][949]LogModuleManager: Shutting down and abandoning module SessionServices (466)
[2017.12.09-14.42.14:041][949]LogModuleManager: Shutting down and abandoning module ViewportSnapping (464)
[2017.12.09-14.42.14:041][949]LogModuleManager: Shutting down and abandoning module ViewportInteraction (462)
[2017.12.09-14.42.14:041][949]LogModuleManager: Shutting down and abandoning module ClothPainter (460)
[2017.12.09-14.42.14:041][949]LogModuleManager: Shutting down and abandoning module LogVisualizer (458)
[2017.12.09-14.42.14:041][949]LogModuleManager: Shutting down and abandoning module IntroTutorials (456)
[2017.12.09-14.42.14:041][949]LogModuleManager: Shutting down and abandoning module GameProjectGeneration (455)
[2017.12.09-14.42.14:041][949]LogModuleManager: Shutting down and abandoning module IOSPlatformEditor (452)
[2017.12.09-14.42.14:041][949]LogModuleManager: Shutting down and abandoning module HTML5PlatformEditor (450)
[2017.12.09-14.42.14:041][949]LogModuleManager: Shutting down and abandoning module AndroidPlatformEditor (448)
[2017.12.09-14.42.14:041][949]LogModuleManager: Shutting down and abandoning module AndroidDeviceDetection (447)
[2017.12.09-14.42.14:536][949]LogModuleManager: Shutting down and abandoning module WindowsPlatformEditor (444)
[2017.12.09-14.42.14:536][949]LogModuleManager: Shutting down and abandoning module IOSRuntimeSettings (442)
[2017.12.09-14.42.14:536][949]LogModuleManager: Shutting down and abandoning module AndroidRuntimeSettings (440)
[2017.12.09-14.42.14:536][949]LogModuleManager: Shutting down and abandoning module InputBindingEditor (438)
[2017.12.09-14.42.14:536][949]LogModuleManager: Shutting down and abandoning module MergeActors (436)
[2017.12.09-14.42.14:536][949]LogModuleManager: Shutting down and abandoning module SizeMap (434)
[2017.12.09-14.42.14:536][949]LogModuleManager: Shutting down and abandoning module TreeMap (432)
[2017.12.09-14.42.14:536][949]LogModuleManager: Shutting down and abandoning module ReferenceViewer (430)
[2017.12.09-14.42.14:536][949]LogModuleManager: Shutting down and abandoning module LocalizationDashboard (428)
[2017.12.09-14.42.14:536][949]LogModuleManager: Shutting down and abandoning module LocalizationService (427)
[2017.12.09-14.42.14:536][949]LogModuleManager: Shutting down and abandoning module HardwareTargeting (424)
[2017.12.09-14.42.14:536][949]LogModuleManager: Shutting down and abandoning module DeviceProfileEditor (422)
[2017.12.09-14.42.14:536][949]LogModuleManager: Shutting down and abandoning module UndoHistory (420)
[2017.12.09-14.42.14:536][949]LogModuleManager: Shutting down and abandoning module XmlParser (418)
[2017.12.09-14.42.14:536][949]LogModuleManager: Shutting down and abandoning module Blutility (416)
[2017.12.09-14.42.14:536][949]LogModuleManager: Shutting down and abandoning module ProjectSettingsViewer (414)
[2017.12.09-14.42.14:536][949]LogModuleManager: Shutting down and abandoning module ProjectTargetPlatformEditor (413)
[2017.12.09-14.42.14:537][949]LogModuleManager: Shutting down and abandoning module EditorSettingsViewer (410)
[2017.12.09-14.42.14:537][949]LogModuleManager: Shutting down and abandoning module SettingsEditor (408)
[2017.12.09-14.42.14:537][949]LogModuleManager: Shutting down and abandoning module ProjectLauncher (406)
[2017.12.09-14.42.14:537][949]LogModuleManager: Shutting down and abandoning module SessionFrontend (404)
[2017.12.09-14.42.14:537][949]LogModuleManager: Shutting down and abandoning module ProfilerClient (402)
[2017.12.09-14.42.14:537][949]LogModuleManager: Shutting down and abandoning module DeviceManager (400)
[2017.12.09-14.42.14:537][949]LogModuleManager: Shutting down and abandoning module TargetDeviceServices (399)
[2017.12.09-14.42.14:590][949]LogModuleManager: Shutting down and abandoning module AutomationController (396)
[2017.12.09-14.42.14:590][949]LogModuleManager: Shutting down and abandoning module AutomationWindow (394)
[2017.12.09-14.42.14:590][949]LogModuleManager: Shutting down and abandoning module Layers (392)
[2017.12.09-14.42.14:590][949]LogModuleManager: Shutting down and abandoning module ComponentVisualizers (390)
[2017.12.09-14.42.14:590][949]LogModuleManager: Shutting down and abandoning module DetailCustomizations (388)
[2017.12.09-14.42.14:590][949]LogModuleManager: Shutting down and abandoning module PackagesDialog (386)
[2017.12.09-14.42.14:591][949]LogModuleManager: Shutting down and abandoning module Persona (384)
[2017.12.09-14.42.14:591][949]LogModuleManager: Shutting down and abandoning module AdvancedPreviewScene (383)
[2017.12.09-14.42.14:591][949]LogModuleManager: Shutting down and abandoning module AnimGraph (381)
[2017.12.09-14.42.14:591][949]LogModuleManager: Shutting down and abandoning module Kismet (378)
[2017.12.09-14.42.14:604][949]LogModuleManager: Shutting down and abandoning module ClassViewer (376)
[2017.12.09-14.42.14:604][949]LogModuleManager: Shutting down and abandoning module Toolbox (374)
[2017.12.09-14.42.14:604][949]LogModuleManager: Shutting down and abandoning module ModuleUI (372)
[2017.12.09-14.42.14:604][949]LogModuleManager: Shutting down and abandoning module MovieSceneTools (370)
[2017.12.09-14.42.14:604][949]LogModuleManager: Shutting down and abandoning module OutputLog (368)
[2017.12.09-14.42.14:604][949]LogModuleManager: Shutting down and abandoning module GammaUI (366)
[2017.12.09-14.42.14:604][949]LogModuleManager: Shutting down and abandoning module Documentation (364)
[2017.12.09-14.42.14:605][949]LogModuleManager: Shutting down and abandoning module MovieSceneTracks (362)
[2017.12.09-14.42.14:605][949]LogModuleManager: Shutting down and abandoning module MovieScene (360)
[2017.12.09-14.42.14:605][949]LogModuleManager: Shutting down and abandoning module Niagara (358)
[2017.12.09-14.42.14:605][949]LogModuleManager: Shutting down and abandoning module NiagaraEditor (357)
[2017.12.09-14.42.14:605][949]LogModuleManager: Shutting down and abandoning module StreamingPauseRendering (354)
[2017.12.09-14.42.14:605][949]LogModuleManager: Shutting down and abandoning module LauncherPlatform (352)
[2017.12.09-14.42.14:605][949]LogModuleManager: Shutting down and abandoning module AnalyticsET (350)
[2017.12.09-14.42.14:605][949]LogModuleManager: Shutting down and abandoning module PortalServices (348)
[2017.12.09-14.42.14:605][949]LogModuleManager: Shutting down and abandoning module PortalRpc (346)
[2017.12.09-14.42.14:605][949]LogModuleManager: Shutting down and abandoning module MessagingRpc (344)
[2017.12.09-14.42.14:605][949]LogModuleManager: Shutting down and abandoning module AIModule (342)
[2017.12.09-14.42.14:605][949]LogModuleManager: Shutting down and abandoning module GameplayDebugger (341)
[2017.12.09-14.42.14:605][949]LogModuleManager: Shutting down and abandoning module AITestSuite (339)
[2017.12.09-14.42.14:605][949]LogModuleManager: Shutting down and abandoning module ProfilerService (336)
[2017.12.09-14.42.14:745][949]LogModuleManager: Shutting down and abandoning module TaskGraph (334)
[2017.12.09-14.42.14:745][949]LogModuleManager: Shutting down and abandoning module SteamVRController (332)
[2017.12.09-14.42.14:745][949]LogModuleManager: Shutting down and abandoning module ProceduralMeshComponentEditor (330)
[2017.12.09-14.42.14:745][949]LogModuleManager: Shutting down and abandoning module ProceduralMeshComponent (328)
[2017.12.09-14.42.14:745][949]LogModuleManager: Shutting down and abandoning module OculusInput (326)
[2017.12.09-14.42.14:745][949]LogModuleManager: Shutting down and abandoning module MobilePatchingUtils (324)
[2017.12.09-14.42.14:745][949]LogModuleManager: Shutting down and abandoning module CustomMeshComponent (322)
[2017.12.09-14.42.14:745][949]LogModuleManager: Shutting down and abandoning module CableComponent (320)
[2017.12.09-14.42.14:745][949]LogModuleManager: Shutting down and abandoning module ArchVisCharacter (318)
[2017.12.09-14.42.14:745][949]LogModuleManager: Shutting down and abandoning module AndroidPermission (316)
[2017.12.09-14.42.14:745][949]LogModuleManager: Shutting down and abandoning module MediaPlayerEditor (312)
[2017.12.09-14.42.14:746][949]LogModuleManager: Shutting down and abandoning module HTML5Networking (310)
[2017.12.09-14.42.14:746][949]LogModuleManager: Shutting down and abandoning module AlembicImporter (308)
[2017.12.09-14.42.14:746][949]LogModuleManager: Shutting down and abandoning module AlembicLibrary (307)
[2017.12.09-14.42.14:746][949]LogModuleManager: Shutting down and abandoning module GeometryCache (306)
[2017.12.09-14.42.14:746][949]LogModuleManager: Shutting down and abandoning module GeometryCacheEd (305)
[2017.12.09-14.42.14:746][949]LogModuleManager: Shutting down and abandoning module SpeedTreeImporter (300)
[2017.12.09-14.42.14:746][949]LogModuleManager: Shutting down and abandoning module PluginBrowser (298)
[2017.12.09-14.42.14:746][949]LogModuleManager: Shutting down and abandoning module MobileLauncherProfileWizard (296)
[2017.12.09-14.42.14:746][949]LogModuleManager: Shutting down and abandoning module VisualStudioSourceCodeAccess (294)
[2017.12.09-14.42.14:746][949]LogModuleManager: Shutting down and abandoning module DesktopPlatform (293)
[2017.12.09-14.42.14:746][949]LogModuleManager: Shutting down and abandoning module UObjectPlugin (290)
[2017.12.09-14.42.14:746][949]LogModuleManager: Shutting down and abandoning module SubversionSourceControl (288)
[2017.12.09-14.42.14:746][949]LogModuleManager: Shutting down and abandoning module PerforceSourceControl (286)
[2017.12.09-14.42.14:746][949]LogModuleManager: Shutting down and abandoning module GitSourceControl (284)
[2017.12.09-14.42.14:746][949]LogModuleManager: Shutting down and abandoning module SourceControl (283)
[2017.12.09-14.42.14:746][949]LogModuleManager: Shutting down and abandoning module LightPropagationVolumeEditor (280)
[2017.12.09-14.42.14:746][949]LogModuleManager: Shutting down and abandoning module PaperTiledImporter (278)
[2017.12.09-14.42.14:746][949]LogModuleManager: Shutting down and abandoning module PaperSpriteSheetImporter (276)
[2017.12.09-14.42.14:746][949]LogModuleManager: Shutting down and abandoning module Paper2DEditor (274)
[2017.12.09-14.42.14:746][949]LogModuleManager: Shutting down and abandoning module MeshPaint (273)
[2017.12.09-14.42.14:746][949]LogModuleManager: Shutting down and abandoning module LevelEditor (271)
[2017.12.09-14.42.14:747][949]LogModuleManager: Shutting down and abandoning module PixelInspectorModule (270)
[2017.12.09-14.42.14:747][949]LogModuleManager: Shutting down and abandoning module MainFrame (268)
[2017.12.09-14.42.14:748][949]LogModuleManager: Shutting down and abandoning module HotReload (267)
[2017.12.09-14.42.14:748][949]LogDirectoryWatcher: A directory notification for 'D:/Education/Uniwersytet/Year3/VGD/Puzzle-Island-VGD/Puzzle_Island/Binaries/Win64' was aborted.
[2017.12.09-14.42.14:749][949]LogModuleManager: Shutting down and abandoning module Puzzle_Island (262)
[2017.12.09-14.42.14:749][949]LogModuleManager: Shutting down and abandoning module RuntimePhysXCooking (260)
[2017.12.09-14.42.14:749][949]LogModuleManager: Shutting down and abandoning module PhysXVehiclesEditor (258)
[2017.12.09-14.42.14:749][949]LogModuleManager: Shutting down and abandoning module PhysXVehicles (256)
[2017.12.09-14.42.14:749][949]LogModuleManager: Shutting down and abandoning module OculusEditor (254)
[2017.12.09-14.42.14:749][949]LogModuleManager: Shutting down and abandoning module LocationServicesBPLibrary (252)
[2017.12.09-14.42.14:749][949]LogModuleManager: Shutting down and abandoning module ImmediatePhysicsEditor (250)
[2017.12.09-14.42.14:749][949]LogModuleManager: Shutting down and abandoning module ImmediatePhysics (248)
[2017.12.09-14.42.14:749][949]LogModuleManager: Shutting down and abandoning module UdpMessaging (246)
[2017.12.09-14.42.14:850][949]LogModuleManager: Shutting down and abandoning module TcpMessaging (244)
[2017.12.09-14.42.14:951][949]LogModuleManager: Shutting down and abandoning module GameplayTagsEditor (242)
[2017.12.09-14.42.14:951][949]LogModuleManager: Shutting down and abandoning module FacialAnimationEditor (240)
[2017.12.09-14.42.14:951][949]LogModuleManager: Shutting down and abandoning module FacialAnimation (238)
[2017.12.09-14.42.14:951][949]LogModuleManager: Shutting down and abandoning module AssetManagerEditor (236)
[2017.12.09-14.42.14:951][949]LogModuleManager: Shutting down and abandoning module GraphEditor (235)
[2017.12.09-14.42.14:951][949]LogModuleManager: Shutting down and abandoning module ContentBrowser (233)
[2017.12.09-14.42.14:953][949]LogModuleManager: Shutting down and abandoning module LightPropagationVolumeRuntime (230)
[2017.12.09-14.42.14:953][949]LogModuleManager: Shutting down and abandoning module Paper2D (228)
[2017.12.09-14.42.14:953][949]LogModuleManager: Shutting down and abandoning module WindowsMoviePlayer (226)
[2017.12.09-14.42.14:953][949]LogModuleManager: Shutting down and abandoning module WmfMedia (224)
[2017.12.09-14.42.14:956][949]LogModuleManager: Shutting down and abandoning module PacketHandler (222)
[2017.12.09-14.42.14:956][949]LogModuleManager: Shutting down and abandoning module ClothingSystemEditor (220)
[2017.12.09-14.42.14:956][949]LogModuleManager: Shutting down and abandoning module ClothingSystemRuntime (218)
[2017.12.09-14.42.14:956][949]LogModuleManager: Shutting down and abandoning module Overlay (216)
[2017.12.09-14.42.14:956][949]LogModuleManager: Shutting down and abandoning module OverlayEditor (215)
[2017.12.09-14.42.14:956][949]LogModuleManager: Shutting down and abandoning module MediaAssets (212)
[2017.12.09-14.42.14:956][949]LogModuleManager: Shutting down and abandoning module VREditor (210)
[2017.12.09-14.42.14:956][949]LogModuleManager: Shutting down and abandoning module StringTableEditor (208)
[2017.12.09-14.42.14:956][949]LogModuleManager: Shutting down and abandoning module GameplayTasksEditor (206)
[2017.12.09-14.42.14:956][949]LogModuleManager: Shutting down and abandoning module BehaviorTreeEditor (204)
[2017.12.09-14.42.14:956][949]LogModuleManager: Shutting down and abandoning module FunctionalTesting (202)
[2017.12.09-14.42.14:956][949]LogModuleManager: Shutting down and abandoning module CollisionAnalyzer (200)
[2017.12.09-14.42.14:956][949]LogModuleManager: Shutting down and abandoning module WorkspaceMenuStructure (199)
[2017.12.09-14.42.14:956][949]LogModuleManager: Shutting down and abandoning module UMG (196)
[2017.12.09-14.42.14:956][949]LogModuleManager: Shutting down and abandoning module UMGEditor (195)
[2017.12.09-14.42.14:956][949]LogModuleManager: Shutting down and abandoning module Sequencer (194)
[2017.12.09-14.42.14:956][949]LogModuleManager: Shutting down and abandoning module MessageLog (191)
[2017.12.09-14.42.14:956][949]LogModuleManager: Shutting down and abandoning module SlateReflector (186)
[2017.12.09-14.42.14:956][949]LogModuleManager: Shutting down and abandoning module Slate (184)
[2017.12.09-14.42.14:956][949]LogModuleManager: Shutting down and abandoning module EditorStyle (182)
[2017.12.09-14.42.14:963][949]LogModuleManager: Shutting down and abandoning module MRMesh (180)
[2017.12.09-14.42.14:963][949]LogModuleManager: Shutting down and abandoning module SourceCodeAccess (178)
[2017.12.09-14.42.14:963][949]LogModuleManager: Shutting down and abandoning module HeadMountedDisplay (176)
[2017.12.09-14.42.14:963][949]LogModuleManager: Shutting down and abandoning module XAudio2 (174)
[2017.12.09-14.42.14:963][949]LogModuleManager: Shutting down and abandoning module Networking (172)
[2017.12.09-14.42.14:963][949]LogModuleManager: Shutting down and abandoning module Core (168)
[2017.12.09-14.42.14:963][949]LogModuleManager: Shutting down and abandoning module KismetCompiler (164)
[2017.12.09-14.42.14:963][949]LogModuleManager: Shutting down and abandoning module LevelSequence (162)
[2017.12.09-14.42.14:963][949]LogModuleManager: Shutting down and abandoning module MeshUtilities (160)
[2017.12.09-14.42.14:963][949]LogModuleManager: Shutting down and abandoning module MeshMergeUtilities (159)
[2017.12.09-14.42.14:963][949]LogModuleManager: Shutting down and abandoning module MeshReductionInterface (158)
[2017.12.09-14.42.14:964][949]LogModuleManager: Shutting down and abandoning module SimplygonSwarm (157)
[2017.12.09-14.42.14:964][949]LogModuleManager: Shutting down and abandoning module SimplygonMeshReduction (155)
[2017.12.09-14.42.14:964][949]LogModuleManager: Shutting down and abandoning module QuadricMeshReduction (153)
[2017.12.09-14.42.14:964][949]LogModuleManager: Shutting down and abandoning module MaterialBaking (149)
[2017.12.09-14.42.14:964][949]LogModuleManager: Shutting down and abandoning module DirectoryWatcher (146)
[2017.12.09-14.42.14:965][949]LogModuleManager: Shutting down and abandoning module DerivedDataCache (144)
[2017.12.09-14.42.15:026][949]LogDerivedDataCache: Shutdown
[2017.12.09-14.42.15:027][949]LogModuleManager: Shutting down and abandoning module TargetPlatform (142)
[2017.12.09-14.42.15:027][949]LogModuleManager: Shutting down and abandoning module VulkanShaderFormat (141)
[2017.12.09-14.42.15:027][949]LogModuleManager: Shutting down and abandoning module ShaderFormatVectorVM (139)
[2017.12.09-14.42.15:027][949]LogModuleManager: Shutting down and abandoning module ShaderFormatOpenGL (137)
[2017.12.09-14.42.15:027][949]LogModuleManager: Shutting down and abandoning module ShaderFormatD3D (135)
[2017.12.09-14.42.15:027][949]LogModuleManager: Shutting down and abandoning module MetalShaderFormat (133)
[2017.12.09-14.42.15:027][949]LogModuleManager: Shutting down and abandoning module TextureFormatUncompressed (131)
[2017.12.09-14.42.15:027][949]LogModuleManager: Shutting down and abandoning module TextureFormatPVR (129)
[2017.12.09-14.42.15:027][949]LogModuleManager: Shutting down and abandoning module TextureFormatDXT (127)
[2017.12.09-14.42.15:027][949]LogModuleManager: Shutting down and abandoning module TextureFormatIntelISPCTexComp (125)
[2017.12.09-14.42.15:027][949]LogModuleManager: Shutting down and abandoning module TextureFormatASTC (123)
[2017.12.09-14.42.15:027][949]LogModuleManager: Shutting down and abandoning module ImageWrapper (122)
[2017.12.09-14.42.15:027][949]LogModuleManager: Shutting down and abandoning module TextureFormatAndroid (119)
[2017.12.09-14.42.15:027][949]LogModuleManager: Shutting down and abandoning module AudioFormatOpus (117)
[2017.12.09-14.42.15:027][949]LogModuleManager: Shutting down and abandoning module AudioFormatOgg (115)
[2017.12.09-14.42.15:027][949]LogModuleManager: Shutting down and abandoning module AudioFormatADPCM (113)
[2017.12.09-14.42.15:027][949]LogModuleManager: Shutting down and abandoning module LinuxTargetPlatform (111)
[2017.12.09-14.42.15:027][949]LogModuleManager: Shutting down and abandoning module LinuxServerTargetPlatform (109)
[2017.12.09-14.42.15:027][949]LogModuleManager: Shutting down and abandoning module LinuxNoEditorTargetPlatform (107)
[2017.12.09-14.42.15:027][949]LogModuleManager: Shutting down and abandoning module LinuxClientTargetPlatform (105)
[2017.12.09-14.42.15:027][949]LogModuleManager: Shutting down and abandoning module TVOSTargetPlatform (103)
[2017.12.09-14.42.15:027][949]LogModuleManager: Shutting down and abandoning module Messaging (101)
[2017.12.09-14.42.15:027][949]LogModuleManager: Shutting down and abandoning module IOSTargetPlatform (99)
[2017.12.09-14.42.15:027][949]LogModuleManager: Shutting down and abandoning module HTML5TargetPlatform (97)
[2017.12.09-14.42.15:027][949]LogModuleManager: Shutting down and abandoning module Android_PVRTCTargetPlatform (95)
[2017.12.09-14.42.15:027][949]LogModuleManager: Shutting down and abandoning module Android_MultiTargetPlatform (93)
[2017.12.09-14.42.15:027][949]LogModuleManager: Shutting down and abandoning module Android_ETC2TargetPlatform (91)
[2017.12.09-14.42.15:027][949]LogModuleManager: Shutting down and abandoning module Android_ETC1TargetPlatform (89)
[2017.12.09-14.42.15:027][949]LogModuleManager: Shutting down and abandoning module Android_DXTTargetPlatform (87)
[2017.12.09-14.42.15:027][949]LogModuleManager: Shutting down and abandoning module Android_ATCTargetPlatform (85)
[2017.12.09-14.42.15:027][949]LogModuleManager: Shutting down and abandoning module Android_ASTCTargetPlatform (83)
[2017.12.09-14.42.15:027][949]LogModuleManager: Shutting down and abandoning module AndroidTargetPlatform (81)
[2017.12.09-14.42.15:027][949]LogModuleManager: Shutting down and abandoning module WindowsTargetPlatform (79)
[2017.12.09-14.42.15:027][949]LogModuleManager: Shutting down and abandoning module WindowsServerTargetPlatform (77)
[2017.12.09-14.42.15:027][949]LogModuleManager: Shutting down and abandoning module WindowsNoEditorTargetPlatform (75)
[2017.12.09-14.42.15:027][949]LogModuleManager: Shutting down and abandoning module WindowsClientTargetPlatform (73)
[2017.12.09-14.42.15:027][949]LogModuleManager: Shutting down and abandoning module MacTargetPlatform (71)
[2017.12.09-14.42.15:027][949]LogModuleManager: Shutting down and abandoning module MacServerTargetPlatform (69)
[2017.12.09-14.42.15:027][949]LogModuleManager: Shutting down and abandoning module MacNoEditorTargetPlatform (67)
[2017.12.09-14.42.15:027][949]LogModuleManager: Shutting down and abandoning module MacClientTargetPlatform (65)
[2017.12.09-14.42.15:028][949]LogModuleManager: Shutting down and abandoning module AllDesktopTargetPlatform (63)
[2017.12.09-14.42.15:028][949]LogModuleManager: Shutting down and abandoning module InputCore (60)
[2017.12.09-14.42.15:028][949]LogModuleManager: Shutting down and abandoning module Settings (58)
[2017.12.09-14.42.15:028][949]LogModuleManager: Shutting down and abandoning module PhysXCooking (56)
[2017.12.09-14.42.15:028][949]LogModuleManager: Shutting down and abandoning module SteamVR (54)
[2017.12.09-14.42.15:028][949]LogModuleManager: Shutting down and abandoning module OculusHMD (52)
[2017.12.09-14.42.15:028][949]LogModuleManager: Shutting down and abandoning module ExampleDeviceProfileSelector (50)
[2017.12.09-14.42.15:028][949]LogModuleManager: Shutting down and abandoning module OnlineBlueprintSupport (48)
[2017.12.09-14.42.15:028][949]LogModuleManager: Shutting down and abandoning module OnlineSubsystem (44)
[2017.12.09-14.42.15:028][949]LogOnline: Display: Unloading online subsystem: NULL
[2017.12.09-14.42.15:028][949]LogModuleManager: Shutting down and abandoning module XMPP (43)
[2017.12.09-14.42.15:028][949]LogModuleManager: Shutting down and abandoning module HTTP (41)
[2017.12.09-14.42.15:028][949]LogHttp: Display: Http module shutting down, but needs to wait on 1 outstanding Http requests:
[2017.12.09-14.42.15:028][949]LogHttp: Display: 	verb=[POST] url=[https://datarouter.ol.epicgames.com/datarouter/api/v1/public/data?SessionID=%7B4C060FA2-4FED-5EF1-137F-0BB201CD6945%7D&AppID=UEEditor.Rocket.Release&AppVersion=4.17.2-3658906%2B%2B%2BUE4%2BRelease-4.17&UserID=57c24bfd4a485b1cce38f19eb7f0e7b6%7C553ac523754045eea9b022c60cfc7b9e%7Cc86b4139-ad29-455a-bdfa-03c0a1a1d1d5&AppEnvironment=datacollector-binary&UploadType=eteventstream] status=Processing
[2017.12.09-14.42.15:046][949]LogModuleManager: Shutting down and abandoning module SSL (40)
[2017.12.09-14.42.15:048][949]LogModuleManager: Shutting down and abandoning module AnimationModifiers (36)
[2017.12.09-14.42.15:048][949]LogModuleManager: Shutting down and abandoning module PropertyEditor (35)
[2017.12.09-14.42.15:048][949]LogModuleManager: Shutting down and abandoning module AudioEditor (32)
[2017.12.09-14.42.15:048][949]LogModuleManager: Shutting down and abandoning module TextureCompressor (30)
[2017.12.09-14.42.15:048][949]LogModuleManager: Shutting down and abandoning module ShaderCore (28)
[2017.12.09-14.42.15:048][949]LogModuleManager: Shutting down and abandoning module Landscape (26)
[2017.12.09-14.42.15:048][949]LogModuleManager: Shutting down and abandoning module SlateRHIRenderer (24)
[2017.12.09-14.42.15:050][949]LogModuleManager: Shutting down and abandoning module OpenGLDrv (22)
[2017.12.09-14.42.15:050][949]LogModuleManager: Shutting down and abandoning module D3D11RHI (20)
[2017.12.09-14.42.15:050][949]LogModuleManager: Shutting down and abandoning module AnimGraphRuntime (18)
[2017.12.09-14.42.15:050][949]LogModuleManager: Shutting down and abandoning module Renderer (16)
[2017.12.09-14.42.15:050][949]LogModuleManager: Shutting down and abandoning module Engine (14)
[2017.12.09-14.42.15:050][949]LogModuleManager: Shutting down and abandoning module CoreUObject (12)
[2017.12.09-14.42.15:050][949]LogModuleManager: Shutting down and abandoning module NetworkFile (10)
[2017.12.09-14.42.15:050][949]LogModuleManager: Shutting down and abandoning module CookedIterativeFile (8)
[2017.12.09-14.42.15:050][949]LogModuleManager: Shutting down and abandoning module StreamingFile (6)
[2017.12.09-14.42.15:050][949]LogModuleManager: Shutting down and abandoning module SandboxFile (4)
[2017.12.09-14.42.15:050][949]LogModuleManager: Shutting down and abandoning module PakFile (2)
[2017.12.09-14.42.15:056][949]LogExit: Exiting.
[2017.12.09-14.42.15:140][949]Log file closed, 12/09/17 14:42:15
