Log file open, 11/25/17 16:38:39
LogWindows: Failed to load 'aqProf.dll' (GetLastError=126)
LogWindows: File 'aqProf.dll' does not exist
LogWindows: Failed to load 'VtuneApi.dll' (GetLastError=126)
LogWindows: File 'VtuneApi.dll' does not exist
LogWindows: Failed to load 'VtuneApi32e.dll' (GetLastError=126)
LogWindows: File 'VtuneApi32e.dll' does not exist
LogInit: Display: Running engine for game: Puzzle_Island
LogPlatformFile: Not using cached read wrapper
LogInit: Display: RandInit(428981886) SRandInit(428981886).
LogTaskGraph: Started task graph with 5 named threads and 14 total threads with 3 sets of task threads.
LogStats: Stats thread started at 0.207606
LogD3D11RHI: Aftermath initialized
LogPluginManager: Mounting plugin Paper2D
LogPluginManager: Mounting plugin LightPropagationVolume
LogPluginManager: Mounting plugin CodeLiteSourceCodeAccess
LogPluginManager: Mounting plugin GitSourceControl
LogPluginManager: Mounting plugin KDevelopSourceCodeAccess
LogPluginManager: Mounting plugin NullSourceCodeAccess
LogPluginManager: Mounting plugin PerforceSourceControl
LogPluginManager: Mounting plugin SubversionSourceControl
LogPluginManager: Mounting plugin UObjectPlugin
LogPluginManager: Mounting plugin VisualStudioSourceCodeAccess
LogPluginManager: Mounting plugin XCodeSourceCodeAccess
LogPluginManager: Mounting plugin AssetManagerEditor
LogPluginManager: Mounting plugin AudioCapture
LogPluginManager: Mounting plugin FacialAnimation
LogPluginManager: Mounting plugin GameplayTagsEditor
LogPluginManager: Mounting plugin MobileLauncherProfileWizard
LogPluginManager: Mounting plugin PluginBrowser
LogPluginManager: Mounting plugin SpeedTreeImporter
LogPluginManager: Mounting plugin AlembicImporter
LogPluginManager: Mounting plugin CharacterAI
LogPluginManager: Mounting plugin HTML5Networking
LogPluginManager: Mounting plugin AndroidMedia
LogPluginManager: Mounting plugin AvfMedia
LogPluginManager: Mounting plugin MediaPlayerEditor
LogPluginManager: Mounting plugin WmfMedia
LogPluginManager: Mounting plugin TcpMessaging
LogPluginManager: Mounting plugin UdpMessaging
LogPluginManager: Mounting plugin LevelSequenceEditor
LogPluginManager: Mounting plugin MatineeToLevelSequence
LogPluginManager: Mounting plugin OnlineSubsystemGooglePlay
LogPluginManager: Mounting plugin OnlineSubsystemIOS
LogPluginManager: Mounting plugin OnlineSubsystem
LogPluginManager: Mounting plugin OnlineSubsystemNull
LogPluginManager: Mounting plugin OnlineSubsystemUtils
LogPluginManager: Mounting plugin AndroidDeviceProfileSelector
LogPluginManager: Mounting plugin AndroidMoviePlayer
LogPluginManager: Mounting plugin AndroidPermission
LogPluginManager: Mounting plugin AppleMoviePlayer
LogPluginManager: Mounting plugin ArchVisCharacter
LogPluginManager: Mounting plugin CableComponent
LogPluginManager: Mounting plugin CustomMeshComponent
LogPluginManager: Mounting plugin ExampleDeviceProfileSelector
LogPluginManager: Mounting plugin GoogleCloudMessaging
LogPluginManager: Mounting plugin ImmediatePhysics
LogPluginManager: Mounting plugin IOSDeviceProfileSelector
LogPluginManager: Mounting plugin LinuxDeviceProfileSelector
LogPluginManager: Mounting plugin LocationServicesBPLibrary
LogPluginManager: Mounting plugin MobilePatchingUtils
LogPluginManager: Mounting plugin OculusVR
LogPluginManager: Mounting plugin PhysXVehicles
LogPluginManager: Mounting plugin ProceduralMeshComponent
LogPluginManager: Mounting plugin RuntimePhysXCooking
LogPluginManager: Mounting plugin SteamVR
LogPluginManager: Mounting plugin WindowsMoviePlayer
LogInit: Using libcurl 7.47.1
LogInit:  - built for x86_64-pc-win32
LogInit:  - supports SSL with OpenSSL/1.0.2g
LogInit:  - supports HTTP deflate (compression) using libz 1.2.8
LogInit:  - other features:
LogInit:      CURL_VERSION_SSL
LogInit:      CURL_VERSION_LIBZ
LogInit:      CURL_VERSION_IPV6
LogInit:      CURL_VERSION_ASYNCHDNS
LogInit:      CURL_VERSION_LARGEFILE
LogInit:      CURL_VERSION_IDN
LogInit:  CurlRequestOptions (configurable via config and command line):
LogInit:  - bVerifyPeer = false  - Libcurl will NOT verify peer certificate
LogInit:  - bUseHttpProxy = false  - Libcurl will NOT use HTTP proxy
LogInit:  - bDontReuseConnections = false  - Libcurl will reuse connections
LogInit:  - CertBundlePath = nullptr  - Libcurl will use whatever was configured at build time.
LogInit: Build: ++UE4+Release-4.17-CL-3658906
LogInit: Engine Version: 4.17.2-3658906+++UE4+Release-4.17
LogInit: Compatible Engine Version: 4.17.0-3573198+++UE4+Release-4.17
LogInit: Net CL: 3573198
LogDevObjectVersion: Number of dev versions registered: 16
LogDevObjectVersion:   Dev-Blueprints (B0D832E4-1F89-4F0D-ACCF-7EB736FD4AA2): 10
LogDevObjectVersion:   Dev-Build (E1C64328-A22C-4D53-A36C-8E866417BD8C): 0
LogDevObjectVersion:   Dev-Core (375EC13C-06E4-48FB-B500-84F0262A717E): 2
LogDevObjectVersion:   Dev-Editor (E4B068ED-F494-42E9-A231-DA0B2E46BB41): 20
LogDevObjectVersion:   Dev-Framework (CFFC743F-43B0-4480-9391-14DF171D2073): 28
LogDevObjectVersion:   Dev-Mobile (B02B49B5-BB20-44E9-A304-32B752E40360): 0
LogDevObjectVersion:   Dev-Networking (A4E4105C-59A1-49B5-A7C5-40C4547EDFEE): 0
LogDevObjectVersion:   Dev-Online (39C831C9-5AE6-47DC-9A44-9C173E1C8E7C): 0
LogDevObjectVersion:   Dev-Physics (78F01B33-EBEA-4F98-B9B4-84EACCB95AA2): 0
LogDevObjectVersion:   Dev-Platform (6631380F-2D4D-43E0-8009-CF276956A95A): 0
LogDevObjectVersion:   Dev-Rendering (12F88B9F-8875-4AFC-A67C-D90C383ABD29): 19
LogDevObjectVersion:   Dev-Sequencer (7B5AE74C-D270-4C10-A958-57980B212A5A): 4
LogDevObjectVersion:   Dev-VR (D7296918-1DD6-4BDD-9DE2-64A83CC13884): 0
LogDevObjectVersion:   Dev-LoadTimes (C2A15278-BFE7-4AFE-6C17-90FF531DF755): 1
LogDevObjectVersion:   Private-Geometry (6EACA3D4-40EC-4CC1-B786-8BED09428FC5): 1
LogDevObjectVersion:   Dev-AnimPhys (29E575DD-E0A3-4627-9D10-D276232CDCEA): 7
LogInit: Compiled (64-bit): Sep 22 2017 13:47:16
LogInit: Compiled with Visual C++: 19.00.24215.01
LogInit: Build Configuration: Development
LogInit: Branch Name: ++UE4+Release-4.17
LogInit: Command line:  
LogInit: Base directory: C:/Program Files/Epic Games/UE_4.17/Engine/Binaries/Win64/
LogInit: Installed Engine Build: 1
LogInit: Presizing for max 8388607 objects, including 0 objects not considered by GC, pre-allocating 0 bytes for permanent pool.
LogInit: Object subsystem initialized
[2017.11.25-16.38.41:257][  0]LogInit: Selected Device Profile: [Windows]
[2017.11.25-16.38.41:257][  0]LogInit: Applying CVar settings loaded from the selected device profile: [Windows]
[2017.11.25-16.38.41:268][  0]LogInit: Computer: JAKUBSIEWNIAK
[2017.11.25-16.38.41:268][  0]LogInit: User: Jakub
[2017.11.25-16.38.41:268][  0]LogInit: CPU Page size=4096, Cores=4
[2017.11.25-16.38.41:268][  0]LogInit: High frequency timer resolution =2.435767 MHz
[2017.11.25-16.38.41:268][  0]LogMemory: Memory total: Physical=31.9GB (32GB approx)
[2017.11.25-16.38.41:268][  0]LogMemory: Platform Memory Stats for Windows
[2017.11.25-16.38.41:268][  0]LogMemory: Process Physical Memory: 282.07 MB used, 282.07 MB peak
[2017.11.25-16.38.41:268][  0]LogMemory: Process Virtual Memory: 290.49 MB used, 290.49 MB peak
[2017.11.25-16.38.41:268][  0]LogMemory: Physical Memory: 12190.38 MB used,  20494.04 MB free, 32684.42 MB total
[2017.11.25-16.38.41:268][  0]LogMemory: Virtual Memory: 675.77 MB used,  20494.04 MB free, 134217728.00 MB total
[2017.11.25-16.38.42:050][  0]LogInit: Using OS detected language (en-GB).
[2017.11.25-16.38.42:050][  0]LogInit: Using OS detected locale (en-GB).
[2017.11.25-16.38.42:054][  0]LogTextLocalizationManager: No specific localization for 'en-GB' exists, so the 'en' localization will be used.
[2017.11.25-16.38.43:068][  0]LogD3D11RHI: D3D11 adapters:
[2017.11.25-16.38.43:130][  0]LogD3D11RHI:    0. 'NVIDIA GeForce GTX 880M' (Feature Level 11_0)
[2017.11.25-16.38.43:130][  0]LogD3D11RHI:       8154/0/16342 MB DedicatedVideo/DedicatedSystem/SharedSystem, Outputs:1, VendorId:0x10de
[2017.11.25-16.38.43:138][  0]LogD3D11RHI:    1. 'Intel(R) HD Graphics 4600' (Feature Level 11_0)
[2017.11.25-16.38.43:138][  0]LogD3D11RHI:       112/0/2048 MB DedicatedVideo/DedicatedSystem/SharedSystem, Outputs:0, VendorId:0x8086
[2017.11.25-16.38.43:140][  0]LogD3D11RHI:    2. 'Microsoft Basic Render Driver' (Feature Level 11_0)
[2017.11.25-16.38.43:140][  0]LogD3D11RHI:       0/0/16342 MB DedicatedVideo/DedicatedSystem/SharedSystem, Outputs:0, VendorId:0x1414
[2017.11.25-16.38.43:140][  0]LogD3D11RHI: Chosen D3D11 Adapter: 0
[2017.11.25-16.38.43:150][  0]LogD3D11RHI: Creating new Direct3DDevice
[2017.11.25-16.38.43:150][  0]LogD3D11RHI:     GPU DeviceId: 0x1198 (for the marketing name, search the web for "GPU Device Id")
[2017.11.25-16.38.43:150][  0]LogWindows: EnumDisplayDevices:
[2017.11.25-16.38.43:150][  0]LogWindows:    0. 'Intel(R) HD Graphics 4600' (P:1 D:1)
[2017.11.25-16.38.43:150][  0]LogWindows:    1. 'Intel(R) HD Graphics 4600' (P:0 D:0)
[2017.11.25-16.38.43:151][  0]LogWindows:    2. 'Intel(R) HD Graphics 4600' (P:0 D:0)
[2017.11.25-16.38.43:151][  0]LogWindows: DebugString: PrimaryIsNotTheChoosenAdapter PrimaryIsNotTheChoosenAdapter PrimaryIsNotTheChoosenAdapter FoundDriverCount:0 
[2017.11.25-16.38.43:151][  0]LogD3D11RHI:     Adapter Name: NVIDIA GeForce GTX 880M
[2017.11.25-16.38.43:151][  0]LogD3D11RHI:   Driver Version: Unknown (internal:Unknown, unified:Unknown)
[2017.11.25-16.38.43:151][  0]LogD3D11RHI:      Driver Date: Unknown
[2017.11.25-16.38.43:151][  0]LogRHI: Texture pool is 1361 MB (70% of 1945 MB)
[2017.11.25-16.38.43:195][  0]LogD3D11RHI: Async texture creation enabled
[2017.11.25-16.38.43:208][  0]LogD3D11RHI: GPU Timing Frequency: 1000.000000 (Debug: 2 1)
[2017.11.25-16.38.43:209][  0]LogShaderCompilers: Guid format shader working directory is -21 characters bigger than the processId version (D:/Education/Uniwersytet/Year3/VGD/Puzzle-Island-VGD/Puzzle_Island/Intermediate/Shaders/WorkingDirectory/15020/).
[2017.11.25-16.38.43:209][  0]LogShaderCompilers: Cleaned the shader compiler working directory 'C:/Users/Jakub/AppData/Local/Temp/UnrealShaderWorkingDir/BCD7E10340E6A2367A251D9C85D98987/'.
[2017.11.25-16.38.43:209][  0]LogShaderCompilers: Display: Using Local Shader Compiler.
[2017.11.25-16.38.44:573][  0]LogTemp: Display: Loaded TP AllDesktopTargetPlatform
[2017.11.25-16.38.44:654][  0]LogTemp: Display: Loaded TP MacClientTargetPlatform
[2017.11.25-16.38.44:738][  0]LogTemp: Display: Loaded TP MacNoEditorTargetPlatform
[2017.11.25-16.38.44:820][  0]LogTemp: Display: Loaded TP MacServerTargetPlatform
[2017.11.25-16.38.44:889][  0]LogTemp: Display: Loaded TP MacTargetPlatform
[2017.11.25-16.38.44:975][  0]LogTemp: Display: Loaded TP WindowsClientTargetPlatform
[2017.11.25-16.38.45:044][  0]LogTemp: Display: Loaded TP WindowsNoEditorTargetPlatform
[2017.11.25-16.38.45:117][  0]LogTemp: Display: Loaded TP WindowsServerTargetPlatform
[2017.11.25-16.38.45:197][  0]LogTemp: Display: Loaded TP WindowsTargetPlatform
[2017.11.25-16.38.45:292][  0]LogTemp: Display: Loaded TP AndroidTargetPlatform
[2017.11.25-16.38.45:369][  0]LogTemp: Display: Loaded TP Android_ASTCTargetPlatform
[2017.11.25-16.38.45:444][  0]LogTemp: Display: Loaded TP Android_ATCTargetPlatform
[2017.11.25-16.38.45:526][  0]LogTemp: Display: Loaded TP Android_DXTTargetPlatform
[2017.11.25-16.38.45:598][  0]LogTemp: Display: Loaded TP Android_ETC1TargetPlatform
[2017.11.25-16.38.45:670][  0]LogTemp: Display: Loaded TP Android_ETC2TargetPlatform
[2017.11.25-16.38.45:818][  0]LogTemp: Display: Loaded TP Android_MultiTargetPlatform
[2017.11.25-16.38.45:818][  0]LogTemp: Display: Loaded TP Android_PVRTCTargetPlatform
[2017.11.25-16.38.45:887][  0]LogTemp: Display: Loaded TP HTML5TargetPlatform
[2017.11.25-16.38.46:017][  0]LogTemp: Display: Loaded TP IOSTargetPlatform
[2017.11.25-16.38.46:048][  0]LogTemp: Display: Loaded TP TVOSTargetPlatform
[2017.11.25-16.38.46:115][  0]LogTemp: Display: Loaded TP LinuxClientTargetPlatform
[2017.11.25-16.38.46:184][  0]LogTemp: Display: Loaded TP LinuxNoEditorTargetPlatform
[2017.11.25-16.38.46:254][  0]LogTemp: Display: Loaded TP LinuxServerTargetPlatform
[2017.11.25-16.38.46:330][  0]LogTemp: Display: Loaded TP LinuxTargetPlatform
[2017.11.25-16.38.46:330][  0]LogTargetPlatformManager: Display: Building Assets For Windows
[2017.11.25-16.38.47:022][  0]LogDerivedDataCache: Display: Max Cache Size: 512 MB
[2017.11.25-16.38.47:127][  0]LogDerivedDataCache: Loaded boot cache 0.11s 93MB C:/Users/Jakub/AppData/Local/UnrealEngine/4.17/DerivedDataCache/Boot.ddc.
[2017.11.25-16.38.47:127][  0]LogDerivedDataCache: Display: Loaded Boot cache: C:/Users/Jakub/AppData/Local/UnrealEngine/4.17/DerivedDataCache/Boot.ddc
[2017.11.25-16.38.47:127][  0]LogDerivedDataCache: FDerivedDataBackendGraph:  Pak pak cache file D:/Education/Uniwersytet/Year3/VGD/Puzzle-Island-VGD/Puzzle_Island/DerivedDataCache/DDC.ddp not found, will not use a pak cache.
[2017.11.25-16.38.47:127][  0]LogDerivedDataCache: Unable to find inner node Pak for hierarchical cache Hierarchy.
[2017.11.25-16.38.47:127][  0]LogDerivedDataCache: FDerivedDataBackendGraph:  CompressedPak pak cache file D:/Education/Uniwersytet/Year3/VGD/Puzzle-Island-VGD/Puzzle_Island/DerivedDataCache/Compressed.ddp not found, will not use a pak cache.
[2017.11.25-16.38.47:127][  0]LogDerivedDataCache: Unable to find inner node CompressedPak for hierarchical cache Hierarchy.
[2017.11.25-16.38.47:147][  0]LogDerivedDataCache: Display: Pak cache opened for reading ../../../Engine/DerivedDataCache/Compressed.ddp.
[2017.11.25-16.38.47:161][  0]LogDerivedDataCache: Using Local data cache path C:/Users/Jakub/AppData/Local/UnrealEngine/Common/DerivedDataCache: Writable
[2017.11.25-16.38.47:177][  0]LogMaterial: Verifying Global Shaders for PCD3D_SM5
[2017.11.25-16.38.47:177][  0]LogSlate: Using Freetype 2.6.0
[2017.11.25-16.38.47:179][  0]LogSlate: SlateFontCache - WITH_FREETYPE: 1, WITH_HARFBUZZ: 1
[2017.11.25-16.38.47:179][  0]LogSlate: SlateFontCache - WITH_FREETYPE: 1, WITH_HARFBUZZ: 1
[2017.11.25-16.38.47:588][  0]LogAssetRegistry: FAssetRegistry took 0.0279 seconds to start up
[2017.11.25-16.38.47:810][  0]LogInit: Selected Device Profile: [Windows]
[2017.11.25-16.38.48:445][  0]LogSimplygon: Simplygon DLL not present - disabling.
[2017.11.25-16.38.48:509][  0]LogMeshReduction: Using SimplygonSwarm for distributed automatic mesh merging
[2017.11.25-16.38.48:509][  0]LogMeshReduction: Using QuadricMeshReduction for automatic static mesh reduction
[2017.11.25-16.38.48:509][  0]LogMeshReduction: No automatic skeletal mesh reduction module available
[2017.11.25-16.38.48:509][  0]LogMeshReduction: No automatic mesh merging module available
[2017.11.25-16.38.48:509][  0]LogMeshMerging: No automatic mesh merging module available
[2017.11.25-16.38.48:511][  0]LogContentStreaming: Texture pool size is 0.00 MB
[2017.11.25-16.38.49:157][  0]LogNetVersion: Puzzle_Island , NetCL: 3573198, EngineNetVer: 2, GameNetVer: 0 (Checksum: 3939646741)
[2017.11.25-16.38.49:507][  0]LogPackageLocalizationCache: Processed 5 localized package path(s) for 2 prioritized culture(s) in 0.068282 seconds
[2017.11.25-16.38.49:515][  0]LogUObjectArray: 35825 objects as part of root set at end of initial load.
[2017.11.25-16.38.49:515][  0]LogUObjectAllocator: 7529104 out of 0 bytes used by permanent object pool.
[2017.11.25-16.38.49:515][  0]LogUObjectArray: CloseDisregardForGC: 0/0 objects in disregard for GC pool
[2017.11.25-16.38.49:594][  0]LogInit: WinSock: version 1.1 (2.2), MaxSocks=32767, MaxUdp=65467
[2017.11.25-16.38.53:651][  0]LogTcpMessaging: Initializing TcpMessaging bridge
[2017.11.25-16.38.53:711][  0]LogUdpMessaging: Initializing bridge on interface 0.0.0.0:0 to multicast group 230.0.0.1:6666.
[2017.11.25-16.38.55:004][  0]LogMaterial: Uniform references updated for custom material expression Custom.
[2017.11.25-16.38.55:696][  0]SourceControl: Source control is disabled
[2017.11.25-16.38.55:696][  0]SourceControl: Source control is disabled
[2017.11.25-16.38.55:778][  0]SourceControl: Source control is disabled
[2017.11.25-16.38.55:848][  0]SourceControl: Source control is disabled
[2017.11.25-16.38.56:751][  0]LogAndroidPermission: UAndroidPermissionCallbackProxy::GetInstance
[2017.11.25-16.38.57:202][  0]LogOcInput: OculusInput pre-init called
[2017.11.25-16.38.57:626][  0]LogEngine: Initializing Engine...
[2017.11.25-16.38.57:629][  0]LogHMD: Failed to initialize OpenVR with code 110
[2017.11.25-16.38.57:941][  0]LogStats: UGameplayTagsManager::ConstructGameplayTagTree: Construct from data asset -  0.000 s
[2017.11.25-16.38.57:941][  0]LogStats: UGameplayTagsManager::ConstructGameplayTagTree: GameplayTagTreeChangedEvent.Broadcast -  0.000 s
[2017.11.25-16.38.58:157][  0]LogAIModule: Creating AISystem for world Untitled
[2017.11.25-16.38.58:169][  0]LogInit: XAudio2 using 'Speakers (Realtek High Definition Audio)' : 2 channels at 48 kHz using 32 bits per sample (channel mask 0x3)
[2017.11.25-16.38.58:293][  0]LogInit: FAudioDevice initialized.
[2017.11.25-16.38.58:392][  0]LogDerivedDataCache: Saved boot cache 0.10s 93MB C:/Users/Jakub/AppData/Local/UnrealEngine/4.17/DerivedDataCache/Boot.ddc.
[2017.11.25-16.38.58:405][  0]LogInit: Texture streaming: Enabled
[2017.11.25-16.38.58:562][  0]LogEngineSessionManager: EngineSessionManager initialized
[2017.11.25-16.38.58:891][  0]LogInit: Transaction tracking system initialized
[2017.11.25-16.38.59:413][  0]BlueprintLog: New page: Editor Load
[2017.11.25-16.39.00:817][  0]LocalizationService: Localization service is disabled
[2017.11.25-16.39.01:976][  0]LogConsoleResponse: Display: 
[2017.11.25-16.39.02:265][  0]LogAutoReimportManager: Warning: Unable to watch directory D:/Education/Uniwersytet/Year3/VGD/Puzzle-Island-VGD/Puzzle_Island/Content/ as it will conflict with another watching D:/Education/Uniwersytet/Year3/VGD/Puzzle-Island-VGD/Puzzle_Island/Content/.
[2017.11.25-16.39.02:265][  0]LogAutoReimportManager: Warning: Unable to watch directory D:/Education/Uniwersytet/Year3/VGD/Puzzle-Island-VGD/Puzzle_Island/Content/ as it will conflict with another watching D:/Education/Uniwersytet/Year3/VGD/Puzzle-Island-VGD/Puzzle_Island/Content/.
[2017.11.25-16.39.02:265][  0]LogAutoReimportManager: Warning: Unable to watch directory D:/Education/Uniwersytet/Year3/VGD/Puzzle-Island-VGD/Puzzle_Island/Content/ as it will conflict with another watching D:/Education/Uniwersytet/Year3/VGD/Puzzle-Island-VGD/Puzzle_Island/Content/.
[2017.11.25-16.39.02:277][  0]LogCook: Display: Max memory allowance for cook 16384mb min free memory 0mb
[2017.11.25-16.39.02:277][  0]LogCook: Display: Mobile HDR setting 1
[2017.11.25-16.39.02:277][  0]LogGameplayTags: Display: UGameplayTagsManager::DoneAddingNativeTags. DelegateIsBound: 0
[2017.11.25-16.39.03:514][  0]LogFileCache: Scanning file cache for directory 'D:/Education/Uniwersytet/Year3/VGD/Puzzle-Island-VGD/Puzzle_Island/Content/' took 0.02s
[2017.11.25-16.39.04:064][  0]SourceControl: Source control is disabled
[2017.11.25-16.39.04:064][  0]Cmd: MAP LOAD FILE="D:/Education/Uniwersytet/Year3/VGD/Puzzle-Island-VGD/Puzzle_Island/Content/Maps/Puzzle_Island.umap" TEMPLATE=0 SHOWPROGRESS=1 FEATURELEVEL=3
[2017.11.25-16.39.04:065][  0]LightingResults: New page: Lighting Build
[2017.11.25-16.39.04:129][  0]MapCheck: New page: Map Check
[2017.11.25-16.39.04:129][  0]LightingResults: New page: Lighting Build
[2017.11.25-16.39.04:620][  0]LogAIModule: Creating AISystem for world Puzzle_Island
[2017.11.25-16.39.04:695][  0]LogEditorServer: Finished looking for orphan Actors (0.000 secs)
[2017.11.25-16.39.04:740][  0]Cmd: MAP CHECKDEP NOCLEARLOG
[2017.11.25-16.39.04:851][  0]MapCheck: Map check complete: 0 Error(s), 0 Warning(s), took 111.426ms to complete.
[2017.11.25-16.39.04:852][  0]LogFileHelpers: Loading map 'Puzzle_Island' took 0.787
[2017.11.25-16.39.05:045][  0]LogCollectionManager: Loaded 0 collections in 0.002608 seconds
[2017.11.25-16.39.05:151][  0]LogFileCache: Scanning file cache for directory 'D:/Education/Uniwersytet/Year3/VGD/Puzzle-Island-VGD/Puzzle_Island/Saved/Collections/' took 0.01s
[2017.11.25-16.39.05:151][  0]LogFileCache: Scanning file cache for directory 'D:/Education/Uniwersytet/Year3/VGD/Puzzle-Island-VGD/Puzzle_Island/Content/Developers/Jakub/Collections/' took 0.01s
[2017.11.25-16.39.05:151][  0]LogFileCache: Scanning file cache for directory 'D:/Education/Uniwersytet/Year3/VGD/Puzzle-Island-VGD/Puzzle_Island/Content/Collections/' took 0.01s
[2017.11.25-16.39.05:151][  0]LogCollectionManager: Rebuilt the GUID cache for 0 collections in 0.000000 seconds
[2017.11.25-16.39.05:164][  0]LogContentBrowser: Native class hierarchy populated in 0.0131 seconds. Added 2388 classes and 502 folders.
[2017.11.25-16.39.05:279][  0]LogContentBrowser: Native class hierarchy updated for 'WidgetCarousel' in 0.0036 seconds. Added 0 classes and 0 folders.
[2017.11.25-16.39.05:370][  0]LogContentBrowser: Native class hierarchy updated for 'AddContentDialog' in 0.0027 seconds. Added 0 classes and 0 folders.
[2017.11.25-16.39.05:447][  0]LogContentBrowser: Native class hierarchy updated for 'SceneOutliner' in 0.0027 seconds. Added 1 classes and 2 folders.
[2017.11.25-16.39.05:529][  0]LogSlate: Took 0.000335 seconds to synchronously load lazily loaded font '../../../Engine/Content/Slate/Fonts/Roboto-Regular.ttf' (155K)
[2017.11.25-16.39.05:531][  0]LogSlate: Took 0.000341 seconds to synchronously load lazily loaded font '../../../Engine/Content/Slate/Fonts/Roboto-Bold.ttf' (160K)
[2017.11.25-16.39.05:539][  0]LogSlate: Took 0.000291 seconds to synchronously load lazily loaded font '../../../Engine/Content/Editor/Slate/Fonts/FontAwesome.ttf' (139K)
[2017.11.25-16.39.05:694][  0]LogRenderer: Reallocating scene render targets to support 1204x676 Format 10 NumSamples 1 (Frame:1).
[2017.11.25-16.39.05:776][  0]LogSlate: Took 0.000353 seconds to synchronously load lazily loaded font '../../../Engine/Content/Slate/Fonts/Roboto-Light.ttf' (159K)
[2017.11.25-16.39.05:980][  0]LogContentBrowser: Native class hierarchy updated for 'HierarchicalLODOutliner' in 0.0034 seconds. Added 1 classes and 2 folders.
[2017.11.25-16.39.05:980][  0]LogLoad: (Engine Initialization) Total time: 28.40 seconds
[2017.11.25-16.39.05:981][  0]LogLoad: (Engine Initialization) Total Blueprint compile time: 0.00 seconds
[2017.11.25-16.39.05:981][  0]LogExternalProfiler: Found external profiler: VSPerf
[2017.11.25-16.39.05:981][  0]LogExternalProfiler: Using external profiler: VSPerf
[2017.11.25-16.39.05:993][  0]LogWindowsTextInputMethodSystem: Display: IME system now deactivated.
[2017.11.25-16.39.06:026][  0]LogContentStreaming: Texture pool size now 1000 MB
[2017.11.25-16.39.06:106][  1]LogFileCache: Retrieving MD5 hashes for directory 'D:/Education/Uniwersytet/Year3/VGD/Puzzle-Island-VGD/Puzzle_Island/Content/' took 0.10s
[2017.11.25-16.39.06:127][  1]LogAssetRegistry: Asset discovery search completed in 18.5608 seconds
[2017.11.25-16.39.06:130][  1]LogCollectionManager: Rebuilt the object cache for 0 collections in 0.000000 seconds (found 0 objects)
[2017.11.25-16.39.06:130][  1]LogCollectionManager: Fixed up redirectors for 0 collections in 0.000080 seconds (updated 0 objects)
[2017.11.25-16.39.21:221][606]LogSlate: Took 0.000408 seconds to synchronously load lazily loaded font '../../../Engine/Content/Slate/Fonts/Roboto-Light.ttf' (159K)
[2017.11.25-16.39.21:262][606]LogMetaData: Removing '/Game/GameModes/3D_Exploration_GameMode.3D_Exploration_GameMode:UserConstructionScript.K2Node_FunctionEntry_0' ref from Metadata '/Game/Blueprints/3D_Exploration_GameMode.PackageMetaData'
[2017.11.25-16.39.21:262][606]LogMetaData: Removing '/Game/GameModes/3D_Exploration_GameMode.3D_Exploration_GameMode_C' ref from Metadata '/Game/Blueprints/3D_Exploration_GameMode.PackageMetaData'
[2017.11.25-16.39.21:262][606]LogMetaData: Removing '/Game/GameModes/3D_Exploration_GameMode.3D_Exploration_GameMode:EventGraph.K2Node_Event_0' ref from Metadata '/Game/Blueprints/3D_Exploration_GameMode.PackageMetaData'
[2017.11.25-16.39.21:262][606]LogMetaData: Removing '/Game/GameModes/3D_Exploration_GameMode.3D_Exploration_GameMode:EventGraph.K2Node_Event_1' ref from Metadata '/Game/Blueprints/3D_Exploration_GameMode.PackageMetaData'
[2017.11.25-16.39.21:262][606]LogMetaData: Removing '/Game/GameModes/3D_Exploration_GameMode.SKEL_3D_Exploration_GameMode_C:ReceiveBeginPlay' ref from Metadata '/Game/Blueprints/3D_Exploration_GameMode.PackageMetaData'
[2017.11.25-16.39.21:262][606]LogMetaData: Removing '/Game/GameModes/3D_Exploration_GameMode.SKEL_3D_Exploration_GameMode_C:ReceiveTick' ref from Metadata '/Game/Blueprints/3D_Exploration_GameMode.PackageMetaData'
[2017.11.25-16.39.21:262][606]LogMetaData: Removing '/Game/GameModes/3D_Exploration_GameMode.SKEL_3D_Exploration_GameMode_C:DefaultSceneRoot' ref from Metadata '/Game/Blueprints/3D_Exploration_GameMode.PackageMetaData'
[2017.11.25-16.39.21:262][606]LogMetaData: Removing '/Game/GameModes/3D_Exploration_GameMode.SKEL_3D_Exploration_GameMode_C:UserConstructionScript' ref from Metadata '/Game/Blueprints/3D_Exploration_GameMode.PackageMetaData'
[2017.11.25-16.39.21:262][606]LogMetaData: Removing '/Game/GameModes/3D_Exploration_GameMode.SKEL_3D_Exploration_GameMode_C' ref from Metadata '/Game/Blueprints/3D_Exploration_GameMode.PackageMetaData'
[2017.11.25-16.39.21:262][606]LogMetaData: Removing '/Game/GameModes/3D_Exploration_GameMode.3D_Exploration_GameMode_C:DefaultSceneRoot' ref from Metadata '/Game/Blueprints/3D_Exploration_GameMode.PackageMetaData'
[2017.11.25-16.39.21:262][606]LogMetaData: Removing '/Game/GameModes/3D_Exploration_GameMode.3D_Exploration_GameMode_C:UserConstructionScript' ref from Metadata '/Game/Blueprints/3D_Exploration_GameMode.PackageMetaData'
[2017.11.25-16.39.21:309][606]LogSavePackage: Save=21.67ms
[2017.11.25-16.39.21:309][606]LogSavePackage: Moving 'D:/Education/Uniwersytet/Year3/VGD/Puzzle-Island-VGD/Puzzle_Island/Saved/3D_Exploration_GameMode57232C9245E0316AFE8AB38AB7282954.tmp' to 'D:/Education/Uniwersytet/Year3/VGD/Puzzle-Island-VGD/Puzzle_Island/Content/GameModes/3D_Exploration_GameMode.uasset'
[2017.11.25-16.39.21:320][606]LogSavePackage: Display: Finished SavePackage D:/Education/Uniwersytet/Year3/VGD/Puzzle-Island-VGD/Puzzle_Island/Content/GameModes/3D_Exploration_GameMode.uasset
[2017.11.25-16.39.23:249][769]LogTemp: Repeating last play command: Selected Viewport
[2017.11.25-16.39.23:332][769]LogBlueprintUserMessages: Early PlayInEditor Detection: Level '/Game/Maps/Puzzle_Island.Puzzle_Island:PersistentLevel' has LevelScriptBlueprint '/Game/Maps/Puzzle_Island.Puzzle_Island:PersistentLevel.Puzzle_Island' with GeneratedClass '/Game/Maps/Puzzle_Island.Puzzle_Island_C' with ClassGeneratedBy '/Game/Maps/Puzzle_Island.Puzzle_Island:PersistentLevel.Puzzle_Island'
[2017.11.25-16.39.23:332][769]LogPlayLevel: PlayLevel: No blueprints needed recompiling
[2017.11.25-16.39.23:333][769]PIE: New page: PIE session: Puzzle_Island (25 Nov 2017 16:39:23)
[2017.11.25-16.39.23:333][769]LogPlayLevel: Creating play world package: /Game/Maps/UEDPIE_0_Puzzle_Island
[2017.11.25-16.39.23:365][769]LogPlayLevel: PIE: StaticDuplicateObject took: (0.031907s)
[2017.11.25-16.39.23:366][769]LogAIModule: Creating AISystem for world Puzzle_Island
[2017.11.25-16.39.23:366][769]LogPlayLevel: PIE: World Init took: (0.001050s)
[2017.11.25-16.39.23:366][769]LogPlayLevel: PIE: Created PIE world by copying editor world from /Game/Maps/Puzzle_Island.Puzzle_Island to /Game/Maps/UEDPIE_0_Puzzle_Island.Puzzle_Island (0.033406s)
[2017.11.25-16.39.23:389][769]LogInit: XAudio2 using 'Speakers (Realtek High Definition Audio)' : 2 channels at 48 kHz using 32 bits per sample (channel mask 0x3)
[2017.11.25-16.39.23:420][769]LogInit: FAudioDevice initialized.
[2017.11.25-16.39.23:468][769]LogLinker: Warning: Can't find file '/Game/Blueprints/3D_Exploration_GameMode1'
[2017.11.25-16.39.23:468][769]LogLinker: Warning: Can't find file '/Game/Blueprints/3D_Exploration_GameMode1'
[2017.11.25-16.39.23:468][769]LogUObjectGlobals: Warning: Failed to find object 'Class /Game/Blueprints/3D_Exploration_GameMode1.3D_Exploration_GameMode1_C'
[2017.11.25-16.39.23:468][769]LogLoad: Game class is 'GameModeBase'
[2017.11.25-16.39.23:474][769]LogWorld: Bringing World /Game/Maps/UEDPIE_0_Puzzle_Island.Puzzle_Island up for play (max tick rate 0) at 2017.11.25-16.39.23
[2017.11.25-16.39.23:475][769]LogWorld: Bringing up level for play took: 0.004936
[2017.11.25-16.39.23:556][769]LogContentBrowser: Native class hierarchy updated for 'MovieSceneCapture' in 0.0031 seconds. Added 11 classes and 0 folders.
[2017.11.25-16.39.23:558][769]PIE: Play in editor start time for /Game/Maps/UEDPIE_0_Puzzle_Island -0.611
[2017.11.25-16.39.23:558][769]LogBlueprintUserMessages: Late PlayInEditor Detection: Level '/Game/Maps/Puzzle_Island.Puzzle_Island:PersistentLevel' has LevelScriptBlueprint '/Game/Maps/Puzzle_Island.Puzzle_Island:PersistentLevel.Puzzle_Island' with GeneratedClass '/Game/Maps/Puzzle_Island.Puzzle_Island_C' with ClassGeneratedBy '/Game/Maps/Puzzle_Island.Puzzle_Island:PersistentLevel.Puzzle_Island'
[2017.11.25-16.39.28:228][257]LogBlueprintUserMessages: Early EndPlayMap Detection: Level '/Game/Maps/Puzzle_Island.Puzzle_Island:PersistentLevel' has LevelScriptBlueprint '/Game/Maps/Puzzle_Island.Puzzle_Island:PersistentLevel.Puzzle_Island' with GeneratedClass '/Game/Maps/Puzzle_Island.Puzzle_Island_C' with ClassGeneratedBy '/Game/Maps/Puzzle_Island.Puzzle_Island:PersistentLevel.Puzzle_Island'
[2017.11.25-16.39.28:262][257]LogBlueprintUserMessages: Late EndPlayMap Detection: Level '/Game/Maps/Puzzle_Island.Puzzle_Island:PersistentLevel' has LevelScriptBlueprint '/Game/Maps/Puzzle_Island.Puzzle_Island:PersistentLevel.Puzzle_Island' with GeneratedClass '/Game/Maps/Puzzle_Island.Puzzle_Island_C' with ClassGeneratedBy '/Game/Maps/Puzzle_Island.Puzzle_Island:PersistentLevel.Puzzle_Island'
[2017.11.25-16.39.33:621][631]LogTemp: Executing iPhonePackager certificates Engine -bundlename com.YourCompany.PuzzleIsland
[2017.11.25-16.39.33:621][631]LogTemp: CWD: C:\Program Files\Epic Games\UE_4.17\Engine\Binaries\DotNET\IOS
[2017.11.25-16.39.33:621][631]LogTemp: Initial Dir: C:\Program Files\Epic Games\UE_4.17
[2017.11.25-16.39.33:621][631]LogTemp: Env CWD: C:\Program Files\Epic Games\UE_4.17\Engine\Binaries\DotNET\IOS
[2017.11.25-16.39.33:631][631]LogTemp: BranchPath = JAKUBSIEWNIAK/C/Program Files/Epic Games/UE_4.17/Engine/Binaries --- GameBranchPath = JAKUBSIEWNIAK/C/Program Files/Epic Games/UE_4.17/Engine/Binaries
[2017.11.25-16.39.33:663][632]LogTemp: IPP ERROR: Could not find provision directory 'C:\Users\Jakub\AppData\Local/Apple Computer/MobileDevice/Provisioning Profiles/'.
[2017.11.25-16.39.45:428][416]LogTemp: Repeating last play command: Selected Viewport
[2017.11.25-16.39.45:484][416]LogBlueprintUserMessages: Early PlayInEditor Detection: Level '/Game/Maps/Puzzle_Island.Puzzle_Island:PersistentLevel' has LevelScriptBlueprint '/Game/Maps/Puzzle_Island.Puzzle_Island:PersistentLevel.Puzzle_Island' with GeneratedClass '/Game/Maps/Puzzle_Island.Puzzle_Island_C' with ClassGeneratedBy '/Game/Maps/Puzzle_Island.Puzzle_Island:PersistentLevel.Puzzle_Island'
[2017.11.25-16.39.45:484][416]LogPlayLevel: PlayLevel: No blueprints needed recompiling
[2017.11.25-16.39.45:484][416]PIE: New page: PIE session: Puzzle_Island (25 Nov 2017 16:39:45)
[2017.11.25-16.39.45:484][416]LogPlayLevel: Creating play world package: /Game/Maps/UEDPIE_0_Puzzle_Island
[2017.11.25-16.39.45:508][416]LogPlayLevel: PIE: StaticDuplicateObject took: (0.023260s)
[2017.11.25-16.39.45:508][416]LogAIModule: Creating AISystem for world Puzzle_Island
[2017.11.25-16.39.45:509][416]LogPlayLevel: PIE: World Init took: (0.000970s)
[2017.11.25-16.39.45:509][416]LogPlayLevel: PIE: Created PIE world by copying editor world from /Game/Maps/Puzzle_Island.Puzzle_Island to /Game/Maps/UEDPIE_0_Puzzle_Island.Puzzle_Island (0.024645s)
[2017.11.25-16.39.45:530][416]LogInit: XAudio2 using 'Speakers (Realtek High Definition Audio)' : 2 channels at 48 kHz using 32 bits per sample (channel mask 0x3)
[2017.11.25-16.39.45:561][416]LogInit: FAudioDevice initialized.
[2017.11.25-16.39.45:597][416]LogLoad: Game class is '3D_Exploration_GameMode_C'
[2017.11.25-16.39.45:601][416]LogWorld: Bringing World /Game/Maps/UEDPIE_0_Puzzle_Island.Puzzle_Island up for play (max tick rate 0) at 2017.11.25-16.39.45
[2017.11.25-16.39.45:602][416]LogWorld: Bringing up level for play took: 0.003942
[2017.11.25-16.39.45:605][416]PIE: Play in editor start time for /Game/Maps/UEDPIE_0_Puzzle_Island -0.564
[2017.11.25-16.39.45:606][416]LogBlueprintUserMessages: Late PlayInEditor Detection: Level '/Game/Maps/Puzzle_Island.Puzzle_Island:PersistentLevel' has LevelScriptBlueprint '/Game/Maps/Puzzle_Island.Puzzle_Island:PersistentLevel.Puzzle_Island' with GeneratedClass '/Game/Maps/Puzzle_Island.Puzzle_Island_C' with ClassGeneratedBy '/Game/Maps/Puzzle_Island.Puzzle_Island:PersistentLevel.Puzzle_Island'
[2017.11.25-16.39.53:915][279]LogNet: Browse: /Game/Maps/Jigsaw_Scene
[2017.11.25-16.39.53:915][279]LogLoad: LoadMap: /Game/Maps/Jigsaw_Scene
[2017.11.25-16.39.53:934][279]Cmd: MEM
[2017.11.25-16.39.53:948][279]LogMemory: Platform Memory Stats for Windows
[2017.11.25-16.39.53:948][279]LogMemory: Process Physical Memory: 1367.73 MB used, 1422.24 MB peak
[2017.11.25-16.39.53:949][279]LogMemory: Process Virtual Memory: 1848.87 MB used, 2048.43 MB peak
[2017.11.25-16.39.53:949][279]LogMemory: Physical Memory: 13021.48 MB used,  19662.94 MB free, 32684.42 MB total
[2017.11.25-16.39.53:949][279]LogMemory: Virtual Memory: 2752.91 MB used,  19662.94 MB free, 134217728.00 MB total
[2017.11.25-16.39.53:949][279]LogMemory: 
[2017.11.25-16.39.53:949][279]Allocator Stats for TBB: (not implemented)
[2017.11.25-16.39.54:655][279]LogAIModule: Creating AISystem for world Jigsaw_Scene
[2017.11.25-16.39.54:655][279]LogLoad: Game class is '2D_GameMode_C'
[2017.11.25-16.39.54:657][279]LogWorld: Bringing World /Game/Maps/UEDPIE_0_Jigsaw_Scene.Jigsaw_Scene up for play (max tick rate 0) at 2017.11.25-16.39.54
[2017.11.25-16.39.54:658][279]LogWorld: Bringing up level for play took: 0.002078
[2017.11.25-16.39.54:658][279]LogGameMode: FindPlayerStart: PATHS NOT DEFINED or NO PLAYERSTART with positive rating
[2017.11.25-16.39.54:659][279]LogLoad: Took 0.743788 seconds to LoadMap(/Game/Maps/Jigsaw_Scene)
[2017.11.25-16.39.55:352][341]LogBlueprintUserMessages: Early EndPlayMap Detection: Level '/Game/Maps/Puzzle_Island.Puzzle_Island:PersistentLevel' has LevelScriptBlueprint '/Game/Maps/Puzzle_Island.Puzzle_Island:PersistentLevel.Puzzle_Island' with GeneratedClass '/Game/Maps/Puzzle_Island.Puzzle_Island_C' with ClassGeneratedBy '/Game/Maps/Puzzle_Island.Puzzle_Island:PersistentLevel.Puzzle_Island'
[2017.11.25-16.39.55:386][341]LogBlueprintUserMessages: Late EndPlayMap Detection: Level '/Game/Maps/Puzzle_Island.Puzzle_Island:PersistentLevel' has LevelScriptBlueprint '/Game/Maps/Puzzle_Island.Puzzle_Island:PersistentLevel.Puzzle_Island' with GeneratedClass '/Game/Maps/Puzzle_Island.Puzzle_Island_C' with ClassGeneratedBy '/Game/Maps/Puzzle_Island.Puzzle_Island:PersistentLevel.Puzzle_Island'
[2017.11.25-16.40.15:267][472]LogEditorViewport: Clicking on Actor (LMB): StaticMeshActor (Tree4)
[2017.11.25-16.40.21:457][933]MapCheck: New page: Map Check
[2017.11.25-16.40.21:475][933]Cmd: MAP REBUILD ALLVISIBLE
[2017.11.25-16.40.21:476][933]LogEditorServer: Rebuildmap Clear paths rebuilt
[2017.11.25-16.40.21:754][933]LogMaterial: Missing cached shader map for material FDebugViewModeMaterialProxy WorldGridMaterial, compiling. Is special engine material.
[2017.11.25-16.40.21:768][933]LogMaterial: Missing cached shader map for material FDebugViewModeMaterialProxy MaterialInstanceDynamic_1, compiling. 
[2017.11.25-16.40.21:778][933]LogMaterial: Missing cached shader map for material FDebugViewModeMaterialProxy LandscapeGizmo_Mat, compiling. 
[2017.11.25-16.40.21:794][933]LogMaterial: Missing cached shader map for material FDebugViewModeMaterialProxy M_Water_Master, compiling. 
[2017.11.25-16.40.21:808][933]LogMaterial: Missing cached shader map for material FDebugViewModeMaterialProxy M_Basic_Floor, compiling. 
[2017.11.25-16.40.21:824][933]LogMaterial: Missing cached shader map for material FDebugViewModeMaterialProxy M_CobbleStone_Rough, compiling. 
[2017.11.25-16.40.21:847][933]LogMaterial: Missing cached shader map for material FDebugViewModeMaterialProxy M_Basic_Wall, compiling. 
[2017.11.25-16.40.21:859][933]LogMaterial: Missing cached shader map for material FDebugViewModeMaterialProxy M_AssetPlatform, compiling. 
[2017.11.25-16.40.21:875][933]LogMaterial: Missing cached shader map for material FDebugViewModeMaterialProxy M_Tech_Hex_Tile_Pulse, compiling. 
[2017.11.25-16.40.21:891][933]LogMaterial: Missing cached shader map for material FDebugViewModeMaterialProxy Tree2_Mat, compiling. 
[2017.11.25-16.40.21:906][933]LogMaterial: Missing cached shader map for material FDebugViewModeMaterialProxy Tree1_Mat, compiling. 
[2017.11.25-16.40.24:774][933]TextureStreamingBuild: Display: Compiling optional shaders took 3.031 seconds.
[2017.11.25-16.40.24:799][933]LogLevel: Display: Export Material TexCoord Scales took 0.025 seconds.
[2017.11.25-16.40.24:808][933]TextureStreamingBuild: Display: Build Texture Streaming took 0.008 seconds.
[2017.11.25-16.40.24:823][933]LightingResults: New page: Lighting Build - 25 Nov 2017 16:40:24
[2017.11.25-16.40.24:975][933]LogSwarmInterface: [OpenConnection] Registering TCP channel ...
[2017.11.25-16.40.25:076][933]LogSwarmInterface: [OpenConnection] Connecting to agent ...
[2017.11.25-16.40.25:090][933]LogSwarmInterface: [TryOpenConnection] Testing the Agent
[2017.11.25-16.40.25:613][933]LogSwarmInterface: [TryOpenConnection] Opening Connection to Agent
[2017.11.25-16.40.25:613][933]LogSwarmInterface: [TryOpenConnection] Local Process ID is 15020
[2017.11.25-16.40.33:260][933]LightingResults: Warning: No importance volume found and the scene is so large that the automatically synthesized volume will not yield good results.  Please add a tightly bounding lightmass importance volume to optimize your scene's quality and lighting build times.
[2017.11.25-16.40.33:261][933]LogStaticLightingSystem: Running Lightmass w/ ImmediateImport mode ENABLED
[2017.11.25-16.40.33:261][933]LogStaticLightingSystem: Running Lightmass w/ ImmediateProcess mode ENABLED
[2017.11.25-16.40.33:261][933]LogStaticLightingSystem: Running Lightmass w/ Sorting mode ENABLED
[2017.11.25-16.40.33:261][933]LogStaticLightingSystem: Running Lightmass w/ Mapping paddings ENABLED
[2017.11.25-16.40.33:261][933]LogStaticLightingSystem: Running Lightmass w/ Mapping debug paddings DISABLED
[2017.11.25-16.40.33:617][933]Cmd: MAP CHECK DONTDISPLAYDIALOG
[2017.11.25-16.40.33:617][933]MapCheck: New page: Puzzle_Island - 25 Nov 2017 16:40:33
[2017.11.25-16.40.33:618][933]MapCheck: Error: WorldSettings_1 Maps need lighting rebuilt 
[2017.11.25-16.40.33:759][933]MapCheck: Map check complete: 1 Error(s), 0 Warning(s), took 142.216ms to complete.
[2017.11.25-16.40.33:782][933]LogEditorBuildUtils: Build time 0:12
[2017.11.25-16.40.33:890][934]LogMaterial: Missing cached shader map for material FLightmassMaterialRenderer LandscapeMaterialInstanceConstant_1, compiling. 
[2017.11.25-16.40.33:902][934]LogMaterial: Missing cached shader map for material FLightmassMaterialRenderer LandscapeMaterialInstanceConstant_1, compiling. 
[2017.11.25-16.40.35:718][995]LogMaterial: Missing cached shader map for material FLightmassMaterialRenderer Tree2_Mat, compiling. 
[2017.11.25-16.40.35:728][995]LogMaterial: Missing cached shader map for material FLightmassMaterialRenderer Tree2_Mat, compiling. 
[2017.11.25-16.40.35:755][996]LogMaterial: Missing cached shader map for material FLightmassMaterialRenderer Tree1_Mat, compiling. 
[2017.11.25-16.40.35:766][996]LogMaterial: Missing cached shader map for material FLightmassMaterialRenderer Tree1_Mat, compiling. 
[2017.11.25-16.41.00:977][997]LightingResults: Warning: MaterialSphere Object has overlapping UVs.
[2017.11.25-16.41.00:977][997]LightingResults: MaterialSphere Lightmap UV are overlapping by 83.3%. Please adjust content - Enable Error Coloring to visualize.
[2017.11.25-16.41.01:255][  9]Job is a success!
[2017.11.25-16.41.02:551][ 10]LogTexture: Display: Building textures: HQ_Lightmap1_1 (AutoDXT, 1024X1024)
[2017.11.25-16.41.02:552][ 10]LogTexture: Display: Building textures: LQ_Lightmap_1_1 (DXT1, 1024X1024)
[2017.11.25-16.41.02:552][ 10]LogTexture: Display: Building textures: HQ_Lightmap1_2 (AutoDXT, 128X128)
[2017.11.25-16.41.02:552][ 10]LogTexture: Display: Building textures: LQ_Lightmap_1_2 (DXT1, 128X128)
[2017.11.25-16.41.02:552][ 10]LogTexture: Display: Building textures: HQ_Lightmap1_3 (AutoDXT, 64X64)
[2017.11.25-16.41.02:552][ 10]LogTexture: Display: Building textures: LQ_Lightmap_1_3 (DXT1, 64X64)
[2017.11.25-16.41.02:552][ 10]LogTexture: Display: Building textures: HQ_Lightmap1_4 (AutoDXT, 64X64)
[2017.11.25-16.41.02:552][ 10]LogTexture: Display: Building textures: LQ_Lightmap_1_4 (DXT1, 64X64)
[2017.11.25-16.41.02:764][ 10]LogTexture: Display: Building textures: ShadowMapTexture2D_5 (G8, 64X64)
[2017.11.25-16.41.02:764][ 10]LogTexture: Display: Building textures: ShadowMapTexture2D_7 (G8, 32X32)
[2017.11.25-16.41.02:764][ 10]LogTexture: Display: Building textures: ShadowMapTexture2D_6 (G8, 64X32)
[2017.11.25-16.41.02:764][ 10]LogTexture: Display: Building textures: ShadowMapTexture2D_4 (G8, 1024X512)
[2017.11.25-16.41.02:801][ 10]Lightmass on JAKUBSIEWNIAK: 21.3 sec total, 627 ms importing, 605 ms setup, 1.94 sec photons, 18.1 sec processing, 0 ms extra exporting [124/124 mappings]. Threads: 2:06 min total, 1:36 min processing.
[2017.11.25-16.41.02:834][ 10]LogStaticLightingSystem: Illumination: 37.9 sec (1.12 sec encoding lightmaps, 207 ms encoding shadowmaps)
[2017.11.25-16.41.02:834][ 10]LogStaticLightingSystem: Lightmap texture memory:  2.0 MB (2.0 MB streaming, 0.0 MB non-streaming), 8 textures
[2017.11.25-16.41.02:834][ 10]LogStaticLightingSystem: Shadowmap texture memory: 0.7 MB (0.7 MB streaming, 0.0 MB non-streaming), 4 textures
[2017.11.25-16.41.03:277][ 10]DumpUnbuiltLightIteractions
[2017.11.25-16.41.03:278][ 10]Lights with unbuilt interactions: 0
[2017.11.25-16.41.03:278][ 10]
[2017.11.25-16.41.03:278][ 10]Primitives with unbuilt interactions: 0
[2017.11.25-16.41.03:289][ 11]Cmd: MAP CHECK NOTIFYRESULTS
[2017.11.25-16.41.03:289][ 11]MapCheck: New page: Puzzle_Island - 25 Nov 2017 16:41:03
[2017.11.25-16.41.03:449][ 11]MapCheck: Map check complete: 0 Error(s), 0 Warning(s), took 160.512ms to complete.
[2017.11.25-16.41.11:358][652]LogTemp: Repeating last play command: Selected Viewport
[2017.11.25-16.41.11:411][652]LogBlueprintUserMessages: Early PlayInEditor Detection: Level '/Game/Maps/Puzzle_Island.Puzzle_Island:PersistentLevel' has LevelScriptBlueprint '/Game/Maps/Puzzle_Island.Puzzle_Island:PersistentLevel.Puzzle_Island' with GeneratedClass '/Game/Maps/Puzzle_Island.Puzzle_Island_C' with ClassGeneratedBy '/Game/Maps/Puzzle_Island.Puzzle_Island:PersistentLevel.Puzzle_Island'
[2017.11.25-16.41.11:411][652]LogPlayLevel: PlayLevel: No blueprints needed recompiling
[2017.11.25-16.41.11:412][652]PIE: New page: PIE session: Puzzle_Island (25 Nov 2017 16:41:11)
[2017.11.25-16.41.11:412][652]LogPlayLevel: Creating play world package: /Game/Maps/UEDPIE_0_Puzzle_Island
[2017.11.25-16.41.11:432][652]LogPlayLevel: PIE: StaticDuplicateObject took: (0.019866s)
[2017.11.25-16.41.11:432][652]LogAIModule: Creating AISystem for world Puzzle_Island
[2017.11.25-16.41.11:432][652]LogPlayLevel: PIE: World Init took: (0.000831s)
[2017.11.25-16.41.11:433][652]LogPlayLevel: PIE: Created PIE world by copying editor world from /Game/Maps/Puzzle_Island.Puzzle_Island to /Game/Maps/UEDPIE_0_Puzzle_Island.Puzzle_Island (0.021064s)
[2017.11.25-16.41.11:453][652]LogInit: XAudio2 using 'Speakers (Realtek High Definition Audio)' : 2 channels at 48 kHz using 32 bits per sample (channel mask 0x3)
[2017.11.25-16.41.11:484][652]LogInit: FAudioDevice initialized.
[2017.11.25-16.41.11:519][652]LogLoad: Game class is '3D_Exploration_GameMode_C'
[2017.11.25-16.41.11:523][652]LogWorld: Bringing World /Game/Maps/UEDPIE_0_Puzzle_Island.Puzzle_Island up for play (max tick rate 0) at 2017.11.25-16.41.11
[2017.11.25-16.41.11:523][652]LogWorld: Bringing up level for play took: 0.003687
[2017.11.25-16.41.11:526][652]PIE: Play in editor start time for /Game/Maps/UEDPIE_0_Puzzle_Island -0.643
[2017.11.25-16.41.11:526][652]LogBlueprintUserMessages: Late PlayInEditor Detection: Level '/Game/Maps/Puzzle_Island.Puzzle_Island:PersistentLevel' has LevelScriptBlueprint '/Game/Maps/Puzzle_Island.Puzzle_Island:PersistentLevel.Puzzle_Island' with GeneratedClass '/Game/Maps/Puzzle_Island.Puzzle_Island_C' with ClassGeneratedBy '/Game/Maps/Puzzle_Island.Puzzle_Island:PersistentLevel.Puzzle_Island'
[2017.11.25-16.41.14:649][951]LogBlueprintUserMessages: Early EndPlayMap Detection: Level '/Game/Maps/Puzzle_Island.Puzzle_Island:PersistentLevel' has LevelScriptBlueprint '/Game/Maps/Puzzle_Island.Puzzle_Island:PersistentLevel.Puzzle_Island' with GeneratedClass '/Game/Maps/Puzzle_Island.Puzzle_Island_C' with ClassGeneratedBy '/Game/Maps/Puzzle_Island.Puzzle_Island:PersistentLevel.Puzzle_Island'
[2017.11.25-16.41.14:711][951]LogBlueprintUserMessages: Late EndPlayMap Detection: Level '/Game/Maps/Puzzle_Island.Puzzle_Island:PersistentLevel' has LevelScriptBlueprint '/Game/Maps/Puzzle_Island.Puzzle_Island:PersistentLevel.Puzzle_Island' with GeneratedClass '/Game/Maps/Puzzle_Island.Puzzle_Island_C' with ClassGeneratedBy '/Game/Maps/Puzzle_Island.Puzzle_Island:PersistentLevel.Puzzle_Island'
[2017.11.25-16.41.37:912][ 35]LogEditorViewport: Clicking on Actor (LMB): BP_Sky_Sphere_C (Sky Sphere)
[2017.11.25-16.41.42:273][401]LogTemp: Repeating last play command: Selected Viewport
[2017.11.25-16.41.42:316][401]LogBlueprintUserMessages: Early PlayInEditor Detection: Level '/Game/Maps/Puzzle_Island.Puzzle_Island:PersistentLevel' has LevelScriptBlueprint '/Game/Maps/Puzzle_Island.Puzzle_Island:PersistentLevel.Puzzle_Island' with GeneratedClass '/Game/Maps/Puzzle_Island.Puzzle_Island_C' with ClassGeneratedBy '/Game/Maps/Puzzle_Island.Puzzle_Island:PersistentLevel.Puzzle_Island'
[2017.11.25-16.41.42:317][401]LogPlayLevel: PlayLevel: No blueprints needed recompiling
[2017.11.25-16.41.42:317][401]PIE: New page: PIE session: Puzzle_Island (25 Nov 2017 16:41:42)
[2017.11.25-16.41.42:317][401]LogPlayLevel: Creating play world package: /Game/Maps/UEDPIE_0_Puzzle_Island
[2017.11.25-16.41.42:335][401]LogPlayLevel: PIE: StaticDuplicateObject took: (0.018359s)
[2017.11.25-16.41.42:336][401]LogAIModule: Creating AISystem for world Puzzle_Island
[2017.11.25-16.41.42:336][401]LogPlayLevel: PIE: World Init took: (0.001056s)
[2017.11.25-16.41.42:337][401]LogPlayLevel: PIE: Created PIE world by copying editor world from /Game/Maps/Puzzle_Island.Puzzle_Island to /Game/Maps/UEDPIE_0_Puzzle_Island.Puzzle_Island (0.019862s)
[2017.11.25-16.41.42:358][401]LogInit: XAudio2 using 'Speakers (Realtek High Definition Audio)' : 2 channels at 48 kHz using 32 bits per sample (channel mask 0x3)
[2017.11.25-16.41.42:393][401]LogInit: FAudioDevice initialized.
[2017.11.25-16.41.42:427][401]LogLoad: Game class is '3D_Exploration_GameMode_C'
[2017.11.25-16.41.42:432][401]LogWorld: Bringing World /Game/Maps/UEDPIE_0_Puzzle_Island.Puzzle_Island up for play (max tick rate 0) at 2017.11.25-16.41.42
[2017.11.25-16.41.42:432][401]LogWorld: Bringing up level for play took: 0.004097
[2017.11.25-16.41.42:435][401]PIE: Play in editor start time for /Game/Maps/UEDPIE_0_Puzzle_Island 0.266
[2017.11.25-16.41.42:436][401]LogBlueprintUserMessages: Late PlayInEditor Detection: Level '/Game/Maps/Puzzle_Island.Puzzle_Island:PersistentLevel' has LevelScriptBlueprint '/Game/Maps/Puzzle_Island.Puzzle_Island:PersistentLevel.Puzzle_Island' with GeneratedClass '/Game/Maps/Puzzle_Island.Puzzle_Island_C' with ClassGeneratedBy '/Game/Maps/Puzzle_Island.Puzzle_Island:PersistentLevel.Puzzle_Island'
[2017.11.25-16.42.09:455][384]LogNet: Browse: /Game/Maps/Jigsaw_Scene
[2017.11.25-16.42.09:455][384]LogLoad: LoadMap: /Game/Maps/Jigsaw_Scene
[2017.11.25-16.42.09:474][384]Cmd: MEM
[2017.11.25-16.42.09:488][384]LogMemory: Platform Memory Stats for Windows
[2017.11.25-16.42.09:488][384]LogMemory: Process Physical Memory: 1531.69 MB used, 1572.01 MB peak
[2017.11.25-16.42.09:488][384]LogMemory: Process Virtual Memory: 2261.56 MB used, 2264.73 MB peak
[2017.11.25-16.42.09:488][384]LogMemory: Physical Memory: 13236.45 MB used,  19447.97 MB free, 32684.42 MB total
[2017.11.25-16.42.09:488][384]LogMemory: Virtual Memory: 3552.43 MB used,  19447.97 MB free, 134217728.00 MB total
[2017.11.25-16.42.09:488][384]LogMemory: 
[2017.11.25-16.42.09:488][384]Allocator Stats for TBB: (not implemented)
[2017.11.25-16.42.09:612][384]LogAIModule: Creating AISystem for world Jigsaw_Scene
[2017.11.25-16.42.09:613][384]LogLoad: Game class is '2D_GameMode_C'
[2017.11.25-16.42.09:616][384]LogWorld: Bringing World /Game/Maps/UEDPIE_0_Jigsaw_Scene.Jigsaw_Scene up for play (max tick rate 0) at 2017.11.25-16.42.09
[2017.11.25-16.42.09:616][384]LogWorld: Bringing up level for play took: 0.002366
[2017.11.25-16.42.09:616][384]LogGameMode: FindPlayerStart: PATHS NOT DEFINED or NO PLAYERSTART with positive rating
[2017.11.25-16.42.09:617][384]LogLoad: Took 0.162089 seconds to LoadMap(/Game/Maps/Jigsaw_Scene)
[2017.11.25-16.42.17:128][249]LogNet: Browse: /Game/Maps/Puzzle_Island
[2017.11.25-16.42.17:128][249]LogLoad: LoadMap: /Game/Maps/Puzzle_Island
[2017.11.25-16.42.17:148][249]Cmd: MEM
[2017.11.25-16.42.17:167][249]LogMemory: Platform Memory Stats for Windows
[2017.11.25-16.42.17:167][249]LogMemory: Process Physical Memory: 1518.34 MB used, 1572.01 MB peak
[2017.11.25-16.42.17:167][249]LogMemory: Process Virtual Memory: 2130.53 MB used, 2403.17 MB peak
[2017.11.25-16.42.17:167][249]LogMemory: Physical Memory: 13234.90 MB used,  19449.52 MB free, 32684.42 MB total
[2017.11.25-16.42.17:167][249]LogMemory: Virtual Memory: 3577.68 MB used,  19449.52 MB free, 134217728.00 MB total
[2017.11.25-16.42.17:167][249]LogMemory: 
[2017.11.25-16.42.17:167][249]Allocator Stats for TBB: (not implemented)
[2017.11.25-16.42.17:167][249]LogPlayLevel: Creating play world package: /Game/Maps/UEDPIE_0_Puzzle_Island
[2017.11.25-16.42.17:196][249]LogPlayLevel: PIE: StaticDuplicateObject took: (0.029105s)
[2017.11.25-16.42.17:197][249]LogAIModule: Creating AISystem for world Puzzle_Island
[2017.11.25-16.42.17:197][249]LogPlayLevel: PIE: World Init took: (0.001139s)
[2017.11.25-16.42.17:198][249]LogPlayLevel: PIE: Created PIE world by copying editor world from /Game/Maps/Puzzle_Island.Puzzle_Island to /Game/Maps/UEDPIE_0_Puzzle_Island.Puzzle_Island (0.030709s)
[2017.11.25-16.42.17:198][249]LogLoad: Game class is '3D_Exploration_GameMode_C'
[2017.11.25-16.42.17:204][249]LogWorld: Bringing World /Game/Maps/UEDPIE_0_Puzzle_Island.Puzzle_Island up for play (max tick rate 0) at 2017.11.25-16.42.17
[2017.11.25-16.42.17:205][249]LogWorld: Bringing up level for play took: 0.005684
[2017.11.25-16.42.17:208][249]LogLoad: Took 0.079403 seconds to LoadMap(/Game/Maps/UEDPIE_0_Puzzle_Island)
[2017.11.25-16.42.17:920][324]LogBlueprintUserMessages: Early EndPlayMap Detection: Level '/Game/Maps/Puzzle_Island.Puzzle_Island:PersistentLevel' has LevelScriptBlueprint '/Game/Maps/Puzzle_Island.Puzzle_Island:PersistentLevel.Puzzle_Island' with GeneratedClass '/Game/Maps/Puzzle_Island.Puzzle_Island_C' with ClassGeneratedBy '/Game/Maps/Puzzle_Island.Puzzle_Island:PersistentLevel.Puzzle_Island'
[2017.11.25-16.42.17:967][324]LogBlueprintUserMessages: Late EndPlayMap Detection: Level '/Game/Maps/Puzzle_Island.Puzzle_Island:PersistentLevel' has LevelScriptBlueprint '/Game/Maps/Puzzle_Island.Puzzle_Island:PersistentLevel.Puzzle_Island' with GeneratedClass '/Game/Maps/Puzzle_Island.Puzzle_Island_C' with ClassGeneratedBy '/Game/Maps/Puzzle_Island.Puzzle_Island:PersistentLevel.Puzzle_Island'
[2017.11.25-16.42.21:861][409]LogSavePackage: Save=495.39ms
[2017.11.25-16.42.21:861][409]LogSavePackage: Moving 'D:/Education/Uniwersytet/Year3/VGD/Puzzle-Island-VGD/Puzzle_Island/Saved/Puzzle_IslandE5FC3CF64C69E97C93AEABBEE56B6B24.tmp' to 'D:/Education/Uniwersytet/Year3/VGD/Puzzle-Island-VGD/Puzzle_Island/Content/Maps/Puzzle_Island.umap'
[2017.11.25-16.42.21:870][409]LogSavePackage: Display: Finished SavePackage D:/Education/Uniwersytet/Year3/VGD/Puzzle-Island-VGD/Puzzle_Island/Content/Maps/Puzzle_Island.umap
[2017.11.25-16.42.21:959][409]LogFileHelpers: Saving map 'Puzzle_Island' took 0.764
[2017.11.25-16.42.21:963][409]Cmd: OBJ SAVEPACKAGE PACKAGE="/Game/Maps/Puzzle_Island_BuiltData" FILE="D:/Education/Uniwersytet/Year3/VGD/Puzzle-Island-VGD/Puzzle_Island/Content/Maps/Puzzle_Island_BuiltData.uasset" SILENT=true
[2017.11.25-16.42.22:267][409]LogSavePackage: Save=287.14ms
[2017.11.25-16.42.22:267][409]LogSavePackage: Moving 'D:/Education/Uniwersytet/Year3/VGD/Puzzle-Island-VGD/Puzzle_Island/Saved/Puzzle_Island_BuiltData18FC94844AB6EA37D18A258A02DC5FCA.tmp' to 'D:/Education/Uniwersytet/Year3/VGD/Puzzle-Island-VGD/Puzzle_Island/Content/Maps/Puzzle_Island_BuiltData.uasset'
[2017.11.25-16.42.22:276][409]LogSavePackage: Display: Finished SavePackage D:/Education/Uniwersytet/Year3/VGD/Puzzle-Island-VGD/Puzzle_Island/Content/Maps/Puzzle_Island_BuiltData.uasset
[2017.11.25-16.42.22:532][409]LogWindowsTextInputMethodSystem: Display: IME system now deactivated.
[2017.11.25-16.42.22:813][410]Cmd: QUIT_EDITOR
[2017.11.25-16.42.23:725][410]LogExit: Preparing to exit.
[2017.11.25-16.42.24:927][410]LogExit: Editor shut down
[2017.11.25-16.42.24:930][410]LogExit: Transaction tracking system shut down
[2017.11.25-16.42.25:178][410]LogDirectoryWatcher: A directory notification for '../../../Engine/Content/' was aborted.
[2017.11.25-16.42.25:179][410]LogDirectoryWatcher: A directory notification for 'D:/Education/Uniwersytet/Year3/VGD/Puzzle-Island-VGD/Puzzle_Island/Content/' was aborted.
[2017.11.25-16.42.25:179][410]LogDirectoryWatcher: A directory notification for '../../../Engine/Plugins/2D/Paper2D/Content/' was aborted.
[2017.11.25-16.42.25:179][410]LogDirectoryWatcher: A directory notification for '../../../Engine/Plugins/Runtime/Oculus/OculusVR/Content/' was aborted.
[2017.11.25-16.42.25:180][410]LogDirectoryWatcher: A directory notification for '../../../Engine/Plugins/Runtime/Steam/SteamVR/Content/' was aborted.
[2017.11.25-16.42.25:299][410]LogExit: Object subsystem successfully closed.
[2017.11.25-16.42.25:323][410]LogD3D11RHI: Shutdown
[2017.11.25-16.42.25:323][410]LogD3D11RHI: CleanupD3DDevice
[2017.11.25-16.42.25:327][410]LogD3D11RHI: ~FD3D11DynamicRHI
[2017.11.25-16.42.25:386][410]LogModuleManager: Shutting down and abandoning module HierarchicalLODUtilities (538)
[2017.11.25-16.42.25:387][410]LogModuleManager: Shutting down and abandoning module ExternalImagePicker (536)
[2017.11.25-16.42.25:387][410]LogModuleManager: Shutting down and abandoning module MovieSceneCapture (534)
[2017.11.25-16.42.25:387][410]LogModuleManager: Shutting down and abandoning module HierarchicalLODOutliner (532)
[2017.11.25-16.42.25:387][410]LogModuleManager: Shutting down and abandoning module SceneOutliner (530)
[2017.11.25-16.42.25:387][410]LogModuleManager: Shutting down and abandoning module AddContentDialog (528)
[2017.11.25-16.42.25:387][410]LogDirectoryWatcher: A directory notification for 'C:/Program Files/Epic Games/UE_4.17/FeaturePacks/' was aborted.
[2017.11.25-16.42.25:388][410]LogModuleManager: Shutting down and abandoning module WidgetCarousel (527)
[2017.11.25-16.42.25:388][410]LogModuleManager: Shutting down and abandoning module EditorWidgets (524)
[2017.11.25-16.42.25:388][410]LogModuleManager: Shutting down and abandoning module CollectionManager (522)
[2017.11.25-16.42.25:388][410]LogDirectoryWatcher: A directory notification for 'D:/Education/Uniwersytet/Year3/VGD/Puzzle-Island-VGD/Puzzle_Island/Content/Collections/' was aborted.
[2017.11.25-16.42.25:388][410]LogDirectoryWatcher: A directory notification for 'D:/Education/Uniwersytet/Year3/VGD/Puzzle-Island-VGD/Puzzle_Island/Content/Developers/Jakub/Collections/' was aborted.
[2017.11.25-16.42.25:388][410]LogDirectoryWatcher: A directory notification for 'D:/Education/Uniwersytet/Year3/VGD/Puzzle-Island-VGD/Puzzle_Island/Saved/Collections/' was aborted.
[2017.11.25-16.42.25:389][410]LogModuleManager: Shutting down and abandoning module StatsViewer (520)
[2017.11.25-16.42.25:389][410]LogModuleManager: Shutting down and abandoning module FoliageEdit (518)
[2017.11.25-16.42.25:389][410]LogModuleManager: Shutting down and abandoning module LandscapeEditor (516)
[2017.11.25-16.42.25:389][410]LogModuleManager: Shutting down and abandoning module MeshPaintMode (514)
[2017.11.25-16.42.25:389][410]LogModuleManager: Shutting down and abandoning module SceneDepthPickerMode (512)
[2017.11.25-16.42.25:389][410]LogModuleManager: Shutting down and abandoning module ActorPickerMode (510)
[2017.11.25-16.42.25:389][410]LogModuleManager: Shutting down and abandoning module GeometryMode (508)
[2017.11.25-16.42.25:389][410]LogModuleManager: Shutting down and abandoning module TextureAlignMode (506)
[2017.11.25-16.42.25:389][410]LogModuleManager: Shutting down and abandoning module BspMode (504)
[2017.11.25-16.42.25:389][410]LogModuleManager: Shutting down and abandoning module PIEPreviewDeviceProfileSelector (502)
[2017.11.25-16.42.25:389][410]LogModuleManager: Shutting down and abandoning module HardwareSurvey (500)
[2017.11.25-16.42.25:389][410]LogModuleManager: Shutting down and abandoning module SequenceRecorderSections (498)
[2017.11.25-16.42.25:389][410]LogModuleManager: Shutting down and abandoning module AutomationWorker (496)
[2017.11.25-16.42.25:389][410]LogModuleManager: Shutting down and abandoning module MatineeToLevelSequence (494)
[2017.11.25-16.42.25:389][410]LogModuleManager: Shutting down and abandoning module LevelSequenceEditor (492)
[2017.11.25-16.42.25:389][410]LogModuleManager: Shutting down and abandoning module PlacementMode (491)
[2017.11.25-16.42.25:389][410]LogModuleManager: Shutting down and abandoning module WmfMediaFactory (488)
[2017.11.25-16.42.25:389][410]LogModuleManager: Shutting down and abandoning module WmfMediaEditor (486)
[2017.11.25-16.42.25:389][410]LogModuleManager: Shutting down and abandoning module AvfMediaFactory (484)
[2017.11.25-16.42.25:389][410]LogModuleManager: Shutting down and abandoning module AvfMediaEditor (482)
[2017.11.25-16.42.25:389][410]LogModuleManager: Shutting down and abandoning module AndroidMediaFactory (480)
[2017.11.25-16.42.25:390][410]LogModuleManager: Shutting down and abandoning module Media (479)
[2017.11.25-16.42.25:390][410]LogModuleManager: Shutting down and abandoning module AndroidMediaEditor (476)
[2017.11.25-16.42.25:390][410]LogModuleManager: Shutting down and abandoning module CharacterAI (474)
[2017.11.25-16.42.25:390][410]LogModuleManager: Shutting down and abandoning module AudioCapture (472)
[2017.11.25-16.42.25:390][410]LogModuleManager: Shutting down and abandoning module SequenceRecorder (471)
[2017.11.25-16.42.25:390][410]LogModuleManager: Shutting down and abandoning module SmartSnapping (468)
[2017.11.25-16.42.25:390][410]LogModuleManager: Shutting down and abandoning module SessionServices (466)
[2017.11.25-16.42.25:390][410]LogModuleManager: Shutting down and abandoning module ViewportSnapping (464)
[2017.11.25-16.42.25:390][410]LogModuleManager: Shutting down and abandoning module ViewportInteraction (462)
[2017.11.25-16.42.25:390][410]LogModuleManager: Shutting down and abandoning module ClothPainter (460)
[2017.11.25-16.42.25:390][410]LogModuleManager: Shutting down and abandoning module LogVisualizer (458)
[2017.11.25-16.42.25:390][410]LogModuleManager: Shutting down and abandoning module IntroTutorials (456)
[2017.11.25-16.42.25:390][410]LogModuleManager: Shutting down and abandoning module GameProjectGeneration (455)
[2017.11.25-16.42.25:390][410]LogModuleManager: Shutting down and abandoning module IOSPlatformEditor (452)
[2017.11.25-16.42.25:390][410]LogModuleManager: Shutting down and abandoning module HTML5PlatformEditor (450)
[2017.11.25-16.42.25:390][410]LogModuleManager: Shutting down and abandoning module AndroidPlatformEditor (448)
[2017.11.25-16.42.25:390][410]LogModuleManager: Shutting down and abandoning module AndroidDeviceDetection (447)
[2017.11.25-16.42.25:567][410]LogModuleManager: Shutting down and abandoning module WindowsPlatformEditor (444)
[2017.11.25-16.42.25:567][410]LogModuleManager: Shutting down and abandoning module IOSRuntimeSettings (442)
[2017.11.25-16.42.25:567][410]LogModuleManager: Shutting down and abandoning module AndroidRuntimeSettings (440)
[2017.11.25-16.42.25:567][410]LogModuleManager: Shutting down and abandoning module InputBindingEditor (438)
[2017.11.25-16.42.25:567][410]LogModuleManager: Shutting down and abandoning module MergeActors (436)
[2017.11.25-16.42.25:567][410]LogModuleManager: Shutting down and abandoning module SizeMap (434)
[2017.11.25-16.42.25:567][410]LogModuleManager: Shutting down and abandoning module TreeMap (432)
[2017.11.25-16.42.25:567][410]LogModuleManager: Shutting down and abandoning module ReferenceViewer (430)
[2017.11.25-16.42.25:567][410]LogModuleManager: Shutting down and abandoning module LocalizationDashboard (428)
[2017.11.25-16.42.25:567][410]LogModuleManager: Shutting down and abandoning module LocalizationService (427)
[2017.11.25-16.42.25:567][410]LogModuleManager: Shutting down and abandoning module HardwareTargeting (424)
[2017.11.25-16.42.25:567][410]LogModuleManager: Shutting down and abandoning module DeviceProfileEditor (422)
[2017.11.25-16.42.25:567][410]LogModuleManager: Shutting down and abandoning module UndoHistory (420)
[2017.11.25-16.42.25:567][410]LogModuleManager: Shutting down and abandoning module XmlParser (418)
[2017.11.25-16.42.25:567][410]LogModuleManager: Shutting down and abandoning module Blutility (416)
[2017.11.25-16.42.25:567][410]LogModuleManager: Shutting down and abandoning module ProjectSettingsViewer (414)
[2017.11.25-16.42.25:567][410]LogModuleManager: Shutting down and abandoning module ProjectTargetPlatformEditor (413)
[2017.11.25-16.42.25:568][410]LogModuleManager: Shutting down and abandoning module EditorSettingsViewer (410)
[2017.11.25-16.42.25:568][410]LogModuleManager: Shutting down and abandoning module SettingsEditor (408)
[2017.11.25-16.42.25:568][410]LogModuleManager: Shutting down and abandoning module ProjectLauncher (406)
[2017.11.25-16.42.25:568][410]LogModuleManager: Shutting down and abandoning module SessionFrontend (404)
[2017.11.25-16.42.25:568][410]LogModuleManager: Shutting down and abandoning module ProfilerClient (402)
[2017.11.25-16.42.25:568][410]LogModuleManager: Shutting down and abandoning module DeviceManager (400)
[2017.11.25-16.42.25:568][410]LogModuleManager: Shutting down and abandoning module TargetDeviceServices (399)
[2017.11.25-16.42.25:623][410]LogModuleManager: Shutting down and abandoning module AutomationController (396)
[2017.11.25-16.42.25:623][410]LogModuleManager: Shutting down and abandoning module AutomationWindow (394)
[2017.11.25-16.42.25:623][410]LogModuleManager: Shutting down and abandoning module Layers (392)
[2017.11.25-16.42.25:623][410]LogModuleManager: Shutting down and abandoning module ComponentVisualizers (390)
[2017.11.25-16.42.25:623][410]LogModuleManager: Shutting down and abandoning module DetailCustomizations (388)
[2017.11.25-16.42.25:623][410]LogModuleManager: Shutting down and abandoning module PackagesDialog (386)
[2017.11.25-16.42.25:623][410]LogModuleManager: Shutting down and abandoning module Persona (384)
[2017.11.25-16.42.25:624][410]LogModuleManager: Shutting down and abandoning module AdvancedPreviewScene (383)
[2017.11.25-16.42.25:624][410]LogModuleManager: Shutting down and abandoning module AnimGraph (381)
[2017.11.25-16.42.25:624][410]LogModuleManager: Shutting down and abandoning module Kismet (378)
[2017.11.25-16.42.25:625][410]LogModuleManager: Shutting down and abandoning module ClassViewer (376)
[2017.11.25-16.42.25:629][410]LogModuleManager: Shutting down and abandoning module Toolbox (374)
[2017.11.25-16.42.25:629][410]LogModuleManager: Shutting down and abandoning module ModuleUI (372)
[2017.11.25-16.42.25:629][410]LogModuleManager: Shutting down and abandoning module MovieSceneTools (370)
[2017.11.25-16.42.25:629][410]LogModuleManager: Shutting down and abandoning module OutputLog (368)
[2017.11.25-16.42.25:629][410]LogModuleManager: Shutting down and abandoning module GammaUI (366)
[2017.11.25-16.42.25:629][410]LogModuleManager: Shutting down and abandoning module Documentation (364)
[2017.11.25-16.42.25:630][410]LogModuleManager: Shutting down and abandoning module MovieSceneTracks (362)
[2017.11.25-16.42.25:630][410]LogModuleManager: Shutting down and abandoning module MovieScene (360)
[2017.11.25-16.42.25:630][410]LogModuleManager: Shutting down and abandoning module Niagara (358)
[2017.11.25-16.42.25:630][410]LogModuleManager: Shutting down and abandoning module NiagaraEditor (357)
[2017.11.25-16.42.25:630][410]LogModuleManager: Shutting down and abandoning module StreamingPauseRendering (354)
[2017.11.25-16.42.25:630][410]LogModuleManager: Shutting down and abandoning module LauncherPlatform (352)
[2017.11.25-16.42.25:630][410]LogModuleManager: Shutting down and abandoning module AnalyticsET (350)
[2017.11.25-16.42.25:630][410]LogModuleManager: Shutting down and abandoning module PortalServices (348)
[2017.11.25-16.42.25:630][410]LogModuleManager: Shutting down and abandoning module PortalRpc (346)
[2017.11.25-16.42.25:630][410]LogModuleManager: Shutting down and abandoning module MessagingRpc (344)
[2017.11.25-16.42.25:630][410]LogModuleManager: Shutting down and abandoning module AIModule (342)
[2017.11.25-16.42.25:630][410]LogModuleManager: Shutting down and abandoning module GameplayDebugger (341)
[2017.11.25-16.42.25:630][410]LogModuleManager: Shutting down and abandoning module AITestSuite (339)
[2017.11.25-16.42.25:631][410]LogModuleManager: Shutting down and abandoning module ProfilerService (336)
[2017.11.25-16.42.25:814][410]LogModuleManager: Shutting down and abandoning module TaskGraph (334)
[2017.11.25-16.42.25:814][410]LogModuleManager: Shutting down and abandoning module SteamVRController (332)
[2017.11.25-16.42.25:814][410]LogModuleManager: Shutting down and abandoning module ProceduralMeshComponentEditor (330)
[2017.11.25-16.42.25:814][410]LogModuleManager: Shutting down and abandoning module ProceduralMeshComponent (328)
[2017.11.25-16.42.25:815][410]LogModuleManager: Shutting down and abandoning module OculusInput (326)
[2017.11.25-16.42.25:815][410]LogModuleManager: Shutting down and abandoning module MobilePatchingUtils (324)
[2017.11.25-16.42.25:815][410]LogModuleManager: Shutting down and abandoning module CustomMeshComponent (322)
[2017.11.25-16.42.25:815][410]LogModuleManager: Shutting down and abandoning module CableComponent (320)
[2017.11.25-16.42.25:815][410]LogModuleManager: Shutting down and abandoning module ArchVisCharacter (318)
[2017.11.25-16.42.25:815][410]LogModuleManager: Shutting down and abandoning module AndroidPermission (316)
[2017.11.25-16.42.25:815][410]LogModuleManager: Shutting down and abandoning module MediaPlayerEditor (312)
[2017.11.25-16.42.25:815][410]LogModuleManager: Shutting down and abandoning module HTML5Networking (310)
[2017.11.25-16.42.25:815][410]LogModuleManager: Shutting down and abandoning module AlembicImporter (308)
[2017.11.25-16.42.25:815][410]LogModuleManager: Shutting down and abandoning module AlembicLibrary (307)
[2017.11.25-16.42.25:815][410]LogModuleManager: Shutting down and abandoning module GeometryCache (306)
[2017.11.25-16.42.25:815][410]LogModuleManager: Shutting down and abandoning module GeometryCacheEd (305)
[2017.11.25-16.42.25:815][410]LogModuleManager: Shutting down and abandoning module SpeedTreeImporter (300)
[2017.11.25-16.42.25:815][410]LogModuleManager: Shutting down and abandoning module PluginBrowser (298)
[2017.11.25-16.42.25:815][410]LogModuleManager: Shutting down and abandoning module MobileLauncherProfileWizard (296)
[2017.11.25-16.42.25:815][410]LogModuleManager: Shutting down and abandoning module VisualStudioSourceCodeAccess (294)
[2017.11.25-16.42.25:815][410]LogModuleManager: Shutting down and abandoning module DesktopPlatform (293)
[2017.11.25-16.42.25:815][410]LogModuleManager: Shutting down and abandoning module UObjectPlugin (290)
[2017.11.25-16.42.25:815][410]LogModuleManager: Shutting down and abandoning module SubversionSourceControl (288)
[2017.11.25-16.42.25:815][410]LogModuleManager: Shutting down and abandoning module PerforceSourceControl (286)
[2017.11.25-16.42.25:815][410]LogModuleManager: Shutting down and abandoning module GitSourceControl (284)
[2017.11.25-16.42.25:815][410]LogModuleManager: Shutting down and abandoning module SourceControl (283)
[2017.11.25-16.42.25:816][410]LogModuleManager: Shutting down and abandoning module LightPropagationVolumeEditor (280)
[2017.11.25-16.42.25:816][410]LogModuleManager: Shutting down and abandoning module PaperTiledImporter (278)
[2017.11.25-16.42.25:816][410]LogModuleManager: Shutting down and abandoning module PaperSpriteSheetImporter (276)
[2017.11.25-16.42.25:816][410]LogModuleManager: Shutting down and abandoning module Paper2DEditor (274)
[2017.11.25-16.42.25:816][410]LogModuleManager: Shutting down and abandoning module MeshPaint (273)
[2017.11.25-16.42.25:816][410]LogModuleManager: Shutting down and abandoning module LevelEditor (271)
[2017.11.25-16.42.25:816][410]LogModuleManager: Shutting down and abandoning module PixelInspectorModule (270)
[2017.11.25-16.42.25:816][410]LogModuleManager: Shutting down and abandoning module MainFrame (268)
[2017.11.25-16.42.25:816][410]LogModuleManager: Shutting down and abandoning module HotReload (267)
[2017.11.25-16.42.25:816][410]LogDirectoryWatcher: A directory notification for 'D:/Education/Uniwersytet/Year3/VGD/Puzzle-Island-VGD/Puzzle_Island/Binaries/Win64' was aborted.
[2017.11.25-16.42.25:817][410]LogModuleManager: Shutting down and abandoning module Puzzle_Island (262)
[2017.11.25-16.42.25:817][410]LogModuleManager: Shutting down and abandoning module RuntimePhysXCooking (260)
[2017.11.25-16.42.25:817][410]LogModuleManager: Shutting down and abandoning module PhysXVehiclesEditor (258)
[2017.11.25-16.42.25:817][410]LogModuleManager: Shutting down and abandoning module PhysXVehicles (256)
[2017.11.25-16.42.25:817][410]LogModuleManager: Shutting down and abandoning module OculusEditor (254)
[2017.11.25-16.42.25:817][410]LogModuleManager: Shutting down and abandoning module LocationServicesBPLibrary (252)
[2017.11.25-16.42.25:817][410]LogModuleManager: Shutting down and abandoning module ImmediatePhysicsEditor (250)
[2017.11.25-16.42.25:817][410]LogModuleManager: Shutting down and abandoning module ImmediatePhysics (248)
[2017.11.25-16.42.25:817][410]LogModuleManager: Shutting down and abandoning module UdpMessaging (246)
[2017.11.25-16.42.25:918][410]LogModuleManager: Shutting down and abandoning module TcpMessaging (244)
[2017.11.25-16.42.26:019][410]LogModuleManager: Shutting down and abandoning module GameplayTagsEditor (242)
[2017.11.25-16.42.26:019][410]LogModuleManager: Shutting down and abandoning module FacialAnimationEditor (240)
[2017.11.25-16.42.26:019][410]LogModuleManager: Shutting down and abandoning module FacialAnimation (238)
[2017.11.25-16.42.26:019][410]LogModuleManager: Shutting down and abandoning module AssetManagerEditor (236)
[2017.11.25-16.42.26:019][410]LogModuleManager: Shutting down and abandoning module GraphEditor (235)
[2017.11.25-16.42.26:019][410]LogModuleManager: Shutting down and abandoning module ContentBrowser (233)
[2017.11.25-16.42.26:020][410]LogModuleManager: Shutting down and abandoning module LightPropagationVolumeRuntime (230)
[2017.11.25-16.42.26:021][410]LogModuleManager: Shutting down and abandoning module Paper2D (228)
[2017.11.25-16.42.26:021][410]LogModuleManager: Shutting down and abandoning module WindowsMoviePlayer (226)
[2017.11.25-16.42.26:021][410]LogModuleManager: Shutting down and abandoning module WmfMedia (224)
[2017.11.25-16.42.26:021][410]LogModuleManager: Shutting down and abandoning module PacketHandler (222)
[2017.11.25-16.42.26:021][410]LogModuleManager: Shutting down and abandoning module ClothingSystemEditor (220)
[2017.11.25-16.42.26:021][410]LogModuleManager: Shutting down and abandoning module ClothingSystemRuntime (218)
[2017.11.25-16.42.26:021][410]LogModuleManager: Shutting down and abandoning module Overlay (216)
[2017.11.25-16.42.26:021][410]LogModuleManager: Shutting down and abandoning module OverlayEditor (215)
[2017.11.25-16.42.26:021][410]LogModuleManager: Shutting down and abandoning module MediaAssets (212)
[2017.11.25-16.42.26:021][410]LogModuleManager: Shutting down and abandoning module VREditor (210)
[2017.11.25-16.42.26:021][410]LogModuleManager: Shutting down and abandoning module StringTableEditor (208)
[2017.11.25-16.42.26:021][410]LogModuleManager: Shutting down and abandoning module GameplayTasksEditor (206)
[2017.11.25-16.42.26:021][410]LogModuleManager: Shutting down and abandoning module BehaviorTreeEditor (204)
[2017.11.25-16.42.26:021][410]LogModuleManager: Shutting down and abandoning module FunctionalTesting (202)
[2017.11.25-16.42.26:021][410]LogModuleManager: Shutting down and abandoning module CollisionAnalyzer (200)
[2017.11.25-16.42.26:021][410]LogModuleManager: Shutting down and abandoning module WorkspaceMenuStructure (199)
[2017.11.25-16.42.26:021][410]LogModuleManager: Shutting down and abandoning module UMG (196)
[2017.11.25-16.42.26:021][410]LogModuleManager: Shutting down and abandoning module UMGEditor (195)
[2017.11.25-16.42.26:021][410]LogModuleManager: Shutting down and abandoning module Sequencer (194)
[2017.11.25-16.42.26:022][410]LogModuleManager: Shutting down and abandoning module MessageLog (191)
[2017.11.25-16.42.26:022][410]LogModuleManager: Shutting down and abandoning module SlateReflector (186)
[2017.11.25-16.42.26:022][410]LogModuleManager: Shutting down and abandoning module Slate (184)
[2017.11.25-16.42.26:022][410]LogModuleManager: Shutting down and abandoning module EditorStyle (182)
[2017.11.25-16.42.26:027][410]LogModuleManager: Shutting down and abandoning module MRMesh (180)
[2017.11.25-16.42.26:027][410]LogModuleManager: Shutting down and abandoning module SourceCodeAccess (178)
[2017.11.25-16.42.26:027][410]LogModuleManager: Shutting down and abandoning module HeadMountedDisplay (176)
[2017.11.25-16.42.26:027][410]LogModuleManager: Shutting down and abandoning module XAudio2 (174)
[2017.11.25-16.42.26:027][410]LogModuleManager: Shutting down and abandoning module Networking (172)
[2017.11.25-16.42.26:027][410]LogModuleManager: Shutting down and abandoning module Core (168)
[2017.11.25-16.42.26:027][410]LogModuleManager: Shutting down and abandoning module KismetCompiler (164)
[2017.11.25-16.42.26:027][410]LogModuleManager: Shutting down and abandoning module LevelSequence (162)
[2017.11.25-16.42.26:027][410]LogModuleManager: Shutting down and abandoning module MeshUtilities (160)
[2017.11.25-16.42.26:027][410]LogModuleManager: Shutting down and abandoning module MeshMergeUtilities (159)
[2017.11.25-16.42.26:027][410]LogModuleManager: Shutting down and abandoning module MeshReductionInterface (158)
[2017.11.25-16.42.26:027][410]LogModuleManager: Shutting down and abandoning module SimplygonSwarm (157)
[2017.11.25-16.42.26:027][410]LogModuleManager: Shutting down and abandoning module SimplygonMeshReduction (155)
[2017.11.25-16.42.26:027][410]LogModuleManager: Shutting down and abandoning module QuadricMeshReduction (153)
[2017.11.25-16.42.26:027][410]LogModuleManager: Shutting down and abandoning module MaterialBaking (149)
[2017.11.25-16.42.26:027][410]LogModuleManager: Shutting down and abandoning module DirectoryWatcher (146)
[2017.11.25-16.42.26:028][410]LogModuleManager: Shutting down and abandoning module DerivedDataCache (144)
[2017.11.25-16.42.26:065][410]LogDerivedDataCache: Shutdown
[2017.11.25-16.42.26:065][410]LogModuleManager: Shutting down and abandoning module TargetPlatform (142)
[2017.11.25-16.42.26:065][410]LogModuleManager: Shutting down and abandoning module VulkanShaderFormat (141)
[2017.11.25-16.42.26:065][410]LogModuleManager: Shutting down and abandoning module ShaderFormatVectorVM (139)
[2017.11.25-16.42.26:065][410]LogModuleManager: Shutting down and abandoning module ShaderFormatOpenGL (137)
[2017.11.25-16.42.26:065][410]LogModuleManager: Shutting down and abandoning module ShaderFormatD3D (135)
[2017.11.25-16.42.26:065][410]LogModuleManager: Shutting down and abandoning module MetalShaderFormat (133)
[2017.11.25-16.42.26:065][410]LogModuleManager: Shutting down and abandoning module TextureFormatUncompressed (131)
[2017.11.25-16.42.26:065][410]LogModuleManager: Shutting down and abandoning module TextureFormatPVR (129)
[2017.11.25-16.42.26:065][410]LogModuleManager: Shutting down and abandoning module TextureFormatDXT (127)
[2017.11.25-16.42.26:065][410]LogModuleManager: Shutting down and abandoning module TextureFormatIntelISPCTexComp (125)
[2017.11.25-16.42.26:066][410]LogModuleManager: Shutting down and abandoning module TextureFormatASTC (123)
[2017.11.25-16.42.26:066][410]LogModuleManager: Shutting down and abandoning module ImageWrapper (122)
[2017.11.25-16.42.26:066][410]LogModuleManager: Shutting down and abandoning module TextureFormatAndroid (119)
[2017.11.25-16.42.26:066][410]LogModuleManager: Shutting down and abandoning module AudioFormatOpus (117)
[2017.11.25-16.42.26:066][410]LogModuleManager: Shutting down and abandoning module AudioFormatOgg (115)
[2017.11.25-16.42.26:066][410]LogModuleManager: Shutting down and abandoning module AudioFormatADPCM (113)
[2017.11.25-16.42.26:066][410]LogModuleManager: Shutting down and abandoning module LinuxTargetPlatform (111)
[2017.11.25-16.42.26:066][410]LogModuleManager: Shutting down and abandoning module LinuxServerTargetPlatform (109)
[2017.11.25-16.42.26:066][410]LogModuleManager: Shutting down and abandoning module LinuxNoEditorTargetPlatform (107)
[2017.11.25-16.42.26:066][410]LogModuleManager: Shutting down and abandoning module LinuxClientTargetPlatform (105)
[2017.11.25-16.42.26:066][410]LogModuleManager: Shutting down and abandoning module TVOSTargetPlatform (103)
[2017.11.25-16.42.26:066][410]LogModuleManager: Shutting down and abandoning module Messaging (101)
[2017.11.25-16.42.26:066][410]LogModuleManager: Shutting down and abandoning module IOSTargetPlatform (99)
[2017.11.25-16.42.26:066][410]LogModuleManager: Shutting down and abandoning module HTML5TargetPlatform (97)
[2017.11.25-16.42.26:066][410]LogModuleManager: Shutting down and abandoning module Android_PVRTCTargetPlatform (95)
[2017.11.25-16.42.26:066][410]LogModuleManager: Shutting down and abandoning module Android_MultiTargetPlatform (93)
[2017.11.25-16.42.26:066][410]LogModuleManager: Shutting down and abandoning module Android_ETC2TargetPlatform (91)
[2017.11.25-16.42.26:066][410]LogModuleManager: Shutting down and abandoning module Android_ETC1TargetPlatform (89)
[2017.11.25-16.42.26:066][410]LogModuleManager: Shutting down and abandoning module Android_DXTTargetPlatform (87)
[2017.11.25-16.42.26:066][410]LogModuleManager: Shutting down and abandoning module Android_ATCTargetPlatform (85)
[2017.11.25-16.42.26:066][410]LogModuleManager: Shutting down and abandoning module Android_ASTCTargetPlatform (83)
[2017.11.25-16.42.26:066][410]LogModuleManager: Shutting down and abandoning module AndroidTargetPlatform (81)
[2017.11.25-16.42.26:066][410]LogModuleManager: Shutting down and abandoning module WindowsTargetPlatform (79)
[2017.11.25-16.42.26:066][410]LogModuleManager: Shutting down and abandoning module WindowsServerTargetPlatform (77)
[2017.11.25-16.42.26:066][410]LogModuleManager: Shutting down and abandoning module WindowsNoEditorTargetPlatform (75)
[2017.11.25-16.42.26:066][410]LogModuleManager: Shutting down and abandoning module WindowsClientTargetPlatform (73)
[2017.11.25-16.42.26:066][410]LogModuleManager: Shutting down and abandoning module MacTargetPlatform (71)
[2017.11.25-16.42.26:066][410]LogModuleManager: Shutting down and abandoning module MacServerTargetPlatform (69)
[2017.11.25-16.42.26:066][410]LogModuleManager: Shutting down and abandoning module MacNoEditorTargetPlatform (67)
[2017.11.25-16.42.26:066][410]LogModuleManager: Shutting down and abandoning module MacClientTargetPlatform (65)
[2017.11.25-16.42.26:066][410]LogModuleManager: Shutting down and abandoning module AllDesktopTargetPlatform (63)
[2017.11.25-16.42.26:066][410]LogModuleManager: Shutting down and abandoning module InputCore (60)
[2017.11.25-16.42.26:066][410]LogModuleManager: Shutting down and abandoning module Settings (58)
[2017.11.25-16.42.26:067][410]LogModuleManager: Shutting down and abandoning module PhysXCooking (56)
[2017.11.25-16.42.26:067][410]LogModuleManager: Shutting down and abandoning module SteamVR (54)
[2017.11.25-16.42.26:067][410]LogModuleManager: Shutting down and abandoning module OculusHMD (52)
[2017.11.25-16.42.26:067][410]LogModuleManager: Shutting down and abandoning module ExampleDeviceProfileSelector (50)
[2017.11.25-16.42.26:067][410]LogModuleManager: Shutting down and abandoning module OnlineBlueprintSupport (48)
[2017.11.25-16.42.26:067][410]LogModuleManager: Shutting down and abandoning module OnlineSubsystem (44)
[2017.11.25-16.42.26:067][410]LogOnline: Display: Unloading online subsystem: NULL
[2017.11.25-16.42.26:067][410]LogModuleManager: Shutting down and abandoning module XMPP (43)
[2017.11.25-16.42.26:067][410]LogModuleManager: Shutting down and abandoning module HTTP (41)
[2017.11.25-16.42.26:067][410]LogHttp: Display: Http module shutting down, but needs to wait on 1 outstanding Http requests:
[2017.11.25-16.42.26:067][410]LogHttp: Display: 	verb=[POST] url=[https://datarouter.ol.epicgames.com/datarouter/api/v1/public/data?SessionID=%7B0BFC82F4-4F0E-67DB-C3E0-9DB4B6C15205%7D&AppID=UEEditor.Rocket.Release&AppVersion=4.17.2-3658906%2B%2B%2BUE4%2BRelease-4.17&UserID=57c24bfd4a485b1cce38f19eb7f0e7b6%7C553ac523754045eea9b022c60cfc7b9e%7Cc86b4139-ad29-455a-bdfa-03c0a1a1d1d5&AppEnvironment=datacollector-binary&UploadType=eteventstream] status=Processing
[2017.11.25-16.42.26:091][410]LogModuleManager: Shutting down and abandoning module SSL (40)
[2017.11.25-16.42.26:093][410]LogModuleManager: Shutting down and abandoning module AnimationModifiers (36)
[2017.11.25-16.42.26:093][410]LogModuleManager: Shutting down and abandoning module PropertyEditor (35)
[2017.11.25-16.42.26:093][410]LogModuleManager: Shutting down and abandoning module AudioEditor (32)
[2017.11.25-16.42.26:093][410]LogModuleManager: Shutting down and abandoning module TextureCompressor (30)
[2017.11.25-16.42.26:093][410]LogModuleManager: Shutting down and abandoning module ShaderCore (28)
[2017.11.25-16.42.26:093][410]LogModuleManager: Shutting down and abandoning module Landscape (26)
[2017.11.25-16.42.26:093][410]LogModuleManager: Shutting down and abandoning module SlateRHIRenderer (24)
[2017.11.25-16.42.26:094][410]LogModuleManager: Shutting down and abandoning module OpenGLDrv (22)
[2017.11.25-16.42.26:094][410]LogModuleManager: Shutting down and abandoning module D3D11RHI (20)
[2017.11.25-16.42.26:094][410]LogModuleManager: Shutting down and abandoning module AnimGraphRuntime (18)
[2017.11.25-16.42.26:094][410]LogModuleManager: Shutting down and abandoning module Renderer (16)
[2017.11.25-16.42.26:094][410]LogModuleManager: Shutting down and abandoning module Engine (14)
[2017.11.25-16.42.26:094][410]LogModuleManager: Shutting down and abandoning module CoreUObject (12)
[2017.11.25-16.42.26:094][410]LogModuleManager: Shutting down and abandoning module NetworkFile (10)
[2017.11.25-16.42.26:095][410]LogModuleManager: Shutting down and abandoning module CookedIterativeFile (8)
[2017.11.25-16.42.26:095][410]LogModuleManager: Shutting down and abandoning module StreamingFile (6)
[2017.11.25-16.42.26:095][410]LogModuleManager: Shutting down and abandoning module SandboxFile (4)
[2017.11.25-16.42.26:095][410]LogModuleManager: Shutting down and abandoning module PakFile (2)
[2017.11.25-16.42.26:101][410]LogExit: Exiting.
[2017.11.25-16.42.26:170][410]Log file closed, 11/25/17 16:42:26
