Log file open, 11/16/17 12:20:18
LogWindows: Failed to load 'aqProf.dll' (GetLastError=126)
LogWindows: File 'aqProf.dll' does not exist
LogWindows: Failed to load 'VtuneApi.dll' (GetLastError=126)
LogWindows: File 'VtuneApi.dll' does not exist
LogWindows: Failed to load 'VtuneApi32e.dll' (GetLastError=126)
LogWindows: File 'VtuneApi32e.dll' does not exist
LogInit: Display: Running engine for game: Puzzle_Island
LogPlatformFile: Not using cached read wrapper
LogInit: Display: RandInit(601991299) SRandInit(601991299).
LogTaskGraph: Started task graph with 5 named threads and 14 total threads with 3 sets of task threads.
LogStats: Stats thread started at 0.182287
LogD3D11RHI: Aftermath initialized
LogPluginManager: Mounting plugin Paper2D
LogPluginManager: Mounting plugin LightPropagationVolume
LogPluginManager: Mounting plugin CodeLiteSourceCodeAccess
LogPluginManager: Mounting plugin GitSourceControl
LogPluginManager: Mounting plugin KDevelopSourceCodeAccess
LogPluginManager: Mounting plugin NullSourceCodeAccess
LogPluginManager: Mounting plugin PerforceSourceControl
LogPluginManager: Mounting plugin SubversionSourceControl
LogPluginManager: Mounting plugin UObjectPlugin
LogPluginManager: Mounting plugin VisualStudioSourceCodeAccess
LogPluginManager: Mounting plugin XCodeSourceCodeAccess
LogPluginManager: Mounting plugin AssetManagerEditor
LogPluginManager: Mounting plugin AudioCapture
LogPluginManager: Mounting plugin FacialAnimation
LogPluginManager: Mounting plugin GameplayTagsEditor
LogPluginManager: Mounting plugin MobileLauncherProfileWizard
LogPluginManager: Mounting plugin PluginBrowser
LogPluginManager: Mounting plugin SpeedTreeImporter
LogPluginManager: Mounting plugin AlembicImporter
LogPluginManager: Mounting plugin CharacterAI
LogPluginManager: Mounting plugin HTML5Networking
LogPluginManager: Mounting plugin AndroidMedia
LogPluginManager: Mounting plugin AvfMedia
LogPluginManager: Mounting plugin MediaPlayerEditor
LogPluginManager: Mounting plugin WmfMedia
LogPluginManager: Mounting plugin TcpMessaging
LogPluginManager: Mounting plugin UdpMessaging
LogPluginManager: Mounting plugin LevelSequenceEditor
LogPluginManager: Mounting plugin MatineeToLevelSequence
LogPluginManager: Mounting plugin OnlineSubsystemGooglePlay
LogPluginManager: Mounting plugin OnlineSubsystemIOS
LogPluginManager: Mounting plugin OnlineSubsystem
LogPluginManager: Mounting plugin OnlineSubsystemNull
LogPluginManager: Mounting plugin OnlineSubsystemUtils
LogPluginManager: Mounting plugin AndroidDeviceProfileSelector
LogPluginManager: Mounting plugin AndroidMoviePlayer
LogPluginManager: Mounting plugin AndroidPermission
LogPluginManager: Mounting plugin AppleMoviePlayer
LogPluginManager: Mounting plugin ArchVisCharacter
LogPluginManager: Mounting plugin CableComponent
LogPluginManager: Mounting plugin CustomMeshComponent
LogPluginManager: Mounting plugin ExampleDeviceProfileSelector
LogPluginManager: Mounting plugin GoogleCloudMessaging
LogPluginManager: Mounting plugin ImmediatePhysics
LogPluginManager: Mounting plugin IOSDeviceProfileSelector
LogPluginManager: Mounting plugin LinuxDeviceProfileSelector
LogPluginManager: Mounting plugin LocationServicesBPLibrary
LogPluginManager: Mounting plugin MobilePatchingUtils
LogPluginManager: Mounting plugin OculusVR
LogPluginManager: Mounting plugin PhysXVehicles
LogPluginManager: Mounting plugin ProceduralMeshComponent
LogPluginManager: Mounting plugin RuntimePhysXCooking
LogPluginManager: Mounting plugin SteamVR
LogPluginManager: Mounting plugin WindowsMoviePlayer
LogInit: Using libcurl 7.47.1
LogInit:  - built for x86_64-pc-win32
LogInit:  - supports SSL with OpenSSL/1.0.2g
LogInit:  - supports HTTP deflate (compression) using libz 1.2.8
LogInit:  - other features:
LogInit:      CURL_VERSION_SSL
LogInit:      CURL_VERSION_LIBZ
LogInit:      CURL_VERSION_IPV6
LogInit:      CURL_VERSION_ASYNCHDNS
LogInit:      CURL_VERSION_LARGEFILE
LogInit:      CURL_VERSION_IDN
LogInit:  CurlRequestOptions (configurable via config and command line):
LogInit:  - bVerifyPeer = false  - Libcurl will NOT verify peer certificate
LogInit:  - bUseHttpProxy = false  - Libcurl will NOT use HTTP proxy
LogInit:  - bDontReuseConnections = false  - Libcurl will reuse connections
LogInit:  - CertBundlePath = nullptr  - Libcurl will use whatever was configured at build time.
LogInit: Build: ++UE4+Release-4.17-CL-3658906
LogInit: Engine Version: 4.17.2-3658906+++UE4+Release-4.17
LogInit: Compatible Engine Version: 4.17.0-3573198+++UE4+Release-4.17
LogInit: Net CL: 3573198
LogDevObjectVersion: Number of dev versions registered: 16
LogDevObjectVersion:   Dev-Blueprints (B0D832E4-1F89-4F0D-ACCF-7EB736FD4AA2): 10
LogDevObjectVersion:   Dev-Build (E1C64328-A22C-4D53-A36C-8E866417BD8C): 0
LogDevObjectVersion:   Dev-Core (375EC13C-06E4-48FB-B500-84F0262A717E): 2
LogDevObjectVersion:   Dev-Editor (E4B068ED-F494-42E9-A231-DA0B2E46BB41): 20
LogDevObjectVersion:   Dev-Framework (CFFC743F-43B0-4480-9391-14DF171D2073): 28
LogDevObjectVersion:   Dev-Mobile (B02B49B5-BB20-44E9-A304-32B752E40360): 0
LogDevObjectVersion:   Dev-Networking (A4E4105C-59A1-49B5-A7C5-40C4547EDFEE): 0
LogDevObjectVersion:   Dev-Online (39C831C9-5AE6-47DC-9A44-9C173E1C8E7C): 0
LogDevObjectVersion:   Dev-Physics (78F01B33-EBEA-4F98-B9B4-84EACCB95AA2): 0
LogDevObjectVersion:   Dev-Platform (6631380F-2D4D-43E0-8009-CF276956A95A): 0
LogDevObjectVersion:   Dev-Rendering (12F88B9F-8875-4AFC-A67C-D90C383ABD29): 19
LogDevObjectVersion:   Dev-Sequencer (7B5AE74C-D270-4C10-A958-57980B212A5A): 4
LogDevObjectVersion:   Dev-VR (D7296918-1DD6-4BDD-9DE2-64A83CC13884): 0
LogDevObjectVersion:   Dev-LoadTimes (C2A15278-BFE7-4AFE-6C17-90FF531DF755): 1
LogDevObjectVersion:   Private-Geometry (6EACA3D4-40EC-4CC1-B786-8BED09428FC5): 1
LogDevObjectVersion:   Dev-AnimPhys (29E575DD-E0A3-4627-9D10-D276232CDCEA): 7
LogInit: Compiled (64-bit): Sep 22 2017 13:47:16
LogInit: Compiled with Visual C++: 19.00.24215.01
LogInit: Build Configuration: Development
LogInit: Branch Name: ++UE4+Release-4.17
LogInit: Command line:  
LogInit: Base directory: C:/Program Files/Epic Games/UE_4.17/Engine/Binaries/Win64/
LogInit: Installed Engine Build: 1
LogInit: Presizing for max 8388607 objects, including 0 objects not considered by GC, pre-allocating 0 bytes for permanent pool.
LogInit: Object subsystem initialized
[2017.11.16-12.20.21:727][  0]LogInit: Selected Device Profile: [Windows]
[2017.11.16-12.20.21:727][  0]LogInit: Applying CVar settings loaded from the selected device profile: [Windows]
[2017.11.16-12.20.21:775][  0]LogInit: Computer: W65142
[2017.11.16-12.20.21:775][  0]LogInit: User: 2sketj33
[2017.11.16-12.20.21:775][  0]LogInit: CPU Page size=4096, Cores=4
[2017.11.16-12.20.21:775][  0]LogInit: High frequency timer resolution =3.613280 MHz
[2017.11.16-12.20.21:775][  0]LogMemory: Memory total: Physical=15.9GB (16GB approx)
[2017.11.16-12.20.21:775][  0]LogMemory: Platform Memory Stats for Windows
[2017.11.16-12.20.21:775][  0]LogMemory: Process Physical Memory: 279.66 MB used, 279.66 MB peak
[2017.11.16-12.20.21:775][  0]LogMemory: Process Virtual Memory: 282.25 MB used, 282.25 MB peak
[2017.11.16-12.20.21:775][  0]LogMemory: Physical Memory: 4205.84 MB used,  12096.30 MB free, 16302.15 MB total
[2017.11.16-12.20.21:775][  0]LogMemory: Virtual Memory: 677.58 MB used,  12096.30 MB free, 134217728.00 MB total
[2017.11.16-12.20.22:809][  0]LogInit: Using OS detected language (en-US).
[2017.11.16-12.20.22:809][  0]LogInit: Using OS detected locale (en-GB).
[2017.11.16-12.20.22:924][  0]LogTextLocalizationManager: No specific localization for 'en-US' exists, so the 'en' localization will be used.
[2017.11.16-12.20.26:701][  0]LogD3D11RHI: D3D11 adapters:
[2017.11.16-12.20.26:757][  0]LogD3D11RHI:    0. 'NVIDIA GeForce GTX 770' (Feature Level 11_0)
[2017.11.16-12.20.26:757][  0]LogD3D11RHI:       2017/0/8151 MB DedicatedVideo/DedicatedSystem/SharedSystem, Outputs:2, VendorId:0x10de
[2017.11.16-12.20.26:759][  0]LogD3D11RHI:    1. 'Microsoft Basic Render Driver' (Feature Level 11_0)
[2017.11.16-12.20.26:759][  0]LogD3D11RHI:       0/0/8151 MB DedicatedVideo/DedicatedSystem/SharedSystem, Outputs:0, VendorId:0x1414
[2017.11.16-12.20.26:759][  0]LogD3D11RHI: Chosen D3D11 Adapter: 0
[2017.11.16-12.20.26:765][  0]LogD3D11RHI: Creating new Direct3DDevice
[2017.11.16-12.20.26:765][  0]LogD3D11RHI:     GPU DeviceId: 0x1184 (for the marketing name, search the web for "GPU Device Id")
[2017.11.16-12.20.26:765][  0]LogWindows: EnumDisplayDevices:
[2017.11.16-12.20.26:765][  0]LogWindows:    0. 'NVIDIA GeForce GTX 770' (P:1 D:1)
[2017.11.16-12.20.26:765][  0]LogWindows:    1. 'NVIDIA GeForce GTX 770' (P:0 D:1)
[2017.11.16-12.20.26:765][  0]LogWindows:    2. 'NVIDIA GeForce GTX 770' (P:0 D:0)
[2017.11.16-12.20.26:766][  0]LogWindows:    3. 'NVIDIA GeForce GTX 770' (P:0 D:0)
[2017.11.16-12.20.26:766][  0]LogWindows: DebugString: FoundDriverCount:4 
[2017.11.16-12.20.26:766][  0]LogD3D11RHI:     Adapter Name: NVIDIA GeForce GTX 770
[2017.11.16-12.20.26:766][  0]LogD3D11RHI:   Driver Version: 385.41 (internal:22.21.13.8541, unified:385.41)
[2017.11.16-12.20.26:766][  0]LogD3D11RHI:      Driver Date: 8-21-2017
[2017.11.16-12.20.26:766][  0]LogRHI: Texture pool is 1361 MB (70% of 1945 MB)
[2017.11.16-12.20.26:801][  0]LogD3D11RHI: Async texture creation enabled
[2017.11.16-12.20.26:923][  0]LogD3D11RHI: GPU Timing Frequency: 1000.000000 (Debug: 2 1)
[2017.11.16-12.20.26:991][  0]LogShaderCompilers: Guid format shader working directory is -23 characters bigger than the processId version (../../../../../../Users/2sketj33/Desktop/Puzzle-Island-VGD/Puzzle_Island/Intermediate/Shaders/WorkingDirectory/3996/).
[2017.11.16-12.20.26:991][  0]LogShaderCompilers: Cleaned the shader compiler working directory 'C:/Users/2sketj33/AppData/Local/Temp/UnrealShaderWorkingDir/E136CAC649D8D5012AA6BAB5B2162C0D/'.
[2017.11.16-12.20.26:991][  0]LogShaderCompilers: Display: Using Local Shader Compiler.
[2017.11.16-12.20.29:747][  0]LogTemp: Display: Loaded TP AllDesktopTargetPlatform
[2017.11.16-12.20.29:901][  0]LogTemp: Display: Loaded TP MacClientTargetPlatform
[2017.11.16-12.20.30:057][  0]LogTemp: Display: Loaded TP MacNoEditorTargetPlatform
[2017.11.16-12.20.30:218][  0]LogTemp: Display: Loaded TP MacServerTargetPlatform
[2017.11.16-12.20.30:398][  0]LogTemp: Display: Loaded TP MacTargetPlatform
[2017.11.16-12.20.30:561][  0]LogTemp: Display: Loaded TP WindowsClientTargetPlatform
[2017.11.16-12.20.30:725][  0]LogTemp: Display: Loaded TP WindowsNoEditorTargetPlatform
[2017.11.16-12.20.30:884][  0]LogTemp: Display: Loaded TP WindowsServerTargetPlatform
[2017.11.16-12.20.31:071][  0]LogTemp: Display: Loaded TP WindowsTargetPlatform
[2017.11.16-12.20.31:250][  0]LogTemp: Display: Loaded TP AndroidTargetPlatform
[2017.11.16-12.20.31:439][  0]LogTemp: Display: Loaded TP Android_ASTCTargetPlatform
[2017.11.16-12.20.31:613][  0]LogTemp: Display: Loaded TP Android_ATCTargetPlatform
[2017.11.16-12.20.31:778][  0]LogTemp: Display: Loaded TP Android_DXTTargetPlatform
[2017.11.16-12.20.31:951][  0]LogTemp: Display: Loaded TP Android_ETC1TargetPlatform
[2017.11.16-12.20.32:114][  0]LogTemp: Display: Loaded TP Android_ETC2TargetPlatform
[2017.11.16-12.20.32:464][  0]LogTemp: Display: Loaded TP Android_MultiTargetPlatform
[2017.11.16-12.20.32:464][  0]LogTemp: Display: Loaded TP Android_PVRTCTargetPlatform
[2017.11.16-12.20.32:609][  0]LogTemp: Display: Loaded TP HTML5TargetPlatform
[2017.11.16-12.20.32:920][  0]LogTemp: Display: Loaded TP IOSTargetPlatform
[2017.11.16-12.20.33:061][  0]LogTemp: Display: Loaded TP TVOSTargetPlatform
[2017.11.16-12.20.33:232][  0]LogTemp: Display: Loaded TP LinuxClientTargetPlatform
[2017.11.16-12.20.33:401][  0]LogTemp: Display: Loaded TP LinuxNoEditorTargetPlatform
[2017.11.16-12.20.33:548][  0]LogTemp: Display: Loaded TP LinuxServerTargetPlatform
[2017.11.16-12.20.33:715][  0]LogTemp: Display: Loaded TP LinuxTargetPlatform
[2017.11.16-12.20.33:715][  0]LogTargetPlatformManager: Display: Building Assets For Windows
[2017.11.16-12.20.36:044][  0]LogDerivedDataCache: Display: Max Cache Size: 512 MB
[2017.11.16-12.20.36:600][  0]LogDerivedDataCache: Loaded boot cache 0.56s 93MB C:/Users/2sketj33/AppData/Local/UnrealEngine/4.17/DerivedDataCache/Boot.ddc.
[2017.11.16-12.20.36:600][  0]LogDerivedDataCache: Display: Loaded Boot cache: C:/Users/2sketj33/AppData/Local/UnrealEngine/4.17/DerivedDataCache/Boot.ddc
[2017.11.16-12.20.36:600][  0]LogDerivedDataCache: FDerivedDataBackendGraph:  Pak pak cache file ../../../../../../Users/2sketj33/Desktop/Puzzle-Island-VGD/Puzzle_Island/DerivedDataCache/DDC.ddp not found, will not use a pak cache.
[2017.11.16-12.20.36:601][  0]LogDerivedDataCache: Unable to find inner node Pak for hierarchical cache Hierarchy.
[2017.11.16-12.20.36:601][  0]LogDerivedDataCache: FDerivedDataBackendGraph:  CompressedPak pak cache file ../../../../../../Users/2sketj33/Desktop/Puzzle-Island-VGD/Puzzle_Island/DerivedDataCache/Compressed.ddp not found, will not use a pak cache.
[2017.11.16-12.20.36:601][  0]LogDerivedDataCache: Unable to find inner node CompressedPak for hierarchical cache Hierarchy.
[2017.11.16-12.20.36:637][  0]LogDerivedDataCache: Display: Pak cache opened for reading ../../../Engine/DerivedDataCache/Compressed.ddp.
[2017.11.16-12.20.36:664][  0]LogDerivedDataCache: Using Local data cache path C:/Users/2sketj33/AppData/Local/UnrealEngine/Common/DerivedDataCache: Writable
[2017.11.16-12.20.36:675][  0]LogMaterial: Verifying Global Shaders for PCD3D_SM5
[2017.11.16-12.20.36:686][  0]LogSlate: Using Freetype 2.6.0
[2017.11.16-12.20.36:716][  0]LogSlate: SlateFontCache - WITH_FREETYPE: 1, WITH_HARFBUZZ: 1
[2017.11.16-12.20.36:716][  0]LogSlate: SlateFontCache - WITH_FREETYPE: 1, WITH_HARFBUZZ: 1
[2017.11.16-12.20.43:214][  0]LogAssetRegistry: FAssetRegistry took 0.0471 seconds to start up
[2017.11.16-12.20.43:817][  0]LogInit: Selected Device Profile: [Windows]
[2017.11.16-12.20.47:496][  0]LogSimplygon: Simplygon DLL not present - disabling.
[2017.11.16-12.20.47:725][  0]LogMeshReduction: Using SimplygonSwarm for distributed automatic mesh merging
[2017.11.16-12.20.47:741][  0]LogMeshReduction: Using QuadricMeshReduction for automatic static mesh reduction
[2017.11.16-12.20.47:743][  0]LogMeshReduction: No automatic skeletal mesh reduction module available
[2017.11.16-12.20.47:743][  0]LogMeshReduction: No automatic mesh merging module available
[2017.11.16-12.20.47:743][  0]LogMeshMerging: No automatic mesh merging module available
[2017.11.16-12.20.47:810][  0]LogContentStreaming: Texture pool size is 0.00 MB
[2017.11.16-12.20.51:515][  0]LogNetVersion: Puzzle_Island , NetCL: 3573198, EngineNetVer: 2, GameNetVer: 0 (Checksum: 3939646741)
[2017.11.16-12.20.53:156][  0]LogPackageLocalizationCache: Processed 5 localized package path(s) for 2 prioritized culture(s) in 0.160861 seconds
[2017.11.16-12.20.53:165][  0]LogUObjectArray: 35825 objects as part of root set at end of initial load.
[2017.11.16-12.20.53:166][  0]LogUObjectAllocator: 7529104 out of 0 bytes used by permanent object pool.
[2017.11.16-12.20.53:175][  0]LogUObjectArray: CloseDisregardForGC: 0/0 objects in disregard for GC pool
[2017.11.16-12.20.53:445][  0]LogInit: WinSock: version 1.1 (2.2), MaxSocks=32767, MaxUdp=65467
[2017.11.16-12.21.17:677][  0]LogTcpMessaging: Initializing TcpMessaging bridge
[2017.11.16-12.21.17:840][  0]LogUdpMessaging: Initializing bridge on interface 0.0.0.0:0 to multicast group 230.0.0.1:6666.
[2017.11.16-12.21.21:045][  0]LogMaterial: Uniform references updated for custom material expression Custom.
[2017.11.16-12.21.22:393][  0]SourceControl: Source control is disabled
[2017.11.16-12.21.22:394][  0]SourceControl: Source control is disabled
[2017.11.16-12.21.22:605][  0]SourceControl: Source control is disabled
[2017.11.16-12.21.22:852][  0]SourceControl: Source control is disabled
[2017.11.16-12.21.25:583][  0]LogAndroidPermission: UAndroidPermissionCallbackProxy::GetInstance
[2017.11.16-12.21.26:568][  0]LogOcInput: OculusInput pre-init called
[2017.11.16-12.21.27:811][  0]LogEngine: Initializing Engine...
[2017.11.16-12.21.27:834][  0]LogHMD: Failed to initialize OpenVR with code 110
[2017.11.16-12.21.28:142][  0]LogStats: UGameplayTagsManager::ConstructGameplayTagTree: Construct from data asset -  0.000 s
[2017.11.16-12.21.28:143][  0]LogStats: UGameplayTagsManager::ConstructGameplayTagTree: GameplayTagTreeChangedEvent.Broadcast -  0.000 s
[2017.11.16-12.21.28:691][  0]LogAIModule: Creating AISystem for world Untitled
[2017.11.16-12.21.28:743][  0]LogInit: XAudio2 using 'Realtek Digital Output (Realtek High Definition Audio)' : 2 channels at 48 kHz using 16 bits per sample (channel mask 0x3)
[2017.11.16-12.21.28:923][  0]LogInit: FAudioDevice initialized.
[2017.11.16-12.21.29:058][  0]LogDerivedDataCache: Saved boot cache 0.13s 93MB C:/Users/2sketj33/AppData/Local/UnrealEngine/4.17/DerivedDataCache/Boot.ddc.
[2017.11.16-12.21.29:093][  0]LogInit: Texture streaming: Enabled
[2017.11.16-12.21.29:652][  0]LogEngineSessionManager: EngineSessionManager initialized
[2017.11.16-12.21.30:690][  0]LogWindowsTextInputMethodSystem: Display: IME system now deactivated.
[2017.11.16-12.21.30:792][  0]LogInit: Transaction tracking system initialized
[2017.11.16-12.21.33:126][  0]BlueprintLog: New page: Editor Load
[2017.11.16-12.21.36:917][  0]LocalizationService: Localization service is disabled
[2017.11.16-12.21.39:738][  0]LogConsoleResponse: Display: 
[2017.11.16-12.21.40:293][  0]LogFileCache: Scanning file cache for directory 'C:/Users/2sketj33/Desktop/Puzzle-Island-VGD/Puzzle_Island/Content/' took 0.01s
[2017.11.16-12.21.40:293][  0]LogCook: Display: Max memory allowance for cook 16384mb min free memory 0mb
[2017.11.16-12.21.40:309][  0]LogCook: Display: Mobile HDR setting 1
[2017.11.16-12.21.40:310][  0]LogGameplayTags: Display: UGameplayTagsManager::DoneAddingNativeTags. DelegateIsBound: 0
[2017.11.16-12.21.44:662][  0]SourceControl: Source control is disabled
[2017.11.16-12.21.44:663][  0]Cmd: MAP LOAD FILE="../../../../../../Users/2sketj33/Desktop/Puzzle-Island-VGD/Puzzle_Island/Content/ThirdPersonCPP/Maps/ThirdPersonExampleMap.umap" TEMPLATE=0 SHOWPROGRESS=1 FEATURELEVEL=3
[2017.11.16-12.21.44:664][  0]LightingResults: New page: Lighting Build
[2017.11.16-12.21.44:841][  0]MapCheck: New page: Map Check
[2017.11.16-12.21.44:841][  0]LightingResults: New page: Lighting Build
[2017.11.16-12.21.45:482][  0]LogAIModule: Creating AISystem for world ThirdPersonExampleMap
[2017.11.16-12.21.45:789][  0]LogEditorServer: Finished looking for orphan Actors (0.000 secs)
[2017.11.16-12.21.45:874][  0]Cmd: MAP CHECKDEP NOCLEARLOG
[2017.11.16-12.21.45:988][  0]MapCheck: Map check complete: 0 Error(s), 0 Warning(s), took 114.402ms to complete.
[2017.11.16-12.21.45:988][  0]LogFileHelpers: Loading map 'ThirdPersonExampleMap' took 1.326
[2017.11.16-12.21.46:575][  0]LogCollectionManager: Loaded 0 collections in 0.001990 seconds
[2017.11.16-12.21.46:804][  0]LogFileCache: Scanning file cache for directory 'C:/Users/2sketj33/Desktop/Puzzle-Island-VGD/Puzzle_Island/Saved/Collections/' took 0.01s
[2017.11.16-12.21.46:804][  0]LogFileCache: Scanning file cache for directory 'C:/Users/2sketj33/Desktop/Puzzle-Island-VGD/Puzzle_Island/Content/Developers/2sketj33/Collections/' took 0.01s
[2017.11.16-12.21.46:804][  0]LogFileCache: Scanning file cache for directory 'C:/Users/2sketj33/Desktop/Puzzle-Island-VGD/Puzzle_Island/Content/Collections/' took 0.01s
[2017.11.16-12.21.46:804][  0]LogCollectionManager: Rebuilt the GUID cache for 0 collections in 0.000001 seconds
[2017.11.16-12.21.46:815][  0]LogContentBrowser: Native class hierarchy populated in 0.0114 seconds. Added 2388 classes and 502 folders.
[2017.11.16-12.21.47:057][  0]LogContentBrowser: Native class hierarchy updated for 'WidgetCarousel' in 0.0022 seconds. Added 0 classes and 0 folders.
[2017.11.16-12.21.47:250][  0]LogContentBrowser: Native class hierarchy updated for 'AddContentDialog' in 0.0024 seconds. Added 0 classes and 0 folders.
[2017.11.16-12.21.47:402][  0]LogContentBrowser: Native class hierarchy updated for 'SceneOutliner' in 0.0024 seconds. Added 1 classes and 2 folders.
[2017.11.16-12.21.47:568][  0]LogSlate: Took 0.002731 seconds to synchronously load lazily loaded font '../../../Engine/Content/Slate/Fonts/Roboto-Regular.ttf' (155K)
[2017.11.16-12.21.47:633][  0]LogSlate: Took 0.062519 seconds to synchronously load lazily loaded font '../../../Engine/Content/Slate/Fonts/Roboto-Bold.ttf' (160K)
[2017.11.16-12.21.47:641][  0]LogSlate: Took 0.001843 seconds to synchronously load lazily loaded font '../../../Engine/Content/Editor/Slate/Fonts/FontAwesome.ttf' (139K)
[2017.11.16-12.21.47:767][  0]LogRenderer: Reallocating scene render targets to support 1208x652 Format 10 NumSamples 1 (Frame:1).
[2017.11.16-12.21.48:272][  0]LogContentBrowser: Native class hierarchy updated for 'HierarchicalLODOutliner' in 0.0023 seconds. Added 1 classes and 2 folders.
[2017.11.16-12.21.48:272][  0]LogLoad: (Engine Initialization) Total time: 92.24 seconds
[2017.11.16-12.21.48:272][  0]LogLoad: (Engine Initialization) Total Blueprint compile time: 0.00 seconds
[2017.11.16-12.21.48:273][  0]LogExternalProfiler: Found external profiler: VSPerf
[2017.11.16-12.21.48:273][  0]LogExternalProfiler: Using external profiler: VSPerf
[2017.11.16-12.21.48:324][  0]LogContentStreaming: Texture pool size now 1000 MB
[2017.11.16-12.21.48:368][  0]LogSlate: Took 0.002402 seconds to synchronously load lazily loaded font '../../../Engine/Content/Slate/Fonts/Roboto-Light.ttf' (159K)
[2017.11.16-12.21.48:508][  2]LogAssetRegistry: Asset discovery search completed in 65.3160 seconds
[2017.11.16-12.21.48:509][  2]LogCollectionManager: Rebuilt the object cache for 0 collections in 0.000001 seconds (found 0 objects)
[2017.11.16-12.21.48:509][  2]LogCollectionManager: Fixed up redirectors for 0 collections in 0.000046 seconds (updated 0 objects)
[2017.11.16-12.21.49:331][ 73]LogSlate: Took 0.000276 seconds to synchronously load lazily loaded font '../../../Engine/Content/Slate/Fonts/Roboto-Light.ttf' (159K)
[2017.11.16-12.21.56:079][857]LogStreaming: Warning: Failed to open ANSI TEXT file C:/Users/2sketj33/Desktop/Puzzle-Island-VGD/Puzzle_Island/Saved/HardwareSurvey/dxdiag.txt
[2017.11.16-12.21.56:183][858]LogSynthBenchmark: Display: FSynthBenchmark (V0.95):  requested WorkScale=5.00
[2017.11.16-12.21.56:183][858]LogSynthBenchmark: Display: ===============
[2017.11.16-12.21.56:183][858]LogSynthBenchmark: Display: Main Processor:
[2017.11.16-12.21.56:365][858]LogSynthBenchmark: Display:          ... 0.018575 s/Run 'RayIntersect'
[2017.11.16-12.21.56:365][858]LogSynthBenchmark: Display:          ... 0.017681 s/Run 'Fractal'
[2017.11.16-12.21.56:365][858]LogSynthBenchmark: Display: 
[2017.11.16-12.21.56:365][858]LogSynthBenchmark: Display:   CompiledTarget_x_Bits: 64
[2017.11.16-12.21.56:365][858]LogSynthBenchmark: Display:   UE_BUILD_SHIPPING: 0
[2017.11.16-12.21.56:365][858]LogSynthBenchmark: Display:   UE_BUILD_TEST: 0
[2017.11.16-12.21.56:365][858]LogSynthBenchmark: Display:   UE_BUILD_DEBUG: 0
[2017.11.16-12.21.56:365][858]LogSynthBenchmark: Display:   TotalPhysicalGBRam: 16
[2017.11.16-12.21.56:365][858]LogSynthBenchmark: Display:   NumberOfCores (physical): 4
[2017.11.16-12.21.56:365][858]LogSynthBenchmark: Display:   NumberOfCores (logical): 8
[2017.11.16-12.21.56:365][858]LogSynthBenchmark: Display:   CPU Perf Index 0: 137.9 (weight 1.00)
[2017.11.16-12.21.56:365][858]LogSynthBenchmark: Display:   CPU Perf Index 1: 161.8 (weight 1.50)
[2017.11.16-12.21.56:365][858]LogSynthBenchmark: Display:  
[2017.11.16-12.21.56:365][858]LogSynthBenchmark: Display: Graphics:
[2017.11.16-12.21.56:365][858]LogSynthBenchmark: Display:   Adapter Name: 'NVIDIA GeForce GTX 770'
[2017.11.16-12.21.56:365][858]LogSynthBenchmark: Display:   (On Optimus the name might be wrong, memory should be ok)
[2017.11.16-12.21.56:365][858]LogSynthBenchmark: Display:   Vendor Id: 0x10DE
[2017.11.16-12.21.56:365][858]LogSynthBenchmark: Display:   Device Id: 0x1184
[2017.11.16-12.21.56:365][858]LogSynthBenchmark: Display:   Device Revision: 0xA1
[2017.11.16-12.21.56:365][858]LogSynthBenchmark: Display:   GPU Memory: 2018/0/8152 MB
[2017.11.16-12.21.56:571][858]LogSynthBenchmark: Display:   GPU first test: 0.12s
[2017.11.16-12.21.56:571][858]LogSynthBenchmark: Display:          ... 0.514 s/GigaPix, Confidence=100% 'ALUHeavyNoise' (likely to be very inaccurate)
[2017.11.16-12.21.56:571][858]LogSynthBenchmark: Display:          ... 0.778 s/GigaPix, Confidence=89% 'TexHeavy' (likely to be very inaccurate)
[2017.11.16-12.21.56:571][858]LogSynthBenchmark: Display:          ... 0.476 s/GigaPix, Confidence=100% 'DepTexHeavy' (likely to be very inaccurate)
[2017.11.16-12.21.56:571][858]LogSynthBenchmark: Display:          ... 1.858 s/GigaPix, Confidence=100% 'FillOnly' (likely to be very inaccurate)
[2017.11.16-12.21.56:571][858]LogSynthBenchmark: Display:          ... 0.110 s/GigaPix, Confidence=100% 'Bandwidth' (likely to be very inaccurate)
[2017.11.16-12.21.56:571][858]LogSynthBenchmark: Display:          ... 0.277 s/GigaVert, Confidence=100% 'VertThroughPut1' (likely to be very inaccurate)
[2017.11.16-12.21.56:571][858]LogSynthBenchmark: Display:          ... 0.454 s/GigaVert, Confidence=100% 'VertThroughPut2' (likely to be very inaccurate)
[2017.11.16-12.21.56:571][858]LogSynthBenchmark: Display:   GPU Final Results:
[2017.11.16-12.21.56:571][858]LogSynthBenchmark: Display:          ... 0.514 s/GigaPix, Confidence=100% 'ALUHeavyNoise'
[2017.11.16-12.21.56:571][858]LogSynthBenchmark: Display:          ... 0.778 s/GigaPix, Confidence=89% 'TexHeavy'
[2017.11.16-12.21.56:571][858]LogSynthBenchmark: Display:          ... 0.476 s/GigaPix, Confidence=100% 'DepTexHeavy'
[2017.11.16-12.21.56:571][858]LogSynthBenchmark: Display:          ... 1.858 s/GigaPix, Confidence=100% 'FillOnly'
[2017.11.16-12.21.56:571][858]LogSynthBenchmark: Display:          ... 0.110 s/GigaPix, Confidence=100% 'Bandwidth'
[2017.11.16-12.21.56:571][858]LogSynthBenchmark: Display:          ... 0.277 s/GigaVert, Confidence=100% 'VertThroughPut1'
[2017.11.16-12.21.56:571][858]LogSynthBenchmark: Display:          ... 0.454 s/GigaVert, Confidence=100% 'VertThroughPut2'
[2017.11.16-12.21.56:571][858]LogSynthBenchmark: Display: 
[2017.11.16-12.21.56:571][858]LogSynthBenchmark: Display:   GPU Perf Index 0: 11.2 (weight 1.00)
[2017.11.16-12.21.56:571][858]LogSynthBenchmark: Display:   GPU Perf Index 1: 10.5 (weight 0.10)
[2017.11.16-12.21.56:571][858]LogSynthBenchmark: Display:   GPU Perf Index 2: 12.4 (weight 0.10)
[2017.11.16-12.21.56:571][858]LogSynthBenchmark: Display:   GPU Perf Index 3: 7.3 (weight 3.00)
[2017.11.16-12.21.56:571][858]LogSynthBenchmark: Display:   GPU Perf Index 4: 10.3 (weight 1.00)
[2017.11.16-12.21.56:571][858]LogSynthBenchmark: Display:   GPU Perf Index 5: 18.1 (weight 0.00)
[2017.11.16-12.21.56:571][858]LogSynthBenchmark: Display:   GPU Perf Index 6: 25.7 (weight 0.00)
[2017.11.16-12.21.56:572][858]LogSynthBenchmark: Display:   CPUIndex: 152.2
[2017.11.16-12.21.56:572][858]LogSynthBenchmark: Display:   GPUIndex: 8.8
[2017.11.16-12.21.56:572][858]LogSynthBenchmark: Display: 
[2017.11.16-12.21.56:572][858]LogSynthBenchmark: Display:          ... Total Time: 0.388301 sec
[2017.11.16-12.22.01:369][266]LightingResults: New page: Lighting Build
[2017.11.16-12.22.01:390][266]MapCheck: New page: Map Check
[2017.11.16-12.22.01:390][266]LightingResults: New page: Lighting Build
[2017.11.16-12.22.01:403][266]LogAIModule: Creating AISystem for world Untitled
[2017.11.16-12.22.01:428][266]LoadErrors: New page: New Map
[2017.11.16-12.22.53:767][261]LogSlate: Took 0.000153 seconds to synchronously load lazily loaded font '../../../Engine/Content/Slate/Fonts/Roboto-Light.ttf' (159K)
[2017.11.16-12.22.53:828][261]LogFactory: FactoryCreateFile: Texture with ReimportTextureFactory (0 0 ../../../../../../Users/2sketj33/Downloads/Cliff_D.TGA)
[2017.11.16-12.22.53:880][261]LogTexture: Display: Building textures: Cliff_D (AutoDXT, 1024X1024)
[2017.11.16-12.22.54:412][261]LogFactory: FactoryCreateFile: Texture with ReimportTextureFactory (0 0 ../../../../../../Users/2sketj33/Downloads/Cliff_NM.tga)
[2017.11.16-12.22.54:452][261]LogTexture: Display: Building textures: Cliff_NM (BC5, 1024X1024)
[2017.11.16-12.23.19:774][155]SourceControl: Source control is disabled
[2017.11.16-12.23.41:304][702]LogMaterial: Missing cached shader map for material Material_0, compiling. 
[2017.11.16-12.23.43:090][868]LogContentBrowser: Native class hierarchy updated for 'MaterialEditor' in 0.0024 seconds. Added 1 classes and 0 folders.
[2017.11.16-12.23.43:289][868]LogMaterial: Missing cached shader map for material Material_1, compiling. 
[2017.11.16-12.23.43:295][868]LogMaterial: Missing cached shader map for material FMatExpressionPreview MaterialExpressionFunctionOutput_0, compiling. 
[2017.11.16-12.23.43:296][868]LogMaterial: Missing cached shader map for material PreviewMaterial_0, compiling. 
[2017.11.16-12.23.43:297][868]LogMaterial: Warning: Failed to compile Material /Engine/Transient.PreviewMaterial_0 for platform PCD3D_SM5, Default Material will be used in game.
[2017.11.16-12.23.43:297][868]LogMaterial: Warning: 	Missing function output 'Result'
[2017.11.16-12.23.43:298][868]LogMaterial: Missing cached shader map for material Material_1, compiling. 
[2017.11.16-12.23.43:315][868]LogMaterial: Missing cached shader map for material PreviewMaterial_0, compiling. 
[2017.11.16-12.23.43:316][868]LogMaterial: Warning: Failed to compile Material /Engine/Transient.PreviewMaterial_0 for platform PCD3D_SM5, Default Material will be used in game.
[2017.11.16-12.23.43:316][868]LogMaterial: Warning: 	Missing function output 'Result'
[2017.11.16-12.23.43:317][868]LogMaterial: Missing cached shader map for material Material_1, compiling. 
[2017.11.16-12.23.43:348][868]LogMaterial: Missing cached shader map for material FMatExpressionPreview MaterialExpressionFunctionOutput_0, compiling. 
[2017.11.16-12.23.43:351][868]MaterialEditorStats: Error: [SM5] Missing function output 'Result'
[2017.11.16-12.23.43:370][868]LogSlate: Took 0.001971 seconds to synchronously load lazily loaded font '../../../Engine/Content/Editor/Slate/Fonts/Roboto-BoldCondensed.ttf' (158K)
[2017.11.16-12.23.43:592][869]LogSlate: Took 0.001787 seconds to synchronously load lazily loaded font '../../../Engine/Content/Editor/Slate/Fonts/Roboto-Italic.ttf' (157K)
[2017.11.16-12.24.40:192][176]LogMaterial: Missing cached shader map for material PreviewMaterial_0, compiling. 
[2017.11.16-12.24.40:192][176]LogMaterial: Warning: Failed to compile Material /Engine/Transient.PreviewMaterial_0 for platform PCD3D_SM5, Default Material will be used in game.
[2017.11.16-12.24.40:192][176]LogMaterial: Warning: 	Missing function output 'Result'
[2017.11.16-12.24.40:194][176]LogMaterial: Missing cached shader map for material Material_1, compiling. 
[2017.11.16-12.24.40:199][176]LogMaterial: Missing cached shader map for material FMatExpressionPreview MaterialExpressionTextureObject_0, compiling. 
[2017.11.16-12.24.42:349][372]LogMaterial: Missing cached shader map for material PreviewMaterial_0, compiling. 
[2017.11.16-12.24.42:350][372]LogMaterial: Warning: Failed to compile Material /Engine/Transient.PreviewMaterial_0 for platform PCD3D_SM5, Default Material will be used in game.
[2017.11.16-12.24.42:350][372]LogMaterial: Warning: 	Missing function output 'Result'
[2017.11.16-12.24.42:351][372]LogMaterial: Missing cached shader map for material Material_1, compiling. 
[2017.11.16-12.24.42:357][372]LogMaterial: Missing cached shader map for material FMatExpressionPreview MaterialExpressionTextureObject_1, compiling. 
[2017.11.16-12.24.45:827][666]LogMaterial: Missing cached shader map for material PreviewMaterial_0, compiling. 
[2017.11.16-12.24.45:827][666]LogMaterial: Warning: Failed to compile Material /Engine/Transient.PreviewMaterial_0 for platform PCD3D_SM5, Default Material will be used in game.
[2017.11.16-12.24.45:828][666]LogMaterial: Warning: 	Missing function output 'Result'
[2017.11.16-12.24.45:829][666]LogMaterial: Missing cached shader map for material Material_1, compiling. 
[2017.11.16-12.24.45:850][666]LogMaterial: Missing cached shader map for material FMatExpressionPreview MaterialExpressionTextureObject_1, compiling. 
[2017.11.16-12.24.48:170][859]LogMaterial: Missing cached shader map for material PreviewMaterial_0, compiling. 
[2017.11.16-12.24.48:170][859]LogMaterial: Warning: Failed to compile Material /Engine/Transient.PreviewMaterial_0 for platform PCD3D_SM5, Default Material will be used in game.
[2017.11.16-12.24.48:171][859]LogMaterial: Warning: 	Missing function output 'Result'
[2017.11.16-12.24.48:172][859]LogMaterial: Missing cached shader map for material Material_1, compiling. 
[2017.11.16-12.24.48:181][859]LogMaterial: Missing cached shader map for material FMatExpressionPreview MaterialExpressionTextureObject_0, compiling. 
[2017.11.16-12.25.06:594][781]LogMaterial: Missing cached shader map for material PreviewMaterial_0, compiling. 
[2017.11.16-12.25.06:594][781]LogMaterial: Warning: Failed to compile Material /Engine/Transient.PreviewMaterial_0 for platform PCD3D_SM5, Default Material will be used in game.
[2017.11.16-12.25.06:594][781]LogMaterial: Warning: 	Missing function output 'Result'
[2017.11.16-12.25.06:596][781]LogMaterial: Missing cached shader map for material Material_1, compiling. 
[2017.11.16-12.25.06:703][782]LogMaterial: Missing cached shader map for material Material_2, compiling. 
[2017.11.16-12.25.27:287][861]LogMaterial: Missing cached shader map for material PreviewMaterial_0, compiling. 
[2017.11.16-12.25.27:288][861]LogMaterial: Warning: Failed to compile Material /Engine/Transient.PreviewMaterial_0 for platform PCD3D_SM5, Default Material will be used in game.
[2017.11.16-12.25.27:288][861]LogMaterial: Warning: 	Missing function output 'Result'
[2017.11.16-12.25.27:289][861]LogMaterial: Missing cached shader map for material Material_1, compiling. 
[2017.11.16-12.25.27:365][862]LogMaterial: Missing cached shader map for material Material_3, compiling. 
[2017.11.16-12.25.49:978][143]LogMaterial: Missing cached shader map for material PreviewMaterial_0, compiling. 
[2017.11.16-12.25.49:978][143]LogMaterial: Warning: Failed to compile Material /Engine/Transient.PreviewMaterial_0 for platform PCD3D_SM5, Default Material will be used in game.
[2017.11.16-12.25.49:978][143]LogMaterial: Warning: 	Missing function output 'Result'
[2017.11.16-12.25.49:980][143]LogMaterial: Missing cached shader map for material Material_1, compiling. 
[2017.11.16-12.25.49:988][143]LogMaterial: Missing cached shader map for material FMatExpressionPreview MaterialExpressionTextureObject_1, compiling. 
[2017.11.16-12.26.34:852][620]LogMaterial: Missing cached shader map for material PreviewMaterial_0, compiling. 
[2017.11.16-12.26.34:853][620]LogMaterial: Warning: Failed to compile Material /Engine/Transient.PreviewMaterial_0 for platform PCD3D_SM5, Default Material will be used in game.
[2017.11.16-12.26.34:853][620]LogMaterial: Warning: 	Missing function output 'Result'
[2017.11.16-12.26.34:859][620]LogMaterial: Missing cached shader map for material Material_1, compiling. 
[2017.11.16-12.26.34:877][620]LogMaterial: Missing cached shader map for material FMatExpressionPreview MaterialExpressionFunctionInput_0, compiling. 
[2017.11.16-12.26.47:083][707]LogMaterial: Missing cached shader map for material PreviewMaterial_0, compiling. 
[2017.11.16-12.26.47:084][707]LogMaterial: Warning: Failed to compile Material /Engine/Transient.PreviewMaterial_0 for platform PCD3D_SM5, Default Material will be used in game.
[2017.11.16-12.26.47:084][707]LogMaterial: Warning: 	Missing function output 'Result'
[2017.11.16-12.26.47:086][707]LogMaterial: Missing cached shader map for material Material_1, compiling. 
[2017.11.16-12.26.47:096][707]LogMaterial: Missing cached shader map for material FMatExpressionPreview MaterialExpressionFunctionInput_0, compiling. 
[2017.11.16-12.27.18:838][597]LogMaterial: Missing cached shader map for material PreviewMaterial_0, compiling. 
[2017.11.16-12.27.18:839][597]LogMaterial: Warning: Failed to compile Material /Engine/Transient.PreviewMaterial_0 for platform PCD3D_SM5, Default Material will be used in game.
[2017.11.16-12.27.18:839][597]LogMaterial: Warning: 	Missing function output 'Result'
[2017.11.16-12.27.18:841][597]LogMaterial: Missing cached shader map for material Material_1, compiling. 
[2017.11.16-12.27.18:849][597]LogMaterial: Missing cached shader map for material FMatExpressionPreview MaterialExpressionFunctionInput_0, compiling. 
[2017.11.16-12.27.18:912][599]LogMaterial: Missing cached shader map for material PreviewMaterial_0, compiling. 
[2017.11.16-12.27.18:912][599]LogMaterial: Warning: Failed to compile Material /Engine/Transient.PreviewMaterial_0 for platform PCD3D_SM5, Default Material will be used in game.
[2017.11.16-12.27.18:912][599]LogMaterial: Warning: 	Missing function output 'Result'
[2017.11.16-12.27.18:914][599]LogMaterial: Missing cached shader map for material Material_1, compiling. 
[2017.11.16-12.27.18:925][599]LogMaterial: Missing cached shader map for material FMatExpressionPreview MaterialExpressionFunctionInput_0, compiling. 
[2017.11.16-12.27.36:599][143]LogMaterial: Missing cached shader map for material PreviewMaterial_0, compiling. 
[2017.11.16-12.27.36:600][143]LogMaterial: Warning: Failed to compile Material /Engine/Transient.PreviewMaterial_0 for platform PCD3D_SM5, Default Material will be used in game.
[2017.11.16-12.27.36:600][143]LogMaterial: Warning: 	Missing function output 'Result'
[2017.11.16-12.27.36:602][143]LogMaterial: Missing cached shader map for material Material_1, compiling. 
[2017.11.16-12.27.36:616][143]LogMaterial: Missing cached shader map for material FMatExpressionPreview MaterialExpressionFunctionInput_0, compiling. 
[2017.11.16-12.27.38:310][277]LogMaterial: Missing cached shader map for material PreviewMaterial_0, compiling. 
[2017.11.16-12.27.38:311][277]LogMaterial: Warning: Failed to compile Material /Engine/Transient.PreviewMaterial_0 for platform PCD3D_SM5, Default Material will be used in game.
[2017.11.16-12.27.38:311][277]LogMaterial: Warning: 	Missing function output 'Result'
[2017.11.16-12.27.38:313][277]LogMaterial: Missing cached shader map for material Material_1, compiling. 
[2017.11.16-12.27.38:325][277]LogMaterial: Missing cached shader map for material FMatExpressionPreview MaterialExpressionFunctionInput_0, compiling. 
[2017.11.16-12.27.40:606][461]LogMaterial: Missing cached shader map for material PreviewMaterial_0, compiling. 
[2017.11.16-12.27.40:606][461]LogMaterial: Warning: Failed to compile Material /Engine/Transient.PreviewMaterial_0 for platform PCD3D_SM5, Default Material will be used in game.
[2017.11.16-12.27.40:607][461]LogMaterial: Warning: 	Missing function output 'Result'
[2017.11.16-12.27.40:608][461]LogMaterial: Missing cached shader map for material Material_1, compiling. 
[2017.11.16-12.27.40:616][461]LogMaterial: Missing cached shader map for material FMatExpressionPreview MaterialExpressionFunctionInput_0, compiling. 
[2017.11.16-12.28.03:921][553]LogMaterial: Missing cached shader map for material PreviewMaterial_0, compiling. 
[2017.11.16-12.28.03:921][553]LogMaterial: Warning: Failed to compile Material /Engine/Transient.PreviewMaterial_0 for platform PCD3D_SM5, Default Material will be used in game.
[2017.11.16-12.28.03:921][553]LogMaterial: Warning: 	Missing function output 'Result'
[2017.11.16-12.28.03:923][553]LogMaterial: Missing cached shader map for material Material_1, compiling. 
[2017.11.16-12.28.20:414][111]LogMaterial: Missing cached shader map for material PreviewMaterial_0, compiling. 
[2017.11.16-12.28.20:445][111]LogMaterial: Missing cached shader map for material Material_1, compiling. 
[2017.11.16-12.28.20:458][111]LogMaterial: Missing cached shader map for material FMatExpressionPreview MaterialExpressionFunctionOutput_0, compiling. 
[2017.11.16-12.28.26:186][563]LogMaterial: Missing cached shader map for material PreviewMaterial_0, compiling. 
[2017.11.16-12.28.26:208][563]LogMaterial: Missing cached shader map for material Material_1, compiling. 
[2017.11.16-12.28.43:209][112]LogMaterial: Missing cached shader map for material PreviewMaterial_0, compiling. 
[2017.11.16-12.28.43:230][112]LogMaterial: Missing cached shader map for material Material_1, compiling. 
[2017.11.16-12.28.54:992][143]LogMaterial: Missing cached shader map for material PreviewMaterial_0, compiling. 
[2017.11.16-12.28.55:013][143]LogMaterial: Missing cached shader map for material Material_1, compiling. 
[2017.11.16-12.29.14:798][903]LogMaterial: Missing cached shader map for material PreviewMaterial_0, compiling. 
[2017.11.16-12.29.14:821][903]LogMaterial: Missing cached shader map for material Material_1, compiling. 
[2017.11.16-12.29.39:738][ 27]LogMaterial: Missing cached shader map for material PreviewMaterial_0, compiling. 
[2017.11.16-12.29.39:760][ 27]LogMaterial: Missing cached shader map for material Material_1, compiling. 
[2017.11.16-12.29.57:988][607]LogMaterial: Missing cached shader map for material PreviewMaterial_0, compiling. 
[2017.11.16-12.29.58:010][607]LogMaterial: Missing cached shader map for material Material_1, compiling. 
[2017.11.16-12.29.58:524][633]LogMaterial: Missing cached shader map for material PreviewMaterial_0, compiling. 
[2017.11.16-12.29.58:552][633]LogMaterial: Missing cached shader map for material Material_1, compiling. 
[2017.11.16-12.29.59:389][675]LogMaterial: Missing cached shader map for material PreviewMaterial_0, compiling. 
[2017.11.16-12.29.59:421][675]LogMaterial: Missing cached shader map for material Material_1, compiling. 
[2017.11.16-12.30.07:039][295]LogMaterial: Missing cached shader map for material PreviewMaterial_0, compiling. 
[2017.11.16-12.30.07:061][295]LogMaterial: Missing cached shader map for material Material_1, compiling. 
[2017.11.16-12.30.20:770][434]LogMaterial: Missing cached shader map for material PreviewMaterial_0, compiling. 
[2017.11.16-12.30.20:792][434]LogMaterial: Missing cached shader map for material Material_1, compiling. 
[2017.11.16-12.30.20:798][434]LogMaterial: Missing cached shader map for material FMatExpressionPreview MaterialExpressionFunctionOutput_1, compiling. 
[2017.11.16-12.30.46:558][563]LogMaterial: Missing cached shader map for material PreviewMaterial_0, compiling. 
[2017.11.16-12.30.46:580][563]LogMaterial: Missing cached shader map for material Material_1, compiling. 
[2017.11.16-12.30.46:590][563]LogMaterial: Missing cached shader map for material FMatExpressionPreview MaterialExpressionFunctionOutput_1, compiling. 
[2017.11.16-12.30.49:124][723]LogMaterial: Missing cached shader map for material PreviewMaterial_0, compiling. 
[2017.11.16-12.30.49:145][723]LogMaterial: Missing cached shader map for material Material_1, compiling. 
[2017.11.16-12.30.49:154][723]LogMaterial: Missing cached shader map for material FMatExpressionPreview MaterialExpressionFunctionOutput_1, compiling. 
[2017.11.16-12.31.21:774][466]LogProperty: Warning: ObjectProperty /Script/Engine.ExpressionInput:Expression: unresolved reference to 'MaterialExpressionTextureObject'MaterialGraphNode_3.MaterialExpressionTextureObject_1',InputName="TextureObject"))'
[2017.11.16-12.31.21:774][466]LogProperty: Warning: ObjectProperty /Script/Engine.ExpressionInput:Expression: unresolved reference to 'MaterialExpressionFunctionInput'MaterialGraphNode_6.MaterialExpressionFunctionInput_0',InputName="TextureSize"))'
[2017.11.16-12.31.21:775][466]LogProperty: Warning: ObjectProperty /Script/Engine.ExpressionInput:Expression: unresolved reference to 'MaterialExpressionStaticBool'MaterialGraphNode_8.MaterialExpressionStaticBool_0',InputName="Export Float 4"))'
[2017.11.16-12.31.21:776][466]LogProperty: Warning: ObjectProperty /Script/Engine.ExpressionInput:Expression: unresolved reference to 'MaterialExpressionMaterialFunctionCall'MaterialGraphNode_5.MaterialExpressionMaterialFunctionCall_1',OutputIndex=2)'
[2017.11.16-12.31.21:792][466]LogMaterial: Missing cached shader map for material PreviewMaterial_0, compiling. 
[2017.11.16-12.31.21:824][466]LogMaterial: Missing cached shader map for material Material_1, compiling. 
[2017.11.16-12.31.21:885][466]LogMaterial: Missing cached shader map for material FMatExpressionPreview MaterialExpressionTextureObject_1, compiling. 
[2017.11.16-12.31.21:890][466]LogMaterial: Missing cached shader map for material FMatExpressionPreview MaterialExpressionFunctionInput_0, compiling. 
[2017.11.16-12.31.21:896][466]LogMaterial: Missing cached shader map for material FMatExpressionPreview MaterialExpressionTextureObject_2, compiling. 
[2017.11.16-12.31.21:902][466]LogMaterial: Missing cached shader map for material FMatExpressionPreview MaterialExpressionFunctionInput_1, compiling. 
[2017.11.16-12.32.04:315][984]LogMaterial: Missing cached shader map for material PreviewMaterial_0, compiling. 
[2017.11.16-12.32.04:336][984]LogMaterial: Missing cached shader map for material Material_1, compiling. 
[2017.11.16-12.32.04:344][984]LogMaterial: Missing cached shader map for material FMatExpressionPreview MaterialExpressionTextureObject_2, compiling. 
[2017.11.16-12.32.04:375][984]LogMaterial: Missing cached shader map for material FMatExpressionPreview MaterialExpressionFunctionInput_1, compiling. 
[2017.11.16-12.32.13:178][607]LogMaterial: Missing cached shader map for material PreviewMaterial_0, compiling. 
[2017.11.16-12.32.13:199][607]LogMaterial: Missing cached shader map for material Material_1, compiling. 
[2017.11.16-12.32.13:209][607]LogMaterial: Missing cached shader map for material FMatExpressionPreview MaterialExpressionFunctionInput_1, compiling. 
[2017.11.16-12.32.17:411][877]LogMaterial: Missing cached shader map for material PreviewMaterial_0, compiling. 
[2017.11.16-12.32.17:433][877]LogMaterial: Missing cached shader map for material Material_1, compiling. 
[2017.11.16-12.32.17:443][877]LogMaterial: Missing cached shader map for material FMatExpressionPreview MaterialExpressionFunctionInput_1, compiling. 
[2017.11.16-12.32.20:244][ 41]LogMaterial: Missing cached shader map for material PreviewMaterial_0, compiling. 
[2017.11.16-12.32.20:265][ 41]LogMaterial: Missing cached shader map for material Material_1, compiling. 
[2017.11.16-12.32.20:275][ 41]LogMaterial: Missing cached shader map for material FMatExpressionPreview MaterialExpressionFunctionInput_1, compiling. 
[2017.11.16-12.32.41:678][652]LogMaterial: Missing cached shader map for material PreviewMaterial_0, compiling. 
[2017.11.16-12.32.41:700][652]LogMaterial: Missing cached shader map for material Material_1, compiling. 
[2017.11.16-12.33.12:622][303]LogFileHelpers: Editor autosave (incl. sublevels) for '/Temp/Untitled_1' took 0.021
[2017.11.16-12.33.12:635][303]OBJ SavePackage: Generating thumbnails for [1] asset(s) in package [/Game/Textures/Cliff_D] ([1] browsable assets)...
[2017.11.16-12.33.12:644][303]OBJ SavePackage:     Rendered thumbnail for [Texture2D /Game/Textures/Cliff_D.Cliff_D]
[2017.11.16-12.33.12:645][303]OBJ SavePackage: Finished generating thumbnails for package [/Game/Textures/Cliff_D]
[2017.11.16-12.33.12:688][303]LogSavePackage: Save=39.73ms
[2017.11.16-12.33.12:688][303]LogSavePackage: Moving '../../../../../../Users/2sketj33/Desktop/Puzzle-Island-VGD/Puzzle_Island/Saved/Cliff_D_Auto1D3972F584679E8211DBC898D6809C514.tmp' to '../../../../../../Users/2sketj33/Desktop/Puzzle-Island-VGD/Puzzle_Island/Saved/Autosaves/Game/Textures/Cliff_D_Auto1.uasset'
[2017.11.16-12.33.12:692][303]LogSavePackage: Display: Finished SavePackage ../../../../../../Users/2sketj33/Desktop/Puzzle-Island-VGD/Puzzle_Island/Saved/Autosaves/Game/Textures/Cliff_D_Auto1.uasset
[2017.11.16-12.33.12:693][303]OBJ SavePackage: Generating thumbnails for [1] asset(s) in package [/Game/Textures/Cliff_NM] ([1] browsable assets)...
[2017.11.16-12.33.12:702][303]OBJ SavePackage:     Rendered thumbnail for [Texture2D /Game/Textures/Cliff_NM.Cliff_NM]
[2017.11.16-12.33.12:702][303]OBJ SavePackage: Finished generating thumbnails for package [/Game/Textures/Cliff_NM]
[2017.11.16-12.33.12:723][303]LogSavePackage: Save=17.11ms
[2017.11.16-12.33.12:723][303]LogSavePackage: Moving '../../../../../../Users/2sketj33/Desktop/Puzzle-Island-VGD/Puzzle_Island/Saved/Cliff_NM_Auto1508A18B44C33DB1229584EB866C6B0FF.tmp' to '../../../../../../Users/2sketj33/Desktop/Puzzle-Island-VGD/Puzzle_Island/Saved/Autosaves/Game/Textures/Cliff_NM_Auto1.uasset'
[2017.11.16-12.33.12:726][303]LogSavePackage: Display: Finished SavePackage ../../../../../../Users/2sketj33/Desktop/Puzzle-Island-VGD/Puzzle_Island/Saved/Autosaves/Game/Textures/Cliff_NM_Auto1.uasset
[2017.11.16-12.33.12:728][303]OBJ SavePackage: Generating thumbnails for [1] asset(s) in package [/Game/Materials/F_Cliff_Layer] ([1] browsable assets)...
[2017.11.16-12.33.12:741][303]OBJ SavePackage:     Rendered thumbnail for [MaterialFunction /Game/Materials/F_Cliff_Layer.F_Cliff_Layer]
[2017.11.16-12.33.12:741][303]OBJ SavePackage: Finished generating thumbnails for package [/Game/Materials/F_Cliff_Layer]
[2017.11.16-12.33.12:753][303]LogSavePackage: Save=8.19ms
[2017.11.16-12.33.12:753][303]LogSavePackage: Moving '../../../../../../Users/2sketj33/Desktop/Puzzle-Island-VGD/Puzzle_Island/Saved/F_Cliff_Layer_Auto1417701924275F8AD6AF71DB93536D391.tmp' to '../../../../../../Users/2sketj33/Desktop/Puzzle-Island-VGD/Puzzle_Island/Saved/Autosaves/Game/Materials/F_Cliff_Layer_Auto1.uasset'
[2017.11.16-12.33.12:757][303]LogSavePackage: Display: Finished SavePackage ../../../../../../Users/2sketj33/Desktop/Puzzle-Island-VGD/Puzzle_Island/Saved/Autosaves/Game/Materials/F_Cliff_Layer_Auto1.uasset
[2017.11.16-12.33.12:757][303]LogFileHelpers: Auto-saving content packages took 0.125
[2017.11.16-12.33.22:618][164]LogMaterial: Missing cached shader map for material PreviewMaterial_0, compiling. 
[2017.11.16-12.33.22:640][164]LogMaterial: Missing cached shader map for material Material_1, compiling. 
[2017.11.16-12.33.32:956][  8]LogMaterial: Missing cached shader map for material PreviewMaterial_0, compiling. 
[2017.11.16-12.33.32:992][  8]LogMaterial: Missing cached shader map for material Material_1, compiling. 
[2017.11.16-12.33.48:558][274]LogMaterial: Missing cached shader map for material PreviewMaterial_0, compiling. 
[2017.11.16-12.33.48:579][274]LogMaterial: Missing cached shader map for material Material_1, compiling. 
[2017.11.16-12.33.48:585][274]LogMaterial: Missing cached shader map for material FMatExpressionPreview MaterialExpressionFunctionInput_2, compiling. 
[2017.11.16-12.34.10:831][957]LogMaterial: Missing cached shader map for material PreviewMaterial_0, compiling. 
[2017.11.16-12.34.10:853][957]LogMaterial: Missing cached shader map for material Material_1, compiling. 
[2017.11.16-12.34.10:864][957]LogMaterial: Missing cached shader map for material FMatExpressionPreview MaterialExpressionFunctionInput_2, compiling. 
[2017.11.16-12.34.28:568][271]LogMaterial: Missing cached shader map for material PreviewMaterial_0, compiling. 
[2017.11.16-12.34.28:589][271]LogMaterial: Missing cached shader map for material Material_1, compiling. 
[2017.11.16-12.34.28:601][271]LogMaterial: Missing cached shader map for material FMatExpressionPreview MaterialExpressionFunctionInput_2, compiling. 
[2017.11.16-12.34.39:895][104]LogMaterial: Missing cached shader map for material PreviewMaterial_0, compiling. 
[2017.11.16-12.34.39:916][104]LogMaterial: Missing cached shader map for material Material_1, compiling. 
[2017.11.16-12.34.39:928][104]LogMaterial: Missing cached shader map for material FMatExpressionPreview MaterialExpressionFunctionInput_2, compiling. 
[2017.11.16-12.34.49:867][813]LogMaterial: Missing cached shader map for material PreviewMaterial_0, compiling. 
[2017.11.16-12.34.49:889][813]LogMaterial: Missing cached shader map for material Material_1, compiling. 
[2017.11.16-12.34.49:897][813]LogMaterial: Missing cached shader map for material FMatExpressionPreview MaterialExpressionFunctionInput_2, compiling. 
[2017.11.16-12.35.09:323][285]LogMaterial: Missing cached shader map for material PreviewMaterial_0, compiling. 
[2017.11.16-12.35.09:344][285]LogMaterial: Missing cached shader map for material Material_1, compiling. 
[2017.11.16-12.35.25:700][601]LogMaterial: Missing cached shader map for material PreviewMaterial_0, compiling. 
[2017.11.16-12.35.25:721][601]LogMaterial: Missing cached shader map for material Material_1, compiling. 
[2017.11.16-12.35.35:265][353]LogMaterial: Missing cached shader map for material PreviewMaterial_0, compiling. 
[2017.11.16-12.35.35:287][353]LogMaterial: Missing cached shader map for material Material_1, compiling. 
[2017.11.16-12.35.35:299][353]LogMaterial: Missing cached shader map for material FMatExpressionPreview MaterialExpressionFunctionInput_2, compiling. 
[2017.11.16-12.35.45:286][134]LogMaterial: Missing cached shader map for material PreviewMaterial_0, compiling. 
[2017.11.16-12.35.45:308][134]LogMaterial: Missing cached shader map for material Material_1, compiling. 
[2017.11.16-12.36.08:974][ 11]LogMaterial: Missing cached shader map for material PreviewMaterial_0, compiling. 
[2017.11.16-12.36.08:996][ 11]LogMaterial: Missing cached shader map for material Material_1, compiling. 
[2017.11.16-12.36.25:868][288]LogMaterial: Missing cached shader map for material PreviewMaterial_0, compiling. 
[2017.11.16-12.36.25:889][288]LogMaterial: Missing cached shader map for material Material_1, compiling. 
[2017.11.16-12.36.50:451][134]LogMaterial: Missing cached shader map for material PreviewMaterial_0, compiling. 
[2017.11.16-12.36.50:473][134]LogMaterial: Missing cached shader map for material Material_1, compiling. 
[2017.11.16-12.37.02:519][  5]LogMaterial: Missing cached shader map for material PreviewMaterial_0, compiling. 
[2017.11.16-12.37.02:541][  5]LogMaterial: Missing cached shader map for material Material_1, compiling. 
[2017.11.16-12.37.26:073][943]LogMaterial: Missing cached shader map for material PreviewMaterial_0, compiling. 
[2017.11.16-12.37.26:095][943]LogMaterial: Missing cached shader map for material Material_1, compiling. 
[2017.11.16-12.37.34:026][558]LogMaterial: Missing cached shader map for material PreviewMaterial_0, compiling. 
[2017.11.16-12.37.34:048][558]LogMaterial: Missing cached shader map for material Material_1, compiling. 
[2017.11.16-12.39.18:650][967]LogMaterial: Missing cached shader map for material PreviewMaterial_0, compiling. 
[2017.11.16-12.39.18:673][967]LogMaterial: Missing cached shader map for material Material_1, compiling. 
[2017.11.16-12.39.18:681][967]LogMaterial: Missing cached shader map for material FMatExpressionPreview MaterialExpressionTextureObject_0, compiling. 
[2017.11.16-12.39.18:710][967]LogMaterial: Missing cached shader map for material FMatExpressionPreview MaterialExpressionTextureObject_1, compiling. 
[2017.11.16-12.39.18:742][967]LogMaterial: Missing cached shader map for material FMatExpressionPreview MaterialExpressionFunctionInput_0, compiling. 
[2017.11.16-12.39.18:773][967]LogMaterial: Missing cached shader map for material FMatExpressionPreview MaterialExpressionFunctionInput_2, compiling. 
[2017.11.16-12.40.08:270][994]LogMaterial: Missing cached shader map for material PreviewMaterial_0, compiling. 
[2017.11.16-12.40.08:292][994]LogMaterial: Missing cached shader map for material Material_1, compiling. 
[2017.11.16-12.40.08:299][994]LogMaterial: Missing cached shader map for material FMatExpressionPreview MaterialExpressionFunctionInput_0, compiling. 
[2017.11.16-12.40.34:060][846]LogMaterial: Missing cached shader map for material PreviewMaterial_0, compiling. 
[2017.11.16-12.40.34:081][846]LogMaterial: Missing cached shader map for material Material_1, compiling. 
[2017.11.16-12.40.34:093][846]LogMaterial: Missing cached shader map for material FMatExpressionPreview MaterialExpressionTextureObject_0, compiling. 
[2017.11.16-12.40.47:930][927]LogMaterial: Missing cached shader map for material PreviewMaterial_0, compiling. 
[2017.11.16-12.40.47:952][927]LogMaterial: Missing cached shader map for material Material_1, compiling. 
[2017.11.16-12.40.49:150][982]LogEditorTransaction: Undo Material Editor: Paste
[2017.11.16-12.40.49:170][982]LogMaterial: Missing cached shader map for material Material_1, compiling. 
[2017.11.16-12.40.49:186][982]LogMaterial: Missing cached shader map for material PreviewMaterial_0, compiling. 
[2017.11.16-12.40.49:215][982]LogMaterial: Missing cached shader map for material Material_1, compiling. 
[2017.11.16-12.40.51:753][125]LogUObjectHash: Warning: Ambiguous search, could be MaterialGraphNode /Engine/Transient.Material_1:MaterialGraph_0.MaterialGraphNode_4 or MaterialGraphNode /Engine/Transient.Material_1:MaterialGraph_0.MaterialGraphNode_4
[2017.11.16-12.40.51:753][125]LogProperty: Warning: ObjectProperty /Script/Engine.ExpressionInput:Expression: unresolved reference to 'MaterialExpressionTextureObject'MaterialGraphNode_2.MaterialExpressionTextureObject_0',InputName="TextureObject"))'
[2017.11.16-12.40.51:764][125]LogMaterial: Missing cached shader map for material PreviewMaterial_0, compiling. 
[2017.11.16-12.40.51:786][125]LogMaterial: Missing cached shader map for material Material_1, compiling. 
[2017.11.16-12.40.51:817][125]LogMaterial: Missing cached shader map for material FMatExpressionPreview MaterialExpressionTextureObject_0, compiling. 
[2017.11.16-12.40.51:822][125]LogMaterial: Missing cached shader map for material FMatExpressionPreview MaterialExpressionTextureObject_3, compiling. 
[2017.11.16-12.41.06:272][330]LogMaterial: Missing cached shader map for material PreviewMaterial_0, compiling. 
[2017.11.16-12.41.06:295][330]LogMaterial: Missing cached shader map for material Material_1, compiling. 
[2017.11.16-12.41.06:305][330]LogMaterial: Missing cached shader map for material FMatExpressionPreview MaterialExpressionFunctionInput_1, compiling. 
[2017.11.16-12.41.06:336][330]LogMaterial: Missing cached shader map for material FMatExpressionPreview MaterialExpressionTextureObject_3, compiling. 
[2017.11.16-12.41.25:602][884]LogMaterial: Missing cached shader map for material PreviewMaterial_0, compiling. 
[2017.11.16-12.41.25:624][884]LogMaterial: Missing cached shader map for material Material_1, compiling. 
[2017.11.16-12.41.51:318][174]LogMaterial: Missing cached shader map for material PreviewMaterial_0, compiling. 
[2017.11.16-12.41.51:341][174]LogMaterial: Missing cached shader map for material Material_1, compiling. 
[2017.11.16-12.42.01:162][  1]LogMaterial: Missing cached shader map for material PreviewMaterial_0, compiling. 
[2017.11.16-12.42.01:184][  1]LogMaterial: Missing cached shader map for material Material_1, compiling. 
[2017.11.16-12.42.04:210][217]LogMaterial: Missing cached shader map for material PreviewMaterial_0, compiling. 
[2017.11.16-12.42.04:233][217]LogMaterial: Missing cached shader map for material Material_1, compiling. 
[2017.11.16-12.42.33:910][925]LogMaterial: Missing cached shader map for material PreviewMaterial_0, compiling. 
[2017.11.16-12.42.33:934][925]LogMaterial: Missing cached shader map for material Material_1, compiling. 
[2017.11.16-12.42.59:396][925]LogMaterial: Missing cached shader map for material PreviewMaterial_0, compiling. 
[2017.11.16-12.42.59:420][925]LogMaterial: Missing cached shader map for material Material_1, compiling. 
[2017.11.16-12.43.31:747][512]LogMaterial: Missing cached shader map for material PreviewMaterial_0, compiling. 
[2017.11.16-12.43.31:771][512]LogMaterial: Missing cached shader map for material Material_1, compiling. 
[2017.11.16-12.43.39:719][154]LogMaterial: Missing cached shader map for material PreviewMaterial_0, compiling. 
[2017.11.16-12.43.39:743][154]LogMaterial: Missing cached shader map for material Material_1, compiling. 
[2017.11.16-12.43.42:883][381]LogMaterial: Missing cached shader map for material PreviewMaterial_0, compiling. 
[2017.11.16-12.43.42:907][381]LogMaterial: Missing cached shader map for material Material_1, compiling. 
[2017.11.16-12.44.20:087][229]LogMaterialEditor: Saving and Compiling material F_Cliff_Layer
[2017.11.16-12.44.20:765][229]LogMaterial: Missing cached shader map for material PreviewMaterial_0, compiling. 
[2017.11.16-12.44.20:811][229]LogMaterial: Missing cached shader map for material Material_1, compiling. 
[2017.11.16-12.44.20:998][229]LogMaterial: Missing cached shader map for material Material_4, compiling. 
[2017.11.16-12.44.21:033][229]Cmd: OBJ SAVEPACKAGE PACKAGE="/Game/Materials/F_Cliff_Layer" FILE="../../../../../../Users/2sketj33/Desktop/Puzzle-Island-VGD/Puzzle_Island/Content/Materials/F_Cliff_Layer.uasset" SILENT=true
[2017.11.16-12.44.21:074][229]LogSavePackage: Save=36.67ms
[2017.11.16-12.44.21:074][229]LogSavePackage: Moving '../../../../../../Users/2sketj33/Desktop/Puzzle-Island-VGD/Puzzle_Island/Saved/F_Cliff_Layer48C72BFC4F9F66D78ADA23BA347D1344.tmp' to '../../../../../../Users/2sketj33/Desktop/Puzzle-Island-VGD/Puzzle_Island/Content/Materials/F_Cliff_Layer.uasset'
[2017.11.16-12.44.21:082][229]LogSavePackage: Display: Finished SavePackage ../../../../../../Users/2sketj33/Desktop/Puzzle-Island-VGD/Puzzle_Island/Content/Materials/F_Cliff_Layer.uasset
[2017.11.16-12.44.35:173][745]Cmd: OBJ SAVEPACKAGE PACKAGE="/Game/Textures/Cliff_D" FILE="../../../../../../Users/2sketj33/Desktop/Puzzle-Island-VGD/Puzzle_Island/Content/Textures/Cliff_D.uasset" SILENT=true
[2017.11.16-12.44.35:374][745]LogSavePackage: Save=179.56ms
[2017.11.16-12.44.35:374][745]LogSavePackage: Moving '../../../../../../Users/2sketj33/Desktop/Puzzle-Island-VGD/Puzzle_Island/Saved/Cliff_DB95F15174DA4080AADBB478586CBB377.tmp' to '../../../../../../Users/2sketj33/Desktop/Puzzle-Island-VGD/Puzzle_Island/Content/Textures/Cliff_D.uasset'
[2017.11.16-12.44.35:379][745]LogSavePackage: Display: Finished SavePackage ../../../../../../Users/2sketj33/Desktop/Puzzle-Island-VGD/Puzzle_Island/Content/Textures/Cliff_D.uasset
[2017.11.16-12.44.35:391][745]Cmd: OBJ SAVEPACKAGE PACKAGE="/Game/Textures/Cliff_NM" FILE="../../../../../../Users/2sketj33/Desktop/Puzzle-Island-VGD/Puzzle_Island/Content/Textures/Cliff_NM.uasset" SILENT=true
[2017.11.16-12.44.35:613][745]LogSavePackage: Save=219.31ms
[2017.11.16-12.44.35:613][745]LogSavePackage: Moving '../../../../../../Users/2sketj33/Desktop/Puzzle-Island-VGD/Puzzle_Island/Saved/Cliff_NM33512E914073064852CF1BBD807D0785.tmp' to '../../../../../../Users/2sketj33/Desktop/Puzzle-Island-VGD/Puzzle_Island/Content/Textures/Cliff_NM.uasset'
[2017.11.16-12.44.35:618][745]LogSavePackage: Display: Finished SavePackage ../../../../../../Users/2sketj33/Desktop/Puzzle-Island-VGD/Puzzle_Island/Content/Textures/Cliff_NM.uasset
[2017.11.16-12.44.37:345][932]LogWindowsTextInputMethodSystem: Display: IME system now deactivated.
[2017.11.16-12.44.37:521][933]Cmd: QUIT_EDITOR
[2017.11.16-12.44.37:646][933]LogExit: Preparing to exit.
[2017.11.16-12.44.38:941][933]LogDirectoryWatcher: A directory notification for 'C:/Users/2sketj33/Desktop/Puzzle-Island-VGD/Puzzle_Island/Content/' was aborted.
[2017.11.16-12.44.38:996][933]LogExit: Editor shut down
[2017.11.16-12.44.39:007][933]LogExit: Transaction tracking system shut down
[2017.11.16-12.44.39:222][933]LogDirectoryWatcher: A directory notification for '../../../Engine/Content/' was aborted.
[2017.11.16-12.44.39:222][933]LogDirectoryWatcher: A directory notification for '../../../../../../Users/2sketj33/Desktop/Puzzle-Island-VGD/Puzzle_Island/Content/' was aborted.
[2017.11.16-12.44.39:222][933]LogDirectoryWatcher: A directory notification for '../../../Engine/Plugins/2D/Paper2D/Content/' was aborted.
[2017.11.16-12.44.39:222][933]LogDirectoryWatcher: A directory notification for '../../../Engine/Plugins/Runtime/Oculus/OculusVR/Content/' was aborted.
[2017.11.16-12.44.39:222][933]LogDirectoryWatcher: A directory notification for '../../../Engine/Plugins/Runtime/Steam/SteamVR/Content/' was aborted.
[2017.11.16-12.44.39:609][933]LogExit: Object subsystem successfully closed.
[2017.11.16-12.44.39:698][933]LogD3D11RHI: Shutdown
[2017.11.16-12.44.39:699][933]LogD3D11RHI: CleanupD3DDevice
[2017.11.16-12.44.39:803][933]LogD3D11RHI: ~FD3D11DynamicRHI
[2017.11.16-12.44.40:071][933]LogModuleManager: Shutting down and abandoning module MaterialEditor (538)
[2017.11.16-12.44.40:071][933]LogModuleManager: Shutting down and abandoning module NewLevelDialog (536)
[2017.11.16-12.44.40:071][933]LogModuleManager: Shutting down and abandoning module SynthBenchmark (534)
[2017.11.16-12.44.40:071][933]LogModuleManager: Shutting down and abandoning module HierarchicalLODOutliner (532)
[2017.11.16-12.44.40:071][933]LogModuleManager: Shutting down and abandoning module SceneOutliner (530)
[2017.11.16-12.44.40:072][933]LogModuleManager: Shutting down and abandoning module AddContentDialog (528)
[2017.11.16-12.44.40:086][933]LogDirectoryWatcher: A directory notification for 'C:/Program Files/Epic Games/UE_4.17/FeaturePacks/' was aborted.
[2017.11.16-12.44.40:086][933]LogModuleManager: Shutting down and abandoning module WidgetCarousel (527)
[2017.11.16-12.44.40:086][933]LogModuleManager: Shutting down and abandoning module EditorWidgets (524)
[2017.11.16-12.44.40:087][933]LogModuleManager: Shutting down and abandoning module CollectionManager (522)
[2017.11.16-12.44.40:087][933]LogDirectoryWatcher: A directory notification for 'C:/Users/2sketj33/Desktop/Puzzle-Island-VGD/Puzzle_Island/Content/Collections/' was aborted.
[2017.11.16-12.44.40:087][933]LogDirectoryWatcher: A directory notification for 'C:/Users/2sketj33/Desktop/Puzzle-Island-VGD/Puzzle_Island/Content/Developers/2sketj33/Collections/' was aborted.
[2017.11.16-12.44.40:087][933]LogDirectoryWatcher: A directory notification for 'C:/Users/2sketj33/Desktop/Puzzle-Island-VGD/Puzzle_Island/Saved/Collections/' was aborted.
[2017.11.16-12.44.40:087][933]LogModuleManager: Shutting down and abandoning module StatsViewer (520)
[2017.11.16-12.44.40:087][933]LogModuleManager: Shutting down and abandoning module FoliageEdit (518)
[2017.11.16-12.44.40:087][933]LogModuleManager: Shutting down and abandoning module LandscapeEditor (516)
[2017.11.16-12.44.40:098][933]LogModuleManager: Shutting down and abandoning module MeshPaintMode (514)
[2017.11.16-12.44.40:098][933]LogModuleManager: Shutting down and abandoning module SceneDepthPickerMode (512)
[2017.11.16-12.44.40:098][933]LogModuleManager: Shutting down and abandoning module ActorPickerMode (510)
[2017.11.16-12.44.40:098][933]LogModuleManager: Shutting down and abandoning module GeometryMode (508)
[2017.11.16-12.44.40:098][933]LogModuleManager: Shutting down and abandoning module TextureAlignMode (506)
[2017.11.16-12.44.40:098][933]LogModuleManager: Shutting down and abandoning module BspMode (504)
[2017.11.16-12.44.40:098][933]LogModuleManager: Shutting down and abandoning module PIEPreviewDeviceProfileSelector (502)
[2017.11.16-12.44.40:098][933]LogModuleManager: Shutting down and abandoning module HardwareSurvey (500)
[2017.11.16-12.44.40:098][933]LogModuleManager: Shutting down and abandoning module SequenceRecorderSections (498)
[2017.11.16-12.44.40:098][933]LogModuleManager: Shutting down and abandoning module AutomationWorker (496)
[2017.11.16-12.44.40:098][933]LogModuleManager: Shutting down and abandoning module MatineeToLevelSequence (494)
[2017.11.16-12.44.40:098][933]LogModuleManager: Shutting down and abandoning module LevelSequenceEditor (492)
[2017.11.16-12.44.40:099][933]LogModuleManager: Shutting down and abandoning module PlacementMode (491)
[2017.11.16-12.44.40:099][933]LogModuleManager: Shutting down and abandoning module WmfMediaFactory (488)
[2017.11.16-12.44.40:100][933]LogModuleManager: Shutting down and abandoning module WmfMediaEditor (486)
[2017.11.16-12.44.40:100][933]LogModuleManager: Shutting down and abandoning module AvfMediaFactory (484)
[2017.11.16-12.44.40:100][933]LogModuleManager: Shutting down and abandoning module AvfMediaEditor (482)
[2017.11.16-12.44.40:100][933]LogModuleManager: Shutting down and abandoning module AndroidMediaFactory (480)
[2017.11.16-12.44.40:100][933]LogModuleManager: Shutting down and abandoning module Media (479)
[2017.11.16-12.44.40:100][933]LogModuleManager: Shutting down and abandoning module AndroidMediaEditor (476)
[2017.11.16-12.44.40:100][933]LogModuleManager: Shutting down and abandoning module CharacterAI (474)
[2017.11.16-12.44.40:100][933]LogModuleManager: Shutting down and abandoning module AudioCapture (472)
[2017.11.16-12.44.40:100][933]LogModuleManager: Shutting down and abandoning module SequenceRecorder (471)
[2017.11.16-12.44.40:101][933]LogModuleManager: Shutting down and abandoning module SmartSnapping (468)
[2017.11.16-12.44.40:101][933]LogModuleManager: Shutting down and abandoning module SessionServices (466)
[2017.11.16-12.44.40:101][933]LogModuleManager: Shutting down and abandoning module ViewportSnapping (464)
[2017.11.16-12.44.40:101][933]LogModuleManager: Shutting down and abandoning module ViewportInteraction (462)
[2017.11.16-12.44.40:101][933]LogModuleManager: Shutting down and abandoning module ClothPainter (460)
[2017.11.16-12.44.40:102][933]LogModuleManager: Shutting down and abandoning module LogVisualizer (458)
[2017.11.16-12.44.40:102][933]LogModuleManager: Shutting down and abandoning module IntroTutorials (456)
[2017.11.16-12.44.40:111][933]LogModuleManager: Shutting down and abandoning module GameProjectGeneration (455)
[2017.11.16-12.44.40:127][933]LogModuleManager: Shutting down and abandoning module IOSPlatformEditor (452)
[2017.11.16-12.44.40:131][933]LogModuleManager: Shutting down and abandoning module HTML5PlatformEditor (450)
[2017.11.16-12.44.40:131][933]LogModuleManager: Shutting down and abandoning module AndroidPlatformEditor (448)
[2017.11.16-12.44.40:131][933]LogModuleManager: Shutting down and abandoning module AndroidDeviceDetection (447)
[2017.11.16-12.44.40:183][933]LogModuleManager: Shutting down and abandoning module WindowsPlatformEditor (444)
[2017.11.16-12.44.40:183][933]LogModuleManager: Shutting down and abandoning module IOSRuntimeSettings (442)
[2017.11.16-12.44.40:183][933]LogModuleManager: Shutting down and abandoning module AndroidRuntimeSettings (440)
[2017.11.16-12.44.40:183][933]LogModuleManager: Shutting down and abandoning module InputBindingEditor (438)
[2017.11.16-12.44.40:183][933]LogModuleManager: Shutting down and abandoning module MergeActors (436)
[2017.11.16-12.44.40:184][933]LogModuleManager: Shutting down and abandoning module SizeMap (434)
[2017.11.16-12.44.40:184][933]LogModuleManager: Shutting down and abandoning module TreeMap (432)
[2017.11.16-12.44.40:184][933]LogModuleManager: Shutting down and abandoning module ReferenceViewer (430)
[2017.11.16-12.44.40:184][933]LogModuleManager: Shutting down and abandoning module LocalizationDashboard (428)
[2017.11.16-12.44.40:185][933]LogModuleManager: Shutting down and abandoning module LocalizationService (427)
[2017.11.16-12.44.40:186][933]LogModuleManager: Shutting down and abandoning module HardwareTargeting (424)
[2017.11.16-12.44.40:186][933]LogModuleManager: Shutting down and abandoning module DeviceProfileEditor (422)
[2017.11.16-12.44.40:186][933]LogModuleManager: Shutting down and abandoning module UndoHistory (420)
[2017.11.16-12.44.40:186][933]LogModuleManager: Shutting down and abandoning module XmlParser (418)
[2017.11.16-12.44.40:186][933]LogModuleManager: Shutting down and abandoning module Blutility (416)
[2017.11.16-12.44.40:187][933]LogModuleManager: Shutting down and abandoning module ProjectSettingsViewer (414)
[2017.11.16-12.44.40:187][933]LogModuleManager: Shutting down and abandoning module ProjectTargetPlatformEditor (413)
[2017.11.16-12.44.40:187][933]LogModuleManager: Shutting down and abandoning module EditorSettingsViewer (410)
[2017.11.16-12.44.40:187][933]LogModuleManager: Shutting down and abandoning module SettingsEditor (408)
[2017.11.16-12.44.40:188][933]LogModuleManager: Shutting down and abandoning module ProjectLauncher (406)
[2017.11.16-12.44.40:189][933]LogModuleManager: Shutting down and abandoning module SessionFrontend (404)
[2017.11.16-12.44.40:190][933]LogModuleManager: Shutting down and abandoning module ProfilerClient (402)
[2017.11.16-12.44.40:190][933]LogModuleManager: Shutting down and abandoning module DeviceManager (400)
[2017.11.16-12.44.40:191][933]LogModuleManager: Shutting down and abandoning module TargetDeviceServices (399)
[2017.11.16-12.44.40:235][933]LogModuleManager: Shutting down and abandoning module AutomationController (396)
[2017.11.16-12.44.40:235][933]LogModuleManager: Shutting down and abandoning module AutomationWindow (394)
[2017.11.16-12.44.40:237][933]LogModuleManager: Shutting down and abandoning module Layers (392)
[2017.11.16-12.44.40:239][933]LogModuleManager: Shutting down and abandoning module ComponentVisualizers (390)
[2017.11.16-12.44.40:239][933]LogModuleManager: Shutting down and abandoning module DetailCustomizations (388)
[2017.11.16-12.44.40:239][933]LogModuleManager: Shutting down and abandoning module PackagesDialog (386)
[2017.11.16-12.44.40:240][933]LogModuleManager: Shutting down and abandoning module Persona (384)
[2017.11.16-12.44.40:240][933]LogModuleManager: Shutting down and abandoning module AdvancedPreviewScene (383)
[2017.11.16-12.44.40:240][933]LogModuleManager: Shutting down and abandoning module AnimGraph (381)
[2017.11.16-12.44.40:241][933]LogModuleManager: Shutting down and abandoning module Kismet (378)
[2017.11.16-12.44.40:249][933]LogModuleManager: Shutting down and abandoning module ClassViewer (376)
[2017.11.16-12.44.40:249][933]LogModuleManager: Shutting down and abandoning module Toolbox (374)
[2017.11.16-12.44.40:249][933]LogModuleManager: Shutting down and abandoning module ModuleUI (372)
[2017.11.16-12.44.40:249][933]LogModuleManager: Shutting down and abandoning module MovieSceneTools (370)
[2017.11.16-12.44.40:250][933]LogModuleManager: Shutting down and abandoning module OutputLog (368)
[2017.11.16-12.44.40:250][933]LogModuleManager: Shutting down and abandoning module GammaUI (366)
[2017.11.16-12.44.40:250][933]LogModuleManager: Shutting down and abandoning module Documentation (364)
[2017.11.16-12.44.40:250][933]LogModuleManager: Shutting down and abandoning module MovieSceneTracks (362)
[2017.11.16-12.44.40:250][933]LogModuleManager: Shutting down and abandoning module MovieScene (360)
[2017.11.16-12.44.40:250][933]LogModuleManager: Shutting down and abandoning module Niagara (358)
[2017.11.16-12.44.40:250][933]LogModuleManager: Shutting down and abandoning module NiagaraEditor (357)
[2017.11.16-12.44.40:265][933]LogModuleManager: Shutting down and abandoning module StreamingPauseRendering (354)
[2017.11.16-12.44.40:265][933]LogModuleManager: Shutting down and abandoning module LauncherPlatform (352)
[2017.11.16-12.44.40:265][933]LogModuleManager: Shutting down and abandoning module AnalyticsET (350)
[2017.11.16-12.44.40:265][933]LogModuleManager: Shutting down and abandoning module PortalServices (348)
[2017.11.16-12.44.40:265][933]LogModuleManager: Shutting down and abandoning module PortalRpc (346)
[2017.11.16-12.44.40:265][933]LogModuleManager: Shutting down and abandoning module MessagingRpc (344)
[2017.11.16-12.44.40:265][933]LogModuleManager: Shutting down and abandoning module AIModule (342)
[2017.11.16-12.44.40:266][933]LogModuleManager: Shutting down and abandoning module GameplayDebugger (341)
[2017.11.16-12.44.40:266][933]LogModuleManager: Shutting down and abandoning module AITestSuite (339)
[2017.11.16-12.44.40:266][933]LogModuleManager: Shutting down and abandoning module ProfilerService (336)
[2017.11.16-12.44.40:507][933]LogModuleManager: Shutting down and abandoning module TaskGraph (334)
[2017.11.16-12.44.40:508][933]LogModuleManager: Shutting down and abandoning module SteamVRController (332)
[2017.11.16-12.44.40:508][933]LogModuleManager: Shutting down and abandoning module ProceduralMeshComponentEditor (330)
[2017.11.16-12.44.40:508][933]LogModuleManager: Shutting down and abandoning module ProceduralMeshComponent (328)
[2017.11.16-12.44.40:508][933]LogModuleManager: Shutting down and abandoning module OculusInput (326)
[2017.11.16-12.44.40:508][933]LogModuleManager: Shutting down and abandoning module MobilePatchingUtils (324)
[2017.11.16-12.44.40:508][933]LogModuleManager: Shutting down and abandoning module CustomMeshComponent (322)
[2017.11.16-12.44.40:508][933]LogModuleManager: Shutting down and abandoning module CableComponent (320)
[2017.11.16-12.44.40:508][933]LogModuleManager: Shutting down and abandoning module ArchVisCharacter (318)
[2017.11.16-12.44.40:508][933]LogModuleManager: Shutting down and abandoning module AndroidPermission (316)
[2017.11.16-12.44.40:508][933]LogModuleManager: Shutting down and abandoning module MediaPlayerEditor (312)
[2017.11.16-12.44.40:521][933]LogModuleManager: Shutting down and abandoning module HTML5Networking (310)
[2017.11.16-12.44.40:521][933]LogModuleManager: Shutting down and abandoning module AlembicImporter (308)
[2017.11.16-12.44.40:521][933]LogModuleManager: Shutting down and abandoning module AlembicLibrary (307)
[2017.11.16-12.44.40:521][933]LogModuleManager: Shutting down and abandoning module GeometryCache (306)
[2017.11.16-12.44.40:521][933]LogModuleManager: Shutting down and abandoning module GeometryCacheEd (305)
[2017.11.16-12.44.40:521][933]LogModuleManager: Shutting down and abandoning module SpeedTreeImporter (300)
[2017.11.16-12.44.40:521][933]LogModuleManager: Shutting down and abandoning module PluginBrowser (298)
[2017.11.16-12.44.40:522][933]LogModuleManager: Shutting down and abandoning module MobileLauncherProfileWizard (296)
[2017.11.16-12.44.40:523][933]LogModuleManager: Shutting down and abandoning module VisualStudioSourceCodeAccess (294)
[2017.11.16-12.44.40:523][933]LogModuleManager: Shutting down and abandoning module DesktopPlatform (293)
[2017.11.16-12.44.40:523][933]LogModuleManager: Shutting down and abandoning module UObjectPlugin (290)
[2017.11.16-12.44.40:523][933]LogModuleManager: Shutting down and abandoning module SubversionSourceControl (288)
[2017.11.16-12.44.40:523][933]LogModuleManager: Shutting down and abandoning module PerforceSourceControl (286)
[2017.11.16-12.44.40:523][933]LogModuleManager: Shutting down and abandoning module GitSourceControl (284)
[2017.11.16-12.44.40:523][933]LogModuleManager: Shutting down and abandoning module SourceControl (283)
[2017.11.16-12.44.40:523][933]LogModuleManager: Shutting down and abandoning module LightPropagationVolumeEditor (280)
[2017.11.16-12.44.40:523][933]LogModuleManager: Shutting down and abandoning module PaperTiledImporter (278)
[2017.11.16-12.44.40:524][933]LogModuleManager: Shutting down and abandoning module PaperSpriteSheetImporter (276)
[2017.11.16-12.44.40:524][933]LogModuleManager: Shutting down and abandoning module Paper2DEditor (274)
[2017.11.16-12.44.40:524][933]LogModuleManager: Shutting down and abandoning module MeshPaint (273)
[2017.11.16-12.44.40:524][933]LogModuleManager: Shutting down and abandoning module LevelEditor (271)
[2017.11.16-12.44.40:524][933]LogModuleManager: Shutting down and abandoning module PixelInspectorModule (270)
[2017.11.16-12.44.40:524][933]LogModuleManager: Shutting down and abandoning module MainFrame (268)
[2017.11.16-12.44.40:524][933]LogModuleManager: Shutting down and abandoning module HotReload (267)
[2017.11.16-12.44.40:524][933]LogDirectoryWatcher: A directory notification for 'C:/Users/2sketj33/Desktop/Puzzle-Island-VGD/Puzzle_Island/Binaries/Win64' was aborted.
[2017.11.16-12.44.40:535][933]LogModuleManager: Shutting down and abandoning module Puzzle_Island (262)
[2017.11.16-12.44.40:535][933]LogModuleManager: Shutting down and abandoning module RuntimePhysXCooking (260)
[2017.11.16-12.44.40:535][933]LogModuleManager: Shutting down and abandoning module PhysXVehiclesEditor (258)
[2017.11.16-12.44.40:535][933]LogModuleManager: Shutting down and abandoning module PhysXVehicles (256)
[2017.11.16-12.44.40:535][933]LogModuleManager: Shutting down and abandoning module OculusEditor (254)
[2017.11.16-12.44.40:535][933]LogModuleManager: Shutting down and abandoning module LocationServicesBPLibrary (252)
[2017.11.16-12.44.40:535][933]LogModuleManager: Shutting down and abandoning module ImmediatePhysicsEditor (250)
[2017.11.16-12.44.40:535][933]LogModuleManager: Shutting down and abandoning module ImmediatePhysics (248)
[2017.11.16-12.44.40:550][933]LogModuleManager: Shutting down and abandoning module UdpMessaging (246)
[2017.11.16-12.44.40:650][933]LogModuleManager: Shutting down and abandoning module TcpMessaging (244)
[2017.11.16-12.44.40:757][933]LogModuleManager: Shutting down and abandoning module GameplayTagsEditor (242)
[2017.11.16-12.44.40:779][933]LogModuleManager: Shutting down and abandoning module FacialAnimationEditor (240)
[2017.11.16-12.44.40:779][933]LogModuleManager: Shutting down and abandoning module FacialAnimation (238)
[2017.11.16-12.44.40:779][933]LogModuleManager: Shutting down and abandoning module AssetManagerEditor (236)
[2017.11.16-12.44.40:779][933]LogModuleManager: Shutting down and abandoning module GraphEditor (235)
[2017.11.16-12.44.40:779][933]LogModuleManager: Shutting down and abandoning module ContentBrowser (233)
[2017.11.16-12.44.40:780][933]LogModuleManager: Shutting down and abandoning module LightPropagationVolumeRuntime (230)
[2017.11.16-12.44.40:780][933]LogModuleManager: Shutting down and abandoning module Paper2D (228)
[2017.11.16-12.44.40:780][933]LogModuleManager: Shutting down and abandoning module WindowsMoviePlayer (226)
[2017.11.16-12.44.40:780][933]LogModuleManager: Shutting down and abandoning module WmfMedia (224)
[2017.11.16-12.44.40:780][933]LogModuleManager: Shutting down and abandoning module PacketHandler (222)
[2017.11.16-12.44.40:780][933]LogModuleManager: Shutting down and abandoning module ClothingSystemEditor (220)
[2017.11.16-12.44.40:780][933]LogModuleManager: Shutting down and abandoning module ClothingSystemRuntime (218)
[2017.11.16-12.44.40:781][933]LogModuleManager: Shutting down and abandoning module Overlay (216)
[2017.11.16-12.44.40:781][933]LogModuleManager: Shutting down and abandoning module OverlayEditor (215)
[2017.11.16-12.44.40:781][933]LogModuleManager: Shutting down and abandoning module MediaAssets (212)
[2017.11.16-12.44.40:781][933]LogModuleManager: Shutting down and abandoning module VREditor (210)
[2017.11.16-12.44.40:792][933]LogModuleManager: Shutting down and abandoning module StringTableEditor (208)
[2017.11.16-12.44.40:800][933]LogModuleManager: Shutting down and abandoning module GameplayTasksEditor (206)
[2017.11.16-12.44.40:800][933]LogModuleManager: Shutting down and abandoning module BehaviorTreeEditor (204)
[2017.11.16-12.44.40:819][933]LogModuleManager: Shutting down and abandoning module FunctionalTesting (202)
[2017.11.16-12.44.40:819][933]LogModuleManager: Shutting down and abandoning module CollisionAnalyzer (200)
[2017.11.16-12.44.40:819][933]LogModuleManager: Shutting down and abandoning module WorkspaceMenuStructure (199)
[2017.11.16-12.44.40:819][933]LogModuleManager: Shutting down and abandoning module UMG (196)
[2017.11.16-12.44.40:829][933]LogModuleManager: Shutting down and abandoning module UMGEditor (195)
[2017.11.16-12.44.40:845][933]LogModuleManager: Shutting down and abandoning module Sequencer (194)
[2017.11.16-12.44.40:868][933]LogModuleManager: Shutting down and abandoning module MessageLog (191)
[2017.11.16-12.44.40:868][933]LogModuleManager: Shutting down and abandoning module SlateReflector (186)
[2017.11.16-12.44.40:881][933]LogModuleManager: Shutting down and abandoning module Slate (184)
[2017.11.16-12.44.40:881][933]LogModuleManager: Shutting down and abandoning module EditorStyle (182)
[2017.11.16-12.44.40:884][933]LogModuleManager: Shutting down and abandoning module MRMesh (180)
[2017.11.16-12.44.40:884][933]LogModuleManager: Shutting down and abandoning module SourceCodeAccess (178)
[2017.11.16-12.44.40:884][933]LogModuleManager: Shutting down and abandoning module HeadMountedDisplay (176)
[2017.11.16-12.44.40:884][933]LogModuleManager: Shutting down and abandoning module XAudio2 (174)
[2017.11.16-12.44.40:884][933]LogModuleManager: Shutting down and abandoning module Networking (172)
[2017.11.16-12.44.40:884][933]LogModuleManager: Shutting down and abandoning module Core (168)
[2017.11.16-12.44.40:884][933]LogModuleManager: Shutting down and abandoning module KismetCompiler (164)
[2017.11.16-12.44.40:884][933]LogModuleManager: Shutting down and abandoning module LevelSequence (162)
[2017.11.16-12.44.40:884][933]LogModuleManager: Shutting down and abandoning module MeshUtilities (160)
[2017.11.16-12.44.40:901][933]LogModuleManager: Shutting down and abandoning module MeshMergeUtilities (159)
[2017.11.16-12.44.40:901][933]LogModuleManager: Shutting down and abandoning module MeshReductionInterface (158)
[2017.11.16-12.44.40:901][933]LogModuleManager: Shutting down and abandoning module SimplygonSwarm (157)
[2017.11.16-12.44.40:902][933]LogModuleManager: Shutting down and abandoning module SimplygonMeshReduction (155)
[2017.11.16-12.44.40:902][933]LogModuleManager: Shutting down and abandoning module QuadricMeshReduction (153)
[2017.11.16-12.44.40:902][933]LogModuleManager: Shutting down and abandoning module MaterialBaking (149)
[2017.11.16-12.44.40:902][933]LogModuleManager: Shutting down and abandoning module DirectoryWatcher (146)
[2017.11.16-12.44.40:903][933]LogModuleManager: Shutting down and abandoning module DerivedDataCache (144)
[2017.11.16-12.44.40:978][933]LogDerivedDataCache: Shutdown
[2017.11.16-12.44.40:978][933]LogModuleManager: Shutting down and abandoning module TargetPlatform (142)
[2017.11.16-12.44.40:978][933]LogModuleManager: Shutting down and abandoning module VulkanShaderFormat (141)
[2017.11.16-12.44.40:993][933]LogModuleManager: Shutting down and abandoning module ShaderFormatVectorVM (139)
[2017.11.16-12.44.40:994][933]LogModuleManager: Shutting down and abandoning module ShaderFormatOpenGL (137)
[2017.11.16-12.44.40:995][933]LogModuleManager: Shutting down and abandoning module ShaderFormatD3D (135)
[2017.11.16-12.44.40:995][933]LogModuleManager: Shutting down and abandoning module MetalShaderFormat (133)
[2017.11.16-12.44.41:003][933]LogModuleManager: Shutting down and abandoning module TextureFormatUncompressed (131)
[2017.11.16-12.44.41:003][933]LogModuleManager: Shutting down and abandoning module TextureFormatPVR (129)
[2017.11.16-12.44.41:003][933]LogModuleManager: Shutting down and abandoning module TextureFormatDXT (127)
[2017.11.16-12.44.41:003][933]LogModuleManager: Shutting down and abandoning module TextureFormatIntelISPCTexComp (125)
[2017.11.16-12.44.41:003][933]LogModuleManager: Shutting down and abandoning module TextureFormatASTC (123)
[2017.11.16-12.44.41:003][933]LogModuleManager: Shutting down and abandoning module ImageWrapper (122)
[2017.11.16-12.44.41:003][933]LogModuleManager: Shutting down and abandoning module TextureFormatAndroid (119)
[2017.11.16-12.44.41:003][933]LogModuleManager: Shutting down and abandoning module AudioFormatOpus (117)
[2017.11.16-12.44.41:003][933]LogModuleManager: Shutting down and abandoning module AudioFormatOgg (115)
[2017.11.16-12.44.41:003][933]LogModuleManager: Shutting down and abandoning module AudioFormatADPCM (113)
[2017.11.16-12.44.41:003][933]LogModuleManager: Shutting down and abandoning module LinuxTargetPlatform (111)
[2017.11.16-12.44.41:003][933]LogModuleManager: Shutting down and abandoning module LinuxServerTargetPlatform (109)
[2017.11.16-12.44.41:003][933]LogModuleManager: Shutting down and abandoning module LinuxNoEditorTargetPlatform (107)
[2017.11.16-12.44.41:003][933]LogModuleManager: Shutting down and abandoning module LinuxClientTargetPlatform (105)
[2017.11.16-12.44.41:003][933]LogModuleManager: Shutting down and abandoning module TVOSTargetPlatform (103)
[2017.11.16-12.44.41:003][933]LogModuleManager: Shutting down and abandoning module Messaging (101)
[2017.11.16-12.44.41:003][933]LogModuleManager: Shutting down and abandoning module IOSTargetPlatform (99)
[2017.11.16-12.44.41:003][933]LogModuleManager: Shutting down and abandoning module HTML5TargetPlatform (97)
[2017.11.16-12.44.41:003][933]LogModuleManager: Shutting down and abandoning module Android_PVRTCTargetPlatform (95)
[2017.11.16-12.44.41:003][933]LogModuleManager: Shutting down and abandoning module Android_MultiTargetPlatform (93)
[2017.11.16-12.44.41:003][933]LogModuleManager: Shutting down and abandoning module Android_ETC2TargetPlatform (91)
[2017.11.16-12.44.41:004][933]LogModuleManager: Shutting down and abandoning module Android_ETC1TargetPlatform (89)
[2017.11.16-12.44.41:004][933]LogModuleManager: Shutting down and abandoning module Android_DXTTargetPlatform (87)
[2017.11.16-12.44.41:004][933]LogModuleManager: Shutting down and abandoning module Android_ATCTargetPlatform (85)
[2017.11.16-12.44.41:004][933]LogModuleManager: Shutting down and abandoning module Android_ASTCTargetPlatform (83)
[2017.11.16-12.44.41:004][933]LogModuleManager: Shutting down and abandoning module AndroidTargetPlatform (81)
[2017.11.16-12.44.41:004][933]LogModuleManager: Shutting down and abandoning module WindowsTargetPlatform (79)
[2017.11.16-12.44.41:004][933]LogModuleManager: Shutting down and abandoning module WindowsServerTargetPlatform (77)
[2017.11.16-12.44.41:004][933]LogModuleManager: Shutting down and abandoning module WindowsNoEditorTargetPlatform (75)
[2017.11.16-12.44.41:004][933]LogModuleManager: Shutting down and abandoning module WindowsClientTargetPlatform (73)
[2017.11.16-12.44.41:004][933]LogModuleManager: Shutting down and abandoning module MacTargetPlatform (71)
[2017.11.16-12.44.41:004][933]LogModuleManager: Shutting down and abandoning module MacServerTargetPlatform (69)
[2017.11.16-12.44.41:004][933]LogModuleManager: Shutting down and abandoning module MacNoEditorTargetPlatform (67)
[2017.11.16-12.44.41:004][933]LogModuleManager: Shutting down and abandoning module MacClientTargetPlatform (65)
[2017.11.16-12.44.41:004][933]LogModuleManager: Shutting down and abandoning module AllDesktopTargetPlatform (63)
[2017.11.16-12.44.41:004][933]LogModuleManager: Shutting down and abandoning module InputCore (60)
[2017.11.16-12.44.41:004][933]LogModuleManager: Shutting down and abandoning module Settings (58)
[2017.11.16-12.44.41:004][933]LogModuleManager: Shutting down and abandoning module PhysXCooking (56)
[2017.11.16-12.44.41:004][933]LogModuleManager: Shutting down and abandoning module SteamVR (54)
[2017.11.16-12.44.41:004][933]LogModuleManager: Shutting down and abandoning module OculusHMD (52)
[2017.11.16-12.44.41:004][933]LogModuleManager: Shutting down and abandoning module ExampleDeviceProfileSelector (50)
[2017.11.16-12.44.41:004][933]LogModuleManager: Shutting down and abandoning module OnlineBlueprintSupport (48)
[2017.11.16-12.44.41:004][933]LogModuleManager: Shutting down and abandoning module OnlineSubsystem (44)
[2017.11.16-12.44.41:004][933]LogOnline: Display: Unloading online subsystem: NULL
[2017.11.16-12.44.41:020][933]LogModuleManager: Shutting down and abandoning module XMPP (43)
[2017.11.16-12.44.41:024][933]LogModuleManager: Shutting down and abandoning module HTTP (41)
[2017.11.16-12.44.41:024][933]LogHttp: Display: Http module shutting down, but needs to wait on 1 outstanding Http requests:
[2017.11.16-12.44.41:024][933]LogHttp: Display: 	verb=[POST] url=[https://datarouter.ol.epicgames.com/datarouter/api/v1/public/data?SessionID=%7BEE708348-4023-52AE-A8FA-0B827CDBF370%7D&AppID=UEEditor.Rocket.Release&AppVersion=4.17.2-3658906%2B%2B%2BUE4%2BRelease-4.17&UserID=3979da0d4010b3e08ef3339b0434ce24%7C%7C57f6b412-5587-461f-802a-d3afb7f18e14&AppEnvironment=datacollector-binary&UploadType=eteventstream] status=Processing
[2017.11.16-12.44.41:055][933]LogModuleManager: Shutting down and abandoning module SSL (40)
[2017.11.16-12.44.41:056][933]LogModuleManager: Shutting down and abandoning module AnimationModifiers (36)
[2017.11.16-12.44.41:056][933]LogModuleManager: Shutting down and abandoning module PropertyEditor (35)
[2017.11.16-12.44.41:056][933]LogModuleManager: Shutting down and abandoning module AudioEditor (32)
[2017.11.16-12.44.41:062][933]LogModuleManager: Shutting down and abandoning module TextureCompressor (30)
[2017.11.16-12.44.41:062][933]LogModuleManager: Shutting down and abandoning module ShaderCore (28)
[2017.11.16-12.44.41:062][933]LogModuleManager: Shutting down and abandoning module Landscape (26)
[2017.11.16-12.44.41:062][933]LogModuleManager: Shutting down and abandoning module SlateRHIRenderer (24)
[2017.11.16-12.44.41:077][933]LogModuleManager: Shutting down and abandoning module OpenGLDrv (22)
[2017.11.16-12.44.41:077][933]LogModuleManager: Shutting down and abandoning module D3D11RHI (20)
[2017.11.16-12.44.41:077][933]LogModuleManager: Shutting down and abandoning module AnimGraphRuntime (18)
[2017.11.16-12.44.41:078][933]LogModuleManager: Shutting down and abandoning module Renderer (16)
[2017.11.16-12.44.41:078][933]LogModuleManager: Shutting down and abandoning module Engine (14)
[2017.11.16-12.44.41:078][933]LogModuleManager: Shutting down and abandoning module CoreUObject (12)
[2017.11.16-12.44.41:078][933]LogModuleManager: Shutting down and abandoning module NetworkFile (10)
[2017.11.16-12.44.41:078][933]LogModuleManager: Shutting down and abandoning module CookedIterativeFile (8)
[2017.11.16-12.44.41:078][933]LogModuleManager: Shutting down and abandoning module StreamingFile (6)
[2017.11.16-12.44.41:078][933]LogModuleManager: Shutting down and abandoning module SandboxFile (4)
[2017.11.16-12.44.41:078][933]LogModuleManager: Shutting down and abandoning module PakFile (2)
[2017.11.16-12.44.41:090][933]LogExit: Exiting.
[2017.11.16-12.44.41:100][933]Log file closed, 11/16/17 12:44:41
