Log file open, 11/29/17 10:09:49
LogWindows: Failed to load 'aqProf.dll' (GetLastError=126)
LogWindows: File 'aqProf.dll' does not exist
LogWindows: Failed to load 'VtuneApi.dll' (GetLastError=126)
LogWindows: File 'VtuneApi.dll' does not exist
LogWindows: Failed to load 'VtuneApi32e.dll' (GetLastError=126)
LogWindows: File 'VtuneApi32e.dll' does not exist
LogInit: Display: Running engine for game: Puzzle_Island
LogPlatformFile: Not using cached read wrapper
LogInit: Display: RandInit(-1618851982) SRandInit(-1618851982).
LogTaskGraph: Started task graph with 5 named threads and 14 total threads with 3 sets of task threads.
LogStats: Stats thread started at 0.183180
LogD3D11RHI: Aftermath initialized
LogPluginManager: Mounting plugin Paper2D
LogPluginManager: Mounting plugin LightPropagationVolume
LogPluginManager: Mounting plugin CodeLiteSourceCodeAccess
LogPluginManager: Mounting plugin GitSourceControl
LogPluginManager: Mounting plugin KDevelopSourceCodeAccess
LogPluginManager: Mounting plugin NullSourceCodeAccess
LogPluginManager: Mounting plugin PerforceSourceControl
LogPluginManager: Mounting plugin SubversionSourceControl
LogPluginManager: Mounting plugin UObjectPlugin
LogPluginManager: Mounting plugin VisualStudioSourceCodeAccess
LogPluginManager: Mounting plugin XCodeSourceCodeAccess
LogPluginManager: Mounting plugin AssetManagerEditor
LogPluginManager: Mounting plugin AudioCapture
LogPluginManager: Mounting plugin FacialAnimation
LogPluginManager: Mounting plugin GameplayTagsEditor
LogPluginManager: Mounting plugin MobileLauncherProfileWizard
LogPluginManager: Mounting plugin PluginBrowser
LogPluginManager: Mounting plugin SpeedTreeImporter
LogPluginManager: Mounting plugin AlembicImporter
LogPluginManager: Mounting plugin CharacterAI
LogPluginManager: Mounting plugin HTML5Networking
LogPluginManager: Mounting plugin AndroidMedia
LogPluginManager: Mounting plugin AvfMedia
LogPluginManager: Mounting plugin MediaPlayerEditor
LogPluginManager: Mounting plugin WmfMedia
LogPluginManager: Mounting plugin TcpMessaging
LogPluginManager: Mounting plugin UdpMessaging
LogPluginManager: Mounting plugin LevelSequenceEditor
LogPluginManager: Mounting plugin MatineeToLevelSequence
LogPluginManager: Mounting plugin OnlineSubsystemGooglePlay
LogPluginManager: Mounting plugin OnlineSubsystemIOS
LogPluginManager: Mounting plugin OnlineSubsystem
LogPluginManager: Mounting plugin OnlineSubsystemNull
LogPluginManager: Mounting plugin OnlineSubsystemUtils
LogPluginManager: Mounting plugin AndroidDeviceProfileSelector
LogPluginManager: Mounting plugin AndroidMoviePlayer
LogPluginManager: Mounting plugin AndroidPermission
LogPluginManager: Mounting plugin AppleMoviePlayer
LogPluginManager: Mounting plugin ArchVisCharacter
LogPluginManager: Mounting plugin CableComponent
LogPluginManager: Mounting plugin CustomMeshComponent
LogPluginManager: Mounting plugin ExampleDeviceProfileSelector
LogPluginManager: Mounting plugin GoogleCloudMessaging
LogPluginManager: Mounting plugin ImmediatePhysics
LogPluginManager: Mounting plugin IOSDeviceProfileSelector
LogPluginManager: Mounting plugin LinuxDeviceProfileSelector
LogPluginManager: Mounting plugin LocationServicesBPLibrary
LogPluginManager: Mounting plugin MobilePatchingUtils
LogPluginManager: Mounting plugin OculusVR
LogPluginManager: Mounting plugin PhysXVehicles
LogPluginManager: Mounting plugin ProceduralMeshComponent
LogPluginManager: Mounting plugin RuntimePhysXCooking
LogPluginManager: Mounting plugin SteamVR
LogPluginManager: Mounting plugin WindowsMoviePlayer
LogInit: Using libcurl 7.47.1
LogInit:  - built for x86_64-pc-win32
LogInit:  - supports SSL with OpenSSL/1.0.2g
LogInit:  - supports HTTP deflate (compression) using libz 1.2.8
LogInit:  - other features:
LogInit:      CURL_VERSION_SSL
LogInit:      CURL_VERSION_LIBZ
LogInit:      CURL_VERSION_IPV6
LogInit:      CURL_VERSION_ASYNCHDNS
LogInit:      CURL_VERSION_LARGEFILE
LogInit:      CURL_VERSION_IDN
LogInit:  CurlRequestOptions (configurable via config and command line):
LogInit:  - bVerifyPeer = false  - Libcurl will NOT verify peer certificate
LogInit:  - bUseHttpProxy = false  - Libcurl will NOT use HTTP proxy
LogInit:  - bDontReuseConnections = false  - Libcurl will reuse connections
LogInit:  - CertBundlePath = nullptr  - Libcurl will use whatever was configured at build time.
LogInit: Build: ++UE4+Release-4.17-CL-3658906
LogInit: Engine Version: 4.17.2-3658906+++UE4+Release-4.17
LogInit: Compatible Engine Version: 4.17.0-3573198+++UE4+Release-4.17
LogInit: Net CL: 3573198
LogDevObjectVersion: Number of dev versions registered: 16
LogDevObjectVersion:   Dev-Blueprints (B0D832E4-1F89-4F0D-ACCF-7EB736FD4AA2): 10
LogDevObjectVersion:   Dev-Build (E1C64328-A22C-4D53-A36C-8E866417BD8C): 0
LogDevObjectVersion:   Dev-Core (375EC13C-06E4-48FB-B500-84F0262A717E): 2
LogDevObjectVersion:   Dev-Editor (E4B068ED-F494-42E9-A231-DA0B2E46BB41): 20
LogDevObjectVersion:   Dev-Framework (CFFC743F-43B0-4480-9391-14DF171D2073): 28
LogDevObjectVersion:   Dev-Mobile (B02B49B5-BB20-44E9-A304-32B752E40360): 0
LogDevObjectVersion:   Dev-Networking (A4E4105C-59A1-49B5-A7C5-40C4547EDFEE): 0
LogDevObjectVersion:   Dev-Online (39C831C9-5AE6-47DC-9A44-9C173E1C8E7C): 0
LogDevObjectVersion:   Dev-Physics (78F01B33-EBEA-4F98-B9B4-84EACCB95AA2): 0
LogDevObjectVersion:   Dev-Platform (6631380F-2D4D-43E0-8009-CF276956A95A): 0
LogDevObjectVersion:   Dev-Rendering (12F88B9F-8875-4AFC-A67C-D90C383ABD29): 19
LogDevObjectVersion:   Dev-Sequencer (7B5AE74C-D270-4C10-A958-57980B212A5A): 4
LogDevObjectVersion:   Dev-VR (D7296918-1DD6-4BDD-9DE2-64A83CC13884): 0
LogDevObjectVersion:   Dev-LoadTimes (C2A15278-BFE7-4AFE-6C17-90FF531DF755): 1
LogDevObjectVersion:   Private-Geometry (6EACA3D4-40EC-4CC1-B786-8BED09428FC5): 1
LogDevObjectVersion:   Dev-AnimPhys (29E575DD-E0A3-4627-9D10-D276232CDCEA): 7
LogInit: Compiled (64-bit): Sep 22 2017 13:47:16
LogInit: Compiled with Visual C++: 19.00.24215.01
LogInit: Build Configuration: Development
LogInit: Branch Name: ++UE4+Release-4.17
LogInit: Command line:  
LogInit: Base directory: C:/Program Files/Epic Games/UE_4.17/Engine/Binaries/Win64/
LogInit: Installed Engine Build: 1
LogInit: Presizing for max 8388607 objects, including 0 objects not considered by GC, pre-allocating 0 bytes for permanent pool.
LogInit: Object subsystem initialized
[2017.11.29-10.09.51:823][  0]LogInit: Selected Device Profile: [Windows]
[2017.11.29-10.09.51:824][  0]LogInit: Applying CVar settings loaded from the selected device profile: [Windows]
[2017.11.29-10.09.51:851][  0]LogInit: Computer: W67512
[2017.11.29-10.09.51:851][  0]LogInit: User: 2siewj44
[2017.11.29-10.09.51:851][  0]LogInit: CPU Page size=4096, Cores=4
[2017.11.29-10.09.51:851][  0]LogInit: High frequency timer resolution =3.124994 MHz
[2017.11.29-10.09.51:852][  0]LogMemory: Memory total: Physical=15.9GB (16GB approx)
[2017.11.29-10.09.51:852][  0]LogMemory: Platform Memory Stats for Windows
[2017.11.29-10.09.51:852][  0]LogMemory: Process Physical Memory: 281.77 MB used, 281.77 MB peak
[2017.11.29-10.09.51:852][  0]LogMemory: Process Virtual Memory: 291.17 MB used, 291.17 MB peak
[2017.11.29-10.09.51:852][  0]LogMemory: Physical Memory: 8085.16 MB used,  8215.53 MB free, 16300.69 MB total
[2017.11.29-10.09.51:852][  0]LogMemory: Virtual Memory: 685.69 MB used,  8215.53 MB free, 134217728.00 MB total
[2017.11.29-10.09.52:395][  0]LogInit: Using OS detected language (en-US).
[2017.11.29-10.09.52:395][  0]LogInit: Using OS detected locale (en-GB).
[2017.11.29-10.09.52:399][  0]LogTextLocalizationManager: No specific localization for 'en-US' exists, so the 'en' localization will be used.
[2017.11.29-10.09.53:251][  0]LogD3D11RHI: D3D11 adapters:
[2017.11.29-10.09.53:300][  0]LogD3D11RHI:    0. 'NVIDIA GeForce GTX 745' (Feature Level 11_0)
[2017.11.29-10.09.53:300][  0]LogD3D11RHI:       4063/0/8150 MB DedicatedVideo/DedicatedSystem/SharedSystem, Outputs:2, VendorId:0x10de
[2017.11.29-10.09.53:306][  0]LogD3D11RHI:    1. 'Intel(R) HD Graphics 4600' (Feature Level 11_0)
[2017.11.29-10.09.53:307][  0]LogD3D11RHI:       112/0/2048 MB DedicatedVideo/DedicatedSystem/SharedSystem, Outputs:0, VendorId:0x8086
[2017.11.29-10.09.53:308][  0]LogD3D11RHI:    2. 'Microsoft Basic Render Driver' (Feature Level 11_0)
[2017.11.29-10.09.53:308][  0]LogD3D11RHI:       0/0/8150 MB DedicatedVideo/DedicatedSystem/SharedSystem, Outputs:0, VendorId:0x1414
[2017.11.29-10.09.53:308][  0]LogD3D11RHI: Chosen D3D11 Adapter: 0
[2017.11.29-10.09.53:314][  0]LogD3D11RHI: Creating new Direct3DDevice
[2017.11.29-10.09.53:314][  0]LogD3D11RHI:     GPU DeviceId: 0x1382 (for the marketing name, search the web for "GPU Device Id")
[2017.11.29-10.09.53:314][  0]LogWindows: EnumDisplayDevices:
[2017.11.29-10.09.53:314][  0]LogWindows:    0. 'NVIDIA GeForce GTX 745' (P:1 D:1)
[2017.11.29-10.09.53:314][  0]LogWindows:    1. 'NVIDIA GeForce GTX 745' (P:0 D:1)
[2017.11.29-10.09.53:315][  0]LogWindows:    2. 'NVIDIA GeForce GTX 745' (P:0 D:0)
[2017.11.29-10.09.53:315][  0]LogWindows:    3. 'Intel(R) HD Graphics 4600' (P:0 D:0)
[2017.11.29-10.09.53:315][  0]LogWindows:    4. 'Intel(R) HD Graphics 4600' (P:0 D:0)
[2017.11.29-10.09.53:315][  0]LogWindows:    5. 'Intel(R) HD Graphics 4600' (P:0 D:0)
[2017.11.29-10.09.53:316][  0]LogWindows: DebugString: PrimaryIsNotTheChoosenAdapter PrimaryIsNotTheChoosenAdapter PrimaryIsNotTheChoosenAdapter FoundDriverCount:3 
[2017.11.29-10.09.53:316][  0]LogD3D11RHI:     Adapter Name: NVIDIA GeForce GTX 745
[2017.11.29-10.09.53:316][  0]LogD3D11RHI:   Driver Version: 388.13 (internal:23.21.13.8813, unified:388.13)
[2017.11.29-10.09.53:316][  0]LogD3D11RHI:      Driver Date: 10-27-2017
[2017.11.29-10.09.53:316][  0]LogRHI: Texture pool is 1361 MB (70% of 1945 MB)
[2017.11.29-10.09.53:348][  0]LogD3D11RHI: Async texture creation enabled
[2017.11.29-10.09.53:359][  0]LogD3D11RHI: GPU Timing Frequency: 1000.000000 (Debug: 2 1)
[2017.11.29-10.09.53:415][  0]LogShaderCompilers: Guid format shader working directory is -23 characters bigger than the processId version (../../../../../../Users/2siewj44/Desktop/Puzzle-Island-VGD/Puzzle_Island/Intermediate/Shaders/WorkingDirectory/9608/).
[2017.11.29-10.09.53:415][  0]LogShaderCompilers: Cleaned the shader compiler working directory 'C:/Users/2siewj44/AppData/Local/Temp/UnrealShaderWorkingDir/5752F4EC452CCAE75FCAF890AE6691E5/'.
[2017.11.29-10.09.53:415][  0]LogShaderCompilers: Display: Using Local Shader Compiler.
[2017.11.29-10.09.54:632][  0]LogTemp: Display: Loaded TP AllDesktopTargetPlatform
[2017.11.29-10.09.54:762][  0]LogTemp: Display: Loaded TP MacClientTargetPlatform
[2017.11.29-10.09.54:898][  0]LogTemp: Display: Loaded TP MacNoEditorTargetPlatform
[2017.11.29-10.09.55:029][  0]LogTemp: Display: Loaded TP MacServerTargetPlatform
[2017.11.29-10.09.55:162][  0]LogTemp: Display: Loaded TP MacTargetPlatform
[2017.11.29-10.09.55:292][  0]LogTemp: Display: Loaded TP WindowsClientTargetPlatform
[2017.11.29-10.09.55:425][  0]LogTemp: Display: Loaded TP WindowsNoEditorTargetPlatform
[2017.11.29-10.09.55:559][  0]LogTemp: Display: Loaded TP WindowsServerTargetPlatform
[2017.11.29-10.09.55:685][  0]LogTemp: Display: Loaded TP WindowsTargetPlatform
[2017.11.29-10.09.55:818][  0]LogTemp: Display: Loaded TP AndroidTargetPlatform
[2017.11.29-10.09.55:948][  0]LogTemp: Display: Loaded TP Android_ASTCTargetPlatform
[2017.11.29-10.09.56:076][  0]LogTemp: Display: Loaded TP Android_ATCTargetPlatform
[2017.11.29-10.09.56:207][  0]LogTemp: Display: Loaded TP Android_DXTTargetPlatform
[2017.11.29-10.09.56:338][  0]LogTemp: Display: Loaded TP Android_ETC1TargetPlatform
[2017.11.29-10.09.56:465][  0]LogTemp: Display: Loaded TP Android_ETC2TargetPlatform
[2017.11.29-10.09.56:726][  0]LogTemp: Display: Loaded TP Android_MultiTargetPlatform
[2017.11.29-10.09.56:726][  0]LogTemp: Display: Loaded TP Android_PVRTCTargetPlatform
[2017.11.29-10.09.56:848][  0]LogTemp: Display: Loaded TP HTML5TargetPlatform
[2017.11.29-10.09.57:070][  0]LogTemp: Display: Loaded TP IOSTargetPlatform
[2017.11.29-10.09.57:156][  0]LogTemp: Display: Loaded TP TVOSTargetPlatform
[2017.11.29-10.09.57:287][  0]LogTemp: Display: Loaded TP LinuxClientTargetPlatform
[2017.11.29-10.09.57:419][  0]LogTemp: Display: Loaded TP LinuxNoEditorTargetPlatform
[2017.11.29-10.09.57:549][  0]LogTemp: Display: Loaded TP LinuxServerTargetPlatform
[2017.11.29-10.09.57:681][  0]LogTemp: Display: Loaded TP LinuxTargetPlatform
[2017.11.29-10.09.57:681][  0]LogTargetPlatformManager: Display: Building Assets For Windows
[2017.11.29-10.09.59:211][  0]LogDerivedDataCache: Display: Max Cache Size: 512 MB
[2017.11.29-10.09.59:305][  0]LogDerivedDataCache: Loaded boot cache 0.09s 93MB C:/Users/2siewj44/AppData/Local/UnrealEngine/4.17/DerivedDataCache/Boot.ddc.
[2017.11.29-10.09.59:305][  0]LogDerivedDataCache: Display: Loaded Boot cache: C:/Users/2siewj44/AppData/Local/UnrealEngine/4.17/DerivedDataCache/Boot.ddc
[2017.11.29-10.09.59:306][  0]LogDerivedDataCache: FDerivedDataBackendGraph:  Pak pak cache file ../../../../../../Users/2siewj44/Desktop/Puzzle-Island-VGD/Puzzle_Island/DerivedDataCache/DDC.ddp not found, will not use a pak cache.
[2017.11.29-10.09.59:306][  0]LogDerivedDataCache: Unable to find inner node Pak for hierarchical cache Hierarchy.
[2017.11.29-10.09.59:306][  0]LogDerivedDataCache: FDerivedDataBackendGraph:  CompressedPak pak cache file ../../../../../../Users/2siewj44/Desktop/Puzzle-Island-VGD/Puzzle_Island/DerivedDataCache/Compressed.ddp not found, will not use a pak cache.
[2017.11.29-10.09.59:306][  0]LogDerivedDataCache: Unable to find inner node CompressedPak for hierarchical cache Hierarchy.
[2017.11.29-10.09.59:323][  0]LogDerivedDataCache: Display: Pak cache opened for reading ../../../Engine/DerivedDataCache/Compressed.ddp.
[2017.11.29-10.09.59:335][  0]LogDerivedDataCache: Using Local data cache path C:/Users/2siewj44/AppData/Local/UnrealEngine/Common/DerivedDataCache: Writable
[2017.11.29-10.09.59:345][  0]LogMaterial: Verifying Global Shaders for PCD3D_SM5
[2017.11.29-10.09.59:346][  0]LogSlate: Using Freetype 2.6.0
[2017.11.29-10.09.59:346][  0]LogSlate: SlateFontCache - WITH_FREETYPE: 1, WITH_HARFBUZZ: 1
[2017.11.29-10.09.59:346][  0]LogSlate: SlateFontCache - WITH_FREETYPE: 1, WITH_HARFBUZZ: 1
[2017.11.29-10.09.59:630][  0]LogAssetRegistry: FAssetRegistry took 0.0260 seconds to start up
[2017.11.29-10.09.59:837][  0]LogInit: Selected Device Profile: [Windows]
[2017.11.29-10.09.59:993][  0]LogContentStreaming: Texture pool size is 0.00 MB
[2017.11.29-10.10.00:747][  0]LogSimplygon: Simplygon DLL not present - disabling.
[2017.11.29-10.10.00:872][  0]LogMeshReduction: Using SimplygonSwarm for distributed automatic mesh merging
[2017.11.29-10.10.00:872][  0]LogMeshReduction: Using QuadricMeshReduction for automatic static mesh reduction
[2017.11.29-10.10.00:872][  0]LogMeshReduction: No automatic skeletal mesh reduction module available
[2017.11.29-10.10.00:872][  0]LogMeshReduction: No automatic mesh merging module available
[2017.11.29-10.10.00:872][  0]LogMeshMerging: No automatic mesh merging module available
[2017.11.29-10.10.01:331][  0]LogNetVersion: Puzzle_Island , NetCL: 3573198, EngineNetVer: 2, GameNetVer: 0 (Checksum: 3939646741)
[2017.11.29-10.10.01:706][  0]LogPackageLocalizationCache: Processed 5 localized package path(s) for 2 prioritized culture(s) in 0.068930 seconds
[2017.11.29-10.10.01:712][  0]LogUObjectArray: 35825 objects as part of root set at end of initial load.
[2017.11.29-10.10.01:712][  0]LogUObjectAllocator: 7529104 out of 0 bytes used by permanent object pool.
[2017.11.29-10.10.01:712][  0]LogUObjectArray: CloseDisregardForGC: 0/0 objects in disregard for GC pool
[2017.11.29-10.10.01:966][  0]LogInit: WinSock: version 1.1 (2.2), MaxSocks=32767, MaxUdp=65467
[2017.11.29-10.10.07:279][  0]LogTcpMessaging: Initializing TcpMessaging bridge
[2017.11.29-10.10.07:375][  0]LogUdpMessaging: Initializing bridge on interface 0.0.0.0:0 to multicast group 230.0.0.1:6666.
[2017.11.29-10.10.09:327][  0]LogMaterial: Uniform references updated for custom material expression Custom.
[2017.11.29-10.10.10:327][  0]SourceControl: Source control is disabled
[2017.11.29-10.10.10:327][  0]SourceControl: Source control is disabled
[2017.11.29-10.10.10:462][  0]SourceControl: Source control is disabled
[2017.11.29-10.10.10:594][  0]SourceControl: Source control is disabled
[2017.11.29-10.10.12:258][  0]LogAndroidPermission: UAndroidPermissionCallbackProxy::GetInstance
[2017.11.29-10.10.12:922][  0]LogOcInput: OculusInput pre-init called
[2017.11.29-10.10.13:568][  0]LogEngine: Initializing Engine...
[2017.11.29-10.10.13:570][  0]LogHMD: Failed to initialize OpenVR with code 110
[2017.11.29-10.10.13:790][  0]LogStats: UGameplayTagsManager::ConstructGameplayTagTree: Construct from data asset -  0.000 s
[2017.11.29-10.10.13:791][  0]LogStats: UGameplayTagsManager::ConstructGameplayTagTree: GameplayTagTreeChangedEvent.Broadcast -  0.000 s
[2017.11.29-10.10.14:165][  0]LogAIModule: Creating AISystem for world Untitled
[2017.11.29-10.10.14:174][  0]LogInit: XAudio2 using 'DELL U2414H-4 (NVIDIA High Definition Audio)' : 2 channels at 48 kHz using 16 bits per sample (channel mask 0x3)
[2017.11.29-10.10.14:187][  0]LogInit: FAudioDevice initialized.
[2017.11.29-10.10.14:341][  0]LogDerivedDataCache: Saved boot cache 0.15s 93MB C:/Users/2siewj44/AppData/Local/UnrealEngine/4.17/DerivedDataCache/Boot.ddc.
[2017.11.29-10.10.14:360][  0]LogInit: Texture streaming: Enabled
[2017.11.29-10.10.14:788][  0]LogEngineSessionManager: EngineSessionManager initialized
[2017.11.29-10.10.15:409][  0]LogInit: Transaction tracking system initialized
[2017.11.29-10.10.16:345][  0]BlueprintLog: New page: Editor Load
[2017.11.29-10.10.19:138][  0]LocalizationService: Localization service is disabled
[2017.11.29-10.10.21:127][  0]LogConsoleResponse: Display: 
[2017.11.29-10.10.21:364][  0]LogAutoReimportManager: Warning: Unable to watch directory ../../../../../../Users/2siewj44/Desktop/Puzzle-Island-VGD/Puzzle_Island/Content/ as it will conflict with another watching ../../../../../../Users/2siewj44/Desktop/Puzzle-Island-VGD/Puzzle_Island/Content/.
[2017.11.29-10.10.21:364][  0]LogAutoReimportManager: Warning: Unable to watch directory ../../../../../../Users/2siewj44/Desktop/Puzzle-Island-VGD/Puzzle_Island/Content/ as it will conflict with another watching ../../../../../../Users/2siewj44/Desktop/Puzzle-Island-VGD/Puzzle_Island/Content/.
[2017.11.29-10.10.21:364][  0]LogAutoReimportManager: Warning: Unable to watch directory ../../../../../../Users/2siewj44/Desktop/Puzzle-Island-VGD/Puzzle_Island/Content/ as it will conflict with another watching ../../../../../../Users/2siewj44/Desktop/Puzzle-Island-VGD/Puzzle_Island/Content/.
[2017.11.29-10.10.21:376][  0]LogCook: Display: Max memory allowance for cook 16384mb min free memory 0mb
[2017.11.29-10.10.21:376][  0]LogCook: Display: Mobile HDR setting 1
[2017.11.29-10.10.21:376][  0]LogGameplayTags: Display: UGameplayTagsManager::DoneAddingNativeTags. DelegateIsBound: 0
[2017.11.29-10.10.21:810][  0]LogFileCache: Scanning file cache for directory 'C:/Users/2siewj44/Desktop/Puzzle-Island-VGD/Puzzle_Island/Content/' took 0.02s
[2017.11.29-10.10.24:432][  0]SourceControl: Source control is disabled
[2017.11.29-10.10.24:432][  0]Cmd: MAP LOAD FILE="../../../../../../Users/2siewj44/Desktop/Puzzle-Island-VGD/Puzzle_Island/Content/Maps/Puzzle_Island.umap" TEMPLATE=0 SHOWPROGRESS=1 FEATURELEVEL=3
[2017.11.29-10.10.24:432][  0]LightingResults: New page: Lighting Build
[2017.11.29-10.10.24:560][  0]MapCheck: New page: Map Check
[2017.11.29-10.10.24:560][  0]LightingResults: New page: Lighting Build
[2017.11.29-10.10.24:913][  0]LogAIModule: Creating AISystem for world Puzzle_Island
[2017.11.29-10.10.24:956][  0]LogEditorServer: Finished looking for orphan Actors (0.000 secs)
[2017.11.29-10.10.24:996][  0]Cmd: MAP CHECKDEP NOCLEARLOG
[2017.11.29-10.10.25:067][  0]MapCheck: Map check complete: 0 Error(s), 0 Warning(s), took 71.69ms to complete.
[2017.11.29-10.10.25:067][  0]LogFileHelpers: Loading map 'Puzzle_Island' took 0.635
[2017.11.29-10.10.25:321][  0]LogCollectionManager: Loaded 0 collections in 0.002090 seconds
[2017.11.29-10.10.25:479][  0]LogFileCache: Scanning file cache for directory 'C:/Users/2siewj44/Desktop/Puzzle-Island-VGD/Puzzle_Island/Saved/Collections/' took 0.01s
[2017.11.29-10.10.25:480][  0]LogFileCache: Scanning file cache for directory 'C:/Users/2siewj44/Desktop/Puzzle-Island-VGD/Puzzle_Island/Content/Developers/2siewj44/Collections/' took 0.01s
[2017.11.29-10.10.25:480][  0]LogFileCache: Scanning file cache for directory 'C:/Users/2siewj44/Desktop/Puzzle-Island-VGD/Puzzle_Island/Content/Collections/' took 0.01s
[2017.11.29-10.10.25:480][  0]LogCollectionManager: Rebuilt the GUID cache for 0 collections in 0.000000 seconds
[2017.11.29-10.10.25:491][  0]LogContentBrowser: Native class hierarchy populated in 0.0109 seconds. Added 2388 classes and 502 folders.
[2017.11.29-10.10.25:690][  0]LogContentBrowser: Native class hierarchy updated for 'WidgetCarousel' in 0.0021 seconds. Added 0 classes and 0 folders.
[2017.11.29-10.10.25:747][  0]LogContentBrowser: Native class hierarchy updated for 'AddContentDialog' in 0.0022 seconds. Added 0 classes and 0 folders.
[2017.11.29-10.10.25:876][  0]LogContentBrowser: Native class hierarchy updated for 'SceneOutliner' in 0.0025 seconds. Added 1 classes and 2 folders.
[2017.11.29-10.10.25:898][  0]LogSlate: Took 0.000203 seconds to synchronously load lazily loaded font '../../../Engine/Content/Slate/Fonts/Roboto-Regular.ttf' (155K)
[2017.11.29-10.10.25:900][  0]LogSlate: Took 0.000182 seconds to synchronously load lazily loaded font '../../../Engine/Content/Slate/Fonts/Roboto-Bold.ttf' (160K)
[2017.11.29-10.10.25:906][  0]LogSlate: Took 0.000193 seconds to synchronously load lazily loaded font '../../../Engine/Content/Editor/Slate/Fonts/FontAwesome.ttf' (139K)
[2017.11.29-10.10.26:010][  0]LogRenderer: Reallocating scene render targets to support 1208x576 Format 10 NumSamples 1 (Frame:1).
[2017.11.29-10.10.26:369][  0]LogContentBrowser: Native class hierarchy updated for 'HierarchicalLODOutliner' in 0.0022 seconds. Added 1 classes and 2 folders.
[2017.11.29-10.10.26:370][  0]LogLoad: (Engine Initialization) Total time: 38.04 seconds
[2017.11.29-10.10.26:370][  0]LogLoad: (Engine Initialization) Total Blueprint compile time: 0.00 seconds
[2017.11.29-10.10.26:370][  0]LogExternalProfiler: Found external profiler: VSPerf
[2017.11.29-10.10.26:370][  0]LogExternalProfiler: Using external profiler: VSPerf
[2017.11.29-10.10.26:380][  0]LogWindowsTextInputMethodSystem: Display: IME system now deactivated.
[2017.11.29-10.10.26:411][  0]LogContentStreaming: Texture pool size now 1000 MB
[2017.11.29-10.10.26:461][  0]LogSlate: Took 0.000147 seconds to synchronously load lazily loaded font '../../../Engine/Content/Slate/Fonts/Roboto-Light.ttf' (159K)
[2017.11.29-10.10.26:472][  1]LogFileCache: Retrieving MD5 hashes for directory 'C:/Users/2siewj44/Desktop/Puzzle-Island-VGD/Puzzle_Island/Content/' took 0.08s
[2017.11.29-10.10.26:481][  1]LogAssetRegistry: Asset discovery search completed in 26.8723 seconds
[2017.11.29-10.10.26:483][  1]LogCollectionManager: Rebuilt the object cache for 0 collections in 0.000001 seconds (found 0 objects)
[2017.11.29-10.10.26:483][  1]LogCollectionManager: Fixed up redirectors for 0 collections in 0.000050 seconds (updated 0 objects)
[2017.11.29-10.10.27:461][ 61]LogSlate: Took 0.000226 seconds to synchronously load lazily loaded font '../../../Engine/Content/Slate/Fonts/Roboto-Light.ttf' (159K)
[2017.11.29-10.11.05:029][652]LogTemp: Repeating last play command: Selected Viewport
[2017.11.29-10.11.05:095][652]LogBlueprintUserMessages: Early PlayInEditor Detection: Level '/Game/Maps/Puzzle_Island.Puzzle_Island:PersistentLevel' has LevelScriptBlueprint '/Game/Maps/Puzzle_Island.Puzzle_Island:PersistentLevel.Puzzle_Island' with GeneratedClass '/Game/Maps/Puzzle_Island.Puzzle_Island_C' with ClassGeneratedBy '/Game/Maps/Puzzle_Island.Puzzle_Island:PersistentLevel.Puzzle_Island'
[2017.11.29-10.11.05:095][652]LogPlayLevel: PlayLevel: No blueprints needed recompiling
[2017.11.29-10.11.05:095][652]PIE: New page: PIE session: Puzzle_Island (29 Nov 2017 10:11:05)
[2017.11.29-10.11.05:096][652]LogPlayLevel: Creating play world package: /Game/Maps/UEDPIE_0_Puzzle_Island
[2017.11.29-10.11.05:111][652]LogPlayLevel: PIE: StaticDuplicateObject took: (0.015209s)
[2017.11.29-10.11.05:112][652]LogAIModule: Creating AISystem for world Puzzle_Island
[2017.11.29-10.11.05:112][652]LogPlayLevel: PIE: World Init took: (0.000738s)
[2017.11.29-10.11.05:112][652]LogPlayLevel: PIE: Created PIE world by copying editor world from /Game/Maps/Puzzle_Island.Puzzle_Island to /Game/Maps/UEDPIE_0_Puzzle_Island.Puzzle_Island (0.016275s)
[2017.11.29-10.11.05:128][652]LogInit: XAudio2 using 'DELL U2414H-4 (NVIDIA High Definition Audio)' : 2 channels at 48 kHz using 16 bits per sample (channel mask 0x3)
[2017.11.29-10.11.05:135][652]LogInit: FAudioDevice initialized.
[2017.11.29-10.11.05:203][652]LogLoad: Game class is '3D_Exploration_GameMode_C'
[2017.11.29-10.11.05:208][652]LogWorld: Bringing World /Game/Maps/UEDPIE_0_Puzzle_Island.Puzzle_Island up for play (max tick rate 0) at 2017.11.29-10.11.05
[2017.11.29-10.11.05:209][652]LogWorld: Bringing up level for play took: 0.004318
[2017.11.29-10.11.05:341][652]LogContentBrowser: Native class hierarchy updated for 'MovieSceneCapture' in 0.0021 seconds. Added 11 classes and 0 folders.
[2017.11.29-10.11.05:345][652]PIE: Play in editor start time for /Game/Maps/UEDPIE_0_Puzzle_Island -0.461
[2017.11.29-10.11.05:345][652]LogBlueprintUserMessages: Late PlayInEditor Detection: Level '/Game/Maps/Puzzle_Island.Puzzle_Island:PersistentLevel' has LevelScriptBlueprint '/Game/Maps/Puzzle_Island.Puzzle_Island:PersistentLevel.Puzzle_Island' with GeneratedClass '/Game/Maps/Puzzle_Island.Puzzle_Island_C' with ClassGeneratedBy '/Game/Maps/Puzzle_Island.Puzzle_Island:PersistentLevel.Puzzle_Island'
[2017.11.29-10.11.06:593][734]LogBlueprintUserMessages: Early EndPlayMap Detection: Level '/Game/Maps/Puzzle_Island.Puzzle_Island:PersistentLevel' has LevelScriptBlueprint '/Game/Maps/Puzzle_Island.Puzzle_Island:PersistentLevel.Puzzle_Island' with GeneratedClass '/Game/Maps/Puzzle_Island.Puzzle_Island_C' with ClassGeneratedBy '/Game/Maps/Puzzle_Island.Puzzle_Island:PersistentLevel.Puzzle_Island'
[2017.11.29-10.11.06:635][734]LogBlueprintUserMessages: Late EndPlayMap Detection: Level '/Game/Maps/Puzzle_Island.Puzzle_Island:PersistentLevel' has LevelScriptBlueprint '/Game/Maps/Puzzle_Island.Puzzle_Island:PersistentLevel.Puzzle_Island' with GeneratedClass '/Game/Maps/Puzzle_Island.Puzzle_Island_C' with ClassGeneratedBy '/Game/Maps/Puzzle_Island.Puzzle_Island:PersistentLevel.Puzzle_Island'
[2017.11.29-10.11.09:342][925]LogTemp: Repeating last play command: Selected Viewport
[2017.11.29-10.11.09:379][925]LogBlueprintUserMessages: Early PlayInEditor Detection: Level '/Game/Maps/Puzzle_Island.Puzzle_Island:PersistentLevel' has LevelScriptBlueprint '/Game/Maps/Puzzle_Island.Puzzle_Island:PersistentLevel.Puzzle_Island' with GeneratedClass '/Game/Maps/Puzzle_Island.Puzzle_Island_C' with ClassGeneratedBy '/Game/Maps/Puzzle_Island.Puzzle_Island:PersistentLevel.Puzzle_Island'
[2017.11.29-10.11.09:379][925]LogPlayLevel: PlayLevel: No blueprints needed recompiling
[2017.11.29-10.11.09:379][925]PIE: New page: PIE session: Puzzle_Island (29 Nov 2017 10:11:09)
[2017.11.29-10.11.09:380][925]LogPlayLevel: Creating play world package: /Game/Maps/UEDPIE_0_Puzzle_Island
[2017.11.29-10.11.09:395][925]LogPlayLevel: PIE: StaticDuplicateObject took: (0.015223s)
[2017.11.29-10.11.09:396][925]LogAIModule: Creating AISystem for world Puzzle_Island
[2017.11.29-10.11.09:396][925]LogPlayLevel: PIE: World Init took: (0.000693s)
[2017.11.29-10.11.09:396][925]LogPlayLevel: PIE: Created PIE world by copying editor world from /Game/Maps/Puzzle_Island.Puzzle_Island to /Game/Maps/UEDPIE_0_Puzzle_Island.Puzzle_Island (0.016173s)
[2017.11.29-10.11.09:412][925]LogInit: XAudio2 using 'DELL U2414H-4 (NVIDIA High Definition Audio)' : 2 channels at 48 kHz using 16 bits per sample (channel mask 0x3)
[2017.11.29-10.11.09:419][925]LogInit: FAudioDevice initialized.
[2017.11.29-10.11.09:449][925]LogLoad: Game class is '3D_Exploration_GameMode_C'
[2017.11.29-10.11.09:452][925]LogWorld: Bringing World /Game/Maps/UEDPIE_0_Puzzle_Island.Puzzle_Island up for play (max tick rate 0) at 2017.11.29-10.11.09
[2017.11.29-10.11.09:453][925]LogWorld: Bringing up level for play took: 0.003596
[2017.11.29-10.11.09:455][925]PIE: Play in editor start time for /Game/Maps/UEDPIE_0_Puzzle_Island -0.351
[2017.11.29-10.11.09:456][925]LogBlueprintUserMessages: Late PlayInEditor Detection: Level '/Game/Maps/Puzzle_Island.Puzzle_Island:PersistentLevel' has LevelScriptBlueprint '/Game/Maps/Puzzle_Island.Puzzle_Island:PersistentLevel.Puzzle_Island' with GeneratedClass '/Game/Maps/Puzzle_Island.Puzzle_Island_C' with ClassGeneratedBy '/Game/Maps/Puzzle_Island.Puzzle_Island:PersistentLevel.Puzzle_Island'
[2017.11.29-10.11.10:262][977]LogBlueprintUserMessages: Early EndPlayMap Detection: Level '/Game/Maps/Puzzle_Island.Puzzle_Island:PersistentLevel' has LevelScriptBlueprint '/Game/Maps/Puzzle_Island.Puzzle_Island:PersistentLevel.Puzzle_Island' with GeneratedClass '/Game/Maps/Puzzle_Island.Puzzle_Island_C' with ClassGeneratedBy '/Game/Maps/Puzzle_Island.Puzzle_Island:PersistentLevel.Puzzle_Island'
[2017.11.29-10.11.10:309][977]LogBlueprintUserMessages: Late EndPlayMap Detection: Level '/Game/Maps/Puzzle_Island.Puzzle_Island:PersistentLevel' has LevelScriptBlueprint '/Game/Maps/Puzzle_Island.Puzzle_Island:PersistentLevel.Puzzle_Island' with GeneratedClass '/Game/Maps/Puzzle_Island.Puzzle_Island_C' with ClassGeneratedBy '/Game/Maps/Puzzle_Island.Puzzle_Island:PersistentLevel.Puzzle_Island'
[2017.11.29-10.11.23:219][829]LogEditorViewport: Clicking on Actor (LMB): PlayerStart (Player Start)
[2017.11.29-10.11.26:927][ 28]LogSlate: Took 0.000172 seconds to synchronously load lazily loaded font '../../../Engine/Content/Slate/Fonts/Roboto-Light.ttf' (159K)
[2017.11.29-10.11.27:608][ 28]LogContentBrowser: Native class hierarchy updated for 'BlueprintGraph' in 0.0025 seconds. Added 113 classes and 0 folders.
[2017.11.29-10.11.28:281][ 28]LogSlate: Took 0.000176 seconds to synchronously load lazily loaded font '../../../Engine/Content/Editor/Slate/Fonts/Roboto-BoldCondensed.ttf' (158K)
[2017.11.29-10.11.42:229][849]BlueprintLog: New page: Compile Puzzle_Island_Instance_BP
[2017.11.29-10.11.43:212][873]LogSavePackage: Save=38.49ms
[2017.11.29-10.11.43:212][873]LogSavePackage: Moving '../../../../../../Users/2siewj44/Desktop/Puzzle-Island-VGD/Puzzle_Island/Saved/Puzzle_Island_Instance_BPFAAF6D0B4BB8DC6596D633A0452E289E.tmp' to '../../../../../../Users/2siewj44/Desktop/Puzzle-Island-VGD/Puzzle_Island/Content/Blueprints/Puzzle_Island_Instance_BP.uasset'
[2017.11.29-10.11.43:214][873]LogFileManager: Warning: DeleteFile was unable to delete '../../../../../../Users/2siewj44/Desktop/Puzzle-Island-VGD/Puzzle_Island/Content/Blueprints/Puzzle_Island_Instance_BP.uasset', retrying in .5s...
[2017.11.29-10.11.43:714][873]LogFileManager: Error: Error deleting file '../../../../../../Users/2siewj44/Desktop/Puzzle-Island-VGD/Puzzle_Island/Content/Blueprints/Puzzle_Island_Instance_BP.uasset'.
[2017.11.29-10.11.43:715][873]LogSavePackage: Error: Error saving '../../../../../../Users/2siewj44/Desktop/Puzzle-Island-VGD/Puzzle_Island/Content/Blueprints/Puzzle_Island_Instance_BP.uasset'
[2017.11.29-10.11.43:719][873]LogSavePackage: Display: Finished SavePackage ../../../../../../Users/2siewj44/Desktop/Puzzle-Island-VGD/Puzzle_Island/Content/Blueprints/Puzzle_Island_Instance_BP.uasset
[2017.11.29-10.11.49:554][873]LogSavePackage: Save=3.74ms
[2017.11.29-10.11.49:554][873]LogSavePackage: Moving '../../../../../../Users/2siewj44/Desktop/Puzzle-Island-VGD/Puzzle_Island/Saved/Puzzle_Island_Instance_BP01487E994A0F7A17E7400D830905A98D.tmp' to '../../../../../../Users/2siewj44/Desktop/Puzzle-Island-VGD/Puzzle_Island/Content/Blueprints/Puzzle_Island_Instance_BP.uasset'
[2017.11.29-10.11.49:554][873]LogFileManager: Warning: DeleteFile was unable to delete '../../../../../../Users/2siewj44/Desktop/Puzzle-Island-VGD/Puzzle_Island/Content/Blueprints/Puzzle_Island_Instance_BP.uasset', retrying in .5s...
[2017.11.29-10.11.50:055][873]LogFileManager: Error: Error deleting file '../../../../../../Users/2siewj44/Desktop/Puzzle-Island-VGD/Puzzle_Island/Content/Blueprints/Puzzle_Island_Instance_BP.uasset'.
[2017.11.29-10.11.50:055][873]LogSavePackage: Error: Error saving '../../../../../../Users/2siewj44/Desktop/Puzzle-Island-VGD/Puzzle_Island/Content/Blueprints/Puzzle_Island_Instance_BP.uasset'
[2017.11.29-10.11.50:059][873]LogSavePackage: Display: Finished SavePackage ../../../../../../Users/2siewj44/Desktop/Puzzle-Island-VGD/Puzzle_Island/Content/Blueprints/Puzzle_Island_Instance_BP.uasset
[2017.11.29-10.11.55:260][873]LogSavePackage: Save=3.67ms
[2017.11.29-10.11.55:260][873]LogSavePackage: Moving '../../../../../../Users/2siewj44/Desktop/Puzzle-Island-VGD/Puzzle_Island/Saved/Puzzle_Island_Instance_BP0A61EDBD45F785E72868AA8E82E738A0.tmp' to '../../../../../../Users/2siewj44/Desktop/Puzzle-Island-VGD/Puzzle_Island/Content/Blueprints/Puzzle_Island_Instance_BP.uasset'
[2017.11.29-10.11.55:261][873]LogFileManager: Warning: DeleteFile was unable to delete '../../../../../../Users/2siewj44/Desktop/Puzzle-Island-VGD/Puzzle_Island/Content/Blueprints/Puzzle_Island_Instance_BP.uasset', retrying in .5s...
[2017.11.29-10.11.55:761][873]LogFileManager: Error: Error deleting file '../../../../../../Users/2siewj44/Desktop/Puzzle-Island-VGD/Puzzle_Island/Content/Blueprints/Puzzle_Island_Instance_BP.uasset'.
[2017.11.29-10.11.55:761][873]LogSavePackage: Error: Error saving '../../../../../../Users/2siewj44/Desktop/Puzzle-Island-VGD/Puzzle_Island/Content/Blueprints/Puzzle_Island_Instance_BP.uasset'
[2017.11.29-10.11.55:763][873]LogSavePackage: Display: Finished SavePackage ../../../../../../Users/2siewj44/Desktop/Puzzle-Island-VGD/Puzzle_Island/Content/Blueprints/Puzzle_Island_Instance_BP.uasset
[2017.11.29-10.11.58:762][873]EditorErrors: New page: Save Output
[2017.11.29-10.11.58:762][873]EditorErrors: Warning: Error saving '../../../../../../Users/2siewj44/Desktop/Puzzle-Island-VGD/Puzzle_Island/Content/Blueprints/Puzzle_Island_Instance_BP.uasset'
[2017.11.29-10.11.58:762][873]EditorErrors: Warning: Error saving '../../../../../../Users/2siewj44/Desktop/Puzzle-Island-VGD/Puzzle_Island/Content/Blueprints/Puzzle_Island_Instance_BP.uasset'
[2017.11.29-10.11.58:762][873]EditorErrors: Warning: Error saving '../../../../../../Users/2siewj44/Desktop/Puzzle-Island-VGD/Puzzle_Island/Content/Blueprints/Puzzle_Island_Instance_BP.uasset'
[2017.11.29-10.12.15:820][550]LogSavePackage: Save=4.34ms
[2017.11.29-10.12.15:820][550]LogSavePackage: Moving '../../../../../../Users/2siewj44/Desktop/Puzzle-Island-VGD/Puzzle_Island/Saved/Puzzle_Island_Instance_BP9759955F4114BA4C822B23884F3BEFDC.tmp' to '../../../../../../Users/2siewj44/Desktop/Puzzle-Island-VGD/Puzzle_Island/Content/Blueprints/Puzzle_Island_Instance_BP.uasset'
[2017.11.29-10.12.15:820][550]LogFileManager: Warning: DeleteFile was unable to delete '../../../../../../Users/2siewj44/Desktop/Puzzle-Island-VGD/Puzzle_Island/Content/Blueprints/Puzzle_Island_Instance_BP.uasset', retrying in .5s...
[2017.11.29-10.12.16:321][550]LogFileManager: Error: Error deleting file '../../../../../../Users/2siewj44/Desktop/Puzzle-Island-VGD/Puzzle_Island/Content/Blueprints/Puzzle_Island_Instance_BP.uasset'.
[2017.11.29-10.12.16:321][550]LogSavePackage: Error: Error saving '../../../../../../Users/2siewj44/Desktop/Puzzle-Island-VGD/Puzzle_Island/Content/Blueprints/Puzzle_Island_Instance_BP.uasset'
[2017.11.29-10.12.16:327][550]LogSavePackage: Display: Finished SavePackage ../../../../../../Users/2siewj44/Desktop/Puzzle-Island-VGD/Puzzle_Island/Content/Blueprints/Puzzle_Island_Instance_BP.uasset
[2017.11.29-10.12.23:159][550]EditorErrors: New page: Save Output
[2017.11.29-10.12.23:159][550]EditorErrors: Warning: Error saving '../../../../../../Users/2siewj44/Desktop/Puzzle-Island-VGD/Puzzle_Island/Content/Blueprints/Puzzle_Island_Instance_BP.uasset'
[2017.11.29-10.12.31:794][928]LogSavePackage: Save=323.47ms
[2017.11.29-10.12.31:794][928]LogSavePackage: Moving '../../../../../../Users/2siewj44/Desktop/Puzzle-Island-VGD/Puzzle_Island/Saved/Puzzle_IslandF8CF52EC477E7EDF48BDECB06D56A721.tmp' to '../../../../../../Users/2siewj44/Desktop/Puzzle-Island-VGD/Puzzle_Island/Content/Maps/Puzzle_Island.umap'
[2017.11.29-10.12.31:801][928]LogSavePackage: Display: Finished SavePackage ../../../../../../Users/2siewj44/Desktop/Puzzle-Island-VGD/Puzzle_Island/Content/Maps/Puzzle_Island.umap
[2017.11.29-10.12.31:867][928]LogFileHelpers: Saving map 'Puzzle_Island' took 0.515
[2017.11.29-10.12.50:508][ 34]LogTemp: Repeating last play command: Selected Viewport
[2017.11.29-10.12.50:553][ 34]LogBlueprintUserMessages: Early PlayInEditor Detection: Level '/Game/Maps/Puzzle_Island.Puzzle_Island:PersistentLevel' has LevelScriptBlueprint '/Game/Maps/Puzzle_Island.Puzzle_Island:PersistentLevel.Puzzle_Island' with GeneratedClass '/Game/Maps/Puzzle_Island.Puzzle_Island_C' with ClassGeneratedBy '/Game/Maps/Puzzle_Island.Puzzle_Island:PersistentLevel.Puzzle_Island'
[2017.11.29-10.12.50:553][ 34]LogPlayLevel: PlayLevel: No blueprints needed recompiling
[2017.11.29-10.12.50:553][ 34]PIE: New page: PIE session: Puzzle_Island (29 Nov 2017 10:12:50)
[2017.11.29-10.12.50:555][ 34]LogPlayLevel: Creating play world package: /Game/Maps/UEDPIE_0_Puzzle_Island
[2017.11.29-10.12.50:571][ 34]LogPlayLevel: PIE: StaticDuplicateObject took: (0.015783s)
[2017.11.29-10.12.50:572][ 34]LogAIModule: Creating AISystem for world Puzzle_Island
[2017.11.29-10.12.50:572][ 34]LogPlayLevel: PIE: World Init took: (0.000861s)
[2017.11.29-10.12.50:572][ 34]LogPlayLevel: PIE: Created PIE world by copying editor world from /Game/Maps/Puzzle_Island.Puzzle_Island to /Game/Maps/UEDPIE_0_Puzzle_Island.Puzzle_Island (0.017021s)
[2017.11.29-10.12.50:597][ 34]LogInit: XAudio2 using 'DELL U2414H-4 (NVIDIA High Definition Audio)' : 2 channels at 48 kHz using 16 bits per sample (channel mask 0x3)
[2017.11.29-10.12.50:605][ 34]LogInit: FAudioDevice initialized.
[2017.11.29-10.12.50:638][ 34]LogLoad: Game class is '3D_Exploration_GameMode_C'
[2017.11.29-10.12.50:641][ 34]LogWorld: Bringing World /Game/Maps/UEDPIE_0_Puzzle_Island.Puzzle_Island up for play (max tick rate 0) at 2017.11.29-10.12.50
[2017.11.29-10.12.50:642][ 34]LogWorld: Bringing up level for play took: 0.003799
[2017.11.29-10.12.50:645][ 34]PIE: Play in editor start time for /Game/Maps/UEDPIE_0_Puzzle_Island 0.84
[2017.11.29-10.12.50:645][ 34]LogBlueprintUserMessages: Late PlayInEditor Detection: Level '/Game/Maps/Puzzle_Island.Puzzle_Island:PersistentLevel' has LevelScriptBlueprint '/Game/Maps/Puzzle_Island.Puzzle_Island:PersistentLevel.Puzzle_Island' with GeneratedClass '/Game/Maps/Puzzle_Island.Puzzle_Island_C' with ClassGeneratedBy '/Game/Maps/Puzzle_Island.Puzzle_Island:PersistentLevel.Puzzle_Island'
[2017.11.29-10.12.53:669][241]LogBlueprintUserMessages: Early EndPlayMap Detection: Level '/Game/Maps/Puzzle_Island.Puzzle_Island:PersistentLevel' has LevelScriptBlueprint '/Game/Maps/Puzzle_Island.Puzzle_Island:PersistentLevel.Puzzle_Island' with GeneratedClass '/Game/Maps/Puzzle_Island.Puzzle_Island_C' with ClassGeneratedBy '/Game/Maps/Puzzle_Island.Puzzle_Island:PersistentLevel.Puzzle_Island'
[2017.11.29-10.12.53:727][241]LogBlueprintUserMessages: Late EndPlayMap Detection: Level '/Game/Maps/Puzzle_Island.Puzzle_Island:PersistentLevel' has LevelScriptBlueprint '/Game/Maps/Puzzle_Island.Puzzle_Island:PersistentLevel.Puzzle_Island' with GeneratedClass '/Game/Maps/Puzzle_Island.Puzzle_Island_C' with ClassGeneratedBy '/Game/Maps/Puzzle_Island.Puzzle_Island:PersistentLevel.Puzzle_Island'
[2017.11.29-10.12.59:365][617]LogSavePackage: Save=3.84ms
[2017.11.29-10.12.59:365][617]LogSavePackage: Moving '../../../../../../Users/2siewj44/Desktop/Puzzle-Island-VGD/Puzzle_Island/Saved/Puzzle_Island_Instance_BPC9380CE345D8935DC2A7F9829A8420AA.tmp' to '../../../../../../Users/2siewj44/Desktop/Puzzle-Island-VGD/Puzzle_Island/Content/Blueprints/Puzzle_Island_Instance_BP.uasset'
[2017.11.29-10.12.59:365][617]LogFileManager: Warning: DeleteFile was unable to delete '../../../../../../Users/2siewj44/Desktop/Puzzle-Island-VGD/Puzzle_Island/Content/Blueprints/Puzzle_Island_Instance_BP.uasset', retrying in .5s...
[2017.11.29-10.12.59:866][617]LogFileManager: Error: Error deleting file '../../../../../../Users/2siewj44/Desktop/Puzzle-Island-VGD/Puzzle_Island/Content/Blueprints/Puzzle_Island_Instance_BP.uasset'.
[2017.11.29-10.12.59:866][617]LogSavePackage: Error: Error saving '../../../../../../Users/2siewj44/Desktop/Puzzle-Island-VGD/Puzzle_Island/Content/Blueprints/Puzzle_Island_Instance_BP.uasset'
[2017.11.29-10.12.59:868][617]LogSavePackage: Display: Finished SavePackage ../../../../../../Users/2siewj44/Desktop/Puzzle-Island-VGD/Puzzle_Island/Content/Blueprints/Puzzle_Island_Instance_BP.uasset
[2017.11.29-10.14.11:758][617]LogSavePackage: Save=3.85ms
[2017.11.29-10.14.11:759][617]LogSavePackage: Moving '../../../../../../Users/2siewj44/Desktop/Puzzle-Island-VGD/Puzzle_Island/Saved/Puzzle_Island_Instance_BP2437C0064FE81E3FCA79E894D7C06772.tmp' to '../../../../../../Users/2siewj44/Desktop/Puzzle-Island-VGD/Puzzle_Island/Content/Blueprints/Puzzle_Island_Instance_BP.uasset'
[2017.11.29-10.14.11:764][617]LogSavePackage: Display: Finished SavePackage ../../../../../../Users/2siewj44/Desktop/Puzzle-Island-VGD/Puzzle_Island/Content/Blueprints/Puzzle_Island_Instance_BP.uasset
[2017.11.29-10.14.11:770][617]EditorErrors: New page: Save Output
[2017.11.29-10.14.11:770][617]EditorErrors: Warning: Error saving '../../../../../../Users/2siewj44/Desktop/Puzzle-Island-VGD/Puzzle_Island/Content/Blueprints/Puzzle_Island_Instance_BP.uasset'
[2017.11.29-10.14.19:229][ 14]LogSavePackage: Save=322.89ms
[2017.11.29-10.14.19:229][ 14]LogSavePackage: Moving '../../../../../../Users/2siewj44/Desktop/Puzzle-Island-VGD/Puzzle_Island/Saved/Puzzle_Island86F765974B4F493D80BEE8A7E0F38DA2.tmp' to '../../../../../../Users/2siewj44/Desktop/Puzzle-Island-VGD/Puzzle_Island/Content/Maps/Puzzle_Island.umap'
[2017.11.29-10.14.19:232][ 14]LogSavePackage: Display: Finished SavePackage ../../../../../../Users/2siewj44/Desktop/Puzzle-Island-VGD/Puzzle_Island/Content/Maps/Puzzle_Island.umap
[2017.11.29-10.14.22:976][261]LogTemp: Repeating last play command: Selected Viewport
[2017.11.29-10.14.23:014][261]LogBlueprintUserMessages: Early PlayInEditor Detection: Level '/Game/Maps/Puzzle_Island.Puzzle_Island:PersistentLevel' has LevelScriptBlueprint '/Game/Maps/Puzzle_Island.Puzzle_Island:PersistentLevel.Puzzle_Island' with GeneratedClass '/Game/Maps/Puzzle_Island.Puzzle_Island_C' with ClassGeneratedBy '/Game/Maps/Puzzle_Island.Puzzle_Island:PersistentLevel.Puzzle_Island'
[2017.11.29-10.14.23:014][261]LogPlayLevel: PlayLevel: No blueprints needed recompiling
[2017.11.29-10.14.23:014][261]PIE: New page: PIE session: Puzzle_Island (29 Nov 2017 10:14:23)
[2017.11.29-10.14.23:016][261]LogPlayLevel: Creating play world package: /Game/Maps/UEDPIE_0_Puzzle_Island
[2017.11.29-10.14.23:032][261]LogPlayLevel: PIE: StaticDuplicateObject took: (0.016374s)
[2017.11.29-10.14.23:033][261]LogAIModule: Creating AISystem for world Puzzle_Island
[2017.11.29-10.14.23:033][261]LogPlayLevel: PIE: World Init took: (0.000979s)
[2017.11.29-10.14.23:033][261]LogPlayLevel: PIE: Created PIE world by copying editor world from /Game/Maps/Puzzle_Island.Puzzle_Island to /Game/Maps/UEDPIE_0_Puzzle_Island.Puzzle_Island (0.017643s)
[2017.11.29-10.14.23:054][261]LogInit: XAudio2 using 'DELL U2414H-4 (NVIDIA High Definition Audio)' : 2 channels at 48 kHz using 16 bits per sample (channel mask 0x3)
[2017.11.29-10.14.23:061][261]LogInit: FAudioDevice initialized.
[2017.11.29-10.14.23:095][261]LogLoad: Game class is '3D_Exploration_GameMode_C'
[2017.11.29-10.14.23:099][261]LogWorld: Bringing World /Game/Maps/UEDPIE_0_Puzzle_Island.Puzzle_Island up for play (max tick rate 0) at 2017.11.29-10.14.23
[2017.11.29-10.14.23:100][261]LogWorld: Bringing up level for play took: 0.004340
[2017.11.29-10.14.23:103][261]PIE: Play in editor start time for /Game/Maps/UEDPIE_0_Puzzle_Island -0.701
[2017.11.29-10.14.23:103][261]LogBlueprintUserMessages: Late PlayInEditor Detection: Level '/Game/Maps/Puzzle_Island.Puzzle_Island:PersistentLevel' has LevelScriptBlueprint '/Game/Maps/Puzzle_Island.Puzzle_Island:PersistentLevel.Puzzle_Island' with GeneratedClass '/Game/Maps/Puzzle_Island.Puzzle_Island_C' with ClassGeneratedBy '/Game/Maps/Puzzle_Island.Puzzle_Island:PersistentLevel.Puzzle_Island'
[2017.11.29-10.14.32:487][923]LogBlueprintUserMessages: Early EndPlayMap Detection: Level '/Game/Maps/Puzzle_Island.Puzzle_Island:PersistentLevel' has LevelScriptBlueprint '/Game/Maps/Puzzle_Island.Puzzle_Island:PersistentLevel.Puzzle_Island' with GeneratedClass '/Game/Maps/Puzzle_Island.Puzzle_Island_C' with ClassGeneratedBy '/Game/Maps/Puzzle_Island.Puzzle_Island:PersistentLevel.Puzzle_Island'
[2017.11.29-10.14.32:544][923]LogBlueprintUserMessages: Late EndPlayMap Detection: Level '/Game/Maps/Puzzle_Island.Puzzle_Island:PersistentLevel' has LevelScriptBlueprint '/Game/Maps/Puzzle_Island.Puzzle_Island:PersistentLevel.Puzzle_Island' with GeneratedClass '/Game/Maps/Puzzle_Island.Puzzle_Island_C' with ClassGeneratedBy '/Game/Maps/Puzzle_Island.Puzzle_Island:PersistentLevel.Puzzle_Island'
[2017.11.29-10.15.58:396][413]LogSlate: Took 0.000232 seconds to synchronously load lazily loaded font '../../../Engine/Content/Editor/Slate/Fonts/Roboto-Italic.ttf' (157K)
[2017.11.29-10.16.34:190][732]LogSavePackage: Save=322.32ms
[2017.11.29-10.16.34:190][732]LogSavePackage: Moving '../../../../../../Users/2siewj44/Desktop/Puzzle-Island-VGD/Puzzle_Island/Saved/Puzzle_Island67A305294E9BAAB734BBE88260D1A50B.tmp' to '../../../../../../Users/2siewj44/Desktop/Puzzle-Island-VGD/Puzzle_Island/Content/Maps/Puzzle_Island.umap'
[2017.11.29-10.16.34:196][732]LogSavePackage: Display: Finished SavePackage ../../../../../../Users/2siewj44/Desktop/Puzzle-Island-VGD/Puzzle_Island/Content/Maps/Puzzle_Island.umap
[2017.11.29-10.16.34:263][732]LogFileHelpers: Saving map 'Puzzle_Island' took 0.507
[2017.11.29-10.16.36:496][870]LogWindowsTextInputMethodSystem: Display: IME system now deactivated.
[2017.11.29-10.16.36:722][871]Cmd: QUIT_EDITOR
[2017.11.29-10.16.37:128][871]LogExit: Preparing to exit.
[2017.11.29-10.16.37:695][871]LogDirectoryWatcher: A directory notification for 'C:/Users/2siewj44/Desktop/Puzzle-Island-VGD/Puzzle_Island/Content/' was aborted.
[2017.11.29-10.16.37:745][871]LogExit: Editor shut down
[2017.11.29-10.16.37:755][871]LogExit: Transaction tracking system shut down
[2017.11.29-10.16.37:997][871]LogDirectoryWatcher: A directory notification for '../../../Engine/Content/' was aborted.
[2017.11.29-10.16.37:997][871]LogDirectoryWatcher: A directory notification for '../../../../../../Users/2siewj44/Desktop/Puzzle-Island-VGD/Puzzle_Island/Content/' was aborted.
[2017.11.29-10.16.37:997][871]LogDirectoryWatcher: A directory notification for '../../../Engine/Plugins/2D/Paper2D/Content/' was aborted.
[2017.11.29-10.16.37:997][871]LogDirectoryWatcher: A directory notification for '../../../Engine/Plugins/Runtime/Oculus/OculusVR/Content/' was aborted.
[2017.11.29-10.16.37:997][871]LogDirectoryWatcher: A directory notification for '../../../Engine/Plugins/Runtime/Steam/SteamVR/Content/' was aborted.
[2017.11.29-10.16.38:089][871]LogExit: Object subsystem successfully closed.
[2017.11.29-10.16.38:110][871]LogD3D11RHI: Shutdown
[2017.11.29-10.16.38:111][871]LogD3D11RHI: CleanupD3DDevice
[2017.11.29-10.16.38:174][871]LogD3D11RHI: ~FD3D11DynamicRHI
[2017.11.29-10.16.38:198][871]LogModuleManager: Shutting down and abandoning module BlueprintGraph (538)
[2017.11.29-10.16.38:198][871]LogModuleManager: Shutting down and abandoning module BlueprintProfiler (536)
[2017.11.29-10.16.38:199][871]LogModuleManager: Shutting down and abandoning module MovieSceneCapture (534)
[2017.11.29-10.16.38:199][871]LogModuleManager: Shutting down and abandoning module HierarchicalLODOutliner (532)
[2017.11.29-10.16.38:199][871]LogModuleManager: Shutting down and abandoning module SceneOutliner (530)
[2017.11.29-10.16.38:199][871]LogModuleManager: Shutting down and abandoning module AddContentDialog (528)
[2017.11.29-10.16.38:199][871]LogDirectoryWatcher: A directory notification for 'C:/Program Files/Epic Games/UE_4.17/FeaturePacks/' was aborted.
[2017.11.29-10.16.38:199][871]LogModuleManager: Shutting down and abandoning module WidgetCarousel (527)
[2017.11.29-10.16.38:199][871]LogModuleManager: Shutting down and abandoning module EditorWidgets (524)
[2017.11.29-10.16.38:200][871]LogModuleManager: Shutting down and abandoning module CollectionManager (522)
[2017.11.29-10.16.38:200][871]LogDirectoryWatcher: A directory notification for 'C:/Users/2siewj44/Desktop/Puzzle-Island-VGD/Puzzle_Island/Content/Collections/' was aborted.
[2017.11.29-10.16.38:200][871]LogDirectoryWatcher: A directory notification for 'C:/Users/2siewj44/Desktop/Puzzle-Island-VGD/Puzzle_Island/Content/Developers/2siewj44/Collections/' was aborted.
[2017.11.29-10.16.38:200][871]LogDirectoryWatcher: A directory notification for 'C:/Users/2siewj44/Desktop/Puzzle-Island-VGD/Puzzle_Island/Saved/Collections/' was aborted.
[2017.11.29-10.16.38:200][871]LogModuleManager: Shutting down and abandoning module StatsViewer (520)
[2017.11.29-10.16.38:200][871]LogModuleManager: Shutting down and abandoning module FoliageEdit (518)
[2017.11.29-10.16.38:200][871]LogModuleManager: Shutting down and abandoning module LandscapeEditor (516)
[2017.11.29-10.16.38:200][871]LogModuleManager: Shutting down and abandoning module MeshPaintMode (514)
[2017.11.29-10.16.38:200][871]LogModuleManager: Shutting down and abandoning module SceneDepthPickerMode (512)
[2017.11.29-10.16.38:200][871]LogModuleManager: Shutting down and abandoning module ActorPickerMode (510)
[2017.11.29-10.16.38:200][871]LogModuleManager: Shutting down and abandoning module GeometryMode (508)
[2017.11.29-10.16.38:200][871]LogModuleManager: Shutting down and abandoning module TextureAlignMode (506)
[2017.11.29-10.16.38:200][871]LogModuleManager: Shutting down and abandoning module BspMode (504)
[2017.11.29-10.16.38:200][871]LogModuleManager: Shutting down and abandoning module PIEPreviewDeviceProfileSelector (502)
[2017.11.29-10.16.38:200][871]LogModuleManager: Shutting down and abandoning module HardwareSurvey (500)
[2017.11.29-10.16.38:200][871]LogModuleManager: Shutting down and abandoning module SequenceRecorderSections (498)
[2017.11.29-10.16.38:200][871]LogModuleManager: Shutting down and abandoning module AutomationWorker (496)
[2017.11.29-10.16.38:200][871]LogModuleManager: Shutting down and abandoning module MatineeToLevelSequence (494)
[2017.11.29-10.16.38:200][871]LogModuleManager: Shutting down and abandoning module LevelSequenceEditor (492)
[2017.11.29-10.16.38:200][871]LogModuleManager: Shutting down and abandoning module PlacementMode (491)
[2017.11.29-10.16.38:200][871]LogModuleManager: Shutting down and abandoning module WmfMediaFactory (488)
[2017.11.29-10.16.38:200][871]LogModuleManager: Shutting down and abandoning module WmfMediaEditor (486)
[2017.11.29-10.16.38:200][871]LogModuleManager: Shutting down and abandoning module AvfMediaFactory (484)
[2017.11.29-10.16.38:200][871]LogModuleManager: Shutting down and abandoning module AvfMediaEditor (482)
[2017.11.29-10.16.38:200][871]LogModuleManager: Shutting down and abandoning module AndroidMediaFactory (480)
[2017.11.29-10.16.38:200][871]LogModuleManager: Shutting down and abandoning module Media (479)
[2017.11.29-10.16.38:200][871]LogModuleManager: Shutting down and abandoning module AndroidMediaEditor (476)
[2017.11.29-10.16.38:200][871]LogModuleManager: Shutting down and abandoning module CharacterAI (474)
[2017.11.29-10.16.38:200][871]LogModuleManager: Shutting down and abandoning module AudioCapture (472)
[2017.11.29-10.16.38:200][871]LogModuleManager: Shutting down and abandoning module SequenceRecorder (471)
[2017.11.29-10.16.38:200][871]LogModuleManager: Shutting down and abandoning module SmartSnapping (468)
[2017.11.29-10.16.38:200][871]LogModuleManager: Shutting down and abandoning module SessionServices (466)
[2017.11.29-10.16.38:200][871]LogModuleManager: Shutting down and abandoning module ViewportSnapping (464)
[2017.11.29-10.16.38:200][871]LogModuleManager: Shutting down and abandoning module ViewportInteraction (462)
[2017.11.29-10.16.38:200][871]LogModuleManager: Shutting down and abandoning module ClothPainter (460)
[2017.11.29-10.16.38:200][871]LogModuleManager: Shutting down and abandoning module LogVisualizer (458)
[2017.11.29-10.16.38:200][871]LogModuleManager: Shutting down and abandoning module IntroTutorials (456)
[2017.11.29-10.16.38:201][871]LogModuleManager: Shutting down and abandoning module GameProjectGeneration (455)
[2017.11.29-10.16.38:201][871]LogModuleManager: Shutting down and abandoning module IOSPlatformEditor (452)
[2017.11.29-10.16.38:201][871]LogModuleManager: Shutting down and abandoning module HTML5PlatformEditor (450)
[2017.11.29-10.16.38:201][871]LogModuleManager: Shutting down and abandoning module AndroidPlatformEditor (448)
[2017.11.29-10.16.38:201][871]LogModuleManager: Shutting down and abandoning module AndroidDeviceDetection (447)
[2017.11.29-10.16.38:401][871]LogModuleManager: Shutting down and abandoning module WindowsPlatformEditor (444)
[2017.11.29-10.16.38:401][871]LogModuleManager: Shutting down and abandoning module IOSRuntimeSettings (442)
[2017.11.29-10.16.38:401][871]LogModuleManager: Shutting down and abandoning module AndroidRuntimeSettings (440)
[2017.11.29-10.16.38:401][871]LogModuleManager: Shutting down and abandoning module InputBindingEditor (438)
[2017.11.29-10.16.38:401][871]LogModuleManager: Shutting down and abandoning module MergeActors (436)
[2017.11.29-10.16.38:401][871]LogModuleManager: Shutting down and abandoning module SizeMap (434)
[2017.11.29-10.16.38:401][871]LogModuleManager: Shutting down and abandoning module TreeMap (432)
[2017.11.29-10.16.38:401][871]LogModuleManager: Shutting down and abandoning module ReferenceViewer (430)
[2017.11.29-10.16.38:401][871]LogModuleManager: Shutting down and abandoning module LocalizationDashboard (428)
[2017.11.29-10.16.38:401][871]LogModuleManager: Shutting down and abandoning module LocalizationService (427)
[2017.11.29-10.16.38:401][871]LogModuleManager: Shutting down and abandoning module HardwareTargeting (424)
[2017.11.29-10.16.38:401][871]LogModuleManager: Shutting down and abandoning module DeviceProfileEditor (422)
[2017.11.29-10.16.38:401][871]LogModuleManager: Shutting down and abandoning module UndoHistory (420)
[2017.11.29-10.16.38:401][871]LogModuleManager: Shutting down and abandoning module XmlParser (418)
[2017.11.29-10.16.38:402][871]LogModuleManager: Shutting down and abandoning module Blutility (416)
[2017.11.29-10.16.38:402][871]LogModuleManager: Shutting down and abandoning module ProjectSettingsViewer (414)
[2017.11.29-10.16.38:402][871]LogModuleManager: Shutting down and abandoning module ProjectTargetPlatformEditor (413)
[2017.11.29-10.16.38:402][871]LogModuleManager: Shutting down and abandoning module EditorSettingsViewer (410)
[2017.11.29-10.16.38:402][871]LogModuleManager: Shutting down and abandoning module SettingsEditor (408)
[2017.11.29-10.16.38:402][871]LogModuleManager: Shutting down and abandoning module ProjectLauncher (406)
[2017.11.29-10.16.38:402][871]LogModuleManager: Shutting down and abandoning module SessionFrontend (404)
[2017.11.29-10.16.38:402][871]LogModuleManager: Shutting down and abandoning module ProfilerClient (402)
[2017.11.29-10.16.38:402][871]LogModuleManager: Shutting down and abandoning module DeviceManager (400)
[2017.11.29-10.16.38:402][871]LogModuleManager: Shutting down and abandoning module TargetDeviceServices (399)
[2017.11.29-10.16.38:445][871]LogModuleManager: Shutting down and abandoning module AutomationController (396)
[2017.11.29-10.16.38:445][871]LogModuleManager: Shutting down and abandoning module AutomationWindow (394)
[2017.11.29-10.16.38:445][871]LogModuleManager: Shutting down and abandoning module Layers (392)
[2017.11.29-10.16.38:445][871]LogModuleManager: Shutting down and abandoning module ComponentVisualizers (390)
[2017.11.29-10.16.38:445][871]LogModuleManager: Shutting down and abandoning module DetailCustomizations (388)
[2017.11.29-10.16.38:445][871]LogModuleManager: Shutting down and abandoning module PackagesDialog (386)
[2017.11.29-10.16.38:445][871]LogModuleManager: Shutting down and abandoning module Persona (384)
[2017.11.29-10.16.38:445][871]LogModuleManager: Shutting down and abandoning module AdvancedPreviewScene (383)
[2017.11.29-10.16.38:446][871]LogModuleManager: Shutting down and abandoning module AnimGraph (381)
[2017.11.29-10.16.38:446][871]LogModuleManager: Shutting down and abandoning module Kismet (378)
[2017.11.29-10.16.38:460][871]LogModuleManager: Shutting down and abandoning module ClassViewer (376)
[2017.11.29-10.16.38:460][871]LogModuleManager: Shutting down and abandoning module Toolbox (374)
[2017.11.29-10.16.38:461][871]LogModuleManager: Shutting down and abandoning module ModuleUI (372)
[2017.11.29-10.16.38:461][871]LogModuleManager: Shutting down and abandoning module MovieSceneTools (370)
[2017.11.29-10.16.38:461][871]LogModuleManager: Shutting down and abandoning module OutputLog (368)
[2017.11.29-10.16.38:461][871]LogModuleManager: Shutting down and abandoning module GammaUI (366)
[2017.11.29-10.16.38:461][871]LogModuleManager: Shutting down and abandoning module Documentation (364)
[2017.11.29-10.16.38:461][871]LogModuleManager: Shutting down and abandoning module MovieSceneTracks (362)
[2017.11.29-10.16.38:461][871]LogModuleManager: Shutting down and abandoning module MovieScene (360)
[2017.11.29-10.16.38:461][871]LogModuleManager: Shutting down and abandoning module Niagara (358)
[2017.11.29-10.16.38:461][871]LogModuleManager: Shutting down and abandoning module NiagaraEditor (357)
[2017.11.29-10.16.38:461][871]LogModuleManager: Shutting down and abandoning module StreamingPauseRendering (354)
[2017.11.29-10.16.38:462][871]LogModuleManager: Shutting down and abandoning module LauncherPlatform (352)
[2017.11.29-10.16.38:462][871]LogModuleManager: Shutting down and abandoning module AnalyticsET (350)
[2017.11.29-10.16.38:462][871]LogModuleManager: Shutting down and abandoning module PortalServices (348)
[2017.11.29-10.16.38:462][871]LogModuleManager: Shutting down and abandoning module PortalRpc (346)
[2017.11.29-10.16.38:462][871]LogModuleManager: Shutting down and abandoning module MessagingRpc (344)
[2017.11.29-10.16.38:462][871]LogModuleManager: Shutting down and abandoning module AIModule (342)
[2017.11.29-10.16.38:462][871]LogModuleManager: Shutting down and abandoning module GameplayDebugger (341)
[2017.11.29-10.16.38:462][871]LogModuleManager: Shutting down and abandoning module AITestSuite (339)
[2017.11.29-10.16.38:462][871]LogModuleManager: Shutting down and abandoning module ProfilerService (336)
[2017.11.29-10.16.38:551][871]LogModuleManager: Shutting down and abandoning module TaskGraph (334)
[2017.11.29-10.16.38:551][871]LogModuleManager: Shutting down and abandoning module SteamVRController (332)
[2017.11.29-10.16.38:551][871]LogModuleManager: Shutting down and abandoning module ProceduralMeshComponentEditor (330)
[2017.11.29-10.16.38:551][871]LogModuleManager: Shutting down and abandoning module ProceduralMeshComponent (328)
[2017.11.29-10.16.38:551][871]LogModuleManager: Shutting down and abandoning module OculusInput (326)
[2017.11.29-10.16.38:551][871]LogModuleManager: Shutting down and abandoning module MobilePatchingUtils (324)
[2017.11.29-10.16.38:551][871]LogModuleManager: Shutting down and abandoning module CustomMeshComponent (322)
[2017.11.29-10.16.38:551][871]LogModuleManager: Shutting down and abandoning module CableComponent (320)
[2017.11.29-10.16.38:552][871]LogModuleManager: Shutting down and abandoning module ArchVisCharacter (318)
[2017.11.29-10.16.38:552][871]LogModuleManager: Shutting down and abandoning module AndroidPermission (316)
[2017.11.29-10.16.38:552][871]LogModuleManager: Shutting down and abandoning module MediaPlayerEditor (312)
[2017.11.29-10.16.38:552][871]LogModuleManager: Shutting down and abandoning module HTML5Networking (310)
[2017.11.29-10.16.38:552][871]LogModuleManager: Shutting down and abandoning module AlembicImporter (308)
[2017.11.29-10.16.38:552][871]LogModuleManager: Shutting down and abandoning module AlembicLibrary (307)
[2017.11.29-10.16.38:552][871]LogModuleManager: Shutting down and abandoning module GeometryCache (306)
[2017.11.29-10.16.38:552][871]LogModuleManager: Shutting down and abandoning module GeometryCacheEd (305)
[2017.11.29-10.16.38:552][871]LogModuleManager: Shutting down and abandoning module SpeedTreeImporter (300)
[2017.11.29-10.16.38:552][871]LogModuleManager: Shutting down and abandoning module PluginBrowser (298)
[2017.11.29-10.16.38:552][871]LogModuleManager: Shutting down and abandoning module MobileLauncherProfileWizard (296)
[2017.11.29-10.16.38:552][871]LogModuleManager: Shutting down and abandoning module VisualStudioSourceCodeAccess (294)
[2017.11.29-10.16.38:553][871]LogModuleManager: Shutting down and abandoning module DesktopPlatform (293)
[2017.11.29-10.16.38:553][871]LogModuleManager: Shutting down and abandoning module UObjectPlugin (290)
[2017.11.29-10.16.38:553][871]LogModuleManager: Shutting down and abandoning module SubversionSourceControl (288)
[2017.11.29-10.16.38:553][871]LogModuleManager: Shutting down and abandoning module PerforceSourceControl (286)
[2017.11.29-10.16.38:553][871]LogModuleManager: Shutting down and abandoning module GitSourceControl (284)
[2017.11.29-10.16.38:553][871]LogModuleManager: Shutting down and abandoning module SourceControl (283)
[2017.11.29-10.16.38:553][871]LogModuleManager: Shutting down and abandoning module LightPropagationVolumeEditor (280)
[2017.11.29-10.16.38:553][871]LogModuleManager: Shutting down and abandoning module PaperTiledImporter (278)
[2017.11.29-10.16.38:553][871]LogModuleManager: Shutting down and abandoning module PaperSpriteSheetImporter (276)
[2017.11.29-10.16.38:553][871]LogModuleManager: Shutting down and abandoning module Paper2DEditor (274)
[2017.11.29-10.16.38:553][871]LogModuleManager: Shutting down and abandoning module MeshPaint (273)
[2017.11.29-10.16.38:553][871]LogModuleManager: Shutting down and abandoning module LevelEditor (271)
[2017.11.29-10.16.38:556][871]LogModuleManager: Shutting down and abandoning module PixelInspectorModule (270)
[2017.11.29-10.16.38:556][871]LogModuleManager: Shutting down and abandoning module MainFrame (268)
[2017.11.29-10.16.38:556][871]LogModuleManager: Shutting down and abandoning module HotReload (267)
[2017.11.29-10.16.38:556][871]LogDirectoryWatcher: A directory notification for 'C:/Users/2siewj44/Desktop/Puzzle-Island-VGD/Puzzle_Island/Binaries/Win64' was aborted.
[2017.11.29-10.16.38:557][871]LogModuleManager: Shutting down and abandoning module Puzzle_Island (262)
[2017.11.29-10.16.38:557][871]LogModuleManager: Shutting down and abandoning module RuntimePhysXCooking (260)
[2017.11.29-10.16.38:557][871]LogModuleManager: Shutting down and abandoning module PhysXVehiclesEditor (258)
[2017.11.29-10.16.38:557][871]LogModuleManager: Shutting down and abandoning module PhysXVehicles (256)
[2017.11.29-10.16.38:557][871]LogModuleManager: Shutting down and abandoning module OculusEditor (254)
[2017.11.29-10.16.38:557][871]LogModuleManager: Shutting down and abandoning module LocationServicesBPLibrary (252)
[2017.11.29-10.16.38:559][871]LogModuleManager: Shutting down and abandoning module ImmediatePhysicsEditor (250)
[2017.11.29-10.16.38:559][871]LogModuleManager: Shutting down and abandoning module ImmediatePhysics (248)
[2017.11.29-10.16.38:559][871]LogModuleManager: Shutting down and abandoning module UdpMessaging (246)
[2017.11.29-10.16.38:659][871]LogModuleManager: Shutting down and abandoning module TcpMessaging (244)
[2017.11.29-10.16.38:759][871]LogModuleManager: Shutting down and abandoning module GameplayTagsEditor (242)
[2017.11.29-10.16.38:759][871]LogModuleManager: Shutting down and abandoning module FacialAnimationEditor (240)
[2017.11.29-10.16.38:759][871]LogModuleManager: Shutting down and abandoning module FacialAnimation (238)
[2017.11.29-10.16.38:759][871]LogModuleManager: Shutting down and abandoning module AssetManagerEditor (236)
[2017.11.29-10.16.38:759][871]LogModuleManager: Shutting down and abandoning module GraphEditor (235)
[2017.11.29-10.16.38:759][871]LogModuleManager: Shutting down and abandoning module ContentBrowser (233)
[2017.11.29-10.16.38:762][871]LogModuleManager: Shutting down and abandoning module LightPropagationVolumeRuntime (230)
[2017.11.29-10.16.38:762][871]LogModuleManager: Shutting down and abandoning module Paper2D (228)
[2017.11.29-10.16.38:763][871]LogModuleManager: Shutting down and abandoning module WindowsMoviePlayer (226)
[2017.11.29-10.16.38:763][871]LogModuleManager: Shutting down and abandoning module WmfMedia (224)
[2017.11.29-10.16.38:763][871]LogModuleManager: Shutting down and abandoning module PacketHandler (222)
[2017.11.29-10.16.38:763][871]LogModuleManager: Shutting down and abandoning module ClothingSystemEditor (220)
[2017.11.29-10.16.38:763][871]LogModuleManager: Shutting down and abandoning module ClothingSystemRuntime (218)
[2017.11.29-10.16.38:763][871]LogModuleManager: Shutting down and abandoning module Overlay (216)
[2017.11.29-10.16.38:763][871]LogModuleManager: Shutting down and abandoning module OverlayEditor (215)
[2017.11.29-10.16.38:763][871]LogModuleManager: Shutting down and abandoning module MediaAssets (212)
[2017.11.29-10.16.38:763][871]LogModuleManager: Shutting down and abandoning module VREditor (210)
[2017.11.29-10.16.38:764][871]LogModuleManager: Shutting down and abandoning module StringTableEditor (208)
[2017.11.29-10.16.38:764][871]LogModuleManager: Shutting down and abandoning module GameplayTasksEditor (206)
[2017.11.29-10.16.38:764][871]LogModuleManager: Shutting down and abandoning module BehaviorTreeEditor (204)
[2017.11.29-10.16.38:764][871]LogModuleManager: Shutting down and abandoning module FunctionalTesting (202)
[2017.11.29-10.16.38:764][871]LogModuleManager: Shutting down and abandoning module CollisionAnalyzer (200)
[2017.11.29-10.16.38:764][871]LogModuleManager: Shutting down and abandoning module WorkspaceMenuStructure (199)
[2017.11.29-10.16.38:764][871]LogModuleManager: Shutting down and abandoning module UMG (196)
[2017.11.29-10.16.38:764][871]LogModuleManager: Shutting down and abandoning module UMGEditor (195)
[2017.11.29-10.16.38:764][871]LogModuleManager: Shutting down and abandoning module Sequencer (194)
[2017.11.29-10.16.38:764][871]LogModuleManager: Shutting down and abandoning module MessageLog (191)
[2017.11.29-10.16.38:765][871]LogModuleManager: Shutting down and abandoning module SlateReflector (186)
[2017.11.29-10.16.38:765][871]LogModuleManager: Shutting down and abandoning module Slate (184)
[2017.11.29-10.16.38:765][871]LogModuleManager: Shutting down and abandoning module EditorStyle (182)
[2017.11.29-10.16.38:775][871]LogModuleManager: Shutting down and abandoning module MRMesh (180)
[2017.11.29-10.16.38:775][871]LogModuleManager: Shutting down and abandoning module SourceCodeAccess (178)
[2017.11.29-10.16.38:776][871]LogModuleManager: Shutting down and abandoning module HeadMountedDisplay (176)
[2017.11.29-10.16.38:776][871]LogModuleManager: Shutting down and abandoning module XAudio2 (174)
[2017.11.29-10.16.38:776][871]LogModuleManager: Shutting down and abandoning module Networking (172)
[2017.11.29-10.16.38:776][871]LogModuleManager: Shutting down and abandoning module Core (168)
[2017.11.29-10.16.38:776][871]LogModuleManager: Shutting down and abandoning module KismetCompiler (164)
[2017.11.29-10.16.38:776][871]LogModuleManager: Shutting down and abandoning module LevelSequence (162)
[2017.11.29-10.16.38:776][871]LogModuleManager: Shutting down and abandoning module MeshUtilities (160)
[2017.11.29-10.16.38:776][871]LogModuleManager: Shutting down and abandoning module MeshMergeUtilities (159)
[2017.11.29-10.16.38:776][871]LogModuleManager: Shutting down and abandoning module MeshReductionInterface (158)
[2017.11.29-10.16.38:776][871]LogModuleManager: Shutting down and abandoning module SimplygonSwarm (157)
[2017.11.29-10.16.38:776][871]LogModuleManager: Shutting down and abandoning module SimplygonMeshReduction (155)
[2017.11.29-10.16.38:776][871]LogModuleManager: Shutting down and abandoning module QuadricMeshReduction (153)
[2017.11.29-10.16.38:776][871]LogModuleManager: Shutting down and abandoning module MaterialBaking (149)
[2017.11.29-10.16.38:776][871]LogModuleManager: Shutting down and abandoning module DirectoryWatcher (146)
[2017.11.29-10.16.38:780][871]LogModuleManager: Shutting down and abandoning module DerivedDataCache (144)
[2017.11.29-10.16.38:851][871]LogDerivedDataCache: Shutdown
[2017.11.29-10.16.38:851][871]LogModuleManager: Shutting down and abandoning module TargetPlatform (142)
[2017.11.29-10.16.38:851][871]LogModuleManager: Shutting down and abandoning module VulkanShaderFormat (141)
[2017.11.29-10.16.38:851][871]LogModuleManager: Shutting down and abandoning module ShaderFormatVectorVM (139)
[2017.11.29-10.16.38:851][871]LogModuleManager: Shutting down and abandoning module ShaderFormatOpenGL (137)
[2017.11.29-10.16.38:851][871]LogModuleManager: Shutting down and abandoning module ShaderFormatD3D (135)
[2017.11.29-10.16.38:851][871]LogModuleManager: Shutting down and abandoning module MetalShaderFormat (133)
[2017.11.29-10.16.38:852][871]LogModuleManager: Shutting down and abandoning module TextureFormatUncompressed (131)
[2017.11.29-10.16.38:852][871]LogModuleManager: Shutting down and abandoning module TextureFormatPVR (129)
[2017.11.29-10.16.38:852][871]LogModuleManager: Shutting down and abandoning module TextureFormatDXT (127)
[2017.11.29-10.16.38:852][871]LogModuleManager: Shutting down and abandoning module TextureFormatIntelISPCTexComp (125)
[2017.11.29-10.16.38:852][871]LogModuleManager: Shutting down and abandoning module TextureFormatASTC (123)
[2017.11.29-10.16.38:852][871]LogModuleManager: Shutting down and abandoning module ImageWrapper (122)
[2017.11.29-10.16.38:852][871]LogModuleManager: Shutting down and abandoning module TextureFormatAndroid (119)
[2017.11.29-10.16.38:852][871]LogModuleManager: Shutting down and abandoning module AudioFormatOpus (117)
[2017.11.29-10.16.38:852][871]LogModuleManager: Shutting down and abandoning module AudioFormatOgg (115)
[2017.11.29-10.16.38:852][871]LogModuleManager: Shutting down and abandoning module AudioFormatADPCM (113)
[2017.11.29-10.16.38:852][871]LogModuleManager: Shutting down and abandoning module LinuxTargetPlatform (111)
[2017.11.29-10.16.38:853][871]LogModuleManager: Shutting down and abandoning module LinuxServerTargetPlatform (109)
[2017.11.29-10.16.38:853][871]LogModuleManager: Shutting down and abandoning module LinuxNoEditorTargetPlatform (107)
[2017.11.29-10.16.38:853][871]LogModuleManager: Shutting down and abandoning module LinuxClientTargetPlatform (105)
[2017.11.29-10.16.38:853][871]LogModuleManager: Shutting down and abandoning module TVOSTargetPlatform (103)
[2017.11.29-10.16.38:854][871]LogModuleManager: Shutting down and abandoning module Messaging (101)
[2017.11.29-10.16.38:854][871]LogModuleManager: Shutting down and abandoning module IOSTargetPlatform (99)
[2017.11.29-10.16.38:854][871]LogModuleManager: Shutting down and abandoning module HTML5TargetPlatform (97)
[2017.11.29-10.16.38:854][871]LogModuleManager: Shutting down and abandoning module Android_PVRTCTargetPlatform (95)
[2017.11.29-10.16.38:854][871]LogModuleManager: Shutting down and abandoning module Android_MultiTargetPlatform (93)
[2017.11.29-10.16.38:854][871]LogModuleManager: Shutting down and abandoning module Android_ETC2TargetPlatform (91)
[2017.11.29-10.16.38:854][871]LogModuleManager: Shutting down and abandoning module Android_ETC1TargetPlatform (89)
[2017.11.29-10.16.38:854][871]LogModuleManager: Shutting down and abandoning module Android_DXTTargetPlatform (87)
[2017.11.29-10.16.38:854][871]LogModuleManager: Shutting down and abandoning module Android_ATCTargetPlatform (85)
[2017.11.29-10.16.38:854][871]LogModuleManager: Shutting down and abandoning module Android_ASTCTargetPlatform (83)
[2017.11.29-10.16.38:854][871]LogModuleManager: Shutting down and abandoning module AndroidTargetPlatform (81)
[2017.11.29-10.16.38:854][871]LogModuleManager: Shutting down and abandoning module WindowsTargetPlatform (79)
[2017.11.29-10.16.38:854][871]LogModuleManager: Shutting down and abandoning module WindowsServerTargetPlatform (77)
[2017.11.29-10.16.38:854][871]LogModuleManager: Shutting down and abandoning module WindowsNoEditorTargetPlatform (75)
[2017.11.29-10.16.38:854][871]LogModuleManager: Shutting down and abandoning module WindowsClientTargetPlatform (73)
[2017.11.29-10.16.38:854][871]LogModuleManager: Shutting down and abandoning module MacTargetPlatform (71)
[2017.11.29-10.16.38:855][871]LogModuleManager: Shutting down and abandoning module MacServerTargetPlatform (69)
[2017.11.29-10.16.38:855][871]LogModuleManager: Shutting down and abandoning module MacNoEditorTargetPlatform (67)
[2017.11.29-10.16.38:855][871]LogModuleManager: Shutting down and abandoning module MacClientTargetPlatform (65)
[2017.11.29-10.16.38:855][871]LogModuleManager: Shutting down and abandoning module AllDesktopTargetPlatform (63)
[2017.11.29-10.16.38:855][871]LogModuleManager: Shutting down and abandoning module InputCore (60)
[2017.11.29-10.16.38:855][871]LogModuleManager: Shutting down and abandoning module Settings (58)
[2017.11.29-10.16.38:855][871]LogModuleManager: Shutting down and abandoning module PhysXCooking (56)
[2017.11.29-10.16.38:855][871]LogModuleManager: Shutting down and abandoning module SteamVR (54)
[2017.11.29-10.16.38:855][871]LogModuleManager: Shutting down and abandoning module OculusHMD (52)
[2017.11.29-10.16.38:855][871]LogModuleManager: Shutting down and abandoning module ExampleDeviceProfileSelector (50)
[2017.11.29-10.16.38:855][871]LogModuleManager: Shutting down and abandoning module OnlineBlueprintSupport (48)
[2017.11.29-10.16.38:855][871]LogModuleManager: Shutting down and abandoning module OnlineSubsystem (44)
[2017.11.29-10.16.38:855][871]LogOnline: Display: Unloading online subsystem: NULL
[2017.11.29-10.16.38:856][871]LogModuleManager: Shutting down and abandoning module XMPP (43)
[2017.11.29-10.16.38:856][871]LogModuleManager: Shutting down and abandoning module HTTP (41)
[2017.11.29-10.16.38:856][871]LogHttp: Display: Http module shutting down, but needs to wait on 2 outstanding Http requests:
[2017.11.29-10.16.38:856][871]LogHttp: Display: 	verb=[POST] url=[https://datarouter.ol.epicgames.com/datarouter/api/v1/public/data?SessionID=%7BF4973F14-486F-8A54-91A5-2BBC11D887E5%7D&AppID=UEEditor.Rocket.Release&AppVersion=4.17.2-3658906%2B%2B%2BUE4%2BRelease-4.17&UserID=f408a50446fd646c611d918533bb4094%7C%7C39d70c08-c860-4534-86c6-29f5264ce9e7&AppEnvironment=datacollector-binary&UploadType=eteventstream] status=Processing
[2017.11.29-10.16.38:856][871]LogHttp: Display: 	verb=[POST] url=[https://datarouter.ol.epicgames.com/datarouter/api/v1/public/data?SessionID=%7BF4973F14-486F-8A54-91A5-2BBC11D887E5%7D&AppID=UEEditor.Rocket.Release&AppVersion=4.17.2-3658906%2B%2B%2BUE4%2BRelease-4.17&UserID=f408a50446fd646c611d918533bb4094%7C%7C39d70c08-c860-4534-86c6-29f5264ce9e7&AppEnvironment=datacollector-binary&UploadType=eteventstream] status=Processing
[2017.11.29-10.16.38:869][871]LogModuleManager: Shutting down and abandoning module SSL (40)
[2017.11.29-10.16.38:871][871]LogModuleManager: Shutting down and abandoning module AnimationModifiers (36)
[2017.11.29-10.16.38:873][871]LogModuleManager: Shutting down and abandoning module PropertyEditor (35)
[2017.11.29-10.16.38:873][871]LogModuleManager: Shutting down and abandoning module AudioEditor (32)
[2017.11.29-10.16.38:873][871]LogModuleManager: Shutting down and abandoning module TextureCompressor (30)
[2017.11.29-10.16.38:873][871]LogModuleManager: Shutting down and abandoning module ShaderCore (28)
[2017.11.29-10.16.38:873][871]LogModuleManager: Shutting down and abandoning module Landscape (26)
[2017.11.29-10.16.38:873][871]LogModuleManager: Shutting down and abandoning module SlateRHIRenderer (24)
[2017.11.29-10.16.38:875][871]LogModuleManager: Shutting down and abandoning module OpenGLDrv (22)
[2017.11.29-10.16.38:875][871]LogModuleManager: Shutting down and abandoning module D3D11RHI (20)
[2017.11.29-10.16.38:875][871]LogModuleManager: Shutting down and abandoning module AnimGraphRuntime (18)
[2017.11.29-10.16.38:875][871]LogModuleManager: Shutting down and abandoning module Renderer (16)
[2017.11.29-10.16.38:875][871]LogModuleManager: Shutting down and abandoning module Engine (14)
[2017.11.29-10.16.38:876][871]LogModuleManager: Shutting down and abandoning module CoreUObject (12)
[2017.11.29-10.16.38:876][871]LogModuleManager: Shutting down and abandoning module NetworkFile (10)
[2017.11.29-10.16.38:876][871]LogModuleManager: Shutting down and abandoning module CookedIterativeFile (8)
[2017.11.29-10.16.38:876][871]LogModuleManager: Shutting down and abandoning module StreamingFile (6)
[2017.11.29-10.16.38:876][871]LogModuleManager: Shutting down and abandoning module SandboxFile (4)
[2017.11.29-10.16.38:876][871]LogModuleManager: Shutting down and abandoning module PakFile (2)
[2017.11.29-10.16.38:882][871]LogExit: Exiting.
[2017.11.29-10.16.38:939][871]Log file closed, 11/29/17 10:16:38
