Log file open, 11/30/17 11:07:06
LogWindows: Failed to load 'aqProf.dll' (GetLastError=126)
LogWindows: File 'aqProf.dll' does not exist
LogWindows: Failed to load 'VtuneApi.dll' (GetLastError=126)
LogWindows: File 'VtuneApi.dll' does not exist
LogWindows: Failed to load 'VtuneApi32e.dll' (GetLastError=126)
LogWindows: File 'VtuneApi32e.dll' does not exist
LogInit: Display: Running engine for game: Puzzle_Island
LogPlatformFile: Not using cached read wrapper
LogInit: Display: RandInit(1022525324) SRandInit(1022525325).
LogTaskGraph: Started task graph with 5 named threads and 14 total threads with 3 sets of task threads.
LogStats: Stats thread started at 5.274023
LogD3D11RHI: Aftermath initialized
LogPluginManager: Mounting plugin Paper2D
LogPluginManager: Mounting plugin LightPropagationVolume
LogPluginManager: Mounting plugin CodeLiteSourceCodeAccess
LogPluginManager: Mounting plugin GitSourceControl
LogPluginManager: Mounting plugin KDevelopSourceCodeAccess
LogPluginManager: Mounting plugin NullSourceCodeAccess
LogPluginManager: Mounting plugin PerforceSourceControl
LogPluginManager: Mounting plugin SubversionSourceControl
LogPluginManager: Mounting plugin UObjectPlugin
LogPluginManager: Mounting plugin VisualStudioSourceCodeAccess
LogPluginManager: Mounting plugin XCodeSourceCodeAccess
LogPluginManager: Mounting plugin AssetManagerEditor
LogPluginManager: Mounting plugin AudioCapture
LogPluginManager: Mounting plugin FacialAnimation
LogPluginManager: Mounting plugin GameplayTagsEditor
LogPluginManager: Mounting plugin MobileLauncherProfileWizard
LogPluginManager: Mounting plugin PluginBrowser
LogPluginManager: Mounting plugin SpeedTreeImporter
LogPluginManager: Mounting plugin AlembicImporter
LogPluginManager: Mounting plugin CharacterAI
LogPluginManager: Mounting plugin HTML5Networking
LogPluginManager: Mounting plugin AndroidMedia
LogPluginManager: Mounting plugin AvfMedia
LogPluginManager: Mounting plugin MediaPlayerEditor
LogPluginManager: Mounting plugin WmfMedia
LogPluginManager: Mounting plugin TcpMessaging
LogPluginManager: Mounting plugin UdpMessaging
LogPluginManager: Mounting plugin LevelSequenceEditor
LogPluginManager: Mounting plugin MatineeToLevelSequence
LogPluginManager: Mounting plugin OnlineSubsystemGooglePlay
LogPluginManager: Mounting plugin OnlineSubsystemIOS
LogPluginManager: Mounting plugin OnlineSubsystem
LogPluginManager: Mounting plugin OnlineSubsystemNull
LogPluginManager: Mounting plugin OnlineSubsystemUtils
LogPluginManager: Mounting plugin AndroidDeviceProfileSelector
LogPluginManager: Mounting plugin AndroidMoviePlayer
LogPluginManager: Mounting plugin AndroidPermission
LogPluginManager: Mounting plugin AppleMoviePlayer
LogPluginManager: Mounting plugin ArchVisCharacter
LogPluginManager: Mounting plugin CableComponent
LogPluginManager: Mounting plugin CustomMeshComponent
LogPluginManager: Mounting plugin ExampleDeviceProfileSelector
LogPluginManager: Mounting plugin GoogleCloudMessaging
LogPluginManager: Mounting plugin ImmediatePhysics
LogPluginManager: Mounting plugin IOSDeviceProfileSelector
LogPluginManager: Mounting plugin LinuxDeviceProfileSelector
LogPluginManager: Mounting plugin LocationServicesBPLibrary
LogPluginManager: Mounting plugin MobilePatchingUtils
LogPluginManager: Mounting plugin OculusVR
LogPluginManager: Mounting plugin PhysXVehicles
LogPluginManager: Mounting plugin ProceduralMeshComponent
LogPluginManager: Mounting plugin RuntimePhysXCooking
LogPluginManager: Mounting plugin SteamVR
LogPluginManager: Mounting plugin WindowsMoviePlayer
LogInit: Using libcurl 7.47.1
LogInit:  - built for x86_64-pc-win32
LogInit:  - supports SSL with OpenSSL/1.0.2g
LogInit:  - supports HTTP deflate (compression) using libz 1.2.8
LogInit:  - other features:
LogInit:      CURL_VERSION_SSL
LogInit:      CURL_VERSION_LIBZ
LogInit:      CURL_VERSION_IPV6
LogInit:      CURL_VERSION_ASYNCHDNS
LogInit:      CURL_VERSION_LARGEFILE
LogInit:      CURL_VERSION_IDN
LogInit:  CurlRequestOptions (configurable via config and command line):
LogInit:  - bVerifyPeer = false  - Libcurl will NOT verify peer certificate
LogInit:  - bUseHttpProxy = false  - Libcurl will NOT use HTTP proxy
LogInit:  - bDontReuseConnections = false  - Libcurl will reuse connections
LogInit:  - CertBundlePath = nullptr  - Libcurl will use whatever was configured at build time.
LogInit: Build: ++UE4+Release-4.17-CL-3658906
LogInit: Engine Version: 4.17.2-3658906+++UE4+Release-4.17
LogInit: Compatible Engine Version: 4.17.0-3573198+++UE4+Release-4.17
LogInit: Net CL: 3573198
LogDevObjectVersion: Number of dev versions registered: 16
LogDevObjectVersion:   Dev-Blueprints (B0D832E4-1F89-4F0D-ACCF-7EB736FD4AA2): 10
LogDevObjectVersion:   Dev-Build (E1C64328-A22C-4D53-A36C-8E866417BD8C): 0
LogDevObjectVersion:   Dev-Core (375EC13C-06E4-48FB-B500-84F0262A717E): 2
LogDevObjectVersion:   Dev-Editor (E4B068ED-F494-42E9-A231-DA0B2E46BB41): 20
LogDevObjectVersion:   Dev-Framework (CFFC743F-43B0-4480-9391-14DF171D2073): 28
LogDevObjectVersion:   Dev-Mobile (B02B49B5-BB20-44E9-A304-32B752E40360): 0
LogDevObjectVersion:   Dev-Networking (A4E4105C-59A1-49B5-A7C5-40C4547EDFEE): 0
LogDevObjectVersion:   Dev-Online (39C831C9-5AE6-47DC-9A44-9C173E1C8E7C): 0
LogDevObjectVersion:   Dev-Physics (78F01B33-EBEA-4F98-B9B4-84EACCB95AA2): 0
LogDevObjectVersion:   Dev-Platform (6631380F-2D4D-43E0-8009-CF276956A95A): 0
LogDevObjectVersion:   Dev-Rendering (12F88B9F-8875-4AFC-A67C-D90C383ABD29): 19
LogDevObjectVersion:   Dev-Sequencer (7B5AE74C-D270-4C10-A958-57980B212A5A): 4
LogDevObjectVersion:   Dev-VR (D7296918-1DD6-4BDD-9DE2-64A83CC13884): 0
LogDevObjectVersion:   Dev-LoadTimes (C2A15278-BFE7-4AFE-6C17-90FF531DF755): 1
LogDevObjectVersion:   Private-Geometry (6EACA3D4-40EC-4CC1-B786-8BED09428FC5): 1
LogDevObjectVersion:   Dev-AnimPhys (29E575DD-E0A3-4627-9D10-D276232CDCEA): 7
LogInit: Compiled (64-bit): Sep 22 2017 13:47:16
LogInit: Compiled with Visual C++: 19.00.24215.01
LogInit: Build Configuration: Development
LogInit: Branch Name: ++UE4+Release-4.17
LogInit: Command line:  
LogInit: Base directory: C:/Program Files/Epic Games/UE_4.17/Engine/Binaries/Win64/
LogInit: Installed Engine Build: 1
LogInit: Presizing for max 8388607 objects, including 0 objects not considered by GC, pre-allocating 0 bytes for permanent pool.
LogInit: Object subsystem initialized
[2017.11.30-11.07.10:259][  0]LogInit: Selected Device Profile: [Windows]
[2017.11.30-11.07.10:259][  0]LogInit: Applying CVar settings loaded from the selected device profile: [Windows]
[2017.11.30-11.07.10:319][  0]LogInit: Computer: W65146
[2017.11.30-11.07.10:319][  0]LogInit: User: 2sketj33
[2017.11.30-11.07.10:319][  0]LogInit: CPU Page size=4096, Cores=4
[2017.11.30-11.07.10:319][  0]LogInit: High frequency timer resolution =3.613288 MHz
[2017.11.30-11.07.10:319][  0]LogMemory: Memory total: Physical=15.9GB (16GB approx)
[2017.11.30-11.07.10:319][  0]LogMemory: Platform Memory Stats for Windows
[2017.11.30-11.07.10:319][  0]LogMemory: Process Physical Memory: 282.27 MB used, 282.27 MB peak
[2017.11.30-11.07.10:319][  0]LogMemory: Process Virtual Memory: 278.37 MB used, 278.37 MB peak
[2017.11.30-11.07.10:319][  0]LogMemory: Physical Memory: 4832.88 MB used,  11469.28 MB free, 16302.15 MB total
[2017.11.30-11.07.10:319][  0]LogMemory: Virtual Memory: 673.72 MB used,  11469.28 MB free, 134217728.00 MB total
[2017.11.30-11.07.13:007][  0]LogInit: Using OS detected language (en-US).
[2017.11.30-11.07.13:007][  0]LogInit: Using OS detected locale (en-GB).
[2017.11.30-11.07.13:356][  0]LogTextLocalizationManager: No specific localization for 'en-US' exists, so the 'en' localization will be used.
[2017.11.30-11.07.18:574][  0]LogD3D11RHI: D3D11 adapters:
[2017.11.30-11.07.18:667][  0]LogD3D11RHI:    0. 'NVIDIA GeForce GTX 770' (Feature Level 11_0)
[2017.11.30-11.07.18:667][  0]LogD3D11RHI:       2017/0/8151 MB DedicatedVideo/DedicatedSystem/SharedSystem, Outputs:2, VendorId:0x10de
[2017.11.30-11.07.18:670][  0]LogD3D11RHI:    1. 'Microsoft Basic Render Driver' (Feature Level 11_0)
[2017.11.30-11.07.18:670][  0]LogD3D11RHI:       0/0/8151 MB DedicatedVideo/DedicatedSystem/SharedSystem, Outputs:0, VendorId:0x1414
[2017.11.30-11.07.18:670][  0]LogD3D11RHI: Chosen D3D11 Adapter: 0
[2017.11.30-11.07.18:700][  0]LogD3D11RHI: Creating new Direct3DDevice
[2017.11.30-11.07.18:700][  0]LogD3D11RHI:     GPU DeviceId: 0x1184 (for the marketing name, search the web for "GPU Device Id")
[2017.11.30-11.07.18:700][  0]LogWindows: EnumDisplayDevices:
[2017.11.30-11.07.18:701][  0]LogWindows:    0. 'NVIDIA GeForce GTX 770' (P:1 D:1)
[2017.11.30-11.07.18:701][  0]LogWindows:    1. 'NVIDIA GeForce GTX 770' (P:0 D:1)
[2017.11.30-11.07.18:702][  0]LogWindows:    2. 'NVIDIA GeForce GTX 770' (P:0 D:0)
[2017.11.30-11.07.18:702][  0]LogWindows:    3. 'NVIDIA GeForce GTX 770' (P:0 D:0)
[2017.11.30-11.07.18:703][  0]LogWindows: DebugString: FoundDriverCount:4 
[2017.11.30-11.07.18:703][  0]LogD3D11RHI:     Adapter Name: NVIDIA GeForce GTX 770
[2017.11.30-11.07.18:703][  0]LogD3D11RHI:   Driver Version: 388.13 (internal:23.21.13.8813, unified:388.13)
[2017.11.30-11.07.18:703][  0]LogD3D11RHI:      Driver Date: 10-27-2017
[2017.11.30-11.07.18:703][  0]LogRHI: Texture pool is 1361 MB (70% of 1945 MB)
[2017.11.30-11.07.18:814][  0]LogD3D11RHI: Async texture creation enabled
[2017.11.30-11.07.19:103][  0]LogD3D11RHI: GPU Timing Frequency: 1000.000000 (Debug: 2 1)
[2017.11.30-11.07.19:221][  0]LogShaderCompilers: Guid format shader working directory is -24 characters bigger than the processId version (../../../../../../Users/2sketj33/Desktop/Puzzle-Island-VGD/Puzzle_Island/Intermediate/Shaders/WorkingDirectory/11784/).
[2017.11.30-11.07.19:221][  0]LogShaderCompilers: Cleaned the shader compiler working directory 'C:/Users/2sketj33/AppData/Local/Temp/UnrealShaderWorkingDir/8BD30B2F41DD0E7F6CAF95AB8A4A0EC7/'.
[2017.11.30-11.07.19:237][  0]LogShaderCompilers: Display: Using Local Shader Compiler.
[2017.11.30-11.07.24:585][  0]LogTemp: Display: Loaded TP AllDesktopTargetPlatform
[2017.11.30-11.07.24:812][  0]LogTemp: Display: Loaded TP MacClientTargetPlatform
[2017.11.30-11.07.24:998][  0]LogTemp: Display: Loaded TP MacNoEditorTargetPlatform
[2017.11.30-11.07.25:313][  0]LogTemp: Display: Loaded TP MacServerTargetPlatform
[2017.11.30-11.07.25:678][  0]LogTemp: Display: Loaded TP MacTargetPlatform
[2017.11.30-11.07.25:937][  0]LogTemp: Display: Loaded TP WindowsClientTargetPlatform
[2017.11.30-11.07.26:195][  0]LogTemp: Display: Loaded TP WindowsNoEditorTargetPlatform
[2017.11.30-11.07.26:514][  0]LogTemp: Display: Loaded TP WindowsServerTargetPlatform
[2017.11.30-11.07.26:696][  0]LogTemp: Display: Loaded TP WindowsTargetPlatform
[2017.11.30-11.07.26:882][  0]LogTemp: Display: Loaded TP AndroidTargetPlatform
[2017.11.30-11.07.27:119][  0]LogTemp: Display: Loaded TP Android_ASTCTargetPlatform
[2017.11.30-11.07.27:295][  0]LogTemp: Display: Loaded TP Android_ATCTargetPlatform
[2017.11.30-11.07.27:464][  0]LogTemp: Display: Loaded TP Android_DXTTargetPlatform
[2017.11.30-11.07.27:660][  0]LogTemp: Display: Loaded TP Android_ETC1TargetPlatform
[2017.11.30-11.07.27:927][  0]LogTemp: Display: Loaded TP Android_ETC2TargetPlatform
[2017.11.30-11.07.28:489][  0]LogTemp: Display: Loaded TP Android_MultiTargetPlatform
[2017.11.30-11.07.28:489][  0]LogTemp: Display: Loaded TP Android_PVRTCTargetPlatform
[2017.11.30-11.07.28:753][  0]LogTemp: Display: Loaded TP HTML5TargetPlatform
[2017.11.30-11.07.29:360][  0]LogTemp: Display: Loaded TP IOSTargetPlatform
[2017.11.30-11.07.29:508][  0]LogTemp: Display: Loaded TP TVOSTargetPlatform
[2017.11.30-11.07.29:756][  0]LogTemp: Display: Loaded TP LinuxClientTargetPlatform
[2017.11.30-11.07.29:979][  0]LogTemp: Display: Loaded TP LinuxNoEditorTargetPlatform
[2017.11.30-11.07.30:181][  0]LogTemp: Display: Loaded TP LinuxServerTargetPlatform
[2017.11.30-11.07.30:364][  0]LogTemp: Display: Loaded TP LinuxTargetPlatform
[2017.11.30-11.07.30:364][  0]LogTargetPlatformManager: Display: Building Assets For Windows
[2017.11.30-11.07.33:599][  0]LogDerivedDataCache: Display: Max Cache Size: 512 MB
[2017.11.30-11.07.34:359][  0]LogDerivedDataCache: Loaded boot cache 0.75s 93MB C:/Users/2sketj33/AppData/Local/UnrealEngine/4.17/DerivedDataCache/Boot.ddc.
[2017.11.30-11.07.34:359][  0]LogDerivedDataCache: Display: Loaded Boot cache: C:/Users/2sketj33/AppData/Local/UnrealEngine/4.17/DerivedDataCache/Boot.ddc
[2017.11.30-11.07.34:359][  0]LogDerivedDataCache: FDerivedDataBackendGraph:  Pak pak cache file ../../../../../../Users/2sketj33/Desktop/Puzzle-Island-VGD/Puzzle_Island/DerivedDataCache/DDC.ddp not found, will not use a pak cache.
[2017.11.30-11.07.34:359][  0]LogDerivedDataCache: Unable to find inner node Pak for hierarchical cache Hierarchy.
[2017.11.30-11.07.34:359][  0]LogDerivedDataCache: FDerivedDataBackendGraph:  CompressedPak pak cache file ../../../../../../Users/2sketj33/Desktop/Puzzle-Island-VGD/Puzzle_Island/DerivedDataCache/Compressed.ddp not found, will not use a pak cache.
[2017.11.30-11.07.34:359][  0]LogDerivedDataCache: Unable to find inner node CompressedPak for hierarchical cache Hierarchy.
[2017.11.30-11.07.34:422][  0]LogDerivedDataCache: Display: Pak cache opened for reading ../../../Engine/DerivedDataCache/Compressed.ddp.
[2017.11.30-11.07.34:444][  0]LogDerivedDataCache: Using Local data cache path C:/Users/2sketj33/AppData/Local/UnrealEngine/Common/DerivedDataCache: Writable
[2017.11.30-11.07.34:508][  0]LogMaterial: Verifying Global Shaders for PCD3D_SM5
[2017.11.30-11.07.34:573][  0]LogSlate: Using Freetype 2.6.0
[2017.11.30-11.07.34:662][  0]LogSlate: SlateFontCache - WITH_FREETYPE: 1, WITH_HARFBUZZ: 1
[2017.11.30-11.07.34:676][  0]LogSlate: SlateFontCache - WITH_FREETYPE: 1, WITH_HARFBUZZ: 1
[2017.11.30-11.07.42:570][  0]LogAssetRegistry: FAssetRegistry took 0.0993 seconds to start up
[2017.11.30-11.07.44:521][  0]LogInit: Selected Device Profile: [Windows]
[2017.11.30-11.07.49:774][  0]LogContentStreaming: Texture pool size is 0.00 MB
[2017.11.30-11.07.52:837][  0]LogSimplygon: Simplygon DLL not present - disabling.
[2017.11.30-11.07.53:141][  0]LogMeshReduction: Using SimplygonSwarm for distributed automatic mesh merging
[2017.11.30-11.07.53:161][  0]LogMeshReduction: Using QuadricMeshReduction for automatic static mesh reduction
[2017.11.30-11.07.53:161][  0]LogMeshReduction: No automatic skeletal mesh reduction module available
[2017.11.30-11.07.53:161][  0]LogMeshReduction: No automatic mesh merging module available
[2017.11.30-11.07.53:161][  0]LogMeshMerging: No automatic mesh merging module available
[2017.11.30-11.07.57:935][  0]LogNetVersion: Puzzle_Island , NetCL: 3573198, EngineNetVer: 2, GameNetVer: 0 (Checksum: 3939646741)
[2017.11.30-11.08.00:471][  0]LogPackageLocalizationCache: Processed 5 localized package path(s) for 2 prioritized culture(s) in 0.181066 seconds
[2017.11.30-11.08.00:493][  0]LogUObjectArray: 35825 objects as part of root set at end of initial load.
[2017.11.30-11.08.00:493][  0]LogUObjectAllocator: 7529112 out of 0 bytes used by permanent object pool.
[2017.11.30-11.08.00:493][  0]LogUObjectArray: CloseDisregardForGC: 0/0 objects in disregard for GC pool
[2017.11.30-11.08.00:808][  0]LogInit: WinSock: version 1.1 (2.2), MaxSocks=32767, MaxUdp=65467
[2017.11.30-11.08.36:781][  0]LogTcpMessaging: Initializing TcpMessaging bridge
[2017.11.30-11.08.37:015][  0]LogUdpMessaging: Initializing bridge on interface 0.0.0.0:0 to multicast group 230.0.0.1:6666.
[2017.11.30-11.08.40:448][  0]LogTexture: Display: Building textures: DirtTest (AutoDXT, 1024X1024)
[2017.11.30-11.08.42:230][  0]LogMaterial: Uniform references updated for custom material expression Custom.
[2017.11.30-11.08.43:945][  0]SourceControl: Source control is disabled
[2017.11.30-11.08.43:945][  0]SourceControl: Source control is disabled
[2017.11.30-11.08.44:268][  0]SourceControl: Source control is disabled
[2017.11.30-11.08.44:476][  0]SourceControl: Source control is disabled
[2017.11.30-11.08.48:294][  0]LogAndroidPermission: UAndroidPermissionCallbackProxy::GetInstance
[2017.11.30-11.08.49:342][  0]LogOcInput: OculusInput pre-init called
[2017.11.30-11.08.50:630][  0]LogEngine: Initializing Engine...
[2017.11.30-11.08.50:658][  0]LogHMD: Failed to initialize OpenVR with code 110
[2017.11.30-11.08.51:053][  0]LogStats: UGameplayTagsManager::ConstructGameplayTagTree: Construct from data asset -  0.000 s
[2017.11.30-11.08.51:053][  0]LogStats: UGameplayTagsManager::ConstructGameplayTagTree: GameplayTagTreeChangedEvent.Broadcast -  0.000 s
[2017.11.30-11.08.51:949][  0]LogAIModule: Creating AISystem for world Untitled
[2017.11.30-11.08.52:128][  0]LogInit: XAudio2 using 'T24B350-4 (NVIDIA High Definition Audio)' : 2 channels at 48 kHz using 16 bits per sample (channel mask 0x3)
[2017.11.30-11.08.52:280][  0]LogInit: FAudioDevice initialized.
[2017.11.30-11.08.52:501][  0]LogDerivedDataCache: Saved boot cache 0.22s 94MB C:/Users/2sketj33/AppData/Local/UnrealEngine/4.17/DerivedDataCache/Boot.ddc.
[2017.11.30-11.08.52:526][  0]LogInit: Texture streaming: Enabled
[2017.11.30-11.08.53:165][  0]LogEngineSessionManager: EngineSessionManager initialized
[2017.11.30-11.08.54:632][  0]LogInit: Transaction tracking system initialized
[2017.11.30-11.08.58:213][  0]BlueprintLog: New page: Editor Load
[2017.11.30-11.09.06:927][  0]LocalizationService: Localization service is disabled
[2017.11.30-11.09.12:893][  0]LogConsoleResponse: Display: 
[2017.11.30-11.09.14:841][  0]LogAutoReimportManager: Warning: Unable to watch directory ../../../../../../Users/2sketj33/Desktop/Puzzle-Island-VGD/Puzzle_Island/Content/ as it will conflict with another watching ../../../../../../Users/2sketj33/Desktop/Puzzle-Island-VGD/Puzzle_Island/Content/.
[2017.11.30-11.09.14:841][  0]LogAutoReimportManager: Warning: Unable to watch directory ../../../../../../Users/2sketj33/Desktop/Puzzle-Island-VGD/Puzzle_Island/Content/ as it will conflict with another watching ../../../../../../Users/2sketj33/Desktop/Puzzle-Island-VGD/Puzzle_Island/Content/.
[2017.11.30-11.09.14:842][  0]LogAutoReimportManager: Warning: Unable to watch directory ../../../../../../Users/2sketj33/Desktop/Puzzle-Island-VGD/Puzzle_Island/Content/ as it will conflict with another watching ../../../../../../Users/2sketj33/Desktop/Puzzle-Island-VGD/Puzzle_Island/Content/.
[2017.11.30-11.09.14:942][  0]LogFileCache: Scanning file cache for directory 'C:/Users/2sketj33/Desktop/Puzzle-Island-VGD/Puzzle_Island/Content/' took 0.03s
[2017.11.30-11.09.14:942][  0]LogCook: Display: Max memory allowance for cook 16384mb min free memory 0mb
[2017.11.30-11.09.14:943][  0]LogCook: Display: Mobile HDR setting 1
[2017.11.30-11.09.15:027][  0]LogGameplayTags: Display: UGameplayTagsManager::DoneAddingNativeTags. DelegateIsBound: 0
[2017.11.30-11.09.27:210][  0]SourceControl: Source control is disabled
[2017.11.30-11.09.27:332][  0]Cmd: MAP LOAD FILE="../../../../../../Users/2sketj33/Desktop/Puzzle-Island-VGD/Puzzle_Island/Content/Maps/Puzzle_Island.umap" TEMPLATE=0 SHOWPROGRESS=1 FEATURELEVEL=3
[2017.11.30-11.09.27:340][  0]LightingResults: New page: Lighting Build
[2017.11.30-11.09.28:130][  0]MapCheck: New page: Map Check
[2017.11.30-11.09.28:130][  0]LightingResults: New page: Lighting Build
[2017.11.30-11.09.31:180][  0]LogTexture: Display: Building textures: NPC_Text_Box (AutoDXT, 1024X400)
[2017.11.30-11.09.31:181][  0]LogTexture: Display: Building textures: DoorFrame_D_Placeholder (AutoDXT, 256X256)
[2017.11.30-11.09.31:181][  0]LogTexture: Display: Building textures: Tree2_D (AutoDXT, 1024X1024)
[2017.11.30-11.09.31:181][  0]LogTexture: Display: Building textures: Door_D (AutoDXT, 1024X1024)
[2017.11.30-11.09.31:181][  0]LogTexture: Display: Building textures: Texture2D_0 (BGRA8, 512X512)
[2017.11.30-11.09.31:181][  0]LogTexture: Display: Building textures: Tree1_D (AutoDXT, 1024X1024)
[2017.11.30-11.09.31:181][  0]LogTexture: Display: Building textures: GrassTest (AutoDXT, 1024X1024)
[2017.11.30-11.09.31:181][  0]LogMaterial: Missing cached shader map for material LowPoly, compiling. 
[2017.11.30-11.09.32:108][  0]LogMaterial: Missing cached shader map for material DoorFrame_Placeholder_Mat, compiling. 
[2017.11.30-11.09.32:162][  0]LogMaterial: Missing cached shader map for material Door_Mat, compiling. 
[2017.11.30-11.09.32:226][  0]LogMaterial: Missing cached shader map for material Tree2_Mat, compiling. 
[2017.11.30-11.09.32:766][  0]LogMaterial: Missing cached shader map for material LowPoly, compiling. 
[2017.11.30-11.09.32:835][  0]LogStaticMesh: Building static mesh LargeDoor...
[2017.11.30-11.09.32:945][  0]LogStaticMesh: Built static mesh [0.11s] /Game/FBX/LargeDoor.LargeDoor
[2017.11.30-11.09.33:145][  0]LogStaticMesh: Building static mesh Tree2...
[2017.11.30-11.09.33:150][  0]LogStaticMesh: Built static mesh [0.01s] /Game/FBX/Tree2.Tree2
[2017.11.30-11.09.33:151][  0]LogStaticMesh: Building static mesh Tree1...
[2017.11.30-11.09.33:159][  0]LogStaticMesh: Built static mesh [0.01s] /Game/FBX/Tree1.Tree1
[2017.11.30-11.09.33:164][  0]LogMaterial: Missing cached shader map for material Tree1_Mat, compiling. 
[2017.11.30-11.09.33:200][  0]LogAIModule: Creating AISystem for world Puzzle_Island
[2017.11.30-11.09.34:496][  0]LogEditorServer: Finished looking for orphan Actors (0.000 secs)
[2017.11.30-11.09.34:718][  0]Cmd: MAP CHECKDEP NOCLEARLOG
[2017.11.30-11.09.34:808][  0]MapCheck: Map check complete: 0 Error(s), 0 Warning(s), took 88.336ms to complete.
[2017.11.30-11.09.34:808][  0]LogFileHelpers: Loading map 'Puzzle_Island' took 7.483
[2017.11.30-11.09.37:753][  0]LogCollectionManager: Loaded 0 collections in 0.003326 seconds
[2017.11.30-11.09.38:247][  0]LogFileCache: Scanning file cache for directory 'C:/Users/2sketj33/Desktop/Puzzle-Island-VGD/Puzzle_Island/Saved/Collections/' took 0.01s
[2017.11.30-11.09.38:247][  0]LogFileCache: Scanning file cache for directory 'C:/Users/2sketj33/Desktop/Puzzle-Island-VGD/Puzzle_Island/Content/Developers/2sketj33/Collections/' took 0.01s
[2017.11.30-11.09.38:247][  0]LogFileCache: Scanning file cache for directory 'C:/Users/2sketj33/Desktop/Puzzle-Island-VGD/Puzzle_Island/Content/Collections/' took 0.01s
[2017.11.30-11.09.38:247][  0]LogCollectionManager: Rebuilt the GUID cache for 0 collections in 0.000001 seconds
[2017.11.30-11.09.38:279][  0]LogContentBrowser: Native class hierarchy populated in 0.0290 seconds. Added 2388 classes and 502 folders.
[2017.11.30-11.09.38:762][  0]LogContentBrowser: Native class hierarchy updated for 'WidgetCarousel' in 0.0041 seconds. Added 0 classes and 0 folders.
[2017.11.30-11.09.41:439][  0]LogContentBrowser: Native class hierarchy updated for 'AddContentDialog' in 0.0036 seconds. Added 0 classes and 0 folders.
[2017.11.30-11.09.41:790][  0]LogContentBrowser: Native class hierarchy updated for 'SceneOutliner' in 0.0041 seconds. Added 1 classes and 2 folders.
[2017.11.30-11.09.42:293][  0]LogSlate: Took 0.014503 seconds to synchronously load lazily loaded font '../../../Engine/Content/Slate/Fonts/Roboto-Regular.ttf' (155K)
[2017.11.30-11.09.42:317][  0]LogSlate: Took 0.010322 seconds to synchronously load lazily loaded font '../../../Engine/Content/Slate/Fonts/Roboto-Bold.ttf' (160K)
[2017.11.30-11.09.42:378][  0]LogSlate: Took 0.012126 seconds to synchronously load lazily loaded font '../../../Engine/Content/Editor/Slate/Fonts/FontAwesome.ttf' (139K)
[2017.11.30-11.09.42:859][  0]LogRenderer: Reallocating scene render targets to support 1208x576 Format 10 NumSamples 1 (Frame:1).
[2017.11.30-11.09.44:928][  0]LogContentBrowser: Native class hierarchy updated for 'HierarchicalLODOutliner' in 0.0024 seconds. Added 1 classes and 2 folders.
[2017.11.30-11.09.44:928][  0]LogLoad: (Engine Initialization) Total time: 173.61 seconds
[2017.11.30-11.09.44:928][  0]LogLoad: (Engine Initialization) Total Blueprint compile time: 0.00 seconds
[2017.11.30-11.09.44:928][  0]LogExternalProfiler: Found external profiler: VSPerf
[2017.11.30-11.09.44:928][  0]LogExternalProfiler: Using external profiler: VSPerf
[2017.11.30-11.09.45:434][  0]LogContentStreaming: Texture pool size now 1000 MB
[2017.11.30-11.09.45:861][  0]LogSlate: Took 0.144869 seconds to synchronously load lazily loaded font '../../../Engine/Content/Slate/Fonts/Roboto-Light.ttf' (159K)
[2017.11.30-11.09.47:341][  4]LogAssetRegistry: Asset discovery search completed in 123.5093 seconds
[2017.11.30-11.09.47:344][  4]LogCollectionManager: Rebuilt the object cache for 0 collections in 0.000001 seconds (found 0 objects)
[2017.11.30-11.09.47:345][  4]LogCollectionManager: Fixed up redirectors for 0 collections in 0.000071 seconds (updated 0 objects)
[2017.11.30-11.09.51:332][ 16]LogFileCache: Retrieving MD5 hashes for directory 'C:/Users/2sketj33/Desktop/Puzzle-Island-VGD/Puzzle_Island/Content/' took 6.03s
[2017.11.30-11.09.56:773][ 33]LogSynthBenchmark: Display: FSynthBenchmark (V0.95):  requested WorkScale=5.00
[2017.11.30-11.09.56:773][ 33]LogSynthBenchmark: Display: ===============
[2017.11.30-11.09.56:773][ 33]LogSynthBenchmark: Display: Main Processor:
[2017.11.30-11.09.56:967][ 33]LogSynthBenchmark: Display:          ... 0.018731 s/Run 'RayIntersect'
[2017.11.30-11.09.56:967][ 33]LogSynthBenchmark: Display:          ... 0.020049 s/Run 'Fractal'
[2017.11.30-11.09.56:967][ 33]LogSynthBenchmark: Display: 
[2017.11.30-11.09.56:967][ 33]LogSynthBenchmark: Display:   CompiledTarget_x_Bits: 64
[2017.11.30-11.09.56:967][ 33]LogSynthBenchmark: Display:   UE_BUILD_SHIPPING: 0
[2017.11.30-11.09.56:967][ 33]LogSynthBenchmark: Display:   UE_BUILD_TEST: 0
[2017.11.30-11.09.56:967][ 33]LogSynthBenchmark: Display:   UE_BUILD_DEBUG: 0
[2017.11.30-11.09.56:967][ 33]LogSynthBenchmark: Display:   TotalPhysicalGBRam: 16
[2017.11.30-11.09.56:967][ 33]LogSynthBenchmark: Display:   NumberOfCores (physical): 4
[2017.11.30-11.09.56:968][ 33]LogSynthBenchmark: Display:   NumberOfCores (logical): 8
[2017.11.30-11.09.56:968][ 33]LogSynthBenchmark: Display:   CPU Perf Index 0: 136.7 (weight 1.00)
[2017.11.30-11.09.56:968][ 33]LogSynthBenchmark: Display:   CPU Perf Index 1: 142.6 (weight 1.50)
[2017.11.30-11.09.56:968][ 33]LogSynthBenchmark: Display:  
[2017.11.30-11.09.56:968][ 33]LogSynthBenchmark: Display: Graphics:
[2017.11.30-11.09.56:968][ 33]LogSynthBenchmark: Display:   Adapter Name: 'NVIDIA GeForce GTX 770'
[2017.11.30-11.09.56:968][ 33]LogSynthBenchmark: Display:   (On Optimus the name might be wrong, memory should be ok)
[2017.11.30-11.09.56:968][ 33]LogSynthBenchmark: Display:   Vendor Id: 0x10DE
[2017.11.30-11.09.56:968][ 33]LogSynthBenchmark: Display:   Device Id: 0x1184
[2017.11.30-11.09.56:968][ 33]LogSynthBenchmark: Display:   Device Revision: 0xA1
[2017.11.30-11.09.56:968][ 33]LogSynthBenchmark: Display:   GPU Memory: 2018/0/8152 MB
[2017.11.30-11.09.57:209][ 33]LogSynthBenchmark: Display:   GPU first test: 0.12s
[2017.11.30-11.09.57:209][ 33]LogSynthBenchmark: Display:          ... 0.513 s/GigaPix, Confidence=100% 'ALUHeavyNoise' (likely to be very inaccurate)
[2017.11.30-11.09.57:209][ 33]LogSynthBenchmark: Display:          ... 0.782 s/GigaPix, Confidence=100% 'TexHeavy' (likely to be very inaccurate)
[2017.11.30-11.09.57:209][ 33]LogSynthBenchmark: Display:          ... 0.473 s/GigaPix, Confidence=100% 'DepTexHeavy' (likely to be very inaccurate)
[2017.11.30-11.09.57:209][ 33]LogSynthBenchmark: Display:          ... 1.830 s/GigaPix, Confidence=100% 'FillOnly' (likely to be very inaccurate)
[2017.11.30-11.09.57:209][ 33]LogSynthBenchmark: Display:          ... 0.111 s/GigaPix, Confidence=100% 'Bandwidth' (likely to be very inaccurate)
[2017.11.30-11.09.57:209][ 33]LogSynthBenchmark: Display:          ... 0.269 s/GigaVert, Confidence=100% 'VertThroughPut1' (likely to be very inaccurate)
[2017.11.30-11.09.57:209][ 33]LogSynthBenchmark: Display:          ... 0.454 s/GigaVert, Confidence=100% 'VertThroughPut2' (likely to be very inaccurate)
[2017.11.30-11.09.57:209][ 33]LogSynthBenchmark: Display:   GPU Final Results:
[2017.11.30-11.09.57:209][ 33]LogSynthBenchmark: Display:          ... 0.513 s/GigaPix, Confidence=100% 'ALUHeavyNoise'
[2017.11.30-11.09.57:209][ 33]LogSynthBenchmark: Display:          ... 0.782 s/GigaPix, Confidence=100% 'TexHeavy'
[2017.11.30-11.09.57:209][ 33]LogSynthBenchmark: Display:          ... 0.473 s/GigaPix, Confidence=100% 'DepTexHeavy'
[2017.11.30-11.09.57:209][ 33]LogSynthBenchmark: Display:          ... 1.830 s/GigaPix, Confidence=100% 'FillOnly'
[2017.11.30-11.09.57:209][ 33]LogSynthBenchmark: Display:          ... 0.111 s/GigaPix, Confidence=100% 'Bandwidth'
[2017.11.30-11.09.57:209][ 33]LogSynthBenchmark: Display:          ... 0.269 s/GigaVert, Confidence=100% 'VertThroughPut1'
[2017.11.30-11.09.57:209][ 33]LogSynthBenchmark: Display:          ... 0.454 s/GigaVert, Confidence=100% 'VertThroughPut2'
[2017.11.30-11.09.57:209][ 33]LogSynthBenchmark: Display: 
[2017.11.30-11.09.57:210][ 33]LogSynthBenchmark: Display:   GPU Perf Index 0: 11.1 (weight 1.00)
[2017.11.30-11.09.57:210][ 33]LogSynthBenchmark: Display:   GPU Perf Index 1: 10.5 (weight 0.10)
[2017.11.30-11.09.57:210][ 33]LogSynthBenchmark: Display:   GPU Perf Index 2: 12.3 (weight 0.10)
[2017.11.30-11.09.57:210][ 33]LogSynthBenchmark: Display:   GPU Perf Index 3: 7.2 (weight 3.00)
[2017.11.30-11.09.57:210][ 33]LogSynthBenchmark: Display:   GPU Perf Index 4: 10.3 (weight 1.00)
[2017.11.30-11.09.57:210][ 33]LogSynthBenchmark: Display:   GPU Perf Index 5: 17.5 (weight 0.00)
[2017.11.30-11.09.57:210][ 33]LogSynthBenchmark: Display:   GPU Perf Index 6: 25.7 (weight 0.00)
[2017.11.30-11.09.57:210][ 33]LogSynthBenchmark: Display:   CPUIndex: 140.3
[2017.11.30-11.09.57:210][ 33]LogSynthBenchmark: Display:   GPUIndex: 8.7
[2017.11.30-11.09.57:210][ 33]LogSynthBenchmark: Display: 
[2017.11.30-11.09.57:210][ 33]LogSynthBenchmark: Display:          ... Total Time: 0.436912 sec
[2017.11.30-11.13.31:132][191]LogTemp: Repeating last play command: Selected Viewport
[2017.11.30-11.13.31:331][191]LogBlueprintUserMessages: Early PlayInEditor Detection: Level '/Game/Maps/Puzzle_Island.Puzzle_Island:PersistentLevel' has LevelScriptBlueprint '/Game/Maps/Puzzle_Island.Puzzle_Island:PersistentLevel.Puzzle_Island' with GeneratedClass '/Game/Maps/Puzzle_Island.Puzzle_Island_C' with ClassGeneratedBy '/Game/Maps/Puzzle_Island.Puzzle_Island:PersistentLevel.Puzzle_Island'
[2017.11.30-11.13.31:332][191]LogPlayLevel: PlayLevel: No blueprints needed recompiling
[2017.11.30-11.13.31:369][191]PIE: New page: PIE session: Puzzle_Island (30 Nov 2017 11:13:31)
[2017.11.30-11.13.31:370][191]LogPlayLevel: Creating play world package: /Game/Maps/UEDPIE_0_Puzzle_Island
[2017.11.30-11.13.31:390][191]LogPlayLevel: PIE: StaticDuplicateObject took: (0.020075s)
[2017.11.30-11.13.31:391][191]LogAIModule: Creating AISystem for world Puzzle_Island
[2017.11.30-11.13.31:391][191]LogPlayLevel: PIE: World Init took: (0.000919s)
[2017.11.30-11.13.31:391][191]LogPlayLevel: PIE: Created PIE world by copying editor world from /Game/Maps/Puzzle_Island.Puzzle_Island to /Game/Maps/UEDPIE_0_Puzzle_Island.Puzzle_Island (0.021361s)
[2017.11.30-11.13.31:416][191]LogInit: XAudio2 using 'T24B350-4 (NVIDIA High Definition Audio)' : 2 channels at 48 kHz using 16 bits per sample (channel mask 0x3)
[2017.11.30-11.13.31:427][191]LogInit: FAudioDevice initialized.
[2017.11.30-11.13.31:774][191]LogTexture: Display: Building textures: LoadingScreen (AutoDXT, 256X256)
[2017.11.30-11.13.31:774][191]LogMaterial: Missing cached shader map for material LoadingScreen_Mat, compiling. 
[2017.11.30-11.13.31:796][191]LogLoad: Game class is '3D_Exploration_GameMode_C'
[2017.11.30-11.13.31:818][191]LogWorld: Bringing World /Game/Maps/UEDPIE_0_Puzzle_Island.Puzzle_Island up for play (max tick rate 0) at 2017.11.30-11.13.31
[2017.11.30-11.13.32:008][191]LogWorld: Bringing up level for play took: 0.195821
[2017.11.30-11.13.32:204][191]LogContentBrowser: Native class hierarchy updated for 'MovieSceneCapture' in 0.0025 seconds. Added 11 classes and 0 folders.
[2017.11.30-11.13.32:260][191]PIE: Play in editor start time for /Game/Maps/UEDPIE_0_Puzzle_Island 1.607
[2017.11.30-11.13.32:260][191]LogBlueprintUserMessages: Late PlayInEditor Detection: Level '/Game/Maps/Puzzle_Island.Puzzle_Island:PersistentLevel' has LevelScriptBlueprint '/Game/Maps/Puzzle_Island.Puzzle_Island:PersistentLevel.Puzzle_Island' with GeneratedClass '/Game/Maps/Puzzle_Island.Puzzle_Island_C' with ClassGeneratedBy '/Game/Maps/Puzzle_Island.Puzzle_Island:PersistentLevel.Puzzle_Island'
[2017.11.30-11.13.48:517][ 73]LogNet: Browse: /Game/Maps/Jigsaw_01
[2017.11.30-11.13.48:517][ 73]LogLoad: LoadMap: /Game/Maps/Jigsaw_01
[2017.11.30-11.13.48:538][ 73]Cmd: MEM
[2017.11.30-11.13.48:612][ 73]LogMemory: Platform Memory Stats for Windows
[2017.11.30-11.13.48:612][ 73]LogMemory: Process Physical Memory: 1179.73 MB used, 1302.86 MB peak
[2017.11.30-11.13.48:612][ 73]LogMemory: Process Virtual Memory: 1727.16 MB used, 1762.54 MB peak
[2017.11.30-11.13.48:612][ 73]LogMemory: Physical Memory: 6509.21 MB used,  9792.94 MB free, 16302.15 MB total
[2017.11.30-11.13.48:612][ 73]LogMemory: Virtual Memory: 2573.91 MB used,  9792.94 MB free, 134217728.00 MB total
[2017.11.30-11.13.48:612][ 73]LogMemory: 
[2017.11.30-11.13.48:612][ 73]Allocator Stats for TBB: (not implemented)
[2017.11.30-11.13.49:231][ 73]LogTexture: Display: Building textures: HQ_Lightmap1_1 (AutoDXT, 64X64)
[2017.11.30-11.13.49:231][ 73]LogTexture: Display: Building textures: LQ_Lightmap_1_1 (DXT1, 64X64)
[2017.11.30-11.13.49:231][ 73]LogTexture: Display: Building textures: ShadowMapTexture2D_1 (G8, 32X32)
[2017.11.30-11.13.49:231][ 73]LogTexture: Display: Building textures: Jigsaw_01_Pieces (BGRA8, 1866X1080)
[2017.11.30-11.13.49:231][ 73]LogTexture: Display: Building textures: Full_Img (AutoDXT, 1024X672)
[2017.11.30-11.13.50:607][ 73]LogLoad: Game class is '2D_GameMode_C'
[2017.11.30-11.13.50:637][ 73]LogWorld: Bringing World /Game/Maps/UEDPIE_0_Jigsaw_01.Jigsaw_01 up for play (max tick rate 0) at 2017.11.30-11.13.50
[2017.11.30-11.13.50:638][ 73]LogWorld: Bringing up level for play took: 0.029924
[2017.11.30-11.13.50:651][ 73]LogLoad: Took 2.133520 seconds to LoadMap(/Game/Maps/Jigsaw_01)
[2017.11.30-11.13.58:248][960]LogBlueprintUserMessages: [Jigsaw_Piece_BP_3] AlreadyInCorrectPosition
[2017.11.30-11.13.58:255][961]LogBlueprintUserMessages: [Jigsaw_Piece_BP_3] AlreadyInCorrectPosition
[2017.11.30-11.13.58:263][962]LogBlueprintUserMessages: [Jigsaw_Piece_BP_3] AlreadyInCorrectPosition
[2017.11.30-11.13.58:272][963]LogBlueprintUserMessages: [Jigsaw_Piece_BP_3] AlreadyInCorrectPosition
[2017.11.30-11.13.58:280][964]LogBlueprintUserMessages: [Jigsaw_Piece_BP_3] AlreadyInCorrectPosition
[2017.11.30-11.13.58:289][965]LogBlueprintUserMessages: [Jigsaw_Piece_BP_3] AlreadyInCorrectPosition
[2017.11.30-11.13.58:298][966]LogBlueprintUserMessages: [Jigsaw_Piece_BP_3] AlreadyInCorrectPosition
[2017.11.30-11.13.58:306][967]LogBlueprintUserMessages: [Jigsaw_Piece_BP_3] AlreadyInCorrectPosition
[2017.11.30-11.13.58:316][968]LogBlueprintUserMessages: [Jigsaw_Piece_BP_3] AlreadyInCorrectPosition
[2017.11.30-11.13.58:325][969]LogBlueprintUserMessages: [Jigsaw_Piece_BP_3] AlreadyInCorrectPosition
[2017.11.30-11.13.58:334][970]LogBlueprintUserMessages: [Jigsaw_Piece_BP_3] AlreadyInCorrectPosition
[2017.11.30-11.13.58:342][971]LogBlueprintUserMessages: [Jigsaw_Piece_BP_3] AlreadyInCorrectPosition
[2017.11.30-11.13.58:350][972]LogBlueprintUserMessages: [Jigsaw_Piece_BP_3] AlreadyInCorrectPosition
[2017.11.30-11.13.58:359][973]LogBlueprintUserMessages: [Jigsaw_Piece_BP_3] AlreadyInCorrectPosition
[2017.11.30-11.13.58:367][974]LogBlueprintUserMessages: [Jigsaw_Piece_BP_3] AlreadyInCorrectPosition
[2017.11.30-11.13.58:376][975]LogBlueprintUserMessages: [Jigsaw_Piece_BP_3] AlreadyInCorrectPosition
[2017.11.30-11.13.58:384][976]LogBlueprintUserMessages: [Jigsaw_Piece_BP_3] AlreadyInCorrectPosition
[2017.11.30-11.13.58:392][977]LogBlueprintUserMessages: [Jigsaw_Piece_BP_3] AlreadyInCorrectPosition
[2017.11.30-11.13.58:401][978]LogBlueprintUserMessages: [Jigsaw_Piece_BP_3] AlreadyInCorrectPosition
[2017.11.30-11.13.58:409][979]LogBlueprintUserMessages: [Jigsaw_Piece_BP_3] AlreadyInCorrectPosition
[2017.11.30-11.13.58:417][980]LogBlueprintUserMessages: [Jigsaw_Piece_BP_3] AlreadyInCorrectPosition
[2017.11.30-11.13.58:426][981]LogBlueprintUserMessages: [Jigsaw_Piece_BP_3] AlreadyInCorrectPosition
[2017.11.30-11.13.58:434][982]LogBlueprintUserMessages: [Jigsaw_Piece_BP_3] AlreadyInCorrectPosition
[2017.11.30-11.13.58:442][983]LogBlueprintUserMessages: [Jigsaw_Piece_BP_3] AlreadyInCorrectPosition
[2017.11.30-11.13.58:451][984]LogBlueprintUserMessages: [Jigsaw_Piece_BP_3] AlreadyInCorrectPosition
[2017.11.30-11.13.58:459][985]LogBlueprintUserMessages: [Jigsaw_Piece_BP_3] AlreadyInCorrectPosition
[2017.11.30-11.13.58:467][986]LogBlueprintUserMessages: [Jigsaw_Piece_BP_3] AlreadyInCorrectPosition
[2017.11.30-11.13.58:476][987]LogBlueprintUserMessages: [Jigsaw_Piece_BP_3] AlreadyInCorrectPosition
[2017.11.30-11.13.58:484][988]LogBlueprintUserMessages: [Jigsaw_Piece_BP_3] AlreadyInCorrectPosition
[2017.11.30-11.13.58:492][989]LogBlueprintUserMessages: [Jigsaw_Piece_BP_3] AlreadyInCorrectPosition
[2017.11.30-11.13.58:501][990]LogBlueprintUserMessages: [Jigsaw_Piece_BP_3] AlreadyInCorrectPosition
[2017.11.30-11.13.58:509][991]LogBlueprintUserMessages: [Jigsaw_Piece_BP_3] AlreadyInCorrectPosition
[2017.11.30-11.13.58:518][992]LogBlueprintUserMessages: [Jigsaw_Piece_BP_3] AlreadyInCorrectPosition
[2017.11.30-11.13.58:526][993]LogBlueprintUserMessages: [Jigsaw_Piece_BP_3] AlreadyInCorrectPosition
[2017.11.30-11.13.58:534][994]LogBlueprintUserMessages: [Jigsaw_Piece_BP_3] AlreadyInCorrectPosition
[2017.11.30-11.13.58:542][995]LogBlueprintUserMessages: [Jigsaw_Piece_BP_3] AlreadyInCorrectPosition
[2017.11.30-11.13.58:551][996]LogBlueprintUserMessages: [Jigsaw_Piece_BP_3] AlreadyInCorrectPosition
[2017.11.30-11.13.58:559][997]LogBlueprintUserMessages: [Jigsaw_Piece_BP_3] AlreadyInCorrectPosition
[2017.11.30-11.13.58:567][998]LogBlueprintUserMessages: [Jigsaw_Piece_BP_3] AlreadyInCorrectPosition
[2017.11.30-11.13.58:576][999]LogBlueprintUserMessages: [Jigsaw_Piece_BP_3] AlreadyInCorrectPosition
[2017.11.30-11.13.58:584][  0]LogBlueprintUserMessages: [Jigsaw_Piece_BP_3] AlreadyInCorrectPosition
[2017.11.30-11.13.58:592][  1]LogBlueprintUserMessages: [Jigsaw_Piece_BP_3] AlreadyInCorrectPosition
[2017.11.30-11.13.58:601][  2]LogBlueprintUserMessages: [Jigsaw_Piece_BP_3] AlreadyInCorrectPosition
[2017.11.30-11.13.58:609][  3]LogBlueprintUserMessages: [Jigsaw_Piece_BP_3] AlreadyInCorrectPosition
[2017.11.30-11.13.58:617][  4]LogBlueprintUserMessages: [Jigsaw_Piece_BP_3] AlreadyInCorrectPosition
[2017.11.30-11.13.58:626][  5]LogBlueprintUserMessages: [Jigsaw_Piece_BP_3] AlreadyInCorrectPosition
[2017.11.30-11.14.00:489][228]LogBlueprintUserMessages: [Jigsaw_Piece_BP_1] AlreadyInCorrectPosition
[2017.11.30-11.14.00:497][229]LogBlueprintUserMessages: [Jigsaw_Piece_BP_1] AlreadyInCorrectPosition
[2017.11.30-11.14.00:506][230]LogBlueprintUserMessages: [Jigsaw_Piece_BP_1] AlreadyInCorrectPosition
[2017.11.30-11.14.00:514][231]LogBlueprintUserMessages: [Jigsaw_Piece_BP_1] AlreadyInCorrectPosition
[2017.11.30-11.14.00:523][232]LogBlueprintUserMessages: [Jigsaw_Piece_BP_1] AlreadyInCorrectPosition
[2017.11.30-11.14.00:531][233]LogBlueprintUserMessages: [Jigsaw_Piece_BP_1] AlreadyInCorrectPosition
[2017.11.30-11.14.00:539][234]LogBlueprintUserMessages: [Jigsaw_Piece_BP_1] AlreadyInCorrectPosition
[2017.11.30-11.14.00:547][235]LogBlueprintUserMessages: [Jigsaw_Piece_BP_1] AlreadyInCorrectPosition
[2017.11.30-11.14.00:556][236]LogBlueprintUserMessages: [Jigsaw_Piece_BP_1] AlreadyInCorrectPosition
[2017.11.30-11.14.00:565][237]LogBlueprintUserMessages: [Jigsaw_Piece_BP_1] AlreadyInCorrectPosition
[2017.11.30-11.14.00:573][238]LogBlueprintUserMessages: [Jigsaw_Piece_BP_1] AlreadyInCorrectPosition
[2017.11.30-11.14.00:581][239]LogBlueprintUserMessages: [Jigsaw_Piece_BP_1] AlreadyInCorrectPosition
[2017.11.30-11.14.00:590][240]LogBlueprintUserMessages: [Jigsaw_Piece_BP_1] AlreadyInCorrectPosition
[2017.11.30-11.14.00:598][241]LogBlueprintUserMessages: [Jigsaw_Piece_BP_1] AlreadyInCorrectPosition
[2017.11.30-11.14.00:606][242]LogBlueprintUserMessages: [Jigsaw_Piece_BP_1] AlreadyInCorrectPosition
[2017.11.30-11.14.00:614][243]LogBlueprintUserMessages: [Jigsaw_Piece_BP_1] AlreadyInCorrectPosition
[2017.11.30-11.14.00:623][244]LogBlueprintUserMessages: [Jigsaw_Piece_BP_1] AlreadyInCorrectPosition
[2017.11.30-11.14.00:631][245]LogBlueprintUserMessages: [Jigsaw_Piece_BP_1] AlreadyInCorrectPosition
[2017.11.30-11.14.00:640][246]LogBlueprintUserMessages: [Jigsaw_Piece_BP_1] AlreadyInCorrectPosition
[2017.11.30-11.14.00:648][247]LogBlueprintUserMessages: [Jigsaw_Piece_BP_1] AlreadyInCorrectPosition
[2017.11.30-11.14.00:656][248]LogBlueprintUserMessages: [Jigsaw_Piece_BP_1] AlreadyInCorrectPosition
[2017.11.30-11.14.00:664][249]LogBlueprintUserMessages: [Jigsaw_Piece_BP_1] AlreadyInCorrectPosition
[2017.11.30-11.14.00:673][250]LogBlueprintUserMessages: [Jigsaw_Piece_BP_1] AlreadyInCorrectPosition
[2017.11.30-11.14.00:681][251]LogBlueprintUserMessages: [Jigsaw_Piece_BP_1] AlreadyInCorrectPosition
[2017.11.30-11.14.00:689][252]LogBlueprintUserMessages: [Jigsaw_Piece_BP_1] AlreadyInCorrectPosition
[2017.11.30-11.14.00:698][253]LogBlueprintUserMessages: [Jigsaw_Piece_BP_1] AlreadyInCorrectPosition
[2017.11.30-11.14.00:706][254]LogBlueprintUserMessages: [Jigsaw_Piece_BP_1] AlreadyInCorrectPosition
[2017.11.30-11.14.00:714][255]LogBlueprintUserMessages: [Jigsaw_Piece_BP_1] AlreadyInCorrectPosition
[2017.11.30-11.14.00:723][256]LogBlueprintUserMessages: [Jigsaw_Piece_BP_1] AlreadyInCorrectPosition
[2017.11.30-11.14.00:731][257]LogBlueprintUserMessages: [Jigsaw_Piece_BP_1] AlreadyInCorrectPosition
[2017.11.30-11.14.00:739][258]LogBlueprintUserMessages: [Jigsaw_Piece_BP_1] AlreadyInCorrectPosition
[2017.11.30-11.14.00:748][259]LogBlueprintUserMessages: [Jigsaw_Piece_BP_1] AlreadyInCorrectPosition
[2017.11.30-11.14.00:756][260]LogBlueprintUserMessages: [Jigsaw_Piece_BP_1] AlreadyInCorrectPosition
[2017.11.30-11.14.00:764][261]LogBlueprintUserMessages: [Jigsaw_Piece_BP_1] AlreadyInCorrectPosition
[2017.11.30-11.14.00:773][262]LogBlueprintUserMessages: [Jigsaw_Piece_BP_1] AlreadyInCorrectPosition
[2017.11.30-11.14.00:781][263]LogBlueprintUserMessages: [Jigsaw_Piece_BP_1] AlreadyInCorrectPosition
[2017.11.30-11.14.00:789][264]LogBlueprintUserMessages: [Jigsaw_Piece_BP_1] AlreadyInCorrectPosition
[2017.11.30-11.14.00:798][265]LogBlueprintUserMessages: [Jigsaw_Piece_BP_1] AlreadyInCorrectPosition
[2017.11.30-11.14.00:806][266]LogBlueprintUserMessages: [Jigsaw_Piece_BP_1] AlreadyInCorrectPosition
[2017.11.30-11.14.00:814][267]LogBlueprintUserMessages: [Jigsaw_Piece_BP_1] AlreadyInCorrectPosition
[2017.11.30-11.14.00:823][268]LogBlueprintUserMessages: [Jigsaw_Piece_BP_1] AlreadyInCorrectPosition
[2017.11.30-11.14.00:831][269]LogBlueprintUserMessages: [Jigsaw_Piece_BP_1] AlreadyInCorrectPosition
[2017.11.30-11.14.00:839][270]LogBlueprintUserMessages: [Jigsaw_Piece_BP_1] AlreadyInCorrectPosition
[2017.11.30-11.14.00:848][271]LogBlueprintUserMessages: [Jigsaw_Piece_BP_1] AlreadyInCorrectPosition
[2017.11.30-11.14.00:856][272]LogBlueprintUserMessages: [Jigsaw_Piece_BP_1] AlreadyInCorrectPosition
[2017.11.30-11.14.00:864][273]LogBlueprintUserMessages: [Jigsaw_Piece_BP_1] AlreadyInCorrectPosition
[2017.11.30-11.14.00:873][274]LogBlueprintUserMessages: [Jigsaw_Piece_BP_1] AlreadyInCorrectPosition
[2017.11.30-11.14.00:881][275]LogBlueprintUserMessages: [Jigsaw_Piece_BP_1] AlreadyInCorrectPosition
[2017.11.30-11.14.00:889][276]LogBlueprintUserMessages: [Jigsaw_Piece_BP_1] AlreadyInCorrectPosition
[2017.11.30-11.14.00:898][277]LogBlueprintUserMessages: [Jigsaw_Piece_BP_1] AlreadyInCorrectPosition
[2017.11.30-11.14.00:906][278]LogBlueprintUserMessages: [Jigsaw_Piece_BP_1] AlreadyInCorrectPosition
[2017.11.30-11.14.00:914][279]LogBlueprintUserMessages: [Jigsaw_Piece_BP_1] AlreadyInCorrectPosition
[2017.11.30-11.14.00:923][280]LogBlueprintUserMessages: [Jigsaw_Piece_BP_1] AlreadyInCorrectPosition
[2017.11.30-11.14.00:931][281]LogBlueprintUserMessages: [Jigsaw_Piece_BP_1] AlreadyInCorrectPosition
[2017.11.30-11.14.00:940][282]LogBlueprintUserMessages: [Jigsaw_Piece_BP_1] AlreadyInCorrectPosition
[2017.11.30-11.14.02:193][432]LogBlueprintUserMessages: [Jigsaw_Piece_BP_4] AlreadyInCorrectPosition
[2017.11.30-11.14.02:201][433]LogBlueprintUserMessages: [Jigsaw_Piece_BP_4] AlreadyInCorrectPosition
[2017.11.30-11.14.02:209][434]LogBlueprintUserMessages: [Jigsaw_Piece_BP_4] AlreadyInCorrectPosition
[2017.11.30-11.14.02:218][435]LogBlueprintUserMessages: [Jigsaw_Piece_BP_4] AlreadyInCorrectPosition
[2017.11.30-11.14.02:226][436]LogBlueprintUserMessages: [Jigsaw_Piece_BP_4] AlreadyInCorrectPosition
[2017.11.30-11.14.02:234][437]LogBlueprintUserMessages: [Jigsaw_Piece_BP_4] AlreadyInCorrectPosition
[2017.11.30-11.14.02:243][438]LogBlueprintUserMessages: [Jigsaw_Piece_BP_4] AlreadyInCorrectPosition
[2017.11.30-11.14.02:251][439]LogBlueprintUserMessages: [Jigsaw_Piece_BP_4] AlreadyInCorrectPosition
[2017.11.30-11.14.02:259][440]LogBlueprintUserMessages: [Jigsaw_Piece_BP_4] AlreadyInCorrectPosition
[2017.11.30-11.14.02:268][441]LogBlueprintUserMessages: [Jigsaw_Piece_BP_4] AlreadyInCorrectPosition
[2017.11.30-11.14.02:276][442]LogBlueprintUserMessages: [Jigsaw_Piece_BP_4] AlreadyInCorrectPosition
[2017.11.30-11.14.02:284][443]LogBlueprintUserMessages: [Jigsaw_Piece_BP_4] AlreadyInCorrectPosition
[2017.11.30-11.14.02:293][444]LogBlueprintUserMessages: [Jigsaw_Piece_BP_4] AlreadyInCorrectPosition
[2017.11.30-11.14.02:301][445]LogBlueprintUserMessages: [Jigsaw_Piece_BP_4] AlreadyInCorrectPosition
[2017.11.30-11.14.02:310][446]LogBlueprintUserMessages: [Jigsaw_Piece_BP_4] AlreadyInCorrectPosition
[2017.11.30-11.14.02:318][447]LogBlueprintUserMessages: [Jigsaw_Piece_BP_4] AlreadyInCorrectPosition
[2017.11.30-11.14.02:326][448]LogBlueprintUserMessages: [Jigsaw_Piece_BP_4] AlreadyInCorrectPosition
[2017.11.30-11.14.02:334][449]LogBlueprintUserMessages: [Jigsaw_Piece_BP_4] AlreadyInCorrectPosition
[2017.11.30-11.14.02:343][450]LogBlueprintUserMessages: [Jigsaw_Piece_BP_4] AlreadyInCorrectPosition
[2017.11.30-11.14.02:351][451]LogBlueprintUserMessages: [Jigsaw_Piece_BP_4] AlreadyInCorrectPosition
[2017.11.30-11.14.02:359][452]LogBlueprintUserMessages: [Jigsaw_Piece_BP_4] AlreadyInCorrectPosition
[2017.11.30-11.14.02:368][453]LogBlueprintUserMessages: [Jigsaw_Piece_BP_4] AlreadyInCorrectPosition
[2017.11.30-11.14.02:376][454]LogBlueprintUserMessages: [Jigsaw_Piece_BP_4] AlreadyInCorrectPosition
[2017.11.30-11.14.02:384][455]LogBlueprintUserMessages: [Jigsaw_Piece_BP_4] AlreadyInCorrectPosition
[2017.11.30-11.14.02:393][456]LogBlueprintUserMessages: [Jigsaw_Piece_BP_4] AlreadyInCorrectPosition
[2017.11.30-11.14.02:401][457]LogBlueprintUserMessages: [Jigsaw_Piece_BP_4] AlreadyInCorrectPosition
[2017.11.30-11.14.02:409][458]LogBlueprintUserMessages: [Jigsaw_Piece_BP_4] AlreadyInCorrectPosition
[2017.11.30-11.14.02:418][459]LogBlueprintUserMessages: [Jigsaw_Piece_BP_4] AlreadyInCorrectPosition
[2017.11.30-11.14.02:426][460]LogBlueprintUserMessages: [Jigsaw_Piece_BP_4] AlreadyInCorrectPosition
[2017.11.30-11.14.02:434][461]LogBlueprintUserMessages: [Jigsaw_Piece_BP_4] AlreadyInCorrectPosition
[2017.11.30-11.14.02:443][462]LogBlueprintUserMessages: [Jigsaw_Piece_BP_4] AlreadyInCorrectPosition
[2017.11.30-11.14.02:451][463]LogBlueprintUserMessages: [Jigsaw_Piece_BP_4] AlreadyInCorrectPosition
[2017.11.30-11.14.02:459][464]LogBlueprintUserMessages: [Jigsaw_Piece_BP_4] AlreadyInCorrectPosition
[2017.11.30-11.14.02:468][465]LogBlueprintUserMessages: [Jigsaw_Piece_BP_4] AlreadyInCorrectPosition
[2017.11.30-11.14.02:477][466]LogBlueprintUserMessages: [Jigsaw_Piece_BP_4] AlreadyInCorrectPosition
[2017.11.30-11.14.02:485][467]LogBlueprintUserMessages: [Jigsaw_Piece_BP_4] AlreadyInCorrectPosition
[2017.11.30-11.14.02:493][468]LogBlueprintUserMessages: [Jigsaw_Piece_BP_4] AlreadyInCorrectPosition
[2017.11.30-11.14.02:501][469]LogBlueprintUserMessages: [Jigsaw_Piece_BP_4] AlreadyInCorrectPosition
[2017.11.30-11.14.02:510][470]LogBlueprintUserMessages: [Jigsaw_Piece_BP_4] AlreadyInCorrectPosition
[2017.11.30-11.14.02:518][471]LogBlueprintUserMessages: [Jigsaw_Piece_BP_4] AlreadyInCorrectPosition
[2017.11.30-11.14.02:526][472]LogBlueprintUserMessages: [Jigsaw_Piece_BP_4] AlreadyInCorrectPosition
[2017.11.30-11.14.02:535][473]LogBlueprintUserMessages: [Jigsaw_Piece_BP_4] AlreadyInCorrectPosition
[2017.11.30-11.14.02:543][474]LogBlueprintUserMessages: [Jigsaw_Piece_BP_4] AlreadyInCorrectPosition
[2017.11.30-11.14.06:440][941]LogBlueprintUserMessages: [Jigsaw_Piece_BP_0] AlreadyInCorrectPosition
[2017.11.30-11.14.06:448][942]LogBlueprintUserMessages: [Jigsaw_Piece_BP_0] AlreadyInCorrectPosition
[2017.11.30-11.14.06:457][943]LogBlueprintUserMessages: [Jigsaw_Piece_BP_0] AlreadyInCorrectPosition
[2017.11.30-11.14.06:465][944]LogBlueprintUserMessages: [Jigsaw_Piece_BP_0] AlreadyInCorrectPosition
[2017.11.30-11.14.06:473][945]LogBlueprintUserMessages: [Jigsaw_Piece_BP_0] AlreadyInCorrectPosition
[2017.11.30-11.14.06:482][946]LogBlueprintUserMessages: [Jigsaw_Piece_BP_0] AlreadyInCorrectPosition
[2017.11.30-11.14.06:490][947]LogBlueprintUserMessages: [Jigsaw_Piece_BP_0] AlreadyInCorrectPosition
[2017.11.30-11.14.06:498][948]LogBlueprintUserMessages: [Jigsaw_Piece_BP_0] AlreadyInCorrectPosition
[2017.11.30-11.14.06:507][949]LogBlueprintUserMessages: [Jigsaw_Piece_BP_0] AlreadyInCorrectPosition
[2017.11.30-11.14.06:515][950]LogBlueprintUserMessages: [Jigsaw_Piece_BP_0] AlreadyInCorrectPosition
[2017.11.30-11.14.06:524][951]LogBlueprintUserMessages: [Jigsaw_Piece_BP_0] AlreadyInCorrectPosition
[2017.11.30-11.14.06:532][952]LogBlueprintUserMessages: [Jigsaw_Piece_BP_0] AlreadyInCorrectPosition
[2017.11.30-11.14.06:540][953]LogBlueprintUserMessages: [Jigsaw_Piece_BP_0] AlreadyInCorrectPosition
[2017.11.30-11.14.06:548][954]LogBlueprintUserMessages: [Jigsaw_Piece_BP_0] AlreadyInCorrectPosition
[2017.11.30-11.14.06:556][955]LogBlueprintUserMessages: [Jigsaw_Piece_BP_0] AlreadyInCorrectPosition
[2017.11.30-11.14.06:565][956]LogBlueprintUserMessages: [Jigsaw_Piece_BP_0] AlreadyInCorrectPosition
[2017.11.30-11.14.06:574][957]LogBlueprintUserMessages: [Jigsaw_Piece_BP_0] AlreadyInCorrectPosition
[2017.11.30-11.14.06:582][958]LogBlueprintUserMessages: [Jigsaw_Piece_BP_0] AlreadyInCorrectPosition
[2017.11.30-11.14.06:590][959]LogBlueprintUserMessages: [Jigsaw_Piece_BP_0] AlreadyInCorrectPosition
[2017.11.30-11.14.06:599][960]LogBlueprintUserMessages: [Jigsaw_Piece_BP_0] AlreadyInCorrectPosition
[2017.11.30-11.14.06:607][961]LogBlueprintUserMessages: [Jigsaw_Piece_BP_0] AlreadyInCorrectPosition
[2017.11.30-11.14.06:615][962]LogBlueprintUserMessages: [Jigsaw_Piece_BP_0] AlreadyInCorrectPosition
[2017.11.30-11.14.06:624][963]LogBlueprintUserMessages: [Jigsaw_Piece_BP_0] AlreadyInCorrectPosition
[2017.11.30-11.14.06:632][964]LogBlueprintUserMessages: [Jigsaw_Piece_BP_0] AlreadyInCorrectPosition
[2017.11.30-11.14.06:640][965]LogBlueprintUserMessages: [Jigsaw_Piece_BP_0] AlreadyInCorrectPosition
[2017.11.30-11.14.06:649][966]LogBlueprintUserMessages: [Jigsaw_Piece_BP_0] AlreadyInCorrectPosition
[2017.11.30-11.14.06:657][967]LogBlueprintUserMessages: [Jigsaw_Piece_BP_0] AlreadyInCorrectPosition
[2017.11.30-11.14.06:665][968]LogBlueprintUserMessages: [Jigsaw_Piece_BP_0] AlreadyInCorrectPosition
[2017.11.30-11.14.06:674][969]LogBlueprintUserMessages: [Jigsaw_Piece_BP_0] AlreadyInCorrectPosition
[2017.11.30-11.14.06:682][970]LogBlueprintUserMessages: [Jigsaw_Piece_BP_0] AlreadyInCorrectPosition
[2017.11.30-11.14.06:690][971]LogBlueprintUserMessages: [Jigsaw_Piece_BP_0] AlreadyInCorrectPosition
[2017.11.30-11.14.06:699][972]LogBlueprintUserMessages: [Jigsaw_Piece_BP_0] AlreadyInCorrectPosition
[2017.11.30-11.14.06:707][973]LogBlueprintUserMessages: [Jigsaw_Piece_BP_0] AlreadyInCorrectPosition
[2017.11.30-11.14.06:715][974]LogBlueprintUserMessages: [Jigsaw_Piece_BP_0] AlreadyInCorrectPosition
[2017.11.30-11.14.06:724][975]LogBlueprintUserMessages: [Jigsaw_Piece_BP_0] AlreadyInCorrectPosition
[2017.11.30-11.14.06:732][976]LogBlueprintUserMessages: [Jigsaw_Piece_BP_0] AlreadyInCorrectPosition
[2017.11.30-11.14.06:740][977]LogBlueprintUserMessages: [Jigsaw_Piece_BP_0] AlreadyInCorrectPosition
[2017.11.30-11.14.08:793][223]LogBlueprintUserMessages: [Jigsaw_Piece_BP_2] AlreadyInCorrectPosition
[2017.11.30-11.14.08:801][224]LogBlueprintUserMessages: [Jigsaw_Piece_BP_2] AlreadyInCorrectPosition
[2017.11.30-11.14.08:810][225]LogBlueprintUserMessages: [Jigsaw_Piece_BP_2] AlreadyInCorrectPosition
[2017.11.30-11.14.08:818][226]LogBlueprintUserMessages: [Jigsaw_Piece_BP_2] AlreadyInCorrectPosition
[2017.11.30-11.14.08:826][227]LogBlueprintUserMessages: [Jigsaw_Piece_BP_2] AlreadyInCorrectPosition
[2017.11.30-11.14.08:834][228]LogBlueprintUserMessages: [Jigsaw_Piece_BP_2] AlreadyInCorrectPosition
[2017.11.30-11.14.08:843][229]LogBlueprintUserMessages: [Jigsaw_Piece_BP_2] AlreadyInCorrectPosition
[2017.11.30-11.14.08:851][230]LogBlueprintUserMessages: [Jigsaw_Piece_BP_2] AlreadyInCorrectPosition
[2017.11.30-11.14.08:859][231]LogBlueprintUserMessages: [Jigsaw_Piece_BP_2] AlreadyInCorrectPosition
[2017.11.30-11.14.08:868][232]LogBlueprintUserMessages: [Jigsaw_Piece_BP_2] AlreadyInCorrectPosition
[2017.11.30-11.14.08:876][233]LogBlueprintUserMessages: [Jigsaw_Piece_BP_2] AlreadyInCorrectPosition
[2017.11.30-11.14.08:884][234]LogBlueprintUserMessages: [Jigsaw_Piece_BP_2] AlreadyInCorrectPosition
[2017.11.30-11.14.08:893][235]LogBlueprintUserMessages: [Jigsaw_Piece_BP_2] AlreadyInCorrectPosition
[2017.11.30-11.14.08:901][236]LogBlueprintUserMessages: [Jigsaw_Piece_BP_2] AlreadyInCorrectPosition
[2017.11.30-11.14.08:909][237]LogBlueprintUserMessages: [Jigsaw_Piece_BP_2] AlreadyInCorrectPosition
[2017.11.30-11.14.08:918][238]LogBlueprintUserMessages: [Jigsaw_Piece_BP_2] AlreadyInCorrectPosition
[2017.11.30-11.14.08:926][239]LogBlueprintUserMessages: [Jigsaw_Piece_BP_2] AlreadyInCorrectPosition
[2017.11.30-11.14.08:934][240]LogBlueprintUserMessages: [Jigsaw_Piece_BP_2] AlreadyInCorrectPosition
[2017.11.30-11.14.08:943][241]LogBlueprintUserMessages: [Jigsaw_Piece_BP_2] AlreadyInCorrectPosition
[2017.11.30-11.14.08:951][242]LogBlueprintUserMessages: [Jigsaw_Piece_BP_2] AlreadyInCorrectPosition
[2017.11.30-11.14.08:959][243]LogBlueprintUserMessages: [Jigsaw_Piece_BP_2] AlreadyInCorrectPosition
[2017.11.30-11.14.08:968][244]LogBlueprintUserMessages: [Jigsaw_Piece_BP_2] AlreadyInCorrectPosition
[2017.11.30-11.14.08:976][245]LogBlueprintUserMessages: [Jigsaw_Piece_BP_2] AlreadyInCorrectPosition
[2017.11.30-11.14.08:984][246]LogBlueprintUserMessages: [Jigsaw_Piece_BP_2] AlreadyInCorrectPosition
[2017.11.30-11.14.08:993][247]LogBlueprintUserMessages: [Jigsaw_Piece_BP_2] AlreadyInCorrectPosition
[2017.11.30-11.14.09:001][248]LogBlueprintUserMessages: [Jigsaw_Piece_BP_2] AlreadyInCorrectPosition
[2017.11.30-11.14.09:009][249]LogBlueprintUserMessages: [Jigsaw_Piece_BP_2] AlreadyInCorrectPosition
[2017.11.30-11.14.09:018][250]LogBlueprintUserMessages: [Jigsaw_Piece_BP_2] AlreadyInCorrectPosition
[2017.11.30-11.14.10:913][477]LogBlueprintUserMessages: [Jigsaw_Piece_BP_5] AlreadyInCorrectPosition
[2017.11.30-11.14.10:921][478]LogNet: Browse: /Game/Maps/Puzzle_Island
[2017.11.30-11.14.10:921][478]LogLoad: LoadMap: /Game/Maps/Puzzle_Island
[2017.11.30-11.14.10:946][478]Cmd: MEM
[2017.11.30-11.14.10:953][478]LogMemory: Platform Memory Stats for Windows
[2017.11.30-11.14.10:953][478]LogMemory: Process Physical Memory: 1294.06 MB used, 1416.52 MB peak
[2017.11.30-11.14.10:953][478]LogMemory: Process Virtual Memory: 1753.81 MB used, 2112.01 MB peak
[2017.11.30-11.14.10:953][478]LogMemory: Physical Memory: 6542.46 MB used,  9759.69 MB free, 16302.15 MB total
[2017.11.30-11.14.10:953][478]LogMemory: Virtual Memory: 2721.04 MB used,  9759.69 MB free, 134217728.00 MB total
[2017.11.30-11.14.10:953][478]LogMemory: 
[2017.11.30-11.14.10:953][478]Allocator Stats for TBB: (not implemented)
[2017.11.30-11.14.10:953][478]LogPlayLevel: Creating play world package: /Game/Maps/UEDPIE_0_Puzzle_Island
[2017.11.30-11.14.10:970][478]LogPlayLevel: PIE: StaticDuplicateObject took: (0.016790s)
[2017.11.30-11.14.10:971][478]LogAIModule: Creating AISystem for world Puzzle_Island
[2017.11.30-11.14.10:971][478]LogPlayLevel: PIE: World Init took: (0.000773s)
[2017.11.30-11.14.10:971][478]LogPlayLevel: PIE: Created PIE world by copying editor world from /Game/Maps/Puzzle_Island.Puzzle_Island to /Game/Maps/UEDPIE_0_Puzzle_Island.Puzzle_Island (0.017867s)
[2017.11.30-11.14.10:971][478]LogLoad: Game class is '3D_Exploration_GameMode_C'
[2017.11.30-11.14.10:976][478]LogWorld: Bringing World /Game/Maps/UEDPIE_0_Puzzle_Island.Puzzle_Island up for play (max tick rate 0) at 2017.11.30-11.14.10
[2017.11.30-11.14.10:977][478]LogWorld: Bringing up level for play took: 0.005023
[2017.11.30-11.14.10:980][478]LogLoad: Took 0.058844 seconds to LoadMap(/Game/Maps/UEDPIE_0_Puzzle_Island)
[2017.11.30-11.14.31:371][914]LogBlueprintUserMessages: Early EndPlayMap Detection: Level '/Game/Maps/Puzzle_Island.Puzzle_Island:PersistentLevel' has LevelScriptBlueprint '/Game/Maps/Puzzle_Island.Puzzle_Island:PersistentLevel.Puzzle_Island' with GeneratedClass '/Game/Maps/Puzzle_Island.Puzzle_Island_C' with ClassGeneratedBy '/Game/Maps/Puzzle_Island.Puzzle_Island:PersistentLevel.Puzzle_Island'
[2017.11.30-11.14.31:428][914]LogBlueprintUserMessages: Late EndPlayMap Detection: Level '/Game/Maps/Puzzle_Island.Puzzle_Island:PersistentLevel' has LevelScriptBlueprint '/Game/Maps/Puzzle_Island.Puzzle_Island:PersistentLevel.Puzzle_Island' with GeneratedClass '/Game/Maps/Puzzle_Island.Puzzle_Island_C' with ClassGeneratedBy '/Game/Maps/Puzzle_Island.Puzzle_Island:PersistentLevel.Puzzle_Island'
[2017.11.30-11.18.02:434][673]LogSlate: Took 0.000160 seconds to synchronously load lazily loaded font '../../../Engine/Content/Slate/Fonts/Roboto-Light.ttf' (159K)
[2017.11.30-11.18.03:005][673]LogSlate: Took 0.000159 seconds to synchronously load lazily loaded font '../../../Engine/Content/Slate/Fonts/Roboto-Regular.ttf' (155K)
[2017.11.30-11.18.03:518][673]LogContentBrowser: Native class hierarchy updated for 'BlueprintGraph' in 0.0026 seconds. Added 113 classes and 0 folders.
[2017.11.30-11.18.05:120][673]LogSlate: Took 0.025235 seconds to synchronously load lazily loaded font '../../../Engine/Content/Editor/Slate/Fonts/Roboto-BoldCondensed.ttf' (158K)
[2017.11.30-11.18.05:642][674]LogSlate: Took 0.010738 seconds to synchronously load lazily loaded font '../../../Engine/Content/Editor/Slate/Fonts/Roboto-Italic.ttf' (157K)
[2017.11.30-11.18.07:585][807]LogRenderer: Reallocating scene render targets to support 1208x1020 Format 10 NumSamples 1 (Frame:1).
[2017.11.30-11.18.20:762][913]LogSlate: Took 0.000433 seconds to synchronously load lazily loaded font '../../../Engine/Content/Slate/Fonts/Roboto-Light.ttf' (159K)
[2017.11.30-11.18.58:404][544]LogEditorTransaction: Undo Remove Widget
[2017.11.30-11.19.13:765][ 97]BlueprintLog: New page: Compile 3D_Exploration_UI_BP
[2017.11.30-11.19.13:845][ 97]LogBlueprint: Warning: [Compiler ThirdPersonCharacter] Could not find a variable named "StarCountText" in '3D_Exploration_UI_BP_C'.
Make sure '3D_Exploration_UI_BP_C' has been compiled for  Get StarCountText
[2017.11.30-11.19.13:847][ 97]LogBlueprint: Error: [Compiler ThirdPersonCharacter] The property associated with  Star Count Text  could not be found
[2017.11.30-11.19.13:855][ 97]LogBlueprint: Warning: [Compiler ThirdPersonCharacter] [0742.51] Compile of ThirdPersonCharacter failed. 1 Fatal Issue(s) 1 Warning(s) [in 88 ms] (/Game/Blueprints/ThirdPersonCharacter.ThirdPersonCharacter)
[2017.11.30-11.19.19:917][466]MapCheck: New page: Map Check
[2017.11.30-11.19.19:934][466]Cmd: MAP REBUILD ALLVISIBLE
[2017.11.30-11.19.19:934][466]LogEditorServer: Rebuildmap Clear paths rebuilt
[2017.11.30-11.19.19:991][466]LightingResults: New page: Lighting Build - 30 Nov 2017 11:19:19
[2017.11.30-11.19.20:131][466]LogSwarmInterface: [OpenConnection] Registering TCP channel ...
[2017.11.30-11.19.20:193][466]LogSwarmInterface: [OpenConnection] Connecting to agent ...
[2017.11.30-11.19.20:202][466]LogSwarmInterface: [TryOpenConnection] Testing the Agent
[2017.11.30-11.19.22:329][466]LogSwarmInterface: [TryOpenConnection] Opening Connection to Agent
[2017.11.30-11.19.22:329][466]LogSwarmInterface: [TryOpenConnection] Local Process ID is 11784
[2017.11.30-11.19.31:358][466]LightingResults: Warning: No importance volume found and the scene is so large that the automatically synthesized volume will not yield good results.  Please add a tightly bounding lightmass importance volume to optimize your scene's quality and lighting build times.
[2017.11.30-11.19.31:359][466]LogStaticLightingSystem: Running Lightmass w/ ImmediateImport mode ENABLED
[2017.11.30-11.19.31:359][466]LogStaticLightingSystem: Running Lightmass w/ ImmediateProcess mode ENABLED
[2017.11.30-11.19.31:359][466]LogStaticLightingSystem: Running Lightmass w/ Sorting mode ENABLED
[2017.11.30-11.19.31:359][466]LogStaticLightingSystem: Running Lightmass w/ Mapping paddings ENABLED
[2017.11.30-11.19.31:359][466]LogStaticLightingSystem: Running Lightmass w/ Mapping debug paddings DISABLED
[2017.11.30-11.19.32:325][466]LogEditorBuildUtils: Build time 0:12
[2017.11.30-11.19.32:346][466]LogMaterial: Missing cached shader map for material FLightmassMaterialRenderer LandscapeMaterialInstanceConstant_1, compiling. 
[2017.11.30-11.19.32:360][466]LogMaterial: Missing cached shader map for material FLightmassMaterialRenderer LandscapeMaterialInstanceConstant_1, compiling. 
[2017.11.30-11.19.33:737][501]LogMaterial: Missing cached shader map for material FLightmassMaterialRenderer Tree2_Mat, compiling. 
[2017.11.30-11.19.33:743][501]LogMaterial: Missing cached shader map for material FLightmassMaterialRenderer Tree2_Mat, compiling. 
[2017.11.30-11.19.33:767][502]LogMaterial: Missing cached shader map for material FLightmassMaterialRenderer Tree1_Mat, compiling. 
[2017.11.30-11.19.33:774][502]LogMaterial: Missing cached shader map for material FLightmassMaterialRenderer Tree1_Mat, compiling. 
[2017.11.30-11.19.33:807][503]LogMaterial: Missing cached shader map for material FLightmassMaterialRenderer M_Rock_Basalt, compiling. 
[2017.11.30-11.19.33:816][503]LogMaterial: Missing cached shader map for material FLightmassMaterialRenderer M_Rock_Basalt, compiling. 
[2017.11.30-11.19.33:847][504]LogMaterial: Missing cached shader map for material FLightmassMaterialRenderer DoorFrame_Placeholder_Mat, compiling. 
[2017.11.30-11.19.33:854][504]LogMaterial: Missing cached shader map for material FLightmassMaterialRenderer DoorFrame_Placeholder_Mat, compiling. 
[2017.11.30-11.19.52:239][977]Job is a success!
[2017.11.30-11.19.53:115][978]LogTexture: Display: Building textures: HQ_Lightmap0_1 (AutoDXT, 256X256)
[2017.11.30-11.19.53:115][978]LogTexture: Display: Building textures: LQ_Lightmap_0_1 (DXT1, 256X256)
[2017.11.30-11.19.53:115][978]LogTexture: Display: Building textures: HQ_Lightmap0_2 (AutoDXT, 1024X1024)
[2017.11.30-11.19.53:115][978]LogTexture: Display: Building textures: LQ_Lightmap_0_2 (DXT1, 1024X1024)
[2017.11.30-11.19.53:115][978]LogTexture: Display: Building textures: HQ_Lightmap0_3 (AutoDXT, 512X512)
[2017.11.30-11.19.53:115][978]LogTexture: Display: Building textures: LQ_Lightmap_0_3 (DXT1, 512X512)
[2017.11.30-11.19.53:115][978]LogTexture: Display: Building textures: HQ_Lightmap0_4 (AutoDXT, 128X128)
[2017.11.30-11.19.53:115][978]LogTexture: Display: Building textures: LQ_Lightmap_0_4 (DXT1, 128X128)
[2017.11.30-11.19.53:259][978]LogTexture: Display: Building textures: ShadowMapTexture2D_0 (G8, 128X128)
[2017.11.30-11.19.53:259][978]LogTexture: Display: Building textures: ShadowMapTexture2D_3 (G8, 64X64)
[2017.11.30-11.19.53:259][978]LogTexture: Display: Building textures: ShadowMapTexture2D_2 (G8, 1024X128)
[2017.11.30-11.19.53:259][978]LogTexture: Display: Building textures: ShadowMapTexture2D_1 (G8, 1024X512)
[2017.11.30-11.19.53:533][978]Lightmass on W65146: 9.70 sec total, 344 ms importing, 292 ms setup, 1.15 sec photons, 7.86 sec processing, 0 ms extra exporting [115/115 mappings]. Threads: 54.8 sec total, 39.0 sec processing.
[2017.11.30-11.19.53:584][978]LogStaticLightingSystem: Illumination: 33.5 sec (689 ms encoding lightmaps, 138 ms encoding shadowmaps)
[2017.11.30-11.19.53:584][978]LogStaticLightingSystem: Lightmap texture memory:  2.7 MB (2.5 MB streaming, 0.1 MB non-streaming), 8 textures
[2017.11.30-11.19.53:584][978]LogStaticLightingSystem: Shadowmap texture memory: 0.9 MB (0.8 MB streaming, 0.0 MB non-streaming), 4 textures
[2017.11.30-11.19.54:366][978]DumpUnbuiltLightIteractions
[2017.11.30-11.19.54:366][978]Lights with unbuilt interactions: 0
[2017.11.30-11.19.54:366][978]
[2017.11.30-11.19.54:367][978]Primitives with unbuilt interactions: 0
[2017.11.30-11.19.54:417][979]Cmd: MAP CHECK NOTIFYRESULTS
[2017.11.30-11.19.54:417][979]MapCheck: New page: Puzzle_Island - 30 Nov 2017 11:19:54
[2017.11.30-11.19.54:527][979]MapCheck: Map check complete: 0 Error(s), 0 Warning(s), took 109.793ms to complete.
[2017.11.30-11.19.58:961][252]LogTemp: Repeating last play command: Selected Viewport
[2017.11.30-11.19.59:012][252]LogBlueprintUserMessages: Early PlayInEditor Detection: Level '/Game/Maps/Puzzle_Island.Puzzle_Island:PersistentLevel' has LevelScriptBlueprint '/Game/Maps/Puzzle_Island.Puzzle_Island:PersistentLevel.Puzzle_Island' with GeneratedClass '/Game/Maps/Puzzle_Island.Puzzle_Island_C' with ClassGeneratedBy '/Game/Maps/Puzzle_Island.Puzzle_Island:PersistentLevel.Puzzle_Island'
[2017.11.30-11.19.59:012][252]LogPlayLevel: PlayLevel: No blueprints needed recompiling
[2017.11.30-11.20.00:349][252]PIE: New page: PIE session: Puzzle_Island (30 Nov 2017 11:20:00)
[2017.11.30-11.20.00:350][252]LogPlayLevel: Creating play world package: /Game/Maps/UEDPIE_0_Puzzle_Island
[2017.11.30-11.20.00:368][252]LogPlayLevel: PIE: StaticDuplicateObject took: (0.017953s)
[2017.11.30-11.20.00:369][252]LogAIModule: Creating AISystem for world Puzzle_Island
[2017.11.30-11.20.00:369][252]LogPlayLevel: PIE: World Init took: (0.000788s)
[2017.11.30-11.20.00:370][252]LogPlayLevel: PIE: Created PIE world by copying editor world from /Game/Maps/Puzzle_Island.Puzzle_Island to /Game/Maps/UEDPIE_0_Puzzle_Island.Puzzle_Island (0.019085s)
[2017.11.30-11.20.00:389][252]LogInit: XAudio2 using 'T24B350-4 (NVIDIA High Definition Audio)' : 2 channels at 48 kHz using 16 bits per sample (channel mask 0x3)
[2017.11.30-11.20.00:397][252]LogInit: FAudioDevice initialized.
[2017.11.30-11.20.00:435][252]LogLoad: Game class is '3D_Exploration_GameMode_C'
[2017.11.30-11.20.00:440][252]LogWorld: Bringing World /Game/Maps/UEDPIE_0_Puzzle_Island.Puzzle_Island up for play (max tick rate 0) at 2017.11.30-11.20.00
[2017.11.30-11.20.00:441][252]LogWorld: Bringing up level for play took: 0.005763
[2017.11.30-11.20.00:446][252]PIE: Play in editor start time for /Game/Maps/UEDPIE_0_Puzzle_Island 1.778
[2017.11.30-11.20.00:447][252]LogBlueprintUserMessages: Late PlayInEditor Detection: Level '/Game/Maps/Puzzle_Island.Puzzle_Island:PersistentLevel' has LevelScriptBlueprint '/Game/Maps/Puzzle_Island.Puzzle_Island:PersistentLevel.Puzzle_Island' with GeneratedClass '/Game/Maps/Puzzle_Island.Puzzle_Island_C' with ClassGeneratedBy '/Game/Maps/Puzzle_Island.Puzzle_Island:PersistentLevel.Puzzle_Island'
[2017.11.30-11.20.13:653][180]LogBlueprintUserMessages: Early EndPlayMap Detection: Level '/Game/Maps/Puzzle_Island.Puzzle_Island:PersistentLevel' has LevelScriptBlueprint '/Game/Maps/Puzzle_Island.Puzzle_Island:PersistentLevel.Puzzle_Island' with GeneratedClass '/Game/Maps/Puzzle_Island.Puzzle_Island_C' with ClassGeneratedBy '/Game/Maps/Puzzle_Island.Puzzle_Island:PersistentLevel.Puzzle_Island'
[2017.11.30-11.20.13:689][180]LogBlueprintUserMessages: Late EndPlayMap Detection: Level '/Game/Maps/Puzzle_Island.Puzzle_Island:PersistentLevel' has LevelScriptBlueprint '/Game/Maps/Puzzle_Island.Puzzle_Island:PersistentLevel.Puzzle_Island' with GeneratedClass '/Game/Maps/Puzzle_Island.Puzzle_Island_C' with ClassGeneratedBy '/Game/Maps/Puzzle_Island.Puzzle_Island:PersistentLevel.Puzzle_Island'
[2017.11.30-11.20.45:031][149]Cmd: QUIT_EDITOR
[2017.11.30-11.20.45:215][149]LogWindowsTextInputMethodSystem: Display: IME system now deactivated.
[2017.11.30-11.20.45:238][149]LogExit: Preparing to exit.
[2017.11.30-11.20.46:181][149]LogDirectoryWatcher: A directory notification for 'C:/Users/2sketj33/Desktop/Puzzle-Island-VGD/Puzzle_Island/Content/' was aborted.
[2017.11.30-11.20.46:292][149]LogExit: Editor shut down
[2017.11.30-11.20.46:308][149]LogExit: Transaction tracking system shut down
[2017.11.30-11.20.46:426][149]LogDirectoryWatcher: A directory notification for '../../../Engine/Content/' was aborted.
[2017.11.30-11.20.46:426][149]LogDirectoryWatcher: A directory notification for '../../../../../../Users/2sketj33/Desktop/Puzzle-Island-VGD/Puzzle_Island/Content/' was aborted.
[2017.11.30-11.20.46:426][149]LogDirectoryWatcher: A directory notification for '../../../Engine/Plugins/2D/Paper2D/Content/' was aborted.
[2017.11.30-11.20.46:426][149]LogDirectoryWatcher: A directory notification for '../../../Engine/Plugins/Runtime/Oculus/OculusVR/Content/' was aborted.
[2017.11.30-11.20.46:426][149]LogDirectoryWatcher: A directory notification for '../../../Engine/Plugins/Runtime/Steam/SteamVR/Content/' was aborted.
[2017.11.30-11.20.46:821][149]LogExit: Object subsystem successfully closed.
[2017.11.30-11.20.46:879][149]LogD3D11RHI: Shutdown
[2017.11.30-11.20.46:879][149]LogD3D11RHI: CleanupD3DDevice
[2017.11.30-11.20.46:962][149]LogD3D11RHI: ~FD3D11DynamicRHI
[2017.11.30-11.20.47:228][149]LogModuleManager: Shutting down and abandoning module SequencerWidgets (542)
[2017.11.30-11.20.47:228][149]LogModuleManager: Shutting down and abandoning module BlueprintGraph (540)
[2017.11.30-11.20.47:228][149]LogModuleManager: Shutting down and abandoning module BlueprintProfiler (538)
[2017.11.30-11.20.47:242][149]LogModuleManager: Shutting down and abandoning module MovieSceneCapture (536)
[2017.11.30-11.20.47:242][149]LogModuleManager: Shutting down and abandoning module SynthBenchmark (534)
[2017.11.30-11.20.47:242][149]LogModuleManager: Shutting down and abandoning module HierarchicalLODOutliner (532)
[2017.11.30-11.20.47:242][149]LogModuleManager: Shutting down and abandoning module SceneOutliner (530)
[2017.11.30-11.20.47:242][149]LogModuleManager: Shutting down and abandoning module AddContentDialog (528)
[2017.11.30-11.20.47:243][149]LogDirectoryWatcher: A directory notification for 'C:/Program Files/Epic Games/UE_4.17/FeaturePacks/' was aborted.
[2017.11.30-11.20.47:245][149]LogModuleManager: Shutting down and abandoning module WidgetCarousel (527)
[2017.11.30-11.20.47:245][149]LogModuleManager: Shutting down and abandoning module EditorWidgets (524)
[2017.11.30-11.20.47:245][149]LogModuleManager: Shutting down and abandoning module CollectionManager (522)
[2017.11.30-11.20.47:245][149]LogDirectoryWatcher: A directory notification for 'C:/Users/2sketj33/Desktop/Puzzle-Island-VGD/Puzzle_Island/Content/Collections/' was aborted.
[2017.11.30-11.20.47:246][149]LogDirectoryWatcher: A directory notification for 'C:/Users/2sketj33/Desktop/Puzzle-Island-VGD/Puzzle_Island/Content/Developers/2sketj33/Collections/' was aborted.
[2017.11.30-11.20.47:246][149]LogDirectoryWatcher: A directory notification for 'C:/Users/2sketj33/Desktop/Puzzle-Island-VGD/Puzzle_Island/Saved/Collections/' was aborted.
[2017.11.30-11.20.47:246][149]LogModuleManager: Shutting down and abandoning module StatsViewer (520)
[2017.11.30-11.20.47:246][149]LogModuleManager: Shutting down and abandoning module FoliageEdit (518)
[2017.11.30-11.20.47:246][149]LogModuleManager: Shutting down and abandoning module LandscapeEditor (516)
[2017.11.30-11.20.47:259][149]LogModuleManager: Shutting down and abandoning module MeshPaintMode (514)
[2017.11.30-11.20.47:259][149]LogModuleManager: Shutting down and abandoning module SceneDepthPickerMode (512)
[2017.11.30-11.20.47:259][149]LogModuleManager: Shutting down and abandoning module ActorPickerMode (510)
[2017.11.30-11.20.47:259][149]LogModuleManager: Shutting down and abandoning module GeometryMode (508)
[2017.11.30-11.20.47:259][149]LogModuleManager: Shutting down and abandoning module TextureAlignMode (506)
[2017.11.30-11.20.47:259][149]LogModuleManager: Shutting down and abandoning module BspMode (504)
[2017.11.30-11.20.47:259][149]LogModuleManager: Shutting down and abandoning module PIEPreviewDeviceProfileSelector (502)
[2017.11.30-11.20.47:259][149]LogModuleManager: Shutting down and abandoning module HardwareSurvey (500)
[2017.11.30-11.20.47:259][149]LogModuleManager: Shutting down and abandoning module SequenceRecorderSections (498)
[2017.11.30-11.20.47:259][149]LogModuleManager: Shutting down and abandoning module AutomationWorker (496)
[2017.11.30-11.20.47:260][149]LogModuleManager: Shutting down and abandoning module MatineeToLevelSequence (494)
[2017.11.30-11.20.47:260][149]LogModuleManager: Shutting down and abandoning module LevelSequenceEditor (492)
[2017.11.30-11.20.47:265][149]LogModuleManager: Shutting down and abandoning module PlacementMode (491)
[2017.11.30-11.20.47:265][149]LogModuleManager: Shutting down and abandoning module WmfMediaFactory (488)
[2017.11.30-11.20.47:265][149]LogModuleManager: Shutting down and abandoning module WmfMediaEditor (486)
[2017.11.30-11.20.47:265][149]LogModuleManager: Shutting down and abandoning module AvfMediaFactory (484)
[2017.11.30-11.20.47:265][149]LogModuleManager: Shutting down and abandoning module AvfMediaEditor (482)
[2017.11.30-11.20.47:265][149]LogModuleManager: Shutting down and abandoning module AndroidMediaFactory (480)
[2017.11.30-11.20.47:266][149]LogModuleManager: Shutting down and abandoning module Media (479)
[2017.11.30-11.20.47:266][149]LogModuleManager: Shutting down and abandoning module AndroidMediaEditor (476)
[2017.11.30-11.20.47:266][149]LogModuleManager: Shutting down and abandoning module CharacterAI (474)
[2017.11.30-11.20.47:266][149]LogModuleManager: Shutting down and abandoning module AudioCapture (472)
[2017.11.30-11.20.47:266][149]LogModuleManager: Shutting down and abandoning module SequenceRecorder (471)
[2017.11.30-11.20.47:266][149]LogModuleManager: Shutting down and abandoning module SmartSnapping (468)
[2017.11.30-11.20.47:266][149]LogModuleManager: Shutting down and abandoning module SessionServices (466)
[2017.11.30-11.20.47:266][149]LogModuleManager: Shutting down and abandoning module ViewportSnapping (464)
[2017.11.30-11.20.47:266][149]LogModuleManager: Shutting down and abandoning module ViewportInteraction (462)
[2017.11.30-11.20.47:266][149]LogModuleManager: Shutting down and abandoning module ClothPainter (460)
[2017.11.30-11.20.47:272][149]LogModuleManager: Shutting down and abandoning module LogVisualizer (458)
[2017.11.30-11.20.47:272][149]LogModuleManager: Shutting down and abandoning module IntroTutorials (456)
[2017.11.30-11.20.47:273][149]LogModuleManager: Shutting down and abandoning module GameProjectGeneration (455)
[2017.11.30-11.20.47:286][149]LogModuleManager: Shutting down and abandoning module IOSPlatformEditor (452)
[2017.11.30-11.20.47:286][149]LogModuleManager: Shutting down and abandoning module HTML5PlatformEditor (450)
[2017.11.30-11.20.47:286][149]LogModuleManager: Shutting down and abandoning module AndroidPlatformEditor (448)
[2017.11.30-11.20.47:287][149]LogModuleManager: Shutting down and abandoning module AndroidDeviceDetection (447)
[2017.11.30-11.20.47:877][149]LogModuleManager: Shutting down and abandoning module WindowsPlatformEditor (444)
[2017.11.30-11.20.47:877][149]LogModuleManager: Shutting down and abandoning module IOSRuntimeSettings (442)
[2017.11.30-11.20.47:878][149]LogModuleManager: Shutting down and abandoning module AndroidRuntimeSettings (440)
[2017.11.30-11.20.47:878][149]LogModuleManager: Shutting down and abandoning module InputBindingEditor (438)
[2017.11.30-11.20.47:890][149]LogModuleManager: Shutting down and abandoning module MergeActors (436)
[2017.11.30-11.20.47:894][149]LogModuleManager: Shutting down and abandoning module SizeMap (434)
[2017.11.30-11.20.47:894][149]LogModuleManager: Shutting down and abandoning module TreeMap (432)
[2017.11.30-11.20.47:894][149]LogModuleManager: Shutting down and abandoning module ReferenceViewer (430)
[2017.11.30-11.20.47:894][149]LogModuleManager: Shutting down and abandoning module LocalizationDashboard (428)
[2017.11.30-11.20.47:898][149]LogModuleManager: Shutting down and abandoning module LocalizationService (427)
[2017.11.30-11.20.47:898][149]LogModuleManager: Shutting down and abandoning module HardwareTargeting (424)
[2017.11.30-11.20.47:898][149]LogModuleManager: Shutting down and abandoning module DeviceProfileEditor (422)
[2017.11.30-11.20.47:898][149]LogModuleManager: Shutting down and abandoning module UndoHistory (420)
[2017.11.30-11.20.47:898][149]LogModuleManager: Shutting down and abandoning module XmlParser (418)
[2017.11.30-11.20.47:898][149]LogModuleManager: Shutting down and abandoning module Blutility (416)
[2017.11.30-11.20.47:898][149]LogModuleManager: Shutting down and abandoning module ProjectSettingsViewer (414)
[2017.11.30-11.20.47:899][149]LogModuleManager: Shutting down and abandoning module ProjectTargetPlatformEditor (413)
[2017.11.30-11.20.47:899][149]LogModuleManager: Shutting down and abandoning module EditorSettingsViewer (410)
[2017.11.30-11.20.47:899][149]LogModuleManager: Shutting down and abandoning module SettingsEditor (408)
[2017.11.30-11.20.47:913][149]LogModuleManager: Shutting down and abandoning module ProjectLauncher (406)
[2017.11.30-11.20.47:930][149]LogModuleManager: Shutting down and abandoning module SessionFrontend (404)
[2017.11.30-11.20.47:930][149]LogModuleManager: Shutting down and abandoning module ProfilerClient (402)
[2017.11.30-11.20.47:936][149]LogModuleManager: Shutting down and abandoning module DeviceManager (400)
[2017.11.30-11.20.47:936][149]LogModuleManager: Shutting down and abandoning module TargetDeviceServices (399)
[2017.11.30-11.20.47:978][149]LogModuleManager: Shutting down and abandoning module AutomationController (396)
[2017.11.30-11.20.47:978][149]LogModuleManager: Shutting down and abandoning module AutomationWindow (394)
[2017.11.30-11.20.47:999][149]LogModuleManager: Shutting down and abandoning module Layers (392)
[2017.11.30-11.20.48:017][149]LogModuleManager: Shutting down and abandoning module ComponentVisualizers (390)
[2017.11.30-11.20.48:017][149]LogModuleManager: Shutting down and abandoning module DetailCustomizations (388)
[2017.11.30-11.20.48:017][149]LogModuleManager: Shutting down and abandoning module PackagesDialog (386)
[2017.11.30-11.20.48:018][149]LogModuleManager: Shutting down and abandoning module Persona (384)
[2017.11.30-11.20.48:041][149]LogModuleManager: Shutting down and abandoning module AdvancedPreviewScene (383)
[2017.11.30-11.20.48:041][149]LogModuleManager: Shutting down and abandoning module AnimGraph (381)
[2017.11.30-11.20.48:041][149]LogModuleManager: Shutting down and abandoning module Kismet (378)
[2017.11.30-11.20.48:057][149]LogModuleManager: Shutting down and abandoning module ClassViewer (376)
[2017.11.30-11.20.48:057][149]LogModuleManager: Shutting down and abandoning module Toolbox (374)
[2017.11.30-11.20.48:057][149]LogModuleManager: Shutting down and abandoning module ModuleUI (372)
[2017.11.30-11.20.48:067][149]LogModuleManager: Shutting down and abandoning module MovieSceneTools (370)
[2017.11.30-11.20.48:074][149]LogModuleManager: Shutting down and abandoning module OutputLog (368)
[2017.11.30-11.20.48:075][149]LogModuleManager: Shutting down and abandoning module GammaUI (366)
[2017.11.30-11.20.48:094][149]LogModuleManager: Shutting down and abandoning module Documentation (364)
[2017.11.30-11.20.48:094][149]LogModuleManager: Shutting down and abandoning module MovieSceneTracks (362)
[2017.11.30-11.20.48:103][149]LogModuleManager: Shutting down and abandoning module MovieScene (360)
[2017.11.30-11.20.48:103][149]LogModuleManager: Shutting down and abandoning module Niagara (358)
[2017.11.30-11.20.48:103][149]LogModuleManager: Shutting down and abandoning module NiagaraEditor (357)
[2017.11.30-11.20.48:127][149]LogModuleManager: Shutting down and abandoning module StreamingPauseRendering (354)
[2017.11.30-11.20.48:127][149]LogModuleManager: Shutting down and abandoning module LauncherPlatform (352)
[2017.11.30-11.20.48:127][149]LogModuleManager: Shutting down and abandoning module AnalyticsET (350)
[2017.11.30-11.20.48:127][149]LogModuleManager: Shutting down and abandoning module PortalServices (348)
[2017.11.30-11.20.48:127][149]LogModuleManager: Shutting down and abandoning module PortalRpc (346)
[2017.11.30-11.20.48:127][149]LogModuleManager: Shutting down and abandoning module MessagingRpc (344)
[2017.11.30-11.20.48:127][149]LogModuleManager: Shutting down and abandoning module AIModule (342)
[2017.11.30-11.20.48:127][149]LogModuleManager: Shutting down and abandoning module GameplayDebugger (341)
[2017.11.30-11.20.48:127][149]LogModuleManager: Shutting down and abandoning module AITestSuite (339)
[2017.11.30-11.20.48:127][149]LogModuleManager: Shutting down and abandoning module ProfilerService (336)
[2017.11.30-11.20.48:362][149]LogModuleManager: Shutting down and abandoning module TaskGraph (334)
[2017.11.30-11.20.48:378][149]LogModuleManager: Shutting down and abandoning module SteamVRController (332)
[2017.11.30-11.20.48:378][149]LogModuleManager: Shutting down and abandoning module ProceduralMeshComponentEditor (330)
[2017.11.30-11.20.48:378][149]LogModuleManager: Shutting down and abandoning module ProceduralMeshComponent (328)
[2017.11.30-11.20.48:378][149]LogModuleManager: Shutting down and abandoning module OculusInput (326)
[2017.11.30-11.20.48:378][149]LogModuleManager: Shutting down and abandoning module MobilePatchingUtils (324)
[2017.11.30-11.20.48:379][149]LogModuleManager: Shutting down and abandoning module CustomMeshComponent (322)
[2017.11.30-11.20.48:379][149]LogModuleManager: Shutting down and abandoning module CableComponent (320)
[2017.11.30-11.20.48:379][149]LogModuleManager: Shutting down and abandoning module ArchVisCharacter (318)
[2017.11.30-11.20.48:379][149]LogModuleManager: Shutting down and abandoning module AndroidPermission (316)
[2017.11.30-11.20.48:379][149]LogModuleManager: Shutting down and abandoning module MediaPlayerEditor (312)
[2017.11.30-11.20.48:384][149]LogModuleManager: Shutting down and abandoning module HTML5Networking (310)
[2017.11.30-11.20.48:384][149]LogModuleManager: Shutting down and abandoning module AlembicImporter (308)
[2017.11.30-11.20.48:398][149]LogModuleManager: Shutting down and abandoning module AlembicLibrary (307)
[2017.11.30-11.20.48:398][149]LogModuleManager: Shutting down and abandoning module GeometryCache (306)
[2017.11.30-11.20.48:398][149]LogModuleManager: Shutting down and abandoning module GeometryCacheEd (305)
[2017.11.30-11.20.48:398][149]LogModuleManager: Shutting down and abandoning module SpeedTreeImporter (300)
[2017.11.30-11.20.48:398][149]LogModuleManager: Shutting down and abandoning module PluginBrowser (298)
[2017.11.30-11.20.48:414][149]LogModuleManager: Shutting down and abandoning module MobileLauncherProfileWizard (296)
[2017.11.30-11.20.48:422][149]LogModuleManager: Shutting down and abandoning module VisualStudioSourceCodeAccess (294)
[2017.11.30-11.20.48:422][149]LogModuleManager: Shutting down and abandoning module DesktopPlatform (293)
[2017.11.30-11.20.48:422][149]LogModuleManager: Shutting down and abandoning module UObjectPlugin (290)
[2017.11.30-11.20.48:422][149]LogModuleManager: Shutting down and abandoning module SubversionSourceControl (288)
[2017.11.30-11.20.48:423][149]LogModuleManager: Shutting down and abandoning module PerforceSourceControl (286)
[2017.11.30-11.20.48:423][149]LogModuleManager: Shutting down and abandoning module GitSourceControl (284)
[2017.11.30-11.20.48:423][149]LogModuleManager: Shutting down and abandoning module SourceControl (283)
[2017.11.30-11.20.48:436][149]LogModuleManager: Shutting down and abandoning module LightPropagationVolumeEditor (280)
[2017.11.30-11.20.48:436][149]LogModuleManager: Shutting down and abandoning module PaperTiledImporter (278)
[2017.11.30-11.20.48:436][149]LogModuleManager: Shutting down and abandoning module PaperSpriteSheetImporter (276)
[2017.11.30-11.20.48:437][149]LogModuleManager: Shutting down and abandoning module Paper2DEditor (274)
[2017.11.30-11.20.48:437][149]LogModuleManager: Shutting down and abandoning module MeshPaint (273)
[2017.11.30-11.20.48:437][149]LogModuleManager: Shutting down and abandoning module LevelEditor (271)
[2017.11.30-11.20.48:438][149]LogModuleManager: Shutting down and abandoning module PixelInspectorModule (270)
[2017.11.30-11.20.48:439][149]LogModuleManager: Shutting down and abandoning module MainFrame (268)
[2017.11.30-11.20.48:439][149]LogModuleManager: Shutting down and abandoning module HotReload (267)
[2017.11.30-11.20.48:439][149]LogDirectoryWatcher: A directory notification for 'C:/Users/2sketj33/Desktop/Puzzle-Island-VGD/Puzzle_Island/Binaries/Win64' was aborted.
[2017.11.30-11.20.48:440][149]LogModuleManager: Shutting down and abandoning module Puzzle_Island (262)
[2017.11.30-11.20.48:440][149]LogModuleManager: Shutting down and abandoning module RuntimePhysXCooking (260)
[2017.11.30-11.20.48:440][149]LogModuleManager: Shutting down and abandoning module PhysXVehiclesEditor (258)
[2017.11.30-11.20.48:440][149]LogModuleManager: Shutting down and abandoning module PhysXVehicles (256)
[2017.11.30-11.20.48:440][149]LogModuleManager: Shutting down and abandoning module OculusEditor (254)
[2017.11.30-11.20.48:440][149]LogModuleManager: Shutting down and abandoning module LocationServicesBPLibrary (252)
[2017.11.30-11.20.48:440][149]LogModuleManager: Shutting down and abandoning module ImmediatePhysicsEditor (250)
[2017.11.30-11.20.48:440][149]LogModuleManager: Shutting down and abandoning module ImmediatePhysics (248)
[2017.11.30-11.20.48:441][149]LogModuleManager: Shutting down and abandoning module UdpMessaging (246)
[2017.11.30-11.20.48:541][149]LogModuleManager: Shutting down and abandoning module TcpMessaging (244)
[2017.11.30-11.20.48:642][149]LogModuleManager: Shutting down and abandoning module GameplayTagsEditor (242)
[2017.11.30-11.20.48:649][149]LogModuleManager: Shutting down and abandoning module FacialAnimationEditor (240)
[2017.11.30-11.20.48:649][149]LogModuleManager: Shutting down and abandoning module FacialAnimation (238)
[2017.11.30-11.20.48:649][149]LogModuleManager: Shutting down and abandoning module AssetManagerEditor (236)
[2017.11.30-11.20.48:649][149]LogModuleManager: Shutting down and abandoning module GraphEditor (235)
[2017.11.30-11.20.48:649][149]LogModuleManager: Shutting down and abandoning module ContentBrowser (233)
[2017.11.30-11.20.48:650][149]LogModuleManager: Shutting down and abandoning module LightPropagationVolumeRuntime (230)
[2017.11.30-11.20.48:650][149]LogModuleManager: Shutting down and abandoning module Paper2D (228)
[2017.11.30-11.20.48:650][149]LogModuleManager: Shutting down and abandoning module WindowsMoviePlayer (226)
[2017.11.30-11.20.48:650][149]LogModuleManager: Shutting down and abandoning module WmfMedia (224)
[2017.11.30-11.20.48:650][149]LogModuleManager: Shutting down and abandoning module PacketHandler (222)
[2017.11.30-11.20.48:650][149]LogModuleManager: Shutting down and abandoning module ClothingSystemEditor (220)
[2017.11.30-11.20.48:650][149]LogModuleManager: Shutting down and abandoning module ClothingSystemRuntime (218)
[2017.11.30-11.20.48:661][149]LogModuleManager: Shutting down and abandoning module Overlay (216)
[2017.11.30-11.20.48:661][149]LogModuleManager: Shutting down and abandoning module OverlayEditor (215)
[2017.11.30-11.20.48:661][149]LogModuleManager: Shutting down and abandoning module MediaAssets (212)
[2017.11.30-11.20.48:661][149]LogModuleManager: Shutting down and abandoning module VREditor (210)
[2017.11.30-11.20.48:684][149]LogModuleManager: Shutting down and abandoning module StringTableEditor (208)
[2017.11.30-11.20.48:684][149]LogModuleManager: Shutting down and abandoning module GameplayTasksEditor (206)
[2017.11.30-11.20.48:684][149]LogModuleManager: Shutting down and abandoning module BehaviorTreeEditor (204)
[2017.11.30-11.20.48:697][149]LogModuleManager: Shutting down and abandoning module FunctionalTesting (202)
[2017.11.30-11.20.48:697][149]LogModuleManager: Shutting down and abandoning module CollisionAnalyzer (200)
[2017.11.30-11.20.48:697][149]LogModuleManager: Shutting down and abandoning module WorkspaceMenuStructure (199)
[2017.11.30-11.20.48:697][149]LogModuleManager: Shutting down and abandoning module UMG (196)
[2017.11.30-11.20.48:697][149]LogModuleManager: Shutting down and abandoning module UMGEditor (195)
[2017.11.30-11.20.48:697][149]LogModuleManager: Shutting down and abandoning module Sequencer (194)
[2017.11.30-11.20.48:697][149]LogModuleManager: Shutting down and abandoning module MessageLog (191)
[2017.11.30-11.20.48:698][149]LogModuleManager: Shutting down and abandoning module SlateReflector (186)
[2017.11.30-11.20.48:709][149]LogModuleManager: Shutting down and abandoning module Slate (184)
[2017.11.30-11.20.48:709][149]LogModuleManager: Shutting down and abandoning module EditorStyle (182)
[2017.11.30-11.20.48:718][149]LogModuleManager: Shutting down and abandoning module MRMesh (180)
[2017.11.30-11.20.48:718][149]LogModuleManager: Shutting down and abandoning module SourceCodeAccess (178)
[2017.11.30-11.20.48:718][149]LogModuleManager: Shutting down and abandoning module HeadMountedDisplay (176)
[2017.11.30-11.20.48:718][149]LogModuleManager: Shutting down and abandoning module XAudio2 (174)
[2017.11.30-11.20.48:718][149]LogModuleManager: Shutting down and abandoning module Networking (172)
[2017.11.30-11.20.48:718][149]LogModuleManager: Shutting down and abandoning module Core (168)
[2017.11.30-11.20.48:718][149]LogModuleManager: Shutting down and abandoning module KismetCompiler (164)
[2017.11.30-11.20.48:718][149]LogModuleManager: Shutting down and abandoning module LevelSequence (162)
[2017.11.30-11.20.48:718][149]LogModuleManager: Shutting down and abandoning module MeshUtilities (160)
[2017.11.30-11.20.48:719][149]LogModuleManager: Shutting down and abandoning module MeshMergeUtilities (159)
[2017.11.30-11.20.48:727][149]LogModuleManager: Shutting down and abandoning module MeshReductionInterface (158)
[2017.11.30-11.20.48:727][149]LogModuleManager: Shutting down and abandoning module SimplygonSwarm (157)
[2017.11.30-11.20.48:736][149]LogModuleManager: Shutting down and abandoning module SimplygonMeshReduction (155)
[2017.11.30-11.20.48:736][149]LogModuleManager: Shutting down and abandoning module QuadricMeshReduction (153)
[2017.11.30-11.20.48:736][149]LogModuleManager: Shutting down and abandoning module MaterialBaking (149)
[2017.11.30-11.20.48:736][149]LogModuleManager: Shutting down and abandoning module DirectoryWatcher (146)
[2017.11.30-11.20.48:738][149]LogModuleManager: Shutting down and abandoning module DerivedDataCache (144)
[2017.11.30-11.20.48:829][149]LogDerivedDataCache: Shutdown
[2017.11.30-11.20.48:829][149]LogModuleManager: Shutting down and abandoning module TargetPlatform (142)
[2017.11.30-11.20.48:829][149]LogModuleManager: Shutting down and abandoning module VulkanShaderFormat (141)
[2017.11.30-11.20.48:829][149]LogModuleManager: Shutting down and abandoning module ShaderFormatVectorVM (139)
[2017.11.30-11.20.48:843][149]LogModuleManager: Shutting down and abandoning module ShaderFormatOpenGL (137)
[2017.11.30-11.20.48:865][149]LogModuleManager: Shutting down and abandoning module ShaderFormatD3D (135)
[2017.11.30-11.20.48:865][149]LogModuleManager: Shutting down and abandoning module MetalShaderFormat (133)
[2017.11.30-11.20.48:870][149]LogModuleManager: Shutting down and abandoning module TextureFormatUncompressed (131)
[2017.11.30-11.20.48:870][149]LogModuleManager: Shutting down and abandoning module TextureFormatPVR (129)
[2017.11.30-11.20.48:870][149]LogModuleManager: Shutting down and abandoning module TextureFormatDXT (127)
[2017.11.30-11.20.48:870][149]LogModuleManager: Shutting down and abandoning module TextureFormatIntelISPCTexComp (125)
[2017.11.30-11.20.48:870][149]LogModuleManager: Shutting down and abandoning module TextureFormatASTC (123)
[2017.11.30-11.20.48:870][149]LogModuleManager: Shutting down and abandoning module ImageWrapper (122)
[2017.11.30-11.20.48:870][149]LogModuleManager: Shutting down and abandoning module TextureFormatAndroid (119)
[2017.11.30-11.20.48:870][149]LogModuleManager: Shutting down and abandoning module AudioFormatOpus (117)
[2017.11.30-11.20.48:870][149]LogModuleManager: Shutting down and abandoning module AudioFormatOgg (115)
[2017.11.30-11.20.48:870][149]LogModuleManager: Shutting down and abandoning module AudioFormatADPCM (113)
[2017.11.30-11.20.48:870][149]LogModuleManager: Shutting down and abandoning module LinuxTargetPlatform (111)
[2017.11.30-11.20.48:871][149]LogModuleManager: Shutting down and abandoning module LinuxServerTargetPlatform (109)
[2017.11.30-11.20.48:871][149]LogModuleManager: Shutting down and abandoning module LinuxNoEditorTargetPlatform (107)
[2017.11.30-11.20.48:871][149]LogModuleManager: Shutting down and abandoning module LinuxClientTargetPlatform (105)
[2017.11.30-11.20.48:871][149]LogModuleManager: Shutting down and abandoning module TVOSTargetPlatform (103)
[2017.11.30-11.20.48:871][149]LogModuleManager: Shutting down and abandoning module Messaging (101)
[2017.11.30-11.20.48:871][149]LogModuleManager: Shutting down and abandoning module IOSTargetPlatform (99)
[2017.11.30-11.20.48:871][149]LogModuleManager: Shutting down and abandoning module HTML5TargetPlatform (97)
[2017.11.30-11.20.48:871][149]LogModuleManager: Shutting down and abandoning module Android_PVRTCTargetPlatform (95)
[2017.11.30-11.20.48:871][149]LogModuleManager: Shutting down and abandoning module Android_MultiTargetPlatform (93)
[2017.11.30-11.20.48:871][149]LogModuleManager: Shutting down and abandoning module Android_ETC2TargetPlatform (91)
[2017.11.30-11.20.48:871][149]LogModuleManager: Shutting down and abandoning module Android_ETC1TargetPlatform (89)
[2017.11.30-11.20.48:871][149]LogModuleManager: Shutting down and abandoning module Android_DXTTargetPlatform (87)
[2017.11.30-11.20.48:871][149]LogModuleManager: Shutting down and abandoning module Android_ATCTargetPlatform (85)
[2017.11.30-11.20.48:871][149]LogModuleManager: Shutting down and abandoning module Android_ASTCTargetPlatform (83)
[2017.11.30-11.20.48:871][149]LogModuleManager: Shutting down and abandoning module AndroidTargetPlatform (81)
[2017.11.30-11.20.48:872][149]LogModuleManager: Shutting down and abandoning module WindowsTargetPlatform (79)
[2017.11.30-11.20.48:872][149]LogModuleManager: Shutting down and abandoning module WindowsServerTargetPlatform (77)
[2017.11.30-11.20.48:872][149]LogModuleManager: Shutting down and abandoning module WindowsNoEditorTargetPlatform (75)
[2017.11.30-11.20.48:872][149]LogModuleManager: Shutting down and abandoning module WindowsClientTargetPlatform (73)
[2017.11.30-11.20.48:872][149]LogModuleManager: Shutting down and abandoning module MacTargetPlatform (71)
[2017.11.30-11.20.48:872][149]LogModuleManager: Shutting down and abandoning module MacServerTargetPlatform (69)
[2017.11.30-11.20.48:872][149]LogModuleManager: Shutting down and abandoning module MacNoEditorTargetPlatform (67)
[2017.11.30-11.20.48:872][149]LogModuleManager: Shutting down and abandoning module MacClientTargetPlatform (65)
[2017.11.30-11.20.48:872][149]LogModuleManager: Shutting down and abandoning module AllDesktopTargetPlatform (63)
[2017.11.30-11.20.48:872][149]LogModuleManager: Shutting down and abandoning module InputCore (60)
[2017.11.30-11.20.48:872][149]LogModuleManager: Shutting down and abandoning module Settings (58)
[2017.11.30-11.20.48:872][149]LogModuleManager: Shutting down and abandoning module PhysXCooking (56)
[2017.11.30-11.20.48:872][149]LogModuleManager: Shutting down and abandoning module SteamVR (54)
[2017.11.30-11.20.48:872][149]LogModuleManager: Shutting down and abandoning module OculusHMD (52)
[2017.11.30-11.20.48:872][149]LogModuleManager: Shutting down and abandoning module ExampleDeviceProfileSelector (50)
[2017.11.30-11.20.48:872][149]LogModuleManager: Shutting down and abandoning module OnlineBlueprintSupport (48)
[2017.11.30-11.20.48:872][149]LogModuleManager: Shutting down and abandoning module OnlineSubsystem (44)
[2017.11.30-11.20.48:873][149]LogOnline: Display: Unloading online subsystem: NULL
[2017.11.30-11.20.48:896][149]LogModuleManager: Shutting down and abandoning module XMPP (43)
[2017.11.30-11.20.48:914][149]LogModuleManager: Shutting down and abandoning module HTTP (41)
[2017.11.30-11.20.48:914][149]LogHttp: Display: Http module shutting down, but needs to wait on 1 outstanding Http requests:
[2017.11.30-11.20.48:914][149]LogHttp: Display: 	verb=[POST] url=[https://datarouter.ol.epicgames.com/datarouter/api/v1/public/data?SessionID=%7BD5C22214-40E0-E7A0-09AE-CA8C882A1E64%7D&AppID=UEEditor.Rocket.Release&AppVersion=4.17.2-3658906%2B%2B%2BUE4%2BRelease-4.17&UserID=8198ac1643c3ff1af2be4d9214ded571%7C%7C09a073c4-2efd-4ecf-8e40-b3af725a5d31&AppEnvironment=datacollector-binary&UploadType=eteventstream] status=Processing
[2017.11.30-11.20.48:945][149]LogModuleManager: Shutting down and abandoning module SSL (40)
[2017.11.30-11.20.48:948][149]LogModuleManager: Shutting down and abandoning module AnimationModifiers (36)
[2017.11.30-11.20.48:948][149]LogModuleManager: Shutting down and abandoning module PropertyEditor (35)
[2017.11.30-11.20.48:949][149]LogModuleManager: Shutting down and abandoning module AudioEditor (32)
[2017.11.30-11.20.48:956][149]LogModuleManager: Shutting down and abandoning module TextureCompressor (30)
[2017.11.30-11.20.48:956][149]LogModuleManager: Shutting down and abandoning module ShaderCore (28)
[2017.11.30-11.20.48:956][149]LogModuleManager: Shutting down and abandoning module Landscape (26)
[2017.11.30-11.20.48:956][149]LogModuleManager: Shutting down and abandoning module SlateRHIRenderer (24)
[2017.11.30-11.20.48:969][149]LogModuleManager: Shutting down and abandoning module OpenGLDrv (22)
[2017.11.30-11.20.48:977][149]LogModuleManager: Shutting down and abandoning module D3D11RHI (20)
[2017.11.30-11.20.48:977][149]LogModuleManager: Shutting down and abandoning module AnimGraphRuntime (18)
[2017.11.30-11.20.48:977][149]LogModuleManager: Shutting down and abandoning module Renderer (16)
[2017.11.30-11.20.48:977][149]LogModuleManager: Shutting down and abandoning module Engine (14)
[2017.11.30-11.20.48:977][149]LogModuleManager: Shutting down and abandoning module CoreUObject (12)
[2017.11.30-11.20.48:977][149]LogModuleManager: Shutting down and abandoning module NetworkFile (10)
[2017.11.30-11.20.48:977][149]LogModuleManager: Shutting down and abandoning module CookedIterativeFile (8)
[2017.11.30-11.20.48:977][149]LogModuleManager: Shutting down and abandoning module StreamingFile (6)
[2017.11.30-11.20.48:977][149]LogModuleManager: Shutting down and abandoning module SandboxFile (4)
[2017.11.30-11.20.48:978][149]LogModuleManager: Shutting down and abandoning module PakFile (2)
[2017.11.30-11.20.48:985][149]LogExit: Exiting.
[2017.11.30-11.20.49:059][149]Log file closed, 11/30/17 11:20:49
