Log file open, 11/24/17 13:19:10
LogWindows: Failed to load 'aqProf.dll' (GetLastError=126)
LogWindows: File 'aqProf.dll' does not exist
LogWindows: Failed to load 'VtuneApi.dll' (GetLastError=126)
LogWindows: File 'VtuneApi.dll' does not exist
LogWindows: Failed to load 'VtuneApi32e.dll' (GetLastError=126)
LogWindows: File 'VtuneApi32e.dll' does not exist
LogInit: Display: Running engine for game: Puzzle_Island
LogPlatformFile: Not using cached read wrapper
LogInit: Display: RandInit(1870138463) SRandInit(1870138463).
LogTaskGraph: Started task graph with 5 named threads and 14 total threads with 3 sets of task threads.
LogStats: Stats thread started at 0.191647
LogD3D11RHI: Aftermath initialized
LogPluginManager: Mounting plugin Paper2D
LogPluginManager: Mounting plugin LightPropagationVolume
LogPluginManager: Mounting plugin CodeLiteSourceCodeAccess
LogPluginManager: Mounting plugin GitSourceControl
LogPluginManager: Mounting plugin KDevelopSourceCodeAccess
LogPluginManager: Mounting plugin NullSourceCodeAccess
LogPluginManager: Mounting plugin PerforceSourceControl
LogPluginManager: Mounting plugin SubversionSourceControl
LogPluginManager: Mounting plugin UObjectPlugin
LogPluginManager: Mounting plugin VisualStudioSourceCodeAccess
LogPluginManager: Mounting plugin XCodeSourceCodeAccess
LogPluginManager: Mounting plugin AssetManagerEditor
LogPluginManager: Mounting plugin AudioCapture
LogPluginManager: Mounting plugin FacialAnimation
LogPluginManager: Mounting plugin GameplayTagsEditor
LogPluginManager: Mounting plugin MobileLauncherProfileWizard
LogPluginManager: Mounting plugin PluginBrowser
LogPluginManager: Mounting plugin SpeedTreeImporter
LogPluginManager: Mounting plugin AlembicImporter
LogPluginManager: Mounting plugin CharacterAI
LogPluginManager: Mounting plugin HTML5Networking
LogPluginManager: Mounting plugin AndroidMedia
LogPluginManager: Mounting plugin AvfMedia
LogPluginManager: Mounting plugin MediaPlayerEditor
LogPluginManager: Mounting plugin WmfMedia
LogPluginManager: Mounting plugin TcpMessaging
LogPluginManager: Mounting plugin UdpMessaging
LogPluginManager: Mounting plugin LevelSequenceEditor
LogPluginManager: Mounting plugin MatineeToLevelSequence
LogPluginManager: Mounting plugin OnlineSubsystemGooglePlay
LogPluginManager: Mounting plugin OnlineSubsystemIOS
LogPluginManager: Mounting plugin OnlineSubsystem
LogPluginManager: Mounting plugin OnlineSubsystemNull
LogPluginManager: Mounting plugin OnlineSubsystemUtils
LogPluginManager: Mounting plugin AndroidDeviceProfileSelector
LogPluginManager: Mounting plugin AndroidMoviePlayer
LogPluginManager: Mounting plugin AndroidPermission
LogPluginManager: Mounting plugin AppleMoviePlayer
LogPluginManager: Mounting plugin ArchVisCharacter
LogPluginManager: Mounting plugin CableComponent
LogPluginManager: Mounting plugin CustomMeshComponent
LogPluginManager: Mounting plugin ExampleDeviceProfileSelector
LogPluginManager: Mounting plugin GoogleCloudMessaging
LogPluginManager: Mounting plugin ImmediatePhysics
LogPluginManager: Mounting plugin IOSDeviceProfileSelector
LogPluginManager: Mounting plugin LinuxDeviceProfileSelector
LogPluginManager: Mounting plugin LocationServicesBPLibrary
LogPluginManager: Mounting plugin MobilePatchingUtils
LogPluginManager: Mounting plugin OculusVR
LogPluginManager: Mounting plugin PhysXVehicles
LogPluginManager: Mounting plugin ProceduralMeshComponent
LogPluginManager: Mounting plugin RuntimePhysXCooking
LogPluginManager: Mounting plugin SteamVR
LogPluginManager: Mounting plugin WindowsMoviePlayer
LogInit: Using libcurl 7.47.1
LogInit:  - built for x86_64-pc-win32
LogInit:  - supports SSL with OpenSSL/1.0.2g
LogInit:  - supports HTTP deflate (compression) using libz 1.2.8
LogInit:  - other features:
LogInit:      CURL_VERSION_SSL
LogInit:      CURL_VERSION_LIBZ
LogInit:      CURL_VERSION_IPV6
LogInit:      CURL_VERSION_ASYNCHDNS
LogInit:      CURL_VERSION_LARGEFILE
LogInit:      CURL_VERSION_IDN
LogInit:  CurlRequestOptions (configurable via config and command line):
LogInit:  - bVerifyPeer = false  - Libcurl will NOT verify peer certificate
LogInit:  - bUseHttpProxy = false  - Libcurl will NOT use HTTP proxy
LogInit:  - bDontReuseConnections = false  - Libcurl will reuse connections
LogInit:  - CertBundlePath = nullptr  - Libcurl will use whatever was configured at build time.
LogInit: Build: ++UE4+Release-4.17-CL-3658906
LogInit: Engine Version: 4.17.2-3658906+++UE4+Release-4.17
LogInit: Compatible Engine Version: 4.17.0-3573198+++UE4+Release-4.17
LogInit: Net CL: 3573198
LogDevObjectVersion: Number of dev versions registered: 16
LogDevObjectVersion:   Dev-Blueprints (B0D832E4-1F89-4F0D-ACCF-7EB736FD4AA2): 10
LogDevObjectVersion:   Dev-Build (E1C64328-A22C-4D53-A36C-8E866417BD8C): 0
LogDevObjectVersion:   Dev-Core (375EC13C-06E4-48FB-B500-84F0262A717E): 2
LogDevObjectVersion:   Dev-Editor (E4B068ED-F494-42E9-A231-DA0B2E46BB41): 20
LogDevObjectVersion:   Dev-Framework (CFFC743F-43B0-4480-9391-14DF171D2073): 28
LogDevObjectVersion:   Dev-Mobile (B02B49B5-BB20-44E9-A304-32B752E40360): 0
LogDevObjectVersion:   Dev-Networking (A4E4105C-59A1-49B5-A7C5-40C4547EDFEE): 0
LogDevObjectVersion:   Dev-Online (39C831C9-5AE6-47DC-9A44-9C173E1C8E7C): 0
LogDevObjectVersion:   Dev-Physics (78F01B33-EBEA-4F98-B9B4-84EACCB95AA2): 0
LogDevObjectVersion:   Dev-Platform (6631380F-2D4D-43E0-8009-CF276956A95A): 0
LogDevObjectVersion:   Dev-Rendering (12F88B9F-8875-4AFC-A67C-D90C383ABD29): 19
LogDevObjectVersion:   Dev-Sequencer (7B5AE74C-D270-4C10-A958-57980B212A5A): 4
LogDevObjectVersion:   Dev-VR (D7296918-1DD6-4BDD-9DE2-64A83CC13884): 0
LogDevObjectVersion:   Dev-LoadTimes (C2A15278-BFE7-4AFE-6C17-90FF531DF755): 1
LogDevObjectVersion:   Private-Geometry (6EACA3D4-40EC-4CC1-B786-8BED09428FC5): 1
LogDevObjectVersion:   Dev-AnimPhys (29E575DD-E0A3-4627-9D10-D276232CDCEA): 7
LogInit: Compiled (64-bit): Sep 22 2017 13:47:16
LogInit: Compiled with Visual C++: 19.00.24215.01
LogInit: Build Configuration: Development
LogInit: Branch Name: ++UE4+Release-4.17
LogInit: Command line: -EpicPortal 
LogInit: Base directory: C:/Program Files/Epic Games/UE_4.17/Engine/Binaries/Win64/
LogInit: Installed Engine Build: 1
LogInit: Presizing for max 8388607 objects, including 0 objects not considered by GC, pre-allocating 0 bytes for permanent pool.
LogInit: Object subsystem initialized
[2017.11.24-13.19.13:466][  0]LogInit: Selected Device Profile: [Windows]
[2017.11.24-13.19.13:466][  0]LogInit: Applying CVar settings loaded from the selected device profile: [Windows]
[2017.11.24-13.19.13:481][  0]LogInit: Computer: W62237
[2017.11.24-13.19.13:482][  0]LogInit: User: 2siewj44
[2017.11.24-13.19.13:482][  0]LogInit: CPU Page size=4096, Cores=4
[2017.11.24-13.19.13:482][  0]LogInit: High frequency timer resolution =3.515620 MHz
[2017.11.24-13.19.13:482][  0]LogMemory: Memory total: Physical=7.9GB (8GB approx)
[2017.11.24-13.19.13:482][  0]LogMemory: Platform Memory Stats for Windows
[2017.11.24-13.19.13:482][  0]LogMemory: Process Physical Memory: 282.38 MB used, 282.38 MB peak
[2017.11.24-13.19.13:482][  0]LogMemory: Process Virtual Memory: 292.38 MB used, 292.38 MB peak
[2017.11.24-13.19.13:482][  0]LogMemory: Physical Memory: 4422.93 MB used,  3685.29 MB free, 8108.21 MB total
[2017.11.24-13.19.13:482][  0]LogMemory: Virtual Memory: 687.66 MB used,  3685.29 MB free, 134217728.00 MB total
[2017.11.24-13.19.14:260][  0]LogInit: Using OS detected language (en-US).
[2017.11.24-13.19.14:260][  0]LogInit: Using OS detected locale (en-GB).
[2017.11.24-13.19.14:264][  0]LogTextLocalizationManager: No specific localization for 'en-US' exists, so the 'en' localization will be used.
[2017.11.24-13.19.15:191][  0]LogD3D11RHI: D3D11 adapters:
[2017.11.24-13.19.15:247][  0]LogD3D11RHI:    0. 'NVIDIA GeForce GTX 660' (Feature Level 11_0)
[2017.11.24-13.19.15:247][  0]LogD3D11RHI:       1506/0/4054 MB DedicatedVideo/DedicatedSystem/SharedSystem, Outputs:1, VendorId:0x10de
[2017.11.24-13.19.15:248][  0]LogD3D11RHI:    1. 'Microsoft Basic Render Driver' (Feature Level 11_0)
[2017.11.24-13.19.15:248][  0]LogD3D11RHI:       0/0/4054 MB DedicatedVideo/DedicatedSystem/SharedSystem, Outputs:0, VendorId:0x1414
[2017.11.24-13.19.15:248][  0]LogD3D11RHI: Chosen D3D11 Adapter: 0
[2017.11.24-13.19.15:253][  0]LogD3D11RHI: Creating new Direct3DDevice
[2017.11.24-13.19.15:253][  0]LogD3D11RHI:     GPU DeviceId: 0x1185 (for the marketing name, search the web for "GPU Device Id")
[2017.11.24-13.19.15:253][  0]LogWindows: EnumDisplayDevices:
[2017.11.24-13.19.15:253][  0]LogWindows:    0. 'NVIDIA GeForce GTX 660' (P:1 D:1)
[2017.11.24-13.19.15:254][  0]LogWindows:    1. 'NVIDIA GeForce GTX 660' (P:0 D:0)
[2017.11.24-13.19.15:254][  0]LogWindows:    2. 'NVIDIA GeForce GTX 660' (P:0 D:0)
[2017.11.24-13.19.15:254][  0]LogWindows:    3. 'NVIDIA GeForce GTX 660' (P:0 D:0)
[2017.11.24-13.19.15:254][  0]LogWindows: DebugString: FoundDriverCount:4 
[2017.11.24-13.19.15:254][  0]LogD3D11RHI:     Adapter Name: NVIDIA GeForce GTX 660
[2017.11.24-13.19.15:254][  0]LogD3D11RHI:   Driver Version: 388.13 (internal:23.21.13.8813, unified:388.13)
[2017.11.24-13.19.15:254][  0]LogD3D11RHI:      Driver Date: 10-27-2017
[2017.11.24-13.19.15:254][  0]LogRHI: Texture pool is 1054 MB (70% of 1506 MB)
[2017.11.24-13.19.15:288][  0]LogD3D11RHI: Async texture creation enabled
[2017.11.24-13.19.15:305][  0]LogD3D11RHI: GPU Timing Frequency: 1000.000000 (Debug: 2 2)
[2017.11.24-13.19.15:306][  0]LogShaderCompilers: Guid format shader working directory is -24 characters bigger than the processId version (../../../../../../Users/2siewj44/Desktop/Puzzle-Island-VGD/Puzzle_Island/Intermediate/Shaders/WorkingDirectory/15944/).
[2017.11.24-13.19.15:306][  0]LogShaderCompilers: Cleaned the shader compiler working directory 'C:/Users/2siewj44/AppData/Local/Temp/UnrealShaderWorkingDir/1E1537FA42B678C0F37586BFF7811E9E/'.
[2017.11.24-13.19.15:306][  0]LogShaderCompilers: Display: Using Local Shader Compiler.
[2017.11.24-13.19.16:798][  0]LogTemp: Display: Loaded TP AllDesktopTargetPlatform
[2017.11.24-13.19.16:956][  0]LogTemp: Display: Loaded TP MacClientTargetPlatform
[2017.11.24-13.19.17:117][  0]LogTemp: Display: Loaded TP MacNoEditorTargetPlatform
[2017.11.24-13.19.17:298][  0]LogTemp: Display: Loaded TP MacServerTargetPlatform
[2017.11.24-13.19.17:465][  0]LogTemp: Display: Loaded TP MacTargetPlatform
[2017.11.24-13.19.17:675][  0]LogTemp: Display: Loaded TP WindowsClientTargetPlatform
[2017.11.24-13.19.17:832][  0]LogTemp: Display: Loaded TP WindowsNoEditorTargetPlatform
[2017.11.24-13.19.18:001][  0]LogTemp: Display: Loaded TP WindowsServerTargetPlatform
[2017.11.24-13.19.18:182][  0]LogTemp: Display: Loaded TP WindowsTargetPlatform
[2017.11.24-13.19.18:339][  0]LogTemp: Display: Loaded TP AndroidTargetPlatform
[2017.11.24-13.19.18:510][  0]LogTemp: Display: Loaded TP Android_ASTCTargetPlatform
[2017.11.24-13.19.18:689][  0]LogTemp: Display: Loaded TP Android_ATCTargetPlatform
[2017.11.24-13.19.18:905][  0]LogTemp: Display: Loaded TP Android_DXTTargetPlatform
[2017.11.24-13.19.19:070][  0]LogTemp: Display: Loaded TP Android_ETC1TargetPlatform
[2017.11.24-13.19.19:297][  0]LogTemp: Display: Loaded TP Android_ETC2TargetPlatform
[2017.11.24-13.19.19:767][  0]LogTemp: Display: Loaded TP Android_MultiTargetPlatform
[2017.11.24-13.19.19:767][  0]LogTemp: Display: Loaded TP Android_PVRTCTargetPlatform
[2017.11.24-13.19.19:944][  0]LogTemp: Display: Loaded TP HTML5TargetPlatform
[2017.11.24-13.19.20:293][  0]LogTemp: Display: Loaded TP IOSTargetPlatform
[2017.11.24-13.19.20:436][  0]LogTemp: Display: Loaded TP TVOSTargetPlatform
[2017.11.24-13.19.20:625][  0]LogTemp: Display: Loaded TP LinuxClientTargetPlatform
[2017.11.24-13.19.20:781][  0]LogTemp: Display: Loaded TP LinuxNoEditorTargetPlatform
[2017.11.24-13.19.20:941][  0]LogTemp: Display: Loaded TP LinuxServerTargetPlatform
[2017.11.24-13.19.21:102][  0]LogTemp: Display: Loaded TP LinuxTargetPlatform
[2017.11.24-13.19.21:102][  0]LogTargetPlatformManager: Display: Building Assets For Windows
[2017.11.24-13.19.23:553][  0]LogDerivedDataCache: Display: Max Cache Size: 512 MB
[2017.11.24-13.19.23:662][  0]LogDerivedDataCache: Loaded boot cache 0.11s 93MB C:/Users/2siewj44/AppData/Local/UnrealEngine/4.17/DerivedDataCache/Boot.ddc.
[2017.11.24-13.19.23:662][  0]LogDerivedDataCache: Display: Loaded Boot cache: C:/Users/2siewj44/AppData/Local/UnrealEngine/4.17/DerivedDataCache/Boot.ddc
[2017.11.24-13.19.23:662][  0]LogDerivedDataCache: FDerivedDataBackendGraph:  Pak pak cache file ../../../../../../Users/2siewj44/Desktop/Puzzle-Island-VGD/Puzzle_Island/DerivedDataCache/DDC.ddp not found, will not use a pak cache.
[2017.11.24-13.19.23:662][  0]LogDerivedDataCache: Unable to find inner node Pak for hierarchical cache Hierarchy.
[2017.11.24-13.19.23:662][  0]LogDerivedDataCache: FDerivedDataBackendGraph:  CompressedPak pak cache file ../../../../../../Users/2siewj44/Desktop/Puzzle-Island-VGD/Puzzle_Island/DerivedDataCache/Compressed.ddp not found, will not use a pak cache.
[2017.11.24-13.19.23:662][  0]LogDerivedDataCache: Unable to find inner node CompressedPak for hierarchical cache Hierarchy.
[2017.11.24-13.19.23:681][  0]LogDerivedDataCache: Display: Pak cache opened for reading ../../../Engine/DerivedDataCache/Compressed.ddp.
[2017.11.24-13.19.23:696][  0]LogDerivedDataCache: Using Local data cache path C:/Users/2siewj44/AppData/Local/UnrealEngine/Common/DerivedDataCache: Writable
[2017.11.24-13.19.23:725][  0]LogMaterial: Verifying Global Shaders for PCD3D_SM5
[2017.11.24-13.19.23:725][  0]LogSlate: Using Freetype 2.6.0
[2017.11.24-13.19.23:728][  0]LogSlate: SlateFontCache - WITH_FREETYPE: 1, WITH_HARFBUZZ: 1
[2017.11.24-13.19.23:728][  0]LogSlate: SlateFontCache - WITH_FREETYPE: 1, WITH_HARFBUZZ: 1
[2017.11.24-13.19.24:552][  0]LogAssetRegistry: FAssetRegistry took 0.0390 seconds to start up
[2017.11.24-13.19.24:834][  0]LogInit: Selected Device Profile: [Windows]
[2017.11.24-13.19.26:145][  0]LogSimplygon: Simplygon DLL not present - disabling.
[2017.11.24-13.19.26:583][  0]LogMeshReduction: Using SimplygonSwarm for distributed automatic mesh merging
[2017.11.24-13.19.26:583][  0]LogMeshReduction: Using QuadricMeshReduction for automatic static mesh reduction
[2017.11.24-13.19.26:583][  0]LogMeshReduction: No automatic skeletal mesh reduction module available
[2017.11.24-13.19.26:583][  0]LogMeshReduction: No automatic mesh merging module available
[2017.11.24-13.19.26:583][  0]LogMeshMerging: No automatic mesh merging module available
[2017.11.24-13.19.26:668][  0]LogContentStreaming: Texture pool size is 0.00 MB
[2017.11.24-13.19.27:445][  0]LogNetVersion: Puzzle_Island , NetCL: 3573198, EngineNetVer: 2, GameNetVer: 0 (Checksum: 3939646741)
[2017.11.24-13.19.27:886][  0]LogPackageLocalizationCache: Processed 5 localized package path(s) for 2 prioritized culture(s) in 0.073858 seconds
[2017.11.24-13.19.27:892][  0]LogUObjectArray: 35825 objects as part of root set at end of initial load.
[2017.11.24-13.19.27:892][  0]LogUObjectAllocator: 7529112 out of 0 bytes used by permanent object pool.
[2017.11.24-13.19.27:892][  0]LogUObjectArray: CloseDisregardForGC: 0/0 objects in disregard for GC pool
[2017.11.24-13.19.28:183][  0]LogInit: WinSock: version 1.1 (2.2), MaxSocks=32767, MaxUdp=65467
[2017.11.24-13.19.37:304][  0]LogTcpMessaging: Initializing TcpMessaging bridge
[2017.11.24-13.19.37:457][  0]LogUdpMessaging: Initializing bridge on interface 0.0.0.0:0 to multicast group 230.0.0.1:6666.
[2017.11.24-13.19.39:852][  0]LogLinker: Warning: Can't find file '/Game/ThirdPersonCPP/Blueprints/ThirdPersonCharacter'
[2017.11.24-13.19.39:853][  0]LogLinker: Warning: Can't find file '/Game/ThirdPersonCPP/Blueprints/ThirdPersonCharacter'
[2017.11.24-13.19.39:853][  0]LogUObjectGlobals: Warning: Failed to find object 'Class /Game/ThirdPersonCPP/Blueprints/ThirdPersonCharacter.ThirdPersonCharacter_C'
[2017.11.24-13.19.39:853][  0]Error: CDO Constructor (Puzzle_IslandGameMode): Failed to find /Game/ThirdPersonCPP/Blueprints/ThirdPersonCharacter.ThirdPersonCharacter_C

[2017.11.24-13.19.39:853][  0]LogUObjectBase: Warning: -------------- Default Property warnings and errors:
[2017.11.24-13.19.39:853][  0]LogUObjectBase: Warning: Error: CDO Constructor (Puzzle_IslandGameMode): Failed to find /Game/ThirdPersonCPP/Blueprints/ThirdPersonCharacter.ThirdPersonCharacter_C

[2017.11.24-13.19.39:872][  0]LogWindowsTextInputMethodSystem: Display: IME system now deactivated.
[2017.11.24-13.19.45:627][  0]LogWindowsTextInputMethodSystem: Display: IME system now deactivated.
[2017.11.24-13.19.45:628][  0]LogWindowsTextInputMethodSystem: Display: IME system now deactivated.
[2017.11.24-13.19.46:673][  0]LogMaterial: Uniform references updated for custom material expression Custom.
[2017.11.24-13.19.48:507][  0]SourceControl: Source control is disabled
[2017.11.24-13.19.48:507][  0]SourceControl: Source control is disabled
[2017.11.24-13.19.48:673][  0]SourceControl: Source control is disabled
[2017.11.24-13.19.48:872][  0]SourceControl: Source control is disabled
[2017.11.24-13.19.52:590][  0]LogAndroidPermission: UAndroidPermissionCallbackProxy::GetInstance
[2017.11.24-13.19.54:297][  0]LogOcInput: OculusInput pre-init called
[2017.11.24-13.19.55:749][  0]LogEngine: Initializing Engine...
[2017.11.24-13.19.55:751][  0]LogHMD: Failed to initialize OpenVR with code 110
[2017.11.24-13.19.55:991][  0]LogStats: UGameplayTagsManager::ConstructGameplayTagTree: Construct from data asset -  0.000 s
[2017.11.24-13.19.55:991][  0]LogStats: UGameplayTagsManager::ConstructGameplayTagTree: GameplayTagTreeChangedEvent.Broadcast -  0.000 s
[2017.11.24-13.19.56:823][  0]LogAIModule: Creating AISystem for world Untitled
[2017.11.24-13.19.56:831][  0]LogInit: XAudio2 using 'Realtek Digital Output (Realtek High Definition Audio)' : 2 channels at 48 kHz using 16 bits per sample (channel mask 0x3)
[2017.11.24-13.19.56:886][  0]LogInit: FAudioDevice initialized.
[2017.11.24-13.19.57:033][  0]LogDerivedDataCache: Saved boot cache 0.15s 93MB C:/Users/2siewj44/AppData/Local/UnrealEngine/4.17/DerivedDataCache/Boot.ddc.
[2017.11.24-13.19.57:065][  0]LogInit: Texture streaming: Enabled
[2017.11.24-13.19.57:894][  0]LogEngineSessionManager: EngineSessionManager initialized
[2017.11.24-13.19.58:922][  0]LogInit: Transaction tracking system initialized
[2017.11.24-13.20.01:614][  0]BlueprintLog: New page: Editor Load
[2017.11.24-13.20.10:851][  0]LocalizationService: Localization service is disabled
[2017.11.24-13.20.14:760][  0]LogConsoleResponse: Display: 
[2017.11.24-13.20.15:038][  0]LogAutoReimportManager: Warning: Unable to watch directory ../../../../../../Users/2siewj44/Desktop/Puzzle-Island-VGD/Puzzle_Island/Content/ as it will conflict with another watching ../../../../../../Users/2siewj44/Desktop/Puzzle-Island-VGD/Puzzle_Island/Content/.
[2017.11.24-13.20.15:038][  0]LogAutoReimportManager: Warning: Unable to watch directory ../../../../../../Users/2siewj44/Desktop/Puzzle-Island-VGD/Puzzle_Island/Content/ as it will conflict with another watching ../../../../../../Users/2siewj44/Desktop/Puzzle-Island-VGD/Puzzle_Island/Content/.
[2017.11.24-13.20.15:038][  0]LogAutoReimportManager: Warning: Unable to watch directory ../../../../../../Users/2siewj44/Desktop/Puzzle-Island-VGD/Puzzle_Island/Content/ as it will conflict with another watching ../../../../../../Users/2siewj44/Desktop/Puzzle-Island-VGD/Puzzle_Island/Content/.
[2017.11.24-13.20.15:049][  0]LogCook: Display: Max memory allowance for cook 16384mb min free memory 0mb
[2017.11.24-13.20.15:050][  0]LogCook: Display: Mobile HDR setting 1
[2017.11.24-13.20.15:050][  0]LogGameplayTags: Display: UGameplayTagsManager::DoneAddingNativeTags. DelegateIsBound: 0
[2017.11.24-13.20.15:157][  0]LogFileCache: Scanning file cache for directory 'C:/Users/2siewj44/Desktop/Puzzle-Island-VGD/Puzzle_Island/Content/' took 0.02s
[2017.11.24-13.20.21:381][  0]SourceControl: Source control is disabled
[2017.11.24-13.20.21:381][  0]Cmd: MAP LOAD FILE="../../../../../../Users/2siewj44/Desktop/Puzzle-Island-VGD/Puzzle_Island/Content/Maps/Puzzle_Island.umap" TEMPLATE=0 SHOWPROGRESS=1 FEATURELEVEL=3
[2017.11.24-13.20.21:383][  0]LightingResults: New page: Lighting Build
[2017.11.24-13.20.21:671][  0]MapCheck: New page: Map Check
[2017.11.24-13.20.21:671][  0]LightingResults: New page: Lighting Build
[2017.11.24-13.20.23:062][  0]LogTexture: Display: Building textures: Texture2D_0 (BGRA8, 512X512)
[2017.11.24-13.20.23:062][  0]LogTexture: Display: Building textures: Grass_NM (BC5, 1024X1024)
[2017.11.24-13.20.23:133][  0]LogTexture: Display: Building textures: Grass_D (AutoDXT, 1024X1024)
[2017.11.24-13.20.23:133][  0]LogTexture: Display: Building textures: T_Water_Ripple_Directional_Noise (BC5, 128X128)
[2017.11.24-13.20.23:133][  0]LogTexture: Display: Building textures: Cliff_NM (BC5, 1024X1024)
[2017.11.24-13.20.24:567][  0]LogTexture: Display: Building textures: Cliff_D (AutoDXT, 1024X1024)
[2017.11.24-13.20.24:567][  0]LogTexture: Display: Building textures: NPC_Text_Box (AutoDXT, 1024X400)
[2017.11.24-13.20.24:567][  0]LogTexture: Display: Building textures: T_Water_01_N (BC5, 2048X2048)
[2017.11.24-13.20.24:567][  0]LogMaterial: Missing cached shader map for material m_Landscape1, compiling. 
[2017.11.24-13.20.24:894][  0]LogMaterial: Missing cached shader map for material m_Landscape1, compiling. 
[2017.11.24-13.20.25:263][  0]LogStaticMesh: Building static mesh NPC_Placeholder...
[2017.11.24-13.20.25:365][  0]LogStaticMesh: Built static mesh [0.10s] /Game/FBX/NPC_Placeholder.NPC_Placeholder
[2017.11.24-13.20.25:615][  0]LogMaterial: Missing cached shader map for material M_Water_Master, compiling. 
[2017.11.24-13.20.25:774][  0]LogAIModule: Creating AISystem for world Puzzle_Island
[2017.11.24-13.20.26:257][  0]LogEditorServer: Finished looking for orphan Actors (0.000 secs)
[2017.11.24-13.20.26:294][  0]Cmd: MAP CHECKDEP NOCLEARLOG
[2017.11.24-13.20.26:380][  0]MapCheck: Map check complete: 0 Error(s), 0 Warning(s), took 86.223ms to complete.
[2017.11.24-13.20.26:380][  0]LogFileHelpers: Loading map 'Puzzle_Island' took 4.999
[2017.11.24-13.20.26:697][  0]LogCollectionManager: Loaded 0 collections in 0.002310 seconds
[2017.11.24-13.20.26:922][  0]LogFileCache: Scanning file cache for directory 'C:/Users/2siewj44/Desktop/Puzzle-Island-VGD/Puzzle_Island/Saved/Collections/' took 0.01s
[2017.11.24-13.20.26:922][  0]LogFileCache: Scanning file cache for directory 'C:/Users/2siewj44/Desktop/Puzzle-Island-VGD/Puzzle_Island/Content/Developers/2siewj44/Collections/' took 0.01s
[2017.11.24-13.20.26:922][  0]LogFileCache: Scanning file cache for directory 'C:/Users/2siewj44/Desktop/Puzzle-Island-VGD/Puzzle_Island/Content/Collections/' took 0.01s
[2017.11.24-13.20.26:922][  0]LogCollectionManager: Rebuilt the GUID cache for 0 collections in 0.000001 seconds
[2017.11.24-13.20.26:942][  0]LogContentBrowser: Native class hierarchy populated in 0.0194 seconds. Added 2388 classes and 502 folders.
[2017.11.24-13.20.27:334][  0]LogContentBrowser: Native class hierarchy updated for 'WidgetCarousel' in 0.0034 seconds. Added 0 classes and 0 folders.
[2017.11.24-13.20.27:421][  0]LogContentBrowser: Native class hierarchy updated for 'AddContentDialog' in 0.0038 seconds. Added 0 classes and 0 folders.
[2017.11.24-13.20.27:680][  0]LogContentBrowser: Native class hierarchy updated for 'SceneOutliner' in 0.0036 seconds. Added 1 classes and 2 folders.
[2017.11.24-13.20.27:749][  0]LogSlate: Took 0.000354 seconds to synchronously load lazily loaded font '../../../Engine/Content/Slate/Fonts/Roboto-Regular.ttf' (155K)
[2017.11.24-13.20.27:754][  0]LogSlate: Took 0.000252 seconds to synchronously load lazily loaded font '../../../Engine/Content/Slate/Fonts/Roboto-Bold.ttf' (160K)
[2017.11.24-13.20.27:764][  0]LogSlate: Took 0.000294 seconds to synchronously load lazily loaded font '../../../Engine/Content/Editor/Slate/Fonts/FontAwesome.ttf' (139K)
[2017.11.24-13.20.27:961][  0]LogRenderer: Reallocating scene render targets to support 1208x652 Format 10 NumSamples 1 (Frame:1).
[2017.11.24-13.20.28:205][  0]LogSlate: Took 0.000302 seconds to synchronously load lazily loaded font '../../../Engine/Content/Slate/Fonts/Roboto-Light.ttf' (159K)
[2017.11.24-13.20.28:645][  0]LogContentBrowser: Native class hierarchy updated for 'HierarchicalLODOutliner' in 0.0035 seconds. Added 1 classes and 2 folders.
[2017.11.24-13.20.28:646][  0]LogLoad: (Engine Initialization) Total time: 79.28 seconds
[2017.11.24-13.20.28:646][  0]LogLoad: (Engine Initialization) Total Blueprint compile time: 0.00 seconds
[2017.11.24-13.20.28:646][  0]LogExternalProfiler: Found external profiler: VSPerf
[2017.11.24-13.20.28:646][  0]LogExternalProfiler: Using external profiler: VSPerf
[2017.11.24-13.20.28:690][  0]LogContentStreaming: Texture pool size now 1000 MB
[2017.11.24-13.20.28:787][  1]LogFileCache: Retrieving MD5 hashes for directory 'C:/Users/2siewj44/Desktop/Puzzle-Island-VGD/Puzzle_Island/Content/' took 0.12s
[2017.11.24-13.20.28:845][  2]LogAssetRegistry: Asset discovery search completed in 64.3134 seconds
[2017.11.24-13.20.28:883][  2]LogCollectionManager: Rebuilt the object cache for 0 collections in 0.000001 seconds (found 0 objects)
[2017.11.24-13.20.28:883][  2]LogCollectionManager: Fixed up redirectors for 0 collections in 0.000090 seconds (updated 0 objects)
[2017.11.24-13.20.45:584][107]LogTemp: Repeating last play command: Selected Viewport
[2017.11.24-13.20.45:832][107]LogBlueprintUserMessages: Early PlayInEditor Detection: Level '/Game/Maps/Puzzle_Island.Puzzle_Island:PersistentLevel' has LevelScriptBlueprint '/Game/Maps/Puzzle_Island.Puzzle_Island:PersistentLevel.Puzzle_Island' with GeneratedClass '/Game/Maps/Puzzle_Island.Puzzle_Island_C' with ClassGeneratedBy '/Game/Maps/Puzzle_Island.Puzzle_Island:PersistentLevel.Puzzle_Island'
[2017.11.24-13.20.45:840][107]LogPlayLevel: PlayLevel: No blueprints needed recompiling
[2017.11.24-13.20.45:910][107]PIE: New page: PIE session: Puzzle_Island (24 Nov 2017 13:20:45)
[2017.11.24-13.20.45:930][107]LogPlayLevel: Creating play world package: /Game/Maps/UEDPIE_0_Puzzle_Island
[2017.11.24-13.20.46:008][107]LogPlayLevel: PIE: StaticDuplicateObject took: (0.077843s)
[2017.11.24-13.20.46:009][107]LogAIModule: Creating AISystem for world Puzzle_Island
[2017.11.24-13.20.46:009][107]LogPlayLevel: PIE: World Init took: (0.001283s)
[2017.11.24-13.20.46:019][107]LogPlayLevel: PIE: Created PIE world by copying editor world from /Game/Maps/Puzzle_Island.Puzzle_Island to /Game/Maps/UEDPIE_0_Puzzle_Island.Puzzle_Island (0.095096s)
[2017.11.24-13.20.46:061][107]LogInit: XAudio2 using 'Realtek Digital Output (Realtek High Definition Audio)' : 2 channels at 48 kHz using 16 bits per sample (channel mask 0x3)
[2017.11.24-13.20.46:089][107]LogInit: FAudioDevice initialized.
[2017.11.24-13.20.46:170][107]LogLoad: Game class is 'Puzzle_IslandGameMode'
[2017.11.24-13.20.46:291][107]LogWorld: Bringing World /Game/Maps/UEDPIE_0_Puzzle_Island.Puzzle_Island up for play (max tick rate 0) at 2017.11.24-13.20.46
[2017.11.24-13.20.46:399][107]LogWorld: Bringing up level for play took: 0.113541
[2017.11.24-13.20.46:742][107]LogContentBrowser: Native class hierarchy updated for 'MovieSceneCapture' in 0.0037 seconds. Added 11 classes and 0 folders.
[2017.11.24-13.20.46:831][107]PIE: Play in editor start time for /Game/Maps/UEDPIE_0_Puzzle_Island 1.763
[2017.11.24-13.20.46:831][107]LogBlueprintUserMessages: Late PlayInEditor Detection: Level '/Game/Maps/Puzzle_Island.Puzzle_Island:PersistentLevel' has LevelScriptBlueprint '/Game/Maps/Puzzle_Island.Puzzle_Island:PersistentLevel.Puzzle_Island' with GeneratedClass '/Game/Maps/Puzzle_Island.Puzzle_Island_C' with ClassGeneratedBy '/Game/Maps/Puzzle_Island.Puzzle_Island:PersistentLevel.Puzzle_Island'
[2017.11.24-13.20.51:926][472]LogBlueprintUserMessages: Early EndPlayMap Detection: Level '/Game/Maps/Puzzle_Island.Puzzle_Island:PersistentLevel' has LevelScriptBlueprint '/Game/Maps/Puzzle_Island.Puzzle_Island:PersistentLevel.Puzzle_Island' with GeneratedClass '/Game/Maps/Puzzle_Island.Puzzle_Island_C' with ClassGeneratedBy '/Game/Maps/Puzzle_Island.Puzzle_Island:PersistentLevel.Puzzle_Island'
[2017.11.24-13.20.52:124][472]LogBlueprintUserMessages: Late EndPlayMap Detection: Level '/Game/Maps/Puzzle_Island.Puzzle_Island:PersistentLevel' has LevelScriptBlueprint '/Game/Maps/Puzzle_Island.Puzzle_Island:PersistentLevel.Puzzle_Island' with GeneratedClass '/Game/Maps/Puzzle_Island.Puzzle_Island_C' with ClassGeneratedBy '/Game/Maps/Puzzle_Island.Puzzle_Island:PersistentLevel.Puzzle_Island'
[2017.11.24-13.21.21:948][726]LogEditor: Attempting to add actor of class 'Puzzle_IslandCharacter' to level at 906.00,-558.00,772.00
[2017.11.24-13.21.24:590][872]LogEditor: Attempting to add actor of class 'Puzzle_IslandCharacter' to level at 669.00,-282.00,772.00
[2017.11.24-13.21.30:720][326]LogEditorViewport: Clicking on Actor (LMB): Landscape (Landscape)
[2017.11.24-13.21.32:731][500]LogEditorViewport: Clicking on Actor (LMB): Landscape (Landscape)
[2017.11.24-13.21.33:225][543]LogEditorViewport: Clicking on Actor (LMB): Landscape (Landscape)
[2017.11.24-13.21.34:023][616]LogEditorViewport: Clicking on Actor (LMB): Landscape (Landscape)
[2017.11.24-13.21.34:695][679]LogEditorViewport: Clicking on Actor (LMB): Landscape (Landscape)
[2017.11.24-13.21.39:967][141]LogEditorActor: Deleted Actor: Puzzle_IslandCharacter
[2017.11.24-13.21.39:993][141]LogEditorActor: Deleted 1 Actors (0.039 secs)
[2017.11.24-13.21.50:831][960]LogEditorViewport: Clicking on Actor (LMB): Landscape (Landscape)
[2017.11.24-13.21.51:767][ 32]LogTemp: Repeating last play command: Selected Viewport
[2017.11.24-13.21.51:809][ 32]LogBlueprintUserMessages: Early PlayInEditor Detection: Level '/Game/Maps/Puzzle_Island.Puzzle_Island:PersistentLevel' has LevelScriptBlueprint '/Game/Maps/Puzzle_Island.Puzzle_Island:PersistentLevel.Puzzle_Island' with GeneratedClass '/Game/Maps/Puzzle_Island.Puzzle_Island_C' with ClassGeneratedBy '/Game/Maps/Puzzle_Island.Puzzle_Island:PersistentLevel.Puzzle_Island'
[2017.11.24-13.21.51:809][ 32]LogPlayLevel: PlayLevel: No blueprints needed recompiling
[2017.11.24-13.21.51:809][ 32]PIE: New page: PIE session: Puzzle_Island (24 Nov 2017 13:21:51)
[2017.11.24-13.21.51:810][ 32]LogPlayLevel: Creating play world package: /Game/Maps/UEDPIE_0_Puzzle_Island
[2017.11.24-13.21.51:846][ 32]LogPlayLevel: PIE: StaticDuplicateObject took: (0.036095s)
[2017.11.24-13.21.51:847][ 32]LogAIModule: Creating AISystem for world Puzzle_Island
[2017.11.24-13.21.51:847][ 32]LogPlayLevel: PIE: World Init took: (0.001519s)
[2017.11.24-13.21.51:848][ 32]LogPlayLevel: PIE: Created PIE world by copying editor world from /Game/Maps/Puzzle_Island.Puzzle_Island to /Game/Maps/UEDPIE_0_Puzzle_Island.Puzzle_Island (0.038128s)
[2017.11.24-13.21.51:870][ 32]LogInit: XAudio2 using 'Realtek Digital Output (Realtek High Definition Audio)' : 2 channels at 48 kHz using 16 bits per sample (channel mask 0x3)
[2017.11.24-13.21.51:896][ 32]LogInit: FAudioDevice initialized.
[2017.11.24-13.21.51:953][ 32]LogLoad: Game class is 'Puzzle_IslandGameMode'
[2017.11.24-13.21.51:972][ 32]LogWorld: Bringing World /Game/Maps/UEDPIE_0_Puzzle_Island.Puzzle_Island up for play (max tick rate 0) at 2017.11.24-13.21.51
[2017.11.24-13.21.52:037][ 32]LogWorld: Bringing up level for play took: 0.083510
[2017.11.24-13.21.52:054][ 32]PIE: Play in editor start time for /Game/Maps/UEDPIE_0_Puzzle_Island 0.983
[2017.11.24-13.21.52:054][ 32]LogBlueprintUserMessages: Late PlayInEditor Detection: Level '/Game/Maps/Puzzle_Island.Puzzle_Island:PersistentLevel' has LevelScriptBlueprint '/Game/Maps/Puzzle_Island.Puzzle_Island:PersistentLevel.Puzzle_Island' with GeneratedClass '/Game/Maps/Puzzle_Island.Puzzle_Island_C' with ClassGeneratedBy '/Game/Maps/Puzzle_Island.Puzzle_Island:PersistentLevel.Puzzle_Island'
[2017.11.24-13.21.54:480][309]LogBlueprintUserMessages: Early EndPlayMap Detection: Level '/Game/Maps/Puzzle_Island.Puzzle_Island:PersistentLevel' has LevelScriptBlueprint '/Game/Maps/Puzzle_Island.Puzzle_Island:PersistentLevel.Puzzle_Island' with GeneratedClass '/Game/Maps/Puzzle_Island.Puzzle_Island_C' with ClassGeneratedBy '/Game/Maps/Puzzle_Island.Puzzle_Island:PersistentLevel.Puzzle_Island'
[2017.11.24-13.21.54:571][309]LogBlueprintUserMessages: Late EndPlayMap Detection: Level '/Game/Maps/Puzzle_Island.Puzzle_Island:PersistentLevel' has LevelScriptBlueprint '/Game/Maps/Puzzle_Island.Puzzle_Island:PersistentLevel.Puzzle_Island' with GeneratedClass '/Game/Maps/Puzzle_Island.Puzzle_Island_C' with ClassGeneratedBy '/Game/Maps/Puzzle_Island.Puzzle_Island:PersistentLevel.Puzzle_Island'
[2017.11.24-13.21.56:089][447]LogEditorViewport: Clicking on Actor (LMB): ThirdPersonCharacter_C (ThirdPersonCharacter)
[2017.11.24-13.21.57:782][552]Cmd: DELETE
[2017.11.24-13.21.57:782][552]Cmd: ACTOR DELETE
[2017.11.24-13.21.57:926][552]LogEditorActor: Deleted Actor: ThirdPersonCharacter_C
[2017.11.24-13.21.57:981][552]LogEditorActor: Deleted 1 Actors (0.056 secs)
[2017.11.24-13.22.09:953][401]LogTemp: Executing iPhonePackager certificates Engine -bundlename com.YourCompany.PuzzleIsland
[2017.11.24-13.22.09:953][401]LogTemp: CWD: C:\Program Files\Epic Games\UE_4.17\Engine\Binaries\DotNET\IOS
[2017.11.24-13.22.09:953][401]LogTemp: Initial Dir: C:\Program Files\Epic Games\UE_4.17
[2017.11.24-13.22.09:953][401]LogTemp: Env CWD: C:\Program Files\Epic Games\UE_4.17\Engine\Binaries\DotNET\IOS
[2017.11.24-13.22.09:965][402]LogTemp: BranchPath = W62237/C/Program Files/Epic Games/UE_4.17/Engine/Binaries --- GameBranchPath = W62237/C/Program Files/Epic Games/UE_4.17/Engine/Binaries
[2017.11.24-13.22.10:098][413]LogTemp: IPP ERROR: Could not find provision directory 'C:\Users\2siewj44\AppData\Local/Apple Computer/MobileDevice/Provisioning Profiles/'.
[2017.11.24-13.22.22:697][576]LogSlate: Took 0.000175 seconds to synchronously load lazily loaded font '../../../Engine/Content/Slate/Fonts/Roboto-Light.ttf' (159K)
[2017.11.24-13.25.49:140][400]LogMetaData: Removing '/Game/ThirdPersonCPP/Blueprints/ThirdPersonCharacter.ThirdPersonCharacter_C' ref from Metadata '/Game/Blueprints/ThirdPersonCharacter.PackageMetaData'
[2017.11.24-13.25.49:337][400]LogMetaData: Removing '/Game/ThirdPersonCPP/Blueprints/ThirdPersonCharacter.ThirdPersonCharacter:EventGraph.K2Node_Event_0' ref from Metadata '/Game/Blueprints/ThirdPersonCharacter.PackageMetaData'
[2017.11.24-13.25.49:337][400]LogMetaData: Removing '/Game/ThirdPersonCPP/Blueprints/ThirdPersonCharacter.ThirdPersonCharacter:EventGraph.K2Node_Event_1' ref from Metadata '/Game/Blueprints/ThirdPersonCharacter.PackageMetaData'
[2017.11.24-13.25.49:337][400]LogMetaData: Removing '/Game/ThirdPersonCPP/Blueprints/ThirdPersonCharacter.ThirdPersonCharacter:EventGraph.K2Node_Event_2' ref from Metadata '/Game/Blueprints/ThirdPersonCharacter.PackageMetaData'
[2017.11.24-13.25.49:338][400]LogMetaData: Removing '/Game/ThirdPersonCPP/Blueprints/ThirdPersonCharacter.ThirdPersonCharacter:UserConstructionScript.K2Node_FunctionEntry_0' ref from Metadata '/Game/Blueprints/ThirdPersonCharacter.PackageMetaData'
[2017.11.24-13.25.49:338][400]LogMetaData: Removing '/Game/ThirdPersonCPP/Blueprints/ThirdPersonCharacter.ThirdPersonCharacter:Custom Tick.K2Node_FunctionEntry_35' ref from Metadata '/Game/Blueprints/ThirdPersonCharacter.PackageMetaData'
[2017.11.24-13.25.49:338][400]LogMetaData: Removing '/Game/ThirdPersonCPP/Blueprints/ThirdPersonCharacter.ThirdPersonCharacter:Custom EventOnLand.K2Node_FunctionEntry_48' ref from Metadata '/Game/Blueprints/ThirdPersonCharacter.PackageMetaData'
[2017.11.24-13.25.49:338][400]LogMetaData: Removing '/Game/ThirdPersonCPP/Blueprints/ThirdPersonCharacter.ThirdPersonCharacter:NewEventDispatcher_0.K2Node_FunctionEntry_50' ref from Metadata '/Game/Blueprints/ThirdPersonCharacter.PackageMetaData'
[2017.11.24-13.25.49:338][400]LogMetaData: Removing '/Game/ThirdPersonCPP/Blueprints/ThirdPersonCharacter.SKEL_ThirdPersonCharacter_C:ReceiveBeginPlay' ref from Metadata '/Game/Blueprints/ThirdPersonCharacter.PackageMetaData'
[2017.11.24-13.25.49:338][400]LogMetaData: Removing '/Game/ThirdPersonCPP/Blueprints/ThirdPersonCharacter.SKEL_ThirdPersonCharacter_C:ReceiveActorBeginOverlap' ref from Metadata '/Game/Blueprints/ThirdPersonCharacter.PackageMetaData'
[2017.11.24-13.25.49:338][400]LogMetaData: Removing '/Game/ThirdPersonCPP/Blueprints/ThirdPersonCharacter.SKEL_ThirdPersonCharacter_C:ReceiveTick' ref from Metadata '/Game/Blueprints/ThirdPersonCharacter.PackageMetaData'
[2017.11.24-13.25.49:338][400]LogMetaData: Removing '/Game/ThirdPersonCPP/Blueprints/ThirdPersonCharacter.SKEL_ThirdPersonCharacter_C:JumpCdAfterDash' ref from Metadata '/Game/Blueprints/ThirdPersonCharacter.PackageMetaData'
[2017.11.24-13.25.49:338][400]LogMetaData: Removing '/Game/ThirdPersonCPP/Blueprints/ThirdPersonCharacter.SKEL_ThirdPersonCharacter_C:JumpDelayAfterDash' ref from Metadata '/Game/Blueprints/ThirdPersonCharacter.PackageMetaData'
[2017.11.24-13.25.49:338][400]LogMetaData: Removing '/Game/ThirdPersonCPP/Blueprints/ThirdPersonCharacter.SKEL_ThirdPersonCharacter_C:NewEventDispatcher_0' ref from Metadata '/Game/Blueprints/ThirdPersonCharacter.PackageMetaData'
[2017.11.24-13.25.49:338][400]LogMetaData: Removing '/Game/ThirdPersonCPP/Blueprints/ThirdPersonCharacter.SKEL_ThirdPersonCharacter_C:IsDashing' ref from Metadata '/Game/Blueprints/ThirdPersonCharacter.PackageMetaData'
[2017.11.24-13.25.49:338][400]LogMetaData: Removing '/Game/ThirdPersonCPP/Blueprints/ThirdPersonCharacter.SKEL_ThirdPersonCharacter_C:DashVector' ref from Metadata '/Game/Blueprints/ThirdPersonCharacter.PackageMetaData'
[2017.11.24-13.25.49:338][400]LogMetaData: Removing '/Game/ThirdPersonCPP/Blueprints/ThirdPersonCharacter.SKEL_ThirdPersonCharacter_C:DashCooldown' ref from Metadata '/Game/Blueprints/ThirdPersonCharacter.PackageMetaData'
[2017.11.24-13.25.49:338][400]LogMetaData: Removing '/Game/ThirdPersonCPP/Blueprints/ThirdPersonCharacter.SKEL_ThirdPersonCharacter_C:DashDelay' ref from Metadata '/Game/Blueprints/ThirdPersonCharacter.PackageMetaData'
[2017.11.24-13.25.49:338][400]LogMetaData: Removing '/Game/ThirdPersonCPP/Blueprints/ThirdPersonCharacter.SKEL_ThirdPersonCharacter_C:CurrentTime' ref from Metadata '/Game/Blueprints/ThirdPersonCharacter.PackageMetaData'
[2017.11.24-13.25.49:338][400]LogMetaData: Removing '/Game/ThirdPersonCPP/Blueprints/ThirdPersonCharacter.SKEL_ThirdPersonCharacter_C:Custom EventOnLand' ref from Metadata '/Game/Blueprints/ThirdPersonCharacter.PackageMetaData'
[2017.11.24-13.25.49:338][400]LogMetaData: Removing '/Game/ThirdPersonCPP/Blueprints/ThirdPersonCharacter.SKEL_ThirdPersonCharacter_C:Custom Tick' ref from Metadata '/Game/Blueprints/ThirdPersonCharacter.PackageMetaData'
[2017.11.24-13.25.49:338][400]LogMetaData: Removing '/Game/ThirdPersonCPP/Blueprints/ThirdPersonCharacter.SKEL_ThirdPersonCharacter_C:UserConstructionScript' ref from Metadata '/Game/Blueprints/ThirdPersonCharacter.PackageMetaData'
[2017.11.24-13.25.49:338][400]LogMetaData: Removing '/Game/ThirdPersonCPP/Blueprints/ThirdPersonCharacter.SKEL_ThirdPersonCharacter_C' ref from Metadata '/Game/Blueprints/ThirdPersonCharacter.PackageMetaData'
[2017.11.24-13.25.49:338][400]LogMetaData: Removing '/Game/ThirdPersonCPP/Blueprints/ThirdPersonCharacter.ThirdPersonCharacter_C:JumpCdAfterDash' ref from Metadata '/Game/Blueprints/ThirdPersonCharacter.PackageMetaData'
[2017.11.24-13.25.49:338][400]LogMetaData: Removing '/Game/ThirdPersonCPP/Blueprints/ThirdPersonCharacter.ThirdPersonCharacter_C:JumpDelayAfterDash' ref from Metadata '/Game/Blueprints/ThirdPersonCharacter.PackageMetaData'
[2017.11.24-13.25.49:338][400]LogMetaData: Removing '/Game/ThirdPersonCPP/Blueprints/ThirdPersonCharacter.ThirdPersonCharacter_C:NewEventDispatcher_0' ref from Metadata '/Game/Blueprints/ThirdPersonCharacter.PackageMetaData'
[2017.11.24-13.25.49:338][400]LogMetaData: Removing '/Game/ThirdPersonCPP/Blueprints/ThirdPersonCharacter.ThirdPersonCharacter_C:IsDashing' ref from Metadata '/Game/Blueprints/ThirdPersonCharacter.PackageMetaData'
[2017.11.24-13.25.49:338][400]LogMetaData: Removing '/Game/ThirdPersonCPP/Blueprints/ThirdPersonCharacter.ThirdPersonCharacter_C:DashVector' ref from Metadata '/Game/Blueprints/ThirdPersonCharacter.PackageMetaData'
[2017.11.24-13.25.49:338][400]LogMetaData: Removing '/Game/ThirdPersonCPP/Blueprints/ThirdPersonCharacter.ThirdPersonCharacter_C:DashCooldown' ref from Metadata '/Game/Blueprints/ThirdPersonCharacter.PackageMetaData'
[2017.11.24-13.25.49:338][400]LogMetaData: Removing '/Game/ThirdPersonCPP/Blueprints/ThirdPersonCharacter.ThirdPersonCharacter_C:DashDelay' ref from Metadata '/Game/Blueprints/ThirdPersonCharacter.PackageMetaData'
[2017.11.24-13.25.49:338][400]LogMetaData: Removing '/Game/ThirdPersonCPP/Blueprints/ThirdPersonCharacter.ThirdPersonCharacter_C:CurrentTime' ref from Metadata '/Game/Blueprints/ThirdPersonCharacter.PackageMetaData'
[2017.11.24-13.25.49:338][400]LogMetaData: Removing '/Game/ThirdPersonCPP/Blueprints/ThirdPersonCharacter.ThirdPersonCharacter_C:Custom EventOnLand' ref from Metadata '/Game/Blueprints/ThirdPersonCharacter.PackageMetaData'
[2017.11.24-13.25.49:338][400]LogMetaData: Removing '/Game/ThirdPersonCPP/Blueprints/ThirdPersonCharacter.ThirdPersonCharacter_C:Custom Tick' ref from Metadata '/Game/Blueprints/ThirdPersonCharacter.PackageMetaData'
[2017.11.24-13.25.49:338][400]LogMetaData: Removing '/Game/ThirdPersonCPP/Blueprints/ThirdPersonCharacter.ThirdPersonCharacter_C:ReceiveBeginPlay' ref from Metadata '/Game/Blueprints/ThirdPersonCharacter.PackageMetaData'
[2017.11.24-13.25.49:338][400]LogMetaData: Removing '/Game/ThirdPersonCPP/Blueprints/ThirdPersonCharacter.ThirdPersonCharacter_C:ReceiveTick' ref from Metadata '/Game/Blueprints/ThirdPersonCharacter.PackageMetaData'
[2017.11.24-13.25.49:338][400]LogMetaData: Removing '/Game/ThirdPersonCPP/Blueprints/ThirdPersonCharacter.ThirdPersonCharacter_C:UserConstructionScript' ref from Metadata '/Game/Blueprints/ThirdPersonCharacter.PackageMetaData'
[2017.11.24-13.25.49:338][400]LogMetaData: Removing '/Game/ThirdPersonCPP/Blueprints/ThirdPersonCharacter.ThirdPersonCharacter_C:ExecuteUbergraph_ThirdPersonCharacter' ref from Metadata '/Game/Blueprints/ThirdPersonCharacter.PackageMetaData'
[2017.11.24-13.25.50:991][400]LogSavePackage: Save=738.64ms
[2017.11.24-13.25.50:991][400]LogSavePackage: Moving '../../../../../../Users/2siewj44/Desktop/Puzzle-Island-VGD/Puzzle_Island/Saved/ThirdPersonCharacterB8866B3D44F73D44A040208F4C103475.tmp' to '../../../../../../Users/2siewj44/Desktop/Puzzle-Island-VGD/Puzzle_Island/Content/ThirdPersonCPP/Blueprints/ThirdPersonCharacter.uasset'
[2017.11.24-13.25.51:220][400]LogSavePackage: Display: Finished SavePackage ../../../../../../Users/2siewj44/Desktop/Puzzle-Island-VGD/Puzzle_Island/Content/ThirdPersonCPP/Blueprints/ThirdPersonCharacter.uasset
[2017.11.24-13.25.51:228][400]LogSlate: Took 0.000410 seconds to synchronously load lazily loaded font '../../../Engine/Content/Slate/Fonts/Roboto-Regular.ttf' (155K)
[2017.11.24-13.25.54:470][645]LogTemp: Repeating last play command: Selected Viewport
[2017.11.24-13.25.54:511][645]LogBlueprintUserMessages: Early PlayInEditor Detection: Level '/Game/Maps/Puzzle_Island.Puzzle_Island:PersistentLevel' has LevelScriptBlueprint '/Game/Maps/Puzzle_Island.Puzzle_Island:PersistentLevel.Puzzle_Island' with GeneratedClass '/Game/Maps/Puzzle_Island.Puzzle_Island_C' with ClassGeneratedBy '/Game/Maps/Puzzle_Island.Puzzle_Island:PersistentLevel.Puzzle_Island'
[2017.11.24-13.25.54:511][645]LogPlayLevel: PlayLevel: No blueprints needed recompiling
[2017.11.24-13.25.54:511][645]PIE: New page: PIE session: Puzzle_Island (24 Nov 2017 13:25:54)
[2017.11.24-13.25.54:511][645]LogPlayLevel: Creating play world package: /Game/Maps/UEDPIE_0_Puzzle_Island
[2017.11.24-13.25.54:527][645]LogPlayLevel: PIE: StaticDuplicateObject took: (0.015353s)
[2017.11.24-13.25.54:527][645]LogAIModule: Creating AISystem for world Puzzle_Island
[2017.11.24-13.25.54:528][645]LogPlayLevel: PIE: World Init took: (0.000998s)
[2017.11.24-13.25.54:528][645]LogPlayLevel: PIE: Created PIE world by copying editor world from /Game/Maps/Puzzle_Island.Puzzle_Island to /Game/Maps/UEDPIE_0_Puzzle_Island.Puzzle_Island (0.016634s)
[2017.11.24-13.25.54:539][645]LogInit: XAudio2 using 'Realtek Digital Output (Realtek High Definition Audio)' : 2 channels at 48 kHz using 16 bits per sample (channel mask 0x3)
[2017.11.24-13.25.54:557][645]LogInit: FAudioDevice initialized.
[2017.11.24-13.25.54:587][645]LogLoad: Game class is 'Puzzle_IslandGameMode'
[2017.11.24-13.25.54:591][645]LogWorld: Bringing World /Game/Maps/UEDPIE_0_Puzzle_Island.Puzzle_Island up for play (max tick rate 0) at 2017.11.24-13.25.54
[2017.11.24-13.25.54:592][645]LogWorld: Bringing up level for play took: 0.004216
[2017.11.24-13.25.54:593][645]PIE: Play in editor start time for /Game/Maps/UEDPIE_0_Puzzle_Island -0.487
[2017.11.24-13.25.54:593][645]LogBlueprintUserMessages: Late PlayInEditor Detection: Level '/Game/Maps/Puzzle_Island.Puzzle_Island:PersistentLevel' has LevelScriptBlueprint '/Game/Maps/Puzzle_Island.Puzzle_Island:PersistentLevel.Puzzle_Island' with GeneratedClass '/Game/Maps/Puzzle_Island.Puzzle_Island_C' with ClassGeneratedBy '/Game/Maps/Puzzle_Island.Puzzle_Island:PersistentLevel.Puzzle_Island'
[2017.11.24-13.25.55:800][784]LogBlueprintUserMessages: Early EndPlayMap Detection: Level '/Game/Maps/Puzzle_Island.Puzzle_Island:PersistentLevel' has LevelScriptBlueprint '/Game/Maps/Puzzle_Island.Puzzle_Island:PersistentLevel.Puzzle_Island' with GeneratedClass '/Game/Maps/Puzzle_Island.Puzzle_Island_C' with ClassGeneratedBy '/Game/Maps/Puzzle_Island.Puzzle_Island:PersistentLevel.Puzzle_Island'
[2017.11.24-13.25.55:835][784]LogBlueprintUserMessages: Late EndPlayMap Detection: Level '/Game/Maps/Puzzle_Island.Puzzle_Island:PersistentLevel' has LevelScriptBlueprint '/Game/Maps/Puzzle_Island.Puzzle_Island:PersistentLevel.Puzzle_Island' with GeneratedClass '/Game/Maps/Puzzle_Island.Puzzle_Island_C' with ClassGeneratedBy '/Game/Maps/Puzzle_Island.Puzzle_Island:PersistentLevel.Puzzle_Island'
[2017.11.24-13.27.31:918][761]LogSavePackage: Save=541.66ms
[2017.11.24-13.27.31:918][761]LogSavePackage: Moving '../../../../../../Users/2siewj44/Desktop/Puzzle-Island-VGD/Puzzle_Island/Saved/Puzzle_IslandCA61D87042B399DEF5B57AA9E6974F23.tmp' to '../../../../../../Users/2siewj44/Desktop/Puzzle-Island-VGD/Puzzle_Island/Content/Maps/Puzzle_Island.umap'
[2017.11.24-13.27.31:926][761]LogSavePackage: Display: Finished SavePackage ../../../../../../Users/2siewj44/Desktop/Puzzle-Island-VGD/Puzzle_Island/Content/Maps/Puzzle_Island.umap
[2017.11.24-13.27.51:020][ 54]LogVSAccessor: Couldn't get item operations. Visual Studio may still be initializing.
[2017.11.24-13.27.52:203][ 55]Cmd: QUIT_EDITOR
[2017.11.24-13.27.52:788][ 55]LogWindowsTextInputMethodSystem: Display: IME system now deactivated.
[2017.11.24-13.27.52:816][ 55]LogExit: Preparing to exit.
[2017.11.24-13.27.53:952][ 55]LogDirectoryWatcher: A directory notification for 'C:/Users/2siewj44/Desktop/Puzzle-Island-VGD/Puzzle_Island/Content/' was aborted.
[2017.11.24-13.27.54:051][ 55]LogExit: Editor shut down
[2017.11.24-13.27.54:056][ 55]LogExit: Transaction tracking system shut down
[2017.11.24-13.27.54:202][ 55]LogDirectoryWatcher: A directory notification for '../../../Engine/Content/' was aborted.
[2017.11.24-13.27.54:202][ 55]LogDirectoryWatcher: A directory notification for '../../../../../../Users/2siewj44/Desktop/Puzzle-Island-VGD/Puzzle_Island/Content/' was aborted.
[2017.11.24-13.27.54:202][ 55]LogDirectoryWatcher: A directory notification for '../../../Engine/Plugins/2D/Paper2D/Content/' was aborted.
[2017.11.24-13.27.54:202][ 55]LogDirectoryWatcher: A directory notification for '../../../Engine/Plugins/Runtime/Oculus/OculusVR/Content/' was aborted.
[2017.11.24-13.27.54:202][ 55]LogDirectoryWatcher: A directory notification for '../../../Engine/Plugins/Runtime/Steam/SteamVR/Content/' was aborted.
[2017.11.24-13.27.54:259][ 55]LogExit: Object subsystem successfully closed.
[2017.11.24-13.27.54:281][ 55]LogD3D11RHI: Shutdown
[2017.11.24-13.27.54:281][ 55]LogD3D11RHI: CleanupD3DDevice
[2017.11.24-13.27.54:383][ 55]LogD3D11RHI: ~FD3D11DynamicRHI
[2017.11.24-13.27.54:415][ 55]LogModuleManager: Shutting down and abandoning module ExternalImagePicker (536)
[2017.11.24-13.27.54:415][ 55]LogModuleManager: Shutting down and abandoning module MovieSceneCapture (534)
[2017.11.24-13.27.54:458][ 55]LogModuleManager: Shutting down and abandoning module HierarchicalLODOutliner (532)
[2017.11.24-13.27.54:459][ 55]LogModuleManager: Shutting down and abandoning module SceneOutliner (530)
[2017.11.24-13.27.54:459][ 55]LogModuleManager: Shutting down and abandoning module AddContentDialog (528)
[2017.11.24-13.27.54:459][ 55]LogDirectoryWatcher: A directory notification for 'C:/Program Files/Epic Games/UE_4.17/FeaturePacks/' was aborted.
[2017.11.24-13.27.54:460][ 55]LogModuleManager: Shutting down and abandoning module WidgetCarousel (527)
[2017.11.24-13.27.54:460][ 55]LogModuleManager: Shutting down and abandoning module EditorWidgets (524)
[2017.11.24-13.27.54:460][ 55]LogModuleManager: Shutting down and abandoning module CollectionManager (522)
[2017.11.24-13.27.54:460][ 55]LogDirectoryWatcher: A directory notification for 'C:/Users/2siewj44/Desktop/Puzzle-Island-VGD/Puzzle_Island/Content/Collections/' was aborted.
[2017.11.24-13.27.54:460][ 55]LogDirectoryWatcher: A directory notification for 'C:/Users/2siewj44/Desktop/Puzzle-Island-VGD/Puzzle_Island/Content/Developers/2siewj44/Collections/' was aborted.
[2017.11.24-13.27.54:460][ 55]LogDirectoryWatcher: A directory notification for 'C:/Users/2siewj44/Desktop/Puzzle-Island-VGD/Puzzle_Island/Saved/Collections/' was aborted.
[2017.11.24-13.27.54:460][ 55]LogModuleManager: Shutting down and abandoning module StatsViewer (520)
[2017.11.24-13.27.54:460][ 55]LogModuleManager: Shutting down and abandoning module FoliageEdit (518)
[2017.11.24-13.27.54:460][ 55]LogModuleManager: Shutting down and abandoning module LandscapeEditor (516)
[2017.11.24-13.27.54:460][ 55]LogModuleManager: Shutting down and abandoning module MeshPaintMode (514)
[2017.11.24-13.27.54:460][ 55]LogModuleManager: Shutting down and abandoning module SceneDepthPickerMode (512)
[2017.11.24-13.27.54:460][ 55]LogModuleManager: Shutting down and abandoning module ActorPickerMode (510)
[2017.11.24-13.27.54:461][ 55]LogModuleManager: Shutting down and abandoning module GeometryMode (508)
[2017.11.24-13.27.54:461][ 55]LogModuleManager: Shutting down and abandoning module TextureAlignMode (506)
[2017.11.24-13.27.54:461][ 55]LogModuleManager: Shutting down and abandoning module BspMode (504)
[2017.11.24-13.27.54:461][ 55]LogModuleManager: Shutting down and abandoning module PIEPreviewDeviceProfileSelector (502)
[2017.11.24-13.27.54:461][ 55]LogModuleManager: Shutting down and abandoning module HardwareSurvey (500)
[2017.11.24-13.27.54:461][ 55]LogModuleManager: Shutting down and abandoning module SequenceRecorderSections (498)
[2017.11.24-13.27.54:461][ 55]LogModuleManager: Shutting down and abandoning module AutomationWorker (496)
[2017.11.24-13.27.54:461][ 55]LogModuleManager: Shutting down and abandoning module MatineeToLevelSequence (494)
[2017.11.24-13.27.54:461][ 55]LogModuleManager: Shutting down and abandoning module LevelSequenceEditor (492)
[2017.11.24-13.27.54:461][ 55]LogModuleManager: Shutting down and abandoning module PlacementMode (491)
[2017.11.24-13.27.54:461][ 55]LogModuleManager: Shutting down and abandoning module WmfMediaFactory (488)
[2017.11.24-13.27.54:461][ 55]LogModuleManager: Shutting down and abandoning module WmfMediaEditor (486)
[2017.11.24-13.27.54:461][ 55]LogModuleManager: Shutting down and abandoning module AvfMediaFactory (484)
[2017.11.24-13.27.54:461][ 55]LogModuleManager: Shutting down and abandoning module AvfMediaEditor (482)
[2017.11.24-13.27.54:461][ 55]LogModuleManager: Shutting down and abandoning module AndroidMediaFactory (480)
[2017.11.24-13.27.54:461][ 55]LogModuleManager: Shutting down and abandoning module Media (479)
[2017.11.24-13.27.54:461][ 55]LogModuleManager: Shutting down and abandoning module AndroidMediaEditor (476)
[2017.11.24-13.27.54:461][ 55]LogModuleManager: Shutting down and abandoning module CharacterAI (474)
[2017.11.24-13.27.54:461][ 55]LogModuleManager: Shutting down and abandoning module AudioCapture (472)
[2017.11.24-13.27.54:461][ 55]LogModuleManager: Shutting down and abandoning module SequenceRecorder (471)
[2017.11.24-13.27.54:461][ 55]LogModuleManager: Shutting down and abandoning module SmartSnapping (468)
[2017.11.24-13.27.54:461][ 55]LogModuleManager: Shutting down and abandoning module SessionServices (466)
[2017.11.24-13.27.54:462][ 55]LogModuleManager: Shutting down and abandoning module ViewportSnapping (464)
[2017.11.24-13.27.54:462][ 55]LogModuleManager: Shutting down and abandoning module ViewportInteraction (462)
[2017.11.24-13.27.54:462][ 55]LogModuleManager: Shutting down and abandoning module ClothPainter (460)
[2017.11.24-13.27.54:462][ 55]LogModuleManager: Shutting down and abandoning module LogVisualizer (458)
[2017.11.24-13.27.54:462][ 55]LogModuleManager: Shutting down and abandoning module IntroTutorials (456)
[2017.11.24-13.27.54:462][ 55]LogModuleManager: Shutting down and abandoning module GameProjectGeneration (455)
[2017.11.24-13.27.54:462][ 55]LogModuleManager: Shutting down and abandoning module IOSPlatformEditor (452)
[2017.11.24-13.27.54:462][ 55]LogModuleManager: Shutting down and abandoning module HTML5PlatformEditor (450)
[2017.11.24-13.27.54:462][ 55]LogModuleManager: Shutting down and abandoning module AndroidPlatformEditor (448)
[2017.11.24-13.27.54:462][ 55]LogModuleManager: Shutting down and abandoning module AndroidDeviceDetection (447)
[2017.11.24-13.27.55:352][ 55]LogModuleManager: Shutting down and abandoning module WindowsPlatformEditor (444)
[2017.11.24-13.27.55:352][ 55]LogModuleManager: Shutting down and abandoning module IOSRuntimeSettings (442)
[2017.11.24-13.27.55:352][ 55]LogModuleManager: Shutting down and abandoning module AndroidRuntimeSettings (440)
[2017.11.24-13.27.55:352][ 55]LogModuleManager: Shutting down and abandoning module InputBindingEditor (438)
[2017.11.24-13.27.55:352][ 55]LogModuleManager: Shutting down and abandoning module MergeActors (436)
[2017.11.24-13.27.55:352][ 55]LogModuleManager: Shutting down and abandoning module SizeMap (434)
[2017.11.24-13.27.55:352][ 55]LogModuleManager: Shutting down and abandoning module TreeMap (432)
[2017.11.24-13.27.55:352][ 55]LogModuleManager: Shutting down and abandoning module ReferenceViewer (430)
[2017.11.24-13.27.55:352][ 55]LogModuleManager: Shutting down and abandoning module LocalizationDashboard (428)
[2017.11.24-13.27.55:352][ 55]LogModuleManager: Shutting down and abandoning module LocalizationService (427)
[2017.11.24-13.27.55:352][ 55]LogModuleManager: Shutting down and abandoning module HardwareTargeting (424)
[2017.11.24-13.27.55:352][ 55]LogModuleManager: Shutting down and abandoning module DeviceProfileEditor (422)
[2017.11.24-13.27.55:352][ 55]LogModuleManager: Shutting down and abandoning module UndoHistory (420)
[2017.11.24-13.27.55:352][ 55]LogModuleManager: Shutting down and abandoning module XmlParser (418)
[2017.11.24-13.27.55:353][ 55]LogModuleManager: Shutting down and abandoning module Blutility (416)
[2017.11.24-13.27.55:353][ 55]LogModuleManager: Shutting down and abandoning module ProjectSettingsViewer (414)
[2017.11.24-13.27.55:353][ 55]LogModuleManager: Shutting down and abandoning module ProjectTargetPlatformEditor (413)
[2017.11.24-13.27.55:353][ 55]LogModuleManager: Shutting down and abandoning module EditorSettingsViewer (410)
[2017.11.24-13.27.55:353][ 55]LogModuleManager: Shutting down and abandoning module SettingsEditor (408)
[2017.11.24-13.27.55:353][ 55]LogModuleManager: Shutting down and abandoning module ProjectLauncher (406)
[2017.11.24-13.27.55:353][ 55]LogModuleManager: Shutting down and abandoning module SessionFrontend (404)
[2017.11.24-13.27.55:353][ 55]LogModuleManager: Shutting down and abandoning module ProfilerClient (402)
[2017.11.24-13.27.55:353][ 55]LogModuleManager: Shutting down and abandoning module DeviceManager (400)
[2017.11.24-13.27.55:353][ 55]LogModuleManager: Shutting down and abandoning module TargetDeviceServices (399)
[2017.11.24-13.27.55:397][ 55]LogModuleManager: Shutting down and abandoning module AutomationController (396)
[2017.11.24-13.27.55:397][ 55]LogModuleManager: Shutting down and abandoning module AutomationWindow (394)
[2017.11.24-13.27.55:397][ 55]LogModuleManager: Shutting down and abandoning module Layers (392)
[2017.11.24-13.27.55:397][ 55]LogModuleManager: Shutting down and abandoning module ComponentVisualizers (390)
[2017.11.24-13.27.55:397][ 55]LogModuleManager: Shutting down and abandoning module DetailCustomizations (388)
[2017.11.24-13.27.55:397][ 55]LogModuleManager: Shutting down and abandoning module PackagesDialog (386)
[2017.11.24-13.27.55:397][ 55]LogModuleManager: Shutting down and abandoning module Persona (384)
[2017.11.24-13.27.55:397][ 55]LogModuleManager: Shutting down and abandoning module AdvancedPreviewScene (383)
[2017.11.24-13.27.55:397][ 55]LogModuleManager: Shutting down and abandoning module AnimGraph (381)
[2017.11.24-13.27.55:397][ 55]LogModuleManager: Shutting down and abandoning module Kismet (378)
[2017.11.24-13.27.55:398][ 55]LogModuleManager: Shutting down and abandoning module ClassViewer (376)
[2017.11.24-13.27.55:399][ 55]LogModuleManager: Shutting down and abandoning module Toolbox (374)
[2017.11.24-13.27.55:399][ 55]LogModuleManager: Shutting down and abandoning module ModuleUI (372)
[2017.11.24-13.27.55:399][ 55]LogModuleManager: Shutting down and abandoning module MovieSceneTools (370)
[2017.11.24-13.27.55:399][ 55]LogModuleManager: Shutting down and abandoning module OutputLog (368)
[2017.11.24-13.27.55:399][ 55]LogModuleManager: Shutting down and abandoning module GammaUI (366)
[2017.11.24-13.27.55:399][ 55]LogModuleManager: Shutting down and abandoning module Documentation (364)
[2017.11.24-13.27.55:399][ 55]LogModuleManager: Shutting down and abandoning module MovieSceneTracks (362)
[2017.11.24-13.27.55:399][ 55]LogModuleManager: Shutting down and abandoning module MovieScene (360)
[2017.11.24-13.27.55:399][ 55]LogModuleManager: Shutting down and abandoning module Niagara (358)
[2017.11.24-13.27.55:399][ 55]LogModuleManager: Shutting down and abandoning module NiagaraEditor (357)
[2017.11.24-13.27.55:399][ 55]LogModuleManager: Shutting down and abandoning module StreamingPauseRendering (354)
[2017.11.24-13.27.55:399][ 55]LogModuleManager: Shutting down and abandoning module LauncherPlatform (352)
[2017.11.24-13.27.55:399][ 55]LogModuleManager: Shutting down and abandoning module AnalyticsET (350)
[2017.11.24-13.27.55:399][ 55]LogModuleManager: Shutting down and abandoning module PortalServices (348)
[2017.11.24-13.27.55:399][ 55]LogModuleManager: Shutting down and abandoning module PortalRpc (346)
[2017.11.24-13.27.55:399][ 55]LogModuleManager: Shutting down and abandoning module MessagingRpc (344)
[2017.11.24-13.27.55:399][ 55]LogModuleManager: Shutting down and abandoning module AIModule (342)
[2017.11.24-13.27.55:400][ 55]LogModuleManager: Shutting down and abandoning module GameplayDebugger (341)
[2017.11.24-13.27.55:400][ 55]LogModuleManager: Shutting down and abandoning module AITestSuite (339)
[2017.11.24-13.27.55:400][ 55]LogModuleManager: Shutting down and abandoning module ProfilerService (336)
[2017.11.24-13.27.55:510][ 55]LogModuleManager: Shutting down and abandoning module TaskGraph (334)
[2017.11.24-13.27.55:510][ 55]LogModuleManager: Shutting down and abandoning module SteamVRController (332)
[2017.11.24-13.27.55:510][ 55]LogModuleManager: Shutting down and abandoning module ProceduralMeshComponentEditor (330)
[2017.11.24-13.27.55:510][ 55]LogModuleManager: Shutting down and abandoning module ProceduralMeshComponent (328)
[2017.11.24-13.27.55:510][ 55]LogModuleManager: Shutting down and abandoning module OculusInput (326)
[2017.11.24-13.27.55:510][ 55]LogModuleManager: Shutting down and abandoning module MobilePatchingUtils (324)
[2017.11.24-13.27.55:511][ 55]LogModuleManager: Shutting down and abandoning module CustomMeshComponent (322)
[2017.11.24-13.27.55:511][ 55]LogModuleManager: Shutting down and abandoning module CableComponent (320)
[2017.11.24-13.27.55:511][ 55]LogModuleManager: Shutting down and abandoning module ArchVisCharacter (318)
[2017.11.24-13.27.55:511][ 55]LogModuleManager: Shutting down and abandoning module AndroidPermission (316)
[2017.11.24-13.27.55:511][ 55]LogModuleManager: Shutting down and abandoning module MediaPlayerEditor (312)
[2017.11.24-13.27.55:511][ 55]LogModuleManager: Shutting down and abandoning module HTML5Networking (310)
[2017.11.24-13.27.55:511][ 55]LogModuleManager: Shutting down and abandoning module AlembicImporter (308)
[2017.11.24-13.27.55:511][ 55]LogModuleManager: Shutting down and abandoning module AlembicLibrary (307)
[2017.11.24-13.27.55:511][ 55]LogModuleManager: Shutting down and abandoning module GeometryCache (306)
[2017.11.24-13.27.55:511][ 55]LogModuleManager: Shutting down and abandoning module GeometryCacheEd (305)
[2017.11.24-13.27.55:511][ 55]LogModuleManager: Shutting down and abandoning module SpeedTreeImporter (300)
[2017.11.24-13.27.55:511][ 55]LogModuleManager: Shutting down and abandoning module PluginBrowser (298)
[2017.11.24-13.27.55:511][ 55]LogModuleManager: Shutting down and abandoning module MobileLauncherProfileWizard (296)
[2017.11.24-13.27.55:511][ 55]LogModuleManager: Shutting down and abandoning module VisualStudioSourceCodeAccess (294)
[2017.11.24-13.27.55:511][ 55]LogModuleManager: Shutting down and abandoning module DesktopPlatform (293)
[2017.11.24-13.27.55:511][ 55]LogModuleManager: Shutting down and abandoning module UObjectPlugin (290)
[2017.11.24-13.27.55:511][ 55]LogModuleManager: Shutting down and abandoning module SubversionSourceControl (288)
[2017.11.24-13.27.55:511][ 55]LogModuleManager: Shutting down and abandoning module PerforceSourceControl (286)
[2017.11.24-13.27.55:511][ 55]LogModuleManager: Shutting down and abandoning module GitSourceControl (284)
[2017.11.24-13.27.55:511][ 55]LogModuleManager: Shutting down and abandoning module SourceControl (283)
[2017.11.24-13.27.55:512][ 55]LogModuleManager: Shutting down and abandoning module LightPropagationVolumeEditor (280)
[2017.11.24-13.27.55:512][ 55]LogModuleManager: Shutting down and abandoning module PaperTiledImporter (278)
[2017.11.24-13.27.55:512][ 55]LogModuleManager: Shutting down and abandoning module PaperSpriteSheetImporter (276)
[2017.11.24-13.27.55:512][ 55]LogModuleManager: Shutting down and abandoning module Paper2DEditor (274)
[2017.11.24-13.27.55:512][ 55]LogModuleManager: Shutting down and abandoning module MeshPaint (273)
[2017.11.24-13.27.55:512][ 55]LogModuleManager: Shutting down and abandoning module LevelEditor (271)
[2017.11.24-13.27.55:512][ 55]LogModuleManager: Shutting down and abandoning module PixelInspectorModule (270)
[2017.11.24-13.27.55:513][ 55]LogModuleManager: Shutting down and abandoning module MainFrame (268)
[2017.11.24-13.27.55:513][ 55]LogModuleManager: Shutting down and abandoning module HotReload (267)
[2017.11.24-13.27.55:513][ 55]LogDirectoryWatcher: A directory notification for 'C:/Users/2siewj44/Desktop/Puzzle-Island-VGD/Puzzle_Island/Binaries/Win64' was aborted.
[2017.11.24-13.27.55:513][ 55]LogModuleManager: Shutting down and abandoning module Puzzle_Island (262)
[2017.11.24-13.27.55:513][ 55]LogModuleManager: Shutting down and abandoning module RuntimePhysXCooking (260)
[2017.11.24-13.27.55:513][ 55]LogModuleManager: Shutting down and abandoning module PhysXVehiclesEditor (258)
[2017.11.24-13.27.55:513][ 55]LogModuleManager: Shutting down and abandoning module PhysXVehicles (256)
[2017.11.24-13.27.55:513][ 55]LogModuleManager: Shutting down and abandoning module OculusEditor (254)
[2017.11.24-13.27.55:513][ 55]LogModuleManager: Shutting down and abandoning module LocationServicesBPLibrary (252)
[2017.11.24-13.27.55:513][ 55]LogModuleManager: Shutting down and abandoning module ImmediatePhysicsEditor (250)
[2017.11.24-13.27.55:513][ 55]LogModuleManager: Shutting down and abandoning module ImmediatePhysics (248)
[2017.11.24-13.27.55:513][ 55]LogModuleManager: Shutting down and abandoning module UdpMessaging (246)
[2017.11.24-13.27.55:614][ 55]LogModuleManager: Shutting down and abandoning module TcpMessaging (244)
[2017.11.24-13.27.55:715][ 55]LogModuleManager: Shutting down and abandoning module GameplayTagsEditor (242)
[2017.11.24-13.27.55:715][ 55]LogModuleManager: Shutting down and abandoning module FacialAnimationEditor (240)
[2017.11.24-13.27.55:715][ 55]LogModuleManager: Shutting down and abandoning module FacialAnimation (238)
[2017.11.24-13.27.55:715][ 55]LogModuleManager: Shutting down and abandoning module AssetManagerEditor (236)
[2017.11.24-13.27.55:715][ 55]LogModuleManager: Shutting down and abandoning module GraphEditor (235)
[2017.11.24-13.27.55:715][ 55]LogModuleManager: Shutting down and abandoning module ContentBrowser (233)
[2017.11.24-13.27.55:716][ 55]LogModuleManager: Shutting down and abandoning module LightPropagationVolumeRuntime (230)
[2017.11.24-13.27.55:716][ 55]LogModuleManager: Shutting down and abandoning module Paper2D (228)
[2017.11.24-13.27.55:716][ 55]LogModuleManager: Shutting down and abandoning module WindowsMoviePlayer (226)
[2017.11.24-13.27.55:716][ 55]LogModuleManager: Shutting down and abandoning module WmfMedia (224)
[2017.11.24-13.27.55:716][ 55]LogModuleManager: Shutting down and abandoning module PacketHandler (222)
[2017.11.24-13.27.55:716][ 55]LogModuleManager: Shutting down and abandoning module ClothingSystemEditor (220)
[2017.11.24-13.27.55:716][ 55]LogModuleManager: Shutting down and abandoning module ClothingSystemRuntime (218)
[2017.11.24-13.27.55:716][ 55]LogModuleManager: Shutting down and abandoning module Overlay (216)
[2017.11.24-13.27.55:716][ 55]LogModuleManager: Shutting down and abandoning module OverlayEditor (215)
[2017.11.24-13.27.55:716][ 55]LogModuleManager: Shutting down and abandoning module MediaAssets (212)
[2017.11.24-13.27.55:716][ 55]LogModuleManager: Shutting down and abandoning module VREditor (210)
[2017.11.24-13.27.55:716][ 55]LogModuleManager: Shutting down and abandoning module StringTableEditor (208)
[2017.11.24-13.27.55:716][ 55]LogModuleManager: Shutting down and abandoning module GameplayTasksEditor (206)
[2017.11.24-13.27.55:716][ 55]LogModuleManager: Shutting down and abandoning module BehaviorTreeEditor (204)
[2017.11.24-13.27.55:716][ 55]LogModuleManager: Shutting down and abandoning module FunctionalTesting (202)
[2017.11.24-13.27.55:716][ 55]LogModuleManager: Shutting down and abandoning module CollisionAnalyzer (200)
[2017.11.24-13.27.55:716][ 55]LogModuleManager: Shutting down and abandoning module WorkspaceMenuStructure (199)
[2017.11.24-13.27.55:717][ 55]LogModuleManager: Shutting down and abandoning module UMG (196)
[2017.11.24-13.27.55:717][ 55]LogModuleManager: Shutting down and abandoning module UMGEditor (195)
[2017.11.24-13.27.55:717][ 55]LogModuleManager: Shutting down and abandoning module Sequencer (194)
[2017.11.24-13.27.55:717][ 55]LogModuleManager: Shutting down and abandoning module MessageLog (191)
[2017.11.24-13.27.55:717][ 55]LogModuleManager: Shutting down and abandoning module SlateReflector (186)
[2017.11.24-13.27.55:717][ 55]LogModuleManager: Shutting down and abandoning module Slate (184)
[2017.11.24-13.27.55:717][ 55]LogModuleManager: Shutting down and abandoning module EditorStyle (182)
[2017.11.24-13.27.55:720][ 55]LogModuleManager: Shutting down and abandoning module MRMesh (180)
[2017.11.24-13.27.55:720][ 55]LogModuleManager: Shutting down and abandoning module SourceCodeAccess (178)
[2017.11.24-13.27.55:720][ 55]LogModuleManager: Shutting down and abandoning module HeadMountedDisplay (176)
[2017.11.24-13.27.55:720][ 55]LogModuleManager: Shutting down and abandoning module XAudio2 (174)
[2017.11.24-13.27.55:720][ 55]LogModuleManager: Shutting down and abandoning module Networking (172)
[2017.11.24-13.27.55:720][ 55]LogModuleManager: Shutting down and abandoning module Core (168)
[2017.11.24-13.27.55:720][ 55]LogModuleManager: Shutting down and abandoning module KismetCompiler (164)
[2017.11.24-13.27.55:720][ 55]LogModuleManager: Shutting down and abandoning module LevelSequence (162)
[2017.11.24-13.27.55:721][ 55]LogModuleManager: Shutting down and abandoning module MeshUtilities (160)
[2017.11.24-13.27.55:721][ 55]LogModuleManager: Shutting down and abandoning module MeshMergeUtilities (159)
[2017.11.24-13.27.55:721][ 55]LogModuleManager: Shutting down and abandoning module MeshReductionInterface (158)
[2017.11.24-13.27.55:721][ 55]LogModuleManager: Shutting down and abandoning module SimplygonSwarm (157)
[2017.11.24-13.27.55:721][ 55]LogModuleManager: Shutting down and abandoning module SimplygonMeshReduction (155)
[2017.11.24-13.27.55:721][ 55]LogModuleManager: Shutting down and abandoning module QuadricMeshReduction (153)
[2017.11.24-13.27.55:721][ 55]LogModuleManager: Shutting down and abandoning module MaterialBaking (149)
[2017.11.24-13.27.55:721][ 55]LogModuleManager: Shutting down and abandoning module DirectoryWatcher (146)
[2017.11.24-13.27.55:722][ 55]LogModuleManager: Shutting down and abandoning module DerivedDataCache (144)
[2017.11.24-13.27.55:799][ 55]LogDerivedDataCache: Shutdown
[2017.11.24-13.27.55:799][ 55]LogModuleManager: Shutting down and abandoning module TargetPlatform (142)
[2017.11.24-13.27.55:799][ 55]LogModuleManager: Shutting down and abandoning module VulkanShaderFormat (141)
[2017.11.24-13.27.55:799][ 55]LogModuleManager: Shutting down and abandoning module ShaderFormatVectorVM (139)
[2017.11.24-13.27.55:799][ 55]LogModuleManager: Shutting down and abandoning module ShaderFormatOpenGL (137)
[2017.11.24-13.27.55:799][ 55]LogModuleManager: Shutting down and abandoning module ShaderFormatD3D (135)
[2017.11.24-13.27.55:799][ 55]LogModuleManager: Shutting down and abandoning module MetalShaderFormat (133)
[2017.11.24-13.27.55:799][ 55]LogModuleManager: Shutting down and abandoning module TextureFormatUncompressed (131)
[2017.11.24-13.27.55:799][ 55]LogModuleManager: Shutting down and abandoning module TextureFormatPVR (129)
[2017.11.24-13.27.55:799][ 55]LogModuleManager: Shutting down and abandoning module TextureFormatDXT (127)
[2017.11.24-13.27.55:799][ 55]LogModuleManager: Shutting down and abandoning module TextureFormatIntelISPCTexComp (125)
[2017.11.24-13.27.55:799][ 55]LogModuleManager: Shutting down and abandoning module TextureFormatASTC (123)
[2017.11.24-13.27.55:799][ 55]LogModuleManager: Shutting down and abandoning module ImageWrapper (122)
[2017.11.24-13.27.55:799][ 55]LogModuleManager: Shutting down and abandoning module TextureFormatAndroid (119)
[2017.11.24-13.27.55:799][ 55]LogModuleManager: Shutting down and abandoning module AudioFormatOpus (117)
[2017.11.24-13.27.55:799][ 55]LogModuleManager: Shutting down and abandoning module AudioFormatOgg (115)
[2017.11.24-13.27.55:799][ 55]LogModuleManager: Shutting down and abandoning module AudioFormatADPCM (113)
[2017.11.24-13.27.55:799][ 55]LogModuleManager: Shutting down and abandoning module LinuxTargetPlatform (111)
[2017.11.24-13.27.55:799][ 55]LogModuleManager: Shutting down and abandoning module LinuxServerTargetPlatform (109)
[2017.11.24-13.27.55:799][ 55]LogModuleManager: Shutting down and abandoning module LinuxNoEditorTargetPlatform (107)
[2017.11.24-13.27.55:800][ 55]LogModuleManager: Shutting down and abandoning module LinuxClientTargetPlatform (105)
[2017.11.24-13.27.55:800][ 55]LogModuleManager: Shutting down and abandoning module TVOSTargetPlatform (103)
[2017.11.24-13.27.55:800][ 55]LogModuleManager: Shutting down and abandoning module Messaging (101)
[2017.11.24-13.27.55:800][ 55]LogModuleManager: Shutting down and abandoning module IOSTargetPlatform (99)
[2017.11.24-13.27.55:800][ 55]LogModuleManager: Shutting down and abandoning module HTML5TargetPlatform (97)
[2017.11.24-13.27.55:800][ 55]LogModuleManager: Shutting down and abandoning module Android_PVRTCTargetPlatform (95)
[2017.11.24-13.27.55:800][ 55]LogModuleManager: Shutting down and abandoning module Android_MultiTargetPlatform (93)
[2017.11.24-13.27.55:800][ 55]LogModuleManager: Shutting down and abandoning module Android_ETC2TargetPlatform (91)
[2017.11.24-13.27.55:800][ 55]LogModuleManager: Shutting down and abandoning module Android_ETC1TargetPlatform (89)
[2017.11.24-13.27.55:800][ 55]LogModuleManager: Shutting down and abandoning module Android_DXTTargetPlatform (87)
[2017.11.24-13.27.55:800][ 55]LogModuleManager: Shutting down and abandoning module Android_ATCTargetPlatform (85)
[2017.11.24-13.27.55:800][ 55]LogModuleManager: Shutting down and abandoning module Android_ASTCTargetPlatform (83)
[2017.11.24-13.27.55:800][ 55]LogModuleManager: Shutting down and abandoning module AndroidTargetPlatform (81)
[2017.11.24-13.27.55:800][ 55]LogModuleManager: Shutting down and abandoning module WindowsTargetPlatform (79)
[2017.11.24-13.27.55:800][ 55]LogModuleManager: Shutting down and abandoning module WindowsServerTargetPlatform (77)
[2017.11.24-13.27.55:800][ 55]LogModuleManager: Shutting down and abandoning module WindowsNoEditorTargetPlatform (75)
[2017.11.24-13.27.55:800][ 55]LogModuleManager: Shutting down and abandoning module WindowsClientTargetPlatform (73)
[2017.11.24-13.27.55:800][ 55]LogModuleManager: Shutting down and abandoning module MacTargetPlatform (71)
[2017.11.24-13.27.55:800][ 55]LogModuleManager: Shutting down and abandoning module MacServerTargetPlatform (69)
[2017.11.24-13.27.55:800][ 55]LogModuleManager: Shutting down and abandoning module MacNoEditorTargetPlatform (67)
[2017.11.24-13.27.55:801][ 55]LogModuleManager: Shutting down and abandoning module MacClientTargetPlatform (65)
[2017.11.24-13.27.55:801][ 55]LogModuleManager: Shutting down and abandoning module AllDesktopTargetPlatform (63)
[2017.11.24-13.27.55:801][ 55]LogModuleManager: Shutting down and abandoning module InputCore (60)
[2017.11.24-13.27.55:801][ 55]LogModuleManager: Shutting down and abandoning module Settings (58)
[2017.11.24-13.27.55:801][ 55]LogModuleManager: Shutting down and abandoning module PhysXCooking (56)
[2017.11.24-13.27.55:801][ 55]LogModuleManager: Shutting down and abandoning module SteamVR (54)
[2017.11.24-13.27.55:801][ 55]LogModuleManager: Shutting down and abandoning module OculusHMD (52)
[2017.11.24-13.27.55:801][ 55]LogModuleManager: Shutting down and abandoning module ExampleDeviceProfileSelector (50)
[2017.11.24-13.27.55:801][ 55]LogModuleManager: Shutting down and abandoning module OnlineBlueprintSupport (48)
[2017.11.24-13.27.55:801][ 55]LogModuleManager: Shutting down and abandoning module OnlineSubsystem (44)
[2017.11.24-13.27.55:801][ 55]LogOnline: Display: Unloading online subsystem: NULL
[2017.11.24-13.27.55:801][ 55]LogModuleManager: Shutting down and abandoning module XMPP (43)
[2017.11.24-13.27.55:801][ 55]LogModuleManager: Shutting down and abandoning module HTTP (41)
[2017.11.24-13.27.55:801][ 55]LogHttp: Display: Http module shutting down, but needs to wait on 1 outstanding Http requests:
[2017.11.24-13.27.55:802][ 55]LogHttp: Display: 	verb=[POST] url=[https://datarouter.ol.epicgames.com/datarouter/api/v1/public/data?SessionID=%7B6D1265E3-4BDC-605B-23D3-2D972B10A86C%7D&AppID=UEEditor.Rocket.Release&AppVersion=4.17.2-3658906%2B%2B%2BUE4%2BRelease-4.17&UserID=a18248ba4eddb34d4e1ab5a2e84bc860%7C%7Ce65ec127-0e07-4f04-b7b0-3376fc45e859&AppEnvironment=datacollector-binary&UploadType=eteventstream] status=Processing
[2017.11.24-13.27.55:822][ 55]LogModuleManager: Shutting down and abandoning module SSL (40)
[2017.11.24-13.27.55:826][ 55]LogModuleManager: Shutting down and abandoning module AnimationModifiers (36)
[2017.11.24-13.27.55:826][ 55]LogModuleManager: Shutting down and abandoning module PropertyEditor (35)
[2017.11.24-13.27.55:826][ 55]LogModuleManager: Shutting down and abandoning module AudioEditor (32)
[2017.11.24-13.27.55:826][ 55]LogModuleManager: Shutting down and abandoning module TextureCompressor (30)
[2017.11.24-13.27.55:826][ 55]LogModuleManager: Shutting down and abandoning module ShaderCore (28)
[2017.11.24-13.27.55:826][ 55]LogModuleManager: Shutting down and abandoning module Landscape (26)
[2017.11.24-13.27.55:826][ 55]LogModuleManager: Shutting down and abandoning module SlateRHIRenderer (24)
[2017.11.24-13.27.55:828][ 55]LogModuleManager: Shutting down and abandoning module OpenGLDrv (22)
[2017.11.24-13.27.55:828][ 55]LogModuleManager: Shutting down and abandoning module D3D11RHI (20)
[2017.11.24-13.27.55:828][ 55]LogModuleManager: Shutting down and abandoning module AnimGraphRuntime (18)
[2017.11.24-13.27.55:828][ 55]LogModuleManager: Shutting down and abandoning module Renderer (16)
[2017.11.24-13.27.55:828][ 55]LogModuleManager: Shutting down and abandoning module Engine (14)
[2017.11.24-13.27.55:828][ 55]LogModuleManager: Shutting down and abandoning module CoreUObject (12)
[2017.11.24-13.27.55:828][ 55]LogModuleManager: Shutting down and abandoning module NetworkFile (10)
[2017.11.24-13.27.55:829][ 55]LogModuleManager: Shutting down and abandoning module CookedIterativeFile (8)
[2017.11.24-13.27.55:829][ 55]LogModuleManager: Shutting down and abandoning module StreamingFile (6)
[2017.11.24-13.27.55:829][ 55]LogModuleManager: Shutting down and abandoning module SandboxFile (4)
[2017.11.24-13.27.55:829][ 55]LogModuleManager: Shutting down and abandoning module PakFile (2)
[2017.11.24-13.27.55:834][ 55]LogExit: Exiting.
[2017.11.24-13.27.55:883][ 55]Log file closed, 11/24/17 13:27:55
