Log file open, 12/06/17 12:26:03
LogWindows: Failed to load 'aqProf.dll' (GetLastError=126)
LogWindows: File 'aqProf.dll' does not exist
LogWindows: Failed to load 'VtuneApi.dll' (GetLastError=126)
LogWindows: File 'VtuneApi.dll' does not exist
LogWindows: Failed to load 'VtuneApi32e.dll' (GetLastError=126)
LogWindows: File 'VtuneApi32e.dll' does not exist
LogInit: Display: Running engine for game: Puzzle_Island
LogPlatformFile: Not using cached read wrapper
LogInit: Display: RandInit(-3956379) SRandInit(-3956379).
LogTaskGraph: Started task graph with 5 named threads and 14 total threads with 3 sets of task threads.
LogStats: Stats thread started at 0.235684
LogD3D11RHI: Aftermath initialized
LogPluginManager: Mounting plugin Paper2D
LogPluginManager: Mounting plugin LightPropagationVolume
LogPluginManager: Mounting plugin CodeLiteSourceCodeAccess
LogPluginManager: Mounting plugin GitSourceControl
LogPluginManager: Mounting plugin KDevelopSourceCodeAccess
LogPluginManager: Mounting plugin NullSourceCodeAccess
LogPluginManager: Mounting plugin PerforceSourceControl
LogPluginManager: Mounting plugin SubversionSourceControl
LogPluginManager: Mounting plugin UObjectPlugin
LogPluginManager: Mounting plugin VisualStudioSourceCodeAccess
LogPluginManager: Mounting plugin XCodeSourceCodeAccess
LogPluginManager: Mounting plugin AssetManagerEditor
LogPluginManager: Mounting plugin AudioCapture
LogPluginManager: Mounting plugin FacialAnimation
LogPluginManager: Mounting plugin GameplayTagsEditor
LogPluginManager: Mounting plugin MobileLauncherProfileWizard
LogPluginManager: Mounting plugin PluginBrowser
LogPluginManager: Mounting plugin SpeedTreeImporter
LogPluginManager: Mounting plugin AlembicImporter
LogPluginManager: Mounting plugin CharacterAI
LogPluginManager: Mounting plugin HTML5Networking
LogPluginManager: Mounting plugin AndroidMedia
LogPluginManager: Mounting plugin AvfMedia
LogPluginManager: Mounting plugin MediaPlayerEditor
LogPluginManager: Mounting plugin WmfMedia
LogPluginManager: Mounting plugin TcpMessaging
LogPluginManager: Mounting plugin UdpMessaging
LogPluginManager: Mounting plugin LevelSequenceEditor
LogPluginManager: Mounting plugin MatineeToLevelSequence
LogPluginManager: Mounting plugin OnlineSubsystemGooglePlay
LogPluginManager: Mounting plugin OnlineSubsystemIOS
LogPluginManager: Mounting plugin OnlineSubsystem
LogPluginManager: Mounting plugin OnlineSubsystemNull
LogPluginManager: Mounting plugin OnlineSubsystemUtils
LogPluginManager: Mounting plugin AndroidDeviceProfileSelector
LogPluginManager: Mounting plugin AndroidMoviePlayer
LogPluginManager: Mounting plugin AndroidPermission
LogPluginManager: Mounting plugin AppleMoviePlayer
LogPluginManager: Mounting plugin ArchVisCharacter
LogPluginManager: Mounting plugin CableComponent
LogPluginManager: Mounting plugin CustomMeshComponent
LogPluginManager: Mounting plugin ExampleDeviceProfileSelector
LogPluginManager: Mounting plugin GoogleCloudMessaging
LogPluginManager: Mounting plugin ImmediatePhysics
LogPluginManager: Mounting plugin IOSDeviceProfileSelector
LogPluginManager: Mounting plugin LinuxDeviceProfileSelector
LogPluginManager: Mounting plugin LocationServicesBPLibrary
LogPluginManager: Mounting plugin MobilePatchingUtils
LogPluginManager: Mounting plugin OculusVR
LogPluginManager: Mounting plugin PhysXVehicles
LogPluginManager: Mounting plugin ProceduralMeshComponent
LogPluginManager: Mounting plugin RuntimePhysXCooking
LogPluginManager: Mounting plugin SteamVR
LogPluginManager: Mounting plugin WindowsMoviePlayer
LogInit: Using libcurl 7.47.1
LogInit:  - built for x86_64-pc-win32
LogInit:  - supports SSL with OpenSSL/1.0.2g
LogInit:  - supports HTTP deflate (compression) using libz 1.2.8
LogInit:  - other features:
LogInit:      CURL_VERSION_SSL
LogInit:      CURL_VERSION_LIBZ
LogInit:      CURL_VERSION_IPV6
LogInit:      CURL_VERSION_ASYNCHDNS
LogInit:      CURL_VERSION_LARGEFILE
LogInit:      CURL_VERSION_IDN
LogInit:  CurlRequestOptions (configurable via config and command line):
LogInit:  - bVerifyPeer = false  - Libcurl will NOT verify peer certificate
LogInit:  - bUseHttpProxy = false  - Libcurl will NOT use HTTP proxy
LogInit:  - bDontReuseConnections = false  - Libcurl will reuse connections
LogInit:  - CertBundlePath = nullptr  - Libcurl will use whatever was configured at build time.
LogInit: Build: ++UE4+Release-4.17-CL-3658906
LogInit: Engine Version: 4.17.2-3658906+++UE4+Release-4.17
LogInit: Compatible Engine Version: 4.17.0-3573198+++UE4+Release-4.17
LogInit: Net CL: 3573198
LogDevObjectVersion: Number of dev versions registered: 16
LogDevObjectVersion:   Dev-Blueprints (B0D832E4-1F89-4F0D-ACCF-7EB736FD4AA2): 10
LogDevObjectVersion:   Dev-Build (E1C64328-A22C-4D53-A36C-8E866417BD8C): 0
LogDevObjectVersion:   Dev-Core (375EC13C-06E4-48FB-B500-84F0262A717E): 2
LogDevObjectVersion:   Dev-Editor (E4B068ED-F494-42E9-A231-DA0B2E46BB41): 20
LogDevObjectVersion:   Dev-Framework (CFFC743F-43B0-4480-9391-14DF171D2073): 28
LogDevObjectVersion:   Dev-Mobile (B02B49B5-BB20-44E9-A304-32B752E40360): 0
LogDevObjectVersion:   Dev-Networking (A4E4105C-59A1-49B5-A7C5-40C4547EDFEE): 0
LogDevObjectVersion:   Dev-Online (39C831C9-5AE6-47DC-9A44-9C173E1C8E7C): 0
LogDevObjectVersion:   Dev-Physics (78F01B33-EBEA-4F98-B9B4-84EACCB95AA2): 0
LogDevObjectVersion:   Dev-Platform (6631380F-2D4D-43E0-8009-CF276956A95A): 0
LogDevObjectVersion:   Dev-Rendering (12F88B9F-8875-4AFC-A67C-D90C383ABD29): 19
LogDevObjectVersion:   Dev-Sequencer (7B5AE74C-D270-4C10-A958-57980B212A5A): 4
LogDevObjectVersion:   Dev-VR (D7296918-1DD6-4BDD-9DE2-64A83CC13884): 0
LogDevObjectVersion:   Dev-LoadTimes (C2A15278-BFE7-4AFE-6C17-90FF531DF755): 1
LogDevObjectVersion:   Private-Geometry (6EACA3D4-40EC-4CC1-B786-8BED09428FC5): 1
LogDevObjectVersion:   Dev-AnimPhys (29E575DD-E0A3-4627-9D10-D276232CDCEA): 7
LogInit: Compiled (64-bit): Sep 22 2017 13:47:16
LogInit: Compiled with Visual C++: 19.00.24215.01
LogInit: Build Configuration: Development
LogInit: Branch Name: ++UE4+Release-4.17
LogInit: Command line:  
LogInit: Base directory: C:/Program Files/Epic Games/UE_4.17/Engine/Binaries/Win64/
LogInit: Installed Engine Build: 1
LogInit: Presizing for max 8388607 objects, including 0 objects not considered by GC, pre-allocating 0 bytes for permanent pool.
LogInit: Object subsystem initialized
[2017.12.06-12.26.06:106][  0]LogInit: Selected Device Profile: [Windows]
[2017.12.06-12.26.06:106][  0]LogInit: Applying CVar settings loaded from the selected device profile: [Windows]
[2017.12.06-12.26.06:121][  0]LogInit: Computer: JAKUBSIEWNIAK
[2017.12.06-12.26.06:121][  0]LogInit: User: Jakub
[2017.12.06-12.26.06:121][  0]LogInit: CPU Page size=4096, Cores=4
[2017.12.06-12.26.06:121][  0]LogInit: High frequency timer resolution =2.435765 MHz
[2017.12.06-12.26.06:122][  0]LogMemory: Memory total: Physical=31.9GB (32GB approx)
[2017.12.06-12.26.06:122][  0]LogMemory: Platform Memory Stats for Windows
[2017.12.06-12.26.06:122][  0]LogMemory: Process Physical Memory: 282.34 MB used, 282.34 MB peak
[2017.12.06-12.26.06:122][  0]LogMemory: Process Virtual Memory: 278.55 MB used, 278.55 MB peak
[2017.12.06-12.26.06:122][  0]LogMemory: Physical Memory: 6979.37 MB used,  25705.05 MB free, 32684.42 MB total
[2017.12.06-12.26.06:122][  0]LogMemory: Virtual Memory: 697.17 MB used,  25705.05 MB free, 134217728.00 MB total
[2017.12.06-12.26.07:114][  0]LogInit: Using OS detected language (en-GB).
[2017.12.06-12.26.07:114][  0]LogInit: Using OS detected locale (en-GB).
[2017.12.06-12.26.07:129][  0]LogTextLocalizationManager: No specific localization for 'en-GB' exists, so the 'en' localization will be used.
[2017.12.06-12.26.08:429][  0]LogD3D11RHI: D3D11 adapters:
[2017.12.06-12.26.08:622][  0]LogD3D11RHI:    0. 'NVIDIA GeForce GTX 880M' (Feature Level 11_0)
[2017.12.06-12.26.08:622][  0]LogD3D11RHI:       8154/0/16342 MB DedicatedVideo/DedicatedSystem/SharedSystem, Outputs:1, VendorId:0x10de
[2017.12.06-12.26.08:631][  0]LogD3D11RHI:    1. 'Intel(R) HD Graphics 4600' (Feature Level 11_0)
[2017.12.06-12.26.08:631][  0]LogD3D11RHI:       112/0/2048 MB DedicatedVideo/DedicatedSystem/SharedSystem, Outputs:0, VendorId:0x8086
[2017.12.06-12.26.08:635][  0]LogD3D11RHI:    2. 'Microsoft Basic Render Driver' (Feature Level 11_0)
[2017.12.06-12.26.08:635][  0]LogD3D11RHI:       0/0/16342 MB DedicatedVideo/DedicatedSystem/SharedSystem, Outputs:0, VendorId:0x1414
[2017.12.06-12.26.08:635][  0]LogD3D11RHI: Chosen D3D11 Adapter: 0
[2017.12.06-12.26.08:643][  0]LogD3D11RHI: Creating new Direct3DDevice
[2017.12.06-12.26.08:644][  0]LogD3D11RHI:     GPU DeviceId: 0x1198 (for the marketing name, search the web for "GPU Device Id")
[2017.12.06-12.26.08:644][  0]LogWindows: EnumDisplayDevices:
[2017.12.06-12.26.08:644][  0]LogWindows:    0. 'Intel(R) HD Graphics 4600' (P:1 D:1)
[2017.12.06-12.26.08:644][  0]LogWindows:    1. 'Intel(R) HD Graphics 4600' (P:0 D:0)
[2017.12.06-12.26.08:644][  0]LogWindows:    2. 'Intel(R) HD Graphics 4600' (P:0 D:0)
[2017.12.06-12.26.08:645][  0]LogWindows: DebugString: GetVideoDriverDetailsInvalid PrimaryIsNotTheChoosenAdapter GetVideoDriverDetailsInvalid PrimaryIsNotTheChoosenAdapter GetVideoDriverDetailsInvalid PrimaryIsNotTheChoosenAdapter FoundDriverCount:0 
[2017.12.06-12.26.08:645][  0]LogD3D11RHI:     Adapter Name: NVIDIA GeForce GTX 880M
[2017.12.06-12.26.08:645][  0]LogD3D11RHI:   Driver Version: Unknown (internal:Unknown, unified:Unknown)
[2017.12.06-12.26.08:645][  0]LogD3D11RHI:      Driver Date: Unknown
[2017.12.06-12.26.08:645][  0]LogRHI: Texture pool is 1361 MB (70% of 1945 MB)
[2017.12.06-12.26.08:687][  0]LogD3D11RHI: Async texture creation enabled
[2017.12.06-12.26.08:740][  0]LogD3D11RHI: GPU Timing Frequency: 1000.000000 (Debug: 2 1)
[2017.12.06-12.26.08:749][  0]LogShaderCompilers: Guid format shader working directory is -21 characters bigger than the processId version (D:/Education/Uniwersytet/Year3/VGD/Puzzle-Island-VGD/Puzzle_Island/Intermediate/Shaders/WorkingDirectory/13792/).
[2017.12.06-12.26.08:749][  0]LogShaderCompilers: Cleaned the shader compiler working directory 'C:/Users/Jakub/AppData/Local/Temp/UnrealShaderWorkingDir/F26287EA464AE1886239BB8D531A400F/'.
[2017.12.06-12.26.08:750][  0]LogShaderCompilers: Display: Using Local Shader Compiler.
[2017.12.06-12.26.10:570][  0]LogTemp: Display: Loaded TP AllDesktopTargetPlatform
[2017.12.06-12.26.10:666][  0]LogTemp: Display: Loaded TP MacClientTargetPlatform
[2017.12.06-12.26.10:840][  0]LogTemp: Display: Loaded TP MacNoEditorTargetPlatform
[2017.12.06-12.26.10:977][  0]LogTemp: Display: Loaded TP MacServerTargetPlatform
[2017.12.06-12.26.11:113][  0]LogTemp: Display: Loaded TP MacTargetPlatform
[2017.12.06-12.26.11:237][  0]LogTemp: Display: Loaded TP WindowsClientTargetPlatform
[2017.12.06-12.26.11:335][  0]LogTemp: Display: Loaded TP WindowsNoEditorTargetPlatform
[2017.12.06-12.26.11:425][  0]LogTemp: Display: Loaded TP WindowsServerTargetPlatform
[2017.12.06-12.26.11:523][  0]LogTemp: Display: Loaded TP WindowsTargetPlatform
[2017.12.06-12.26.11:613][  0]LogTemp: Display: Loaded TP AndroidTargetPlatform
[2017.12.06-12.26.11:700][  0]LogTemp: Display: Loaded TP Android_ASTCTargetPlatform
[2017.12.06-12.26.11:825][  0]LogTemp: Display: Loaded TP Android_ATCTargetPlatform
[2017.12.06-12.26.11:933][  0]LogTemp: Display: Loaded TP Android_DXTTargetPlatform
[2017.12.06-12.26.12:041][  0]LogTemp: Display: Loaded TP Android_ETC1TargetPlatform
[2017.12.06-12.26.12:134][  0]LogTemp: Display: Loaded TP Android_ETC2TargetPlatform
[2017.12.06-12.26.12:322][  0]LogTemp: Display: Loaded TP Android_MultiTargetPlatform
[2017.12.06-12.26.12:322][  0]LogTemp: Display: Loaded TP Android_PVRTCTargetPlatform
[2017.12.06-12.26.12:406][  0]LogTemp: Display: Loaded TP HTML5TargetPlatform
[2017.12.06-12.26.12:558][  0]LogTemp: Display: Loaded TP IOSTargetPlatform
[2017.12.06-12.26.12:613][  0]LogTemp: Display: Loaded TP TVOSTargetPlatform
[2017.12.06-12.26.12:712][  0]LogTemp: Display: Loaded TP LinuxClientTargetPlatform
[2017.12.06-12.26.12:822][  0]LogTemp: Display: Loaded TP LinuxNoEditorTargetPlatform
[2017.12.06-12.26.12:923][  0]LogTemp: Display: Loaded TP LinuxServerTargetPlatform
[2017.12.06-12.26.13:026][  0]LogTemp: Display: Loaded TP LinuxTargetPlatform
[2017.12.06-12.26.13:026][  0]LogTargetPlatformManager: Display: Building Assets For Windows
[2017.12.06-12.26.14:011][  0]LogDerivedDataCache: Display: Max Cache Size: 512 MB
[2017.12.06-12.26.14:429][  0]LogDerivedDataCache: Loaded boot cache 0.42s 99MB C:/Users/Jakub/AppData/Local/UnrealEngine/4.17/DerivedDataCache/Boot.ddc.
[2017.12.06-12.26.14:429][  0]LogDerivedDataCache: Display: Loaded Boot cache: C:/Users/Jakub/AppData/Local/UnrealEngine/4.17/DerivedDataCache/Boot.ddc
[2017.12.06-12.26.14:430][  0]LogDerivedDataCache: FDerivedDataBackendGraph:  Pak pak cache file D:/Education/Uniwersytet/Year3/VGD/Puzzle-Island-VGD/Puzzle_Island/DerivedDataCache/DDC.ddp not found, will not use a pak cache.
[2017.12.06-12.26.14:430][  0]LogDerivedDataCache: Unable to find inner node Pak for hierarchical cache Hierarchy.
[2017.12.06-12.26.14:430][  0]LogDerivedDataCache: FDerivedDataBackendGraph:  CompressedPak pak cache file D:/Education/Uniwersytet/Year3/VGD/Puzzle-Island-VGD/Puzzle_Island/DerivedDataCache/Compressed.ddp not found, will not use a pak cache.
[2017.12.06-12.26.14:430][  0]LogDerivedDataCache: Unable to find inner node CompressedPak for hierarchical cache Hierarchy.
[2017.12.06-12.26.14:457][  0]LogDerivedDataCache: Display: Pak cache opened for reading ../../../Engine/DerivedDataCache/Compressed.ddp.
[2017.12.06-12.26.14:470][  0]LogDerivedDataCache: Using Local data cache path C:/Users/Jakub/AppData/Local/UnrealEngine/Common/DerivedDataCache: Writable
[2017.12.06-12.26.14:486][  0]LogMaterial: Verifying Global Shaders for PCD3D_SM5
[2017.12.06-12.26.14:493][  0]LogSlate: Using Freetype 2.6.0
[2017.12.06-12.26.14:497][  0]LogSlate: SlateFontCache - WITH_FREETYPE: 1, WITH_HARFBUZZ: 1
[2017.12.06-12.26.14:498][  0]LogSlate: SlateFontCache - WITH_FREETYPE: 1, WITH_HARFBUZZ: 1
[2017.12.06-12.26.15:608][  0]LogAssetRegistry: FAssetRegistry took 0.0315 seconds to start up
[2017.12.06-12.26.15:869][  0]LogInit: Selected Device Profile: [Windows]
[2017.12.06-12.26.16:262][  0]LogContentStreaming: Texture pool size is 0.00 MB
[2017.12.06-12.26.17:005][  0]LogSimplygon: Simplygon DLL not present - disabling.
[2017.12.06-12.26.17:108][  0]LogMeshReduction: Using SimplygonSwarm for distributed automatic mesh merging
[2017.12.06-12.26.17:108][  0]LogMeshReduction: Using QuadricMeshReduction for automatic static mesh reduction
[2017.12.06-12.26.17:108][  0]LogMeshReduction: No automatic skeletal mesh reduction module available
[2017.12.06-12.26.17:108][  0]LogMeshReduction: No automatic mesh merging module available
[2017.12.06-12.26.17:108][  0]LogMeshMerging: No automatic mesh merging module available
[2017.12.06-12.26.17:934][  0]LogNetVersion: Puzzle_Island , NetCL: 3573198, EngineNetVer: 2, GameNetVer: 0 (Checksum: 3939646741)
[2017.12.06-12.26.18:508][  0]LogPackageLocalizationCache: Processed 5 localized package path(s) for 2 prioritized culture(s) in 0.112095 seconds
[2017.12.06-12.26.18:519][  0]LogUObjectArray: 35825 objects as part of root set at end of initial load.
[2017.12.06-12.26.18:519][  0]LogUObjectAllocator: 7529104 out of 0 bytes used by permanent object pool.
[2017.12.06-12.26.18:519][  0]LogUObjectArray: CloseDisregardForGC: 0/0 objects in disregard for GC pool
[2017.12.06-12.26.18:661][  0]LogInit: WinSock: version 1.1 (2.2), MaxSocks=32767, MaxUdp=65467
[2017.12.06-12.26.25:355][  0]LogTcpMessaging: Initializing TcpMessaging bridge
[2017.12.06-12.26.25:431][  0]LogUdpMessaging: Initializing bridge on interface 0.0.0.0:0 to multicast group 230.0.0.1:6666.
[2017.12.06-12.26.28:411][  0]LogMaterial: Uniform references updated for custom material expression Custom.
[2017.12.06-12.26.29:318][  0]SourceControl: Source control is disabled
[2017.12.06-12.26.29:318][  0]SourceControl: Source control is disabled
[2017.12.06-12.26.29:413][  0]SourceControl: Source control is disabled
[2017.12.06-12.26.29:505][  0]SourceControl: Source control is disabled
[2017.12.06-12.26.30:869][  0]LogAndroidPermission: UAndroidPermissionCallbackProxy::GetInstance
[2017.12.06-12.26.31:380][  0]LogOcInput: OculusInput pre-init called
[2017.12.06-12.26.31:936][  0]LogEngine: Initializing Engine...
[2017.12.06-12.26.31:940][  0]LogHMD: Failed to initialize OpenVR with code 110
[2017.12.06-12.26.32:276][  0]LogStats: UGameplayTagsManager::ConstructGameplayTagTree: Construct from data asset -  0.000 s
[2017.12.06-12.26.32:277][  0]LogStats: UGameplayTagsManager::ConstructGameplayTagTree: GameplayTagTreeChangedEvent.Broadcast -  0.000 s
[2017.12.06-12.26.32:566][  0]LogAIModule: Creating AISystem for world Untitled
[2017.12.06-12.26.32:588][  0]LogInit: XAudio2 using 'Speakers (Realtek High Definition Audio)' : 2 channels at 48 kHz using 32 bits per sample (channel mask 0x3)
[2017.12.06-12.26.32:627][  0]LogInit: FAudioDevice initialized.
[2017.12.06-12.26.32:726][  0]LogDerivedDataCache: Saved boot cache 0.10s 99MB C:/Users/Jakub/AppData/Local/UnrealEngine/4.17/DerivedDataCache/Boot.ddc.
[2017.12.06-12.26.32:734][  0]LogInit: Texture streaming: Enabled
[2017.12.06-12.26.32:972][  0]LogEngineSessionManager: EngineSessionManager initialized
[2017.12.06-12.26.33:512][  0]LogWindowsTextInputMethodSystem: Display: IME system now deactivated.
[2017.12.06-12.26.33:575][  0]LogInit: Transaction tracking system initialized
[2017.12.06-12.26.34:355][  0]BlueprintLog: New page: Editor Load
[2017.12.06-12.26.36:970][  0]LocalizationService: Localization service is disabled
[2017.12.06-12.26.38:868][  0]LogConsoleResponse: Display: 
[2017.12.06-12.26.39:315][  0]LogAutoReimportManager: Warning: Unable to watch directory D:/Education/Uniwersytet/Year3/VGD/Puzzle-Island-VGD/Puzzle_Island/Content/ as it will conflict with another watching D:/Education/Uniwersytet/Year3/VGD/Puzzle-Island-VGD/Puzzle_Island/Content/.
[2017.12.06-12.26.39:315][  0]LogAutoReimportManager: Warning: Unable to watch directory D:/Education/Uniwersytet/Year3/VGD/Puzzle-Island-VGD/Puzzle_Island/Content/ as it will conflict with another watching D:/Education/Uniwersytet/Year3/VGD/Puzzle-Island-VGD/Puzzle_Island/Content/.
[2017.12.06-12.26.39:315][  0]LogAutoReimportManager: Warning: Unable to watch directory D:/Education/Uniwersytet/Year3/VGD/Puzzle-Island-VGD/Puzzle_Island/Content/ as it will conflict with another watching D:/Education/Uniwersytet/Year3/VGD/Puzzle-Island-VGD/Puzzle_Island/Content/.
[2017.12.06-12.26.39:329][  0]LogCook: Display: Max memory allowance for cook 16384mb min free memory 0mb
[2017.12.06-12.26.39:329][  0]LogCook: Display: Mobile HDR setting 1
[2017.12.06-12.26.39:331][  0]LogGameplayTags: Display: UGameplayTagsManager::DoneAddingNativeTags. DelegateIsBound: 0
[2017.12.06-12.26.39:476][  0]LogFileCache: Scanning file cache for directory 'D:/Education/Uniwersytet/Year3/VGD/Puzzle-Island-VGD/Puzzle_Island/Content/' took 0.09s
[2017.12.06-12.26.41:668][  0]SourceControl: Source control is disabled
[2017.12.06-12.26.41:672][  0]Cmd: MAP LOAD FILE="D:/Education/Uniwersytet/Year3/VGD/Puzzle-Island-VGD/Puzzle_Island/Content/Maps/Puzzle_Island.umap" TEMPLATE=0 SHOWPROGRESS=1 FEATURELEVEL=3
[2017.12.06-12.26.41:675][  0]LightingResults: New page: Lighting Build
[2017.12.06-12.26.41:779][  0]MapCheck: New page: Map Check
[2017.12.06-12.26.41:779][  0]LightingResults: New page: Lighting Build
[2017.12.06-12.26.44:002][  0]LogAIModule: Creating AISystem for world Puzzle_Island
[2017.12.06-12.26.44:526][  0]LogEditorServer: Finished looking for orphan Actors (0.000 secs)
[2017.12.06-12.26.44:659][  0]Cmd: MAP CHECKDEP NOCLEARLOG
[2017.12.06-12.26.44:816][  0]MapCheck: Map check complete: 0 Error(s), 0 Warning(s), took 157.049ms to complete.
[2017.12.06-12.26.44:816][  0]LogFileHelpers: Loading map 'Puzzle_Island' took 3.145
[2017.12.06-12.26.45:106][  0]LogCollectionManager: Loaded 0 collections in 0.003101 seconds
[2017.12.06-12.26.45:258][  0]LogFileCache: Scanning file cache for directory 'D:/Education/Uniwersytet/Year3/VGD/Puzzle-Island-VGD/Puzzle_Island/Saved/Collections/' took 0.01s
[2017.12.06-12.26.45:258][  0]LogFileCache: Scanning file cache for directory 'D:/Education/Uniwersytet/Year3/VGD/Puzzle-Island-VGD/Puzzle_Island/Content/Developers/Jakub/Collections/' took 0.01s
[2017.12.06-12.26.45:258][  0]LogFileCache: Scanning file cache for directory 'D:/Education/Uniwersytet/Year3/VGD/Puzzle-Island-VGD/Puzzle_Island/Content/Collections/' took 0.01s
[2017.12.06-12.26.45:258][  0]LogCollectionManager: Rebuilt the GUID cache for 0 collections in 0.000001 seconds
[2017.12.06-12.26.45:275][  0]LogContentBrowser: Native class hierarchy populated in 0.0154 seconds. Added 2388 classes and 502 folders.
[2017.12.06-12.26.45:415][  0]LogContentBrowser: Native class hierarchy updated for 'WidgetCarousel' in 0.0038 seconds. Added 0 classes and 0 folders.
[2017.12.06-12.26.45:621][  0]LogContentBrowser: Native class hierarchy updated for 'AddContentDialog' in 0.0027 seconds. Added 0 classes and 0 folders.
[2017.12.06-12.26.45:747][  0]LogContentBrowser: Native class hierarchy updated for 'SceneOutliner' in 0.0047 seconds. Added 1 classes and 2 folders.
[2017.12.06-12.26.46:004][  0]LogSlate: Took 0.002433 seconds to synchronously load lazily loaded font '../../../Engine/Content/Slate/Fonts/Roboto-Regular.ttf' (155K)
[2017.12.06-12.26.46:011][  0]LogSlate: Took 0.002198 seconds to synchronously load lazily loaded font '../../../Engine/Content/Slate/Fonts/Roboto-Bold.ttf' (160K)
[2017.12.06-12.26.46:025][  0]LogSlate: Took 0.001727 seconds to synchronously load lazily loaded font '../../../Engine/Content/Editor/Slate/Fonts/FontAwesome.ttf' (139K)
[2017.12.06-12.26.46:200][  0]LogRenderer: Reallocating scene render targets to support 1240x604 Format 10 NumSamples 1 (Frame:1).
[2017.12.06-12.26.46:508][  0]LogContentBrowser: Native class hierarchy updated for 'HierarchicalLODOutliner' in 0.0025 seconds. Added 1 classes and 2 folders.
[2017.12.06-12.26.46:508][  0]LogLoad: (Engine Initialization) Total time: 45.03 seconds
[2017.12.06-12.26.46:508][  0]LogLoad: (Engine Initialization) Total Blueprint compile time: 0.00 seconds
[2017.12.06-12.26.46:509][  0]LogExternalProfiler: Found external profiler: VSPerf
[2017.12.06-12.26.46:509][  0]LogExternalProfiler: Using external profiler: VSPerf
[2017.12.06-12.26.46:557][  0]LogContentStreaming: Texture pool size now 1000 MB
[2017.12.06-12.26.46:643][  0]LogSlate: Took 0.002001 seconds to synchronously load lazily loaded font '../../../Engine/Content/Slate/Fonts/Roboto-Light.ttf' (159K)
[2017.12.06-12.26.46:699][  1]LogAssetRegistry: Asset discovery search completed in 31.1134 seconds
[2017.12.06-12.26.46:703][  1]LogCollectionManager: Rebuilt the object cache for 0 collections in 0.000001 seconds (found 0 objects)
[2017.12.06-12.26.46:703][  1]LogCollectionManager: Fixed up redirectors for 0 collections in 0.000081 seconds (updated 0 objects)
[2017.12.06-12.26.51:672][126]LogFileCache: Retrieving MD5 hashes for directory 'D:/Education/Uniwersytet/Year3/VGD/Puzzle-Island-VGD/Puzzle_Island/Content/' took 5.14s
[2017.12.06-12.27.24:429][738]LogSlate: Took 0.000375 seconds to synchronously load lazily loaded font '../../../Engine/Content/Slate/Fonts/Roboto-Light.ttf' (159K)
[2017.12.06-12.27.24:663][738]LogMetaData: Removing '/Game/Blueprints/Jigsaw_Puzzle_Widget_3.SKEL_Jigsaw_Puzzle_Widget_3_C' ref from Metadata '/Game/Blueprints/Jigsaw_Puzzle_Widget_2.PackageMetaData'
[2017.12.06-12.27.24:663][738]LogMetaData: Removing '/Game/Blueprints/Jigsaw_Puzzle_Widget_3.Jigsaw_Puzzle_Widget_3_C' ref from Metadata '/Game/Blueprints/Jigsaw_Puzzle_Widget_2.PackageMetaData'
[2017.12.06-12.27.25:051][738]LogSavePackage: Save=355.93ms
[2017.12.06-12.27.25:051][738]LogSavePackage: Moving 'D:/Education/Uniwersytet/Year3/VGD/Puzzle-Island-VGD/Puzzle_Island/Saved/Jigsaw_Puzzle_Widget_3AF8C81F64593C13FFF2BC4A79137A5CA.tmp' to 'D:/Education/Uniwersytet/Year3/VGD/Puzzle-Island-VGD/Puzzle_Island/Content/Blueprints/Jigsaw_Puzzle_Widget_3.uasset'
[2017.12.06-12.27.25:058][738]LogSavePackage: Display: Finished SavePackage D:/Education/Uniwersytet/Year3/VGD/Puzzle-Island-VGD/Puzzle_Island/Content/Blueprints/Jigsaw_Puzzle_Widget_3.uasset
[2017.12.06-12.27.32:314][237]LogSlate: Took 0.000337 seconds to synchronously load lazily loaded font '../../../Engine/Content/Slate/Fonts/Roboto-Regular.ttf' (155K)
[2017.12.06-12.27.32:399][237]Cmd: MAP LOAD FILE="D:/Education/Uniwersytet/Year3/VGD/Puzzle-Island-VGD/Puzzle_Island/Content/Maps/Jigsaw_03.umap" TEMPLATE=0 SHOWPROGRESS=1 FEATURELEVEL=3
[2017.12.06-12.27.32:399][237]LightingResults: New page: Lighting Build
[2017.12.06-12.27.32:400][237]LoadErrors: New page: Loading map: Jigsaw_03.umap
[2017.12.06-12.27.32:402][237]MapCheck: New page: Map Check
[2017.12.06-12.27.32:402][237]LightingResults: New page: Lighting Build
[2017.12.06-12.27.32:553][237]LogEditorServer: Finished looking for orphan Actors (0.000 secs)
[2017.12.06-12.27.32:677][237]Cmd: MAP CHECKDEP NOCLEARLOG
[2017.12.06-12.27.32:867][237]MapCheck: Map check complete: 0 Error(s), 0 Warning(s), took 189.894ms to complete.
[2017.12.06-12.27.32:867][237]LogFileHelpers: Loading map 'Jigsaw_03' took 0.470
[2017.12.06-12.27.34:431][366]LogTemp: Repeating last play command: Selected Viewport
[2017.12.06-12.27.34:729][366]LogBlueprintUserMessages: Early PlayInEditor Detection: Level '/Game/Maps/Jigsaw_03.Jigsaw_03:PersistentLevel' has LevelScriptBlueprint '/Game/Maps/Jigsaw_03.Jigsaw_03:PersistentLevel.Jigsaw_03' with GeneratedClass '/Game/Maps/Jigsaw_03.Jigsaw_03_C' with ClassGeneratedBy '/Game/Maps/Jigsaw_03.Jigsaw_03:PersistentLevel.Jigsaw_03'
[2017.12.06-12.27.34:729][366]LogPlayLevel: PlayLevel: No blueprints needed recompiling
[2017.12.06-12.27.34:731][366]PIE: New page: PIE session: Jigsaw_03 (6 Dec 2017 12:27:34)
[2017.12.06-12.27.34:732][366]LogPlayLevel: Creating play world package: /Game/Maps/UEDPIE_0_Jigsaw_03
[2017.12.06-12.27.34:739][366]LogPlayLevel: PIE: StaticDuplicateObject took: (0.007044s)
[2017.12.06-12.27.34:742][366]LogPlayLevel: PIE: World Init took: (0.001616s)
[2017.12.06-12.27.34:743][366]LogPlayLevel: PIE: Created PIE world by copying editor world from /Game/Maps/Jigsaw_03.Jigsaw_03 to /Game/Maps/UEDPIE_0_Jigsaw_03.Jigsaw_03 (0.010923s)
[2017.12.06-12.27.34:765][366]LogInit: XAudio2 using 'Speakers (Realtek High Definition Audio)' : 2 channels at 48 kHz using 32 bits per sample (channel mask 0x3)
[2017.12.06-12.27.34:798][366]LogInit: FAudioDevice initialized.
[2017.12.06-12.27.34:849][366]LogLoad: Game class is '2D_GameMode_C'
[2017.12.06-12.27.34:853][366]LogWorld: Bringing World /Game/Maps/UEDPIE_0_Jigsaw_03.Jigsaw_03 up for play (max tick rate 0) at 2017.12.06-12.27.34
[2017.12.06-12.27.34:855][366]LogWorld: Bringing up level for play took: 0.002599
[2017.12.06-12.27.34:971][366]LogContentBrowser: Native class hierarchy updated for 'MovieSceneCapture' in 0.0034 seconds. Added 11 classes and 0 folders.
[2017.12.06-12.27.34:978][366]PIE: Play in editor start time for /Game/Maps/UEDPIE_0_Jigsaw_03 0.056
[2017.12.06-12.27.34:978][366]LogBlueprintUserMessages: Late PlayInEditor Detection: Level '/Game/Maps/Jigsaw_03.Jigsaw_03:PersistentLevel' has LevelScriptBlueprint '/Game/Maps/Jigsaw_03.Jigsaw_03:PersistentLevel.Jigsaw_03' with GeneratedClass '/Game/Maps/Jigsaw_03.Jigsaw_03_C' with ClassGeneratedBy '/Game/Maps/Jigsaw_03.Jigsaw_03:PersistentLevel.Jigsaw_03'
[2017.12.06-12.27.37:704][623]LogBlueprintUserMessages: Early EndPlayMap Detection: Level '/Game/Maps/Jigsaw_03.Jigsaw_03:PersistentLevel' has LevelScriptBlueprint '/Game/Maps/Jigsaw_03.Jigsaw_03:PersistentLevel.Jigsaw_03' with GeneratedClass '/Game/Maps/Jigsaw_03.Jigsaw_03_C' with ClassGeneratedBy '/Game/Maps/Jigsaw_03.Jigsaw_03:PersistentLevel.Jigsaw_03'
[2017.12.06-12.27.37:749][623]LogBlueprintUserMessages: Late EndPlayMap Detection: Level '/Game/Maps/Jigsaw_03.Jigsaw_03:PersistentLevel' has LevelScriptBlueprint '/Game/Maps/Jigsaw_03.Jigsaw_03:PersistentLevel.Jigsaw_03' with GeneratedClass '/Game/Maps/Jigsaw_03.Jigsaw_03_C' with ClassGeneratedBy '/Game/Maps/Jigsaw_03.Jigsaw_03:PersistentLevel.Jigsaw_03'
[2017.12.06-12.27.58:516][248]LogContentBrowser: Native class hierarchy updated for 'BlueprintGraph' in 0.0035 seconds. Added 113 classes and 0 folders.
[2017.12.06-12.27.59:771][248]LogSlate: Took 0.000481 seconds to synchronously load lazily loaded font '../../../Engine/Content/Slate/Fonts/Roboto-Light.ttf' (159K)
[2017.12.06-12.27.59:774][248]LogSlate: Took 0.001795 seconds to synchronously load lazily loaded font '../../../Engine/Content/Editor/Slate/Fonts/Roboto-BoldCondensed.ttf' (158K)
[2017.12.06-12.28.24:670][704]LogSlate: Took 0.001914 seconds to synchronously load lazily loaded font '../../../Engine/Content/Editor/Slate/Fonts/Roboto-Italic.ttf' (157K)
[2017.12.06-12.29.12:596][  6]LogSlate: Took 0.001898 seconds to synchronously load lazily loaded font '../../../Engine/Content/Editor/Slate/Fonts/Roboto-BoldCondensedItalic.ttf' (160K)
[2017.12.06-12.31.30:426][927]LogEditorTransaction: Undo Move Node
[2017.12.06-12.32.57:508][ 82]BlueprintLog: New page: Compile ThirdPersonCharacter
[2017.12.06-12.33.03:180][276]LogTemp: Repeating last play command: Selected Viewport
[2017.12.06-12.33.03:276][276]LogBlueprintUserMessages: Early PlayInEditor Detection: Level '/Game/Maps/Jigsaw_03.Jigsaw_03:PersistentLevel' has LevelScriptBlueprint '/Game/Maps/Jigsaw_03.Jigsaw_03:PersistentLevel.Jigsaw_03' with GeneratedClass '/Game/Maps/Jigsaw_03.Jigsaw_03_C' with ClassGeneratedBy '/Game/Maps/Jigsaw_03.Jigsaw_03:PersistentLevel.Jigsaw_03'
[2017.12.06-12.33.03:276][276]LogPlayLevel: PlayLevel: No blueprints needed recompiling
[2017.12.06-12.33.03:276][276]PIE: New page: PIE session: Jigsaw_03 (6 Dec 2017 12:33:03)
[2017.12.06-12.33.03:277][276]LogPlayLevel: Creating play world package: /Game/Maps/UEDPIE_0_Jigsaw_03
[2017.12.06-12.33.03:284][276]LogPlayLevel: PIE: StaticDuplicateObject took: (0.006300s)
[2017.12.06-12.33.03:286][276]LogPlayLevel: PIE: World Init took: (0.002342s)
[2017.12.06-12.33.03:287][276]LogPlayLevel: PIE: Created PIE world by copying editor world from /Game/Maps/Jigsaw_03.Jigsaw_03 to /Game/Maps/UEDPIE_0_Jigsaw_03.Jigsaw_03 (0.009370s)
[2017.12.06-12.33.03:331][276]LogInit: XAudio2 using 'Speakers (Realtek High Definition Audio)' : 2 channels at 48 kHz using 32 bits per sample (channel mask 0x3)
[2017.12.06-12.33.03:372][276]LogInit: FAudioDevice initialized.
[2017.12.06-12.33.03:409][276]LogLoad: Game class is '2D_GameMode_C'
[2017.12.06-12.33.03:411][276]LogWorld: Bringing World /Game/Maps/UEDPIE_0_Jigsaw_03.Jigsaw_03 up for play (max tick rate 0) at 2017.12.06-12.33.03
[2017.12.06-12.33.03:412][276]LogWorld: Bringing up level for play took: 0.001642
[2017.12.06-12.33.03:415][276]PIE: Play in editor start time for /Game/Maps/UEDPIE_0_Jigsaw_03 0.492
[2017.12.06-12.33.03:415][276]LogBlueprintUserMessages: Late PlayInEditor Detection: Level '/Game/Maps/Jigsaw_03.Jigsaw_03:PersistentLevel' has LevelScriptBlueprint '/Game/Maps/Jigsaw_03.Jigsaw_03:PersistentLevel.Jigsaw_03' with GeneratedClass '/Game/Maps/Jigsaw_03.Jigsaw_03_C' with ClassGeneratedBy '/Game/Maps/Jigsaw_03.Jigsaw_03:PersistentLevel.Jigsaw_03'
[2017.12.06-12.33.05:388][429]LogBlueprintUserMessages: Early EndPlayMap Detection: Level '/Game/Maps/Jigsaw_03.Jigsaw_03:PersistentLevel' has LevelScriptBlueprint '/Game/Maps/Jigsaw_03.Jigsaw_03:PersistentLevel.Jigsaw_03' with GeneratedClass '/Game/Maps/Jigsaw_03.Jigsaw_03_C' with ClassGeneratedBy '/Game/Maps/Jigsaw_03.Jigsaw_03:PersistentLevel.Jigsaw_03'
[2017.12.06-12.33.05:425][429]LogBlueprintUserMessages: Late EndPlayMap Detection: Level '/Game/Maps/Jigsaw_03.Jigsaw_03:PersistentLevel' has LevelScriptBlueprint '/Game/Maps/Jigsaw_03.Jigsaw_03:PersistentLevel.Jigsaw_03' with GeneratedClass '/Game/Maps/Jigsaw_03.Jigsaw_03_C' with ClassGeneratedBy '/Game/Maps/Jigsaw_03.Jigsaw_03:PersistentLevel.Jigsaw_03'
[2017.12.06-12.33.35:033][ 29]LogTemp: Repeating last play command: Selected Viewport
[2017.12.06-12.33.35:103][ 29]LogBlueprintUserMessages: Early PlayInEditor Detection: Level '/Game/Maps/Jigsaw_03.Jigsaw_03:PersistentLevel' has LevelScriptBlueprint '/Game/Maps/Jigsaw_03.Jigsaw_03:PersistentLevel.Jigsaw_03' with GeneratedClass '/Game/Maps/Jigsaw_03.Jigsaw_03_C' with ClassGeneratedBy '/Game/Maps/Jigsaw_03.Jigsaw_03:PersistentLevel.Jigsaw_03'
[2017.12.06-12.33.35:103][ 29]LogPlayLevel: PlayLevel: No blueprints needed recompiling
[2017.12.06-12.33.35:103][ 29]PIE: New page: PIE session: Jigsaw_03 (6 Dec 2017 12:33:35)
[2017.12.06-12.33.35:104][ 29]LogPlayLevel: Creating play world package: /Game/Maps/UEDPIE_0_Jigsaw_03
[2017.12.06-12.33.35:109][ 29]LogPlayLevel: PIE: StaticDuplicateObject took: (0.004905s)
[2017.12.06-12.33.35:110][ 29]LogPlayLevel: PIE: World Init took: (0.000856s)
[2017.12.06-12.33.35:110][ 29]LogPlayLevel: PIE: Created PIE world by copying editor world from /Game/Maps/Jigsaw_03.Jigsaw_03 to /Game/Maps/UEDPIE_0_Jigsaw_03.Jigsaw_03 (0.006197s)
[2017.12.06-12.33.35:149][ 29]LogInit: XAudio2 using 'Speakers (Realtek High Definition Audio)' : 2 channels at 48 kHz using 32 bits per sample (channel mask 0x3)
[2017.12.06-12.33.35:187][ 29]LogInit: FAudioDevice initialized.
[2017.12.06-12.33.35:223][ 29]LogLoad: Game class is '2D_GameMode_C'
[2017.12.06-12.33.35:226][ 29]LogWorld: Bringing World /Game/Maps/UEDPIE_0_Jigsaw_03.Jigsaw_03 up for play (max tick rate 0) at 2017.12.06-12.33.35
[2017.12.06-12.33.35:226][ 29]LogWorld: Bringing up level for play took: 0.001766
[2017.12.06-12.33.35:230][ 29]PIE: Play in editor start time for /Game/Maps/UEDPIE_0_Jigsaw_03 0.308
[2017.12.06-12.33.35:231][ 29]LogBlueprintUserMessages: Late PlayInEditor Detection: Level '/Game/Maps/Jigsaw_03.Jigsaw_03:PersistentLevel' has LevelScriptBlueprint '/Game/Maps/Jigsaw_03.Jigsaw_03:PersistentLevel.Jigsaw_03' with GeneratedClass '/Game/Maps/Jigsaw_03.Jigsaw_03_C' with ClassGeneratedBy '/Game/Maps/Jigsaw_03.Jigsaw_03:PersistentLevel.Jigsaw_03'
[2017.12.06-12.33.46:073][512]LogBlueprintUserMessages: Early EndPlayMap Detection: Level '/Game/Maps/Jigsaw_03.Jigsaw_03:PersistentLevel' has LevelScriptBlueprint '/Game/Maps/Jigsaw_03.Jigsaw_03:PersistentLevel.Jigsaw_03' with GeneratedClass '/Game/Maps/Jigsaw_03.Jigsaw_03_C' with ClassGeneratedBy '/Game/Maps/Jigsaw_03.Jigsaw_03:PersistentLevel.Jigsaw_03'
[2017.12.06-12.33.46:137][512]LogBlueprintUserMessages: Late EndPlayMap Detection: Level '/Game/Maps/Jigsaw_03.Jigsaw_03:PersistentLevel' has LevelScriptBlueprint '/Game/Maps/Jigsaw_03.Jigsaw_03:PersistentLevel.Jigsaw_03' with GeneratedClass '/Game/Maps/Jigsaw_03.Jigsaw_03_C' with ClassGeneratedBy '/Game/Maps/Jigsaw_03.Jigsaw_03:PersistentLevel.Jigsaw_03'
[2017.12.06-12.33.47:600][564]LogTemp: Repeating last play command: Selected Viewport
[2017.12.06-12.33.47:677][564]LogBlueprintUserMessages: Early PlayInEditor Detection: Level '/Game/Maps/Jigsaw_03.Jigsaw_03:PersistentLevel' has LevelScriptBlueprint '/Game/Maps/Jigsaw_03.Jigsaw_03:PersistentLevel.Jigsaw_03' with GeneratedClass '/Game/Maps/Jigsaw_03.Jigsaw_03_C' with ClassGeneratedBy '/Game/Maps/Jigsaw_03.Jigsaw_03:PersistentLevel.Jigsaw_03'
[2017.12.06-12.33.47:677][564]LogPlayLevel: PlayLevel: No blueprints needed recompiling
[2017.12.06-12.33.47:677][564]PIE: New page: PIE session: Jigsaw_03 (6 Dec 2017 12:33:47)
[2017.12.06-12.33.47:679][564]LogPlayLevel: Creating play world package: /Game/Maps/UEDPIE_0_Jigsaw_03
[2017.12.06-12.33.47:684][564]LogPlayLevel: PIE: StaticDuplicateObject took: (0.005393s)
[2017.12.06-12.33.47:685][564]LogPlayLevel: PIE: World Init took: (0.000803s)
[2017.12.06-12.33.47:685][564]LogPlayLevel: PIE: Created PIE world by copying editor world from /Game/Maps/Jigsaw_03.Jigsaw_03 to /Game/Maps/UEDPIE_0_Jigsaw_03.Jigsaw_03 (0.006568s)
[2017.12.06-12.33.47:733][564]LogInit: XAudio2 using 'Speakers (Realtek High Definition Audio)' : 2 channels at 48 kHz using 32 bits per sample (channel mask 0x3)
[2017.12.06-12.33.47:772][564]LogInit: FAudioDevice initialized.
[2017.12.06-12.33.47:810][564]LogLoad: Game class is '2D_GameMode_C'
[2017.12.06-12.33.47:812][564]LogWorld: Bringing World /Game/Maps/UEDPIE_0_Jigsaw_03.Jigsaw_03 up for play (max tick rate 0) at 2017.12.06-12.33.47
[2017.12.06-12.33.47:813][564]LogWorld: Bringing up level for play took: 0.001659
[2017.12.06-12.33.47:816][564]PIE: Play in editor start time for /Game/Maps/UEDPIE_0_Jigsaw_03 0.893
[2017.12.06-12.33.47:816][564]LogBlueprintUserMessages: Late PlayInEditor Detection: Level '/Game/Maps/Jigsaw_03.Jigsaw_03:PersistentLevel' has LevelScriptBlueprint '/Game/Maps/Jigsaw_03.Jigsaw_03:PersistentLevel.Jigsaw_03' with GeneratedClass '/Game/Maps/Jigsaw_03.Jigsaw_03_C' with ClassGeneratedBy '/Game/Maps/Jigsaw_03.Jigsaw_03:PersistentLevel.Jigsaw_03'
[2017.12.06-12.34.10:777][957]LogBlueprintUserMessages: Early EndPlayMap Detection: Level '/Game/Maps/Jigsaw_03.Jigsaw_03:PersistentLevel' has LevelScriptBlueprint '/Game/Maps/Jigsaw_03.Jigsaw_03:PersistentLevel.Jigsaw_03' with GeneratedClass '/Game/Maps/Jigsaw_03.Jigsaw_03_C' with ClassGeneratedBy '/Game/Maps/Jigsaw_03.Jigsaw_03:PersistentLevel.Jigsaw_03'
[2017.12.06-12.34.10:814][957]LogBlueprintUserMessages: Late EndPlayMap Detection: Level '/Game/Maps/Jigsaw_03.Jigsaw_03:PersistentLevel' has LevelScriptBlueprint '/Game/Maps/Jigsaw_03.Jigsaw_03:PersistentLevel.Jigsaw_03' with GeneratedClass '/Game/Maps/Jigsaw_03.Jigsaw_03_C' with ClassGeneratedBy '/Game/Maps/Jigsaw_03.Jigsaw_03:PersistentLevel.Jigsaw_03'
[2017.12.06-12.34.14:539][108]BlueprintLog: New page: Compile ThirdPersonCharacter
[2017.12.06-12.34.23:298][412]LogTemp: Repeating last play command: Selected Viewport
[2017.12.06-12.34.23:405][412]LogBlueprintUserMessages: Early PlayInEditor Detection: Level '/Game/Maps/Jigsaw_03.Jigsaw_03:PersistentLevel' has LevelScriptBlueprint '/Game/Maps/Jigsaw_03.Jigsaw_03:PersistentLevel.Jigsaw_03' with GeneratedClass '/Game/Maps/Jigsaw_03.Jigsaw_03_C' with ClassGeneratedBy '/Game/Maps/Jigsaw_03.Jigsaw_03:PersistentLevel.Jigsaw_03'
[2017.12.06-12.34.23:406][412]BlueprintLog: New page: Pre-Play auto-recompile
[2017.12.06-12.34.23:495][412]LogPlayLevel: [PlayLevel] Compiling NPC_BP before play...
[2017.12.06-12.34.23:553][412]LogPlayLevel: [PlayLevel]   Compiling PositionSetCheckpoint_BP as a dependent...
[2017.12.06-12.34.23:562][412]LogPlayLevel: [PlayLevel]   Compiling PlayerHUD as a dependent...
[2017.12.06-12.34.23:574][412]LogPlayLevel: [PlayLevel]   Compiling 3D_Exploration_UI_BP as a dependent...
[2017.12.06-12.34.23:611][412]LogPlayLevel: [PlayLevel]   Compiling Jigsaw_Puzzle_02_Widget as a dependent...
[2017.12.06-12.34.23:694][412]LogPlayLevel: [PlayLevel]   Compiling Jigsaw_Puzzle_Widget as a dependent...
[2017.12.06-12.34.23:750][412]LogPlayLevel: [PlayLevel]   Compiling Jigsaw_Puzzle_Widget_3 as a dependent...
[2017.12.06-12.34.23:878][412]LogPlayLevel: [PlayLevel]   Compiling ThirdPersonCharacter as a dependent...
[2017.12.06-12.34.25:032][412]LogPlayLevel: PlayLevel: Blueprint regeneration took 1626 ms (8 blueprints)
[2017.12.06-12.34.25:032][412]PIE: New page: PIE session: Jigsaw_03 (6 Dec 2017 12:34:25)
[2017.12.06-12.34.25:034][412]LogPlayLevel: Creating play world package: /Game/Maps/UEDPIE_0_Jigsaw_03
[2017.12.06-12.34.25:043][412]LogPlayLevel: PIE: StaticDuplicateObject took: (0.009468s)
[2017.12.06-12.34.25:045][412]LogPlayLevel: PIE: World Init took: (0.001468s)
[2017.12.06-12.34.25:045][412]LogPlayLevel: PIE: Created PIE world by copying editor world from /Game/Maps/Jigsaw_03.Jigsaw_03 to /Game/Maps/UEDPIE_0_Jigsaw_03.Jigsaw_03 (0.011520s)
[2017.12.06-12.34.25:107][412]LogInit: XAudio2 using 'Speakers (Realtek High Definition Audio)' : 2 channels at 48 kHz using 32 bits per sample (channel mask 0x3)
[2017.12.06-12.34.25:158][412]LogInit: FAudioDevice initialized.
[2017.12.06-12.34.25:196][412]LogLoad: Game class is '2D_GameMode_C'
[2017.12.06-12.34.25:198][412]LogWorld: Bringing World /Game/Maps/UEDPIE_0_Jigsaw_03.Jigsaw_03 up for play (max tick rate 0) at 2017.12.06-12.34.25
[2017.12.06-12.34.25:198][412]LogWorld: Bringing up level for play took: 0.001662
[2017.12.06-12.34.25:212][412]PIE: Play in editor start time for /Game/Maps/UEDPIE_0_Jigsaw_03 2.289
[2017.12.06-12.34.25:212][412]LogBlueprintUserMessages: Late PlayInEditor Detection: Level '/Game/Maps/Jigsaw_03.Jigsaw_03:PersistentLevel' has LevelScriptBlueprint '/Game/Maps/Jigsaw_03.Jigsaw_03:PersistentLevel.Jigsaw_03' with GeneratedClass '/Game/Maps/Jigsaw_03.Jigsaw_03_C' with ClassGeneratedBy '/Game/Maps/Jigsaw_03.Jigsaw_03:PersistentLevel.Jigsaw_03'
[2017.12.06-12.34.57:708][197]LogNet: Browse: /Game/Maps/Puzzle_Island
[2017.12.06-12.34.57:709][197]LogLoad: LoadMap: /Game/Maps/Puzzle_Island
[2017.12.06-12.34.57:766][197]Cmd: MEM
[2017.12.06-12.34.57:822][197]LogMemory: Platform Memory Stats for Windows
[2017.12.06-12.34.57:823][197]LogMemory: Process Physical Memory: 1531.12 MB used, 1538.02 MB peak
[2017.12.06-12.34.57:823][197]LogMemory: Process Virtual Memory: 2337.69 MB used, 2548.67 MB peak
[2017.12.06-12.34.57:823][197]LogMemory: Physical Memory: 8538.52 MB used,  24145.90 MB free, 32684.42 MB total
[2017.12.06-12.34.57:823][197]LogMemory: Virtual Memory: 3293.18 MB used,  24145.90 MB free, 134217728.00 MB total
[2017.12.06-12.34.57:823][197]LogMemory: 
[2017.12.06-12.34.57:823][197]Allocator Stats for TBB: (not implemented)
[2017.12.06-12.35.00:490][197]LogAIModule: Creating AISystem for world Puzzle_Island
[2017.12.06-12.35.00:747][197]LogLoad: Game class is '3D_Exploration_GameMode_C'
[2017.12.06-12.35.00:839][197]LogWorld: Bringing World /Game/Maps/UEDPIE_0_Puzzle_Island.Puzzle_Island up for play (max tick rate 0) at 2017.12.06-12.35.00
[2017.12.06-12.35.00:852][197]LogWorld: Bringing up level for play took: 0.102980
[2017.12.06-12.35.00:857][197]LogLoad: Took 3.148361 seconds to LoadMap(/Game/Maps/Puzzle_Island)
[2017.12.06-12.35.07:179][378]LogBlueprintUserMessages: Early EndPlayMap Detection: Level '/Game/Maps/Jigsaw_03.Jigsaw_03:PersistentLevel' has LevelScriptBlueprint '/Game/Maps/Jigsaw_03.Jigsaw_03:PersistentLevel.Jigsaw_03' with GeneratedClass '/Game/Maps/Jigsaw_03.Jigsaw_03_C' with ClassGeneratedBy '/Game/Maps/Jigsaw_03.Jigsaw_03:PersistentLevel.Jigsaw_03'
[2017.12.06-12.35.07:232][378]LogBlueprintUserMessages: Late EndPlayMap Detection: Level '/Game/Maps/Jigsaw_03.Jigsaw_03:PersistentLevel' has LevelScriptBlueprint '/Game/Maps/Jigsaw_03.Jigsaw_03:PersistentLevel.Jigsaw_03' with GeneratedClass '/Game/Maps/Jigsaw_03.Jigsaw_03_C' with ClassGeneratedBy '/Game/Maps/Jigsaw_03.Jigsaw_03:PersistentLevel.Jigsaw_03'
[2017.12.06-12.36.46:988][601]Cmd: OBJ SAVEPACKAGE PACKAGE="/Game/Blueprints/ThirdPersonCharacter" FILE="D:/Education/Uniwersytet/Year3/VGD/Puzzle-Island-VGD/Puzzle_Island/Content/Blueprints/ThirdPersonCharacter.uasset" SILENT=true
[2017.12.06-12.36.47:778][601]LogSavePackage: Save=404.85ms
[2017.12.06-12.36.47:778][601]LogSavePackage: Moving 'D:/Education/Uniwersytet/Year3/VGD/Puzzle-Island-VGD/Puzzle_Island/Saved/ThirdPersonCharacterDD619BEB4B3632B6D0DA8F8ACFC3B321.tmp' to 'D:/Education/Uniwersytet/Year3/VGD/Puzzle-Island-VGD/Puzzle_Island/Content/Blueprints/ThirdPersonCharacter.uasset'
[2017.12.06-12.36.47:788][601]LogSavePackage: Display: Finished SavePackage D:/Education/Uniwersytet/Year3/VGD/Puzzle-Island-VGD/Puzzle_Island/Content/Blueprints/ThirdPersonCharacter.uasset
[2017.12.06-12.36.47:793][601]Cmd: MAP LOAD FILE="D:/Education/Uniwersytet/Year3/VGD/Puzzle-Island-VGD/Puzzle_Island/Content/Maps/Jigsaw_03.umap" TEMPLATE=0 SHOWPROGRESS=1 FEATURELEVEL=3
[2017.12.06-12.36.47:793][601]LightingResults: New page: Lighting Build
[2017.12.06-12.36.47:794][601]LoadErrors: New page: Loading map: Jigsaw_03.umap
[2017.12.06-12.36.47:795][601]MapCheck: New page: Map Check
[2017.12.06-12.36.47:795][601]LightingResults: New page: Lighting Build
[2017.12.06-12.36.48:230][601]LogEditorServer: Finished looking for orphan Actors (0.000 secs)
[2017.12.06-12.36.48:382][601]Cmd: MAP CHECKDEP NOCLEARLOG
[2017.12.06-12.36.48:563][601]MapCheck: Map check complete: 0 Error(s), 0 Warning(s), took 179.689ms to complete.
[2017.12.06-12.36.48:564][601]LogFileHelpers: Loading map 'Jigsaw_03' took 0.773
[2017.12.06-12.40.10:855][423]Cmd: OBJ SAVEPACKAGE PACKAGE="/Game/Blueprints/Jigsaw_Puzzle_Widget" FILE="D:/Education/Uniwersytet/Year3/VGD/Puzzle-Island-VGD/Puzzle_Island/Content/Blueprints/Jigsaw_Puzzle_Widget.uasset" SILENT=true
[2017.12.06-12.40.11:144][423]LogSavePackage: Save=277.23ms
[2017.12.06-12.40.11:144][423]LogSavePackage: Moving 'D:/Education/Uniwersytet/Year3/VGD/Puzzle-Island-VGD/Puzzle_Island/Saved/Jigsaw_Puzzle_WidgetE31F9B53474313EA05B0A994615DCDB8.tmp' to 'D:/Education/Uniwersytet/Year3/VGD/Puzzle-Island-VGD/Puzzle_Island/Content/Blueprints/Jigsaw_Puzzle_Widget.uasset'
[2017.12.06-12.40.11:154][423]LogSavePackage: Display: Finished SavePackage D:/Education/Uniwersytet/Year3/VGD/Puzzle-Island-VGD/Puzzle_Island/Content/Blueprints/Jigsaw_Puzzle_Widget.uasset
[2017.12.06-12.40.11:742][424]Cmd: QUIT_EDITOR
[2017.12.06-12.40.12:158][424]LogWindowsTextInputMethodSystem: Display: IME system now deactivated.
[2017.12.06-12.40.12:175][424]LogExit: Preparing to exit.
[2017.12.06-12.40.12:985][424]LogExit: Editor shut down
[2017.12.06-12.40.12:991][424]LogExit: Transaction tracking system shut down
[2017.12.06-12.40.13:727][424]LogFileManager: Warning: DeleteFile was unable to delete 'D:/Education/Uniwersytet/Year3/VGD/Puzzle-Island-VGD/Puzzle_Island/Intermediate/CachedAssetRegistry.bin', retrying in .5s...
[2017.12.06-12.40.13:727][424]LogFileManager: Warning: DeleteFile recovered during retry!
[2017.12.06-12.40.13:727][424]LogDirectoryWatcher: A directory notification for '../../../Engine/Content/' was aborted.
[2017.12.06-12.40.13:727][424]LogDirectoryWatcher: A directory notification for 'D:/Education/Uniwersytet/Year3/VGD/Puzzle-Island-VGD/Puzzle_Island/Content/' was aborted.
[2017.12.06-12.40.13:727][424]LogDirectoryWatcher: A directory notification for '../../../Engine/Plugins/2D/Paper2D/Content/' was aborted.
[2017.12.06-12.40.13:727][424]LogDirectoryWatcher: A directory notification for '../../../Engine/Plugins/Runtime/Oculus/OculusVR/Content/' was aborted.
[2017.12.06-12.40.13:727][424]LogDirectoryWatcher: A directory notification for '../../../Engine/Plugins/Runtime/Steam/SteamVR/Content/' was aborted.
[2017.12.06-12.40.13:930][424]LogExit: Object subsystem successfully closed.
[2017.12.06-12.40.13:958][424]LogD3D11RHI: Shutdown
[2017.12.06-12.40.13:958][424]LogD3D11RHI: CleanupD3DDevice
[2017.12.06-12.40.14:116][424]LogD3D11RHI: ~FD3D11DynamicRHI
[2017.12.06-12.40.14:193][424]LogModuleManager: Shutting down and abandoning module SequencerWidgets (540)
[2017.12.06-12.40.14:193][424]LogModuleManager: Shutting down and abandoning module BlueprintGraph (538)
[2017.12.06-12.40.14:193][424]LogModuleManager: Shutting down and abandoning module BlueprintProfiler (536)
[2017.12.06-12.40.14:194][424]LogModuleManager: Shutting down and abandoning module MovieSceneCapture (534)
[2017.12.06-12.40.14:194][424]LogModuleManager: Shutting down and abandoning module HierarchicalLODOutliner (532)
[2017.12.06-12.40.14:194][424]LogModuleManager: Shutting down and abandoning module SceneOutliner (530)
[2017.12.06-12.40.14:194][424]LogModuleManager: Shutting down and abandoning module AddContentDialog (528)
[2017.12.06-12.40.14:194][424]LogDirectoryWatcher: A directory notification for 'C:/Program Files/Epic Games/UE_4.17/FeaturePacks/' was aborted.
[2017.12.06-12.40.14:195][424]LogModuleManager: Shutting down and abandoning module WidgetCarousel (527)
[2017.12.06-12.40.14:196][424]LogModuleManager: Shutting down and abandoning module EditorWidgets (524)
[2017.12.06-12.40.14:196][424]LogModuleManager: Shutting down and abandoning module CollectionManager (522)
[2017.12.06-12.40.14:196][424]LogDirectoryWatcher: A directory notification for 'D:/Education/Uniwersytet/Year3/VGD/Puzzle-Island-VGD/Puzzle_Island/Content/Collections/' was aborted.
[2017.12.06-12.40.14:196][424]LogDirectoryWatcher: A directory notification for 'D:/Education/Uniwersytet/Year3/VGD/Puzzle-Island-VGD/Puzzle_Island/Content/Developers/Jakub/Collections/' was aborted.
[2017.12.06-12.40.14:196][424]LogDirectoryWatcher: A directory notification for 'D:/Education/Uniwersytet/Year3/VGD/Puzzle-Island-VGD/Puzzle_Island/Saved/Collections/' was aborted.
[2017.12.06-12.40.14:196][424]LogModuleManager: Shutting down and abandoning module StatsViewer (520)
[2017.12.06-12.40.14:196][424]LogModuleManager: Shutting down and abandoning module FoliageEdit (518)
[2017.12.06-12.40.14:196][424]LogModuleManager: Shutting down and abandoning module LandscapeEditor (516)
[2017.12.06-12.40.14:197][424]LogModuleManager: Shutting down and abandoning module MeshPaintMode (514)
[2017.12.06-12.40.14:197][424]LogModuleManager: Shutting down and abandoning module SceneDepthPickerMode (512)
[2017.12.06-12.40.14:197][424]LogModuleManager: Shutting down and abandoning module ActorPickerMode (510)
[2017.12.06-12.40.14:197][424]LogModuleManager: Shutting down and abandoning module GeometryMode (508)
[2017.12.06-12.40.14:197][424]LogModuleManager: Shutting down and abandoning module TextureAlignMode (506)
[2017.12.06-12.40.14:197][424]LogModuleManager: Shutting down and abandoning module BspMode (504)
[2017.12.06-12.40.14:197][424]LogModuleManager: Shutting down and abandoning module PIEPreviewDeviceProfileSelector (502)
[2017.12.06-12.40.14:197][424]LogModuleManager: Shutting down and abandoning module HardwareSurvey (500)
[2017.12.06-12.40.14:197][424]LogModuleManager: Shutting down and abandoning module SequenceRecorderSections (498)
[2017.12.06-12.40.14:197][424]LogModuleManager: Shutting down and abandoning module AutomationWorker (496)
[2017.12.06-12.40.14:197][424]LogModuleManager: Shutting down and abandoning module MatineeToLevelSequence (494)
[2017.12.06-12.40.14:197][424]LogModuleManager: Shutting down and abandoning module LevelSequenceEditor (492)
[2017.12.06-12.40.14:197][424]LogModuleManager: Shutting down and abandoning module PlacementMode (491)
[2017.12.06-12.40.14:197][424]LogModuleManager: Shutting down and abandoning module WmfMediaFactory (488)
[2017.12.06-12.40.14:198][424]LogModuleManager: Shutting down and abandoning module WmfMediaEditor (486)
[2017.12.06-12.40.14:198][424]LogModuleManager: Shutting down and abandoning module AvfMediaFactory (484)
[2017.12.06-12.40.14:198][424]LogModuleManager: Shutting down and abandoning module AvfMediaEditor (482)
[2017.12.06-12.40.14:198][424]LogModuleManager: Shutting down and abandoning module AndroidMediaFactory (480)
[2017.12.06-12.40.14:198][424]LogModuleManager: Shutting down and abandoning module Media (479)
[2017.12.06-12.40.14:198][424]LogModuleManager: Shutting down and abandoning module AndroidMediaEditor (476)
[2017.12.06-12.40.14:198][424]LogModuleManager: Shutting down and abandoning module CharacterAI (474)
[2017.12.06-12.40.14:198][424]LogModuleManager: Shutting down and abandoning module AudioCapture (472)
[2017.12.06-12.40.14:198][424]LogModuleManager: Shutting down and abandoning module SequenceRecorder (471)
[2017.12.06-12.40.14:198][424]LogModuleManager: Shutting down and abandoning module SmartSnapping (468)
[2017.12.06-12.40.14:198][424]LogModuleManager: Shutting down and abandoning module SessionServices (466)
[2017.12.06-12.40.14:198][424]LogModuleManager: Shutting down and abandoning module ViewportSnapping (464)
[2017.12.06-12.40.14:198][424]LogModuleManager: Shutting down and abandoning module ViewportInteraction (462)
[2017.12.06-12.40.14:198][424]LogModuleManager: Shutting down and abandoning module ClothPainter (460)
[2017.12.06-12.40.14:198][424]LogModuleManager: Shutting down and abandoning module LogVisualizer (458)
[2017.12.06-12.40.14:199][424]LogModuleManager: Shutting down and abandoning module IntroTutorials (456)
[2017.12.06-12.40.14:199][424]LogModuleManager: Shutting down and abandoning module GameProjectGeneration (455)
[2017.12.06-12.40.14:199][424]LogModuleManager: Shutting down and abandoning module IOSPlatformEditor (452)
[2017.12.06-12.40.14:199][424]LogModuleManager: Shutting down and abandoning module HTML5PlatformEditor (450)
[2017.12.06-12.40.14:199][424]LogModuleManager: Shutting down and abandoning module AndroidPlatformEditor (448)
[2017.12.06-12.40.14:199][424]LogModuleManager: Shutting down and abandoning module AndroidDeviceDetection (447)
[2017.12.06-12.40.14:390][424]LogModuleManager: Shutting down and abandoning module WindowsPlatformEditor (444)
[2017.12.06-12.40.14:390][424]LogModuleManager: Shutting down and abandoning module IOSRuntimeSettings (442)
[2017.12.06-12.40.14:390][424]LogModuleManager: Shutting down and abandoning module AndroidRuntimeSettings (440)
[2017.12.06-12.40.14:390][424]LogModuleManager: Shutting down and abandoning module InputBindingEditor (438)
[2017.12.06-12.40.14:396][424]LogModuleManager: Shutting down and abandoning module MergeActors (436)
[2017.12.06-12.40.14:397][424]LogModuleManager: Shutting down and abandoning module SizeMap (434)
[2017.12.06-12.40.14:397][424]LogModuleManager: Shutting down and abandoning module TreeMap (432)
[2017.12.06-12.40.14:397][424]LogModuleManager: Shutting down and abandoning module ReferenceViewer (430)
[2017.12.06-12.40.14:397][424]LogModuleManager: Shutting down and abandoning module LocalizationDashboard (428)
[2017.12.06-12.40.14:397][424]LogModuleManager: Shutting down and abandoning module LocalizationService (427)
[2017.12.06-12.40.14:397][424]LogModuleManager: Shutting down and abandoning module HardwareTargeting (424)
[2017.12.06-12.40.14:397][424]LogModuleManager: Shutting down and abandoning module DeviceProfileEditor (422)
[2017.12.06-12.40.14:397][424]LogModuleManager: Shutting down and abandoning module UndoHistory (420)
[2017.12.06-12.40.14:398][424]LogModuleManager: Shutting down and abandoning module XmlParser (418)
[2017.12.06-12.40.14:398][424]LogModuleManager: Shutting down and abandoning module Blutility (416)
[2017.12.06-12.40.14:398][424]LogModuleManager: Shutting down and abandoning module ProjectSettingsViewer (414)
[2017.12.06-12.40.14:398][424]LogModuleManager: Shutting down and abandoning module ProjectTargetPlatformEditor (413)
[2017.12.06-12.40.14:398][424]LogModuleManager: Shutting down and abandoning module EditorSettingsViewer (410)
[2017.12.06-12.40.14:398][424]LogModuleManager: Shutting down and abandoning module SettingsEditor (408)
[2017.12.06-12.40.14:398][424]LogModuleManager: Shutting down and abandoning module ProjectLauncher (406)
[2017.12.06-12.40.14:398][424]LogModuleManager: Shutting down and abandoning module SessionFrontend (404)
[2017.12.06-12.40.14:398][424]LogModuleManager: Shutting down and abandoning module ProfilerClient (402)
[2017.12.06-12.40.14:399][424]LogModuleManager: Shutting down and abandoning module DeviceManager (400)
[2017.12.06-12.40.14:399][424]LogModuleManager: Shutting down and abandoning module TargetDeviceServices (399)
[2017.12.06-12.40.14:452][424]LogModuleManager: Shutting down and abandoning module AutomationController (396)
[2017.12.06-12.40.14:452][424]LogModuleManager: Shutting down and abandoning module AutomationWindow (394)
[2017.12.06-12.40.14:454][424]LogModuleManager: Shutting down and abandoning module Layers (392)
[2017.12.06-12.40.14:455][424]LogModuleManager: Shutting down and abandoning module ComponentVisualizers (390)
[2017.12.06-12.40.14:455][424]LogModuleManager: Shutting down and abandoning module DetailCustomizations (388)
[2017.12.06-12.40.14:455][424]LogModuleManager: Shutting down and abandoning module PackagesDialog (386)
[2017.12.06-12.40.14:456][424]LogModuleManager: Shutting down and abandoning module Persona (384)
[2017.12.06-12.40.14:456][424]LogModuleManager: Shutting down and abandoning module AdvancedPreviewScene (383)
[2017.12.06-12.40.14:456][424]LogModuleManager: Shutting down and abandoning module AnimGraph (381)
[2017.12.06-12.40.14:457][424]LogModuleManager: Shutting down and abandoning module Kismet (378)
[2017.12.06-12.40.14:472][424]LogModuleManager: Shutting down and abandoning module ClassViewer (376)
[2017.12.06-12.40.14:473][424]LogModuleManager: Shutting down and abandoning module Toolbox (374)
[2017.12.06-12.40.14:473][424]LogModuleManager: Shutting down and abandoning module ModuleUI (372)
[2017.12.06-12.40.14:473][424]LogModuleManager: Shutting down and abandoning module MovieSceneTools (370)
[2017.12.06-12.40.14:474][424]LogModuleManager: Shutting down and abandoning module OutputLog (368)
[2017.12.06-12.40.14:474][424]LogModuleManager: Shutting down and abandoning module GammaUI (366)
[2017.12.06-12.40.14:474][424]LogModuleManager: Shutting down and abandoning module Documentation (364)
[2017.12.06-12.40.14:474][424]LogModuleManager: Shutting down and abandoning module MovieSceneTracks (362)
[2017.12.06-12.40.14:474][424]LogModuleManager: Shutting down and abandoning module MovieScene (360)
[2017.12.06-12.40.14:474][424]LogModuleManager: Shutting down and abandoning module Niagara (358)
[2017.12.06-12.40.14:474][424]LogModuleManager: Shutting down and abandoning module NiagaraEditor (357)
[2017.12.06-12.40.14:475][424]LogModuleManager: Shutting down and abandoning module StreamingPauseRendering (354)
[2017.12.06-12.40.14:475][424]LogModuleManager: Shutting down and abandoning module LauncherPlatform (352)
[2017.12.06-12.40.14:475][424]LogModuleManager: Shutting down and abandoning module AnalyticsET (350)
[2017.12.06-12.40.14:475][424]LogModuleManager: Shutting down and abandoning module PortalServices (348)
[2017.12.06-12.40.14:475][424]LogModuleManager: Shutting down and abandoning module PortalRpc (346)
[2017.12.06-12.40.14:475][424]LogModuleManager: Shutting down and abandoning module MessagingRpc (344)
[2017.12.06-12.40.14:475][424]LogModuleManager: Shutting down and abandoning module AIModule (342)
[2017.12.06-12.40.14:475][424]LogModuleManager: Shutting down and abandoning module GameplayDebugger (341)
[2017.12.06-12.40.14:475][424]LogModuleManager: Shutting down and abandoning module AITestSuite (339)
[2017.12.06-12.40.14:475][424]LogModuleManager: Shutting down and abandoning module ProfilerService (336)
[2017.12.06-12.40.14:702][424]LogModuleManager: Shutting down and abandoning module TaskGraph (334)
[2017.12.06-12.40.14:703][424]LogModuleManager: Shutting down and abandoning module SteamVRController (332)
[2017.12.06-12.40.14:703][424]LogModuleManager: Shutting down and abandoning module ProceduralMeshComponentEditor (330)
[2017.12.06-12.40.14:703][424]LogModuleManager: Shutting down and abandoning module ProceduralMeshComponent (328)
[2017.12.06-12.40.14:703][424]LogModuleManager: Shutting down and abandoning module OculusInput (326)
[2017.12.06-12.40.14:703][424]LogModuleManager: Shutting down and abandoning module MobilePatchingUtils (324)
[2017.12.06-12.40.14:703][424]LogModuleManager: Shutting down and abandoning module CustomMeshComponent (322)
[2017.12.06-12.40.14:703][424]LogModuleManager: Shutting down and abandoning module CableComponent (320)
[2017.12.06-12.40.14:703][424]LogModuleManager: Shutting down and abandoning module ArchVisCharacter (318)
[2017.12.06-12.40.14:703][424]LogModuleManager: Shutting down and abandoning module AndroidPermission (316)
[2017.12.06-12.40.14:703][424]LogModuleManager: Shutting down and abandoning module MediaPlayerEditor (312)
[2017.12.06-12.40.14:704][424]LogModuleManager: Shutting down and abandoning module HTML5Networking (310)
[2017.12.06-12.40.14:704][424]LogModuleManager: Shutting down and abandoning module AlembicImporter (308)
[2017.12.06-12.40.14:704][424]LogModuleManager: Shutting down and abandoning module AlembicLibrary (307)
[2017.12.06-12.40.14:704][424]LogModuleManager: Shutting down and abandoning module GeometryCache (306)
[2017.12.06-12.40.14:705][424]LogModuleManager: Shutting down and abandoning module GeometryCacheEd (305)
[2017.12.06-12.40.14:705][424]LogModuleManager: Shutting down and abandoning module SpeedTreeImporter (300)
[2017.12.06-12.40.14:705][424]LogModuleManager: Shutting down and abandoning module PluginBrowser (298)
[2017.12.06-12.40.14:705][424]LogModuleManager: Shutting down and abandoning module MobileLauncherProfileWizard (296)
[2017.12.06-12.40.14:705][424]LogModuleManager: Shutting down and abandoning module VisualStudioSourceCodeAccess (294)
[2017.12.06-12.40.14:706][424]LogModuleManager: Shutting down and abandoning module DesktopPlatform (293)
[2017.12.06-12.40.14:706][424]LogModuleManager: Shutting down and abandoning module UObjectPlugin (290)
[2017.12.06-12.40.14:706][424]LogModuleManager: Shutting down and abandoning module SubversionSourceControl (288)
[2017.12.06-12.40.14:706][424]LogModuleManager: Shutting down and abandoning module PerforceSourceControl (286)
[2017.12.06-12.40.14:706][424]LogModuleManager: Shutting down and abandoning module GitSourceControl (284)
[2017.12.06-12.40.14:706][424]LogModuleManager: Shutting down and abandoning module SourceControl (283)
[2017.12.06-12.40.14:706][424]LogModuleManager: Shutting down and abandoning module LightPropagationVolumeEditor (280)
[2017.12.06-12.40.14:706][424]LogModuleManager: Shutting down and abandoning module PaperTiledImporter (278)
[2017.12.06-12.40.14:706][424]LogModuleManager: Shutting down and abandoning module PaperSpriteSheetImporter (276)
[2017.12.06-12.40.14:706][424]LogModuleManager: Shutting down and abandoning module Paper2DEditor (274)
[2017.12.06-12.40.14:706][424]LogModuleManager: Shutting down and abandoning module MeshPaint (273)
[2017.12.06-12.40.14:706][424]LogModuleManager: Shutting down and abandoning module LevelEditor (271)
[2017.12.06-12.40.14:708][424]LogModuleManager: Shutting down and abandoning module PixelInspectorModule (270)
[2017.12.06-12.40.14:708][424]LogModuleManager: Shutting down and abandoning module MainFrame (268)
[2017.12.06-12.40.14:708][424]LogModuleManager: Shutting down and abandoning module HotReload (267)
[2017.12.06-12.40.14:708][424]LogDirectoryWatcher: A directory notification for 'D:/Education/Uniwersytet/Year3/VGD/Puzzle-Island-VGD/Puzzle_Island/Binaries/Win64' was aborted.
[2017.12.06-12.40.14:709][424]LogModuleManager: Shutting down and abandoning module Puzzle_Island (262)
[2017.12.06-12.40.14:709][424]LogModuleManager: Shutting down and abandoning module RuntimePhysXCooking (260)
[2017.12.06-12.40.14:709][424]LogModuleManager: Shutting down and abandoning module PhysXVehiclesEditor (258)
[2017.12.06-12.40.14:709][424]LogModuleManager: Shutting down and abandoning module PhysXVehicles (256)
[2017.12.06-12.40.14:709][424]LogModuleManager: Shutting down and abandoning module OculusEditor (254)
[2017.12.06-12.40.14:709][424]LogModuleManager: Shutting down and abandoning module LocationServicesBPLibrary (252)
[2017.12.06-12.40.14:709][424]LogModuleManager: Shutting down and abandoning module ImmediatePhysicsEditor (250)
[2017.12.06-12.40.14:709][424]LogModuleManager: Shutting down and abandoning module ImmediatePhysics (248)
[2017.12.06-12.40.14:709][424]LogModuleManager: Shutting down and abandoning module UdpMessaging (246)
[2017.12.06-12.40.14:810][424]LogModuleManager: Shutting down and abandoning module TcpMessaging (244)
[2017.12.06-12.40.14:911][424]LogModuleManager: Shutting down and abandoning module GameplayTagsEditor (242)
[2017.12.06-12.40.14:917][424]LogModuleManager: Shutting down and abandoning module FacialAnimationEditor (240)
[2017.12.06-12.40.14:917][424]LogModuleManager: Shutting down and abandoning module FacialAnimation (238)
[2017.12.06-12.40.14:917][424]LogModuleManager: Shutting down and abandoning module AssetManagerEditor (236)
[2017.12.06-12.40.14:917][424]LogModuleManager: Shutting down and abandoning module GraphEditor (235)
[2017.12.06-12.40.14:918][424]LogModuleManager: Shutting down and abandoning module ContentBrowser (233)
[2017.12.06-12.40.14:919][424]LogModuleManager: Shutting down and abandoning module LightPropagationVolumeRuntime (230)
[2017.12.06-12.40.14:920][424]LogModuleManager: Shutting down and abandoning module Paper2D (228)
[2017.12.06-12.40.14:920][424]LogModuleManager: Shutting down and abandoning module WindowsMoviePlayer (226)
[2017.12.06-12.40.14:920][424]LogModuleManager: Shutting down and abandoning module WmfMedia (224)
[2017.12.06-12.40.14:923][424]LogModuleManager: Shutting down and abandoning module PacketHandler (222)
[2017.12.06-12.40.14:923][424]LogModuleManager: Shutting down and abandoning module ClothingSystemEditor (220)
[2017.12.06-12.40.14:923][424]LogModuleManager: Shutting down and abandoning module ClothingSystemRuntime (218)
[2017.12.06-12.40.14:924][424]LogModuleManager: Shutting down and abandoning module Overlay (216)
[2017.12.06-12.40.14:924][424]LogModuleManager: Shutting down and abandoning module OverlayEditor (215)
[2017.12.06-12.40.14:924][424]LogModuleManager: Shutting down and abandoning module MediaAssets (212)
[2017.12.06-12.40.14:924][424]LogModuleManager: Shutting down and abandoning module VREditor (210)
[2017.12.06-12.40.14:924][424]LogModuleManager: Shutting down and abandoning module StringTableEditor (208)
[2017.12.06-12.40.14:924][424]LogModuleManager: Shutting down and abandoning module GameplayTasksEditor (206)
[2017.12.06-12.40.14:924][424]LogModuleManager: Shutting down and abandoning module BehaviorTreeEditor (204)
[2017.12.06-12.40.14:925][424]LogModuleManager: Shutting down and abandoning module FunctionalTesting (202)
[2017.12.06-12.40.14:925][424]LogModuleManager: Shutting down and abandoning module CollisionAnalyzer (200)
[2017.12.06-12.40.14:925][424]LogModuleManager: Shutting down and abandoning module WorkspaceMenuStructure (199)
[2017.12.06-12.40.14:925][424]LogModuleManager: Shutting down and abandoning module UMG (196)
[2017.12.06-12.40.14:925][424]LogModuleManager: Shutting down and abandoning module UMGEditor (195)
[2017.12.06-12.40.14:925][424]LogModuleManager: Shutting down and abandoning module Sequencer (194)
[2017.12.06-12.40.14:925][424]LogModuleManager: Shutting down and abandoning module MessageLog (191)
[2017.12.06-12.40.14:926][424]LogModuleManager: Shutting down and abandoning module SlateReflector (186)
[2017.12.06-12.40.14:926][424]LogModuleManager: Shutting down and abandoning module Slate (184)
[2017.12.06-12.40.14:926][424]LogModuleManager: Shutting down and abandoning module EditorStyle (182)
[2017.12.06-12.40.14:933][424]LogModuleManager: Shutting down and abandoning module MRMesh (180)
[2017.12.06-12.40.14:933][424]LogModuleManager: Shutting down and abandoning module SourceCodeAccess (178)
[2017.12.06-12.40.14:933][424]LogModuleManager: Shutting down and abandoning module HeadMountedDisplay (176)
[2017.12.06-12.40.14:933][424]LogModuleManager: Shutting down and abandoning module XAudio2 (174)
[2017.12.06-12.40.14:933][424]LogModuleManager: Shutting down and abandoning module Networking (172)
[2017.12.06-12.40.14:933][424]LogModuleManager: Shutting down and abandoning module Core (168)
[2017.12.06-12.40.14:933][424]LogModuleManager: Shutting down and abandoning module KismetCompiler (164)
[2017.12.06-12.40.14:933][424]LogModuleManager: Shutting down and abandoning module LevelSequence (162)
[2017.12.06-12.40.14:933][424]LogModuleManager: Shutting down and abandoning module MeshUtilities (160)
[2017.12.06-12.40.14:933][424]LogModuleManager: Shutting down and abandoning module MeshMergeUtilities (159)
[2017.12.06-12.40.14:934][424]LogModuleManager: Shutting down and abandoning module MeshReductionInterface (158)
[2017.12.06-12.40.14:934][424]LogModuleManager: Shutting down and abandoning module SimplygonSwarm (157)
[2017.12.06-12.40.14:935][424]LogModuleManager: Shutting down and abandoning module SimplygonMeshReduction (155)
[2017.12.06-12.40.14:935][424]LogModuleManager: Shutting down and abandoning module QuadricMeshReduction (153)
[2017.12.06-12.40.14:935][424]LogModuleManager: Shutting down and abandoning module MaterialBaking (149)
[2017.12.06-12.40.14:935][424]LogModuleManager: Shutting down and abandoning module DirectoryWatcher (146)
[2017.12.06-12.40.14:937][424]LogModuleManager: Shutting down and abandoning module DerivedDataCache (144)
[2017.12.06-12.40.14:953][424]LogDerivedDataCache: Shutdown
[2017.12.06-12.40.14:953][424]LogModuleManager: Shutting down and abandoning module TargetPlatform (142)
[2017.12.06-12.40.14:954][424]LogModuleManager: Shutting down and abandoning module VulkanShaderFormat (141)
[2017.12.06-12.40.14:954][424]LogModuleManager: Shutting down and abandoning module ShaderFormatVectorVM (139)
[2017.12.06-12.40.14:954][424]LogModuleManager: Shutting down and abandoning module ShaderFormatOpenGL (137)
[2017.12.06-12.40.14:955][424]LogModuleManager: Shutting down and abandoning module ShaderFormatD3D (135)
[2017.12.06-12.40.14:955][424]LogModuleManager: Shutting down and abandoning module MetalShaderFormat (133)
[2017.12.06-12.40.14:955][424]LogModuleManager: Shutting down and abandoning module TextureFormatUncompressed (131)
[2017.12.06-12.40.14:955][424]LogModuleManager: Shutting down and abandoning module TextureFormatPVR (129)
[2017.12.06-12.40.14:955][424]LogModuleManager: Shutting down and abandoning module TextureFormatDXT (127)
[2017.12.06-12.40.14:955][424]LogModuleManager: Shutting down and abandoning module TextureFormatIntelISPCTexComp (125)
[2017.12.06-12.40.14:955][424]LogModuleManager: Shutting down and abandoning module TextureFormatASTC (123)
[2017.12.06-12.40.14:956][424]LogModuleManager: Shutting down and abandoning module ImageWrapper (122)
[2017.12.06-12.40.14:956][424]LogModuleManager: Shutting down and abandoning module TextureFormatAndroid (119)
[2017.12.06-12.40.14:956][424]LogModuleManager: Shutting down and abandoning module AudioFormatOpus (117)
[2017.12.06-12.40.14:956][424]LogModuleManager: Shutting down and abandoning module AudioFormatOgg (115)
[2017.12.06-12.40.14:956][424]LogModuleManager: Shutting down and abandoning module AudioFormatADPCM (113)
[2017.12.06-12.40.14:956][424]LogModuleManager: Shutting down and abandoning module LinuxTargetPlatform (111)
[2017.12.06-12.40.14:956][424]LogModuleManager: Shutting down and abandoning module LinuxServerTargetPlatform (109)
[2017.12.06-12.40.14:956][424]LogModuleManager: Shutting down and abandoning module LinuxNoEditorTargetPlatform (107)
[2017.12.06-12.40.14:956][424]LogModuleManager: Shutting down and abandoning module LinuxClientTargetPlatform (105)
[2017.12.06-12.40.14:956][424]LogModuleManager: Shutting down and abandoning module TVOSTargetPlatform (103)
[2017.12.06-12.40.14:956][424]LogModuleManager: Shutting down and abandoning module Messaging (101)
[2017.12.06-12.40.14:956][424]LogModuleManager: Shutting down and abandoning module IOSTargetPlatform (99)
[2017.12.06-12.40.14:956][424]LogModuleManager: Shutting down and abandoning module HTML5TargetPlatform (97)
[2017.12.06-12.40.14:956][424]LogModuleManager: Shutting down and abandoning module Android_PVRTCTargetPlatform (95)
[2017.12.06-12.40.14:956][424]LogModuleManager: Shutting down and abandoning module Android_MultiTargetPlatform (93)
[2017.12.06-12.40.14:956][424]LogModuleManager: Shutting down and abandoning module Android_ETC2TargetPlatform (91)
[2017.12.06-12.40.14:956][424]LogModuleManager: Shutting down and abandoning module Android_ETC1TargetPlatform (89)
[2017.12.06-12.40.14:956][424]LogModuleManager: Shutting down and abandoning module Android_DXTTargetPlatform (87)
[2017.12.06-12.40.14:956][424]LogModuleManager: Shutting down and abandoning module Android_ATCTargetPlatform (85)
[2017.12.06-12.40.14:957][424]LogModuleManager: Shutting down and abandoning module Android_ASTCTargetPlatform (83)
[2017.12.06-12.40.14:957][424]LogModuleManager: Shutting down and abandoning module AndroidTargetPlatform (81)
[2017.12.06-12.40.14:957][424]LogModuleManager: Shutting down and abandoning module WindowsTargetPlatform (79)
[2017.12.06-12.40.14:957][424]LogModuleManager: Shutting down and abandoning module WindowsServerTargetPlatform (77)
[2017.12.06-12.40.14:957][424]LogModuleManager: Shutting down and abandoning module WindowsNoEditorTargetPlatform (75)
[2017.12.06-12.40.14:957][424]LogModuleManager: Shutting down and abandoning module WindowsClientTargetPlatform (73)
[2017.12.06-12.40.14:957][424]LogModuleManager: Shutting down and abandoning module MacTargetPlatform (71)
[2017.12.06-12.40.14:957][424]LogModuleManager: Shutting down and abandoning module MacServerTargetPlatform (69)
[2017.12.06-12.40.14:957][424]LogModuleManager: Shutting down and abandoning module MacNoEditorTargetPlatform (67)
[2017.12.06-12.40.14:957][424]LogModuleManager: Shutting down and abandoning module MacClientTargetPlatform (65)
[2017.12.06-12.40.14:957][424]LogModuleManager: Shutting down and abandoning module AllDesktopTargetPlatform (63)
[2017.12.06-12.40.14:957][424]LogModuleManager: Shutting down and abandoning module InputCore (60)
[2017.12.06-12.40.14:957][424]LogModuleManager: Shutting down and abandoning module Settings (58)
[2017.12.06-12.40.14:957][424]LogModuleManager: Shutting down and abandoning module PhysXCooking (56)
[2017.12.06-12.40.14:957][424]LogModuleManager: Shutting down and abandoning module SteamVR (54)
[2017.12.06-12.40.14:957][424]LogModuleManager: Shutting down and abandoning module OculusHMD (52)
[2017.12.06-12.40.14:957][424]LogModuleManager: Shutting down and abandoning module ExampleDeviceProfileSelector (50)
[2017.12.06-12.40.14:957][424]LogModuleManager: Shutting down and abandoning module OnlineBlueprintSupport (48)
[2017.12.06-12.40.14:957][424]LogModuleManager: Shutting down and abandoning module OnlineSubsystem (44)
[2017.12.06-12.40.14:957][424]LogOnline: Display: Unloading online subsystem: NULL
[2017.12.06-12.40.14:958][424]LogModuleManager: Shutting down and abandoning module XMPP (43)
[2017.12.06-12.40.14:959][424]LogModuleManager: Shutting down and abandoning module HTTP (41)
[2017.12.06-12.40.14:959][424]LogHttp: Display: Http module shutting down, but needs to wait on 1 outstanding Http requests:
[2017.12.06-12.40.14:959][424]LogHttp: Display: 	verb=[POST] url=[https://datarouter.ol.epicgames.com/datarouter/api/v1/public/data?SessionID=%7BBA6AC435-43B3-6BE9-8B16-548F0E12545E%7D&AppID=UEEditor.Rocket.Release&AppVersion=4.17.2-3658906%2B%2B%2BUE4%2BRelease-4.17&UserID=57c24bfd4a485b1cce38f19eb7f0e7b6%7C553ac523754045eea9b022c60cfc7b9e%7Cc86b4139-ad29-455a-bdfa-03c0a1a1d1d5&AppEnvironment=datacollector-binary&UploadType=eteventstream] status=Processing
[2017.12.06-12.40.14:991][424]LogModuleManager: Shutting down and abandoning module SSL (40)
[2017.12.06-12.40.14:994][424]LogModuleManager: Shutting down and abandoning module AnimationModifiers (36)
[2017.12.06-12.40.14:994][424]LogModuleManager: Shutting down and abandoning module PropertyEditor (35)
[2017.12.06-12.40.14:994][424]LogModuleManager: Shutting down and abandoning module AudioEditor (32)
[2017.12.06-12.40.14:995][424]LogModuleManager: Shutting down and abandoning module TextureCompressor (30)
[2017.12.06-12.40.14:995][424]LogModuleManager: Shutting down and abandoning module ShaderCore (28)
[2017.12.06-12.40.14:995][424]LogModuleManager: Shutting down and abandoning module Landscape (26)
[2017.12.06-12.40.14:995][424]LogModuleManager: Shutting down and abandoning module SlateRHIRenderer (24)
[2017.12.06-12.40.14:997][424]LogModuleManager: Shutting down and abandoning module OpenGLDrv (22)
[2017.12.06-12.40.14:998][424]LogModuleManager: Shutting down and abandoning module D3D11RHI (20)
[2017.12.06-12.40.14:998][424]LogModuleManager: Shutting down and abandoning module AnimGraphRuntime (18)
[2017.12.06-12.40.14:998][424]LogModuleManager: Shutting down and abandoning module Renderer (16)
[2017.12.06-12.40.14:998][424]LogModuleManager: Shutting down and abandoning module Engine (14)
[2017.12.06-12.40.14:998][424]LogModuleManager: Shutting down and abandoning module CoreUObject (12)
[2017.12.06-12.40.14:998][424]LogModuleManager: Shutting down and abandoning module NetworkFile (10)
[2017.12.06-12.40.14:998][424]LogModuleManager: Shutting down and abandoning module CookedIterativeFile (8)
[2017.12.06-12.40.14:998][424]LogModuleManager: Shutting down and abandoning module StreamingFile (6)
[2017.12.06-12.40.14:998][424]LogModuleManager: Shutting down and abandoning module SandboxFile (4)
[2017.12.06-12.40.14:998][424]LogModuleManager: Shutting down and abandoning module PakFile (2)
[2017.12.06-12.40.15:004][424]LogExit: Exiting.
[2017.12.06-12.40.15:093][424]Log file closed, 12/06/17 12:40:15
