Log file open, 11/19/17 11:29:15
LogWindows: Failed to load 'aqProf.dll' (GetLastError=126)
LogWindows: File 'aqProf.dll' does not exist
LogWindows: Failed to load 'VtuneApi.dll' (GetLastError=126)
LogWindows: File 'VtuneApi.dll' does not exist
LogWindows: Failed to load 'VtuneApi32e.dll' (GetLastError=126)
LogWindows: File 'VtuneApi32e.dll' does not exist
LogInit: Display: Running engine for game: Puzzle_Island
LogPlatformFile: Not using cached read wrapper
LogInit: Display: RandInit(-2048308158) SRandInit(-2048308158).
LogTaskGraph: Started task graph with 5 named threads and 14 total threads with 3 sets of task threads.
LogStats: Stats thread started at 0.197345
LogD3D11RHI: Aftermath initialized
LogPluginManager: Mounting plugin Paper2D
LogPluginManager: Mounting plugin LightPropagationVolume
LogPluginManager: Mounting plugin CodeLiteSourceCodeAccess
LogPluginManager: Mounting plugin GitSourceControl
LogPluginManager: Mounting plugin KDevelopSourceCodeAccess
LogPluginManager: Mounting plugin NullSourceCodeAccess
LogPluginManager: Mounting plugin PerforceSourceControl
LogPluginManager: Mounting plugin SubversionSourceControl
LogPluginManager: Mounting plugin UObjectPlugin
LogPluginManager: Mounting plugin VisualStudioSourceCodeAccess
LogPluginManager: Mounting plugin XCodeSourceCodeAccess
LogPluginManager: Mounting plugin AssetManagerEditor
LogPluginManager: Mounting plugin AudioCapture
LogPluginManager: Mounting plugin FacialAnimation
LogPluginManager: Mounting plugin GameplayTagsEditor
LogPluginManager: Mounting plugin MobileLauncherProfileWizard
LogPluginManager: Mounting plugin PluginBrowser
LogPluginManager: Mounting plugin SpeedTreeImporter
LogPluginManager: Mounting plugin AlembicImporter
LogPluginManager: Mounting plugin CharacterAI
LogPluginManager: Mounting plugin HTML5Networking
LogPluginManager: Mounting plugin AndroidMedia
LogPluginManager: Mounting plugin AvfMedia
LogPluginManager: Mounting plugin MediaPlayerEditor
LogPluginManager: Mounting plugin WmfMedia
LogPluginManager: Mounting plugin TcpMessaging
LogPluginManager: Mounting plugin UdpMessaging
LogPluginManager: Mounting plugin LevelSequenceEditor
LogPluginManager: Mounting plugin MatineeToLevelSequence
LogPluginManager: Mounting plugin OnlineSubsystemGooglePlay
LogPluginManager: Mounting plugin OnlineSubsystemIOS
LogPluginManager: Mounting plugin OnlineSubsystem
LogPluginManager: Mounting plugin OnlineSubsystemNull
LogPluginManager: Mounting plugin OnlineSubsystemUtils
LogPluginManager: Mounting plugin AndroidDeviceProfileSelector
LogPluginManager: Mounting plugin AndroidMoviePlayer
LogPluginManager: Mounting plugin AndroidPermission
LogPluginManager: Mounting plugin AppleMoviePlayer
LogPluginManager: Mounting plugin ArchVisCharacter
LogPluginManager: Mounting plugin CableComponent
LogPluginManager: Mounting plugin CustomMeshComponent
LogPluginManager: Mounting plugin ExampleDeviceProfileSelector
LogPluginManager: Mounting plugin GoogleCloudMessaging
LogPluginManager: Mounting plugin ImmediatePhysics
LogPluginManager: Mounting plugin IOSDeviceProfileSelector
LogPluginManager: Mounting plugin LinuxDeviceProfileSelector
LogPluginManager: Mounting plugin LocationServicesBPLibrary
LogPluginManager: Mounting plugin MobilePatchingUtils
LogPluginManager: Mounting plugin OculusVR
LogPluginManager: Mounting plugin PhysXVehicles
LogPluginManager: Mounting plugin ProceduralMeshComponent
LogPluginManager: Mounting plugin RuntimePhysXCooking
LogPluginManager: Mounting plugin SteamVR
LogPluginManager: Mounting plugin WindowsMoviePlayer
LogInit: Using libcurl 7.47.1
LogInit:  - built for x86_64-pc-win32
LogInit:  - supports SSL with OpenSSL/1.0.2g
LogInit:  - supports HTTP deflate (compression) using libz 1.2.8
LogInit:  - other features:
LogInit:      CURL_VERSION_SSL
LogInit:      CURL_VERSION_LIBZ
LogInit:      CURL_VERSION_IPV6
LogInit:      CURL_VERSION_ASYNCHDNS
LogInit:      CURL_VERSION_LARGEFILE
LogInit:      CURL_VERSION_IDN
LogInit:  CurlRequestOptions (configurable via config and command line):
LogInit:  - bVerifyPeer = false  - Libcurl will NOT verify peer certificate
LogInit:  - bUseHttpProxy = false  - Libcurl will NOT use HTTP proxy
LogInit:  - bDontReuseConnections = false  - Libcurl will reuse connections
LogInit:  - CertBundlePath = nullptr  - Libcurl will use whatever was configured at build time.
LogInit: Build: ++UE4+Release-4.17-CL-3658906
LogInit: Engine Version: 4.17.2-3658906+++UE4+Release-4.17
LogInit: Compatible Engine Version: 4.17.0-3573198+++UE4+Release-4.17
LogInit: Net CL: 3573198
LogDevObjectVersion: Number of dev versions registered: 16
LogDevObjectVersion:   Dev-Blueprints (B0D832E4-1F89-4F0D-ACCF-7EB736FD4AA2): 10
LogDevObjectVersion:   Dev-Build (E1C64328-A22C-4D53-A36C-8E866417BD8C): 0
LogDevObjectVersion:   Dev-Core (375EC13C-06E4-48FB-B500-84F0262A717E): 2
LogDevObjectVersion:   Dev-Editor (E4B068ED-F494-42E9-A231-DA0B2E46BB41): 20
LogDevObjectVersion:   Dev-Framework (CFFC743F-43B0-4480-9391-14DF171D2073): 28
LogDevObjectVersion:   Dev-Mobile (B02B49B5-BB20-44E9-A304-32B752E40360): 0
LogDevObjectVersion:   Dev-Networking (A4E4105C-59A1-49B5-A7C5-40C4547EDFEE): 0
LogDevObjectVersion:   Dev-Online (39C831C9-5AE6-47DC-9A44-9C173E1C8E7C): 0
LogDevObjectVersion:   Dev-Physics (78F01B33-EBEA-4F98-B9B4-84EACCB95AA2): 0
LogDevObjectVersion:   Dev-Platform (6631380F-2D4D-43E0-8009-CF276956A95A): 0
LogDevObjectVersion:   Dev-Rendering (12F88B9F-8875-4AFC-A67C-D90C383ABD29): 19
LogDevObjectVersion:   Dev-Sequencer (7B5AE74C-D270-4C10-A958-57980B212A5A): 4
LogDevObjectVersion:   Dev-VR (D7296918-1DD6-4BDD-9DE2-64A83CC13884): 0
LogDevObjectVersion:   Dev-LoadTimes (C2A15278-BFE7-4AFE-6C17-90FF531DF755): 1
LogDevObjectVersion:   Private-Geometry (6EACA3D4-40EC-4CC1-B786-8BED09428FC5): 1
LogDevObjectVersion:   Dev-AnimPhys (29E575DD-E0A3-4627-9D10-D276232CDCEA): 7
LogInit: Compiled (64-bit): Sep 22 2017 13:47:16
LogInit: Compiled with Visual C++: 19.00.24215.01
LogInit: Build Configuration: Development
LogInit: Branch Name: ++UE4+Release-4.17
LogInit: Command line: -EpicPortal 
LogInit: Base directory: C:/Program Files/Epic Games/UE_4.17/Engine/Binaries/Win64/
LogInit: Installed Engine Build: 1
LogInit: Presizing for max 8388607 objects, including 0 objects not considered by GC, pre-allocating 0 bytes for permanent pool.
LogInit: Object subsystem initialized
[2017.11.19-11.29.17:022][  0]LogInit: Selected Device Profile: [Windows]
[2017.11.19-11.29.17:022][  0]LogInit: Applying CVar settings loaded from the selected device profile: [Windows]
[2017.11.19-11.29.17:034][  0]LogInit: Computer: JAKUBSIEWNIAK
[2017.11.19-11.29.17:034][  0]LogInit: User: Jakub
[2017.11.19-11.29.17:034][  0]LogInit: CPU Page size=4096, Cores=4
[2017.11.19-11.29.17:034][  0]LogInit: High frequency timer resolution =2.435768 MHz
[2017.11.19-11.29.17:035][  0]LogMemory: Memory total: Physical=31.9GB (32GB approx)
[2017.11.19-11.29.17:035][  0]LogMemory: Platform Memory Stats for Windows
[2017.11.19-11.29.17:035][  0]LogMemory: Process Physical Memory: 279.42 MB used, 279.42 MB peak
[2017.11.19-11.29.17:035][  0]LogMemory: Process Virtual Memory: 282.39 MB used, 282.39 MB peak
[2017.11.19-11.29.17:035][  0]LogMemory: Physical Memory: 7883.93 MB used,  24800.49 MB free, 32684.42 MB total
[2017.11.19-11.29.17:035][  0]LogMemory: Virtual Memory: 667.70 MB used,  24800.49 MB free, 134217728.00 MB total
[2017.11.19-11.29.17:298][  0]LogInit: Using OS detected language (en-GB).
[2017.11.19-11.29.17:298][  0]LogInit: Using OS detected locale (en-GB).
[2017.11.19-11.29.17:304][  0]LogTextLocalizationManager: No specific localization for 'en-GB' exists, so the 'en' localization will be used.
[2017.11.19-11.29.18:563][  0]LogD3D11RHI: D3D11 adapters:
[2017.11.19-11.29.18:639][  0]LogD3D11RHI:    0. 'NVIDIA GeForce GTX 880M' (Feature Level 11_0)
[2017.11.19-11.29.18:639][  0]LogD3D11RHI:       8154/0/16342 MB DedicatedVideo/DedicatedSystem/SharedSystem, Outputs:1, VendorId:0x10de
[2017.11.19-11.29.18:646][  0]LogD3D11RHI:    1. 'Intel(R) HD Graphics 4600' (Feature Level 11_0)
[2017.11.19-11.29.18:646][  0]LogD3D11RHI:       112/0/2048 MB DedicatedVideo/DedicatedSystem/SharedSystem, Outputs:0, VendorId:0x8086
[2017.11.19-11.29.18:648][  0]LogD3D11RHI:    2. 'Microsoft Basic Render Driver' (Feature Level 11_0)
[2017.11.19-11.29.18:648][  0]LogD3D11RHI:       0/0/16342 MB DedicatedVideo/DedicatedSystem/SharedSystem, Outputs:0, VendorId:0x1414
[2017.11.19-11.29.18:648][  0]LogD3D11RHI: Chosen D3D11 Adapter: 0
[2017.11.19-11.29.18:656][  0]LogD3D11RHI: Creating new Direct3DDevice
[2017.11.19-11.29.18:656][  0]LogD3D11RHI:     GPU DeviceId: 0x1198 (for the marketing name, search the web for "GPU Device Id")
[2017.11.19-11.29.18:656][  0]LogWindows: EnumDisplayDevices:
[2017.11.19-11.29.18:657][  0]LogWindows:    0. 'Intel(R) HD Graphics 4600' (P:1 D:1)
[2017.11.19-11.29.18:657][  0]LogWindows:    1. 'Intel(R) HD Graphics 4600' (P:0 D:0)
[2017.11.19-11.29.18:657][  0]LogWindows:    2. 'Intel(R) HD Graphics 4600' (P:0 D:0)
[2017.11.19-11.29.18:658][  0]LogWindows: DebugString: PrimaryIsNotTheChoosenAdapter PrimaryIsNotTheChoosenAdapter PrimaryIsNotTheChoosenAdapter FoundDriverCount:0 
[2017.11.19-11.29.18:658][  0]LogD3D11RHI:     Adapter Name: NVIDIA GeForce GTX 880M
[2017.11.19-11.29.18:658][  0]LogD3D11RHI:   Driver Version: Unknown (internal:Unknown, unified:Unknown)
[2017.11.19-11.29.18:658][  0]LogD3D11RHI:      Driver Date: Unknown
[2017.11.19-11.29.18:658][  0]LogRHI: Texture pool is 1361 MB (70% of 1945 MB)
[2017.11.19-11.29.18:709][  0]LogD3D11RHI: Async texture creation enabled
[2017.11.19-11.29.18:728][  0]LogD3D11RHI: GPU Timing Frequency: 1000.000000 (Debug: 2 2)
[2017.11.19-11.29.18:729][  0]LogShaderCompilers: Guid format shader working directory is -21 characters bigger than the processId version (D:/Education/Uniwersytet/Year3/VGD/Puzzle-Island-VGD/Puzzle_Island/Intermediate/Shaders/WorkingDirectory/12120/).
[2017.11.19-11.29.18:729][  0]LogShaderCompilers: Cleaned the shader compiler working directory 'C:/Users/Jakub/AppData/Local/Temp/UnrealShaderWorkingDir/B38C14024406DF782A88F08CE53A0020/'.
[2017.11.19-11.29.18:729][  0]LogShaderCompilers: Display: Using Local Shader Compiler.
[2017.11.19-11.29.20:334][  0]LogTemp: Display: Loaded TP AllDesktopTargetPlatform
[2017.11.19-11.29.20:434][  0]LogTemp: Display: Loaded TP MacClientTargetPlatform
[2017.11.19-11.29.20:538][  0]LogTemp: Display: Loaded TP MacNoEditorTargetPlatform
[2017.11.19-11.29.20:635][  0]LogTemp: Display: Loaded TP MacServerTargetPlatform
[2017.11.19-11.29.20:723][  0]LogTemp: Display: Loaded TP MacTargetPlatform
[2017.11.19-11.29.20:810][  0]LogTemp: Display: Loaded TP WindowsClientTargetPlatform
[2017.11.19-11.29.20:901][  0]LogTemp: Display: Loaded TP WindowsNoEditorTargetPlatform
[2017.11.19-11.29.20:996][  0]LogTemp: Display: Loaded TP WindowsServerTargetPlatform
[2017.11.19-11.29.21:078][  0]LogTemp: Display: Loaded TP WindowsTargetPlatform
[2017.11.19-11.29.21:164][  0]LogTemp: Display: Loaded TP AndroidTargetPlatform
[2017.11.19-11.29.21:246][  0]LogTemp: Display: Loaded TP Android_ASTCTargetPlatform
[2017.11.19-11.29.21:333][  0]LogTemp: Display: Loaded TP Android_ATCTargetPlatform
[2017.11.19-11.29.21:415][  0]LogTemp: Display: Loaded TP Android_DXTTargetPlatform
[2017.11.19-11.29.21:510][  0]LogTemp: Display: Loaded TP Android_ETC1TargetPlatform
[2017.11.19-11.29.21:600][  0]LogTemp: Display: Loaded TP Android_ETC2TargetPlatform
[2017.11.19-11.29.21:792][  0]LogTemp: Display: Loaded TP Android_MultiTargetPlatform
[2017.11.19-11.29.21:792][  0]LogTemp: Display: Loaded TP Android_PVRTCTargetPlatform
[2017.11.19-11.29.21:880][  0]LogTemp: Display: Loaded TP HTML5TargetPlatform
[2017.11.19-11.29.22:033][  0]LogTemp: Display: Loaded TP IOSTargetPlatform
[2017.11.19-11.29.22:080][  0]LogTemp: Display: Loaded TP TVOSTargetPlatform
[2017.11.19-11.29.22:171][  0]LogTemp: Display: Loaded TP LinuxClientTargetPlatform
[2017.11.19-11.29.22:249][  0]LogTemp: Display: Loaded TP LinuxNoEditorTargetPlatform
[2017.11.19-11.29.22:349][  0]LogTemp: Display: Loaded TP LinuxServerTargetPlatform
[2017.11.19-11.29.22:432][  0]LogTemp: Display: Loaded TP LinuxTargetPlatform
[2017.11.19-11.29.22:432][  0]LogTargetPlatformManager: Display: Building Assets For Windows
[2017.11.19-11.29.23:306][  0]LogDerivedDataCache: Display: Max Cache Size: 512 MB
[2017.11.19-11.29.23:431][  0]LogDerivedDataCache: Loaded boot cache 0.12s 93MB C:/Users/Jakub/AppData/Local/UnrealEngine/4.17/DerivedDataCache/Boot.ddc.
[2017.11.19-11.29.23:431][  0]LogDerivedDataCache: Display: Loaded Boot cache: C:/Users/Jakub/AppData/Local/UnrealEngine/4.17/DerivedDataCache/Boot.ddc
[2017.11.19-11.29.23:431][  0]LogDerivedDataCache: FDerivedDataBackendGraph:  Pak pak cache file D:/Education/Uniwersytet/Year3/VGD/Puzzle-Island-VGD/Puzzle_Island/DerivedDataCache/DDC.ddp not found, will not use a pak cache.
[2017.11.19-11.29.23:431][  0]LogDerivedDataCache: Unable to find inner node Pak for hierarchical cache Hierarchy.
[2017.11.19-11.29.23:431][  0]LogDerivedDataCache: FDerivedDataBackendGraph:  CompressedPak pak cache file D:/Education/Uniwersytet/Year3/VGD/Puzzle-Island-VGD/Puzzle_Island/DerivedDataCache/Compressed.ddp not found, will not use a pak cache.
[2017.11.19-11.29.23:431][  0]LogDerivedDataCache: Unable to find inner node CompressedPak for hierarchical cache Hierarchy.
[2017.11.19-11.29.23:453][  0]LogDerivedDataCache: Display: Pak cache opened for reading ../../../Engine/DerivedDataCache/Compressed.ddp.
[2017.11.19-11.29.23:467][  0]LogDerivedDataCache: Using Local data cache path C:/Users/Jakub/AppData/Local/UnrealEngine/Common/DerivedDataCache: Writable
[2017.11.19-11.29.23:484][  0]LogMaterial: Verifying Global Shaders for PCD3D_SM5
[2017.11.19-11.29.23:484][  0]LogSlate: Using Freetype 2.6.0
[2017.11.19-11.29.23:485][  0]LogSlate: SlateFontCache - WITH_FREETYPE: 1, WITH_HARFBUZZ: 1
[2017.11.19-11.29.23:485][  0]LogSlate: SlateFontCache - WITH_FREETYPE: 1, WITH_HARFBUZZ: 1
[2017.11.19-11.29.23:901][  0]LogAssetRegistry: FAssetRegistry took 0.0278 seconds to start up
[2017.11.19-11.29.24:118][  0]LogInit: Selected Device Profile: [Windows]
[2017.11.19-11.29.24:385][  0]LogContentStreaming: Texture pool size is 0.00 MB
[2017.11.19-11.29.24:940][  0]LogSimplygon: Simplygon DLL not present - disabling.
[2017.11.19-11.29.25:020][  0]LogMeshReduction: Using SimplygonSwarm for distributed automatic mesh merging
[2017.11.19-11.29.25:020][  0]LogMeshReduction: Using QuadricMeshReduction for automatic static mesh reduction
[2017.11.19-11.29.25:020][  0]LogMeshReduction: No automatic skeletal mesh reduction module available
[2017.11.19-11.29.25:020][  0]LogMeshReduction: No automatic mesh merging module available
[2017.11.19-11.29.25:020][  0]LogMeshMerging: No automatic mesh merging module available
[2017.11.19-11.29.25:605][  0]LogNetVersion: Puzzle_Island , NetCL: 3573198, EngineNetVer: 2, GameNetVer: 0 (Checksum: 3939646741)
[2017.11.19-11.29.25:984][  0]LogPackageLocalizationCache: Processed 5 localized package path(s) for 2 prioritized culture(s) in 0.086606 seconds
[2017.11.19-11.29.25:993][  0]LogUObjectArray: 35825 objects as part of root set at end of initial load.
[2017.11.19-11.29.25:993][  0]LogUObjectAllocator: 7529104 out of 0 bytes used by permanent object pool.
[2017.11.19-11.29.25:993][  0]LogUObjectArray: CloseDisregardForGC: 0/0 objects in disregard for GC pool
[2017.11.19-11.29.26:105][  0]LogInit: WinSock: version 1.1 (2.2), MaxSocks=32767, MaxUdp=65467
[2017.11.19-11.29.30:692][  0]LogTcpMessaging: Initializing TcpMessaging bridge
[2017.11.19-11.29.30:759][  0]LogUdpMessaging: Initializing bridge on interface 0.0.0.0:0 to multicast group 230.0.0.1:6666.
[2017.11.19-11.29.32:274][  0]LogMaterial: Uniform references updated for custom material expression Custom.
[2017.11.19-11.29.32:988][  0]SourceControl: Source control is disabled
[2017.11.19-11.29.32:988][  0]SourceControl: Source control is disabled
[2017.11.19-11.29.33:065][  0]SourceControl: Source control is disabled
[2017.11.19-11.29.33:161][  0]SourceControl: Source control is disabled
[2017.11.19-11.29.34:212][  0]LogAndroidPermission: UAndroidPermissionCallbackProxy::GetInstance
[2017.11.19-11.29.34:686][  0]LogOcInput: OculusInput pre-init called
[2017.11.19-11.29.35:196][  0]LogEngine: Initializing Engine...
[2017.11.19-11.29.35:200][  0]LogHMD: Failed to initialize OpenVR with code 110
[2017.11.19-11.29.35:576][  0]LogStats: UGameplayTagsManager::ConstructGameplayTagTree: Construct from data asset -  0.000 s
[2017.11.19-11.29.35:576][  0]LogStats: UGameplayTagsManager::ConstructGameplayTagTree: GameplayTagTreeChangedEvent.Broadcast -  0.000 s
[2017.11.19-11.29.35:833][  0]LogAIModule: Creating AISystem for world Untitled
[2017.11.19-11.29.35:845][  0]LogInit: XAudio2 using 'Speakers (Realtek High Definition Audio)' : 2 channels at 48 kHz using 32 bits per sample (channel mask 0x3)
[2017.11.19-11.29.35:880][  0]LogInit: FAudioDevice initialized.
[2017.11.19-11.29.35:990][  0]LogDerivedDataCache: Saved boot cache 0.11s 93MB C:/Users/Jakub/AppData/Local/UnrealEngine/4.17/DerivedDataCache/Boot.ddc.
[2017.11.19-11.29.36:005][  0]LogInit: Texture streaming: Enabled
[2017.11.19-11.29.36:187][  0]LogEngineSessionManager: EngineSessionManager initialized
[2017.11.19-11.29.36:583][  0]LogInit: Transaction tracking system initialized
[2017.11.19-11.29.37:214][  0]BlueprintLog: New page: Editor Load
[2017.11.19-11.29.38:907][  0]LocalizationService: Localization service is disabled
[2017.11.19-11.29.40:181][  0]LogConsoleResponse: Display: 
[2017.11.19-11.29.40:480][  0]LogCook: Display: Max memory allowance for cook 16384mb min free memory 0mb
[2017.11.19-11.29.40:480][  0]LogCook: Display: Mobile HDR setting 1
[2017.11.19-11.29.40:480][  0]LogGameplayTags: Display: UGameplayTagsManager::DoneAddingNativeTags. DelegateIsBound: 0
[2017.11.19-11.29.41:462][  0]LogFileCache: Scanning file cache for directory 'D:/Education/Uniwersytet/Year3/VGD/Puzzle-Island-VGD/Puzzle_Island/Content/' took 0.02s
[2017.11.19-11.29.42:435][  0]SourceControl: Source control is disabled
[2017.11.19-11.29.42:435][  0]Cmd: MAP LOAD FILE="D:/Education/Uniwersytet/Year3/VGD/Puzzle-Island-VGD/Puzzle_Island/Content/ThirdPersonCPP/Maps/ThirdPersonExampleMap.umap" TEMPLATE=0 SHOWPROGRESS=1 FEATURELEVEL=3
[2017.11.19-11.29.42:436][  0]LightingResults: New page: Lighting Build
[2017.11.19-11.29.42:511][  0]MapCheck: New page: Map Check
[2017.11.19-11.29.42:511][  0]LightingResults: New page: Lighting Build
[2017.11.19-11.29.42:780][  0]LogAIModule: Creating AISystem for world ThirdPersonExampleMap
[2017.11.19-11.29.42:793][  0]LogEditorServer: Finished looking for orphan Actors (0.000 secs)
[2017.11.19-11.29.42:827][  0]Cmd: MAP CHECKDEP NOCLEARLOG
[2017.11.19-11.29.43:027][  0]MapCheck: Map check complete: 0 Error(s), 0 Warning(s), took 200.805ms to complete.
[2017.11.19-11.29.43:028][  0]LogFileHelpers: Loading map 'ThirdPersonExampleMap' took 0.593
[2017.11.19-11.29.43:214][  0]LogCollectionManager: Loaded 0 collections in 0.002466 seconds
[2017.11.19-11.29.43:339][  0]LogFileCache: Scanning file cache for directory 'D:/Education/Uniwersytet/Year3/VGD/Puzzle-Island-VGD/Puzzle_Island/Saved/Collections/' took 0.01s
[2017.11.19-11.29.43:340][  0]LogFileCache: Scanning file cache for directory 'D:/Education/Uniwersytet/Year3/VGD/Puzzle-Island-VGD/Puzzle_Island/Content/Developers/Jakub/Collections/' took 0.01s
[2017.11.19-11.29.43:340][  0]LogFileCache: Scanning file cache for directory 'D:/Education/Uniwersytet/Year3/VGD/Puzzle-Island-VGD/Puzzle_Island/Content/Collections/' took 0.01s
[2017.11.19-11.29.43:340][  0]LogCollectionManager: Rebuilt the GUID cache for 0 collections in 0.000000 seconds
[2017.11.19-11.29.43:353][  0]LogContentBrowser: Native class hierarchy populated in 0.0137 seconds. Added 2388 classes and 502 folders.
[2017.11.19-11.29.43:467][  0]LogContentBrowser: Native class hierarchy updated for 'WidgetCarousel' in 0.0033 seconds. Added 0 classes and 0 folders.
[2017.11.19-11.29.43:554][  0]LogContentBrowser: Native class hierarchy updated for 'AddContentDialog' in 0.0034 seconds. Added 0 classes and 0 folders.
[2017.11.19-11.29.43:632][  0]LogContentBrowser: Native class hierarchy updated for 'SceneOutliner' in 0.0023 seconds. Added 1 classes and 2 folders.
[2017.11.19-11.29.43:661][  0]LogSlate: Took 0.000380 seconds to synchronously load lazily loaded font '../../../Engine/Content/Slate/Fonts/Roboto-Regular.ttf' (155K)
[2017.11.19-11.29.43:665][  0]LogSlate: Took 0.000553 seconds to synchronously load lazily loaded font '../../../Engine/Content/Slate/Fonts/Roboto-Bold.ttf' (160K)
[2017.11.19-11.29.43:674][  0]LogSlate: Took 0.000642 seconds to synchronously load lazily loaded font '../../../Engine/Content/Editor/Slate/Fonts/FontAwesome.ttf' (139K)
[2017.11.19-11.29.43:849][  0]LogRenderer: Reallocating scene render targets to support 1168x600 Format 10 NumSamples 1 (Frame:1).
[2017.11.19-11.29.44:160][  0]LogContentBrowser: Native class hierarchy updated for 'HierarchicalLODOutliner' in 0.0023 seconds. Added 1 classes and 2 folders.
[2017.11.19-11.29.44:160][  0]LogLoad: (Engine Initialization) Total time: 31.35 seconds
[2017.11.19-11.29.44:160][  0]LogLoad: (Engine Initialization) Total Blueprint compile time: 0.00 seconds
[2017.11.19-11.29.44:160][  0]LogExternalProfiler: Found external profiler: VSPerf
[2017.11.19-11.29.44:160][  0]LogExternalProfiler: Using external profiler: VSPerf
[2017.11.19-11.29.44:520][  0]LogContentStreaming: Texture pool size now 1000 MB
[2017.11.19-11.29.44:579][  0]LogSlate: Took 0.000358 seconds to synchronously load lazily loaded font '../../../Engine/Content/Slate/Fonts/Roboto-Light.ttf' (159K)
[2017.11.19-11.29.44:841][  1]LogAssetRegistry: Asset discovery search completed in 20.9615 seconds
[2017.11.19-11.29.44:843][  1]LogCollectionManager: Rebuilt the object cache for 0 collections in 0.000001 seconds (found 0 objects)
[2017.11.19-11.29.44:843][  1]LogCollectionManager: Fixed up redirectors for 0 collections in 0.000055 seconds (updated 0 objects)
[2017.11.19-11.31.14:058][751]LogTemp: Repeating last play command: Selected Viewport
[2017.11.19-11.31.14:204][751]LogBlueprintUserMessages: Early PlayInEditor Detection: Level '/Game/ThirdPersonCPP/Maps/ThirdPersonExampleMap.ThirdPersonExampleMap:PersistentLevel' has LevelScriptBlueprint '/Game/ThirdPersonCPP/Maps/ThirdPersonExampleMap.ThirdPersonExampleMap:PersistentLevel.ThirdPersonExampleMap' with GeneratedClass '/Game/ThirdPersonCPP/Maps/ThirdPersonExampleMap.ThirdPersonExampleMap_C' with ClassGeneratedBy '/Game/ThirdPersonCPP/Maps/ThirdPersonExampleMap.ThirdPersonExampleMap:PersistentLevel.ThirdPersonExampleMap'
[2017.11.19-11.31.14:205][751]LogPlayLevel: PlayLevel: No blueprints needed recompiling
[2017.11.19-11.31.14:206][751]PIE: New page: PIE session: ThirdPersonExampleMap (19 Nov 2017 11:31:14)
[2017.11.19-11.31.14:206][751]LogPlayLevel: Creating play world package: /Game/ThirdPersonCPP/Maps/UEDPIE_0_ThirdPersonExampleMap
[2017.11.19-11.31.14:235][751]LogPlayLevel: PIE: StaticDuplicateObject took: (0.028811s)
[2017.11.19-11.31.14:236][751]LogAIModule: Creating AISystem for world ThirdPersonExampleMap
[2017.11.19-11.31.14:236][751]LogPlayLevel: PIE: World Init took: (0.001245s)
[2017.11.19-11.31.14:237][751]LogPlayLevel: PIE: Created PIE world by copying editor world from /Game/ThirdPersonCPP/Maps/ThirdPersonExampleMap.ThirdPersonExampleMap to /Game/ThirdPersonCPP/Maps/UEDPIE_0_ThirdPersonExampleMap.ThirdPersonExampleMap (0.030484s)
[2017.11.19-11.31.14:260][751]LogInit: XAudio2 using 'Speakers (Realtek High Definition Audio)' : 2 channels at 48 kHz using 32 bits per sample (channel mask 0x3)
[2017.11.19-11.31.14:292][751]LogInit: FAudioDevice initialized.
[2017.11.19-11.31.14:343][751]LogLoad: Game class is 'Puzzle_IslandGameMode'
[2017.11.19-11.31.14:349][751]LogWorld: Bringing World /Game/ThirdPersonCPP/Maps/UEDPIE_0_ThirdPersonExampleMap.ThirdPersonExampleMap up for play (max tick rate 0) at 2017.11.19-11.31.14
[2017.11.19-11.31.14:350][751]LogWorld: Bringing up level for play took: 0.004365
[2017.11.19-11.31.14:454][751]LogContentBrowser: Native class hierarchy updated for 'MovieSceneCapture' in 0.0032 seconds. Added 11 classes and 0 folders.
[2017.11.19-11.31.14:455][751]PIE: Play in editor start time for /Game/ThirdPersonCPP/Maps/UEDPIE_0_ThirdPersonExampleMap -0.512
[2017.11.19-11.31.14:456][751]LogBlueprintUserMessages: Late PlayInEditor Detection: Level '/Game/ThirdPersonCPP/Maps/ThirdPersonExampleMap.ThirdPersonExampleMap:PersistentLevel' has LevelScriptBlueprint '/Game/ThirdPersonCPP/Maps/ThirdPersonExampleMap.ThirdPersonExampleMap:PersistentLevel.ThirdPersonExampleMap' with GeneratedClass '/Game/ThirdPersonCPP/Maps/ThirdPersonExampleMap.ThirdPersonExampleMap_C' with ClassGeneratedBy '/Game/ThirdPersonCPP/Maps/ThirdPersonExampleMap.ThirdPersonExampleMap:PersistentLevel.ThirdPersonExampleMap'
[2017.11.19-11.31.18:775][190]LogBlueprintUserMessages: Early EndPlayMap Detection: Level '/Game/ThirdPersonCPP/Maps/ThirdPersonExampleMap.ThirdPersonExampleMap:PersistentLevel' has LevelScriptBlueprint '/Game/ThirdPersonCPP/Maps/ThirdPersonExampleMap.ThirdPersonExampleMap:PersistentLevel.ThirdPersonExampleMap' with GeneratedClass '/Game/ThirdPersonCPP/Maps/ThirdPersonExampleMap.ThirdPersonExampleMap_C' with ClassGeneratedBy '/Game/ThirdPersonCPP/Maps/ThirdPersonExampleMap.ThirdPersonExampleMap:PersistentLevel.ThirdPersonExampleMap'
[2017.11.19-11.31.18:815][190]LogBlueprintUserMessages: Late EndPlayMap Detection: Level '/Game/ThirdPersonCPP/Maps/ThirdPersonExampleMap.ThirdPersonExampleMap:PersistentLevel' has LevelScriptBlueprint '/Game/ThirdPersonCPP/Maps/ThirdPersonExampleMap.ThirdPersonExampleMap:PersistentLevel.ThirdPersonExampleMap' with GeneratedClass '/Game/ThirdPersonCPP/Maps/ThirdPersonExampleMap.ThirdPersonExampleMap_C' with ClassGeneratedBy '/Game/ThirdPersonCPP/Maps/ThirdPersonExampleMap.ThirdPersonExampleMap:PersistentLevel.ThirdPersonExampleMap'
[2017.11.19-11.31.25:296][850]LogSlate: Took 0.000286 seconds to synchronously load lazily loaded font '../../../Engine/Content/Slate/Fonts/Roboto-Light.ttf' (159K)
[2017.11.19-11.31.25:871][850]LogContentBrowser: Native class hierarchy updated for 'BlueprintGraph' in 0.0035 seconds. Added 113 classes and 0 folders.
[2017.11.19-11.31.26:902][850]LogSlate: Took 0.001792 seconds to synchronously load lazily loaded font '../../../Engine/Content/Editor/Slate/Fonts/Roboto-BoldCondensed.ttf' (158K)
[2017.11.19-11.31.27:033][851]LogSlate: Took 0.002185 seconds to synchronously load lazily loaded font '../../../Engine/Content/Editor/Slate/Fonts/Roboto-Italic.ttf' (157K)
[2017.11.19-11.39.40:326][725]LogSlate: Took 0.000339 seconds to synchronously load lazily loaded font '../../../Engine/Content/Slate/Fonts/Roboto-Light.ttf' (159K)
[2017.11.19-11.39.49:423][752]LogFileHelpers: Editor autosave (incl. sublevels) for '/Game/ThirdPersonCPP/Maps/ThirdPersonExampleMap' took 0.038
[2017.11.19-11.39.49:433][752]OBJ SavePackage: Generating thumbnails for [1] asset(s) in package [/Game/ThirdPersonCPP/Blueprints/ThirdPersonCharacter] ([1] browsable assets)...
[2017.11.19-11.39.49:514][752]OBJ SavePackage:     Rendered thumbnail for [Blueprint /Game/ThirdPersonCPP/Blueprints/ThirdPersonCharacter.ThirdPersonCharacter]
[2017.11.19-11.39.49:514][752]OBJ SavePackage: Finished generating thumbnails for package [/Game/ThirdPersonCPP/Blueprints/ThirdPersonCharacter]
[2017.11.19-11.39.49:616][752]LogSavePackage: Save=65.15ms
[2017.11.19-11.39.49:616][752]LogSavePackage: Moving 'D:/Education/Uniwersytet/Year3/VGD/Puzzle-Island-VGD/Puzzle_Island/Saved/ThirdPersonCharacter_Auto17E2967F84299336F3FD8CFB67D925621.tmp' to 'D:/Education/Uniwersytet/Year3/VGD/Puzzle-Island-VGD/Puzzle_Island/Saved/Autosaves/Game/ThirdPersonCPP/Blueprints/ThirdPersonCharacter_Auto1.uasset'
[2017.11.19-11.39.49:622][752]LogSavePackage: Display: Finished SavePackage D:/Education/Uniwersytet/Year3/VGD/Puzzle-Island-VGD/Puzzle_Island/Saved/Autosaves/Game/ThirdPersonCPP/Blueprints/ThirdPersonCharacter_Auto1.uasset
[2017.11.19-11.39.49:622][752]LogFileHelpers: Auto-saving content packages took 0.197
[2017.11.19-11.41.03:794][448]LogEditorTransaction: Undo Move Nodes
[2017.11.19-11.42.45:821][277]LogSlate: Took 0.001828 seconds to synchronously load lazily loaded font '../../../Engine/Content/Editor/Slate/Fonts/Roboto-BoldCondensedItalic.ttf' (160K)
[2017.11.19-11.44.48:583][591]LogSavePackage: Save=70.86ms
[2017.11.19-11.44.48:583][591]LogSavePackage: Moving 'D:/Education/Uniwersytet/Year3/VGD/Puzzle-Island-VGD/Puzzle_Island/Saved/ThirdPersonCharacter62BEBF014BD441BA6F1A3DAE2357DC29.tmp' to 'D:/Education/Uniwersytet/Year3/VGD/Puzzle-Island-VGD/Puzzle_Island/Content/ThirdPersonCPP/Blueprints/ThirdPersonCharacter.uasset'
[2017.11.19-11.44.48:593][591]LogSavePackage: Display: Finished SavePackage D:/Education/Uniwersytet/Year3/VGD/Puzzle-Island-VGD/Puzzle_Island/Content/ThirdPersonCPP/Blueprints/ThirdPersonCharacter.uasset
[2017.11.19-11.44.54:123][913]BlueprintLog: New page: Compile ThirdPersonCharacter
[2017.11.19-11.44.54:135][913]LogBlueprint: Error: [Compiler ThirdPersonCharacter] Could not find a pin for the parameter deltaSeconds of Custom Tick_Event on  Custom Tick Event
[2017.11.19-11.44.54:135][913]LogBlueprint: Error: [Compiler ThirdPersonCharacter] Pin  New Param  named NewParam doesn't match any parameters of function Custom Tick_Event
[2017.11.19-11.44.54:690][913]LogBlueprint: Warning: [Compiler ThirdPersonCharacter] [0941.88] Compile of ThirdPersonCharacter failed. 2 Fatal Issue(s) 0 Warning(s) [in 566 ms] (/Game/ThirdPersonCPP/Blueprints/ThirdPersonCharacter.ThirdPersonCharacter)
[2017.11.19-11.45.38:669][916]BlueprintLog: New page: Compile ThirdPersonCharacter
[2017.11.19-11.51.35:500][384]LogTabManager: Warning: Cannot spawn tab because no spawner is registered for 'MyBlueprint'
[2017.11.19-11.53.38:766][277]LogSavePackage: Save=82.71ms
[2017.11.19-11.53.38:766][277]LogSavePackage: Moving 'D:/Education/Uniwersytet/Year3/VGD/Puzzle-Island-VGD/Puzzle_Island/Saved/ThirdPersonExampleMap_Auto2897CA87C4D31A398F3A5C4A1A39EF94D.tmp' to 'D:/Education/Uniwersytet/Year3/VGD/Puzzle-Island-VGD/Puzzle_Island/Saved/Autosaves/Game/ThirdPersonCPP/Maps/ThirdPersonExampleMap_Auto2.umap'
[2017.11.19-11.53.38:770][277]LogSavePackage: Display: Finished SavePackage D:/Education/Uniwersytet/Year3/VGD/Puzzle-Island-VGD/Puzzle_Island/Saved/Autosaves/Game/ThirdPersonCPP/Maps/ThirdPersonExampleMap_Auto2.umap
[2017.11.19-11.53.38:774][277]LogFileHelpers: Editor autosave (incl. sublevels) for '/Game/ThirdPersonCPP/Maps/ThirdPersonExampleMap' took 0.129
[2017.11.19-11.53.38:774][277]LogFileHelpers: Editor autosave (incl. sublevels) for all levels took 0.129
[2017.11.19-11.53.38:778][277]OBJ SavePackage: Generating thumbnails for [1] asset(s) in package [/Game/ThirdPersonCPP/Blueprints/ThirdPersonCharacter] ([1] browsable assets)...
[2017.11.19-11.53.38:813][277]OBJ SavePackage:     Rendered thumbnail for [Blueprint /Game/ThirdPersonCPP/Blueprints/ThirdPersonCharacter.ThirdPersonCharacter]
[2017.11.19-11.53.38:813][277]OBJ SavePackage: Finished generating thumbnails for package [/Game/ThirdPersonCPP/Blueprints/ThirdPersonCharacter]
[2017.11.19-11.53.38:887][277]LogSavePackage: Save=67.83ms
[2017.11.19-11.53.38:887][277]LogSavePackage: Moving 'D:/Education/Uniwersytet/Year3/VGD/Puzzle-Island-VGD/Puzzle_Island/Saved/ThirdPersonCharacter_Auto204BB903F4B5DEBE5E10D458BC2190ACF.tmp' to 'D:/Education/Uniwersytet/Year3/VGD/Puzzle-Island-VGD/Puzzle_Island/Saved/Autosaves/Game/ThirdPersonCPP/Blueprints/ThirdPersonCharacter_Auto2.uasset'
[2017.11.19-11.53.38:891][277]LogSavePackage: Display: Finished SavePackage D:/Education/Uniwersytet/Year3/VGD/Puzzle-Island-VGD/Puzzle_Island/Saved/Autosaves/Game/ThirdPersonCPP/Blueprints/ThirdPersonCharacter_Auto2.uasset
[2017.11.19-11.53.38:891][277]LogFileHelpers: Auto-saving content packages took 0.115
[2017.11.19-11.54.59:933][211]BlueprintLog: New page: Compile ThirdPersonCharacter
[2017.11.19-11.55.02:481][325]LogSavePackage: Save=86.50ms
[2017.11.19-11.55.02:481][325]LogSavePackage: Moving 'D:/Education/Uniwersytet/Year3/VGD/Puzzle-Island-VGD/Puzzle_Island/Saved/ThirdPersonCharacterB16D35514ED48BE8F33768A346377310.tmp' to 'D:/Education/Uniwersytet/Year3/VGD/Puzzle-Island-VGD/Puzzle_Island/Content/ThirdPersonCPP/Blueprints/ThirdPersonCharacter.uasset'
[2017.11.19-11.55.02:489][325]LogSavePackage: Display: Finished SavePackage D:/Education/Uniwersytet/Year3/VGD/Puzzle-Island-VGD/Puzzle_Island/Content/ThirdPersonCPP/Blueprints/ThirdPersonCharacter.uasset
[2017.11.19-12.00.11:216][584]LogTabManager: Warning: Cannot spawn tab because no spawner is registered for 'MyBlueprint'
[2017.11.19-12.00.24:172][317]LogTabManager: Warning: Cannot spawn tab because no spawner is registered for 'MyBlueprint'
[2017.11.19-12.00.27:772][530]LogEditorTransaction: Undo Add Variable
[2017.11.19-12.01.18:157][552]LogRenderer: Reallocating scene render targets to support 1168x744 Format 10 NumSamples 1 (Frame:1).
[2017.11.19-12.03.24:603][337]Cmd: CLOSE_SLATE_MAINFRAME
[2017.11.19-12.03.26:551][337]LogSavePackage: Save=74.06ms
[2017.11.19-12.03.26:551][337]LogSavePackage: Moving 'D:/Education/Uniwersytet/Year3/VGD/Puzzle-Island-VGD/Puzzle_Island/Saved/ThirdPersonCharacter32D0D9A649902D5C6F0E3387560C41F1.tmp' to 'D:/Education/Uniwersytet/Year3/VGD/Puzzle-Island-VGD/Puzzle_Island/Content/ThirdPersonCPP/Blueprints/ThirdPersonCharacter.uasset'
[2017.11.19-12.03.26:557][337]LogSavePackage: Display: Finished SavePackage D:/Education/Uniwersytet/Year3/VGD/Puzzle-Island-VGD/Puzzle_Island/Content/ThirdPersonCPP/Blueprints/ThirdPersonCharacter.uasset
[2017.11.19-12.03.26:843][337]LogSavePackage: Save=105.29ms
[2017.11.19-12.03.26:843][337]LogSavePackage: Moving 'D:/Education/Uniwersytet/Year3/VGD/Puzzle-Island-VGD/Puzzle_Island/Saved/ThirdPersonExampleMapD8F1056C4443904D6D73ABB2B6438097.tmp' to 'D:/Education/Uniwersytet/Year3/VGD/Puzzle-Island-VGD/Puzzle_Island/Content/ThirdPersonCPP/Maps/ThirdPersonExampleMap.umap'
[2017.11.19-12.03.26:851][337]LogSavePackage: Display: Finished SavePackage D:/Education/Uniwersytet/Year3/VGD/Puzzle-Island-VGD/Puzzle_Island/Content/ThirdPersonCPP/Maps/ThirdPersonExampleMap.umap
[2017.11.19-12.03.26:875][337]LogFileHelpers: Saving map 'ThirdPersonExampleMap' took 0.313
[2017.11.19-12.03.26:993][337]LogWindowsTextInputMethodSystem: Display: IME system now deactivated.
[2017.11.19-12.03.27:163][338]Cmd: QUIT_EDITOR
[2017.11.19-12.03.27:778][338]LogExit: Preparing to exit.
[2017.11.19-12.03.28:651][338]LogExit: Editor shut down
[2017.11.19-12.03.28:656][338]LogExit: Transaction tracking system shut down
[2017.11.19-12.03.28:842][338]LogDirectoryWatcher: A directory notification for '../../../Engine/Content/' was aborted.
[2017.11.19-12.03.28:842][338]LogDirectoryWatcher: A directory notification for 'D:/Education/Uniwersytet/Year3/VGD/Puzzle-Island-VGD/Puzzle_Island/Content/' was aborted.
[2017.11.19-12.03.28:842][338]LogDirectoryWatcher: A directory notification for '../../../Engine/Plugins/2D/Paper2D/Content/' was aborted.
[2017.11.19-12.03.28:842][338]LogDirectoryWatcher: A directory notification for '../../../Engine/Plugins/Runtime/Oculus/OculusVR/Content/' was aborted.
[2017.11.19-12.03.28:842][338]LogDirectoryWatcher: A directory notification for '../../../Engine/Plugins/Runtime/Steam/SteamVR/Content/' was aborted.
[2017.11.19-12.03.28:971][338]LogExit: Object subsystem successfully closed.
[2017.11.19-12.03.28:991][338]LogD3D11RHI: Shutdown
[2017.11.19-12.03.28:991][338]LogD3D11RHI: CleanupD3DDevice
[2017.11.19-12.03.29:115][338]LogD3D11RHI: ~FD3D11DynamicRHI
[2017.11.19-12.03.29:172][338]LogModuleManager: Shutting down and abandoning module BlueprintGraph (538)
[2017.11.19-12.03.29:172][338]LogModuleManager: Shutting down and abandoning module BlueprintProfiler (536)
[2017.11.19-12.03.29:173][338]LogModuleManager: Shutting down and abandoning module MovieSceneCapture (534)
[2017.11.19-12.03.29:173][338]LogModuleManager: Shutting down and abandoning module HierarchicalLODOutliner (532)
[2017.11.19-12.03.29:173][338]LogModuleManager: Shutting down and abandoning module SceneOutliner (530)
[2017.11.19-12.03.29:173][338]LogModuleManager: Shutting down and abandoning module AddContentDialog (528)
[2017.11.19-12.03.29:173][338]LogDirectoryWatcher: A directory notification for 'C:/Program Files/Epic Games/UE_4.17/FeaturePacks/' was aborted.
[2017.11.19-12.03.29:174][338]LogModuleManager: Shutting down and abandoning module WidgetCarousel (527)
[2017.11.19-12.03.29:174][338]LogModuleManager: Shutting down and abandoning module EditorWidgets (524)
[2017.11.19-12.03.29:174][338]LogModuleManager: Shutting down and abandoning module CollectionManager (522)
[2017.11.19-12.03.29:174][338]LogDirectoryWatcher: A directory notification for 'D:/Education/Uniwersytet/Year3/VGD/Puzzle-Island-VGD/Puzzle_Island/Content/Collections/' was aborted.
[2017.11.19-12.03.29:174][338]LogDirectoryWatcher: A directory notification for 'D:/Education/Uniwersytet/Year3/VGD/Puzzle-Island-VGD/Puzzle_Island/Content/Developers/Jakub/Collections/' was aborted.
[2017.11.19-12.03.29:175][338]LogDirectoryWatcher: A directory notification for 'D:/Education/Uniwersytet/Year3/VGD/Puzzle-Island-VGD/Puzzle_Island/Saved/Collections/' was aborted.
[2017.11.19-12.03.29:175][338]LogModuleManager: Shutting down and abandoning module StatsViewer (520)
[2017.11.19-12.03.29:175][338]LogModuleManager: Shutting down and abandoning module FoliageEdit (518)
[2017.11.19-12.03.29:175][338]LogModuleManager: Shutting down and abandoning module LandscapeEditor (516)
[2017.11.19-12.03.29:175][338]LogModuleManager: Shutting down and abandoning module MeshPaintMode (514)
[2017.11.19-12.03.29:175][338]LogModuleManager: Shutting down and abandoning module SceneDepthPickerMode (512)
[2017.11.19-12.03.29:175][338]LogModuleManager: Shutting down and abandoning module ActorPickerMode (510)
[2017.11.19-12.03.29:175][338]LogModuleManager: Shutting down and abandoning module GeometryMode (508)
[2017.11.19-12.03.29:175][338]LogModuleManager: Shutting down and abandoning module TextureAlignMode (506)
[2017.11.19-12.03.29:175][338]LogModuleManager: Shutting down and abandoning module BspMode (504)
[2017.11.19-12.03.29:175][338]LogModuleManager: Shutting down and abandoning module PIEPreviewDeviceProfileSelector (502)
[2017.11.19-12.03.29:175][338]LogModuleManager: Shutting down and abandoning module HardwareSurvey (500)
[2017.11.19-12.03.29:175][338]LogModuleManager: Shutting down and abandoning module SequenceRecorderSections (498)
[2017.11.19-12.03.29:175][338]LogModuleManager: Shutting down and abandoning module AutomationWorker (496)
[2017.11.19-12.03.29:175][338]LogModuleManager: Shutting down and abandoning module MatineeToLevelSequence (494)
[2017.11.19-12.03.29:175][338]LogModuleManager: Shutting down and abandoning module LevelSequenceEditor (492)
[2017.11.19-12.03.29:176][338]LogModuleManager: Shutting down and abandoning module PlacementMode (491)
[2017.11.19-12.03.29:176][338]LogModuleManager: Shutting down and abandoning module WmfMediaFactory (488)
[2017.11.19-12.03.29:176][338]LogModuleManager: Shutting down and abandoning module WmfMediaEditor (486)
[2017.11.19-12.03.29:176][338]LogModuleManager: Shutting down and abandoning module AvfMediaFactory (484)
[2017.11.19-12.03.29:176][338]LogModuleManager: Shutting down and abandoning module AvfMediaEditor (482)
[2017.11.19-12.03.29:176][338]LogModuleManager: Shutting down and abandoning module AndroidMediaFactory (480)
[2017.11.19-12.03.29:176][338]LogModuleManager: Shutting down and abandoning module Media (479)
[2017.11.19-12.03.29:176][338]LogModuleManager: Shutting down and abandoning module AndroidMediaEditor (476)
[2017.11.19-12.03.29:176][338]LogModuleManager: Shutting down and abandoning module CharacterAI (474)
[2017.11.19-12.03.29:176][338]LogModuleManager: Shutting down and abandoning module AudioCapture (472)
[2017.11.19-12.03.29:176][338]LogModuleManager: Shutting down and abandoning module SequenceRecorder (471)
[2017.11.19-12.03.29:176][338]LogModuleManager: Shutting down and abandoning module SmartSnapping (468)
[2017.11.19-12.03.29:176][338]LogModuleManager: Shutting down and abandoning module SessionServices (466)
[2017.11.19-12.03.29:176][338]LogModuleManager: Shutting down and abandoning module ViewportSnapping (464)
[2017.11.19-12.03.29:176][338]LogModuleManager: Shutting down and abandoning module ViewportInteraction (462)
[2017.11.19-12.03.29:176][338]LogModuleManager: Shutting down and abandoning module ClothPainter (460)
[2017.11.19-12.03.29:176][338]LogModuleManager: Shutting down and abandoning module LogVisualizer (458)
[2017.11.19-12.03.29:176][338]LogModuleManager: Shutting down and abandoning module IntroTutorials (456)
[2017.11.19-12.03.29:177][338]LogModuleManager: Shutting down and abandoning module GameProjectGeneration (455)
[2017.11.19-12.03.29:177][338]LogModuleManager: Shutting down and abandoning module IOSPlatformEditor (452)
[2017.11.19-12.03.29:177][338]LogModuleManager: Shutting down and abandoning module HTML5PlatformEditor (450)
[2017.11.19-12.03.29:177][338]LogModuleManager: Shutting down and abandoning module AndroidPlatformEditor (448)
[2017.11.19-12.03.29:177][338]LogModuleManager: Shutting down and abandoning module AndroidDeviceDetection (447)
[2017.11.19-12.03.29:342][338]LogModuleManager: Shutting down and abandoning module WindowsPlatformEditor (444)
[2017.11.19-12.03.29:342][338]LogModuleManager: Shutting down and abandoning module IOSRuntimeSettings (442)
[2017.11.19-12.03.29:342][338]LogModuleManager: Shutting down and abandoning module AndroidRuntimeSettings (440)
[2017.11.19-12.03.29:342][338]LogModuleManager: Shutting down and abandoning module InputBindingEditor (438)
[2017.11.19-12.03.29:342][338]LogModuleManager: Shutting down and abandoning module MergeActors (436)
[2017.11.19-12.03.29:342][338]LogModuleManager: Shutting down and abandoning module SizeMap (434)
[2017.11.19-12.03.29:342][338]LogModuleManager: Shutting down and abandoning module TreeMap (432)
[2017.11.19-12.03.29:342][338]LogModuleManager: Shutting down and abandoning module ReferenceViewer (430)
[2017.11.19-12.03.29:342][338]LogModuleManager: Shutting down and abandoning module LocalizationDashboard (428)
[2017.11.19-12.03.29:342][338]LogModuleManager: Shutting down and abandoning module LocalizationService (427)
[2017.11.19-12.03.29:343][338]LogModuleManager: Shutting down and abandoning module HardwareTargeting (424)
[2017.11.19-12.03.29:343][338]LogModuleManager: Shutting down and abandoning module DeviceProfileEditor (422)
[2017.11.19-12.03.29:343][338]LogModuleManager: Shutting down and abandoning module UndoHistory (420)
[2017.11.19-12.03.29:343][338]LogModuleManager: Shutting down and abandoning module XmlParser (418)
[2017.11.19-12.03.29:343][338]LogModuleManager: Shutting down and abandoning module Blutility (416)
[2017.11.19-12.03.29:343][338]LogModuleManager: Shutting down and abandoning module ProjectSettingsViewer (414)
[2017.11.19-12.03.29:343][338]LogModuleManager: Shutting down and abandoning module ProjectTargetPlatformEditor (413)
[2017.11.19-12.03.29:343][338]LogModuleManager: Shutting down and abandoning module EditorSettingsViewer (410)
[2017.11.19-12.03.29:343][338]LogModuleManager: Shutting down and abandoning module SettingsEditor (408)
[2017.11.19-12.03.29:343][338]LogModuleManager: Shutting down and abandoning module ProjectLauncher (406)
[2017.11.19-12.03.29:343][338]LogModuleManager: Shutting down and abandoning module SessionFrontend (404)
[2017.11.19-12.03.29:343][338]LogModuleManager: Shutting down and abandoning module ProfilerClient (402)
[2017.11.19-12.03.29:343][338]LogModuleManager: Shutting down and abandoning module DeviceManager (400)
[2017.11.19-12.03.29:343][338]LogModuleManager: Shutting down and abandoning module TargetDeviceServices (399)
[2017.11.19-12.03.29:398][338]LogModuleManager: Shutting down and abandoning module AutomationController (396)
[2017.11.19-12.03.29:398][338]LogModuleManager: Shutting down and abandoning module AutomationWindow (394)
[2017.11.19-12.03.29:398][338]LogModuleManager: Shutting down and abandoning module Layers (392)
[2017.11.19-12.03.29:398][338]LogModuleManager: Shutting down and abandoning module ComponentVisualizers (390)
[2017.11.19-12.03.29:398][338]LogModuleManager: Shutting down and abandoning module DetailCustomizations (388)
[2017.11.19-12.03.29:398][338]LogModuleManager: Shutting down and abandoning module PackagesDialog (386)
[2017.11.19-12.03.29:398][338]LogModuleManager: Shutting down and abandoning module Persona (384)
[2017.11.19-12.03.29:398][338]LogModuleManager: Shutting down and abandoning module AdvancedPreviewScene (383)
[2017.11.19-12.03.29:398][338]LogModuleManager: Shutting down and abandoning module AnimGraph (381)
[2017.11.19-12.03.29:399][338]LogModuleManager: Shutting down and abandoning module Kismet (378)
[2017.11.19-12.03.29:407][338]LogModuleManager: Shutting down and abandoning module ClassViewer (376)
[2017.11.19-12.03.29:407][338]LogModuleManager: Shutting down and abandoning module Toolbox (374)
[2017.11.19-12.03.29:407][338]LogModuleManager: Shutting down and abandoning module ModuleUI (372)
[2017.11.19-12.03.29:407][338]LogModuleManager: Shutting down and abandoning module MovieSceneTools (370)
[2017.11.19-12.03.29:407][338]LogModuleManager: Shutting down and abandoning module OutputLog (368)
[2017.11.19-12.03.29:407][338]LogModuleManager: Shutting down and abandoning module GammaUI (366)
[2017.11.19-12.03.29:407][338]LogModuleManager: Shutting down and abandoning module Documentation (364)
[2017.11.19-12.03.29:407][338]LogModuleManager: Shutting down and abandoning module MovieSceneTracks (362)
[2017.11.19-12.03.29:407][338]LogModuleManager: Shutting down and abandoning module MovieScene (360)
[2017.11.19-12.03.29:407][338]LogModuleManager: Shutting down and abandoning module Niagara (358)
[2017.11.19-12.03.29:407][338]LogModuleManager: Shutting down and abandoning module NiagaraEditor (357)
[2017.11.19-12.03.29:407][338]LogModuleManager: Shutting down and abandoning module StreamingPauseRendering (354)
[2017.11.19-12.03.29:407][338]LogModuleManager: Shutting down and abandoning module LauncherPlatform (352)
[2017.11.19-12.03.29:407][338]LogModuleManager: Shutting down and abandoning module AnalyticsET (350)
[2017.11.19-12.03.29:407][338]LogModuleManager: Shutting down and abandoning module PortalServices (348)
[2017.11.19-12.03.29:407][338]LogModuleManager: Shutting down and abandoning module PortalRpc (346)
[2017.11.19-12.03.29:407][338]LogModuleManager: Shutting down and abandoning module MessagingRpc (344)
[2017.11.19-12.03.29:407][338]LogModuleManager: Shutting down and abandoning module AIModule (342)
[2017.11.19-12.03.29:407][338]LogModuleManager: Shutting down and abandoning module GameplayDebugger (341)
[2017.11.19-12.03.29:407][338]LogModuleManager: Shutting down and abandoning module AITestSuite (339)
[2017.11.19-12.03.29:407][338]LogModuleManager: Shutting down and abandoning module ProfilerService (336)
[2017.11.19-12.03.29:546][338]LogModuleManager: Shutting down and abandoning module TaskGraph (334)
[2017.11.19-12.03.29:546][338]LogModuleManager: Shutting down and abandoning module SteamVRController (332)
[2017.11.19-12.03.29:546][338]LogModuleManager: Shutting down and abandoning module ProceduralMeshComponentEditor (330)
[2017.11.19-12.03.29:546][338]LogModuleManager: Shutting down and abandoning module ProceduralMeshComponent (328)
[2017.11.19-12.03.29:546][338]LogModuleManager: Shutting down and abandoning module OculusInput (326)
[2017.11.19-12.03.29:546][338]LogModuleManager: Shutting down and abandoning module MobilePatchingUtils (324)
[2017.11.19-12.03.29:547][338]LogModuleManager: Shutting down and abandoning module CustomMeshComponent (322)
[2017.11.19-12.03.29:547][338]LogModuleManager: Shutting down and abandoning module CableComponent (320)
[2017.11.19-12.03.29:547][338]LogModuleManager: Shutting down and abandoning module ArchVisCharacter (318)
[2017.11.19-12.03.29:547][338]LogModuleManager: Shutting down and abandoning module AndroidPermission (316)
[2017.11.19-12.03.29:547][338]LogModuleManager: Shutting down and abandoning module MediaPlayerEditor (312)
[2017.11.19-12.03.29:547][338]LogModuleManager: Shutting down and abandoning module HTML5Networking (310)
[2017.11.19-12.03.29:547][338]LogModuleManager: Shutting down and abandoning module AlembicImporter (308)
[2017.11.19-12.03.29:547][338]LogModuleManager: Shutting down and abandoning module AlembicLibrary (307)
[2017.11.19-12.03.29:547][338]LogModuleManager: Shutting down and abandoning module GeometryCache (306)
[2017.11.19-12.03.29:547][338]LogModuleManager: Shutting down and abandoning module GeometryCacheEd (305)
[2017.11.19-12.03.29:547][338]LogModuleManager: Shutting down and abandoning module SpeedTreeImporter (300)
[2017.11.19-12.03.29:547][338]LogModuleManager: Shutting down and abandoning module PluginBrowser (298)
[2017.11.19-12.03.29:547][338]LogModuleManager: Shutting down and abandoning module MobileLauncherProfileWizard (296)
[2017.11.19-12.03.29:547][338]LogModuleManager: Shutting down and abandoning module VisualStudioSourceCodeAccess (294)
[2017.11.19-12.03.29:547][338]LogModuleManager: Shutting down and abandoning module DesktopPlatform (293)
[2017.11.19-12.03.29:547][338]LogModuleManager: Shutting down and abandoning module UObjectPlugin (290)
[2017.11.19-12.03.29:547][338]LogModuleManager: Shutting down and abandoning module SubversionSourceControl (288)
[2017.11.19-12.03.29:547][338]LogModuleManager: Shutting down and abandoning module PerforceSourceControl (286)
[2017.11.19-12.03.29:547][338]LogModuleManager: Shutting down and abandoning module GitSourceControl (284)
[2017.11.19-12.03.29:547][338]LogModuleManager: Shutting down and abandoning module SourceControl (283)
[2017.11.19-12.03.29:548][338]LogModuleManager: Shutting down and abandoning module LightPropagationVolumeEditor (280)
[2017.11.19-12.03.29:548][338]LogModuleManager: Shutting down and abandoning module PaperTiledImporter (278)
[2017.11.19-12.03.29:548][338]LogModuleManager: Shutting down and abandoning module PaperSpriteSheetImporter (276)
[2017.11.19-12.03.29:548][338]LogModuleManager: Shutting down and abandoning module Paper2DEditor (274)
[2017.11.19-12.03.29:548][338]LogModuleManager: Shutting down and abandoning module MeshPaint (273)
[2017.11.19-12.03.29:548][338]LogModuleManager: Shutting down and abandoning module LevelEditor (271)
[2017.11.19-12.03.29:549][338]LogModuleManager: Shutting down and abandoning module PixelInspectorModule (270)
[2017.11.19-12.03.29:549][338]LogModuleManager: Shutting down and abandoning module MainFrame (268)
[2017.11.19-12.03.29:549][338]LogModuleManager: Shutting down and abandoning module HotReload (267)
[2017.11.19-12.03.29:549][338]LogDirectoryWatcher: A directory notification for 'D:/Education/Uniwersytet/Year3/VGD/Puzzle-Island-VGD/Puzzle_Island/Binaries/Win64' was aborted.
[2017.11.19-12.03.29:550][338]LogModuleManager: Shutting down and abandoning module Puzzle_Island (262)
[2017.11.19-12.03.29:550][338]LogModuleManager: Shutting down and abandoning module RuntimePhysXCooking (260)
[2017.11.19-12.03.29:550][338]LogModuleManager: Shutting down and abandoning module PhysXVehiclesEditor (258)
[2017.11.19-12.03.29:550][338]LogModuleManager: Shutting down and abandoning module PhysXVehicles (256)
[2017.11.19-12.03.29:550][338]LogModuleManager: Shutting down and abandoning module OculusEditor (254)
[2017.11.19-12.03.29:550][338]LogModuleManager: Shutting down and abandoning module LocationServicesBPLibrary (252)
[2017.11.19-12.03.29:550][338]LogModuleManager: Shutting down and abandoning module ImmediatePhysicsEditor (250)
[2017.11.19-12.03.29:550][338]LogModuleManager: Shutting down and abandoning module ImmediatePhysics (248)
[2017.11.19-12.03.29:550][338]LogModuleManager: Shutting down and abandoning module UdpMessaging (246)
[2017.11.19-12.03.29:651][338]LogModuleManager: Shutting down and abandoning module TcpMessaging (244)
[2017.11.19-12.03.29:752][338]LogModuleManager: Shutting down and abandoning module GameplayTagsEditor (242)
[2017.11.19-12.03.29:752][338]LogModuleManager: Shutting down and abandoning module FacialAnimationEditor (240)
[2017.11.19-12.03.29:752][338]LogModuleManager: Shutting down and abandoning module FacialAnimation (238)
[2017.11.19-12.03.29:752][338]LogModuleManager: Shutting down and abandoning module AssetManagerEditor (236)
[2017.11.19-12.03.29:752][338]LogModuleManager: Shutting down and abandoning module GraphEditor (235)
[2017.11.19-12.03.29:752][338]LogModuleManager: Shutting down and abandoning module ContentBrowser (233)
[2017.11.19-12.03.29:753][338]LogModuleManager: Shutting down and abandoning module LightPropagationVolumeRuntime (230)
[2017.11.19-12.03.29:753][338]LogModuleManager: Shutting down and abandoning module Paper2D (228)
[2017.11.19-12.03.29:753][338]LogModuleManager: Shutting down and abandoning module WindowsMoviePlayer (226)
[2017.11.19-12.03.29:753][338]LogModuleManager: Shutting down and abandoning module WmfMedia (224)
[2017.11.19-12.03.29:753][338]LogModuleManager: Shutting down and abandoning module PacketHandler (222)
[2017.11.19-12.03.29:753][338]LogModuleManager: Shutting down and abandoning module ClothingSystemEditor (220)
[2017.11.19-12.03.29:753][338]LogModuleManager: Shutting down and abandoning module ClothingSystemRuntime (218)
[2017.11.19-12.03.29:753][338]LogModuleManager: Shutting down and abandoning module Overlay (216)
[2017.11.19-12.03.29:753][338]LogModuleManager: Shutting down and abandoning module OverlayEditor (215)
[2017.11.19-12.03.29:753][338]LogModuleManager: Shutting down and abandoning module MediaAssets (212)
[2017.11.19-12.03.29:753][338]LogModuleManager: Shutting down and abandoning module VREditor (210)
[2017.11.19-12.03.29:753][338]LogModuleManager: Shutting down and abandoning module StringTableEditor (208)
[2017.11.19-12.03.29:753][338]LogModuleManager: Shutting down and abandoning module GameplayTasksEditor (206)
[2017.11.19-12.03.29:753][338]LogModuleManager: Shutting down and abandoning module BehaviorTreeEditor (204)
[2017.11.19-12.03.29:753][338]LogModuleManager: Shutting down and abandoning module FunctionalTesting (202)
[2017.11.19-12.03.29:753][338]LogModuleManager: Shutting down and abandoning module CollisionAnalyzer (200)
[2017.11.19-12.03.29:754][338]LogModuleManager: Shutting down and abandoning module WorkspaceMenuStructure (199)
[2017.11.19-12.03.29:754][338]LogModuleManager: Shutting down and abandoning module UMG (196)
[2017.11.19-12.03.29:754][338]LogModuleManager: Shutting down and abandoning module UMGEditor (195)
[2017.11.19-12.03.29:754][338]LogModuleManager: Shutting down and abandoning module Sequencer (194)
[2017.11.19-12.03.29:754][338]LogModuleManager: Shutting down and abandoning module MessageLog (191)
[2017.11.19-12.03.29:754][338]LogModuleManager: Shutting down and abandoning module SlateReflector (186)
[2017.11.19-12.03.29:754][338]LogModuleManager: Shutting down and abandoning module Slate (184)
[2017.11.19-12.03.29:754][338]LogModuleManager: Shutting down and abandoning module EditorStyle (182)
[2017.11.19-12.03.29:759][338]LogModuleManager: Shutting down and abandoning module MRMesh (180)
[2017.11.19-12.03.29:759][338]LogModuleManager: Shutting down and abandoning module SourceCodeAccess (178)
[2017.11.19-12.03.29:759][338]LogModuleManager: Shutting down and abandoning module HeadMountedDisplay (176)
[2017.11.19-12.03.29:759][338]LogModuleManager: Shutting down and abandoning module XAudio2 (174)
[2017.11.19-12.03.29:759][338]LogModuleManager: Shutting down and abandoning module Networking (172)
[2017.11.19-12.03.29:759][338]LogModuleManager: Shutting down and abandoning module Core (168)
[2017.11.19-12.03.29:759][338]LogModuleManager: Shutting down and abandoning module KismetCompiler (164)
[2017.11.19-12.03.29:759][338]LogModuleManager: Shutting down and abandoning module LevelSequence (162)
[2017.11.19-12.03.29:759][338]LogModuleManager: Shutting down and abandoning module MeshUtilities (160)
[2017.11.19-12.03.29:759][338]LogModuleManager: Shutting down and abandoning module MeshMergeUtilities (159)
[2017.11.19-12.03.29:759][338]LogModuleManager: Shutting down and abandoning module MeshReductionInterface (158)
[2017.11.19-12.03.29:759][338]LogModuleManager: Shutting down and abandoning module SimplygonSwarm (157)
[2017.11.19-12.03.29:759][338]LogModuleManager: Shutting down and abandoning module SimplygonMeshReduction (155)
[2017.11.19-12.03.29:759][338]LogModuleManager: Shutting down and abandoning module QuadricMeshReduction (153)
[2017.11.19-12.03.29:759][338]LogModuleManager: Shutting down and abandoning module MaterialBaking (149)
[2017.11.19-12.03.29:759][338]LogModuleManager: Shutting down and abandoning module DirectoryWatcher (146)
[2017.11.19-12.03.29:760][338]LogModuleManager: Shutting down and abandoning module DerivedDataCache (144)
[2017.11.19-12.03.29:855][338]LogDerivedDataCache: Shutdown
[2017.11.19-12.03.29:855][338]LogModuleManager: Shutting down and abandoning module TargetPlatform (142)
[2017.11.19-12.03.29:855][338]LogModuleManager: Shutting down and abandoning module VulkanShaderFormat (141)
[2017.11.19-12.03.29:855][338]LogModuleManager: Shutting down and abandoning module ShaderFormatVectorVM (139)
[2017.11.19-12.03.29:856][338]LogModuleManager: Shutting down and abandoning module ShaderFormatOpenGL (137)
[2017.11.19-12.03.29:856][338]LogModuleManager: Shutting down and abandoning module ShaderFormatD3D (135)
[2017.11.19-12.03.29:856][338]LogModuleManager: Shutting down and abandoning module MetalShaderFormat (133)
[2017.11.19-12.03.29:856][338]LogModuleManager: Shutting down and abandoning module TextureFormatUncompressed (131)
[2017.11.19-12.03.29:856][338]LogModuleManager: Shutting down and abandoning module TextureFormatPVR (129)
[2017.11.19-12.03.29:856][338]LogModuleManager: Shutting down and abandoning module TextureFormatDXT (127)
[2017.11.19-12.03.29:856][338]LogModuleManager: Shutting down and abandoning module TextureFormatIntelISPCTexComp (125)
[2017.11.19-12.03.29:856][338]LogModuleManager: Shutting down and abandoning module TextureFormatASTC (123)
[2017.11.19-12.03.29:856][338]LogModuleManager: Shutting down and abandoning module ImageWrapper (122)
[2017.11.19-12.03.29:856][338]LogModuleManager: Shutting down and abandoning module TextureFormatAndroid (119)
[2017.11.19-12.03.29:856][338]LogModuleManager: Shutting down and abandoning module AudioFormatOpus (117)
[2017.11.19-12.03.29:856][338]LogModuleManager: Shutting down and abandoning module AudioFormatOgg (115)
[2017.11.19-12.03.29:856][338]LogModuleManager: Shutting down and abandoning module AudioFormatADPCM (113)
[2017.11.19-12.03.29:856][338]LogModuleManager: Shutting down and abandoning module LinuxTargetPlatform (111)
[2017.11.19-12.03.29:856][338]LogModuleManager: Shutting down and abandoning module LinuxServerTargetPlatform (109)
[2017.11.19-12.03.29:856][338]LogModuleManager: Shutting down and abandoning module LinuxNoEditorTargetPlatform (107)
[2017.11.19-12.03.29:856][338]LogModuleManager: Shutting down and abandoning module LinuxClientTargetPlatform (105)
[2017.11.19-12.03.29:856][338]LogModuleManager: Shutting down and abandoning module TVOSTargetPlatform (103)
[2017.11.19-12.03.29:856][338]LogModuleManager: Shutting down and abandoning module Messaging (101)
[2017.11.19-12.03.29:856][338]LogModuleManager: Shutting down and abandoning module IOSTargetPlatform (99)
[2017.11.19-12.03.29:856][338]LogModuleManager: Shutting down and abandoning module HTML5TargetPlatform (97)
[2017.11.19-12.03.29:856][338]LogModuleManager: Shutting down and abandoning module Android_PVRTCTargetPlatform (95)
[2017.11.19-12.03.29:856][338]LogModuleManager: Shutting down and abandoning module Android_MultiTargetPlatform (93)
[2017.11.19-12.03.29:856][338]LogModuleManager: Shutting down and abandoning module Android_ETC2TargetPlatform (91)
[2017.11.19-12.03.29:856][338]LogModuleManager: Shutting down and abandoning module Android_ETC1TargetPlatform (89)
[2017.11.19-12.03.29:856][338]LogModuleManager: Shutting down and abandoning module Android_DXTTargetPlatform (87)
[2017.11.19-12.03.29:856][338]LogModuleManager: Shutting down and abandoning module Android_ATCTargetPlatform (85)
[2017.11.19-12.03.29:856][338]LogModuleManager: Shutting down and abandoning module Android_ASTCTargetPlatform (83)
[2017.11.19-12.03.29:856][338]LogModuleManager: Shutting down and abandoning module AndroidTargetPlatform (81)
[2017.11.19-12.03.29:856][338]LogModuleManager: Shutting down and abandoning module WindowsTargetPlatform (79)
[2017.11.19-12.03.29:856][338]LogModuleManager: Shutting down and abandoning module WindowsServerTargetPlatform (77)
[2017.11.19-12.03.29:856][338]LogModuleManager: Shutting down and abandoning module WindowsNoEditorTargetPlatform (75)
[2017.11.19-12.03.29:856][338]LogModuleManager: Shutting down and abandoning module WindowsClientTargetPlatform (73)
[2017.11.19-12.03.29:856][338]LogModuleManager: Shutting down and abandoning module MacTargetPlatform (71)
[2017.11.19-12.03.29:856][338]LogModuleManager: Shutting down and abandoning module MacServerTargetPlatform (69)
[2017.11.19-12.03.29:856][338]LogModuleManager: Shutting down and abandoning module MacNoEditorTargetPlatform (67)
[2017.11.19-12.03.29:856][338]LogModuleManager: Shutting down and abandoning module MacClientTargetPlatform (65)
[2017.11.19-12.03.29:856][338]LogModuleManager: Shutting down and abandoning module AllDesktopTargetPlatform (63)
[2017.11.19-12.03.29:856][338]LogModuleManager: Shutting down and abandoning module InputCore (60)
[2017.11.19-12.03.29:856][338]LogModuleManager: Shutting down and abandoning module Settings (58)
[2017.11.19-12.03.29:856][338]LogModuleManager: Shutting down and abandoning module PhysXCooking (56)
[2017.11.19-12.03.29:856][338]LogModuleManager: Shutting down and abandoning module SteamVR (54)
[2017.11.19-12.03.29:856][338]LogModuleManager: Shutting down and abandoning module OculusHMD (52)
[2017.11.19-12.03.29:856][338]LogModuleManager: Shutting down and abandoning module ExampleDeviceProfileSelector (50)
[2017.11.19-12.03.29:856][338]LogModuleManager: Shutting down and abandoning module OnlineBlueprintSupport (48)
[2017.11.19-12.03.29:856][338]LogModuleManager: Shutting down and abandoning module OnlineSubsystem (44)
[2017.11.19-12.03.29:856][338]LogOnline: Display: Unloading online subsystem: NULL
[2017.11.19-12.03.29:857][338]LogModuleManager: Shutting down and abandoning module XMPP (43)
[2017.11.19-12.03.29:857][338]LogModuleManager: Shutting down and abandoning module HTTP (41)
[2017.11.19-12.03.29:857][338]LogHttp: Display: Http module shutting down, but needs to wait on 1 outstanding Http requests:
[2017.11.19-12.03.29:857][338]LogHttp: Display: 	verb=[POST] url=[https://datarouter.ol.epicgames.com/datarouter/api/v1/public/data?SessionID=%7BD44BD67B-4479-B6AD-5FED-6AB4596329E9%7D&AppID=UEEditor.Rocket.Release&AppVersion=4.17.2-3658906%2B%2B%2BUE4%2BRelease-4.17&UserID=57c24bfd4a485b1cce38f19eb7f0e7b6%7C553ac523754045eea9b022c60cfc7b9e%7Cc86b4139-ad29-455a-bdfa-03c0a1a1d1d5&AppEnvironment=datacollector-binary&UploadType=eteventstream] status=Processing
[2017.11.19-12.03.29:870][338]LogModuleManager: Shutting down and abandoning module SSL (40)
[2017.11.19-12.03.29:872][338]LogModuleManager: Shutting down and abandoning module AnimationModifiers (36)
[2017.11.19-12.03.29:872][338]LogModuleManager: Shutting down and abandoning module PropertyEditor (35)
[2017.11.19-12.03.29:872][338]LogModuleManager: Shutting down and abandoning module AudioEditor (32)
[2017.11.19-12.03.29:872][338]LogModuleManager: Shutting down and abandoning module TextureCompressor (30)
[2017.11.19-12.03.29:872][338]LogModuleManager: Shutting down and abandoning module ShaderCore (28)
[2017.11.19-12.03.29:872][338]LogModuleManager: Shutting down and abandoning module Landscape (26)
[2017.11.19-12.03.29:872][338]LogModuleManager: Shutting down and abandoning module SlateRHIRenderer (24)
[2017.11.19-12.03.29:874][338]LogModuleManager: Shutting down and abandoning module OpenGLDrv (22)
[2017.11.19-12.03.29:874][338]LogModuleManager: Shutting down and abandoning module D3D11RHI (20)
[2017.11.19-12.03.29:874][338]LogModuleManager: Shutting down and abandoning module AnimGraphRuntime (18)
[2017.11.19-12.03.29:874][338]LogModuleManager: Shutting down and abandoning module Renderer (16)
[2017.11.19-12.03.29:874][338]LogModuleManager: Shutting down and abandoning module Engine (14)
[2017.11.19-12.03.29:874][338]LogModuleManager: Shutting down and abandoning module CoreUObject (12)
[2017.11.19-12.03.29:874][338]LogModuleManager: Shutting down and abandoning module NetworkFile (10)
[2017.11.19-12.03.29:874][338]LogModuleManager: Shutting down and abandoning module CookedIterativeFile (8)
[2017.11.19-12.03.29:874][338]LogModuleManager: Shutting down and abandoning module StreamingFile (6)
[2017.11.19-12.03.29:874][338]LogModuleManager: Shutting down and abandoning module SandboxFile (4)
[2017.11.19-12.03.29:874][338]LogModuleManager: Shutting down and abandoning module PakFile (2)
[2017.11.19-12.03.29:877][338]LogExit: Exiting.
[2017.11.19-12.03.29:888][338]Log file closed, 11/19/17 12:03:29
