Log file open, 11/23/17 11:18:09
LogWindows: Failed to load 'aqProf.dll' (GetLastError=126)
LogWindows: File 'aqProf.dll' does not exist
LogWindows: Failed to load 'VtuneApi.dll' (GetLastError=126)
LogWindows: File 'VtuneApi.dll' does not exist
LogWindows: Failed to load 'VtuneApi32e.dll' (GetLastError=126)
LogWindows: File 'VtuneApi32e.dll' does not exist
LogInit: Display: Running engine for game: Puzzle_Island
LogPlatformFile: Not using cached read wrapper
LogInit: Display: RandInit(757458455) SRandInit(757458455).
LogTaskGraph: Started task graph with 5 named threads and 14 total threads with 3 sets of task threads.
LogStats: Stats thread started at 0.199057
LogD3D11RHI: Aftermath initialized
LogPluginManager: Mounting plugin Paper2D
LogPluginManager: Mounting plugin LightPropagationVolume
LogPluginManager: Mounting plugin CodeLiteSourceCodeAccess
LogPluginManager: Mounting plugin GitSourceControl
LogPluginManager: Mounting plugin KDevelopSourceCodeAccess
LogPluginManager: Mounting plugin NullSourceCodeAccess
LogPluginManager: Mounting plugin PerforceSourceControl
LogPluginManager: Mounting plugin SubversionSourceControl
LogPluginManager: Mounting plugin UObjectPlugin
LogPluginManager: Mounting plugin VisualStudioSourceCodeAccess
LogPluginManager: Mounting plugin XCodeSourceCodeAccess
LogPluginManager: Mounting plugin AssetManagerEditor
LogPluginManager: Mounting plugin AudioCapture
LogPluginManager: Mounting plugin FacialAnimation
LogPluginManager: Mounting plugin GameplayTagsEditor
LogPluginManager: Mounting plugin MobileLauncherProfileWizard
LogPluginManager: Mounting plugin PluginBrowser
LogPluginManager: Mounting plugin SpeedTreeImporter
LogPluginManager: Mounting plugin AlembicImporter
LogPluginManager: Mounting plugin CharacterAI
LogPluginManager: Mounting plugin HTML5Networking
LogPluginManager: Mounting plugin AndroidMedia
LogPluginManager: Mounting plugin AvfMedia
LogPluginManager: Mounting plugin MediaPlayerEditor
LogPluginManager: Mounting plugin WmfMedia
LogPluginManager: Mounting plugin TcpMessaging
LogPluginManager: Mounting plugin UdpMessaging
LogPluginManager: Mounting plugin LevelSequenceEditor
LogPluginManager: Mounting plugin MatineeToLevelSequence
LogPluginManager: Mounting plugin OnlineSubsystemGooglePlay
LogPluginManager: Mounting plugin OnlineSubsystemIOS
LogPluginManager: Mounting plugin OnlineSubsystem
LogPluginManager: Mounting plugin OnlineSubsystemNull
LogPluginManager: Mounting plugin OnlineSubsystemUtils
LogPluginManager: Mounting plugin AndroidDeviceProfileSelector
LogPluginManager: Mounting plugin AndroidMoviePlayer
LogPluginManager: Mounting plugin AndroidPermission
LogPluginManager: Mounting plugin AppleMoviePlayer
LogPluginManager: Mounting plugin ArchVisCharacter
LogPluginManager: Mounting plugin CableComponent
LogPluginManager: Mounting plugin CustomMeshComponent
LogPluginManager: Mounting plugin ExampleDeviceProfileSelector
LogPluginManager: Mounting plugin GoogleCloudMessaging
LogPluginManager: Mounting plugin ImmediatePhysics
LogPluginManager: Mounting plugin IOSDeviceProfileSelector
LogPluginManager: Mounting plugin LinuxDeviceProfileSelector
LogPluginManager: Mounting plugin LocationServicesBPLibrary
LogPluginManager: Mounting plugin MobilePatchingUtils
LogPluginManager: Mounting plugin OculusVR
LogPluginManager: Mounting plugin PhysXVehicles
LogPluginManager: Mounting plugin ProceduralMeshComponent
LogPluginManager: Mounting plugin RuntimePhysXCooking
LogPluginManager: Mounting plugin SteamVR
LogPluginManager: Mounting plugin WindowsMoviePlayer
LogInit: Using libcurl 7.47.1
LogInit:  - built for x86_64-pc-win32
LogInit:  - supports SSL with OpenSSL/1.0.2g
LogInit:  - supports HTTP deflate (compression) using libz 1.2.8
LogInit:  - other features:
LogInit:      CURL_VERSION_SSL
LogInit:      CURL_VERSION_LIBZ
LogInit:      CURL_VERSION_IPV6
LogInit:      CURL_VERSION_ASYNCHDNS
LogInit:      CURL_VERSION_LARGEFILE
LogInit:      CURL_VERSION_IDN
LogInit:  CurlRequestOptions (configurable via config and command line):
LogInit:  - bVerifyPeer = false  - Libcurl will NOT verify peer certificate
LogInit:  - bUseHttpProxy = false  - Libcurl will NOT use HTTP proxy
LogInit:  - bDontReuseConnections = false  - Libcurl will reuse connections
LogInit:  - CertBundlePath = nullptr  - Libcurl will use whatever was configured at build time.
LogInit: Build: ++UE4+Release-4.17-CL-3658906
LogInit: Engine Version: 4.17.2-3658906+++UE4+Release-4.17
LogInit: Compatible Engine Version: 4.17.0-3573198+++UE4+Release-4.17
LogInit: Net CL: 3573198
LogDevObjectVersion: Number of dev versions registered: 16
LogDevObjectVersion:   Dev-Blueprints (B0D832E4-1F89-4F0D-ACCF-7EB736FD4AA2): 10
LogDevObjectVersion:   Dev-Build (E1C64328-A22C-4D53-A36C-8E866417BD8C): 0
LogDevObjectVersion:   Dev-Core (375EC13C-06E4-48FB-B500-84F0262A717E): 2
LogDevObjectVersion:   Dev-Editor (E4B068ED-F494-42E9-A231-DA0B2E46BB41): 20
LogDevObjectVersion:   Dev-Framework (CFFC743F-43B0-4480-9391-14DF171D2073): 28
LogDevObjectVersion:   Dev-Mobile (B02B49B5-BB20-44E9-A304-32B752E40360): 0
LogDevObjectVersion:   Dev-Networking (A4E4105C-59A1-49B5-A7C5-40C4547EDFEE): 0
LogDevObjectVersion:   Dev-Online (39C831C9-5AE6-47DC-9A44-9C173E1C8E7C): 0
LogDevObjectVersion:   Dev-Physics (78F01B33-EBEA-4F98-B9B4-84EACCB95AA2): 0
LogDevObjectVersion:   Dev-Platform (6631380F-2D4D-43E0-8009-CF276956A95A): 0
LogDevObjectVersion:   Dev-Rendering (12F88B9F-8875-4AFC-A67C-D90C383ABD29): 19
LogDevObjectVersion:   Dev-Sequencer (7B5AE74C-D270-4C10-A958-57980B212A5A): 4
LogDevObjectVersion:   Dev-VR (D7296918-1DD6-4BDD-9DE2-64A83CC13884): 0
LogDevObjectVersion:   Dev-LoadTimes (C2A15278-BFE7-4AFE-6C17-90FF531DF755): 1
LogDevObjectVersion:   Private-Geometry (6EACA3D4-40EC-4CC1-B786-8BED09428FC5): 1
LogDevObjectVersion:   Dev-AnimPhys (29E575DD-E0A3-4627-9D10-D276232CDCEA): 7
LogInit: Compiled (64-bit): Sep 22 2017 13:47:16
LogInit: Compiled with Visual C++: 19.00.24215.01
LogInit: Build Configuration: Development
LogInit: Branch Name: ++UE4+Release-4.17
LogInit: Command line:  /Temp/Autosaves/Game/Maps/UEDPCPuzzle_Island -game -PIEVIACONSOLE -ResX=1280 -ResY=720  -Multiprocess -messaging -SessionName="Play in Standalone Game" -windowed 
LogInit: Base directory: C:/Program Files/Epic Games/UE_4.17/Engine/Binaries/Win64/
LogInit: Installed Engine Build: 1
LogInit: Presizing for max 8388607 objects, including 0 objects not considered by GC, pre-allocating 0 bytes for permanent pool.
LogInit: Object subsystem initialized
[2017.11.23-11.18.12:106][  0]LogInit: Selected Device Profile: [Windows]
[2017.11.23-11.18.12:106][  0]LogInit: Applying CVar settings loaded from the selected device profile: [Windows]
[2017.11.23-11.18.12:111][  0]LogInit: Computer: W65146
[2017.11.23-11.18.12:111][  0]LogInit: User: 2sketj33
[2017.11.23-11.18.12:111][  0]LogInit: CPU Page size=4096, Cores=4
[2017.11.23-11.18.12:111][  0]LogInit: High frequency timer resolution =3.613281 MHz
[2017.11.23-11.18.12:111][  0]LogMemory: Memory total: Physical=15.9GB (16GB approx)
[2017.11.23-11.18.12:111][  0]LogMemory: Platform Memory Stats for Windows
[2017.11.23-11.18.12:111][  0]LogMemory: Process Physical Memory: 283.25 MB used, 283.25 MB peak
[2017.11.23-11.18.12:111][  0]LogMemory: Process Virtual Memory: 291.34 MB used, 291.34 MB peak
[2017.11.23-11.18.12:111][  0]LogMemory: Physical Memory: 6491.04 MB used,  9811.12 MB free, 16302.15 MB total
[2017.11.23-11.18.12:111][  0]LogMemory: Virtual Memory: 677.54 MB used,  9811.12 MB free, 134217728.00 MB total
[2017.11.23-11.18.12:890][  0]LogInit: Using OS detected language (en-US).
[2017.11.23-11.18.12:890][  0]LogInit: Using OS detected locale (en-GB).
[2017.11.23-11.18.12:896][  0]LogTextLocalizationManager: No specific localization for 'en-US' exists, so the 'en' localization will be used.
[2017.11.23-11.18.13:560][  0]LogD3D11RHI: D3D11 adapters:
[2017.11.23-11.18.13:623][  0]LogD3D11RHI:    0. 'NVIDIA GeForce GTX 770' (Feature Level 11_0)
[2017.11.23-11.18.13:623][  0]LogD3D11RHI:       2017/0/8151 MB DedicatedVideo/DedicatedSystem/SharedSystem, Outputs:2, VendorId:0x10de
[2017.11.23-11.18.13:626][  0]LogD3D11RHI:    1. 'Microsoft Basic Render Driver' (Feature Level 11_0)
[2017.11.23-11.18.13:626][  0]LogD3D11RHI:       0/0/8151 MB DedicatedVideo/DedicatedSystem/SharedSystem, Outputs:0, VendorId:0x1414
[2017.11.23-11.18.13:626][  0]LogD3D11RHI: Chosen D3D11 Adapter: 0
[2017.11.23-11.18.13:633][  0]LogD3D11RHI: Creating new Direct3DDevice
[2017.11.23-11.18.13:633][  0]LogD3D11RHI:     GPU DeviceId: 0x1184 (for the marketing name, search the web for "GPU Device Id")
[2017.11.23-11.18.13:633][  0]LogWindows: EnumDisplayDevices:
[2017.11.23-11.18.13:633][  0]LogWindows:    0. 'NVIDIA GeForce GTX 770' (P:1 D:1)
[2017.11.23-11.18.13:633][  0]LogWindows:    1. 'NVIDIA GeForce GTX 770' (P:0 D:1)
[2017.11.23-11.18.13:634][  0]LogWindows:    2. 'NVIDIA GeForce GTX 770' (P:0 D:0)
[2017.11.23-11.18.13:634][  0]LogWindows:    3. 'NVIDIA GeForce GTX 770' (P:0 D:0)
[2017.11.23-11.18.13:634][  0]LogWindows: DebugString: FoundDriverCount:4 
[2017.11.23-11.18.13:634][  0]LogD3D11RHI:     Adapter Name: NVIDIA GeForce GTX 770
[2017.11.23-11.18.13:635][  0]LogD3D11RHI:   Driver Version: 388.13 (internal:23.21.13.8813, unified:388.13)
[2017.11.23-11.18.13:635][  0]LogD3D11RHI:      Driver Date: 10-27-2017
[2017.11.23-11.18.13:635][  0]LogRHI: Texture pool is 1361 MB (70% of 1945 MB)
[2017.11.23-11.18.13:672][  0]LogD3D11RHI: Async texture creation enabled
[2017.11.23-11.18.13:689][  0]LogD3D11RHI: GPU Timing Frequency: 1000.000000 (Debug: 2 2)
[2017.11.23-11.18.13:745][  0]LogShaderCompilers: Guid format shader working directory is -23 characters bigger than the processId version (../../../../../../Users/2sketj33/Desktop/Puzzle-Island-VGD/Puzzle_Island/Intermediate/Shaders/WorkingDirectory/8952/).
[2017.11.23-11.18.13:746][  0]LogShaderCompilers: Cleaned the shader compiler working directory 'C:/Users/2sketj33/AppData/Local/Temp/UnrealShaderWorkingDir/3BFDDBF440B30E04A0744BB56B4B69AE/'.
[2017.11.23-11.18.13:746][  0]LogShaderCompilers: Display: Using Local Shader Compiler.
[2017.11.23-11.18.15:329][  0]LogTemp: Display: Loaded TP WindowsClientTargetPlatform
[2017.11.23-11.18.15:548][  0]LogTemp: Display: Loaded TP WindowsNoEditorTargetPlatform
[2017.11.23-11.18.15:717][  0]LogTemp: Display: Loaded TP WindowsServerTargetPlatform
[2017.11.23-11.18.15:887][  0]LogTemp: Display: Loaded TP WindowsTargetPlatform
[2017.11.23-11.18.15:887][  0]LogTargetPlatformManager: Display: Building Assets For Windows
[2017.11.23-11.18.17:901][  0]LogDerivedDataCache: Display: Max Cache Size: 512 MB
[2017.11.23-11.18.17:990][  0]LogDerivedDataCache: Loaded boot cache 0.09s 93MB C:/Users/2sketj33/AppData/Local/UnrealEngine/4.17/DerivedDataCache/Boot.ddc.
[2017.11.23-11.18.17:990][  0]LogDerivedDataCache: Display: Loaded Boot cache: C:/Users/2sketj33/AppData/Local/UnrealEngine/4.17/DerivedDataCache/Boot.ddc
[2017.11.23-11.18.17:991][  0]LogDerivedDataCache: FDerivedDataBackendGraph:  Pak pak cache file ../../../../../../Users/2sketj33/Desktop/Puzzle-Island-VGD/Puzzle_Island/DerivedDataCache/DDC.ddp not found, will not use a pak cache.
[2017.11.23-11.18.17:991][  0]LogDerivedDataCache: Unable to find inner node Pak for hierarchical cache Hierarchy.
[2017.11.23-11.18.17:991][  0]LogDerivedDataCache: FDerivedDataBackendGraph:  CompressedPak pak cache file ../../../../../../Users/2sketj33/Desktop/Puzzle-Island-VGD/Puzzle_Island/DerivedDataCache/Compressed.ddp not found, will not use a pak cache.
[2017.11.23-11.18.17:991][  0]LogDerivedDataCache: Unable to find inner node CompressedPak for hierarchical cache Hierarchy.
[2017.11.23-11.18.18:010][  0]LogDerivedDataCache: Display: Pak cache opened for reading ../../../Engine/DerivedDataCache/Compressed.ddp.
[2017.11.23-11.18.18:022][  0]LogDerivedDataCache: Using Local data cache path C:/Users/2sketj33/AppData/Local/UnrealEngine/Common/DerivedDataCache: Writable
[2017.11.23-11.18.18:033][  0]LogMaterial: Verifying Global Shaders for PCD3D_SM5
[2017.11.23-11.18.18:034][  0]LogSlate: Using Freetype 2.6.0
[2017.11.23-11.18.18:035][  0]LogSlate: SlateFontCache - WITH_FREETYPE: 1, WITH_HARFBUZZ: 1
[2017.11.23-11.18.18:035][  0]LogSlate: SlateFontCache - WITH_FREETYPE: 1, WITH_HARFBUZZ: 1
[2017.11.23-11.18.18:364][  0]LogAssetRegistry: FAssetRegistry took 0.0054 seconds to start up
[2017.11.23-11.18.18:471][  0]LogPackageLocalizationCache: Processed 5 localized package path(s) for 2 prioritized culture(s) in 0.007791 seconds
[2017.11.23-11.18.18:603][  0]LogInit: Selected Device Profile: [Windows]
[2017.11.23-11.18.19:653][  0]LogSimplygon: Simplygon DLL not present - disabling.
[2017.11.23-11.18.19:819][  0]LogMeshReduction: Using SimplygonSwarm for distributed automatic mesh merging
[2017.11.23-11.18.19:819][  0]LogMeshReduction: Using QuadricMeshReduction for automatic static mesh reduction
[2017.11.23-11.18.19:819][  0]LogMeshReduction: No automatic skeletal mesh reduction module available
[2017.11.23-11.18.19:819][  0]LogMeshReduction: No automatic mesh merging module available
[2017.11.23-11.18.19:819][  0]LogMeshMerging: No automatic mesh merging module available
[2017.11.23-11.18.19:842][  0]LogContentStreaming: Texture pool size is 1000.00 MB
[2017.11.23-11.18.20:377][  0]LogNetVersion: Puzzle_Island , NetCL: 3573198, EngineNetVer: 2, GameNetVer: 0 (Checksum: 3939646741)
[2017.11.23-11.18.20:919][  0]LogInit: WinSock: version 1.1 (2.2), MaxSocks=32767, MaxUdp=65467
[2017.11.23-11.18.25:197][  0]LogMoviePlayer: Initializing movie player
[2017.11.23-11.18.26:172][  0]LogCollectionManager: Loaded 0 collections in 0.002370 seconds
[2017.11.23-11.18.26:300][  0]LogFileCache: Scanning file cache for directory 'C:/Users/2sketj33/Desktop/Puzzle-Island-VGD/Puzzle_Island/Saved/Collections/' took 0.01s
[2017.11.23-11.18.26:300][  0]LogFileCache: Scanning file cache for directory 'C:/Users/2sketj33/Desktop/Puzzle-Island-VGD/Puzzle_Island/Content/Developers/2sketj33/Collections/' took 0.01s
[2017.11.23-11.18.26:300][  0]LogFileCache: Scanning file cache for directory 'C:/Users/2sketj33/Desktop/Puzzle-Island-VGD/Puzzle_Island/Content/Collections/' took 0.01s
[2017.11.23-11.18.26:300][  0]LogCollectionManager: Rebuilt the object cache for 0 collections in 0.000001 seconds (found 0 objects)
[2017.11.23-11.18.26:300][  0]LogCollectionManager: Fixed up redirectors for 0 collections in 0.000074 seconds (updated 0 objects)
[2017.11.23-11.18.26:948][  0]LogTcpMessaging: Initializing TcpMessaging bridge
[2017.11.23-11.18.27:078][  0]LogUdpMessaging: Initializing bridge on interface 0.0.0.0:0 to multicast group 230.0.0.1:6666.
[2017.11.23-11.18.28:970][  0]SourceControl: Source control is disabled
[2017.11.23-11.18.28:970][  0]SourceControl: Source control is disabled
[2017.11.23-11.18.29:156][  0]SourceControl: Source control is disabled
[2017.11.23-11.18.30:229][  0]LogAndroidPermission: UAndroidPermissionCallbackProxy::GetInstance
[2017.11.23-11.18.31:203][  0]LogOcInput: OculusInput pre-init called
[2017.11.23-11.18.31:589][  0]LogUObjectArray: 39933 objects as part of root set at end of initial load.
[2017.11.23-11.18.31:589][  0]LogUObjectAllocator: 8994304 out of 0 bytes used by permanent object pool.
[2017.11.23-11.18.31:589][  0]LogUObjectArray: CloseDisregardForGC: 0/0 objects in disregard for GC pool
[2017.11.23-11.18.31:904][  0]LogEngine: Initializing Engine...
[2017.11.23-11.18.31:906][  0]LogHMD: Failed to initialize OpenVR with code 110
[2017.11.23-11.18.32:096][  0]LogStats: UGameplayTagsManager::ConstructGameplayTagTree: Construct from data asset -  0.000 s
[2017.11.23-11.18.32:096][  0]LogStats: UGameplayTagsManager::ConstructGameplayTagTree: GameplayTagTreeChangedEvent.Broadcast -  0.000 s
[2017.11.23-11.18.32:116][  0]LogInit: XAudio2 using 'T24B350-4 (NVIDIA High Definition Audio)' : 2 channels at 48 kHz using 16 bits per sample (channel mask 0x3)
[2017.11.23-11.18.32:133][  0]LogInit: FAudioDevice initialized.
[2017.11.23-11.18.32:156][  0]LogInit: Texture streaming: Enabled
[2017.11.23-11.18.32:174][  0]LogMaterial: Uniform references updated for custom material expression Custom.
[2017.11.23-11.18.33:035][  0]LogSlateStyle: Warning: Unable to find Slate Widget Style 'NormalText'. Using FTextBlockStyle defaults instead.
[2017.11.23-11.18.33:035][  0]LogSlateStyle: Warning: Unable to find Slate Widget Style 'SpinBox'. Using FSpinBoxStyle defaults instead.
[2017.11.23-11.18.33:882][  0]LogInit: Display: Game Engine Initialized.
[2017.11.23-11.18.33:882][  0]LogGameplayTags: Display: UGameplayTagsManager::DoneAddingNativeTags. DelegateIsBound: 0
[2017.11.23-11.18.34:543][  0]LogInit: Display: Starting Game.
[2017.11.23-11.18.34:543][  0]LogNet: Browse: /Temp/Autosaves/Game/Maps/UEDPCPuzzle_Island?Name=Player
[2017.11.23-11.18.34:543][  0]LogLoad: LoadMap: /Temp/Autosaves/Game/Maps/UEDPCPuzzle_Island?Name=Player
[2017.11.23-11.18.34:562][  0]LogMemory: Platform Memory Stats for Windows
[2017.11.23-11.18.34:562][  0]LogMemory: Process Physical Memory: 843.24 MB used, 975.68 MB peak
[2017.11.23-11.18.34:562][  0]LogMemory: Process Virtual Memory: 963.49 MB used, 1050.91 MB peak
[2017.11.23-11.18.34:562][  0]LogMemory: Physical Memory: 7012.90 MB used,  9289.25 MB free, 16302.15 MB total
[2017.11.23-11.18.34:562][  0]LogMemory: Virtual Memory: 1584.68 MB used,  9289.25 MB free, 134217728.00 MB total
[2017.11.23-11.18.34:562][  0]LogMemory: 
[2017.11.23-11.18.34:562][  0]Allocator Stats for TBB: (not implemented)
[2017.11.23-11.18.35:361][  0]LogAIModule: Creating AISystem for world Puzzle_Island
[2017.11.23-11.18.35:361][  0]LogLoad: Game class is 'Puzzle_IslandGameMode'
[2017.11.23-11.18.35:377][  0]LogWorld: Bringing World /Temp/Autosaves/Game/Maps/UEDPCPuzzle_Island.Puzzle_Island up for play (max tick rate 0) at 2017.11.23-11.18.35
[2017.11.23-11.18.35:378][  0]LogWorld: Bringing up level for play took: 0.007018
[2017.11.23-11.18.35:410][  0]LogLoad: Took 0.867019 seconds to LoadMap(/Temp/Autosaves/Game/Maps/UEDPCPuzzle_Island)
[2017.11.23-11.18.36:096][  0]LogRenderer: Reallocating scene render targets to support 1280x720 Format 10 NumSamples 1 (Frame:1).
[2017.11.23-11.18.36:096][  0]LogLoad: (Engine Initialization) Total time: 28.38 seconds
[2017.11.23-11.18.36:096][  0]LogLoad: (Engine Initialization) Total Blueprint compile time: 0.00 seconds
[2017.11.23-11.18.36:097][  0]LogExternalProfiler: Found external profiler: VSPerf
[2017.11.23-11.18.36:097][  0]LogExternalProfiler: Using external profiler: VSPerf
[2017.11.23-11.18.36:113][  0]LogWindowsTextInputMethodSystem: Display: IME system now deactivated.
[2017.11.23-11.18.48:480][748]LogPackageName: SearchForPackageOnDisk took   0.229s to resolve Jigsaw_Scene.umap.
[2017.11.23-11.18.48:623][749]LogPackageName: SearchForPackageOnDisk took   0.141s to resolve Jigsaw_Scene.umap.
[2017.11.23-11.18.48:624][749]LogNet: Browse: /Game/Maps/Jigsaw_Scene
[2017.11.23-11.18.48:624][749]LogLoad: LoadMap: /Game/Maps/Jigsaw_Scene
[2017.11.23-11.18.48:650][749]LogMemory: Platform Memory Stats for Windows
[2017.11.23-11.18.48:650][749]LogMemory: Process Physical Memory: 944.37 MB used, 1002.41 MB peak
[2017.11.23-11.18.48:650][749]LogMemory: Process Virtual Memory: 1151.07 MB used, 1223.71 MB peak
[2017.11.23-11.18.48:650][749]LogMemory: Physical Memory: 7123.50 MB used,  9178.65 MB free, 16302.15 MB total
[2017.11.23-11.18.48:650][749]LogMemory: Virtual Memory: 1840.82 MB used,  9178.65 MB free, 134217728.00 MB total
[2017.11.23-11.18.48:650][749]LogMemory: 
[2017.11.23-11.18.48:651][749]Allocator Stats for TBB: (not implemented)
[2017.11.23-11.18.48:707][749]LogLinker: Warning: Can't find file '/Game/Maps/Jigsaw_Scene_BuiltData'
[2017.11.23-11.18.48:707][749]LogUObjectGlobals: Warning: Failed to load '/Game/Maps/Jigsaw_Scene_BuiltData': Can't find file '/Game/Maps/Jigsaw_Scene_BuiltData'
[2017.11.23-11.18.48:708][749]LogLinker: Warning: Can't find file for asset '/Game/Maps/Jigsaw_Scene_BuiltData' while loading NULL.
[2017.11.23-11.18.48:708][749]LogUObjectGlobals: Warning: Failed to load '/Game/Maps/Jigsaw_Scene_BuiltData': Can't find file for asset '/Game/Maps/Jigsaw_Scene_BuiltData' while loading NULL.
[2017.11.23-11.18.48:755][749]LogLinker: Warning: Can't find file '/Game/Maps/Jigsaw_Scene_BuiltData'
[2017.11.23-11.18.48:755][749]LoadErrors: Failed to load /Game/Maps/Jigsaw_Scene_BuiltData.Jigsaw_Scene_BuiltData Referenced by PersistentLevel
[2017.11.23-11.18.48:755][749]LogUObjectGlobals: Warning: Failed to load '/Game/Maps/Jigsaw_Scene_BuiltData': Can't find file '/Game/Maps/Jigsaw_Scene_BuiltData'
[2017.11.23-11.18.48:756][749]LogLinker: Warning: Can't find file for asset '/Game/Maps/Jigsaw_Scene_BuiltData' while loading NULL.
[2017.11.23-11.18.48:756][749]LoadErrors: Failed to load /Game/Maps/Jigsaw_Scene_BuiltData.Jigsaw_Scene_BuiltData Referenced by PersistentLevel
[2017.11.23-11.18.48:756][749]LogUObjectGlobals: Warning: Failed to load '/Game/Maps/Jigsaw_Scene_BuiltData': Can't find file for asset '/Game/Maps/Jigsaw_Scene_BuiltData' while loading NULL.
[2017.11.23-11.18.48:775][749]LogAIModule: Creating AISystem for world Jigsaw_Scene
[2017.11.23-11.18.48:776][749]LogLoad: Game class is '2D_GameMode_C'
[2017.11.23-11.18.48:778][749]LogWorld: Bringing World /Game/Maps/Jigsaw_Scene.Jigsaw_Scene up for play (max tick rate 0) at 2017.11.23-11.18.48
[2017.11.23-11.18.48:778][749]LogWorld: Bringing up level for play took: 0.001547
[2017.11.23-11.18.48:779][749]LogGameMode: FindPlayerStart: PATHS NOT DEFINED or NO PLAYERSTART with positive rating
[2017.11.23-11.18.48:780][749]LogLoad: Took 0.156278 seconds to LoadMap(/Game/Maps/Jigsaw_Scene)
[2017.11.23-11.18.50:535][849]LogPackageName: SearchForPackageOnDisk took   0.156s to resolve Puzzle_Island.umap.
[2017.11.23-11.18.50:683][850]LogPackageName: SearchForPackageOnDisk took   0.146s to resolve Puzzle_Island.umap.
[2017.11.23-11.18.50:683][850]LogNet: Browse: /Game/Maps/Puzzle_Island
[2017.11.23-11.18.50:683][850]LogLoad: LoadMap: /Game/Maps/Puzzle_Island
[2017.11.23-11.18.50:704][850]LogMemory: Platform Memory Stats for Windows
[2017.11.23-11.18.50:704][850]LogMemory: Process Physical Memory: 963.05 MB used, 1002.41 MB peak
[2017.11.23-11.18.50:704][850]LogMemory: Process Virtual Memory: 1240.76 MB used, 1243.52 MB peak
[2017.11.23-11.18.50:704][850]LogMemory: Physical Memory: 7142.66 MB used,  9159.50 MB free, 16302.15 MB total
[2017.11.23-11.18.50:704][850]LogMemory: Virtual Memory: 1901.26 MB used,  9159.50 MB free, 134217728.00 MB total
[2017.11.23-11.18.50:704][850]LogMemory: 
[2017.11.23-11.18.50:704][850]Allocator Stats for TBB: (not implemented)
[2017.11.23-11.18.50:988][850]LogAIModule: Creating AISystem for world Puzzle_Island
[2017.11.23-11.18.50:989][850]LogLoad: Game class is 'Puzzle_IslandGameMode'
[2017.11.23-11.18.50:995][850]LogWorld: Bringing World /Game/Maps/Puzzle_Island.Puzzle_Island up for play (max tick rate 0) at 2017.11.23-11.18.50
[2017.11.23-11.18.50:996][850]LogWorld: Bringing up level for play took: 0.006967
[2017.11.23-11.18.51:026][850]LogLoad: Took 0.343026 seconds to LoadMap(/Game/Maps/Puzzle_Island)
[2017.11.23-11.19.41:559][971]LogWindowsTextInputMethodSystem: Display: IME system now deactivated.
[2017.11.23-11.19.41:561][971]LogEngine: All Windows Closed
[2017.11.23-11.19.41:561][971]LogWindows: FPlatformMisc::RequestExit(0)
[2017.11.23-11.19.41:948][972]LogExit: Preparing to exit.
[2017.11.23-11.19.41:948][972]LogMoviePlayer: Shutting down movie player
[2017.11.23-11.19.42:340][972]LogExit: Game engine shut down
[2017.11.23-11.19.42:743][972]LogExit: Object subsystem successfully closed.
[2017.11.23-11.19.42:825][972]LogD3D11RHI: Shutdown
[2017.11.23-11.19.42:825][972]LogD3D11RHI: CleanupD3DDevice
[2017.11.23-11.19.42:842][972]LogD3D11RHI: ~FD3D11DynamicRHI
[2017.11.23-11.19.42:964][972]LogModuleManager: Shutting down and abandoning module SequenceRecorderSections (306)
[2017.11.23-11.19.42:964][972]LogModuleManager: Shutting down and abandoning module SequenceRecorder (304)
[2017.11.23-11.19.42:964][972]LogModuleManager: Shutting down and abandoning module AutomationController (302)
[2017.11.23-11.19.42:965][972]LogModuleManager: Shutting down and abandoning module AutomationWorker (300)
[2017.11.23-11.19.42:965][972]LogModuleManager: Shutting down and abandoning module AIModule (298)
[2017.11.23-11.19.42:965][972]LogModuleManager: Shutting down and abandoning module GameplayDebugger (297)
[2017.11.23-11.19.42:965][972]LogModuleManager: Shutting down and abandoning module AITestSuite (295)
[2017.11.23-11.19.42:965][972]LogModuleManager: Shutting down and abandoning module WmfMediaFactory (292)
[2017.11.23-11.19.42:965][972]LogModuleManager: Shutting down and abandoning module AvfMediaFactory (290)
[2017.11.23-11.19.42:965][972]LogModuleManager: Shutting down and abandoning module AndroidMediaFactory (288)
[2017.11.23-11.19.42:965][972]LogModuleManager: Shutting down and abandoning module Media (287)
[2017.11.23-11.19.42:965][972]LogModuleManager: Shutting down and abandoning module CharacterAI (284)
[2017.11.23-11.19.42:965][972]LogModuleManager: Shutting down and abandoning module SessionServices (282)
[2017.11.23-11.19.42:965][972]LogModuleManager: Shutting down and abandoning module MovieSceneCapture (280)
[2017.11.23-11.19.42:965][972]LogModuleManager: Shutting down and abandoning module MovieSceneTracks (278)
[2017.11.23-11.19.42:965][972]LogModuleManager: Shutting down and abandoning module MovieScene (276)
[2017.11.23-11.19.42:965][972]LogModuleManager: Shutting down and abandoning module GeometryCache (274)
[2017.11.23-11.19.42:965][972]LogModuleManager: Shutting down and abandoning module GeometryCacheEd (273)
[2017.11.23-11.19.42:965][972]LogModuleManager: Shutting down and abandoning module Niagara (270)
[2017.11.23-11.19.42:965][972]LogModuleManager: Shutting down and abandoning module NiagaraEditor (269)
[2017.11.23-11.19.42:979][972]LogModuleManager: Shutting down and abandoning module StreamingPauseRendering (266)
[2017.11.23-11.19.42:980][972]LogModuleManager: Shutting down and abandoning module PortalServices (264)
[2017.11.23-11.19.42:980][972]LogModuleManager: Shutting down and abandoning module PortalRpc (262)
[2017.11.23-11.19.42:980][972]LogModuleManager: Shutting down and abandoning module MessagingRpc (260)
[2017.11.23-11.19.42:980][972]LogModuleManager: Shutting down and abandoning module ProfilerService (258)
[2017.11.23-11.19.43:216][972]LogModuleManager: Shutting down and abandoning module TaskGraph (256)
[2017.11.23-11.19.43:216][972]LogModuleManager: Shutting down and abandoning module SteamVRController (254)
[2017.11.23-11.19.43:216][972]LogModuleManager: Shutting down and abandoning module ProceduralMeshComponent (252)
[2017.11.23-11.19.43:216][972]LogModuleManager: Shutting down and abandoning module OculusInput (250)
[2017.11.23-11.19.43:216][972]LogModuleManager: Shutting down and abandoning module MobilePatchingUtils (248)
[2017.11.23-11.19.43:216][972]LogModuleManager: Shutting down and abandoning module CustomMeshComponent (246)
[2017.11.23-11.19.43:216][972]LogModuleManager: Shutting down and abandoning module CableComponent (244)
[2017.11.23-11.19.43:216][972]LogModuleManager: Shutting down and abandoning module ArchVisCharacter (242)
[2017.11.23-11.19.43:216][972]LogModuleManager: Shutting down and abandoning module AndroidPermission (240)
[2017.11.23-11.19.43:216][972]LogModuleManager: Shutting down and abandoning module HTML5Networking (236)
[2017.11.23-11.19.43:216][972]LogModuleManager: Shutting down and abandoning module VisualStudioSourceCodeAccess (234)
[2017.11.23-11.19.43:216][972]LogModuleManager: Shutting down and abandoning module DesktopPlatform (233)
[2017.11.23-11.19.43:216][972]LogModuleManager: Shutting down and abandoning module HotReload (231)
[2017.11.23-11.19.43:217][972]LogDirectoryWatcher: A directory notification for 'C:/Users/2sketj33/Desktop/Puzzle-Island-VGD/Puzzle_Island/Binaries/Win64' was aborted.
[2017.11.23-11.19.43:217][972]LogModuleManager: Shutting down and abandoning module UObjectPlugin (228)
[2017.11.23-11.19.43:217][972]LogModuleManager: Shutting down and abandoning module SubversionSourceControl (226)
[2017.11.23-11.19.43:217][972]LogModuleManager: Shutting down and abandoning module PerforceSourceControl (224)
[2017.11.23-11.19.43:217][972]LogModuleManager: Shutting down and abandoning module SourceControl (223)
[2017.11.23-11.19.43:217][972]LogModuleManager: Shutting down and abandoning module Puzzle_Island (220)
[2017.11.23-11.19.43:217][972]LogModuleManager: Shutting down and abandoning module RuntimePhysXCooking (218)
[2017.11.23-11.19.43:217][972]LogModuleManager: Shutting down and abandoning module PhysXVehiclesEditor (216)
[2017.11.23-11.19.43:217][972]LogModuleManager: Shutting down and abandoning module PhysXVehicles (214)
[2017.11.23-11.19.43:217][972]LogModuleManager: Shutting down and abandoning module LocationServicesBPLibrary (212)
[2017.11.23-11.19.43:217][972]LogModuleManager: Shutting down and abandoning module ImmediatePhysicsEditor (210)
[2017.11.23-11.19.43:217][972]LogModuleManager: Shutting down and abandoning module ImmediatePhysics (208)
[2017.11.23-11.19.43:217][972]LogModuleManager: Shutting down and abandoning module UdpMessaging (206)
[2017.11.23-11.19.43:317][972]LogModuleManager: Shutting down and abandoning module TcpMessaging (204)
[2017.11.23-11.19.43:418][972]LogModuleManager: Shutting down and abandoning module GameplayTagsEditor (202)
[2017.11.23-11.19.43:418][972]LogModuleManager: Shutting down and abandoning module FacialAnimation (200)
[2017.11.23-11.19.43:418][972]LogModuleManager: Shutting down and abandoning module AssetManagerEditor (198)
[2017.11.23-11.19.43:418][972]LogModuleManager: Shutting down and abandoning module GraphEditor (197)
[2017.11.23-11.19.43:418][972]LogModuleManager: Shutting down and abandoning module ContentBrowser (195)
[2017.11.23-11.19.43:418][972]LogModuleManager: Shutting down and abandoning module CollectionManager (194)
[2017.11.23-11.19.43:418][972]LogDirectoryWatcher: A directory notification for 'C:/Users/2sketj33/Desktop/Puzzle-Island-VGD/Puzzle_Island/Content/Collections/' was aborted.
[2017.11.23-11.19.43:418][972]LogDirectoryWatcher: A directory notification for 'C:/Users/2sketj33/Desktop/Puzzle-Island-VGD/Puzzle_Island/Content/Developers/2sketj33/Collections/' was aborted.
[2017.11.23-11.19.43:418][972]LogDirectoryWatcher: A directory notification for 'C:/Users/2sketj33/Desktop/Puzzle-Island-VGD/Puzzle_Island/Saved/Collections/' was aborted.
[2017.11.23-11.19.43:419][972]LogModuleManager: Shutting down and abandoning module DirectoryWatcher (193)
[2017.11.23-11.19.43:419][972]LogModuleManager: Shutting down and abandoning module LightPropagationVolumeRuntime (188)
[2017.11.23-11.19.43:419][972]LogModuleManager: Shutting down and abandoning module Paper2D (186)
[2017.11.23-11.19.43:419][972]LogModuleManager: Shutting down and abandoning module WindowsMoviePlayer (184)
[2017.11.23-11.19.43:419][972]LogModuleManager: Shutting down and abandoning module WmfMedia (182)
[2017.11.23-11.19.43:419][972]LogModuleManager: Shutting down and abandoning module PacketHandler (180)
[2017.11.23-11.19.43:419][972]LogModuleManager: Shutting down and abandoning module ClothingSystemEditor (178)
[2017.11.23-11.19.43:419][972]LogModuleManager: Shutting down and abandoning module ClothingSystemRuntime (176)
[2017.11.23-11.19.43:436][972]LogModuleManager: Shutting down and abandoning module Overlay (174)
[2017.11.23-11.19.43:436][972]LogModuleManager: Shutting down and abandoning module OverlayEditor (173)
[2017.11.23-11.19.43:436][972]LogModuleManager: Shutting down and abandoning module MediaAssets (170)
[2017.11.23-11.19.43:436][972]LogModuleManager: Shutting down and abandoning module VREditor (168)
[2017.11.23-11.19.43:451][972]LogModuleManager: Shutting down and abandoning module StringTableEditor (166)
[2017.11.23-11.19.43:451][972]LogModuleManager: Shutting down and abandoning module GameplayTasksEditor (164)
[2017.11.23-11.19.43:451][972]LogModuleManager: Shutting down and abandoning module BehaviorTreeEditor (162)
[2017.11.23-11.19.43:470][972]LogModuleManager: Shutting down and abandoning module FunctionalTesting (160)
[2017.11.23-11.19.43:470][972]LogModuleManager: Shutting down and abandoning module CollisionAnalyzer (158)
[2017.11.23-11.19.43:471][972]LogModuleManager: Shutting down and abandoning module WorkspaceMenuStructure (157)
[2017.11.23-11.19.43:471][972]LogModuleManager: Shutting down and abandoning module UMG (154)
[2017.11.23-11.19.43:471][972]LogModuleManager: Shutting down and abandoning module UMGEditor (153)
[2017.11.23-11.19.43:486][972]LogModuleManager: Shutting down and abandoning module Sequencer (152)
[2017.11.23-11.19.43:486][972]LogModuleManager: Shutting down and abandoning module MessageLog (149)
[2017.11.23-11.19.43:486][972]LogModuleManager: Shutting down and abandoning module SlateReflector (144)
[2017.11.23-11.19.43:496][972]LogModuleManager: Shutting down and abandoning module Slate (142)
[2017.11.23-11.19.43:496][972]LogModuleManager: Shutting down and abandoning module EditorStyle (140)
[2017.11.23-11.19.43:499][972]LogModuleManager: Shutting down and abandoning module MRMesh (138)
[2017.11.23-11.19.43:499][972]LogModuleManager: Shutting down and abandoning module Messaging (136)
[2017.11.23-11.19.43:499][972]LogModuleManager: Shutting down and abandoning module SourceCodeAccess (134)
[2017.11.23-11.19.43:499][972]LogModuleManager: Shutting down and abandoning module HeadMountedDisplay (132)
[2017.11.23-11.19.43:499][972]LogModuleManager: Shutting down and abandoning module XAudio2 (130)
[2017.11.23-11.19.43:499][972]LogModuleManager: Shutting down and abandoning module Networking (128)
[2017.11.23-11.19.43:499][972]LogModuleManager: Shutting down and abandoning module Core (124)
[2017.11.23-11.19.43:499][972]LogModuleManager: Shutting down and abandoning module KismetCompiler (122)
[2017.11.23-11.19.43:499][972]LogModuleManager: Shutting down and abandoning module LevelSequence (120)
[2017.11.23-11.19.43:499][972]LogModuleManager: Shutting down and abandoning module MeshUtilities (118)
[2017.11.23-11.19.43:499][972]LogModuleManager: Shutting down and abandoning module MeshMergeUtilities (117)
[2017.11.23-11.19.43:499][972]LogModuleManager: Shutting down and abandoning module MeshReductionInterface (116)
[2017.11.23-11.19.43:499][972]LogModuleManager: Shutting down and abandoning module SimplygonSwarm (115)
[2017.11.23-11.19.43:505][972]LogModuleManager: Shutting down and abandoning module SimplygonMeshReduction (113)
[2017.11.23-11.19.43:505][972]LogModuleManager: Shutting down and abandoning module QuadricMeshReduction (111)
[2017.11.23-11.19.43:505][972]LogModuleManager: Shutting down and abandoning module MaterialBaking (107)
[2017.11.23-11.19.43:505][972]LogModuleManager: Shutting down and abandoning module DerivedDataCache (102)
[2017.11.23-11.19.43:586][972]LogDerivedDataCache: Shutdown
[2017.11.23-11.19.43:586][972]LogModuleManager: Shutting down and abandoning module TargetPlatform (100)
[2017.11.23-11.19.43:586][972]LogModuleManager: Shutting down and abandoning module VulkanShaderFormat (99)
[2017.11.23-11.19.43:586][972]LogModuleManager: Shutting down and abandoning module ShaderFormatVectorVM (97)
[2017.11.23-11.19.43:603][972]LogModuleManager: Shutting down and abandoning module ShaderFormatOpenGL (95)
[2017.11.23-11.19.43:606][972]LogModuleManager: Shutting down and abandoning module ShaderFormatD3D (93)
[2017.11.23-11.19.43:606][972]LogModuleManager: Shutting down and abandoning module MetalShaderFormat (91)
[2017.11.23-11.19.43:624][972]LogModuleManager: Shutting down and abandoning module TextureFormatUncompressed (89)
[2017.11.23-11.19.43:624][972]LogModuleManager: Shutting down and abandoning module TextureFormatPVR (87)
[2017.11.23-11.19.43:624][972]LogModuleManager: Shutting down and abandoning module TextureFormatDXT (85)
[2017.11.23-11.19.43:624][972]LogModuleManager: Shutting down and abandoning module TextureFormatIntelISPCTexComp (83)
[2017.11.23-11.19.43:624][972]LogModuleManager: Shutting down and abandoning module TextureFormatASTC (81)
[2017.11.23-11.19.43:624][972]LogModuleManager: Shutting down and abandoning module ImageWrapper (80)
[2017.11.23-11.19.43:624][972]LogModuleManager: Shutting down and abandoning module TextureFormatAndroid (77)
[2017.11.23-11.19.43:624][972]LogModuleManager: Shutting down and abandoning module AudioFormatOpus (75)
[2017.11.23-11.19.43:624][972]LogModuleManager: Shutting down and abandoning module AudioFormatOgg (73)
[2017.11.23-11.19.43:624][972]LogModuleManager: Shutting down and abandoning module AudioFormatADPCM (71)
[2017.11.23-11.19.43:624][972]LogModuleManager: Shutting down and abandoning module WindowsTargetPlatform (69)
[2017.11.23-11.19.43:624][972]LogModuleManager: Shutting down and abandoning module WindowsServerTargetPlatform (67)
[2017.11.23-11.19.43:624][972]LogModuleManager: Shutting down and abandoning module WindowsNoEditorTargetPlatform (65)
[2017.11.23-11.19.43:624][972]LogModuleManager: Shutting down and abandoning module WindowsClientTargetPlatform (63)
[2017.11.23-11.19.43:624][972]LogModuleManager: Shutting down and abandoning module InputCore (60)
[2017.11.23-11.19.43:624][972]LogModuleManager: Shutting down and abandoning module Settings (58)
[2017.11.23-11.19.43:624][972]LogModuleManager: Shutting down and abandoning module PhysXCooking (56)
[2017.11.23-11.19.43:624][972]LogModuleManager: Shutting down and abandoning module SteamVR (54)
[2017.11.23-11.19.43:624][972]LogModuleManager: Shutting down and abandoning module OculusHMD (52)
[2017.11.23-11.19.43:624][972]LogModuleManager: Shutting down and abandoning module ExampleDeviceProfileSelector (50)
[2017.11.23-11.19.43:624][972]LogModuleManager: Shutting down and abandoning module OnlineBlueprintSupport (48)
[2017.11.23-11.19.43:624][972]LogModuleManager: Shutting down and abandoning module OnlineSubsystem (44)
[2017.11.23-11.19.43:624][972]LogOnline: Display: Unloading online subsystem: NULL
[2017.11.23-11.19.43:643][972]LogModuleManager: Shutting down and abandoning module XMPP (43)
[2017.11.23-11.19.43:662][972]LogModuleManager: Shutting down and abandoning module HTTP (41)
[2017.11.23-11.19.43:696][972]LogModuleManager: Shutting down and abandoning module SSL (40)
[2017.11.23-11.19.43:697][972]LogModuleManager: Shutting down and abandoning module AnimationModifiers (36)
[2017.11.23-11.19.43:697][972]LogModuleManager: Shutting down and abandoning module PropertyEditor (35)
[2017.11.23-11.19.43:697][972]LogModuleManager: Shutting down and abandoning module AudioEditor (32)
[2017.11.23-11.19.43:715][972]LogModuleManager: Shutting down and abandoning module TextureCompressor (30)
[2017.11.23-11.19.43:716][972]LogModuleManager: Shutting down and abandoning module ShaderCore (28)
[2017.11.23-11.19.43:716][972]LogModuleManager: Shutting down and abandoning module Landscape (26)
[2017.11.23-11.19.43:716][972]LogModuleManager: Shutting down and abandoning module SlateRHIRenderer (24)
[2017.11.23-11.19.43:737][972]LogModuleManager: Shutting down and abandoning module OpenGLDrv (22)
[2017.11.23-11.19.43:737][972]LogModuleManager: Shutting down and abandoning module D3D11RHI (20)
[2017.11.23-11.19.43:737][972]LogModuleManager: Shutting down and abandoning module AnimGraphRuntime (18)
[2017.11.23-11.19.43:737][972]LogModuleManager: Shutting down and abandoning module Renderer (16)
[2017.11.23-11.19.43:737][972]LogModuleManager: Shutting down and abandoning module Engine (14)
[2017.11.23-11.19.43:737][972]LogModuleManager: Shutting down and abandoning module CoreUObject (12)
[2017.11.23-11.19.43:737][972]LogModuleManager: Shutting down and abandoning module NetworkFile (10)
[2017.11.23-11.19.43:737][972]LogModuleManager: Shutting down and abandoning module CookedIterativeFile (8)
[2017.11.23-11.19.43:737][972]LogModuleManager: Shutting down and abandoning module StreamingFile (6)
[2017.11.23-11.19.43:737][972]LogModuleManager: Shutting down and abandoning module SandboxFile (4)
[2017.11.23-11.19.43:737][972]LogModuleManager: Shutting down and abandoning module PakFile (2)
[2017.11.23-11.19.43:739][972]LogExit: Exiting.
[2017.11.23-11.19.43:741][972]Log file closed, 11/23/17 11:19:43
