Log file open, 11/21/17 19:31:07
LogWindows: Failed to load 'aqProf.dll' (GetLastError=126)
LogWindows: File 'aqProf.dll' does not exist
LogWindows: Failed to load 'VtuneApi.dll' (GetLastError=126)
LogWindows: File 'VtuneApi.dll' does not exist
LogWindows: Failed to load 'VtuneApi32e.dll' (GetLastError=126)
LogWindows: File 'VtuneApi32e.dll' does not exist
LogInit: Display: Running engine for game: Puzzle_Island
LogPlatformFile: Not using cached read wrapper
LogInit: Display: RandInit(-1616283306) SRandInit(-1616283306).
LogTaskGraph: Started task graph with 5 named threads and 14 total threads with 3 sets of task threads.
LogStats: Stats thread started at 3.283527
LogD3D11RHI: Aftermath initialized
LogPluginManager: Mounting plugin Paper2D
LogPluginManager: Mounting plugin LightPropagationVolume
LogPluginManager: Mounting plugin CodeLiteSourceCodeAccess
LogPluginManager: Mounting plugin GitSourceControl
LogPluginManager: Mounting plugin KDevelopSourceCodeAccess
LogPluginManager: Mounting plugin NullSourceCodeAccess
LogPluginManager: Mounting plugin PerforceSourceControl
LogPluginManager: Mounting plugin SubversionSourceControl
LogPluginManager: Mounting plugin UObjectPlugin
LogPluginManager: Mounting plugin VisualStudioSourceCodeAccess
LogPluginManager: Mounting plugin XCodeSourceCodeAccess
LogPluginManager: Mounting plugin AssetManagerEditor
LogPluginManager: Mounting plugin AudioCapture
LogPluginManager: Mounting plugin FacialAnimation
LogPluginManager: Mounting plugin GameplayTagsEditor
LogPluginManager: Mounting plugin MobileLauncherProfileWizard
LogPluginManager: Mounting plugin PluginBrowser
LogPluginManager: Mounting plugin SpeedTreeImporter
LogPluginManager: Mounting plugin AlembicImporter
LogPluginManager: Mounting plugin CharacterAI
LogPluginManager: Mounting plugin HTML5Networking
LogPluginManager: Mounting plugin AndroidMedia
LogPluginManager: Mounting plugin AvfMedia
LogPluginManager: Mounting plugin MediaPlayerEditor
LogPluginManager: Mounting plugin WmfMedia
LogPluginManager: Mounting plugin TcpMessaging
LogPluginManager: Mounting plugin UdpMessaging
LogPluginManager: Mounting plugin LevelSequenceEditor
LogPluginManager: Mounting plugin MatineeToLevelSequence
LogPluginManager: Mounting plugin OnlineSubsystemGooglePlay
LogPluginManager: Mounting plugin OnlineSubsystemIOS
LogPluginManager: Mounting plugin OnlineSubsystem
LogPluginManager: Mounting plugin OnlineSubsystemNull
LogPluginManager: Mounting plugin OnlineSubsystemUtils
LogPluginManager: Mounting plugin AndroidDeviceProfileSelector
LogPluginManager: Mounting plugin AndroidMoviePlayer
LogPluginManager: Mounting plugin AndroidPermission
LogPluginManager: Mounting plugin AppleMoviePlayer
LogPluginManager: Mounting plugin ArchVisCharacter
LogPluginManager: Mounting plugin CableComponent
LogPluginManager: Mounting plugin CustomMeshComponent
LogPluginManager: Mounting plugin ExampleDeviceProfileSelector
LogPluginManager: Mounting plugin GoogleCloudMessaging
LogPluginManager: Mounting plugin ImmediatePhysics
LogPluginManager: Mounting plugin IOSDeviceProfileSelector
LogPluginManager: Mounting plugin LinuxDeviceProfileSelector
LogPluginManager: Mounting plugin LocationServicesBPLibrary
LogPluginManager: Mounting plugin MobilePatchingUtils
LogPluginManager: Mounting plugin OculusVR
LogPluginManager: Mounting plugin PhysXVehicles
LogPluginManager: Mounting plugin ProceduralMeshComponent
LogPluginManager: Mounting plugin RuntimePhysXCooking
LogPluginManager: Mounting plugin SteamVR
LogPluginManager: Mounting plugin WindowsMoviePlayer
LogInit: Using libcurl 7.47.1
LogInit:  - built for x86_64-pc-win32
LogInit:  - supports SSL with OpenSSL/1.0.2g
LogInit:  - supports HTTP deflate (compression) using libz 1.2.8
LogInit:  - other features:
LogInit:      CURL_VERSION_SSL
LogInit:      CURL_VERSION_LIBZ
LogInit:      CURL_VERSION_IPV6
LogInit:      CURL_VERSION_ASYNCHDNS
LogInit:      CURL_VERSION_LARGEFILE
LogInit:      CURL_VERSION_IDN
LogInit:  CurlRequestOptions (configurable via config and command line):
LogInit:  - bVerifyPeer = false  - Libcurl will NOT verify peer certificate
LogInit:  - bUseHttpProxy = false  - Libcurl will NOT use HTTP proxy
LogInit:  - bDontReuseConnections = false  - Libcurl will reuse connections
LogInit:  - CertBundlePath = nullptr  - Libcurl will use whatever was configured at build time.
LogInit: Build: ++UE4+Release-4.17-CL-3658906
LogInit: Engine Version: 4.17.2-3658906+++UE4+Release-4.17
LogInit: Compatible Engine Version: 4.17.0-3573198+++UE4+Release-4.17
LogInit: Net CL: 3573198
LogDevObjectVersion: Number of dev versions registered: 16
LogDevObjectVersion:   Dev-Blueprints (B0D832E4-1F89-4F0D-ACCF-7EB736FD4AA2): 10
LogDevObjectVersion:   Dev-Build (E1C64328-A22C-4D53-A36C-8E866417BD8C): 0
LogDevObjectVersion:   Dev-Core (375EC13C-06E4-48FB-B500-84F0262A717E): 2
LogDevObjectVersion:   Dev-Editor (E4B068ED-F494-42E9-A231-DA0B2E46BB41): 20
LogDevObjectVersion:   Dev-Framework (CFFC743F-43B0-4480-9391-14DF171D2073): 28
LogDevObjectVersion:   Dev-Mobile (B02B49B5-BB20-44E9-A304-32B752E40360): 0
LogDevObjectVersion:   Dev-Networking (A4E4105C-59A1-49B5-A7C5-40C4547EDFEE): 0
LogDevObjectVersion:   Dev-Online (39C831C9-5AE6-47DC-9A44-9C173E1C8E7C): 0
LogDevObjectVersion:   Dev-Physics (78F01B33-EBEA-4F98-B9B4-84EACCB95AA2): 0
LogDevObjectVersion:   Dev-Platform (6631380F-2D4D-43E0-8009-CF276956A95A): 0
LogDevObjectVersion:   Dev-Rendering (12F88B9F-8875-4AFC-A67C-D90C383ABD29): 19
LogDevObjectVersion:   Dev-Sequencer (7B5AE74C-D270-4C10-A958-57980B212A5A): 4
LogDevObjectVersion:   Dev-VR (D7296918-1DD6-4BDD-9DE2-64A83CC13884): 0
LogDevObjectVersion:   Dev-LoadTimes (C2A15278-BFE7-4AFE-6C17-90FF531DF755): 1
LogDevObjectVersion:   Private-Geometry (6EACA3D4-40EC-4CC1-B786-8BED09428FC5): 1
LogDevObjectVersion:   Dev-AnimPhys (29E575DD-E0A3-4627-9D10-D276232CDCEA): 7
LogInit: Compiled (64-bit): Sep 22 2017 13:47:16
LogInit: Compiled with Visual C++: 19.00.24215.01
LogInit: Build Configuration: Development
LogInit: Branch Name: ++UE4+Release-4.17
LogInit: Command line:  
LogInit: Base directory: D:/Program Files/Epic Games/UE_4.17/Engine/Binaries/Win64/
LogInit: Installed Engine Build: 1
LogInit: Presizing for max 8388607 objects, including 0 objects not considered by GC, pre-allocating 0 bytes for permanent pool.
LogInit: Object subsystem initialized
[2017.11.21-19.31.09:762][  0]LogInit: Selected Device Profile: [Windows]
[2017.11.21-19.31.09:762][  0]LogInit: Applying CVar settings loaded from the selected device profile: [Windows]
[2017.11.21-19.31.09:839][  0]LogInit: Computer: DESKTOP-Q670LKS
[2017.11.21-19.31.09:839][  0]LogInit: User: James
[2017.11.21-19.31.09:839][  0]LogInit: CPU Page size=4096, Cores=4
[2017.11.21-19.31.09:839][  0]LogInit: High frequency timer resolution =3.320331 MHz
[2017.11.21-19.31.09:840][  0]LogMemory: Memory total: Physical=15.9GB (16GB approx)
[2017.11.21-19.31.09:840][  0]LogMemory: Platform Memory Stats for Windows
[2017.11.21-19.31.09:840][  0]LogMemory: Process Physical Memory: 279.10 MB used, 279.10 MB peak
[2017.11.21-19.31.09:840][  0]LogMemory: Process Virtual Memory: 286.48 MB used, 286.48 MB peak
[2017.11.21-19.31.09:840][  0]LogMemory: Physical Memory: 4838.65 MB used,  11489.28 MB free, 16327.93 MB total
[2017.11.21-19.31.09:840][  0]LogMemory: Virtual Memory: 680.34 MB used,  11489.28 MB free, 134217728.00 MB total
[2017.11.21-19.31.10:675][  0]LogInit: Using OS detected language (en-US).
[2017.11.21-19.31.10:675][  0]LogInit: Using OS detected locale (en-GB).
[2017.11.21-19.31.10:843][  0]LogTextLocalizationManager: No specific localization for 'en-US' exists, so the 'en' localization will be used.
[2017.11.21-19.31.14:903][  0]LogD3D11RHI: D3D11 adapters:
[2017.11.21-19.31.14:975][  0]LogD3D11RHI:    0. 'NVIDIA GeForce GTX 760' (Feature Level 11_0)
[2017.11.21-19.31.14:975][  0]LogD3D11RHI:       2017/0/8163 MB DedicatedVideo/DedicatedSystem/SharedSystem, Outputs:3, VendorId:0x10de
[2017.11.21-19.31.14:977][  0]LogD3D11RHI:    1. 'Microsoft Basic Render Driver' (Feature Level 11_0)
[2017.11.21-19.31.14:977][  0]LogD3D11RHI:       0/0/8163 MB DedicatedVideo/DedicatedSystem/SharedSystem, Outputs:0, VendorId:0x1414
[2017.11.21-19.31.14:977][  0]LogD3D11RHI: Chosen D3D11 Adapter: 0
[2017.11.21-19.31.15:035][  0]LogD3D11RHI: Creating new Direct3DDevice
[2017.11.21-19.31.15:035][  0]LogD3D11RHI:     GPU DeviceId: 0x1187 (for the marketing name, search the web for "GPU Device Id")
[2017.11.21-19.31.15:035][  0]LogWindows: EnumDisplayDevices:
[2017.11.21-19.31.15:035][  0]LogWindows:    0. 'NVIDIA GeForce GTX 760' (P:0 D:1)
[2017.11.21-19.31.15:035][  0]LogWindows:    1. 'NVIDIA GeForce GTX 760' (P:0 D:1)
[2017.11.21-19.31.15:035][  0]LogWindows:    2. 'NVIDIA GeForce GTX 760' (P:1 D:1)
[2017.11.21-19.31.15:035][  0]LogWindows:    3. 'NVIDIA GeForce GTX 760' (P:0 D:0)
[2017.11.21-19.31.15:035][  0]LogWindows: DebugString: FoundDriverCount:4 
[2017.11.21-19.31.15:035][  0]LogD3D11RHI:     Adapter Name: NVIDIA GeForce GTX 760
[2017.11.21-19.31.15:035][  0]LogD3D11RHI:   Driver Version: 388.13 (internal:23.21.13.8813, unified:388.13)
[2017.11.21-19.31.15:035][  0]LogD3D11RHI:      Driver Date: 10-27-2017
[2017.11.21-19.31.15:035][  0]LogRHI: Texture pool is 1361 MB (70% of 1945 MB)
[2017.11.21-19.31.15:060][  0]LogD3D11RHI: Async texture creation enabled
[2017.11.21-19.31.15:310][  0]LogD3D11RHI: GPU Timing Frequency: 1000.000000 (Debug: 2 1)
[2017.11.21-19.31.15:516][  0]LogShaderCompilers: Guid format shader working directory is -22 characters bigger than the processId version (../../../../../../Documents/Uni/VGD/Puzzle-Island-VGD/Puzzle_Island/Intermediate/Shaders/WorkingDirectory/16164/).
[2017.11.21-19.31.15:516][  0]LogShaderCompilers: Cleaned the shader compiler working directory 'C:/Users/James/AppData/Local/Temp/UnrealShaderWorkingDir/115E7F3B4B4BADDF03F751878EC3F8D9/'.
[2017.11.21-19.31.15:531][  0]LogShaderCompilers: Display: Using Local Shader Compiler.
[2017.11.21-19.31.19:267][  0]LogTemp: Display: Loaded TP AllDesktopTargetPlatform
[2017.11.21-19.31.19:302][  0]LogTemp: Display: Loaded TP MacClientTargetPlatform
[2017.11.21-19.31.19:339][  0]LogTemp: Display: Loaded TP MacNoEditorTargetPlatform
[2017.11.21-19.31.19:373][  0]LogTemp: Display: Loaded TP MacServerTargetPlatform
[2017.11.21-19.31.19:434][  0]LogTemp: Display: Loaded TP MacTargetPlatform
[2017.11.21-19.31.19:469][  0]LogTemp: Display: Loaded TP WindowsClientTargetPlatform
[2017.11.21-19.31.19:504][  0]LogTemp: Display: Loaded TP WindowsNoEditorTargetPlatform
[2017.11.21-19.31.19:540][  0]LogTemp: Display: Loaded TP WindowsServerTargetPlatform
[2017.11.21-19.31.19:568][  0]LogTemp: Display: Loaded TP WindowsTargetPlatform
[2017.11.21-19.31.19:632][  0]LogTemp: Display: Loaded TP AndroidTargetPlatform
[2017.11.21-19.31.19:666][  0]LogTemp: Display: Loaded TP Android_ASTCTargetPlatform
[2017.11.21-19.31.19:701][  0]LogTemp: Display: Loaded TP Android_ATCTargetPlatform
[2017.11.21-19.31.19:736][  0]LogTemp: Display: Loaded TP Android_DXTTargetPlatform
[2017.11.21-19.31.19:771][  0]LogTemp: Display: Loaded TP Android_ETC1TargetPlatform
[2017.11.21-19.31.19:806][  0]LogTemp: Display: Loaded TP Android_ETC2TargetPlatform
[2017.11.21-19.31.19:876][  0]LogTemp: Display: Loaded TP Android_MultiTargetPlatform
[2017.11.21-19.31.19:876][  0]LogTemp: Display: Loaded TP Android_PVRTCTargetPlatform
[2017.11.21-19.31.19:902][  0]LogTemp: Display: Loaded TP HTML5TargetPlatform
[2017.11.21-19.31.20:069][  0]LogTemp: Display: Loaded TP IOSTargetPlatform
[2017.11.21-19.31.20:109][  0]LogTemp: Display: Loaded TP TVOSTargetPlatform
[2017.11.21-19.31.20:146][  0]LogTemp: Display: Loaded TP LinuxClientTargetPlatform
[2017.11.21-19.31.20:180][  0]LogTemp: Display: Loaded TP LinuxNoEditorTargetPlatform
[2017.11.21-19.31.20:214][  0]LogTemp: Display: Loaded TP LinuxServerTargetPlatform
[2017.11.21-19.31.20:264][  0]LogTemp: Display: Loaded TP LinuxTargetPlatform
[2017.11.21-19.31.20:264][  0]LogTargetPlatformManager: Display: Building Assets For Windows
[2017.11.21-19.31.21:336][  0]LogDerivedDataCache: Display: Max Cache Size: 512 MB
[2017.11.21-19.31.21:881][  0]LogDerivedDataCache: Loaded boot cache 0.54s 93MB C:/Users/James/AppData/Local/UnrealEngine/4.17/DerivedDataCache/Boot.ddc.
[2017.11.21-19.31.21:881][  0]LogDerivedDataCache: Display: Loaded Boot cache: C:/Users/James/AppData/Local/UnrealEngine/4.17/DerivedDataCache/Boot.ddc
[2017.11.21-19.31.21:882][  0]LogDerivedDataCache: FDerivedDataBackendGraph:  Pak pak cache file ../../../../../../Documents/Uni/VGD/Puzzle-Island-VGD/Puzzle_Island/DerivedDataCache/DDC.ddp not found, will not use a pak cache.
[2017.11.21-19.31.21:882][  0]LogDerivedDataCache: Unable to find inner node Pak for hierarchical cache Hierarchy.
[2017.11.21-19.31.21:882][  0]LogDerivedDataCache: FDerivedDataBackendGraph:  CompressedPak pak cache file ../../../../../../Documents/Uni/VGD/Puzzle-Island-VGD/Puzzle_Island/DerivedDataCache/Compressed.ddp not found, will not use a pak cache.
[2017.11.21-19.31.21:882][  0]LogDerivedDataCache: Unable to find inner node CompressedPak for hierarchical cache Hierarchy.
[2017.11.21-19.31.22:050][  0]LogDerivedDataCache: Display: Pak cache opened for reading ../../../Engine/DerivedDataCache/Compressed.ddp.
[2017.11.21-19.31.22:063][  0]LogDerivedDataCache: Using Local data cache path C:/Users/James/AppData/Local/UnrealEngine/Common/DerivedDataCache: Writable
[2017.11.21-19.31.22:110][  0]LogMaterial: Verifying Global Shaders for PCD3D_SM5
[2017.11.21-19.31.22:161][  0]LogSlate: Using Freetype 2.6.0
[2017.11.21-19.31.22:269][  0]LogSlate: SlateFontCache - WITH_FREETYPE: 1, WITH_HARFBUZZ: 1
[2017.11.21-19.31.22:282][  0]LogSlate: SlateFontCache - WITH_FREETYPE: 1, WITH_HARFBUZZ: 1
[2017.11.21-19.31.29:566][  0]LogAssetRegistry: FAssetRegistry took 0.0360 seconds to start up
[2017.11.21-19.31.30:415][  0]LogInit: Selected Device Profile: [Windows]
[2017.11.21-19.31.35:246][  0]LogContentStreaming: Texture pool size is 0.00 MB
[2017.11.21-19.31.36:053][  0]LogSimplygon: Simplygon DLL not present - disabling.
[2017.11.21-19.31.36:097][  0]LogMeshReduction: Using SimplygonSwarm for distributed automatic mesh merging
[2017.11.21-19.31.36:106][  0]LogMeshReduction: Using QuadricMeshReduction for automatic static mesh reduction
[2017.11.21-19.31.36:107][  0]LogMeshReduction: No automatic skeletal mesh reduction module available
[2017.11.21-19.31.36:107][  0]LogMeshReduction: No automatic mesh merging module available
[2017.11.21-19.31.36:107][  0]LogMeshMerging: No automatic mesh merging module available
[2017.11.21-19.31.38:846][  0]LogNetVersion: Puzzle_Island , NetCL: 3573198, EngineNetVer: 2, GameNetVer: 0 (Checksum: 3939646741)
[2017.11.21-19.31.40:104][  0]LogPackageLocalizationCache: Processed 5 localized package path(s) for 2 prioritized culture(s) in 0.087101 seconds
[2017.11.21-19.31.40:127][  0]LogUObjectArray: 35825 objects as part of root set at end of initial load.
[2017.11.21-19.31.40:128][  0]LogUObjectAllocator: 7529112 out of 0 bytes used by permanent object pool.
[2017.11.21-19.31.40:128][  0]LogUObjectArray: CloseDisregardForGC: 0/0 objects in disregard for GC pool
[2017.11.21-19.31.40:182][  0]LogInit: WinSock: version 1.1 (2.2), MaxSocks=32767, MaxUdp=65467
[2017.11.21-19.31.51:721][  0]LogTcpMessaging: Initializing TcpMessaging bridge
[2017.11.21-19.31.51:772][  0]LogUdpMessaging: Initializing bridge on interface 0.0.0.0:0 to multicast group 230.0.0.1:6666.
[2017.11.21-19.31.54:111][  0]LogMaterial: Uniform references updated for custom material expression Custom.
[2017.11.21-19.31.54:725][  0]SourceControl: Source control is disabled
[2017.11.21-19.31.54:725][  0]SourceControl: Source control is disabled
[2017.11.21-19.31.54:797][  0]SourceControl: Source control is disabled
[2017.11.21-19.31.54:831][  0]SourceControl: Source control is disabled
[2017.11.21-19.31.55:585][  0]LogAndroidPermission: UAndroidPermissionCallbackProxy::GetInstance
[2017.11.21-19.31.55:759][  0]LogOcInput: OculusInput pre-init called
[2017.11.21-19.31.56:231][  0]LogEngine: Initializing Engine...
[2017.11.21-19.31.56:266][  0]LogHMD: Failed to initialize OpenVR with code 110
[2017.11.21-19.31.56:953][  0]LogStats: UGameplayTagsManager::ConstructGameplayTagTree: Construct from data asset -  0.000 s
[2017.11.21-19.31.56:954][  0]LogStats: UGameplayTagsManager::ConstructGameplayTagTree: GameplayTagTreeChangedEvent.Broadcast -  0.000 s
[2017.11.21-19.31.57:364][  0]LogAIModule: Creating AISystem for world Untitled
[2017.11.21-19.31.57:494][  0]LogInit: XAudio2 using 'Speakers (Realtek High Definition Audio)' : 2 channels at 48 kHz using 32 bits per sample (channel mask 0x3)
[2017.11.21-19.31.57:509][  0]LogInit: FAudioDevice initialized.
[2017.11.21-19.31.57:625][  0]LogDerivedDataCache: Saved boot cache 0.12s 93MB C:/Users/James/AppData/Local/UnrealEngine/4.17/DerivedDataCache/Boot.ddc.
[2017.11.21-19.31.57:638][  0]LogInit: Texture streaming: Enabled
[2017.11.21-19.31.57:941][  0]LogEngineSessionManager: EngineSessionManager initialized
[2017.11.21-19.31.58:544][  0]LogInit: Transaction tracking system initialized
[2017.11.21-19.31.59:701][  0]BlueprintLog: New page: Editor Load
[2017.11.21-19.32.02:196][  0]LocalizationService: Localization service is disabled
[2017.11.21-19.32.04:133][  0]LogConsoleResponse: Display: 
[2017.11.21-19.32.07:678][  0]LogAutoReimportManager: Warning: Unable to watch directory ../../../../../../Documents/Uni/VGD/Puzzle-Island-VGD/Puzzle_Island/Content/ as it will conflict with another watching ../../../../../../Documents/Uni/VGD/Puzzle-Island-VGD/Puzzle_Island/Content/.
[2017.11.21-19.32.07:733][  0]LogFileCache: Scanning file cache for directory 'D:/Documents/Uni/VGD/Puzzle-Island-VGD/Puzzle_Island/Content/' took 0.02s
[2017.11.21-19.32.07:733][  0]LogCook: Display: Max memory allowance for cook 16384mb min free memory 0mb
[2017.11.21-19.32.07:733][  0]LogCook: Display: Mobile HDR setting 1
[2017.11.21-19.32.07:805][  0]LogGameplayTags: Display: UGameplayTagsManager::DoneAddingNativeTags. DelegateIsBound: 0
[2017.11.21-19.32.11:902][  0]SourceControl: Source control is disabled
[2017.11.21-19.32.12:043][  0]Cmd: MAP LOAD FILE="../../../../../../Documents/Uni/VGD/Puzzle-Island-VGD/Puzzle_Island/Content/ThirdPersonCPP/Maps/ThirdPersonExampleMap.umap" TEMPLATE=0 SHOWPROGRESS=1 FEATURELEVEL=3
[2017.11.21-19.32.12:060][  0]LightingResults: New page: Lighting Build
[2017.11.21-19.32.12:295][  0]MapCheck: New page: Map Check
[2017.11.21-19.32.12:295][  0]LightingResults: New page: Lighting Build
[2017.11.21-19.32.15:320][  0]LogAIModule: Creating AISystem for world ThirdPersonExampleMap
[2017.11.21-19.32.16:345][  0]LogEditorServer: Finished looking for orphan Actors (0.000 secs)
[2017.11.21-19.32.16:438][  0]Cmd: MAP CHECKDEP NOCLEARLOG
[2017.11.21-19.32.16:477][  0]MapCheck: Map check complete: 0 Error(s), 0 Warning(s), took 38.555ms to complete.
[2017.11.21-19.32.16:477][  0]LogFileHelpers: Loading map 'ThirdPersonExampleMap' took 4.519
[2017.11.21-19.32.18:919][  0]LogCollectionManager: Loaded 0 collections in 0.000817 seconds
[2017.11.21-19.32.19:167][  0]LogFileCache: Scanning file cache for directory 'D:/Documents/Uni/VGD/Puzzle-Island-VGD/Puzzle_Island/Saved/Collections/' took 0.01s
[2017.11.21-19.32.19:167][  0]LogFileCache: Scanning file cache for directory 'D:/Documents/Uni/VGD/Puzzle-Island-VGD/Puzzle_Island/Content/Developers/James/Collections/' took 0.01s
[2017.11.21-19.32.19:167][  0]LogFileCache: Scanning file cache for directory 'D:/Documents/Uni/VGD/Puzzle-Island-VGD/Puzzle_Island/Content/Collections/' took 0.01s
[2017.11.21-19.32.19:167][  0]LogCollectionManager: Rebuilt the GUID cache for 0 collections in 0.000001 seconds
[2017.11.21-19.32.19:202][  0]LogContentBrowser: Native class hierarchy populated in 0.0334 seconds. Added 2388 classes and 502 folders.
[2017.11.21-19.32.19:302][  0]LogContentBrowser: Native class hierarchy updated for 'WidgetCarousel' in 0.0016 seconds. Added 0 classes and 0 folders.
[2017.11.21-19.32.21:763][  0]LogContentBrowser: Native class hierarchy updated for 'AddContentDialog' in 0.0013 seconds. Added 0 classes and 0 folders.
[2017.11.21-19.32.21:848][  0]LogContentBrowser: Native class hierarchy updated for 'SceneOutliner' in 0.0013 seconds. Added 1 classes and 2 folders.
[2017.11.21-19.32.22:997][  0]LogSlate: Took 0.031127 seconds to synchronously load lazily loaded font '../../../Engine/Content/Slate/Fonts/Roboto-Regular.ttf' (155K)
[2017.11.21-19.32.23:046][  0]LogSlate: Took 0.026148 seconds to synchronously load lazily loaded font '../../../Engine/Content/Slate/Fonts/Roboto-Bold.ttf' (160K)
[2017.11.21-19.32.23:218][  0]LogSlate: Took 0.054739 seconds to synchronously load lazily loaded font '../../../Engine/Content/Editor/Slate/Fonts/FontAwesome.ttf' (139K)
[2017.11.21-19.32.23:880][  0]LogRenderer: Reallocating scene render targets to support 1208x576 Format 10 NumSamples 1 (Frame:1).
[2017.11.21-19.32.26:249][  0]LogContentBrowser: Native class hierarchy updated for 'HierarchicalLODOutliner' in 0.0015 seconds. Added 1 classes and 2 folders.
[2017.11.21-19.32.26:249][  0]LogLoad: (Engine Initialization) Total time: 88.20 seconds
[2017.11.21-19.32.26:249][  0]LogLoad: (Engine Initialization) Total Blueprint compile time: 0.00 seconds
[2017.11.21-19.32.26:250][  0]LogExternalProfiler: Found external profiler: VSPerf
[2017.11.21-19.32.26:250][  0]LogExternalProfiler: Using external profiler: VSPerf
[2017.11.21-19.32.26:862][  0]LogContentStreaming: Texture pool size now 1000 MB
[2017.11.21-19.32.28:319][  4]LogAssetRegistry: Asset discovery search completed in 58.7752 seconds
[2017.11.21-19.32.28:320][  4]LogCollectionManager: Rebuilt the object cache for 0 collections in 0.000001 seconds (found 0 objects)
[2017.11.21-19.32.28:321][  4]LogCollectionManager: Fixed up redirectors for 0 collections in 0.000040 seconds (updated 0 objects)
[2017.11.21-19.32.31:366][ 13]LogSlate: Took 0.018544 seconds to synchronously load lazily loaded font '../../../Engine/Content/Slate/Fonts/Roboto-Light.ttf' (159K)
[2017.11.21-19.32.32:646][ 17]LogFileCache: Retrieving MD5 hashes for directory 'D:/Documents/Uni/VGD/Puzzle-Island-VGD/Puzzle_Island/Content/' took 6.00s
[2017.11.21-21.50.30:328][882]LogSlate: Took 0.000141 seconds to synchronously load lazily loaded font '../../../Engine/Content/Slate/Fonts/Roboto-Light.ttf' (159K)
[2017.11.21-21.50.30:388][882]LogLinker: Warning: Can't find file '/Game/Maps/Jigsaw_Scene_BuiltData'
[2017.11.21-21.50.30:388][882]LogLinker: Warning: Can't find file for asset '/Game/Maps/Jigsaw_Scene_BuiltData' while loading ../../../../../../Documents/Uni/VGD/Puzzle-Island-VGD/Puzzle_Island/Content/Maps/Jigsaw_Scene.umap.
[2017.11.21-21.50.30:388][882]LoadErrors: Error: /Game/Maps/Jigsaw_Scene : Can't find file for asset. /Game/Maps/Jigsaw_Scene_BuiltData
[2017.11.21-21.50.30:407][882]LogLinker: Warning: Can't find file '/Game/Maps/Jigsaw_Scene_BuiltData'
[2017.11.21-21.50.30:407][882]LogLinker: Warning: Can't find file for asset '/Game/Maps/Jigsaw_Scene_BuiltData' while loading ../../../../../../Documents/Uni/VGD/Puzzle-Island-VGD/Puzzle_Island/Content/Maps/Jigsaw_Scene.umap.
[2017.11.21-21.50.30:562][882]LogLinker: Warning: Can't find file '/Game/Maps/Jigsaw_Scene_BuiltData'
[2017.11.21-21.50.30:562][882]LogLinker: Warning: Can't find file for asset '/Game/Maps/Jigsaw_Scene_BuiltData' while loading NULL.
[2017.11.21-21.50.30:562][882]LogLinker: Warning: Can't find file '/Game/Maps/Jigsaw_Scene_BuiltData'
[2017.11.21-21.50.30:562][882]LogLinker: Warning: Can't find file for asset '/Game/Maps/Jigsaw_Scene_BuiltData' while loading NULL.
[2017.11.21-21.50.30:581][882]LogLinker: Warning: Can't find file '/Game/Maps/Jigsaw_Scene_BuiltData'
[2017.11.21-21.50.30:581][882]LoadErrors: Failed to load /Game/Maps/Jigsaw_Scene_BuiltData.Jigsaw_Scene_BuiltData Referenced by PersistentLevel
[2017.11.21-21.50.30:581][882]LogLinker: Warning: Can't find file for asset '/Game/Maps/Jigsaw_Scene_BuiltData' while loading NULL.
[2017.11.21-21.50.30:619][882]LogTexture: Display: Building textures: Piece_03 (AutoDXT, 1024X672)
[2017.11.21-21.50.30:619][882]LogTexture: Display: Building textures: Piece_01 (BGRA8, 489X672)
[2017.11.21-21.50.30:619][882]LogTexture: Display: Building textures: Piece_04 (AutoDXT, 1024X672)
[2017.11.21-21.50.31:135][882]LogTexture: Display: Building textures: Piece_02 (AutoDXT, 1024X672)
[2017.11.21-21.50.31:318][882]LogAIModule: Creating AISystem for world Jigsaw_Scene
[2017.11.21-21.50.31:426][882]Cmd: MAP LOAD FILE="../../../../../../Documents/Uni/VGD/Puzzle-Island-VGD/Puzzle_Island/Content/Maps/Jigsaw_Scene.umap" TEMPLATE=0 SHOWPROGRESS=1 FEATURELEVEL=3
[2017.11.21-21.50.31:426][882]LightingResults: New page: Lighting Build
[2017.11.21-21.50.31:426][882]LoadErrors: New page: Loading map: Jigsaw_Scene.umap
[2017.11.21-21.50.31:446][882]MapCheck: New page: Map Check
[2017.11.21-21.50.31:446][882]LightingResults: New page: Lighting Build
[2017.11.21-21.50.31:520][882]LogEditorServer: Finished looking for orphan Actors (0.000 secs)
[2017.11.21-21.50.31:587][882]Cmd: MAP CHECKDEP NOCLEARLOG
[2017.11.21-21.50.31:627][882]MapCheck: Map check complete: 0 Error(s), 0 Warning(s), took 39.999ms to complete.
[2017.11.21-21.50.31:627][882]LogFileHelpers: Loading map 'Jigsaw_Scene' took 0.207
[2017.11.21-21.50.45:641][532]LogTemp: Repeating last play command: Selected Viewport
[2017.11.21-21.50.48:534][532]LogBlueprintUserMessages: Early PlayInEditor Detection: Level '/Game/Maps/Jigsaw_Scene.Jigsaw_Scene:PersistentLevel' has LevelScriptBlueprint '/Game/Maps/Jigsaw_Scene.Jigsaw_Scene:PersistentLevel.Jigsaw_Scene' with GeneratedClass '/Game/Maps/Jigsaw_Scene.Jigsaw_Scene_C' with ClassGeneratedBy '/Game/Maps/Jigsaw_Scene.Jigsaw_Scene:PersistentLevel.Jigsaw_Scene'
[2017.11.21-21.50.48:534][532]LogPlayLevel: PlayLevel: No blueprints needed recompiling
[2017.11.21-21.50.48:556][532]PIE: New page: PIE session: Jigsaw_Scene (21 Nov 2017 21:50:48)
[2017.11.21-21.50.48:556][532]LogPlayLevel: Creating play world package: /Game/Maps/UEDPIE_0_Jigsaw_Scene
[2017.11.21-21.50.48:597][532]LogPlayLevel: PIE: StaticDuplicateObject took: (0.041139s)
[2017.11.21-21.50.48:598][532]LogAIModule: Creating AISystem for world Jigsaw_Scene
[2017.11.21-21.50.48:598][532]LogPlayLevel: PIE: World Init took: (0.000606s)
[2017.11.21-21.50.48:598][532]LogPlayLevel: PIE: Created PIE world by copying editor world from /Game/Maps/Jigsaw_Scene.Jigsaw_Scene to /Game/Maps/UEDPIE_0_Jigsaw_Scene.Jigsaw_Scene (0.041992s)
[2017.11.21-21.50.48:614][532]LogInit: XAudio2 using 'Speakers (Realtek High Definition Audio)' : 2 channels at 48 kHz using 32 bits per sample (channel mask 0x3)
[2017.11.21-21.50.48:624][532]LogInit: FAudioDevice initialized.
[2017.11.21-21.50.48:724][532]LogLoad: Game class is '2D_GameMode_C'
[2017.11.21-21.50.48:736][532]LogWorld: Bringing World /Game/Maps/UEDPIE_0_Jigsaw_Scene.Jigsaw_Scene up for play (max tick rate 0) at 2017.11.21-21.50.48
[2017.11.21-21.50.48:743][532]LogWorld: Bringing up level for play took: 0.007983
[2017.11.21-21.50.48:828][532]LogContentBrowser: Native class hierarchy updated for 'MovieSceneCapture' in 0.0014 seconds. Added 11 classes and 0 folders.
[2017.11.21-21.50.48:870][532]PIE: Play in editor start time for /Game/Maps/UEDPIE_0_Jigsaw_Scene 0.454
[2017.11.21-21.50.48:871][532]LogBlueprintUserMessages: Late PlayInEditor Detection: Level '/Game/Maps/Jigsaw_Scene.Jigsaw_Scene:PersistentLevel' has LevelScriptBlueprint '/Game/Maps/Jigsaw_Scene.Jigsaw_Scene:PersistentLevel.Jigsaw_Scene' with GeneratedClass '/Game/Maps/Jigsaw_Scene.Jigsaw_Scene_C' with ClassGeneratedBy '/Game/Maps/Jigsaw_Scene.Jigsaw_Scene:PersistentLevel.Jigsaw_Scene'
[2017.11.21-21.50.53:656][ 95]LogBlueprintUserMessages: Early EndPlayMap Detection: Level '/Game/Maps/Jigsaw_Scene.Jigsaw_Scene:PersistentLevel' has LevelScriptBlueprint '/Game/Maps/Jigsaw_Scene.Jigsaw_Scene:PersistentLevel.Jigsaw_Scene' with GeneratedClass '/Game/Maps/Jigsaw_Scene.Jigsaw_Scene_C' with ClassGeneratedBy '/Game/Maps/Jigsaw_Scene.Jigsaw_Scene:PersistentLevel.Jigsaw_Scene'
[2017.11.21-21.50.53:707][ 95]LogBlueprintUserMessages: Late EndPlayMap Detection: Level '/Game/Maps/Jigsaw_Scene.Jigsaw_Scene:PersistentLevel' has LevelScriptBlueprint '/Game/Maps/Jigsaw_Scene.Jigsaw_Scene:PersistentLevel.Jigsaw_Scene' with GeneratedClass '/Game/Maps/Jigsaw_Scene.Jigsaw_Scene_C' with ClassGeneratedBy '/Game/Maps/Jigsaw_Scene.Jigsaw_Scene:PersistentLevel.Jigsaw_Scene'
[2017.11.21-21.50.55:841][286]LogAIModule: Creating AISystem for world Puzzle_Island
[2017.11.21-21.50.55:868][286]Cmd: MAP LOAD FILE="../../../../../../Documents/Uni/VGD/Puzzle-Island-VGD/Puzzle_Island/Content/Maps/Puzzle_Island.umap" TEMPLATE=0 SHOWPROGRESS=1 FEATURELEVEL=3
[2017.11.21-21.50.55:868][286]LightingResults: New page: Lighting Build
[2017.11.21-21.50.55:868][286]LoadErrors: New page: Loading map: Puzzle_Island.umap
[2017.11.21-21.50.55:869][286]MapCheck: New page: Map Check
[2017.11.21-21.50.55:869][286]LightingResults: New page: Lighting Build
[2017.11.21-21.50.56:507][286]LogEditorServer: Finished looking for orphan Actors (0.000 secs)
[2017.11.21-21.50.56:569][286]Cmd: MAP CHECKDEP NOCLEARLOG
[2017.11.21-21.50.56:611][286]MapCheck: Map check complete: 0 Error(s), 0 Warning(s), took 41.878ms to complete.
[2017.11.21-21.50.56:611][286]LogFileHelpers: Loading map 'Puzzle_Island' took 0.745
[2017.11.21-21.50.56:612][286]LogSlate: Took 0.000154 seconds to synchronously load lazily loaded font '../../../Engine/Content/Slate/Fonts/Roboto-Regular.ttf' (155K)
[2017.11.21-21.51.25:166][685]Cmd: SELECT NONE
[2017.11.21-22.17.53:597][251]LogActorFactory: Actor Factory created Cube
[2017.11.21-22.17.55:403][465]LogActorFactory: Actor Factory created Cube
[2017.11.21-22.18.03:898][180]LogSlate: Took 0.021965 seconds to synchronously load lazily loaded font '../../../Engine/Content/Editor/Slate/Fonts/Roboto-Italic.ttf' (157K)
[2017.11.21-22.18.24:366][967]LogSlate: Took 0.000198 seconds to synchronously load lazily loaded font '../../../Engine/Content/Slate/Fonts/Roboto-Light.ttf' (159K)
[2017.11.21-22.18.33:621][736]LogSavePackage: Save=186.93ms
[2017.11.21-22.18.33:621][736]LogSavePackage: Moving '../../../../../../Documents/Uni/VGD/Puzzle-Island-VGD/Puzzle_Island/Saved/Puzzle_Island_Auto1C4F6BA114A60D73A85A989A4C64FB254.tmp' to '../../../../../../Documents/Uni/VGD/Puzzle-Island-VGD/Puzzle_Island/Saved/Autosaves/Game/Maps/Puzzle_Island_Auto1.umap'
[2017.11.21-22.18.33:649][736]LogSavePackage: Display: Finished SavePackage ../../../../../../Documents/Uni/VGD/Puzzle-Island-VGD/Puzzle_Island/Saved/Autosaves/Game/Maps/Puzzle_Island_Auto1.umap
[2017.11.21-22.18.33:652][736]LogFileHelpers: Editor autosave (incl. sublevels) for '/Game/Maps/Puzzle_Island' took 0.276
[2017.11.21-22.18.33:652][736]LogFileHelpers: Editor autosave (incl. sublevels) for all levels took 0.276
[2017.11.21-22.22.44:975][357]LogEditorViewport: Clicking on Actor (CTRL LMB): StaticMeshActor (Cube)
[2017.11.21-22.22.52:051][157]LogEditorViewport: Clicking on Actor (LMB): StaticMeshActor (Cube2)
[2017.11.21-22.23.11:634][323]LogEditorViewport: Clicking on Actor (LMB): Landscape (Landscape)
[2017.11.21-22.24.18:571][991]LogEditorViewport: Clicking on Actor (LMB): StaticMeshActor (Cube2)
[2017.11.21-22.24.22:805][471]LogEditorViewport: Clicking on Actor (LMB): StaticMeshActor (Cube2)
[2017.11.21-22.24.38:446][218]LogEditorViewport: Clicking on Actor (LMB): Landscape (Landscape)
[2017.11.21-22.24.45:942][ 46]LogEditorViewport: Clicking on Actor (LMB): StaticMeshActor (Cube2)
[2017.11.21-22.25.00:157][579]LogEditorViewport: Clicking on Actor (LMB): StaticMeshActor (Cube2)
[2017.11.21-22.25.00:564][625]Cmd: TRANSACTION UNDO
[2017.11.21-22.25.00:564][625]LogEditorTransaction: Undo Clicking on Actors
[2017.11.21-22.25.01:624][734]Cmd: TRANSACTION UNDO
[2017.11.21-22.25.01:624][734]LogEditorTransaction: Undo Set actor scale
[2017.11.21-22.25.10:486][740]LogEditorViewport: Clicking on Actor (LMB): StaticMeshActor (Cube)
[2017.11.21-22.25.11:237][822]Cmd: DELETE
[2017.11.21-22.25.11:237][822]Cmd: ACTOR DELETE
[2017.11.21-22.25.11:260][822]LogEditorActor: Deleted Actor: StaticMeshActor
[2017.11.21-22.25.11:269][822]LogEditorActor: Deleted 1 Actors (0.033 secs)
[2017.11.21-22.25.11:932][901]LogEditorViewport: Clicking on Actor (LMB): StaticMeshActor (Cube2)
[2017.11.21-22.25.44:228][575]LogTemp: Repeating last play command: Selected Viewport
[2017.11.21-22.25.44:247][575]LogPlayLevel: PlayLevel: No blueprints needed recompiling
[2017.11.21-22.25.44:247][575]PIE: New page: PIE session: Puzzle_Island (21 Nov 2017 22:25:44)
[2017.11.21-22.25.44:247][575]LogPlayLevel: Creating play world package: /Game/Maps/UEDPIE_0_Puzzle_Island
[2017.11.21-22.25.44:258][575]LogPlayLevel: PIE: StaticDuplicateObject took: (0.010742s)
[2017.11.21-22.25.44:258][575]LogAIModule: Creating AISystem for world Puzzle_Island
[2017.11.21-22.25.44:259][575]LogPlayLevel: PIE: World Init took: (0.000913s)
[2017.11.21-22.25.44:259][575]LogPlayLevel: PIE: Created PIE world by copying editor world from /Game/Maps/Puzzle_Island.Puzzle_Island to /Game/Maps/UEDPIE_0_Puzzle_Island.Puzzle_Island (0.011878s)
[2017.11.21-22.25.44:273][575]LogInit: XAudio2 using 'Speakers (Realtek High Definition Audio)' : 2 channels at 48 kHz using 32 bits per sample (channel mask 0x3)
[2017.11.21-22.25.44:283][575]LogInit: FAudioDevice initialized.
[2017.11.21-22.25.44:317][575]LogLoad: Game class is 'Puzzle_IslandGameMode'
[2017.11.21-22.25.44:320][575]LogWorld: Bringing World /Game/Maps/UEDPIE_0_Puzzle_Island.Puzzle_Island up for play (max tick rate 0) at 2017.11.21-22.25.44
[2017.11.21-22.25.44:320][575]LogWorld: Bringing up level for play took: 0.002548
[2017.11.21-22.25.44:406][575]PIE: Play in editor start time for /Game/Maps/UEDPIE_0_Puzzle_Island -0.01
[2017.11.21-22.26.10:628][657]LogEditorViewport: Clicking on Actor (LMB): StaticMeshActor (Cube2)
[2017.11.21-22.28.15:343][705]AssetReimport: New page: Outstanding source content changes 22:28:15
[2017.11.21-22.28.15:382][705]LogFactory: FactoryCreateFile: StaticMesh with FbxFactory (0 0 D:/Documents/Uni/VGD/Puzzle-Island-VGD/Puzzle_Island/Content/FBX/NPC_Placeholder.FBX)
[2017.11.21-22.28.15:473][705]LogFbx: ItemName: GlobalSettings, ItemCount : 1
[2017.11.21-22.28.15:473][705]LogFbx: ItemName: AnimationStack, ItemCount : 1
[2017.11.21-22.28.15:473][705]LogFbx: ItemName: Model, ItemCount : 1
[2017.11.21-22.28.15:473][705]LogFbx: ItemName: Geometry, ItemCount : 1
[2017.11.21-22.28.15:507][705]LogFbx: Loading FBX Scene from D:/Documents/Uni/VGD/Puzzle-Island-VGD/Puzzle_Island/Content/FBX/NPC_Placeholder.FBX
[2017.11.21-22.28.15:517][705]LogFbx: FBX Scene Loaded Succesfully
[2017.11.21-22.28.16:741][705]LogFbx: Loading FBX Scene from D:/Documents/Uni/VGD/Puzzle-Island-VGD/Puzzle_Island/Content/FBX/NPC_Placeholder.FBX
[2017.11.21-22.28.16:747][705]LogFbx: FBX Scene Loaded Succesfully
[2017.11.21-22.28.16:769][705]LogStaticMesh: Building static mesh NPC_Placeholder...
[2017.11.21-22.28.16:796][705]LogStaticMesh: Built static mesh [0.03s] /Game/FBX/NPC_Placeholder.NPC_Placeholder
[2017.11.21-22.28.16:891][706]Cmd: OBJ SAVEPACKAGE PACKAGE="/Game/FBX/NPC_Placeholder" FILE="../../../../../../Documents/Uni/VGD/Puzzle-Island-VGD/Puzzle_Island/Content/FBX/NPC_Placeholder.uasset" SILENT=true
[2017.11.21-22.28.16:925][706]LogSavePackage: Save=31.18ms
[2017.11.21-22.28.16:925][706]LogSavePackage: Moving '../../../../../../Documents/Uni/VGD/Puzzle-Island-VGD/Puzzle_Island/Saved/NPC_PlaceholderFA6121124C2CB4E8DA055487651949D6.tmp' to '../../../../../../Documents/Uni/VGD/Puzzle-Island-VGD/Puzzle_Island/Content/FBX/NPC_Placeholder.uasset'
[2017.11.21-22.28.16:928][706]LogSavePackage: Display: Finished SavePackage ../../../../../../Documents/Uni/VGD/Puzzle-Island-VGD/Puzzle_Island/Content/FBX/NPC_Placeholder.uasset
[2017.11.21-22.28.19:931][ 38]AssetReimport: Importing new asset /Game/FBX/NPC_Placeholder.
[2017.11.21-22.28.20:939][138]LogActorFactory: Actor Factory created NPC_Placeholder
[2017.11.21-22.28.21:627][208]LogActorFactory: Actor Factory created NPC_Placeholder
[2017.11.21-22.28.22:874][347]LogTemp: Repeating last play command: Selected Viewport
[2017.11.21-22.28.22:893][347]LogPlayLevel: PlayLevel: No blueprints needed recompiling
[2017.11.21-22.28.22:893][347]PIE: New page: PIE session: Puzzle_Island (21 Nov 2017 22:28:22)
[2017.11.21-22.28.22:893][347]LogPlayLevel: Creating play world package: /Game/Maps/UEDPIE_0_Puzzle_Island
[2017.11.21-22.28.22:903][347]LogPlayLevel: PIE: StaticDuplicateObject took: (0.009949s)
[2017.11.21-22.28.22:904][347]LogAIModule: Creating AISystem for world Puzzle_Island
[2017.11.21-22.28.22:904][347]LogPlayLevel: PIE: World Init took: (0.000767s)
[2017.11.21-22.28.22:904][347]LogPlayLevel: PIE: Created PIE world by copying editor world from /Game/Maps/Puzzle_Island.Puzzle_Island to /Game/Maps/UEDPIE_0_Puzzle_Island.Puzzle_Island (0.010942s)
[2017.11.21-22.28.22:920][347]LogInit: XAudio2 using 'Speakers (Realtek High Definition Audio)' : 2 channels at 48 kHz using 32 bits per sample (channel mask 0x3)
[2017.11.21-22.28.22:930][347]LogInit: FAudioDevice initialized.
[2017.11.21-22.28.22:961][347]LogLoad: Game class is 'Puzzle_IslandGameMode'
[2017.11.21-22.28.22:964][347]LogWorld: Bringing World /Game/Maps/UEDPIE_0_Puzzle_Island.Puzzle_Island up for play (max tick rate 0) at 2017.11.21-22.28.22
[2017.11.21-22.28.22:964][347]LogWorld: Bringing up level for play took: 0.002526
[2017.11.21-22.28.22:966][347]PIE: Play in editor start time for /Game/Maps/UEDPIE_0_Puzzle_Island 0.55
[2017.11.21-22.28.49:038][383]LogEditorViewport: Clicking on Actor (LMB): StaticMeshActor (NPC_Placeholder)
[2017.11.21-22.28.50:525][529]Cmd: SELECT NONE
[2017.11.21-22.28.53:450][865]LogEditorViewport: Clicking on Actor (LMB): StaticMeshActor (Cube2)
[2017.11.21-22.28.59:305][482]LogMaterial: Missing cached shader map for material Material_0, compiling. 
[2017.11.21-22.28.59:364][483]LogMaterial: Missing cached shader map for material Material_1, compiling. 
[2017.11.21-22.30.15:244][302]Cmd: EDIT CUT
[2017.11.21-22.30.15:247][302]LogEditorActor: Deleted Actor: BP_Sky_Sphere_C
[2017.11.21-22.30.15:256][302]LogEditorActor: Deleted 1 Actors (0.010 secs)
[2017.11.21-22.30.17:982][617]Cmd: TRANSACTION UNDO
[2017.11.21-22.30.17:982][617]LogEditorTransaction: Undo Cut
[2017.11.21-22.30.19:285][726]Cmd: EDIT CUT
[2017.11.21-22.30.19:288][726]LogEditorActor: Deleted Actor: BP_Sky_Sphere_C
[2017.11.21-22.30.19:298][726]LogEditorActor: Deleted 1 Actors (0.010 secs)
[2017.11.21-22.30.19:962][803]Cmd: TRANSACTION UNDO
[2017.11.21-22.30.19:962][803]LogEditorTransaction: Undo Cut
[2017.11.21-22.30.20:329][835]Cmd: TRANSACTION UNDO
[2017.11.21-22.30.20:329][835]LogEditorTransaction: Undo Move Actors
[2017.11.21-22.30.56:381][151]Cmd: CAMERA ALIGN ACTIVEVIEWPORTONLY
[2017.11.21-22.31.16:427][948]LogTemp: Repeating last play command: Selected Viewport
[2017.11.21-22.31.16:447][948]LogPlayLevel: PlayLevel: No blueprints needed recompiling
[2017.11.21-22.31.16:447][948]PIE: New page: PIE session: Puzzle_Island (21 Nov 2017 22:31:16)
[2017.11.21-22.31.16:447][948]LogPlayLevel: Creating play world package: /Game/Maps/UEDPIE_0_Puzzle_Island
[2017.11.21-22.31.16:458][948]LogPlayLevel: PIE: StaticDuplicateObject took: (0.010451s)
[2017.11.21-22.31.16:459][948]LogAIModule: Creating AISystem for world Puzzle_Island
[2017.11.21-22.31.16:459][948]LogPlayLevel: PIE: World Init took: (0.001096s)
[2017.11.21-22.31.16:459][948]LogPlayLevel: PIE: Created PIE world by copying editor world from /Game/Maps/Puzzle_Island.Puzzle_Island to /Game/Maps/UEDPIE_0_Puzzle_Island.Puzzle_Island (0.011781s)
[2017.11.21-22.31.16:473][948]LogInit: XAudio2 using 'Speakers (Realtek High Definition Audio)' : 2 channels at 48 kHz using 32 bits per sample (channel mask 0x3)
[2017.11.21-22.31.16:484][948]LogInit: FAudioDevice initialized.
[2017.11.21-22.31.16:516][948]LogLoad: Game class is 'Puzzle_IslandGameMode'
[2017.11.21-22.31.16:519][948]LogWorld: Bringing World /Game/Maps/UEDPIE_0_Puzzle_Island.Puzzle_Island up for play (max tick rate 0) at 2017.11.21-22.31.16
[2017.11.21-22.31.16:520][948]LogWorld: Bringing up level for play took: 0.002845
[2017.11.21-22.31.16:522][948]PIE: Play in editor start time for /Game/Maps/UEDPIE_0_Puzzle_Island 0.106
[2017.11.21-22.31.25:455][926]LogEditorViewport: Clicking on Actor (LMB): StaticMeshActor (NPC_Placeholder)
[2017.11.21-22.31.28:562][192]LogTemp: Repeating last play command: Selected Viewport
[2017.11.21-22.31.28:580][192]LogPlayLevel: PlayLevel: No blueprints needed recompiling
[2017.11.21-22.31.28:581][192]PIE: New page: PIE session: Puzzle_Island (21 Nov 2017 22:31:28)
[2017.11.21-22.31.28:581][192]LogPlayLevel: Creating play world package: /Game/Maps/UEDPIE_0_Puzzle_Island
[2017.11.21-22.31.28:591][192]LogPlayLevel: PIE: StaticDuplicateObject took: (0.010068s)
[2017.11.21-22.31.28:592][192]LogAIModule: Creating AISystem for world Puzzle_Island
[2017.11.21-22.31.28:592][192]LogPlayLevel: PIE: World Init took: (0.000886s)
[2017.11.21-22.31.28:592][192]LogPlayLevel: PIE: Created PIE world by copying editor world from /Game/Maps/Puzzle_Island.Puzzle_Island to /Game/Maps/UEDPIE_0_Puzzle_Island.Puzzle_Island (0.011184s)
[2017.11.21-22.31.28:606][192]LogInit: XAudio2 using 'Speakers (Realtek High Definition Audio)' : 2 channels at 48 kHz using 32 bits per sample (channel mask 0x3)
[2017.11.21-22.31.28:616][192]LogInit: FAudioDevice initialized.
[2017.11.21-22.31.28:649][192]LogLoad: Game class is 'Puzzle_IslandGameMode'
[2017.11.21-22.31.28:652][192]LogWorld: Bringing World /Game/Maps/UEDPIE_0_Puzzle_Island.Puzzle_Island up for play (max tick rate 0) at 2017.11.21-22.31.28
[2017.11.21-22.31.28:653][192]LogWorld: Bringing up level for play took: 0.002782
[2017.11.21-22.31.28:654][192]PIE: Play in editor start time for /Game/Maps/UEDPIE_0_Puzzle_Island 0.238
[2017.11.21-22.31.35:017][877]Cmd: SELECT NONE
[2017.11.21-22.31.39:269][304]LogSavePackage: Save=177.37ms
[2017.11.21-22.31.39:269][304]LogSavePackage: Moving '../../../../../../Documents/Uni/VGD/Puzzle-Island-VGD/Puzzle_Island/Saved/Puzzle_IslandCD7D476F4FA66D44109C45ADA56620B9.tmp' to '../../../../../../Documents/Uni/VGD/Puzzle-Island-VGD/Puzzle_Island/Content/Maps/Puzzle_Island.umap'
[2017.11.21-22.31.39:276][304]LogSavePackage: Display: Finished SavePackage ../../../../../../Documents/Uni/VGD/Puzzle-Island-VGD/Puzzle_Island/Content/Maps/Puzzle_Island.umap
[2017.11.21-22.31.39:308][304]LogFileHelpers: Saving map 'Puzzle_Island' took 0.279
[2017.11.21-22.31.42:011][569]Cmd: QUIT_EDITOR
[2017.11.21-22.31.43:089][569]LogWindowsTextInputMethodSystem: Display: IME system now deactivated.
[2017.11.21-22.31.43:120][569]LogExit: Preparing to exit.
[2017.11.21-22.31.44:408][569]LogDirectoryWatcher: A directory notification for 'D:/Documents/Uni/VGD/Puzzle-Island-VGD/Puzzle_Island/Content/' was aborted.
[2017.11.21-22.31.44:433][569]LogExit: Editor shut down
[2017.11.21-22.31.44:440][569]LogExit: Transaction tracking system shut down
[2017.11.21-22.31.44:688][569]LogDirectoryWatcher: A directory notification for '../../../Engine/Content/' was aborted.
[2017.11.21-22.31.44:689][569]LogDirectoryWatcher: A directory notification for '../../../../../../Documents/Uni/VGD/Puzzle-Island-VGD/Puzzle_Island/Content/' was aborted.
[2017.11.21-22.31.44:689][569]LogDirectoryWatcher: A directory notification for '../../../Engine/Plugins/2D/Paper2D/Content/' was aborted.
[2017.11.21-22.31.44:689][569]LogDirectoryWatcher: A directory notification for '../../../Engine/Plugins/Runtime/Oculus/OculusVR/Content/' was aborted.
[2017.11.21-22.31.44:689][569]LogDirectoryWatcher: A directory notification for '../../../Engine/Plugins/Runtime/Steam/SteamVR/Content/' was aborted.
[2017.11.21-22.31.45:114][569]LogExit: Object subsystem successfully closed.
[2017.11.21-22.31.45:168][569]LogD3D11RHI: Shutdown
[2017.11.21-22.31.45:168][569]LogD3D11RHI: CleanupD3DDevice
[2017.11.21-22.31.45:310][569]LogD3D11RHI: ~FD3D11DynamicRHI
[2017.11.21-22.31.45:589][569]LogModuleManager: Shutting down and abandoning module HierarchicalLODUtilities (536)
[2017.11.21-22.31.45:589][569]LogModuleManager: Shutting down and abandoning module MovieSceneCapture (534)
[2017.11.21-22.31.45:589][569]LogModuleManager: Shutting down and abandoning module HierarchicalLODOutliner (532)
[2017.11.21-22.31.45:589][569]LogModuleManager: Shutting down and abandoning module SceneOutliner (530)
[2017.11.21-22.31.45:589][569]LogModuleManager: Shutting down and abandoning module AddContentDialog (528)
[2017.11.21-22.31.45:589][569]LogDirectoryWatcher: A directory notification for 'D:/Program Files/Epic Games/UE_4.17/FeaturePacks/' was aborted.
[2017.11.21-22.31.45:590][569]LogModuleManager: Shutting down and abandoning module WidgetCarousel (527)
[2017.11.21-22.31.45:590][569]LogModuleManager: Shutting down and abandoning module EditorWidgets (524)
[2017.11.21-22.31.45:590][569]LogModuleManager: Shutting down and abandoning module CollectionManager (522)
[2017.11.21-22.31.45:590][569]LogDirectoryWatcher: A directory notification for 'D:/Documents/Uni/VGD/Puzzle-Island-VGD/Puzzle_Island/Content/Collections/' was aborted.
[2017.11.21-22.31.45:590][569]LogDirectoryWatcher: A directory notification for 'D:/Documents/Uni/VGD/Puzzle-Island-VGD/Puzzle_Island/Content/Developers/James/Collections/' was aborted.
[2017.11.21-22.31.45:590][569]LogDirectoryWatcher: A directory notification for 'D:/Documents/Uni/VGD/Puzzle-Island-VGD/Puzzle_Island/Saved/Collections/' was aborted.
[2017.11.21-22.31.45:590][569]LogModuleManager: Shutting down and abandoning module StatsViewer (520)
[2017.11.21-22.31.45:590][569]LogModuleManager: Shutting down and abandoning module FoliageEdit (518)
[2017.11.21-22.31.45:590][569]LogModuleManager: Shutting down and abandoning module LandscapeEditor (516)
[2017.11.21-22.31.45:606][569]LogModuleManager: Shutting down and abandoning module MeshPaintMode (514)
[2017.11.21-22.31.45:606][569]LogModuleManager: Shutting down and abandoning module SceneDepthPickerMode (512)
[2017.11.21-22.31.45:606][569]LogModuleManager: Shutting down and abandoning module ActorPickerMode (510)
[2017.11.21-22.31.45:606][569]LogModuleManager: Shutting down and abandoning module GeometryMode (508)
[2017.11.21-22.31.45:606][569]LogModuleManager: Shutting down and abandoning module TextureAlignMode (506)
[2017.11.21-22.31.45:606][569]LogModuleManager: Shutting down and abandoning module BspMode (504)
[2017.11.21-22.31.45:606][569]LogModuleManager: Shutting down and abandoning module PIEPreviewDeviceProfileSelector (502)
[2017.11.21-22.31.45:606][569]LogModuleManager: Shutting down and abandoning module HardwareSurvey (500)
[2017.11.21-22.31.45:606][569]LogModuleManager: Shutting down and abandoning module SequenceRecorderSections (498)
[2017.11.21-22.31.45:606][569]LogModuleManager: Shutting down and abandoning module AutomationWorker (496)
[2017.11.21-22.31.45:606][569]LogModuleManager: Shutting down and abandoning module MatineeToLevelSequence (494)
[2017.11.21-22.31.45:606][569]LogModuleManager: Shutting down and abandoning module LevelSequenceEditor (492)
[2017.11.21-22.31.45:623][569]LogModuleManager: Shutting down and abandoning module PlacementMode (491)
[2017.11.21-22.31.45:623][569]LogModuleManager: Shutting down and abandoning module WmfMediaFactory (488)
[2017.11.21-22.31.45:623][569]LogModuleManager: Shutting down and abandoning module WmfMediaEditor (486)
[2017.11.21-22.31.45:623][569]LogModuleManager: Shutting down and abandoning module AvfMediaFactory (484)
[2017.11.21-22.31.45:623][569]LogModuleManager: Shutting down and abandoning module AvfMediaEditor (482)
[2017.11.21-22.31.45:623][569]LogModuleManager: Shutting down and abandoning module AndroidMediaFactory (480)
[2017.11.21-22.31.45:623][569]LogModuleManager: Shutting down and abandoning module Media (479)
[2017.11.21-22.31.45:623][569]LogModuleManager: Shutting down and abandoning module AndroidMediaEditor (476)
[2017.11.21-22.31.45:623][569]LogModuleManager: Shutting down and abandoning module CharacterAI (474)
[2017.11.21-22.31.45:623][569]LogModuleManager: Shutting down and abandoning module AudioCapture (472)
[2017.11.21-22.31.45:623][569]LogModuleManager: Shutting down and abandoning module SequenceRecorder (471)
[2017.11.21-22.31.45:623][569]LogModuleManager: Shutting down and abandoning module SmartSnapping (468)
[2017.11.21-22.31.45:623][569]LogModuleManager: Shutting down and abandoning module SessionServices (466)
[2017.11.21-22.31.45:623][569]LogModuleManager: Shutting down and abandoning module ViewportSnapping (464)
[2017.11.21-22.31.45:623][569]LogModuleManager: Shutting down and abandoning module ViewportInteraction (462)
[2017.11.21-22.31.45:623][569]LogModuleManager: Shutting down and abandoning module ClothPainter (460)
[2017.11.21-22.31.45:635][569]LogModuleManager: Shutting down and abandoning module LogVisualizer (458)
[2017.11.21-22.31.45:635][569]LogModuleManager: Shutting down and abandoning module IntroTutorials (456)
[2017.11.21-22.31.45:635][569]LogModuleManager: Shutting down and abandoning module GameProjectGeneration (455)
[2017.11.21-22.31.45:651][569]LogModuleManager: Shutting down and abandoning module IOSPlatformEditor (452)
[2017.11.21-22.31.45:651][569]LogModuleManager: Shutting down and abandoning module HTML5PlatformEditor (450)
[2017.11.21-22.31.45:651][569]LogModuleManager: Shutting down and abandoning module AndroidPlatformEditor (448)
[2017.11.21-22.31.45:651][569]LogModuleManager: Shutting down and abandoning module AndroidDeviceDetection (447)
[2017.11.21-22.31.45:982][569]LogModuleManager: Shutting down and abandoning module WindowsPlatformEditor (444)
[2017.11.21-22.31.45:982][569]LogModuleManager: Shutting down and abandoning module IOSRuntimeSettings (442)
[2017.11.21-22.31.45:982][569]LogModuleManager: Shutting down and abandoning module AndroidRuntimeSettings (440)
[2017.11.21-22.31.45:982][569]LogModuleManager: Shutting down and abandoning module InputBindingEditor (438)
[2017.11.21-22.31.45:982][569]LogModuleManager: Shutting down and abandoning module MergeActors (436)
[2017.11.21-22.31.45:986][569]LogModuleManager: Shutting down and abandoning module SizeMap (434)
[2017.11.21-22.31.45:986][569]LogModuleManager: Shutting down and abandoning module TreeMap (432)
[2017.11.21-22.31.45:986][569]LogModuleManager: Shutting down and abandoning module ReferenceViewer (430)
[2017.11.21-22.31.45:986][569]LogModuleManager: Shutting down and abandoning module LocalizationDashboard (428)
[2017.11.21-22.31.45:987][569]LogModuleManager: Shutting down and abandoning module LocalizationService (427)
[2017.11.21-22.31.45:987][569]LogModuleManager: Shutting down and abandoning module HardwareTargeting (424)
[2017.11.21-22.31.45:987][569]LogModuleManager: Shutting down and abandoning module DeviceProfileEditor (422)
[2017.11.21-22.31.45:987][569]LogModuleManager: Shutting down and abandoning module UndoHistory (420)
[2017.11.21-22.31.45:987][569]LogModuleManager: Shutting down and abandoning module XmlParser (418)
[2017.11.21-22.31.45:987][569]LogModuleManager: Shutting down and abandoning module Blutility (416)
[2017.11.21-22.31.45:987][569]LogModuleManager: Shutting down and abandoning module ProjectSettingsViewer (414)
[2017.11.21-22.31.45:987][569]LogModuleManager: Shutting down and abandoning module ProjectTargetPlatformEditor (413)
[2017.11.21-22.31.45:987][569]LogModuleManager: Shutting down and abandoning module EditorSettingsViewer (410)
[2017.11.21-22.31.45:987][569]LogModuleManager: Shutting down and abandoning module SettingsEditor (408)
[2017.11.21-22.31.45:989][569]LogModuleManager: Shutting down and abandoning module ProjectLauncher (406)
[2017.11.21-22.31.45:994][569]LogModuleManager: Shutting down and abandoning module SessionFrontend (404)
[2017.11.21-22.31.45:994][569]LogModuleManager: Shutting down and abandoning module ProfilerClient (402)
[2017.11.21-22.31.46:002][569]LogModuleManager: Shutting down and abandoning module DeviceManager (400)
[2017.11.21-22.31.46:002][569]LogModuleManager: Shutting down and abandoning module TargetDeviceServices (399)
[2017.11.21-22.31.46:056][569]LogModuleManager: Shutting down and abandoning module AutomationController (396)
[2017.11.21-22.31.46:056][569]LogModuleManager: Shutting down and abandoning module AutomationWindow (394)
[2017.11.21-22.31.46:078][569]LogModuleManager: Shutting down and abandoning module Layers (392)
[2017.11.21-22.31.46:079][569]LogModuleManager: Shutting down and abandoning module ComponentVisualizers (390)
[2017.11.21-22.31.46:079][569]LogModuleManager: Shutting down and abandoning module DetailCustomizations (388)
[2017.11.21-22.31.46:079][569]LogModuleManager: Shutting down and abandoning module PackagesDialog (386)
[2017.11.21-22.31.46:080][569]LogModuleManager: Shutting down and abandoning module Persona (384)
[2017.11.21-22.31.46:108][569]LogModuleManager: Shutting down and abandoning module AdvancedPreviewScene (383)
[2017.11.21-22.31.46:108][569]LogModuleManager: Shutting down and abandoning module AnimGraph (381)
[2017.11.21-22.31.46:108][569]LogModuleManager: Shutting down and abandoning module Kismet (378)
[2017.11.21-22.31.46:109][569]LogModuleManager: Shutting down and abandoning module ClassViewer (376)
[2017.11.21-22.31.46:109][569]LogModuleManager: Shutting down and abandoning module Toolbox (374)
[2017.11.21-22.31.46:109][569]LogModuleManager: Shutting down and abandoning module ModuleUI (372)
[2017.11.21-22.31.46:114][569]LogModuleManager: Shutting down and abandoning module MovieSceneTools (370)
[2017.11.21-22.31.46:114][569]LogModuleManager: Shutting down and abandoning module OutputLog (368)
[2017.11.21-22.31.46:114][569]LogModuleManager: Shutting down and abandoning module GammaUI (366)
[2017.11.21-22.31.46:114][569]LogModuleManager: Shutting down and abandoning module Documentation (364)
[2017.11.21-22.31.46:114][569]LogModuleManager: Shutting down and abandoning module MovieSceneTracks (362)
[2017.11.21-22.31.46:126][569]LogModuleManager: Shutting down and abandoning module MovieScene (360)
[2017.11.21-22.31.46:126][569]LogModuleManager: Shutting down and abandoning module Niagara (358)
[2017.11.21-22.31.46:126][569]LogModuleManager: Shutting down and abandoning module NiagaraEditor (357)
[2017.11.21-22.31.46:135][569]LogModuleManager: Shutting down and abandoning module StreamingPauseRendering (354)
[2017.11.21-22.31.46:136][569]LogModuleManager: Shutting down and abandoning module LauncherPlatform (352)
[2017.11.21-22.31.46:136][569]LogModuleManager: Shutting down and abandoning module AnalyticsET (350)
[2017.11.21-22.31.46:136][569]LogModuleManager: Shutting down and abandoning module PortalServices (348)
[2017.11.21-22.31.46:136][569]LogModuleManager: Shutting down and abandoning module PortalRpc (346)
[2017.11.21-22.31.46:136][569]LogModuleManager: Shutting down and abandoning module MessagingRpc (344)
[2017.11.21-22.31.46:136][569]LogModuleManager: Shutting down and abandoning module AIModule (342)
[2017.11.21-22.31.46:136][569]LogModuleManager: Shutting down and abandoning module GameplayDebugger (341)
[2017.11.21-22.31.46:136][569]LogModuleManager: Shutting down and abandoning module AITestSuite (339)
[2017.11.21-22.31.46:136][569]LogModuleManager: Shutting down and abandoning module ProfilerService (336)
[2017.11.21-22.31.46:334][569]LogModuleManager: Shutting down and abandoning module TaskGraph (334)
[2017.11.21-22.31.46:349][569]LogModuleManager: Shutting down and abandoning module SteamVRController (332)
[2017.11.21-22.31.46:349][569]LogModuleManager: Shutting down and abandoning module ProceduralMeshComponentEditor (330)
[2017.11.21-22.31.46:349][569]LogModuleManager: Shutting down and abandoning module ProceduralMeshComponent (328)
[2017.11.21-22.31.46:349][569]LogModuleManager: Shutting down and abandoning module OculusInput (326)
[2017.11.21-22.31.46:349][569]LogModuleManager: Shutting down and abandoning module MobilePatchingUtils (324)
[2017.11.21-22.31.46:349][569]LogModuleManager: Shutting down and abandoning module CustomMeshComponent (322)
[2017.11.21-22.31.46:349][569]LogModuleManager: Shutting down and abandoning module CableComponent (320)
[2017.11.21-22.31.46:349][569]LogModuleManager: Shutting down and abandoning module ArchVisCharacter (318)
[2017.11.21-22.31.46:349][569]LogModuleManager: Shutting down and abandoning module AndroidPermission (316)
[2017.11.21-22.31.46:349][569]LogModuleManager: Shutting down and abandoning module MediaPlayerEditor (312)
[2017.11.21-22.31.46:361][569]LogModuleManager: Shutting down and abandoning module HTML5Networking (310)
[2017.11.21-22.31.46:361][569]LogModuleManager: Shutting down and abandoning module AlembicImporter (308)
[2017.11.21-22.31.46:365][569]LogModuleManager: Shutting down and abandoning module AlembicLibrary (307)
[2017.11.21-22.31.46:365][569]LogModuleManager: Shutting down and abandoning module GeometryCache (306)
[2017.11.21-22.31.46:365][569]LogModuleManager: Shutting down and abandoning module GeometryCacheEd (305)
[2017.11.21-22.31.46:365][569]LogModuleManager: Shutting down and abandoning module SpeedTreeImporter (300)
[2017.11.21-22.31.46:365][569]LogModuleManager: Shutting down and abandoning module PluginBrowser (298)
[2017.11.21-22.31.46:382][569]LogModuleManager: Shutting down and abandoning module MobileLauncherProfileWizard (296)
[2017.11.21-22.31.46:395][569]LogModuleManager: Shutting down and abandoning module VisualStudioSourceCodeAccess (294)
[2017.11.21-22.31.46:395][569]LogModuleManager: Shutting down and abandoning module DesktopPlatform (293)
[2017.11.21-22.31.46:395][569]LogModuleManager: Shutting down and abandoning module UObjectPlugin (290)
[2017.11.21-22.31.46:395][569]LogModuleManager: Shutting down and abandoning module SubversionSourceControl (288)
[2017.11.21-22.31.46:395][569]LogModuleManager: Shutting down and abandoning module PerforceSourceControl (286)
[2017.11.21-22.31.46:395][569]LogModuleManager: Shutting down and abandoning module GitSourceControl (284)
[2017.11.21-22.31.46:395][569]LogModuleManager: Shutting down and abandoning module SourceControl (283)
[2017.11.21-22.31.46:395][569]LogModuleManager: Shutting down and abandoning module LightPropagationVolumeEditor (280)
[2017.11.21-22.31.46:395][569]LogModuleManager: Shutting down and abandoning module PaperTiledImporter (278)
[2017.11.21-22.31.46:395][569]LogModuleManager: Shutting down and abandoning module PaperSpriteSheetImporter (276)
[2017.11.21-22.31.46:395][569]LogModuleManager: Shutting down and abandoning module Paper2DEditor (274)
[2017.11.21-22.31.46:395][569]LogModuleManager: Shutting down and abandoning module MeshPaint (273)
[2017.11.21-22.31.46:395][569]LogModuleManager: Shutting down and abandoning module LevelEditor (271)
[2017.11.21-22.31.46:395][569]LogModuleManager: Shutting down and abandoning module PixelInspectorModule (270)
[2017.11.21-22.31.46:395][569]LogModuleManager: Shutting down and abandoning module MainFrame (268)
[2017.11.21-22.31.46:395][569]LogModuleManager: Shutting down and abandoning module HotReload (267)
[2017.11.21-22.31.46:395][569]LogDirectoryWatcher: A directory notification for 'D:/Documents/Uni/VGD/Puzzle-Island-VGD/Puzzle_Island/Binaries/Win64' was aborted.
[2017.11.21-22.31.46:396][569]LogModuleManager: Shutting down and abandoning module Puzzle_Island (262)
[2017.11.21-22.31.46:396][569]LogModuleManager: Shutting down and abandoning module RuntimePhysXCooking (260)
[2017.11.21-22.31.46:396][569]LogModuleManager: Shutting down and abandoning module PhysXVehiclesEditor (258)
[2017.11.21-22.31.46:396][569]LogModuleManager: Shutting down and abandoning module PhysXVehicles (256)
[2017.11.21-22.31.46:396][569]LogModuleManager: Shutting down and abandoning module OculusEditor (254)
[2017.11.21-22.31.46:396][569]LogModuleManager: Shutting down and abandoning module LocationServicesBPLibrary (252)
[2017.11.21-22.31.46:396][569]LogModuleManager: Shutting down and abandoning module ImmediatePhysicsEditor (250)
[2017.11.21-22.31.46:396][569]LogModuleManager: Shutting down and abandoning module ImmediatePhysics (248)
[2017.11.21-22.31.46:396][569]LogModuleManager: Shutting down and abandoning module UdpMessaging (246)
[2017.11.21-22.31.46:497][569]LogModuleManager: Shutting down and abandoning module TcpMessaging (244)
[2017.11.21-22.31.46:598][569]LogModuleManager: Shutting down and abandoning module GameplayTagsEditor (242)
[2017.11.21-22.31.46:611][569]LogModuleManager: Shutting down and abandoning module FacialAnimationEditor (240)
[2017.11.21-22.31.46:611][569]LogModuleManager: Shutting down and abandoning module FacialAnimation (238)
[2017.11.21-22.31.46:612][569]LogModuleManager: Shutting down and abandoning module AssetManagerEditor (236)
[2017.11.21-22.31.46:612][569]LogModuleManager: Shutting down and abandoning module GraphEditor (235)
[2017.11.21-22.31.46:649][569]LogModuleManager: Shutting down and abandoning module ContentBrowser (233)
[2017.11.21-22.31.46:650][569]LogModuleManager: Shutting down and abandoning module LightPropagationVolumeRuntime (230)
[2017.11.21-22.31.46:650][569]LogModuleManager: Shutting down and abandoning module Paper2D (228)
[2017.11.21-22.31.46:650][569]LogModuleManager: Shutting down and abandoning module WindowsMoviePlayer (226)
[2017.11.21-22.31.46:650][569]LogModuleManager: Shutting down and abandoning module WmfMedia (224)
[2017.11.21-22.31.46:651][569]LogModuleManager: Shutting down and abandoning module PacketHandler (222)
[2017.11.21-22.31.46:651][569]LogModuleManager: Shutting down and abandoning module ClothingSystemEditor (220)
[2017.11.21-22.31.46:651][569]LogModuleManager: Shutting down and abandoning module ClothingSystemRuntime (218)
[2017.11.21-22.31.46:667][569]LogModuleManager: Shutting down and abandoning module Overlay (216)
[2017.11.21-22.31.46:667][569]LogModuleManager: Shutting down and abandoning module OverlayEditor (215)
[2017.11.21-22.31.46:667][569]LogModuleManager: Shutting down and abandoning module MediaAssets (212)
[2017.11.21-22.31.46:667][569]LogModuleManager: Shutting down and abandoning module VREditor (210)
[2017.11.21-22.31.46:686][569]LogModuleManager: Shutting down and abandoning module StringTableEditor (208)
[2017.11.21-22.31.46:695][569]LogModuleManager: Shutting down and abandoning module GameplayTasksEditor (206)
[2017.11.21-22.31.46:695][569]LogModuleManager: Shutting down and abandoning module BehaviorTreeEditor (204)
[2017.11.21-22.31.46:716][569]LogModuleManager: Shutting down and abandoning module FunctionalTesting (202)
[2017.11.21-22.31.46:716][569]LogModuleManager: Shutting down and abandoning module CollisionAnalyzer (200)
[2017.11.21-22.31.46:716][569]LogModuleManager: Shutting down and abandoning module WorkspaceMenuStructure (199)
[2017.11.21-22.31.46:716][569]LogModuleManager: Shutting down and abandoning module UMG (196)
[2017.11.21-22.31.46:733][569]LogModuleManager: Shutting down and abandoning module UMGEditor (195)
[2017.11.21-22.31.46:755][569]LogModuleManager: Shutting down and abandoning module Sequencer (194)
[2017.11.21-22.31.46:774][569]LogModuleManager: Shutting down and abandoning module MessageLog (191)
[2017.11.21-22.31.46:775][569]LogModuleManager: Shutting down and abandoning module SlateReflector (186)
[2017.11.21-22.31.46:792][569]LogModuleManager: Shutting down and abandoning module Slate (184)
[2017.11.21-22.31.46:792][569]LogModuleManager: Shutting down and abandoning module EditorStyle (182)
[2017.11.21-22.31.46:794][569]LogModuleManager: Shutting down and abandoning module MRMesh (180)
[2017.11.21-22.31.46:794][569]LogModuleManager: Shutting down and abandoning module SourceCodeAccess (178)
[2017.11.21-22.31.46:794][569]LogModuleManager: Shutting down and abandoning module HeadMountedDisplay (176)
[2017.11.21-22.31.46:794][569]LogModuleManager: Shutting down and abandoning module XAudio2 (174)
[2017.11.21-22.31.46:794][569]LogModuleManager: Shutting down and abandoning module Networking (172)
[2017.11.21-22.31.46:794][569]LogModuleManager: Shutting down and abandoning module Core (168)
[2017.11.21-22.31.46:794][569]LogModuleManager: Shutting down and abandoning module KismetCompiler (164)
[2017.11.21-22.31.46:794][569]LogModuleManager: Shutting down and abandoning module LevelSequence (162)
[2017.11.21-22.31.46:794][569]LogModuleManager: Shutting down and abandoning module MeshUtilities (160)
[2017.11.21-22.31.46:794][569]LogModuleManager: Shutting down and abandoning module MeshMergeUtilities (159)
[2017.11.21-22.31.46:808][569]LogModuleManager: Shutting down and abandoning module MeshReductionInterface (158)
[2017.11.21-22.31.46:808][569]LogModuleManager: Shutting down and abandoning module SimplygonSwarm (157)
[2017.11.21-22.31.46:819][569]LogModuleManager: Shutting down and abandoning module SimplygonMeshReduction (155)
[2017.11.21-22.31.46:819][569]LogModuleManager: Shutting down and abandoning module QuadricMeshReduction (153)
[2017.11.21-22.31.46:819][569]LogModuleManager: Shutting down and abandoning module MaterialBaking (149)
[2017.11.21-22.31.46:819][569]LogModuleManager: Shutting down and abandoning module DirectoryWatcher (146)
[2017.11.21-22.31.46:820][569]LogModuleManager: Shutting down and abandoning module DerivedDataCache (144)
[2017.11.21-22.31.46:905][569]LogDerivedDataCache: Shutdown
[2017.11.21-22.31.46:905][569]LogModuleManager: Shutting down and abandoning module TargetPlatform (142)
[2017.11.21-22.31.46:905][569]LogModuleManager: Shutting down and abandoning module VulkanShaderFormat (141)
[2017.11.21-22.31.46:905][569]LogModuleManager: Shutting down and abandoning module ShaderFormatVectorVM (139)
[2017.11.21-22.31.46:908][569]LogModuleManager: Shutting down and abandoning module ShaderFormatOpenGL (137)
[2017.11.21-22.31.46:918][569]LogModuleManager: Shutting down and abandoning module ShaderFormatD3D (135)
[2017.11.21-22.31.46:918][569]LogModuleManager: Shutting down and abandoning module MetalShaderFormat (133)
[2017.11.21-22.31.46:935][569]LogModuleManager: Shutting down and abandoning module TextureFormatUncompressed (131)
[2017.11.21-22.31.46:935][569]LogModuleManager: Shutting down and abandoning module TextureFormatPVR (129)
[2017.11.21-22.31.46:935][569]LogModuleManager: Shutting down and abandoning module TextureFormatDXT (127)
[2017.11.21-22.31.46:935][569]LogModuleManager: Shutting down and abandoning module TextureFormatIntelISPCTexComp (125)
[2017.11.21-22.31.46:935][569]LogModuleManager: Shutting down and abandoning module TextureFormatASTC (123)
[2017.11.21-22.31.46:935][569]LogModuleManager: Shutting down and abandoning module ImageWrapper (122)
[2017.11.21-22.31.46:935][569]LogModuleManager: Shutting down and abandoning module TextureFormatAndroid (119)
[2017.11.21-22.31.46:935][569]LogModuleManager: Shutting down and abandoning module AudioFormatOpus (117)
[2017.11.21-22.31.46:935][569]LogModuleManager: Shutting down and abandoning module AudioFormatOgg (115)
[2017.11.21-22.31.46:935][569]LogModuleManager: Shutting down and abandoning module AudioFormatADPCM (113)
[2017.11.21-22.31.46:935][569]LogModuleManager: Shutting down and abandoning module LinuxTargetPlatform (111)
[2017.11.21-22.31.46:935][569]LogModuleManager: Shutting down and abandoning module LinuxServerTargetPlatform (109)
[2017.11.21-22.31.46:935][569]LogModuleManager: Shutting down and abandoning module LinuxNoEditorTargetPlatform (107)
[2017.11.21-22.31.46:935][569]LogModuleManager: Shutting down and abandoning module LinuxClientTargetPlatform (105)
[2017.11.21-22.31.46:935][569]LogModuleManager: Shutting down and abandoning module TVOSTargetPlatform (103)
[2017.11.21-22.31.46:935][569]LogModuleManager: Shutting down and abandoning module Messaging (101)
[2017.11.21-22.31.46:935][569]LogModuleManager: Shutting down and abandoning module IOSTargetPlatform (99)
[2017.11.21-22.31.46:935][569]LogModuleManager: Shutting down and abandoning module HTML5TargetPlatform (97)
[2017.11.21-22.31.46:935][569]LogModuleManager: Shutting down and abandoning module Android_PVRTCTargetPlatform (95)
[2017.11.21-22.31.46:935][569]LogModuleManager: Shutting down and abandoning module Android_MultiTargetPlatform (93)
[2017.11.21-22.31.46:935][569]LogModuleManager: Shutting down and abandoning module Android_ETC2TargetPlatform (91)
[2017.11.21-22.31.46:935][569]LogModuleManager: Shutting down and abandoning module Android_ETC1TargetPlatform (89)
[2017.11.21-22.31.46:935][569]LogModuleManager: Shutting down and abandoning module Android_DXTTargetPlatform (87)
[2017.11.21-22.31.46:935][569]LogModuleManager: Shutting down and abandoning module Android_ATCTargetPlatform (85)
[2017.11.21-22.31.46:935][569]LogModuleManager: Shutting down and abandoning module Android_ASTCTargetPlatform (83)
[2017.11.21-22.31.46:935][569]LogModuleManager: Shutting down and abandoning module AndroidTargetPlatform (81)
[2017.11.21-22.31.46:935][569]LogModuleManager: Shutting down and abandoning module WindowsTargetPlatform (79)
[2017.11.21-22.31.46:935][569]LogModuleManager: Shutting down and abandoning module WindowsServerTargetPlatform (77)
[2017.11.21-22.31.46:935][569]LogModuleManager: Shutting down and abandoning module WindowsNoEditorTargetPlatform (75)
[2017.11.21-22.31.46:935][569]LogModuleManager: Shutting down and abandoning module WindowsClientTargetPlatform (73)
[2017.11.21-22.31.46:935][569]LogModuleManager: Shutting down and abandoning module MacTargetPlatform (71)
[2017.11.21-22.31.46:935][569]LogModuleManager: Shutting down and abandoning module MacServerTargetPlatform (69)
[2017.11.21-22.31.46:935][569]LogModuleManager: Shutting down and abandoning module MacNoEditorTargetPlatform (67)
[2017.11.21-22.31.46:935][569]LogModuleManager: Shutting down and abandoning module MacClientTargetPlatform (65)
[2017.11.21-22.31.46:935][569]LogModuleManager: Shutting down and abandoning module AllDesktopTargetPlatform (63)
[2017.11.21-22.31.46:935][569]LogModuleManager: Shutting down and abandoning module InputCore (60)
[2017.11.21-22.31.46:935][569]LogModuleManager: Shutting down and abandoning module Settings (58)
[2017.11.21-22.31.46:935][569]LogModuleManager: Shutting down and abandoning module PhysXCooking (56)
[2017.11.21-22.31.46:935][569]LogModuleManager: Shutting down and abandoning module SteamVR (54)
[2017.11.21-22.31.46:935][569]LogModuleManager: Shutting down and abandoning module OculusHMD (52)
[2017.11.21-22.31.46:935][569]LogModuleManager: Shutting down and abandoning module ExampleDeviceProfileSelector (50)
[2017.11.21-22.31.46:935][569]LogModuleManager: Shutting down and abandoning module OnlineBlueprintSupport (48)
[2017.11.21-22.31.46:935][569]LogModuleManager: Shutting down and abandoning module OnlineSubsystem (44)
[2017.11.21-22.31.46:935][569]LogOnline: Display: Unloading online subsystem: NULL
[2017.11.21-22.31.46:961][569]LogModuleManager: Shutting down and abandoning module XMPP (43)
[2017.11.21-22.31.46:978][569]LogModuleManager: Shutting down and abandoning module HTTP (41)
[2017.11.21-22.31.46:978][569]LogHttp: Display: Http module shutting down, but needs to wait on 1 outstanding Http requests:
[2017.11.21-22.31.46:978][569]LogHttp: Display: 	verb=[POST] url=[https://datarouter.ol.epicgames.com/datarouter/api/v1/public/data?SessionID=%7BABACF15A-4ED4-BE49-20EE-3A9844F6F639%7D&AppID=UEEditor.Rocket.Release&AppVersion=4.17.2-3658906%2B%2B%2BUE4%2BRelease-4.17&UserID=5af76ab743f8e4bde41cea986150be9d%7C11f1a39b465940bea4ddb0229619e8bc%7Ce37f163a-0c47-4d7a-a884-3eb831fb3649&AppEnvironment=datacollector-binary&UploadType=eteventstream] status=Processing
[2017.11.21-22.31.46:982][569]LogModuleManager: Shutting down and abandoning module SSL (40)
[2017.11.21-22.31.46:983][569]LogModuleManager: Shutting down and abandoning module AnimationModifiers (36)
[2017.11.21-22.31.46:983][569]LogModuleManager: Shutting down and abandoning module PropertyEditor (35)
[2017.11.21-22.31.46:983][569]LogModuleManager: Shutting down and abandoning module AudioEditor (32)
[2017.11.21-22.31.47:000][569]LogModuleManager: Shutting down and abandoning module TextureCompressor (30)
[2017.11.21-22.31.47:000][569]LogModuleManager: Shutting down and abandoning module ShaderCore (28)
[2017.11.21-22.31.47:000][569]LogModuleManager: Shutting down and abandoning module Landscape (26)
[2017.11.21-22.31.47:000][569]LogModuleManager: Shutting down and abandoning module SlateRHIRenderer (24)
[2017.11.21-22.31.47:014][569]LogModuleManager: Shutting down and abandoning module OpenGLDrv (22)
[2017.11.21-22.31.47:030][569]LogModuleManager: Shutting down and abandoning module D3D11RHI (20)
[2017.11.21-22.31.47:030][569]LogModuleManager: Shutting down and abandoning module AnimGraphRuntime (18)
[2017.11.21-22.31.47:030][569]LogModuleManager: Shutting down and abandoning module Renderer (16)
[2017.11.21-22.31.47:030][569]LogModuleManager: Shutting down and abandoning module Engine (14)
[2017.11.21-22.31.47:030][569]LogModuleManager: Shutting down and abandoning module CoreUObject (12)
[2017.11.21-22.31.47:030][569]LogModuleManager: Shutting down and abandoning module NetworkFile (10)
[2017.11.21-22.31.47:030][569]LogModuleManager: Shutting down and abandoning module CookedIterativeFile (8)
[2017.11.21-22.31.47:030][569]LogModuleManager: Shutting down and abandoning module StreamingFile (6)
[2017.11.21-22.31.47:030][569]LogModuleManager: Shutting down and abandoning module SandboxFile (4)
[2017.11.21-22.31.47:030][569]LogModuleManager: Shutting down and abandoning module PakFile (2)
[2017.11.21-22.31.47:034][569]LogExit: Exiting.
[2017.11.21-22.31.47:051][569]Log file closed, 11/21/17 22:31:47
