Log file open, 11/25/17 16:45:08
LogWindows: Failed to load 'aqProf.dll' (GetLastError=126)
LogWindows: File 'aqProf.dll' does not exist
LogWindows: Failed to load 'VtuneApi.dll' (GetLastError=126)
LogWindows: File 'VtuneApi.dll' does not exist
LogWindows: Failed to load 'VtuneApi32e.dll' (GetLastError=126)
LogWindows: File 'VtuneApi32e.dll' does not exist
LogInit: Display: Running engine for game: Puzzle_Island
LogPlatformFile: Not using cached read wrapper
LogInit: Display: RandInit(1375840007) SRandInit(1375840008).
LogTaskGraph: Started task graph with 5 named threads and 14 total threads with 3 sets of task threads.
LogStats: Stats thread started at 0.208937
LogD3D11RHI: Aftermath initialized
LogPluginManager: Mounting plugin Paper2D
LogPluginManager: Mounting plugin LightPropagationVolume
LogPluginManager: Mounting plugin CodeLiteSourceCodeAccess
LogPluginManager: Mounting plugin GitSourceControl
LogPluginManager: Mounting plugin KDevelopSourceCodeAccess
LogPluginManager: Mounting plugin NullSourceCodeAccess
LogPluginManager: Mounting plugin PerforceSourceControl
LogPluginManager: Mounting plugin SubversionSourceControl
LogPluginManager: Mounting plugin UObjectPlugin
LogPluginManager: Mounting plugin VisualStudioSourceCodeAccess
LogPluginManager: Mounting plugin XCodeSourceCodeAccess
LogPluginManager: Mounting plugin AssetManagerEditor
LogPluginManager: Mounting plugin AudioCapture
LogPluginManager: Mounting plugin FacialAnimation
LogPluginManager: Mounting plugin GameplayTagsEditor
LogPluginManager: Mounting plugin MobileLauncherProfileWizard
LogPluginManager: Mounting plugin PluginBrowser
LogPluginManager: Mounting plugin SpeedTreeImporter
LogPluginManager: Mounting plugin AlembicImporter
LogPluginManager: Mounting plugin CharacterAI
LogPluginManager: Mounting plugin HTML5Networking
LogPluginManager: Mounting plugin AndroidMedia
LogPluginManager: Mounting plugin AvfMedia
LogPluginManager: Mounting plugin MediaPlayerEditor
LogPluginManager: Mounting plugin WmfMedia
LogPluginManager: Mounting plugin TcpMessaging
LogPluginManager: Mounting plugin UdpMessaging
LogPluginManager: Mounting plugin LevelSequenceEditor
LogPluginManager: Mounting plugin MatineeToLevelSequence
LogPluginManager: Mounting plugin OnlineSubsystemGooglePlay
LogPluginManager: Mounting plugin OnlineSubsystemIOS
LogPluginManager: Mounting plugin OnlineSubsystem
LogPluginManager: Mounting plugin OnlineSubsystemNull
LogPluginManager: Mounting plugin OnlineSubsystemUtils
LogPluginManager: Mounting plugin AndroidDeviceProfileSelector
LogPluginManager: Mounting plugin AndroidMoviePlayer
LogPluginManager: Mounting plugin AndroidPermission
LogPluginManager: Mounting plugin AppleMoviePlayer
LogPluginManager: Mounting plugin ArchVisCharacter
LogPluginManager: Mounting plugin CableComponent
LogPluginManager: Mounting plugin CustomMeshComponent
LogPluginManager: Mounting plugin ExampleDeviceProfileSelector
LogPluginManager: Mounting plugin GoogleCloudMessaging
LogPluginManager: Mounting plugin ImmediatePhysics
LogPluginManager: Mounting plugin IOSDeviceProfileSelector
LogPluginManager: Mounting plugin LinuxDeviceProfileSelector
LogPluginManager: Mounting plugin LocationServicesBPLibrary
LogPluginManager: Mounting plugin MobilePatchingUtils
LogPluginManager: Mounting plugin OculusVR
LogPluginManager: Mounting plugin PhysXVehicles
LogPluginManager: Mounting plugin ProceduralMeshComponent
LogPluginManager: Mounting plugin RuntimePhysXCooking
LogPluginManager: Mounting plugin SteamVR
LogPluginManager: Mounting plugin WindowsMoviePlayer
LogInit: Using libcurl 7.47.1
LogInit:  - built for x86_64-pc-win32
LogInit:  - supports SSL with OpenSSL/1.0.2g
LogInit:  - supports HTTP deflate (compression) using libz 1.2.8
LogInit:  - other features:
LogInit:      CURL_VERSION_SSL
LogInit:      CURL_VERSION_LIBZ
LogInit:      CURL_VERSION_IPV6
LogInit:      CURL_VERSION_ASYNCHDNS
LogInit:      CURL_VERSION_LARGEFILE
LogInit:      CURL_VERSION_IDN
LogInit:  CurlRequestOptions (configurable via config and command line):
LogInit:  - bVerifyPeer = false  - Libcurl will NOT verify peer certificate
LogInit:  - bUseHttpProxy = false  - Libcurl will NOT use HTTP proxy
LogInit:  - bDontReuseConnections = false  - Libcurl will reuse connections
LogInit:  - CertBundlePath = nullptr  - Libcurl will use whatever was configured at build time.
LogInit: Build: ++UE4+Release-4.17-CL-3658906
LogInit: Engine Version: 4.17.2-3658906+++UE4+Release-4.17
LogInit: Compatible Engine Version: 4.17.0-3573198+++UE4+Release-4.17
LogInit: Net CL: 3573198
LogDevObjectVersion: Number of dev versions registered: 16
LogDevObjectVersion:   Dev-Blueprints (B0D832E4-1F89-4F0D-ACCF-7EB736FD4AA2): 10
LogDevObjectVersion:   Dev-Build (E1C64328-A22C-4D53-A36C-8E866417BD8C): 0
LogDevObjectVersion:   Dev-Core (375EC13C-06E4-48FB-B500-84F0262A717E): 2
LogDevObjectVersion:   Dev-Editor (E4B068ED-F494-42E9-A231-DA0B2E46BB41): 20
LogDevObjectVersion:   Dev-Framework (CFFC743F-43B0-4480-9391-14DF171D2073): 28
LogDevObjectVersion:   Dev-Mobile (B02B49B5-BB20-44E9-A304-32B752E40360): 0
LogDevObjectVersion:   Dev-Networking (A4E4105C-59A1-49B5-A7C5-40C4547EDFEE): 0
LogDevObjectVersion:   Dev-Online (39C831C9-5AE6-47DC-9A44-9C173E1C8E7C): 0
LogDevObjectVersion:   Dev-Physics (78F01B33-EBEA-4F98-B9B4-84EACCB95AA2): 0
LogDevObjectVersion:   Dev-Platform (6631380F-2D4D-43E0-8009-CF276956A95A): 0
LogDevObjectVersion:   Dev-Rendering (12F88B9F-8875-4AFC-A67C-D90C383ABD29): 19
LogDevObjectVersion:   Dev-Sequencer (7B5AE74C-D270-4C10-A958-57980B212A5A): 4
LogDevObjectVersion:   Dev-VR (D7296918-1DD6-4BDD-9DE2-64A83CC13884): 0
LogDevObjectVersion:   Dev-LoadTimes (C2A15278-BFE7-4AFE-6C17-90FF531DF755): 1
LogDevObjectVersion:   Private-Geometry (6EACA3D4-40EC-4CC1-B786-8BED09428FC5): 1
LogDevObjectVersion:   Dev-AnimPhys (29E575DD-E0A3-4627-9D10-D276232CDCEA): 7
LogInit: Compiled (64-bit): Sep 22 2017 13:47:16
LogInit: Compiled with Visual C++: 19.00.24215.01
LogInit: Build Configuration: Development
LogInit: Branch Name: ++UE4+Release-4.17
LogInit: Command line:  
LogInit: Base directory: C:/Program Files/Epic Games/UE_4.17/Engine/Binaries/Win64/
LogInit: Installed Engine Build: 1
LogInit: Presizing for max 8388607 objects, including 0 objects not considered by GC, pre-allocating 0 bytes for permanent pool.
LogInit: Object subsystem initialized
[2017.11.25-16.45.10:104][  0]LogInit: Selected Device Profile: [Windows]
[2017.11.25-16.45.10:104][  0]LogInit: Applying CVar settings loaded from the selected device profile: [Windows]
[2017.11.25-16.45.10:115][  0]LogInit: Computer: JAKUBSIEWNIAK
[2017.11.25-16.45.10:115][  0]LogInit: User: Jakub
[2017.11.25-16.45.10:115][  0]LogInit: CPU Page size=4096, Cores=4
[2017.11.25-16.45.10:115][  0]LogInit: High frequency timer resolution =2.435767 MHz
[2017.11.25-16.45.10:115][  0]LogMemory: Memory total: Physical=31.9GB (32GB approx)
[2017.11.25-16.45.10:115][  0]LogMemory: Platform Memory Stats for Windows
[2017.11.25-16.45.10:115][  0]LogMemory: Process Physical Memory: 281.86 MB used, 281.86 MB peak
[2017.11.25-16.45.10:115][  0]LogMemory: Process Virtual Memory: 278.56 MB used, 278.56 MB peak
[2017.11.25-16.45.10:115][  0]LogMemory: Physical Memory: 12098.33 MB used,  20586.09 MB free, 32684.42 MB total
[2017.11.25-16.45.10:115][  0]LogMemory: Virtual Memory: 663.83 MB used,  20586.09 MB free, 134217728.00 MB total
[2017.11.25-16.45.10:979][  0]LogInit: Using OS detected language (en-GB).
[2017.11.25-16.45.10:980][  0]LogInit: Using OS detected locale (en-GB).
[2017.11.25-16.45.10:991][  0]LogTextLocalizationManager: No specific localization for 'en-GB' exists, so the 'en' localization will be used.
[2017.11.25-16.45.12:299][  0]LogD3D11RHI: D3D11 adapters:
[2017.11.25-16.45.12:385][  0]LogD3D11RHI:    0. 'NVIDIA GeForce GTX 880M' (Feature Level 11_0)
[2017.11.25-16.45.12:385][  0]LogD3D11RHI:       8154/0/16342 MB DedicatedVideo/DedicatedSystem/SharedSystem, Outputs:1, VendorId:0x10de
[2017.11.25-16.45.12:393][  0]LogD3D11RHI:    1. 'Intel(R) HD Graphics 4600' (Feature Level 11_0)
[2017.11.25-16.45.12:393][  0]LogD3D11RHI:       112/0/2048 MB DedicatedVideo/DedicatedSystem/SharedSystem, Outputs:0, VendorId:0x8086
[2017.11.25-16.45.12:396][  0]LogD3D11RHI:    2. 'Microsoft Basic Render Driver' (Feature Level 11_0)
[2017.11.25-16.45.12:396][  0]LogD3D11RHI:       0/0/16342 MB DedicatedVideo/DedicatedSystem/SharedSystem, Outputs:0, VendorId:0x1414
[2017.11.25-16.45.12:396][  0]LogD3D11RHI: Chosen D3D11 Adapter: 0
[2017.11.25-16.45.12:407][  0]LogD3D11RHI: Creating new Direct3DDevice
[2017.11.25-16.45.12:407][  0]LogD3D11RHI:     GPU DeviceId: 0x1198 (for the marketing name, search the web for "GPU Device Id")
[2017.11.25-16.45.12:407][  0]LogWindows: EnumDisplayDevices:
[2017.11.25-16.45.12:407][  0]LogWindows:    0. 'Intel(R) HD Graphics 4600' (P:1 D:1)
[2017.11.25-16.45.12:408][  0]LogWindows:    1. 'Intel(R) HD Graphics 4600' (P:0 D:0)
[2017.11.25-16.45.12:408][  0]LogWindows:    2. 'Intel(R) HD Graphics 4600' (P:0 D:0)
[2017.11.25-16.45.12:408][  0]LogWindows: DebugString: PrimaryIsNotTheChoosenAdapter PrimaryIsNotTheChoosenAdapter PrimaryIsNotTheChoosenAdapter FoundDriverCount:0 
[2017.11.25-16.45.12:408][  0]LogD3D11RHI:     Adapter Name: NVIDIA GeForce GTX 880M
[2017.11.25-16.45.12:408][  0]LogD3D11RHI:   Driver Version: Unknown (internal:Unknown, unified:Unknown)
[2017.11.25-16.45.12:408][  0]LogD3D11RHI:      Driver Date: Unknown
[2017.11.25-16.45.12:408][  0]LogRHI: Texture pool is 1361 MB (70% of 1945 MB)
[2017.11.25-16.45.12:457][  0]LogD3D11RHI: Async texture creation enabled
[2017.11.25-16.45.12:471][  0]LogD3D11RHI: GPU Timing Frequency: 1000.000000 (Debug: 2 1)
[2017.11.25-16.45.12:472][  0]LogShaderCompilers: Guid format shader working directory is -21 characters bigger than the processId version (D:/Education/Uniwersytet/Year3/VGD/Puzzle-Island-VGD/Puzzle_Island/Intermediate/Shaders/WorkingDirectory/23392/).
[2017.11.25-16.45.12:472][  0]LogShaderCompilers: Cleaned the shader compiler working directory 'C:/Users/Jakub/AppData/Local/Temp/UnrealShaderWorkingDir/7272427D4BB4553AAC43EBA3624E913F/'.
[2017.11.25-16.45.12:472][  0]LogShaderCompilers: Display: Using Local Shader Compiler.
[2017.11.25-16.45.14:234][  0]LogTemp: Display: Loaded TP AllDesktopTargetPlatform
[2017.11.25-16.45.14:334][  0]LogTemp: Display: Loaded TP MacClientTargetPlatform
[2017.11.25-16.45.14:433][  0]LogTemp: Display: Loaded TP MacNoEditorTargetPlatform
[2017.11.25-16.45.14:510][  0]LogTemp: Display: Loaded TP MacServerTargetPlatform
[2017.11.25-16.45.14:586][  0]LogTemp: Display: Loaded TP MacTargetPlatform
[2017.11.25-16.45.14:654][  0]LogTemp: Display: Loaded TP WindowsClientTargetPlatform
[2017.11.25-16.45.14:729][  0]LogTemp: Display: Loaded TP WindowsNoEditorTargetPlatform
[2017.11.25-16.45.14:808][  0]LogTemp: Display: Loaded TP WindowsServerTargetPlatform
[2017.11.25-16.45.14:885][  0]LogTemp: Display: Loaded TP WindowsTargetPlatform
[2017.11.25-16.45.14:968][  0]LogTemp: Display: Loaded TP AndroidTargetPlatform
[2017.11.25-16.45.15:054][  0]LogTemp: Display: Loaded TP Android_ASTCTargetPlatform
[2017.11.25-16.45.15:126][  0]LogTemp: Display: Loaded TP Android_ATCTargetPlatform
[2017.11.25-16.45.15:212][  0]LogTemp: Display: Loaded TP Android_DXTTargetPlatform
[2017.11.25-16.45.15:297][  0]LogTemp: Display: Loaded TP Android_ETC1TargetPlatform
[2017.11.25-16.45.15:382][  0]LogTemp: Display: Loaded TP Android_ETC2TargetPlatform
[2017.11.25-16.45.15:535][  0]LogTemp: Display: Loaded TP Android_MultiTargetPlatform
[2017.11.25-16.45.15:535][  0]LogTemp: Display: Loaded TP Android_PVRTCTargetPlatform
[2017.11.25-16.45.15:595][  0]LogTemp: Display: Loaded TP HTML5TargetPlatform
[2017.11.25-16.45.15:726][  0]LogTemp: Display: Loaded TP IOSTargetPlatform
[2017.11.25-16.45.15:768][  0]LogTemp: Display: Loaded TP TVOSTargetPlatform
[2017.11.25-16.45.15:855][  0]LogTemp: Display: Loaded TP LinuxClientTargetPlatform
[2017.11.25-16.45.15:924][  0]LogTemp: Display: Loaded TP LinuxNoEditorTargetPlatform
[2017.11.25-16.45.16:013][  0]LogTemp: Display: Loaded TP LinuxServerTargetPlatform
[2017.11.25-16.45.16:097][  0]LogTemp: Display: Loaded TP LinuxTargetPlatform
[2017.11.25-16.45.16:097][  0]LogTargetPlatformManager: Display: Building Assets For Windows
[2017.11.25-16.45.16:974][  0]LogDerivedDataCache: Display: Max Cache Size: 512 MB
[2017.11.25-16.45.17:095][  0]LogDerivedDataCache: Loaded boot cache 0.12s 93MB C:/Users/Jakub/AppData/Local/UnrealEngine/4.17/DerivedDataCache/Boot.ddc.
[2017.11.25-16.45.17:095][  0]LogDerivedDataCache: Display: Loaded Boot cache: C:/Users/Jakub/AppData/Local/UnrealEngine/4.17/DerivedDataCache/Boot.ddc
[2017.11.25-16.45.17:095][  0]LogDerivedDataCache: FDerivedDataBackendGraph:  Pak pak cache file D:/Education/Uniwersytet/Year3/VGD/Puzzle-Island-VGD/Puzzle_Island/DerivedDataCache/DDC.ddp not found, will not use a pak cache.
[2017.11.25-16.45.17:095][  0]LogDerivedDataCache: Unable to find inner node Pak for hierarchical cache Hierarchy.
[2017.11.25-16.45.17:095][  0]LogDerivedDataCache: FDerivedDataBackendGraph:  CompressedPak pak cache file D:/Education/Uniwersytet/Year3/VGD/Puzzle-Island-VGD/Puzzle_Island/DerivedDataCache/Compressed.ddp not found, will not use a pak cache.
[2017.11.25-16.45.17:095][  0]LogDerivedDataCache: Unable to find inner node CompressedPak for hierarchical cache Hierarchy.
[2017.11.25-16.45.17:116][  0]LogDerivedDataCache: Display: Pak cache opened for reading ../../../Engine/DerivedDataCache/Compressed.ddp.
[2017.11.25-16.45.17:130][  0]LogDerivedDataCache: Using Local data cache path C:/Users/Jakub/AppData/Local/UnrealEngine/Common/DerivedDataCache: Writable
[2017.11.25-16.45.17:143][  0]LogMaterial: Verifying Global Shaders for PCD3D_SM5
[2017.11.25-16.45.17:143][  0]LogSlate: Using Freetype 2.6.0
[2017.11.25-16.45.17:144][  0]LogSlate: SlateFontCache - WITH_FREETYPE: 1, WITH_HARFBUZZ: 1
[2017.11.25-16.45.17:144][  0]LogSlate: SlateFontCache - WITH_FREETYPE: 1, WITH_HARFBUZZ: 1
[2017.11.25-16.45.17:569][  0]LogAssetRegistry: FAssetRegistry took 0.0286 seconds to start up
[2017.11.25-16.45.17:823][  0]LogInit: Selected Device Profile: [Windows]
[2017.11.25-16.45.18:524][  0]LogSimplygon: Simplygon DLL not present - disabling.
[2017.11.25-16.45.18:593][  0]LogMeshReduction: Using SimplygonSwarm for distributed automatic mesh merging
[2017.11.25-16.45.18:593][  0]LogMeshReduction: Using QuadricMeshReduction for automatic static mesh reduction
[2017.11.25-16.45.18:593][  0]LogMeshReduction: No automatic skeletal mesh reduction module available
[2017.11.25-16.45.18:593][  0]LogMeshReduction: No automatic mesh merging module available
[2017.11.25-16.45.18:593][  0]LogMeshMerging: No automatic mesh merging module available
[2017.11.25-16.45.18:595][  0]LogContentStreaming: Texture pool size is 0.00 MB
[2017.11.25-16.45.19:303][  0]LogNetVersion: Puzzle_Island , NetCL: 3573198, EngineNetVer: 2, GameNetVer: 0 (Checksum: 3939646741)
[2017.11.25-16.45.19:634][  0]LogPackageLocalizationCache: Processed 5 localized package path(s) for 2 prioritized culture(s) in 0.075660 seconds
[2017.11.25-16.45.19:642][  0]LogUObjectArray: 35825 objects as part of root set at end of initial load.
[2017.11.25-16.45.19:642][  0]LogUObjectAllocator: 7529112 out of 0 bytes used by permanent object pool.
[2017.11.25-16.45.19:642][  0]LogUObjectArray: CloseDisregardForGC: 0/0 objects in disregard for GC pool
[2017.11.25-16.45.19:735][  0]LogInit: WinSock: version 1.1 (2.2), MaxSocks=32767, MaxUdp=65467
[2017.11.25-16.45.24:016][  0]LogTcpMessaging: Initializing TcpMessaging bridge
[2017.11.25-16.45.24:070][  0]LogUdpMessaging: Initializing bridge on interface 0.0.0.0:0 to multicast group 230.0.0.1:6666.
[2017.11.25-16.45.25:390][  0]LogMaterial: Uniform references updated for custom material expression Custom.
[2017.11.25-16.45.26:111][  0]SourceControl: Source control is disabled
[2017.11.25-16.45.26:111][  0]SourceControl: Source control is disabled
[2017.11.25-16.45.26:188][  0]SourceControl: Source control is disabled
[2017.11.25-16.45.26:265][  0]SourceControl: Source control is disabled
[2017.11.25-16.45.27:172][  0]LogAndroidPermission: UAndroidPermissionCallbackProxy::GetInstance
[2017.11.25-16.45.27:660][  0]LogOcInput: OculusInput pre-init called
[2017.11.25-16.45.28:069][  0]LogEngine: Initializing Engine...
[2017.11.25-16.45.28:071][  0]LogHMD: Failed to initialize OpenVR with code 110
[2017.11.25-16.45.28:359][  0]LogStats: UGameplayTagsManager::ConstructGameplayTagTree: Construct from data asset -  0.000 s
[2017.11.25-16.45.28:359][  0]LogStats: UGameplayTagsManager::ConstructGameplayTagTree: GameplayTagTreeChangedEvent.Broadcast -  0.000 s
[2017.11.25-16.45.28:576][  0]LogAIModule: Creating AISystem for world Untitled
[2017.11.25-16.45.28:588][  0]LogInit: XAudio2 using 'Speakers (Realtek High Definition Audio)' : 2 channels at 48 kHz using 32 bits per sample (channel mask 0x3)
[2017.11.25-16.45.28:649][  0]LogInit: FAudioDevice initialized.
[2017.11.25-16.45.28:744][  0]LogDerivedDataCache: Saved boot cache 0.09s 93MB C:/Users/Jakub/AppData/Local/UnrealEngine/4.17/DerivedDataCache/Boot.ddc.
[2017.11.25-16.45.28:757][  0]LogInit: Texture streaming: Enabled
[2017.11.25-16.45.28:920][  0]LogEngineSessionManager: EngineSessionManager initialized
[2017.11.25-16.45.29:286][  0]LogInit: Transaction tracking system initialized
[2017.11.25-16.45.29:800][  0]BlueprintLog: New page: Editor Load
[2017.11.25-16.45.31:276][  0]LocalizationService: Localization service is disabled
[2017.11.25-16.45.32:472][  0]LogConsoleResponse: Display: 
[2017.11.25-16.45.32:756][  0]LogAutoReimportManager: Warning: Unable to watch directory D:/Education/Uniwersytet/Year3/VGD/Puzzle-Island-VGD/Puzzle_Island/Content/ as it will conflict with another watching D:/Education/Uniwersytet/Year3/VGD/Puzzle-Island-VGD/Puzzle_Island/Content/.
[2017.11.25-16.45.32:756][  0]LogAutoReimportManager: Warning: Unable to watch directory D:/Education/Uniwersytet/Year3/VGD/Puzzle-Island-VGD/Puzzle_Island/Content/ as it will conflict with another watching D:/Education/Uniwersytet/Year3/VGD/Puzzle-Island-VGD/Puzzle_Island/Content/.
[2017.11.25-16.45.32:756][  0]LogAutoReimportManager: Warning: Unable to watch directory D:/Education/Uniwersytet/Year3/VGD/Puzzle-Island-VGD/Puzzle_Island/Content/ as it will conflict with another watching D:/Education/Uniwersytet/Year3/VGD/Puzzle-Island-VGD/Puzzle_Island/Content/.
[2017.11.25-16.45.32:768][  0]LogCook: Display: Max memory allowance for cook 16384mb min free memory 0mb
[2017.11.25-16.45.32:768][  0]LogCook: Display: Mobile HDR setting 1
[2017.11.25-16.45.32:768][  0]LogGameplayTags: Display: UGameplayTagsManager::DoneAddingNativeTags. DelegateIsBound: 0
[2017.11.25-16.45.33:730][  0]LogFileCache: Scanning file cache for directory 'D:/Education/Uniwersytet/Year3/VGD/Puzzle-Island-VGD/Puzzle_Island/Content/' took 0.02s
[2017.11.25-16.45.34:631][  0]SourceControl: Source control is disabled
[2017.11.25-16.45.34:631][  0]Cmd: MAP LOAD FILE="D:/Education/Uniwersytet/Year3/VGD/Puzzle-Island-VGD/Puzzle_Island/Content/Maps/Puzzle_Island.umap" TEMPLATE=0 SHOWPROGRESS=1 FEATURELEVEL=3
[2017.11.25-16.45.34:632][  0]LightingResults: New page: Lighting Build
[2017.11.25-16.45.34:701][  0]MapCheck: New page: Map Check
[2017.11.25-16.45.34:702][  0]LightingResults: New page: Lighting Build
[2017.11.25-16.45.35:180][  0]LogAIModule: Creating AISystem for world Puzzle_Island
[2017.11.25-16.45.35:248][  0]LogEditorServer: Finished looking for orphan Actors (0.000 secs)
[2017.11.25-16.45.35:292][  0]Cmd: MAP CHECKDEP NOCLEARLOG
[2017.11.25-16.45.35:413][  0]MapCheck: Map check complete: 0 Error(s), 0 Warning(s), took 120.817ms to complete.
[2017.11.25-16.45.35:413][  0]LogFileHelpers: Loading map 'Puzzle_Island' took 0.782
[2017.11.25-16.45.35:659][  0]LogCollectionManager: Loaded 0 collections in 0.003877 seconds
[2017.11.25-16.45.35:794][  0]LogFileCache: Scanning file cache for directory 'D:/Education/Uniwersytet/Year3/VGD/Puzzle-Island-VGD/Puzzle_Island/Saved/Collections/' took 0.01s
[2017.11.25-16.45.35:794][  0]LogFileCache: Scanning file cache for directory 'D:/Education/Uniwersytet/Year3/VGD/Puzzle-Island-VGD/Puzzle_Island/Content/Developers/Jakub/Collections/' took 0.01s
[2017.11.25-16.45.35:794][  0]LogFileCache: Scanning file cache for directory 'D:/Education/Uniwersytet/Year3/VGD/Puzzle-Island-VGD/Puzzle_Island/Content/Collections/' took 0.01s
[2017.11.25-16.45.35:795][  0]LogCollectionManager: Rebuilt the GUID cache for 0 collections in 0.000001 seconds
[2017.11.25-16.45.35:815][  0]LogContentBrowser: Native class hierarchy populated in 0.0202 seconds. Added 2388 classes and 502 folders.
[2017.11.25-16.45.35:955][  0]LogContentBrowser: Native class hierarchy updated for 'WidgetCarousel' in 0.0030 seconds. Added 0 classes and 0 folders.
[2017.11.25-16.45.36:052][  0]LogContentBrowser: Native class hierarchy updated for 'AddContentDialog' in 0.0029 seconds. Added 0 classes and 0 folders.
[2017.11.25-16.45.36:138][  0]LogContentBrowser: Native class hierarchy updated for 'SceneOutliner' in 0.0029 seconds. Added 1 classes and 2 folders.
[2017.11.25-16.45.36:266][  0]LogSlate: Took 0.000461 seconds to synchronously load lazily loaded font '../../../Engine/Content/Slate/Fonts/Roboto-Regular.ttf' (155K)
[2017.11.25-16.45.36:270][  0]LogSlate: Took 0.000394 seconds to synchronously load lazily loaded font '../../../Engine/Content/Slate/Fonts/Roboto-Bold.ttf' (160K)
[2017.11.25-16.45.36:279][  0]LogSlate: Took 0.000489 seconds to synchronously load lazily loaded font '../../../Engine/Content/Editor/Slate/Fonts/FontAwesome.ttf' (139K)
[2017.11.25-16.45.36:489][  0]LogRenderer: Reallocating scene render targets to support 1204x676 Format 10 NumSamples 1 (Frame:1).
[2017.11.25-16.45.36:817][  0]LogContentBrowser: Native class hierarchy updated for 'HierarchicalLODOutliner' in 0.0050 seconds. Added 1 classes and 2 folders.
[2017.11.25-16.45.36:817][  0]LogLoad: (Engine Initialization) Total time: 30.51 seconds
[2017.11.25-16.45.36:817][  0]LogLoad: (Engine Initialization) Total Blueprint compile time: 0.00 seconds
[2017.11.25-16.45.36:818][  0]LogExternalProfiler: Found external profiler: VSPerf
[2017.11.25-16.45.36:818][  0]LogExternalProfiler: Using external profiler: VSPerf
[2017.11.25-16.45.36:828][  0]LogWindowsTextInputMethodSystem: Display: IME system now deactivated.
[2017.11.25-16.45.36:864][  0]LogContentStreaming: Texture pool size now 1000 MB
[2017.11.25-16.45.36:942][  0]LogSlate: Took 0.000262 seconds to synchronously load lazily loaded font '../../../Engine/Content/Slate/Fonts/Roboto-Light.ttf' (159K)
[2017.11.25-16.45.36:951][  1]LogFileCache: Retrieving MD5 hashes for directory 'D:/Education/Uniwersytet/Year3/VGD/Puzzle-Island-VGD/Puzzle_Island/Content/' took 0.11s
[2017.11.25-16.45.36:972][  1]LogAssetRegistry: Asset discovery search completed in 19.4258 seconds
[2017.11.25-16.45.36:975][  1]LogCollectionManager: Rebuilt the object cache for 0 collections in 0.000000 seconds (found 0 objects)
[2017.11.25-16.45.36:975][  1]LogCollectionManager: Fixed up redirectors for 0 collections in 0.000074 seconds (updated 0 objects)
[2017.11.25-16.45.38:342][111]LogTemp: Repeating last play command: Selected Viewport
[2017.11.25-16.45.38:424][111]LogBlueprintUserMessages: Early PlayInEditor Detection: Level '/Game/Maps/Puzzle_Island.Puzzle_Island:PersistentLevel' has LevelScriptBlueprint '/Game/Maps/Puzzle_Island.Puzzle_Island:PersistentLevel.Puzzle_Island' with GeneratedClass '/Game/Maps/Puzzle_Island.Puzzle_Island_C' with ClassGeneratedBy '/Game/Maps/Puzzle_Island.Puzzle_Island:PersistentLevel.Puzzle_Island'
[2017.11.25-16.45.38:424][111]LogPlayLevel: PlayLevel: No blueprints needed recompiling
[2017.11.25-16.45.38:424][111]PIE: New page: PIE session: Puzzle_Island (25 Nov 2017 16:45:38)
[2017.11.25-16.45.38:424][111]LogPlayLevel: Creating play world package: /Game/Maps/UEDPIE_0_Puzzle_Island
[2017.11.25-16.45.38:441][111]LogPlayLevel: PIE: StaticDuplicateObject took: (0.017006s)
[2017.11.25-16.45.38:442][111]LogAIModule: Creating AISystem for world Puzzle_Island
[2017.11.25-16.45.38:442][111]LogPlayLevel: PIE: World Init took: (0.000866s)
[2017.11.25-16.45.38:443][111]LogPlayLevel: PIE: Created PIE world by copying editor world from /Game/Maps/Puzzle_Island.Puzzle_Island to /Game/Maps/UEDPIE_0_Puzzle_Island.Puzzle_Island (0.018184s)
[2017.11.25-16.45.38:461][111]LogInit: XAudio2 using 'Speakers (Realtek High Definition Audio)' : 2 channels at 48 kHz using 32 bits per sample (channel mask 0x3)
[2017.11.25-16.45.38:488][111]LogInit: FAudioDevice initialized.
[2017.11.25-16.45.38:555][111]LogLoad: Game class is '3D_Exploration_GameMode_C'
[2017.11.25-16.45.38:561][111]LogWorld: Bringing World /Game/Maps/UEDPIE_0_Puzzle_Island.Puzzle_Island up for play (max tick rate 0) at 2017.11.25-16.45.38
[2017.11.25-16.45.38:562][111]LogWorld: Bringing up level for play took: 0.004777
[2017.11.25-16.45.38:629][111]LogContentBrowser: Native class hierarchy updated for 'MovieSceneCapture' in 0.0028 seconds. Added 11 classes and 0 folders.
[2017.11.25-16.45.38:632][111]PIE: Play in editor start time for /Game/Maps/UEDPIE_0_Puzzle_Island 0.463
[2017.11.25-16.45.38:633][111]LogBlueprintUserMessages: Late PlayInEditor Detection: Level '/Game/Maps/Puzzle_Island.Puzzle_Island:PersistentLevel' has LevelScriptBlueprint '/Game/Maps/Puzzle_Island.Puzzle_Island:PersistentLevel.Puzzle_Island' with GeneratedClass '/Game/Maps/Puzzle_Island.Puzzle_Island_C' with ClassGeneratedBy '/Game/Maps/Puzzle_Island.Puzzle_Island:PersistentLevel.Puzzle_Island'
[2017.11.25-16.45.42:335][509]LogBlueprintUserMessages: Early EndPlayMap Detection: Level '/Game/Maps/Puzzle_Island.Puzzle_Island:PersistentLevel' has LevelScriptBlueprint '/Game/Maps/Puzzle_Island.Puzzle_Island:PersistentLevel.Puzzle_Island' with GeneratedClass '/Game/Maps/Puzzle_Island.Puzzle_Island_C' with ClassGeneratedBy '/Game/Maps/Puzzle_Island.Puzzle_Island:PersistentLevel.Puzzle_Island'
[2017.11.25-16.45.42:369][509]LogBlueprintUserMessages: Late EndPlayMap Detection: Level '/Game/Maps/Puzzle_Island.Puzzle_Island:PersistentLevel' has LevelScriptBlueprint '/Game/Maps/Puzzle_Island.Puzzle_Island:PersistentLevel.Puzzle_Island' with GeneratedClass '/Game/Maps/Puzzle_Island.Puzzle_Island_C' with ClassGeneratedBy '/Game/Maps/Puzzle_Island.Puzzle_Island:PersistentLevel.Puzzle_Island'
[2017.11.25-16.45.43:727][637]LogTemp: Repeating last play command: Selected Viewport
[2017.11.25-16.45.43:789][637]LogBlueprintUserMessages: Early PlayInEditor Detection: Level '/Game/Maps/Puzzle_Island.Puzzle_Island:PersistentLevel' has LevelScriptBlueprint '/Game/Maps/Puzzle_Island.Puzzle_Island:PersistentLevel.Puzzle_Island' with GeneratedClass '/Game/Maps/Puzzle_Island.Puzzle_Island_C' with ClassGeneratedBy '/Game/Maps/Puzzle_Island.Puzzle_Island:PersistentLevel.Puzzle_Island'
[2017.11.25-16.45.43:790][637]LogPlayLevel: PlayLevel: No blueprints needed recompiling
[2017.11.25-16.45.43:790][637]PIE: New page: PIE session: Puzzle_Island (25 Nov 2017 16:45:43)
[2017.11.25-16.45.43:790][637]LogPlayLevel: Creating play world package: /Game/Maps/UEDPIE_0_Puzzle_Island
[2017.11.25-16.45.43:812][637]LogPlayLevel: PIE: StaticDuplicateObject took: (0.022422s)
[2017.11.25-16.45.43:813][637]LogAIModule: Creating AISystem for world Puzzle_Island
[2017.11.25-16.45.43:813][637]LogPlayLevel: PIE: World Init took: (0.000994s)
[2017.11.25-16.45.43:814][637]LogPlayLevel: PIE: Created PIE world by copying editor world from /Game/Maps/Puzzle_Island.Puzzle_Island to /Game/Maps/UEDPIE_0_Puzzle_Island.Puzzle_Island (0.023867s)
[2017.11.25-16.45.43:841][637]LogInit: XAudio2 using 'Speakers (Realtek High Definition Audio)' : 2 channels at 48 kHz using 32 bits per sample (channel mask 0x3)
[2017.11.25-16.45.43:881][637]LogInit: FAudioDevice initialized.
[2017.11.25-16.45.43:922][637]LogLoad: Game class is '3D_Exploration_GameMode_C'
[2017.11.25-16.45.43:926][637]LogWorld: Bringing World /Game/Maps/UEDPIE_0_Puzzle_Island.Puzzle_Island up for play (max tick rate 0) at 2017.11.25-16.45.43
[2017.11.25-16.45.43:927][637]LogWorld: Bringing up level for play took: 0.003986
[2017.11.25-16.45.43:930][637]PIE: Play in editor start time for /Game/Maps/UEDPIE_0_Puzzle_Island -0.239
[2017.11.25-16.45.43:930][637]LogBlueprintUserMessages: Late PlayInEditor Detection: Level '/Game/Maps/Puzzle_Island.Puzzle_Island:PersistentLevel' has LevelScriptBlueprint '/Game/Maps/Puzzle_Island.Puzzle_Island:PersistentLevel.Puzzle_Island' with GeneratedClass '/Game/Maps/Puzzle_Island.Puzzle_Island_C' with ClassGeneratedBy '/Game/Maps/Puzzle_Island.Puzzle_Island:PersistentLevel.Puzzle_Island'
[2017.11.25-16.45.52:516][581]LogNet: Browse: /Game/Maps/Jigsaw_Scene
[2017.11.25-16.45.52:516][581]LogLoad: LoadMap: /Game/Maps/Jigsaw_Scene
[2017.11.25-16.45.52:536][581]Cmd: MEM
[2017.11.25-16.45.52:551][581]LogMemory: Platform Memory Stats for Windows
[2017.11.25-16.45.52:551][581]LogMemory: Process Physical Memory: 1245.33 MB used, 1299.58 MB peak
[2017.11.25-16.45.52:551][581]LogMemory: Process Virtual Memory: 1701.35 MB used, 1905.04 MB peak
[2017.11.25-16.45.52:551][581]LogMemory: Physical Memory: 13118.82 MB used,  19565.60 MB free, 32684.42 MB total
[2017.11.25-16.45.52:551][581]LogMemory: Virtual Memory: 2663.11 MB used,  19565.60 MB free, 134217728.00 MB total
[2017.11.25-16.45.52:551][581]LogMemory: 
[2017.11.25-16.45.52:551][581]Allocator Stats for TBB: (not implemented)
[2017.11.25-16.45.53:213][581]LogAIModule: Creating AISystem for world Jigsaw_Scene
[2017.11.25-16.45.53:214][581]LogLoad: Game class is '2D_GameMode_C'
[2017.11.25-16.45.53:217][581]LogWorld: Bringing World /Game/Maps/UEDPIE_0_Jigsaw_Scene.Jigsaw_Scene up for play (max tick rate 0) at 2017.11.25-16.45.53
[2017.11.25-16.45.53:217][581]LogWorld: Bringing up level for play took: 0.002604
[2017.11.25-16.45.53:218][581]LogGameMode: FindPlayerStart: PATHS NOT DEFINED or NO PLAYERSTART with positive rating
[2017.11.25-16.45.53:219][581]LogLoad: Took 0.702343 seconds to LoadMap(/Game/Maps/Jigsaw_Scene)
[2017.11.25-16.46.00:721][403]LogNet: Browse: /Game/Maps/Puzzle_Island
[2017.11.25-16.46.00:721][403]LogLoad: LoadMap: /Game/Maps/Puzzle_Island
[2017.11.25-16.46.00:737][403]Cmd: MEM
[2017.11.25-16.46.00:750][403]LogMemory: Platform Memory Stats for Windows
[2017.11.25-16.46.00:751][403]LogMemory: Process Physical Memory: 1331.86 MB used, 1470.84 MB peak
[2017.11.25-16.46.00:751][403]LogMemory: Process Virtual Memory: 1794.48 MB used, 2047.67 MB peak
[2017.11.25-16.46.00:751][403]LogMemory: Physical Memory: 13187.92 MB used,  19496.50 MB free, 32684.42 MB total
[2017.11.25-16.46.00:751][403]LogMemory: Virtual Memory: 2888.45 MB used,  19496.50 MB free, 134217728.00 MB total
[2017.11.25-16.46.00:751][403]LogMemory: 
[2017.11.25-16.46.00:751][403]Allocator Stats for TBB: (not implemented)
[2017.11.25-16.46.00:751][403]LogPlayLevel: Creating play world package: /Game/Maps/UEDPIE_0_Puzzle_Island
[2017.11.25-16.46.00:773][403]LogPlayLevel: PIE: StaticDuplicateObject took: (0.022269s)
[2017.11.25-16.46.00:774][403]LogAIModule: Creating AISystem for world Puzzle_Island
[2017.11.25-16.46.00:774][403]LogPlayLevel: PIE: World Init took: (0.000980s)
[2017.11.25-16.46.00:774][403]LogPlayLevel: PIE: Created PIE world by copying editor world from /Game/Maps/Puzzle_Island.Puzzle_Island to /Game/Maps/UEDPIE_0_Puzzle_Island.Puzzle_Island (0.023597s)
[2017.11.25-16.46.00:774][403]LogLoad: Game class is '3D_Exploration_GameMode_C'
[2017.11.25-16.46.00:780][403]LogWorld: Bringing World /Game/Maps/UEDPIE_0_Puzzle_Island.Puzzle_Island up for play (max tick rate 0) at 2017.11.25-16.46.00
[2017.11.25-16.46.00:780][403]LogWorld: Bringing up level for play took: 0.004860
[2017.11.25-16.46.00:783][403]LogLoad: Took 0.062439 seconds to LoadMap(/Game/Maps/UEDPIE_0_Puzzle_Island)
[2017.11.25-16.46.02:602][607]LogBlueprintUserMessages: Early EndPlayMap Detection: Level '/Game/Maps/Puzzle_Island.Puzzle_Island:PersistentLevel' has LevelScriptBlueprint '/Game/Maps/Puzzle_Island.Puzzle_Island:PersistentLevel.Puzzle_Island' with GeneratedClass '/Game/Maps/Puzzle_Island.Puzzle_Island_C' with ClassGeneratedBy '/Game/Maps/Puzzle_Island.Puzzle_Island:PersistentLevel.Puzzle_Island'
[2017.11.25-16.46.02:640][607]LogBlueprintUserMessages: Late EndPlayMap Detection: Level '/Game/Maps/Puzzle_Island.Puzzle_Island:PersistentLevel' has LevelScriptBlueprint '/Game/Maps/Puzzle_Island.Puzzle_Island:PersistentLevel.Puzzle_Island' with GeneratedClass '/Game/Maps/Puzzle_Island.Puzzle_Island_C' with ClassGeneratedBy '/Game/Maps/Puzzle_Island.Puzzle_Island:PersistentLevel.Puzzle_Island'
[2017.11.25-16.46.04:137][733]LogSlate: Took 0.000274 seconds to synchronously load lazily loaded font '../../../Engine/Content/Slate/Fonts/Roboto-Light.ttf' (159K)
[2017.11.25-16.46.04:700][733]LogContentBrowser: Native class hierarchy updated for 'BlueprintGraph' in 0.0036 seconds. Added 113 classes and 0 folders.
[2017.11.25-16.46.05:641][733]LogSlate: Took 0.000316 seconds to synchronously load lazily loaded font '../../../Engine/Content/Slate/Fonts/Roboto-Regular.ttf' (155K)
[2017.11.25-16.46.05:727][733]LogSlate: Took 0.000438 seconds to synchronously load lazily loaded font '../../../Engine/Content/Editor/Slate/Fonts/Roboto-BoldCondensed.ttf' (158K)
[2017.11.25-16.46.05:894][734]LogSlate: Took 0.000416 seconds to synchronously load lazily loaded font '../../../Engine/Content/Editor/Slate/Fonts/Roboto-Italic.ttf' (157K)
[2017.11.25-16.47.47:994][202]BlueprintLog: New page: Compile NPC_BP
[2017.11.25-16.47.55:265][589]LogTemp: Repeating last play command: Selected Viewport
[2017.11.25-16.47.55:334][589]LogBlueprintUserMessages: Early PlayInEditor Detection: Level '/Game/Maps/Puzzle_Island.Puzzle_Island:PersistentLevel' has LevelScriptBlueprint '/Game/Maps/Puzzle_Island.Puzzle_Island:PersistentLevel.Puzzle_Island' with GeneratedClass '/Game/Maps/Puzzle_Island.Puzzle_Island_C' with ClassGeneratedBy '/Game/Maps/Puzzle_Island.Puzzle_Island:PersistentLevel.Puzzle_Island'
[2017.11.25-16.47.55:334][589]LogPlayLevel: PlayLevel: No blueprints needed recompiling
[2017.11.25-16.47.55:334][589]PIE: New page: PIE session: Puzzle_Island (25 Nov 2017 16:47:55)
[2017.11.25-16.47.55:334][589]LogPlayLevel: Creating play world package: /Game/Maps/UEDPIE_0_Puzzle_Island
[2017.11.25-16.47.55:357][589]LogPlayLevel: PIE: StaticDuplicateObject took: (0.023028s)
[2017.11.25-16.47.55:358][589]LogAIModule: Creating AISystem for world Puzzle_Island
[2017.11.25-16.47.55:358][589]LogPlayLevel: PIE: World Init took: (0.000926s)
[2017.11.25-16.47.55:359][589]LogPlayLevel: PIE: Created PIE world by copying editor world from /Game/Maps/Puzzle_Island.Puzzle_Island to /Game/Maps/UEDPIE_0_Puzzle_Island.Puzzle_Island (0.024320s)
[2017.11.25-16.47.55:390][589]LogInit: XAudio2 using 'Speakers (Realtek High Definition Audio)' : 2 channels at 48 kHz using 32 bits per sample (channel mask 0x3)
[2017.11.25-16.47.55:420][589]LogInit: FAudioDevice initialized.
[2017.11.25-16.47.55:452][589]LogLoad: Game class is '3D_Exploration_GameMode_C'
[2017.11.25-16.47.55:457][589]LogWorld: Bringing World /Game/Maps/UEDPIE_0_Puzzle_Island.Puzzle_Island up for play (max tick rate 0) at 2017.11.25-16.47.55
[2017.11.25-16.47.55:458][589]LogWorld: Bringing up level for play took: 0.004810
[2017.11.25-16.47.55:460][589]PIE: Play in editor start time for /Game/Maps/UEDPIE_0_Puzzle_Island -0.709
[2017.11.25-16.47.55:460][589]LogBlueprintUserMessages: Late PlayInEditor Detection: Level '/Game/Maps/Puzzle_Island.Puzzle_Island:PersistentLevel' has LevelScriptBlueprint '/Game/Maps/Puzzle_Island.Puzzle_Island:PersistentLevel.Puzzle_Island' with GeneratedClass '/Game/Maps/Puzzle_Island.Puzzle_Island_C' with ClassGeneratedBy '/Game/Maps/Puzzle_Island.Puzzle_Island:PersistentLevel.Puzzle_Island'
[2017.11.25-16.48.03:399][427]LogNet: Browse: /Game/Maps/Jigsaw_Scene
[2017.11.25-16.48.03:399][427]LogLoad: LoadMap: /Game/Maps/Jigsaw_Scene
[2017.11.25-16.48.03:427][427]Cmd: MEM
[2017.11.25-16.48.03:451][427]LogMemory: Platform Memory Stats for Windows
[2017.11.25-16.48.03:452][427]LogMemory: Process Physical Memory: 1551.69 MB used, 1613.77 MB peak
[2017.11.25-16.48.03:452][427]LogMemory: Process Virtual Memory: 2111.95 MB used, 2173.02 MB peak
[2017.11.25-16.48.03:452][427]LogMemory: Physical Memory: 13498.22 MB used,  19186.20 MB free, 32684.42 MB total
[2017.11.25-16.48.03:452][427]LogMemory: Virtual Memory: 3086.08 MB used,  19186.20 MB free, 134217728.00 MB total
[2017.11.25-16.48.03:452][427]LogMemory: 
[2017.11.25-16.48.03:452][427]Allocator Stats for TBB: (not implemented)
[2017.11.25-16.48.03:575][427]LogAIModule: Creating AISystem for world Jigsaw_Scene
[2017.11.25-16.48.03:575][427]LogLoad: Game class is '2D_GameMode_C'
[2017.11.25-16.48.03:578][427]LogWorld: Bringing World /Game/Maps/UEDPIE_0_Jigsaw_Scene.Jigsaw_Scene up for play (max tick rate 0) at 2017.11.25-16.48.03
[2017.11.25-16.48.03:578][427]LogWorld: Bringing up level for play took: 0.002202
[2017.11.25-16.48.03:578][427]LogGameMode: FindPlayerStart: PATHS NOT DEFINED or NO PLAYERSTART with positive rating
[2017.11.25-16.48.03:579][427]LogLoad: Took 0.180110 seconds to LoadMap(/Game/Maps/Jigsaw_Scene)
[2017.11.25-16.48.09:423][ 77]LogBlueprintUserMessages: Early EndPlayMap Detection: Level '/Game/Maps/Puzzle_Island.Puzzle_Island:PersistentLevel' has LevelScriptBlueprint '/Game/Maps/Puzzle_Island.Puzzle_Island:PersistentLevel.Puzzle_Island' with GeneratedClass '/Game/Maps/Puzzle_Island.Puzzle_Island_C' with ClassGeneratedBy '/Game/Maps/Puzzle_Island.Puzzle_Island:PersistentLevel.Puzzle_Island'
[2017.11.25-16.48.09:456][ 77]LogBlueprintUserMessages: Late EndPlayMap Detection: Level '/Game/Maps/Puzzle_Island.Puzzle_Island:PersistentLevel' has LevelScriptBlueprint '/Game/Maps/Puzzle_Island.Puzzle_Island:PersistentLevel.Puzzle_Island' with GeneratedClass '/Game/Maps/Puzzle_Island.Puzzle_Island_C' with ClassGeneratedBy '/Game/Maps/Puzzle_Island.Puzzle_Island:PersistentLevel.Puzzle_Island'
[2017.11.25-16.48.22:267][876]Cmd: QUIT_EDITOR
[2017.11.25-16.48.22:853][876]LogWindowsTextInputMethodSystem: Display: IME system now deactivated.
[2017.11.25-16.48.22:866][876]LogExit: Preparing to exit.
[2017.11.25-16.48.23:322][876]LogExit: Editor shut down
[2017.11.25-16.48.23:337][876]LogExit: Transaction tracking system shut down
[2017.11.25-16.48.23:471][876]LogDirectoryWatcher: A directory notification for '../../../Engine/Content/' was aborted.
[2017.11.25-16.48.23:472][876]LogDirectoryWatcher: A directory notification for 'D:/Education/Uniwersytet/Year3/VGD/Puzzle-Island-VGD/Puzzle_Island/Content/' was aborted.
[2017.11.25-16.48.23:472][876]LogDirectoryWatcher: A directory notification for '../../../Engine/Plugins/2D/Paper2D/Content/' was aborted.
[2017.11.25-16.48.23:472][876]LogDirectoryWatcher: A directory notification for '../../../Engine/Plugins/Runtime/Oculus/OculusVR/Content/' was aborted.
[2017.11.25-16.48.23:472][876]LogDirectoryWatcher: A directory notification for '../../../Engine/Plugins/Runtime/Steam/SteamVR/Content/' was aborted.
[2017.11.25-16.48.23:649][876]LogExit: Object subsystem successfully closed.
[2017.11.25-16.48.23:678][876]LogD3D11RHI: Shutdown
[2017.11.25-16.48.23:678][876]LogD3D11RHI: CleanupD3DDevice
[2017.11.25-16.48.23:826][876]LogD3D11RHI: ~FD3D11DynamicRHI
[2017.11.25-16.48.23:886][876]LogModuleManager: Shutting down and abandoning module BlueprintGraph (538)
[2017.11.25-16.48.23:886][876]LogModuleManager: Shutting down and abandoning module BlueprintProfiler (536)
[2017.11.25-16.48.23:886][876]LogModuleManager: Shutting down and abandoning module MovieSceneCapture (534)
[2017.11.25-16.48.23:886][876]LogModuleManager: Shutting down and abandoning module HierarchicalLODOutliner (532)
[2017.11.25-16.48.23:887][876]LogModuleManager: Shutting down and abandoning module SceneOutliner (530)
[2017.11.25-16.48.23:887][876]LogModuleManager: Shutting down and abandoning module AddContentDialog (528)
[2017.11.25-16.48.23:887][876]LogDirectoryWatcher: A directory notification for 'C:/Program Files/Epic Games/UE_4.17/FeaturePacks/' was aborted.
[2017.11.25-16.48.23:888][876]LogModuleManager: Shutting down and abandoning module WidgetCarousel (527)
[2017.11.25-16.48.23:888][876]LogModuleManager: Shutting down and abandoning module EditorWidgets (524)
[2017.11.25-16.48.23:888][876]LogModuleManager: Shutting down and abandoning module CollectionManager (522)
[2017.11.25-16.48.23:889][876]LogDirectoryWatcher: A directory notification for 'D:/Education/Uniwersytet/Year3/VGD/Puzzle-Island-VGD/Puzzle_Island/Content/Collections/' was aborted.
[2017.11.25-16.48.23:889][876]LogDirectoryWatcher: A directory notification for 'D:/Education/Uniwersytet/Year3/VGD/Puzzle-Island-VGD/Puzzle_Island/Content/Developers/Jakub/Collections/' was aborted.
[2017.11.25-16.48.23:889][876]LogDirectoryWatcher: A directory notification for 'D:/Education/Uniwersytet/Year3/VGD/Puzzle-Island-VGD/Puzzle_Island/Saved/Collections/' was aborted.
[2017.11.25-16.48.23:889][876]LogModuleManager: Shutting down and abandoning module StatsViewer (520)
[2017.11.25-16.48.23:889][876]LogModuleManager: Shutting down and abandoning module FoliageEdit (518)
[2017.11.25-16.48.23:889][876]LogModuleManager: Shutting down and abandoning module LandscapeEditor (516)
[2017.11.25-16.48.23:890][876]LogModuleManager: Shutting down and abandoning module MeshPaintMode (514)
[2017.11.25-16.48.23:890][876]LogModuleManager: Shutting down and abandoning module SceneDepthPickerMode (512)
[2017.11.25-16.48.23:890][876]LogModuleManager: Shutting down and abandoning module ActorPickerMode (510)
[2017.11.25-16.48.23:890][876]LogModuleManager: Shutting down and abandoning module GeometryMode (508)
[2017.11.25-16.48.23:890][876]LogModuleManager: Shutting down and abandoning module TextureAlignMode (506)
[2017.11.25-16.48.23:890][876]LogModuleManager: Shutting down and abandoning module BspMode (504)
[2017.11.25-16.48.23:890][876]LogModuleManager: Shutting down and abandoning module PIEPreviewDeviceProfileSelector (502)
[2017.11.25-16.48.23:890][876]LogModuleManager: Shutting down and abandoning module HardwareSurvey (500)
[2017.11.25-16.48.23:890][876]LogModuleManager: Shutting down and abandoning module SequenceRecorderSections (498)
[2017.11.25-16.48.23:890][876]LogModuleManager: Shutting down and abandoning module AutomationWorker (496)
[2017.11.25-16.48.23:890][876]LogModuleManager: Shutting down and abandoning module MatineeToLevelSequence (494)
[2017.11.25-16.48.23:890][876]LogModuleManager: Shutting down and abandoning module LevelSequenceEditor (492)
[2017.11.25-16.48.23:890][876]LogModuleManager: Shutting down and abandoning module PlacementMode (491)
[2017.11.25-16.48.23:891][876]LogModuleManager: Shutting down and abandoning module WmfMediaFactory (488)
[2017.11.25-16.48.23:891][876]LogModuleManager: Shutting down and abandoning module WmfMediaEditor (486)
[2017.11.25-16.48.23:891][876]LogModuleManager: Shutting down and abandoning module AvfMediaFactory (484)
[2017.11.25-16.48.23:891][876]LogModuleManager: Shutting down and abandoning module AvfMediaEditor (482)
[2017.11.25-16.48.23:891][876]LogModuleManager: Shutting down and abandoning module AndroidMediaFactory (480)
[2017.11.25-16.48.23:891][876]LogModuleManager: Shutting down and abandoning module Media (479)
[2017.11.25-16.48.23:891][876]LogModuleManager: Shutting down and abandoning module AndroidMediaEditor (476)
[2017.11.25-16.48.23:891][876]LogModuleManager: Shutting down and abandoning module CharacterAI (474)
[2017.11.25-16.48.23:891][876]LogModuleManager: Shutting down and abandoning module AudioCapture (472)
[2017.11.25-16.48.23:891][876]LogModuleManager: Shutting down and abandoning module SequenceRecorder (471)
[2017.11.25-16.48.23:891][876]LogModuleManager: Shutting down and abandoning module SmartSnapping (468)
[2017.11.25-16.48.23:891][876]LogModuleManager: Shutting down and abandoning module SessionServices (466)
[2017.11.25-16.48.23:891][876]LogModuleManager: Shutting down and abandoning module ViewportSnapping (464)
[2017.11.25-16.48.23:891][876]LogModuleManager: Shutting down and abandoning module ViewportInteraction (462)
[2017.11.25-16.48.23:891][876]LogModuleManager: Shutting down and abandoning module ClothPainter (460)
[2017.11.25-16.48.23:891][876]LogModuleManager: Shutting down and abandoning module LogVisualizer (458)
[2017.11.25-16.48.23:892][876]LogModuleManager: Shutting down and abandoning module IntroTutorials (456)
[2017.11.25-16.48.23:892][876]LogModuleManager: Shutting down and abandoning module GameProjectGeneration (455)
[2017.11.25-16.48.23:892][876]LogModuleManager: Shutting down and abandoning module IOSPlatformEditor (452)
[2017.11.25-16.48.23:892][876]LogModuleManager: Shutting down and abandoning module HTML5PlatformEditor (450)
[2017.11.25-16.48.23:892][876]LogModuleManager: Shutting down and abandoning module AndroidPlatformEditor (448)
[2017.11.25-16.48.23:892][876]LogModuleManager: Shutting down and abandoning module AndroidDeviceDetection (447)
[2017.11.25-16.48.24:049][876]LogModuleManager: Shutting down and abandoning module WindowsPlatformEditor (444)
[2017.11.25-16.48.24:049][876]LogModuleManager: Shutting down and abandoning module IOSRuntimeSettings (442)
[2017.11.25-16.48.24:050][876]LogModuleManager: Shutting down and abandoning module AndroidRuntimeSettings (440)
[2017.11.25-16.48.24:050][876]LogModuleManager: Shutting down and abandoning module InputBindingEditor (438)
[2017.11.25-16.48.24:050][876]LogModuleManager: Shutting down and abandoning module MergeActors (436)
[2017.11.25-16.48.24:050][876]LogModuleManager: Shutting down and abandoning module SizeMap (434)
[2017.11.25-16.48.24:050][876]LogModuleManager: Shutting down and abandoning module TreeMap (432)
[2017.11.25-16.48.24:050][876]LogModuleManager: Shutting down and abandoning module ReferenceViewer (430)
[2017.11.25-16.48.24:050][876]LogModuleManager: Shutting down and abandoning module LocalizationDashboard (428)
[2017.11.25-16.48.24:050][876]LogModuleManager: Shutting down and abandoning module LocalizationService (427)
[2017.11.25-16.48.24:050][876]LogModuleManager: Shutting down and abandoning module HardwareTargeting (424)
[2017.11.25-16.48.24:050][876]LogModuleManager: Shutting down and abandoning module DeviceProfileEditor (422)
[2017.11.25-16.48.24:050][876]LogModuleManager: Shutting down and abandoning module UndoHistory (420)
[2017.11.25-16.48.24:050][876]LogModuleManager: Shutting down and abandoning module XmlParser (418)
[2017.11.25-16.48.24:050][876]LogModuleManager: Shutting down and abandoning module Blutility (416)
[2017.11.25-16.48.24:050][876]LogModuleManager: Shutting down and abandoning module ProjectSettingsViewer (414)
[2017.11.25-16.48.24:050][876]LogModuleManager: Shutting down and abandoning module ProjectTargetPlatformEditor (413)
[2017.11.25-16.48.24:051][876]LogModuleManager: Shutting down and abandoning module EditorSettingsViewer (410)
[2017.11.25-16.48.24:051][876]LogModuleManager: Shutting down and abandoning module SettingsEditor (408)
[2017.11.25-16.48.24:051][876]LogModuleManager: Shutting down and abandoning module ProjectLauncher (406)
[2017.11.25-16.48.24:051][876]LogModuleManager: Shutting down and abandoning module SessionFrontend (404)
[2017.11.25-16.48.24:051][876]LogModuleManager: Shutting down and abandoning module ProfilerClient (402)
[2017.11.25-16.48.24:051][876]LogModuleManager: Shutting down and abandoning module DeviceManager (400)
[2017.11.25-16.48.24:051][876]LogModuleManager: Shutting down and abandoning module TargetDeviceServices (399)
[2017.11.25-16.48.24:105][876]LogModuleManager: Shutting down and abandoning module AutomationController (396)
[2017.11.25-16.48.24:105][876]LogModuleManager: Shutting down and abandoning module AutomationWindow (394)
[2017.11.25-16.48.24:105][876]LogModuleManager: Shutting down and abandoning module Layers (392)
[2017.11.25-16.48.24:105][876]LogModuleManager: Shutting down and abandoning module ComponentVisualizers (390)
[2017.11.25-16.48.24:105][876]LogModuleManager: Shutting down and abandoning module DetailCustomizations (388)
[2017.11.25-16.48.24:105][876]LogModuleManager: Shutting down and abandoning module PackagesDialog (386)
[2017.11.25-16.48.24:105][876]LogModuleManager: Shutting down and abandoning module Persona (384)
[2017.11.25-16.48.24:105][876]LogModuleManager: Shutting down and abandoning module AdvancedPreviewScene (383)
[2017.11.25-16.48.24:105][876]LogModuleManager: Shutting down and abandoning module AnimGraph (381)
[2017.11.25-16.48.24:105][876]LogModuleManager: Shutting down and abandoning module Kismet (378)
[2017.11.25-16.48.24:113][876]LogModuleManager: Shutting down and abandoning module ClassViewer (376)
[2017.11.25-16.48.24:113][876]LogModuleManager: Shutting down and abandoning module Toolbox (374)
[2017.11.25-16.48.24:113][876]LogModuleManager: Shutting down and abandoning module ModuleUI (372)
[2017.11.25-16.48.24:113][876]LogModuleManager: Shutting down and abandoning module MovieSceneTools (370)
[2017.11.25-16.48.24:113][876]LogModuleManager: Shutting down and abandoning module OutputLog (368)
[2017.11.25-16.48.24:113][876]LogModuleManager: Shutting down and abandoning module GammaUI (366)
[2017.11.25-16.48.24:113][876]LogModuleManager: Shutting down and abandoning module Documentation (364)
[2017.11.25-16.48.24:113][876]LogModuleManager: Shutting down and abandoning module MovieSceneTracks (362)
[2017.11.25-16.48.24:113][876]LogModuleManager: Shutting down and abandoning module MovieScene (360)
[2017.11.25-16.48.24:113][876]LogModuleManager: Shutting down and abandoning module Niagara (358)
[2017.11.25-16.48.24:113][876]LogModuleManager: Shutting down and abandoning module NiagaraEditor (357)
[2017.11.25-16.48.24:113][876]LogModuleManager: Shutting down and abandoning module StreamingPauseRendering (354)
[2017.11.25-16.48.24:113][876]LogModuleManager: Shutting down and abandoning module LauncherPlatform (352)
[2017.11.25-16.48.24:113][876]LogModuleManager: Shutting down and abandoning module AnalyticsET (350)
[2017.11.25-16.48.24:113][876]LogModuleManager: Shutting down and abandoning module PortalServices (348)
[2017.11.25-16.48.24:113][876]LogModuleManager: Shutting down and abandoning module PortalRpc (346)
[2017.11.25-16.48.24:113][876]LogModuleManager: Shutting down and abandoning module MessagingRpc (344)
[2017.11.25-16.48.24:113][876]LogModuleManager: Shutting down and abandoning module AIModule (342)
[2017.11.25-16.48.24:113][876]LogModuleManager: Shutting down and abandoning module GameplayDebugger (341)
[2017.11.25-16.48.24:114][876]LogModuleManager: Shutting down and abandoning module AITestSuite (339)
[2017.11.25-16.48.24:114][876]LogModuleManager: Shutting down and abandoning module ProfilerService (336)
[2017.11.25-16.48.24:224][876]LogModuleManager: Shutting down and abandoning module TaskGraph (334)
[2017.11.25-16.48.24:224][876]LogModuleManager: Shutting down and abandoning module SteamVRController (332)
[2017.11.25-16.48.24:224][876]LogModuleManager: Shutting down and abandoning module ProceduralMeshComponentEditor (330)
[2017.11.25-16.48.24:224][876]LogModuleManager: Shutting down and abandoning module ProceduralMeshComponent (328)
[2017.11.25-16.48.24:224][876]LogModuleManager: Shutting down and abandoning module OculusInput (326)
[2017.11.25-16.48.24:224][876]LogModuleManager: Shutting down and abandoning module MobilePatchingUtils (324)
[2017.11.25-16.48.24:224][876]LogModuleManager: Shutting down and abandoning module CustomMeshComponent (322)
[2017.11.25-16.48.24:224][876]LogModuleManager: Shutting down and abandoning module CableComponent (320)
[2017.11.25-16.48.24:224][876]LogModuleManager: Shutting down and abandoning module ArchVisCharacter (318)
[2017.11.25-16.48.24:224][876]LogModuleManager: Shutting down and abandoning module AndroidPermission (316)
[2017.11.25-16.48.24:224][876]LogModuleManager: Shutting down and abandoning module MediaPlayerEditor (312)
[2017.11.25-16.48.24:224][876]LogModuleManager: Shutting down and abandoning module HTML5Networking (310)
[2017.11.25-16.48.24:224][876]LogModuleManager: Shutting down and abandoning module AlembicImporter (308)
[2017.11.25-16.48.24:224][876]LogModuleManager: Shutting down and abandoning module AlembicLibrary (307)
[2017.11.25-16.48.24:225][876]LogModuleManager: Shutting down and abandoning module GeometryCache (306)
[2017.11.25-16.48.24:225][876]LogModuleManager: Shutting down and abandoning module GeometryCacheEd (305)
[2017.11.25-16.48.24:225][876]LogModuleManager: Shutting down and abandoning module SpeedTreeImporter (300)
[2017.11.25-16.48.24:225][876]LogModuleManager: Shutting down and abandoning module PluginBrowser (298)
[2017.11.25-16.48.24:225][876]LogModuleManager: Shutting down and abandoning module MobileLauncherProfileWizard (296)
[2017.11.25-16.48.24:225][876]LogModuleManager: Shutting down and abandoning module VisualStudioSourceCodeAccess (294)
[2017.11.25-16.48.24:225][876]LogModuleManager: Shutting down and abandoning module DesktopPlatform (293)
[2017.11.25-16.48.24:225][876]LogModuleManager: Shutting down and abandoning module UObjectPlugin (290)
[2017.11.25-16.48.24:225][876]LogModuleManager: Shutting down and abandoning module SubversionSourceControl (288)
[2017.11.25-16.48.24:225][876]LogModuleManager: Shutting down and abandoning module PerforceSourceControl (286)
[2017.11.25-16.48.24:225][876]LogModuleManager: Shutting down and abandoning module GitSourceControl (284)
[2017.11.25-16.48.24:225][876]LogModuleManager: Shutting down and abandoning module SourceControl (283)
[2017.11.25-16.48.24:225][876]LogModuleManager: Shutting down and abandoning module LightPropagationVolumeEditor (280)
[2017.11.25-16.48.24:225][876]LogModuleManager: Shutting down and abandoning module PaperTiledImporter (278)
[2017.11.25-16.48.24:225][876]LogModuleManager: Shutting down and abandoning module PaperSpriteSheetImporter (276)
[2017.11.25-16.48.24:225][876]LogModuleManager: Shutting down and abandoning module Paper2DEditor (274)
[2017.11.25-16.48.24:225][876]LogModuleManager: Shutting down and abandoning module MeshPaint (273)
[2017.11.25-16.48.24:225][876]LogModuleManager: Shutting down and abandoning module LevelEditor (271)
[2017.11.25-16.48.24:226][876]LogModuleManager: Shutting down and abandoning module PixelInspectorModule (270)
[2017.11.25-16.48.24:226][876]LogModuleManager: Shutting down and abandoning module MainFrame (268)
[2017.11.25-16.48.24:227][876]LogModuleManager: Shutting down and abandoning module HotReload (267)
[2017.11.25-16.48.24:227][876]LogDirectoryWatcher: A directory notification for 'D:/Education/Uniwersytet/Year3/VGD/Puzzle-Island-VGD/Puzzle_Island/Binaries/Win64' was aborted.
[2017.11.25-16.48.24:227][876]LogModuleManager: Shutting down and abandoning module Puzzle_Island (262)
[2017.11.25-16.48.24:227][876]LogModuleManager: Shutting down and abandoning module RuntimePhysXCooking (260)
[2017.11.25-16.48.24:227][876]LogModuleManager: Shutting down and abandoning module PhysXVehiclesEditor (258)
[2017.11.25-16.48.24:227][876]LogModuleManager: Shutting down and abandoning module PhysXVehicles (256)
[2017.11.25-16.48.24:227][876]LogModuleManager: Shutting down and abandoning module OculusEditor (254)
[2017.11.25-16.48.24:227][876]LogModuleManager: Shutting down and abandoning module LocationServicesBPLibrary (252)
[2017.11.25-16.48.24:228][876]LogModuleManager: Shutting down and abandoning module ImmediatePhysicsEditor (250)
[2017.11.25-16.48.24:228][876]LogModuleManager: Shutting down and abandoning module ImmediatePhysics (248)
[2017.11.25-16.48.24:228][876]LogModuleManager: Shutting down and abandoning module UdpMessaging (246)
[2017.11.25-16.48.24:328][876]LogModuleManager: Shutting down and abandoning module TcpMessaging (244)
[2017.11.25-16.48.24:429][876]LogModuleManager: Shutting down and abandoning module GameplayTagsEditor (242)
[2017.11.25-16.48.24:429][876]LogModuleManager: Shutting down and abandoning module FacialAnimationEditor (240)
[2017.11.25-16.48.24:429][876]LogModuleManager: Shutting down and abandoning module FacialAnimation (238)
[2017.11.25-16.48.24:429][876]LogModuleManager: Shutting down and abandoning module AssetManagerEditor (236)
[2017.11.25-16.48.24:429][876]LogModuleManager: Shutting down and abandoning module GraphEditor (235)
[2017.11.25-16.48.24:429][876]LogModuleManager: Shutting down and abandoning module ContentBrowser (233)
[2017.11.25-16.48.24:430][876]LogModuleManager: Shutting down and abandoning module LightPropagationVolumeRuntime (230)
[2017.11.25-16.48.24:430][876]LogModuleManager: Shutting down and abandoning module Paper2D (228)
[2017.11.25-16.48.24:430][876]LogModuleManager: Shutting down and abandoning module WindowsMoviePlayer (226)
[2017.11.25-16.48.24:430][876]LogModuleManager: Shutting down and abandoning module WmfMedia (224)
[2017.11.25-16.48.24:430][876]LogModuleManager: Shutting down and abandoning module PacketHandler (222)
[2017.11.25-16.48.24:430][876]LogModuleManager: Shutting down and abandoning module ClothingSystemEditor (220)
[2017.11.25-16.48.24:430][876]LogModuleManager: Shutting down and abandoning module ClothingSystemRuntime (218)
[2017.11.25-16.48.24:430][876]LogModuleManager: Shutting down and abandoning module Overlay (216)
[2017.11.25-16.48.24:430][876]LogModuleManager: Shutting down and abandoning module OverlayEditor (215)
[2017.11.25-16.48.24:430][876]LogModuleManager: Shutting down and abandoning module MediaAssets (212)
[2017.11.25-16.48.24:430][876]LogModuleManager: Shutting down and abandoning module VREditor (210)
[2017.11.25-16.48.24:430][876]LogModuleManager: Shutting down and abandoning module StringTableEditor (208)
[2017.11.25-16.48.24:430][876]LogModuleManager: Shutting down and abandoning module GameplayTasksEditor (206)
[2017.11.25-16.48.24:431][876]LogModuleManager: Shutting down and abandoning module BehaviorTreeEditor (204)
[2017.11.25-16.48.24:431][876]LogModuleManager: Shutting down and abandoning module FunctionalTesting (202)
[2017.11.25-16.48.24:431][876]LogModuleManager: Shutting down and abandoning module CollisionAnalyzer (200)
[2017.11.25-16.48.24:431][876]LogModuleManager: Shutting down and abandoning module WorkspaceMenuStructure (199)
[2017.11.25-16.48.24:431][876]LogModuleManager: Shutting down and abandoning module UMG (196)
[2017.11.25-16.48.24:431][876]LogModuleManager: Shutting down and abandoning module UMGEditor (195)
[2017.11.25-16.48.24:431][876]LogModuleManager: Shutting down and abandoning module Sequencer (194)
[2017.11.25-16.48.24:431][876]LogModuleManager: Shutting down and abandoning module MessageLog (191)
[2017.11.25-16.48.24:431][876]LogModuleManager: Shutting down and abandoning module SlateReflector (186)
[2017.11.25-16.48.24:431][876]LogModuleManager: Shutting down and abandoning module Slate (184)
[2017.11.25-16.48.24:431][876]LogModuleManager: Shutting down and abandoning module EditorStyle (182)
[2017.11.25-16.48.24:435][876]LogModuleManager: Shutting down and abandoning module MRMesh (180)
[2017.11.25-16.48.24:435][876]LogModuleManager: Shutting down and abandoning module SourceCodeAccess (178)
[2017.11.25-16.48.24:435][876]LogModuleManager: Shutting down and abandoning module HeadMountedDisplay (176)
[2017.11.25-16.48.24:435][876]LogModuleManager: Shutting down and abandoning module XAudio2 (174)
[2017.11.25-16.48.24:435][876]LogModuleManager: Shutting down and abandoning module Networking (172)
[2017.11.25-16.48.24:435][876]LogModuleManager: Shutting down and abandoning module Core (168)
[2017.11.25-16.48.24:435][876]LogModuleManager: Shutting down and abandoning module KismetCompiler (164)
[2017.11.25-16.48.24:435][876]LogModuleManager: Shutting down and abandoning module LevelSequence (162)
[2017.11.25-16.48.24:435][876]LogModuleManager: Shutting down and abandoning module MeshUtilities (160)
[2017.11.25-16.48.24:435][876]LogModuleManager: Shutting down and abandoning module MeshMergeUtilities (159)
[2017.11.25-16.48.24:435][876]LogModuleManager: Shutting down and abandoning module MeshReductionInterface (158)
[2017.11.25-16.48.24:435][876]LogModuleManager: Shutting down and abandoning module SimplygonSwarm (157)
[2017.11.25-16.48.24:435][876]LogModuleManager: Shutting down and abandoning module SimplygonMeshReduction (155)
[2017.11.25-16.48.24:435][876]LogModuleManager: Shutting down and abandoning module QuadricMeshReduction (153)
[2017.11.25-16.48.24:435][876]LogModuleManager: Shutting down and abandoning module MaterialBaking (149)
[2017.11.25-16.48.24:435][876]LogModuleManager: Shutting down and abandoning module DirectoryWatcher (146)
[2017.11.25-16.48.24:436][876]LogModuleManager: Shutting down and abandoning module DerivedDataCache (144)
[2017.11.25-16.48.24:443][876]LogDerivedDataCache: Shutdown
[2017.11.25-16.48.24:443][876]LogModuleManager: Shutting down and abandoning module TargetPlatform (142)
[2017.11.25-16.48.24:443][876]LogModuleManager: Shutting down and abandoning module VulkanShaderFormat (141)
[2017.11.25-16.48.24:443][876]LogModuleManager: Shutting down and abandoning module ShaderFormatVectorVM (139)
[2017.11.25-16.48.24:443][876]LogModuleManager: Shutting down and abandoning module ShaderFormatOpenGL (137)
[2017.11.25-16.48.24:443][876]LogModuleManager: Shutting down and abandoning module ShaderFormatD3D (135)
[2017.11.25-16.48.24:443][876]LogModuleManager: Shutting down and abandoning module MetalShaderFormat (133)
[2017.11.25-16.48.24:443][876]LogModuleManager: Shutting down and abandoning module TextureFormatUncompressed (131)
[2017.11.25-16.48.24:443][876]LogModuleManager: Shutting down and abandoning module TextureFormatPVR (129)
[2017.11.25-16.48.24:443][876]LogModuleManager: Shutting down and abandoning module TextureFormatDXT (127)
[2017.11.25-16.48.24:443][876]LogModuleManager: Shutting down and abandoning module TextureFormatIntelISPCTexComp (125)
[2017.11.25-16.48.24:443][876]LogModuleManager: Shutting down and abandoning module TextureFormatASTC (123)
[2017.11.25-16.48.24:443][876]LogModuleManager: Shutting down and abandoning module ImageWrapper (122)
[2017.11.25-16.48.24:443][876]LogModuleManager: Shutting down and abandoning module TextureFormatAndroid (119)
[2017.11.25-16.48.24:443][876]LogModuleManager: Shutting down and abandoning module AudioFormatOpus (117)
[2017.11.25-16.48.24:443][876]LogModuleManager: Shutting down and abandoning module AudioFormatOgg (115)
[2017.11.25-16.48.24:443][876]LogModuleManager: Shutting down and abandoning module AudioFormatADPCM (113)
[2017.11.25-16.48.24:443][876]LogModuleManager: Shutting down and abandoning module LinuxTargetPlatform (111)
[2017.11.25-16.48.24:444][876]LogModuleManager: Shutting down and abandoning module LinuxServerTargetPlatform (109)
[2017.11.25-16.48.24:444][876]LogModuleManager: Shutting down and abandoning module LinuxNoEditorTargetPlatform (107)
[2017.11.25-16.48.24:444][876]LogModuleManager: Shutting down and abandoning module LinuxClientTargetPlatform (105)
[2017.11.25-16.48.24:444][876]LogModuleManager: Shutting down and abandoning module TVOSTargetPlatform (103)
[2017.11.25-16.48.24:444][876]LogModuleManager: Shutting down and abandoning module Messaging (101)
[2017.11.25-16.48.24:444][876]LogModuleManager: Shutting down and abandoning module IOSTargetPlatform (99)
[2017.11.25-16.48.24:444][876]LogModuleManager: Shutting down and abandoning module HTML5TargetPlatform (97)
[2017.11.25-16.48.24:444][876]LogModuleManager: Shutting down and abandoning module Android_PVRTCTargetPlatform (95)
[2017.11.25-16.48.24:444][876]LogModuleManager: Shutting down and abandoning module Android_MultiTargetPlatform (93)
[2017.11.25-16.48.24:444][876]LogModuleManager: Shutting down and abandoning module Android_ETC2TargetPlatform (91)
[2017.11.25-16.48.24:444][876]LogModuleManager: Shutting down and abandoning module Android_ETC1TargetPlatform (89)
[2017.11.25-16.48.24:444][876]LogModuleManager: Shutting down and abandoning module Android_DXTTargetPlatform (87)
[2017.11.25-16.48.24:444][876]LogModuleManager: Shutting down and abandoning module Android_ATCTargetPlatform (85)
[2017.11.25-16.48.24:444][876]LogModuleManager: Shutting down and abandoning module Android_ASTCTargetPlatform (83)
[2017.11.25-16.48.24:444][876]LogModuleManager: Shutting down and abandoning module AndroidTargetPlatform (81)
[2017.11.25-16.48.24:444][876]LogModuleManager: Shutting down and abandoning module WindowsTargetPlatform (79)
[2017.11.25-16.48.24:444][876]LogModuleManager: Shutting down and abandoning module WindowsServerTargetPlatform (77)
[2017.11.25-16.48.24:444][876]LogModuleManager: Shutting down and abandoning module WindowsNoEditorTargetPlatform (75)
[2017.11.25-16.48.24:444][876]LogModuleManager: Shutting down and abandoning module WindowsClientTargetPlatform (73)
[2017.11.25-16.48.24:444][876]LogModuleManager: Shutting down and abandoning module MacTargetPlatform (71)
[2017.11.25-16.48.24:444][876]LogModuleManager: Shutting down and abandoning module MacServerTargetPlatform (69)
[2017.11.25-16.48.24:444][876]LogModuleManager: Shutting down and abandoning module MacNoEditorTargetPlatform (67)
[2017.11.25-16.48.24:444][876]LogModuleManager: Shutting down and abandoning module MacClientTargetPlatform (65)
[2017.11.25-16.48.24:444][876]LogModuleManager: Shutting down and abandoning module AllDesktopTargetPlatform (63)
[2017.11.25-16.48.24:444][876]LogModuleManager: Shutting down and abandoning module InputCore (60)
[2017.11.25-16.48.24:444][876]LogModuleManager: Shutting down and abandoning module Settings (58)
[2017.11.25-16.48.24:444][876]LogModuleManager: Shutting down and abandoning module PhysXCooking (56)
[2017.11.25-16.48.24:444][876]LogModuleManager: Shutting down and abandoning module SteamVR (54)
[2017.11.25-16.48.24:444][876]LogModuleManager: Shutting down and abandoning module OculusHMD (52)
[2017.11.25-16.48.24:444][876]LogModuleManager: Shutting down and abandoning module ExampleDeviceProfileSelector (50)
[2017.11.25-16.48.24:445][876]LogModuleManager: Shutting down and abandoning module OnlineBlueprintSupport (48)
[2017.11.25-16.48.24:445][876]LogModuleManager: Shutting down and abandoning module OnlineSubsystem (44)
[2017.11.25-16.48.24:445][876]LogOnline: Display: Unloading online subsystem: NULL
[2017.11.25-16.48.24:445][876]LogModuleManager: Shutting down and abandoning module XMPP (43)
[2017.11.25-16.48.24:445][876]LogModuleManager: Shutting down and abandoning module HTTP (41)
[2017.11.25-16.48.24:445][876]LogHttp: Display: Http module shutting down, but needs to wait on 1 outstanding Http requests:
[2017.11.25-16.48.24:445][876]LogHttp: Display: 	verb=[POST] url=[https://datarouter.ol.epicgames.com/datarouter/api/v1/public/data?SessionID=%7B0CB918D3-49BB-6718-65F4-AF873CF76CB1%7D&AppID=UEEditor.Rocket.Release&AppVersion=4.17.2-3658906%2B%2B%2BUE4%2BRelease-4.17&UserID=57c24bfd4a485b1cce38f19eb7f0e7b6%7C553ac523754045eea9b022c60cfc7b9e%7Cc86b4139-ad29-455a-bdfa-03c0a1a1d1d5&AppEnvironment=datacollector-binary&UploadType=eteventstream] status=Processing
[2017.11.25-16.48.24:467][876]LogModuleManager: Shutting down and abandoning module SSL (40)
[2017.11.25-16.48.24:469][876]LogModuleManager: Shutting down and abandoning module AnimationModifiers (36)
[2017.11.25-16.48.24:469][876]LogModuleManager: Shutting down and abandoning module PropertyEditor (35)
[2017.11.25-16.48.24:469][876]LogModuleManager: Shutting down and abandoning module AudioEditor (32)
[2017.11.25-16.48.24:469][876]LogModuleManager: Shutting down and abandoning module TextureCompressor (30)
[2017.11.25-16.48.24:469][876]LogModuleManager: Shutting down and abandoning module ShaderCore (28)
[2017.11.25-16.48.24:469][876]LogModuleManager: Shutting down and abandoning module Landscape (26)
[2017.11.25-16.48.24:469][876]LogModuleManager: Shutting down and abandoning module SlateRHIRenderer (24)
[2017.11.25-16.48.24:471][876]LogModuleManager: Shutting down and abandoning module OpenGLDrv (22)
[2017.11.25-16.48.24:471][876]LogModuleManager: Shutting down and abandoning module D3D11RHI (20)
[2017.11.25-16.48.24:471][876]LogModuleManager: Shutting down and abandoning module AnimGraphRuntime (18)
[2017.11.25-16.48.24:471][876]LogModuleManager: Shutting down and abandoning module Renderer (16)
[2017.11.25-16.48.24:471][876]LogModuleManager: Shutting down and abandoning module Engine (14)
[2017.11.25-16.48.24:471][876]LogModuleManager: Shutting down and abandoning module CoreUObject (12)
[2017.11.25-16.48.24:471][876]LogModuleManager: Shutting down and abandoning module NetworkFile (10)
[2017.11.25-16.48.24:471][876]LogModuleManager: Shutting down and abandoning module CookedIterativeFile (8)
[2017.11.25-16.48.24:471][876]LogModuleManager: Shutting down and abandoning module StreamingFile (6)
[2017.11.25-16.48.24:471][876]LogModuleManager: Shutting down and abandoning module SandboxFile (4)
[2017.11.25-16.48.24:471][876]LogModuleManager: Shutting down and abandoning module PakFile (2)
[2017.11.25-16.48.24:475][876]LogExit: Exiting.
[2017.11.25-16.48.24:535][876]Log file closed, 11/25/17 16:48:24
