Log file open, 11/24/17 13:28:44
LogWindows: Failed to load 'aqProf.dll' (GetLastError=126)
LogWindows: File 'aqProf.dll' does not exist
LogWindows: Failed to load 'VtuneApi.dll' (GetLastError=126)
LogWindows: File 'VtuneApi.dll' does not exist
LogWindows: Failed to load 'VtuneApi32e.dll' (GetLastError=126)
LogWindows: File 'VtuneApi32e.dll' does not exist
LogInit: Display: Running engine for game: Puzzle_Island
LogPlatformFile: Not using cached read wrapper
LogInit: Display: RandInit(-409863708) SRandInit(-409863708).
LogTaskGraph: Started task graph with 5 named threads and 14 total threads with 3 sets of task threads.
LogStats: Stats thread started at 0.199525
LogD3D11RHI: Aftermath initialized
LogPluginManager: Mounting plugin Paper2D
LogPluginManager: Mounting plugin LightPropagationVolume
LogPluginManager: Mounting plugin CodeLiteSourceCodeAccess
LogPluginManager: Mounting plugin GitSourceControl
LogPluginManager: Mounting plugin KDevelopSourceCodeAccess
LogPluginManager: Mounting plugin NullSourceCodeAccess
LogPluginManager: Mounting plugin PerforceSourceControl
LogPluginManager: Mounting plugin SubversionSourceControl
LogPluginManager: Mounting plugin UObjectPlugin
LogPluginManager: Mounting plugin VisualStudioSourceCodeAccess
LogPluginManager: Mounting plugin XCodeSourceCodeAccess
LogPluginManager: Mounting plugin AssetManagerEditor
LogPluginManager: Mounting plugin AudioCapture
LogPluginManager: Mounting plugin FacialAnimation
LogPluginManager: Mounting plugin GameplayTagsEditor
LogPluginManager: Mounting plugin MobileLauncherProfileWizard
LogPluginManager: Mounting plugin PluginBrowser
LogPluginManager: Mounting plugin SpeedTreeImporter
LogPluginManager: Mounting plugin AlembicImporter
LogPluginManager: Mounting plugin CharacterAI
LogPluginManager: Mounting plugin HTML5Networking
LogPluginManager: Mounting plugin AndroidMedia
LogPluginManager: Mounting plugin AvfMedia
LogPluginManager: Mounting plugin MediaPlayerEditor
LogPluginManager: Mounting plugin WmfMedia
LogPluginManager: Mounting plugin TcpMessaging
LogPluginManager: Mounting plugin UdpMessaging
LogPluginManager: Mounting plugin LevelSequenceEditor
LogPluginManager: Mounting plugin MatineeToLevelSequence
LogPluginManager: Mounting plugin OnlineSubsystemGooglePlay
LogPluginManager: Mounting plugin OnlineSubsystemIOS
LogPluginManager: Mounting plugin OnlineSubsystem
LogPluginManager: Mounting plugin OnlineSubsystemNull
LogPluginManager: Mounting plugin OnlineSubsystemUtils
LogPluginManager: Mounting plugin AndroidDeviceProfileSelector
LogPluginManager: Mounting plugin AndroidMoviePlayer
LogPluginManager: Mounting plugin AndroidPermission
LogPluginManager: Mounting plugin AppleMoviePlayer
LogPluginManager: Mounting plugin ArchVisCharacter
LogPluginManager: Mounting plugin CableComponent
LogPluginManager: Mounting plugin CustomMeshComponent
LogPluginManager: Mounting plugin ExampleDeviceProfileSelector
LogPluginManager: Mounting plugin GoogleCloudMessaging
LogPluginManager: Mounting plugin ImmediatePhysics
LogPluginManager: Mounting plugin IOSDeviceProfileSelector
LogPluginManager: Mounting plugin LinuxDeviceProfileSelector
LogPluginManager: Mounting plugin LocationServicesBPLibrary
LogPluginManager: Mounting plugin MobilePatchingUtils
LogPluginManager: Mounting plugin OculusVR
LogPluginManager: Mounting plugin PhysXVehicles
LogPluginManager: Mounting plugin ProceduralMeshComponent
LogPluginManager: Mounting plugin RuntimePhysXCooking
LogPluginManager: Mounting plugin SteamVR
LogPluginManager: Mounting plugin WindowsMoviePlayer
LogInit: Using libcurl 7.47.1
LogInit:  - built for x86_64-pc-win32
LogInit:  - supports SSL with OpenSSL/1.0.2g
LogInit:  - supports HTTP deflate (compression) using libz 1.2.8
LogInit:  - other features:
LogInit:      CURL_VERSION_SSL
LogInit:      CURL_VERSION_LIBZ
LogInit:      CURL_VERSION_IPV6
LogInit:      CURL_VERSION_ASYNCHDNS
LogInit:      CURL_VERSION_LARGEFILE
LogInit:      CURL_VERSION_IDN
LogInit:  CurlRequestOptions (configurable via config and command line):
LogInit:  - bVerifyPeer = false  - Libcurl will NOT verify peer certificate
LogInit:  - bUseHttpProxy = false  - Libcurl will NOT use HTTP proxy
LogInit:  - bDontReuseConnections = false  - Libcurl will reuse connections
LogInit:  - CertBundlePath = nullptr  - Libcurl will use whatever was configured at build time.
LogInit: Build: ++UE4+Release-4.17-CL-3658906
LogInit: Engine Version: 4.17.2-3658906+++UE4+Release-4.17
LogInit: Compatible Engine Version: 4.17.0-3573198+++UE4+Release-4.17
LogInit: Net CL: 3573198
LogDevObjectVersion: Number of dev versions registered: 16
LogDevObjectVersion:   Dev-Blueprints (B0D832E4-1F89-4F0D-ACCF-7EB736FD4AA2): 10
LogDevObjectVersion:   Dev-Build (E1C64328-A22C-4D53-A36C-8E866417BD8C): 0
LogDevObjectVersion:   Dev-Core (375EC13C-06E4-48FB-B500-84F0262A717E): 2
LogDevObjectVersion:   Dev-Editor (E4B068ED-F494-42E9-A231-DA0B2E46BB41): 20
LogDevObjectVersion:   Dev-Framework (CFFC743F-43B0-4480-9391-14DF171D2073): 28
LogDevObjectVersion:   Dev-Mobile (B02B49B5-BB20-44E9-A304-32B752E40360): 0
LogDevObjectVersion:   Dev-Networking (A4E4105C-59A1-49B5-A7C5-40C4547EDFEE): 0
LogDevObjectVersion:   Dev-Online (39C831C9-5AE6-47DC-9A44-9C173E1C8E7C): 0
LogDevObjectVersion:   Dev-Physics (78F01B33-EBEA-4F98-B9B4-84EACCB95AA2): 0
LogDevObjectVersion:   Dev-Platform (6631380F-2D4D-43E0-8009-CF276956A95A): 0
LogDevObjectVersion:   Dev-Rendering (12F88B9F-8875-4AFC-A67C-D90C383ABD29): 19
LogDevObjectVersion:   Dev-Sequencer (7B5AE74C-D270-4C10-A958-57980B212A5A): 4
LogDevObjectVersion:   Dev-VR (D7296918-1DD6-4BDD-9DE2-64A83CC13884): 0
LogDevObjectVersion:   Dev-LoadTimes (C2A15278-BFE7-4AFE-6C17-90FF531DF755): 1
LogDevObjectVersion:   Private-Geometry (6EACA3D4-40EC-4CC1-B786-8BED09428FC5): 1
LogDevObjectVersion:   Dev-AnimPhys (29E575DD-E0A3-4627-9D10-D276232CDCEA): 7
LogInit: Compiled (64-bit): Sep 22 2017 13:47:16
LogInit: Compiled with Visual C++: 19.00.24215.01
LogInit: Build Configuration: Development
LogInit: Branch Name: ++UE4+Release-4.17
LogInit: Command line: -EpicPortal 
LogInit: Base directory: C:/Program Files/Epic Games/UE_4.17/Engine/Binaries/Win64/
LogInit: Installed Engine Build: 1
LogInit: Presizing for max 8388607 objects, including 0 objects not considered by GC, pre-allocating 0 bytes for permanent pool.
LogInit: Object subsystem initialized
[2017.11.24-13.28.47:097][  0]LogInit: Selected Device Profile: [Windows]
[2017.11.24-13.28.47:097][  0]LogInit: Applying CVar settings loaded from the selected device profile: [Windows]
[2017.11.24-13.28.47:110][  0]LogInit: Computer: W62237
[2017.11.24-13.28.47:110][  0]LogInit: User: 2siewj44
[2017.11.24-13.28.47:110][  0]LogInit: CPU Page size=4096, Cores=4
[2017.11.24-13.28.47:110][  0]LogInit: High frequency timer resolution =3.515620 MHz
[2017.11.24-13.28.47:111][  0]LogMemory: Memory total: Physical=7.9GB (8GB approx)
[2017.11.24-13.28.47:111][  0]LogMemory: Platform Memory Stats for Windows
[2017.11.24-13.28.47:111][  0]LogMemory: Process Physical Memory: 281.88 MB used, 281.88 MB peak
[2017.11.24-13.28.47:111][  0]LogMemory: Process Virtual Memory: 292.52 MB used, 292.52 MB peak
[2017.11.24-13.28.47:111][  0]LogMemory: Physical Memory: 4025.81 MB used,  4082.41 MB free, 8108.21 MB total
[2017.11.24-13.28.47:111][  0]LogMemory: Virtual Memory: 687.66 MB used,  4082.41 MB free, 134217728.00 MB total
[2017.11.24-13.28.47:830][  0]LogInit: Using OS detected language (en-US).
[2017.11.24-13.28.47:830][  0]LogInit: Using OS detected locale (en-GB).
[2017.11.24-13.28.47:834][  0]LogTextLocalizationManager: No specific localization for 'en-US' exists, so the 'en' localization will be used.
[2017.11.24-13.28.49:017][  0]LogD3D11RHI: D3D11 adapters:
[2017.11.24-13.28.49:128][  0]LogD3D11RHI:    0. 'NVIDIA GeForce GTX 660' (Feature Level 11_0)
[2017.11.24-13.28.49:128][  0]LogD3D11RHI:       1506/0/4054 MB DedicatedVideo/DedicatedSystem/SharedSystem, Outputs:1, VendorId:0x10de
[2017.11.24-13.28.49:130][  0]LogD3D11RHI:    1. 'Microsoft Basic Render Driver' (Feature Level 11_0)
[2017.11.24-13.28.49:130][  0]LogD3D11RHI:       0/0/4054 MB DedicatedVideo/DedicatedSystem/SharedSystem, Outputs:0, VendorId:0x1414
[2017.11.24-13.28.49:130][  0]LogD3D11RHI: Chosen D3D11 Adapter: 0
[2017.11.24-13.28.49:138][  0]LogD3D11RHI: Creating new Direct3DDevice
[2017.11.24-13.28.49:138][  0]LogD3D11RHI:     GPU DeviceId: 0x1185 (for the marketing name, search the web for "GPU Device Id")
[2017.11.24-13.28.49:138][  0]LogWindows: EnumDisplayDevices:
[2017.11.24-13.28.49:138][  0]LogWindows:    0. 'NVIDIA GeForce GTX 660' (P:1 D:1)
[2017.11.24-13.28.49:139][  0]LogWindows:    1. 'NVIDIA GeForce GTX 660' (P:0 D:0)
[2017.11.24-13.28.49:139][  0]LogWindows:    2. 'NVIDIA GeForce GTX 660' (P:0 D:0)
[2017.11.24-13.28.49:139][  0]LogWindows:    3. 'NVIDIA GeForce GTX 660' (P:0 D:0)
[2017.11.24-13.28.49:139][  0]LogWindows: DebugString: FoundDriverCount:4 
[2017.11.24-13.28.49:139][  0]LogD3D11RHI:     Adapter Name: NVIDIA GeForce GTX 660
[2017.11.24-13.28.49:139][  0]LogD3D11RHI:   Driver Version: 388.13 (internal:23.21.13.8813, unified:388.13)
[2017.11.24-13.28.49:140][  0]LogD3D11RHI:      Driver Date: 10-27-2017
[2017.11.24-13.28.49:140][  0]LogRHI: Texture pool is 1054 MB (70% of 1506 MB)
[2017.11.24-13.28.49:203][  0]LogD3D11RHI: Async texture creation enabled
[2017.11.24-13.28.49:226][  0]LogD3D11RHI: GPU Timing Frequency: 1000.000000 (Debug: 2 2)
[2017.11.24-13.28.49:228][  0]LogShaderCompilers: Guid format shader working directory is -23 characters bigger than the processId version (../../../../../../Users/2siewj44/Desktop/Puzzle-Island-VGD/Puzzle_Island/Intermediate/Shaders/WorkingDirectory/1800/).
[2017.11.24-13.28.49:228][  0]LogShaderCompilers: Cleaned the shader compiler working directory 'C:/Users/2siewj44/AppData/Local/Temp/UnrealShaderWorkingDir/192B6F9C4D33D163608942BECA12E38C/'.
[2017.11.24-13.28.49:228][  0]LogShaderCompilers: Display: Using Local Shader Compiler.
[2017.11.24-13.28.50:876][  0]LogTemp: Display: Loaded TP AllDesktopTargetPlatform
[2017.11.24-13.28.51:058][  0]LogTemp: Display: Loaded TP MacClientTargetPlatform
[2017.11.24-13.28.51:235][  0]LogTemp: Display: Loaded TP MacNoEditorTargetPlatform
[2017.11.24-13.28.51:579][  0]LogTemp: Display: Loaded TP MacServerTargetPlatform
[2017.11.24-13.28.51:982][  0]LogTemp: Display: Loaded TP MacTargetPlatform
[2017.11.24-13.28.52:215][  0]LogTemp: Display: Loaded TP WindowsClientTargetPlatform
[2017.11.24-13.28.52:380][  0]LogTemp: Display: Loaded TP WindowsNoEditorTargetPlatform
[2017.11.24-13.28.52:658][  0]LogTemp: Display: Loaded TP WindowsServerTargetPlatform
[2017.11.24-13.28.52:836][  0]LogTemp: Display: Loaded TP WindowsTargetPlatform
[2017.11.24-13.28.53:191][  0]LogTemp: Display: Loaded TP AndroidTargetPlatform
[2017.11.24-13.28.53:414][  0]LogTemp: Display: Loaded TP Android_ASTCTargetPlatform
[2017.11.24-13.28.53:586][  0]LogTemp: Display: Loaded TP Android_ATCTargetPlatform
[2017.11.24-13.28.53:768][  0]LogTemp: Display: Loaded TP Android_DXTTargetPlatform
[2017.11.24-13.28.53:952][  0]LogTemp: Display: Loaded TP Android_ETC1TargetPlatform
[2017.11.24-13.28.54:260][  0]LogTemp: Display: Loaded TP Android_ETC2TargetPlatform
[2017.11.24-13.28.54:788][  0]LogTemp: Display: Loaded TP Android_MultiTargetPlatform
[2017.11.24-13.28.54:788][  0]LogTemp: Display: Loaded TP Android_PVRTCTargetPlatform
[2017.11.24-13.28.54:935][  0]LogTemp: Display: Loaded TP HTML5TargetPlatform
[2017.11.24-13.28.55:249][  0]LogTemp: Display: Loaded TP IOSTargetPlatform
[2017.11.24-13.28.55:395][  0]LogTemp: Display: Loaded TP TVOSTargetPlatform
[2017.11.24-13.28.55:575][  0]LogTemp: Display: Loaded TP LinuxClientTargetPlatform
[2017.11.24-13.28.55:736][  0]LogTemp: Display: Loaded TP LinuxNoEditorTargetPlatform
[2017.11.24-13.28.55:896][  0]LogTemp: Display: Loaded TP LinuxServerTargetPlatform
[2017.11.24-13.28.56:057][  0]LogTemp: Display: Loaded TP LinuxTargetPlatform
[2017.11.24-13.28.56:057][  0]LogTargetPlatformManager: Display: Building Assets For Windows
[2017.11.24-13.28.58:876][  0]LogDerivedDataCache: Display: Max Cache Size: 512 MB
[2017.11.24-13.28.59:097][  0]LogDerivedDataCache: Loaded boot cache 0.22s 93MB C:/Users/2siewj44/AppData/Local/UnrealEngine/4.17/DerivedDataCache/Boot.ddc.
[2017.11.24-13.28.59:097][  0]LogDerivedDataCache: Display: Loaded Boot cache: C:/Users/2siewj44/AppData/Local/UnrealEngine/4.17/DerivedDataCache/Boot.ddc
[2017.11.24-13.28.59:097][  0]LogDerivedDataCache: FDerivedDataBackendGraph:  Pak pak cache file ../../../../../../Users/2siewj44/Desktop/Puzzle-Island-VGD/Puzzle_Island/DerivedDataCache/DDC.ddp not found, will not use a pak cache.
[2017.11.24-13.28.59:097][  0]LogDerivedDataCache: Unable to find inner node Pak for hierarchical cache Hierarchy.
[2017.11.24-13.28.59:097][  0]LogDerivedDataCache: FDerivedDataBackendGraph:  CompressedPak pak cache file ../../../../../../Users/2siewj44/Desktop/Puzzle-Island-VGD/Puzzle_Island/DerivedDataCache/Compressed.ddp not found, will not use a pak cache.
[2017.11.24-13.28.59:097][  0]LogDerivedDataCache: Unable to find inner node CompressedPak for hierarchical cache Hierarchy.
[2017.11.24-13.28.59:119][  0]LogDerivedDataCache: Display: Pak cache opened for reading ../../../Engine/DerivedDataCache/Compressed.ddp.
[2017.11.24-13.28.59:132][  0]LogDerivedDataCache: Using Local data cache path C:/Users/2siewj44/AppData/Local/UnrealEngine/Common/DerivedDataCache: Writable
[2017.11.24-13.28.59:160][  0]LogMaterial: Verifying Global Shaders for PCD3D_SM5
[2017.11.24-13.28.59:160][  0]LogSlate: Using Freetype 2.6.0
[2017.11.24-13.28.59:162][  0]LogSlate: SlateFontCache - WITH_FREETYPE: 1, WITH_HARFBUZZ: 1
[2017.11.24-13.28.59:162][  0]LogSlate: SlateFontCache - WITH_FREETYPE: 1, WITH_HARFBUZZ: 1
[2017.11.24-13.28.59:990][  0]LogAssetRegistry: FAssetRegistry took 0.0379 seconds to start up
[2017.11.24-13.29.00:352][  0]LogInit: Selected Device Profile: [Windows]
[2017.11.24-13.29.02:442][  0]LogSimplygon: Simplygon DLL not present - disabling.
[2017.11.24-13.29.02:645][  0]LogMeshReduction: Using SimplygonSwarm for distributed automatic mesh merging
[2017.11.24-13.29.02:646][  0]LogMeshReduction: Using QuadricMeshReduction for automatic static mesh reduction
[2017.11.24-13.29.02:646][  0]LogMeshReduction: No automatic skeletal mesh reduction module available
[2017.11.24-13.29.02:646][  0]LogMeshReduction: No automatic mesh merging module available
[2017.11.24-13.29.02:646][  0]LogMeshMerging: No automatic mesh merging module available
[2017.11.24-13.29.02:675][  0]LogContentStreaming: Texture pool size is 0.00 MB
[2017.11.24-13.29.03:555][  0]LogNetVersion: Puzzle_Island , NetCL: 3573198, EngineNetVer: 2, GameNetVer: 0 (Checksum: 3939646741)
[2017.11.24-13.29.04:138][  0]LogPackageLocalizationCache: Processed 5 localized package path(s) for 2 prioritized culture(s) in 0.112956 seconds
[2017.11.24-13.29.04:149][  0]LogUObjectArray: 35825 objects as part of root set at end of initial load.
[2017.11.24-13.29.04:149][  0]LogUObjectAllocator: 7529112 out of 0 bytes used by permanent object pool.
[2017.11.24-13.29.04:149][  0]LogUObjectArray: CloseDisregardForGC: 0/0 objects in disregard for GC pool
[2017.11.24-13.29.04:816][  0]LogInit: WinSock: version 1.1 (2.2), MaxSocks=32767, MaxUdp=65467
[2017.11.24-13.29.19:960][  0]LogTcpMessaging: Initializing TcpMessaging bridge
[2017.11.24-13.29.20:268][  0]LogUdpMessaging: Initializing bridge on interface 0.0.0.0:0 to multicast group 230.0.0.1:6666.
[2017.11.24-13.29.26:064][  0]LogMaterial: Uniform references updated for custom material expression Custom.
[2017.11.24-13.29.29:047][  0]SourceControl: Source control is disabled
[2017.11.24-13.29.29:047][  0]SourceControl: Source control is disabled
[2017.11.24-13.29.29:494][  0]SourceControl: Source control is disabled
[2017.11.24-13.29.29:954][  0]SourceControl: Source control is disabled
[2017.11.24-13.29.34:813][  0]LogAndroidPermission: UAndroidPermissionCallbackProxy::GetInstance
[2017.11.24-13.29.36:784][  0]LogOcInput: OculusInput pre-init called
[2017.11.24-13.29.38:448][  0]LogEngine: Initializing Engine...
[2017.11.24-13.29.38:450][  0]LogHMD: Failed to initialize OpenVR with code 110
[2017.11.24-13.29.38:687][  0]LogStats: UGameplayTagsManager::ConstructGameplayTagTree: Construct from data asset -  0.000 s
[2017.11.24-13.29.38:687][  0]LogStats: UGameplayTagsManager::ConstructGameplayTagTree: GameplayTagTreeChangedEvent.Broadcast -  0.000 s
[2017.11.24-13.29.39:194][  0]LogAIModule: Creating AISystem for world Untitled
[2017.11.24-13.29.39:201][  0]LogInit: XAudio2 using 'Realtek Digital Output (Realtek High Definition Audio)' : 2 channels at 48 kHz using 16 bits per sample (channel mask 0x3)
[2017.11.24-13.29.39:264][  0]LogInit: FAudioDevice initialized.
[2017.11.24-13.29.39:489][  0]LogDerivedDataCache: Saved boot cache 0.22s 93MB C:/Users/2siewj44/AppData/Local/UnrealEngine/4.17/DerivedDataCache/Boot.ddc.
[2017.11.24-13.29.39:521][  0]LogInit: Texture streaming: Enabled
[2017.11.24-13.29.40:044][  0]LogEngineSessionManager: EngineSessionManager initialized
[2017.11.24-13.29.41:046][  0]LogInit: Transaction tracking system initialized
[2017.11.24-13.29.42:442][  0]BlueprintLog: New page: Editor Load
[2017.11.24-13.29.46:272][  0]LocalizationService: Localization service is disabled
[2017.11.24-13.29.50:322][  0]LogConsoleResponse: Display: 
[2017.11.24-13.29.50:597][  0]LogAutoReimportManager: Warning: Unable to watch directory ../../../../../../Users/2siewj44/Desktop/Puzzle-Island-VGD/Puzzle_Island/Content/ as it will conflict with another watching ../../../../../../Users/2siewj44/Desktop/Puzzle-Island-VGD/Puzzle_Island/Content/.
[2017.11.24-13.29.50:597][  0]LogAutoReimportManager: Warning: Unable to watch directory ../../../../../../Users/2siewj44/Desktop/Puzzle-Island-VGD/Puzzle_Island/Content/ as it will conflict with another watching ../../../../../../Users/2siewj44/Desktop/Puzzle-Island-VGD/Puzzle_Island/Content/.
[2017.11.24-13.29.50:597][  0]LogAutoReimportManager: Warning: Unable to watch directory ../../../../../../Users/2siewj44/Desktop/Puzzle-Island-VGD/Puzzle_Island/Content/ as it will conflict with another watching ../../../../../../Users/2siewj44/Desktop/Puzzle-Island-VGD/Puzzle_Island/Content/.
[2017.11.24-13.29.50:609][  0]LogCook: Display: Max memory allowance for cook 16384mb min free memory 0mb
[2017.11.24-13.29.50:609][  0]LogCook: Display: Mobile HDR setting 1
[2017.11.24-13.29.50:609][  0]LogGameplayTags: Display: UGameplayTagsManager::DoneAddingNativeTags. DelegateIsBound: 0
[2017.11.24-13.29.51:706][  0]LogFileCache: Scanning file cache for directory 'C:/Users/2siewj44/Desktop/Puzzle-Island-VGD/Puzzle_Island/Content/' took 0.02s
[2017.11.24-13.29.56:456][  0]SourceControl: Source control is disabled
[2017.11.24-13.29.56:457][  0]Cmd: MAP LOAD FILE="../../../../../../Users/2siewj44/Desktop/Puzzle-Island-VGD/Puzzle_Island/Content/Maps/Puzzle_Island.umap" TEMPLATE=0 SHOWPROGRESS=1 FEATURELEVEL=3
[2017.11.24-13.29.56:458][  0]LightingResults: New page: Lighting Build
[2017.11.24-13.29.56:798][  0]MapCheck: New page: Map Check
[2017.11.24-13.29.56:798][  0]LightingResults: New page: Lighting Build
[2017.11.24-13.29.57:250][  0]LogAIModule: Creating AISystem for world Puzzle_Island
[2017.11.24-13.29.57:315][  0]LogEditorServer: Finished looking for orphan Actors (0.000 secs)
[2017.11.24-13.29.57:372][  0]Cmd: MAP CHECKDEP NOCLEARLOG
[2017.11.24-13.29.57:492][  0]MapCheck: Map check complete: 0 Error(s), 0 Warning(s), took 120.538ms to complete.
[2017.11.24-13.29.57:492][  0]LogFileHelpers: Loading map 'Puzzle_Island' took 1.036
[2017.11.24-13.29.57:764][  0]LogCollectionManager: Loaded 0 collections in 0.002138 seconds
[2017.11.24-13.29.57:967][  0]LogFileCache: Scanning file cache for directory 'C:/Users/2siewj44/Desktop/Puzzle-Island-VGD/Puzzle_Island/Saved/Collections/' took 0.01s
[2017.11.24-13.29.57:967][  0]LogFileCache: Scanning file cache for directory 'C:/Users/2siewj44/Desktop/Puzzle-Island-VGD/Puzzle_Island/Content/Developers/2siewj44/Collections/' took 0.01s
[2017.11.24-13.29.57:967][  0]LogFileCache: Scanning file cache for directory 'C:/Users/2siewj44/Desktop/Puzzle-Island-VGD/Puzzle_Island/Content/Collections/' took 0.01s
[2017.11.24-13.29.57:967][  0]LogCollectionManager: Rebuilt the GUID cache for 0 collections in 0.000001 seconds
[2017.11.24-13.29.57:979][  0]LogContentBrowser: Native class hierarchy populated in 0.0116 seconds. Added 2388 classes and 502 folders.
[2017.11.24-13.29.58:227][  0]LogContentBrowser: Native class hierarchy updated for 'WidgetCarousel' in 0.0023 seconds. Added 0 classes and 0 folders.
[2017.11.24-13.29.58:286][  0]LogContentBrowser: Native class hierarchy updated for 'AddContentDialog' in 0.0024 seconds. Added 0 classes and 0 folders.
[2017.11.24-13.29.58:440][  0]LogContentBrowser: Native class hierarchy updated for 'SceneOutliner' in 0.0024 seconds. Added 1 classes and 2 folders.
[2017.11.24-13.29.58:462][  0]LogSlate: Took 0.000194 seconds to synchronously load lazily loaded font '../../../Engine/Content/Slate/Fonts/Roboto-Regular.ttf' (155K)
[2017.11.24-13.29.58:464][  0]LogSlate: Took 0.000171 seconds to synchronously load lazily loaded font '../../../Engine/Content/Slate/Fonts/Roboto-Bold.ttf' (160K)
[2017.11.24-13.29.58:469][  0]LogSlate: Took 0.000165 seconds to synchronously load lazily loaded font '../../../Engine/Content/Editor/Slate/Fonts/FontAwesome.ttf' (139K)
[2017.11.24-13.29.58:584][  0]LogRenderer: Reallocating scene render targets to support 1208x652 Format 10 NumSamples 1 (Frame:1).
[2017.11.24-13.29.59:059][  0]LogContentBrowser: Native class hierarchy updated for 'HierarchicalLODOutliner' in 0.0024 seconds. Added 1 classes and 2 folders.
[2017.11.24-13.29.59:059][  0]LogLoad: (Engine Initialization) Total time: 76.52 seconds
[2017.11.24-13.29.59:059][  0]LogLoad: (Engine Initialization) Total Blueprint compile time: 0.00 seconds
[2017.11.24-13.29.59:059][  0]LogExternalProfiler: Found external profiler: VSPerf
[2017.11.24-13.29.59:059][  0]LogExternalProfiler: Using external profiler: VSPerf
[2017.11.24-13.29.59:443][  0]LogContentStreaming: Texture pool size now 1000 MB
[2017.11.24-13.29.59:504][  0]LogSlate: Took 0.000193 seconds to synchronously load lazily loaded font '../../../Engine/Content/Slate/Fonts/Roboto-Light.ttf' (159K)
[2017.11.24-13.29.59:734][  1]LogFileCache: Retrieving MD5 hashes for directory 'C:/Users/2siewj44/Desktop/Puzzle-Island-VGD/Puzzle_Island/Content/' took 0.32s
[2017.11.24-13.30.00:421][  3]LogAssetRegistry: Asset discovery search completed in 60.4464 seconds
[2017.11.24-13.30.00:427][  3]LogCollectionManager: Rebuilt the object cache for 0 collections in 0.000001 seconds (found 0 objects)
[2017.11.24-13.30.00:427][  3]LogCollectionManager: Fixed up redirectors for 0 collections in 0.000119 seconds (updated 0 objects)
[2017.11.24-13.30.03:129][ 14]LogTemp: Repeating last play command: Selected Viewport
[2017.11.24-13.30.03:193][ 14]LogBlueprintUserMessages: Early PlayInEditor Detection: Level '/Game/Maps/Puzzle_Island.Puzzle_Island:PersistentLevel' has LevelScriptBlueprint '/Game/Maps/Puzzle_Island.Puzzle_Island:PersistentLevel.Puzzle_Island' with GeneratedClass '/Game/Maps/Puzzle_Island.Puzzle_Island_C' with ClassGeneratedBy '/Game/Maps/Puzzle_Island.Puzzle_Island:PersistentLevel.Puzzle_Island'
[2017.11.24-13.30.03:193][ 14]LogPlayLevel: PlayLevel: No blueprints needed recompiling
[2017.11.24-13.30.03:193][ 14]PIE: New page: PIE session: Puzzle_Island (24 Nov 2017 13:30:03)
[2017.11.24-13.30.03:193][ 14]LogPlayLevel: Creating play world package: /Game/Maps/UEDPIE_0_Puzzle_Island
[2017.11.24-13.30.03:209][ 14]LogPlayLevel: PIE: StaticDuplicateObject took: (0.015702s)
[2017.11.24-13.30.03:210][ 14]LogAIModule: Creating AISystem for world Puzzle_Island
[2017.11.24-13.30.03:210][ 14]LogPlayLevel: PIE: World Init took: (0.000800s)
[2017.11.24-13.30.03:210][ 14]LogPlayLevel: PIE: Created PIE world by copying editor world from /Game/Maps/Puzzle_Island.Puzzle_Island to /Game/Maps/UEDPIE_0_Puzzle_Island.Puzzle_Island (0.016762s)
[2017.11.24-13.30.03:221][ 14]LogInit: XAudio2 using 'Realtek Digital Output (Realtek High Definition Audio)' : 2 channels at 48 kHz using 16 bits per sample (channel mask 0x3)
[2017.11.24-13.30.03:238][ 14]LogInit: FAudioDevice initialized.
[2017.11.24-13.30.03:304][ 14]LogLoad: Game class is 'Puzzle_IslandGameMode'
[2017.11.24-13.30.03:309][ 14]LogWorld: Bringing World /Game/Maps/UEDPIE_0_Puzzle_Island.Puzzle_Island up for play (max tick rate 0) at 2017.11.24-13.30.03
[2017.11.24-13.30.03:309][ 14]LogWorld: Bringing up level for play took: 0.003752
[2017.11.24-13.30.03:559][ 14]LogContentBrowser: Native class hierarchy updated for 'MovieSceneCapture' in 0.0024 seconds. Added 11 classes and 0 folders.
[2017.11.24-13.30.03:587][ 14]PIE: Play in editor start time for /Game/Maps/UEDPIE_0_Puzzle_Island 0.488
[2017.11.24-13.30.03:588][ 14]LogBlueprintUserMessages: Late PlayInEditor Detection: Level '/Game/Maps/Puzzle_Island.Puzzle_Island:PersistentLevel' has LevelScriptBlueprint '/Game/Maps/Puzzle_Island.Puzzle_Island:PersistentLevel.Puzzle_Island' with GeneratedClass '/Game/Maps/Puzzle_Island.Puzzle_Island_C' with ClassGeneratedBy '/Game/Maps/Puzzle_Island.Puzzle_Island:PersistentLevel.Puzzle_Island'
[2017.11.24-13.30.32:461][399]LogBlueprintUserMessages: Early EndPlayMap Detection: Level '/Game/Maps/Puzzle_Island.Puzzle_Island:PersistentLevel' has LevelScriptBlueprint '/Game/Maps/Puzzle_Island.Puzzle_Island:PersistentLevel.Puzzle_Island' with GeneratedClass '/Game/Maps/Puzzle_Island.Puzzle_Island_C' with ClassGeneratedBy '/Game/Maps/Puzzle_Island.Puzzle_Island:PersistentLevel.Puzzle_Island'
[2017.11.24-13.30.32:492][399]LogBlueprintUserMessages: Late EndPlayMap Detection: Level '/Game/Maps/Puzzle_Island.Puzzle_Island:PersistentLevel' has LevelScriptBlueprint '/Game/Maps/Puzzle_Island.Puzzle_Island:PersistentLevel.Puzzle_Island' with GeneratedClass '/Game/Maps/Puzzle_Island.Puzzle_Island_C' with ClassGeneratedBy '/Game/Maps/Puzzle_Island.Puzzle_Island:PersistentLevel.Puzzle_Island'
[2017.11.24-13.30.39:314][970]LogSlate: Took 0.000171 seconds to synchronously load lazily loaded font '../../../Engine/Content/Slate/Fonts/Roboto-Light.ttf' (159K)
[2017.11.24-13.30.48:265][970]LogVSAccessor: Warning: Couldn't goto line number '0' in 'C:/Users/2siewj44/Desktop/Puzzle-Island-VGD/Puzzle_Island/Source/Puzzle_Island/Puzzle_IslandGameMode.h'
[2017.11.24-13.30.48:624][970]LogVSAccessor: Warning: Couldn't goto line number '0' in 'C:/Users/2siewj44/Desktop/Puzzle-Island-VGD/Puzzle_Island/Source/Puzzle_Island/Puzzle_IslandGameMode.cpp'
[2017.11.24-13.31.54:834][ 19]LogSavePackage: Save=241.49ms
[2017.11.24-13.31.54:834][ 19]LogSavePackage: Moving '../../../../../../Users/2siewj44/Desktop/Puzzle-Island-VGD/Puzzle_Island/Saved/Puzzle_IslandEE4D8987456F1DFAEE23E2AA7A9EA4E0.tmp' to '../../../../../../Users/2siewj44/Desktop/Puzzle-Island-VGD/Puzzle_Island/Content/Maps/Puzzle_Island.umap'
[2017.11.24-13.31.54:836][ 19]LogSavePackage: Display: Finished SavePackage ../../../../../../Users/2siewj44/Desktop/Puzzle-Island-VGD/Puzzle_Island/Content/Maps/Puzzle_Island.umap
[2017.11.24-13.31.57:951][365]LogVSAccessor: Warning: Couldn't access Visual Studio
[2017.11.24-13.31.58:018][365]Candidate modules for hot reload:
[2017.11.24-13.31.58:018][365]  Puzzle_Island
[2017.11.24-13.31.58:018][365]Launching UnrealBuildTool... [C:/Program Files/Epic Games/UE_4.17/Engine/Binaries/DotNET/UnrealBuildTool.exe Puzzle_Island -ModuleWithSuffix Puzzle_Island 5390 Win64 Development -editorrecompile -canskiplink "C:/Users/2siewj44/Desktop/Puzzle-Island-VGD/Puzzle_Island/Puzzle_Island.uproject" ]
[2017.11.24-13.31.58:025][365]Warning: Starting HotReload took  0.1s.
[2017.11.24-13.32.49:120][190]LogEditorViewport: Clicking on Actor (LMB): BP_Sky_Sphere_C (Sky Sphere)
[2017.11.24-13.33.50:374][729]LogEditorViewport: Clicking on Actor (LMB): BP_Sky_Sphere_C (Sky Sphere)
[2017.11.24-13.33.58:596][406]CompilerResultsLog: New page: Compilation - 24 Nov 2017 13:33:58
[2017.11.24-13.33.58:596][406]CompilerResultsLog: Performing full C++ include scan (hot reloading a new target)
[2017.11.24-13.33.58:596][406]CompilerResultsLog: Compiling game modules for hot reload
[2017.11.24-13.33.58:596][406]CompilerResultsLog: Parsing headers for Puzzle_IslandEditor
[2017.11.24-13.33.58:596][406]CompilerResultsLog:   Running UnrealHeaderTool "C:\Users\2siewj44\Desktop\Puzzle-Island-VGD\Puzzle_Island\Puzzle_Island.uproject" "C:\Users\2siewj44\Desktop\Puzzle-Island-VGD\Puzzle_Island\Intermediate\Build\Win64\Puzzle_IslandEditor\Development\Puzzle_IslandEditor.uhtmanifest" -LogCmds="loginit warning, logexit warning, logdatabase error" -Unattended -WarningsAsErrors -installed
[2017.11.24-13.33.58:596][406]CompilerResultsLog: Reflection code generated for Puzzle_IslandEditor in 11.2522735 seconds
[2017.11.24-13.33.58:596][406]CompilerResultsLog: Distributing 11 actions to XGE
[2017.11.24-13.33.58:596][406]CompilerResultsLog: --------------------Build System Warning---------------------------------------
[2017.11.24-13.33.58:596][406]CompilerResultsLog: License is invalid:
[2017.11.24-13.33.58:596][406]CompilerResultsLog:     License information is invalid. Please try reloading your license file using the Coordinator Monitor application on the Coordinator machine, or reinstall IncrediBuild.
[2017.11.24-13.33.58:596][406]CompilerResultsLog:     This build will run in standalone mode.
[2017.11.24-13.33.58:604][406]CompilerResultsLog: 
[2017.11.24-13.33.58:604][406]CompilerResultsLog: -------------------------------------------------------------------------------
[2017.11.24-13.33.58:604][406]CompilerResultsLog: --------------------Project: Default-------------------------------------------
[2017.11.24-13.33.58:604][406]CompilerResultsLog: SharedPCH.Engine.cpp (0:28.71 at +0:00)
[2017.11.24-13.33.58:604][406]CompilerResultsLog: Puzzle_Island.cpp (0:00.56 at +0:28)
[2017.11.24-13.33.58:604][406]CompilerResultsLog: Puzzle_IslandCharacter.cpp (0:01.03 at +0:29)
[2017.11.24-13.33.58:604][406]CompilerResultsLog: Puzzle_IslandGameMode.cpp (0:00.62 at +0:30)
[2017.11.24-13.33.58:604][406]CompilerResultsLog: Puzzle_Island.init.gen.cpp (0:00.39 at +0:31)
[2017.11.24-13.33.58:604][406]CompilerResultsLog: Puzzle_IslandCharacter.gen.cpp (0:00.64 at +0:31)
[2017.11.24-13.33.58:604][406]CompilerResultsLog: Puzzle_IslandGameMode.gen.cpp (0:00.56 at +0:32)
[2017.11.24-13.33.58:604][406]CompilerResultsLog: ModuleVersionResource.rc.inl (0:00.62 at +0:32)
[2017.11.24-13.33.58:604][406]CompilerResultsLog: PCLaunch.rc (0:00.11 at +0:33)
[2017.11.24-13.33.58:604][406]CompilerResultsLog: UE4Editor-Puzzle_Island-5390.dll (0:01.20 at +0:33)
[2017.11.24-13.33.58:604][406]CompilerResultsLog:    Creating library C:\Users\2siewj44\Desktop\Puzzle-Island-VGD\Puzzle_Island\Intermediate\Build\Win64\UE4Editor\Development\UE4Editor-Puzzle_Island-5390.suppressed.lib and object C:\Users\2siewj44\Desktop\Puzzle-Island-VGD\Puzzle_Island\Intermediate\Build\Win64\UE4Editor\Development\UE4Editor-Puzzle_Island-5390.suppressed.exp
[2017.11.24-13.33.58:604][406]CompilerResultsLog: UE4Editor-Puzzle_Island-5390.lib (0:00.10 at +0:34)
[2017.11.24-13.33.58:604][406]CompilerResultsLog:    Creating library C:\Users\2siewj44\Desktop\Puzzle-Island-VGD\Puzzle_Island\Intermediate\Build\Win64\UE4Editor\Development\UE4Editor-Puzzle_Island-5390.lib and object C:\Users\2siewj44\Desktop\Puzzle-Island-VGD\Puzzle_Island\Intermediate\Build\Win64\UE4Editor\Development\UE4Editor-Puzzle_Island-5390.exp
[2017.11.24-13.33.58:605][406]CompilerResultsLog: ---------------------- Done ----------------------
[2017.11.24-13.33.58:605][406]CompilerResultsLog: 
[2017.11.24-13.33.58:605][406]CompilerResultsLog:     Rebuild All: 1 succeeded, 0 failed, 0 skipped
[2017.11.24-13.33.58:605][406]CompilerResultsLog: 
[2017.11.24-13.33.58:605][406]CompilerResultsLog: 1 build system warning(s):
[2017.11.24-13.33.58:605][406]CompilerResultsLog:    - License is invalid
[2017.11.24-13.33.58:605][406]CompilerResultsLog: 
[2017.11.24-13.33.58:605][406]CompilerResultsLog: 
[2017.11.24-13.33.58:605][406]CompilerResultsLog: 
[2017.11.24-13.33.58:605][406]CompilerResultsLog: Total build time: 120.07 seconds (XGE executor: 35.68 seconds)
[2017.11.24-13.33.58:605][406]LogMainFrame: MainFrame: Module compiling took 120.642 seconds
[2017.11.24-13.33.58:773][406]LogLinker: Warning: Can't find file '/Game/Blueprints/ThirdPersonCharacter'
[2017.11.24-13.33.58:773][406]LogLinker: Warning: Can't find file '/Game/Blueprints/ThirdPersonCharacter'
[2017.11.24-13.33.58:773][406]LogUObjectGlobals: Warning: Failed to find object 'Class /Game/Blueprints/ThirdPersonCharacter.ThirdPersonCharacter_C'
[2017.11.24-13.33.58:773][406]Error: CDO Constructor (Puzzle_IslandGameMode): Failed to find /Game/Blueprints/ThirdPersonCharacter.ThirdPersonCharacter_C

[2017.11.24-13.33.58:773][406]LogHotReload: Re-instancing Puzzle_IslandGameMode after hot-reload.
[2017.11.24-13.33.59:034][406]LogContentBrowser: Native class hierarchy updated for 'Puzzle_Island' in 0.0072 seconds. Added 2 classes and 2 folders.
[2017.11.24-13.33.59:034][406]Warning: Some classes could not be reloaded:
Error: CDO Constructor (Puzzle_IslandGameMode): Failed to find /Game/Blueprints/ThirdPersonCharacter.ThirdPersonCharacter_C


[2017.11.24-13.33.59:037][406]Display: HotReload successful (0 functions remapped  0 scriptstructs remapped)
[2017.11.24-13.33.59:166][406]LogContentBrowser: Native class hierarchy populated in 0.0332 seconds. Added 2390 classes and 506 folders.
[2017.11.24-13.33.59:239][406]Display: HotReload took 121.3s.
[2017.11.24-13.34.03:073][730]LogTemp: Repeating last play command: Selected Viewport
[2017.11.24-13.34.03:109][730]LogBlueprintUserMessages: Early PlayInEditor Detection: Level '/Game/Maps/Puzzle_Island.Puzzle_Island:PersistentLevel' has LevelScriptBlueprint '/Game/Maps/Puzzle_Island.Puzzle_Island:PersistentLevel.Puzzle_Island' with GeneratedClass '/Game/Maps/Puzzle_Island.Puzzle_Island_C' with ClassGeneratedBy '/Game/Maps/Puzzle_Island.Puzzle_Island:PersistentLevel.Puzzle_Island'
[2017.11.24-13.34.03:109][730]LogPlayLevel: PlayLevel: No blueprints needed recompiling
[2017.11.24-13.34.03:110][730]PIE: New page: PIE session: Puzzle_Island (24 Nov 2017 13:34:03)
[2017.11.24-13.34.03:110][730]LogPlayLevel: Creating play world package: /Game/Maps/UEDPIE_0_Puzzle_Island
[2017.11.24-13.34.03:126][730]LogPlayLevel: PIE: StaticDuplicateObject took: (0.016389s)
[2017.11.24-13.34.03:127][730]LogAIModule: Creating AISystem for world Puzzle_Island
[2017.11.24-13.34.03:127][730]LogPlayLevel: PIE: World Init took: (0.001021s)
[2017.11.24-13.34.03:127][730]LogPlayLevel: PIE: Created PIE world by copying editor world from /Game/Maps/Puzzle_Island.Puzzle_Island to /Game/Maps/UEDPIE_0_Puzzle_Island.Puzzle_Island (0.017672s)
[2017.11.24-13.34.03:138][730]LogInit: XAudio2 using 'Realtek Digital Output (Realtek High Definition Audio)' : 2 channels at 48 kHz using 16 bits per sample (channel mask 0x3)
[2017.11.24-13.34.03:156][730]LogInit: FAudioDevice initialized.
[2017.11.24-13.34.03:189][730]LogLoad: Game class is 'Puzzle_IslandGameMode'
[2017.11.24-13.34.03:193][730]LogWorld: Bringing World /Game/Maps/UEDPIE_0_Puzzle_Island.Puzzle_Island up for play (max tick rate 0) at 2017.11.24-13.34.03
[2017.11.24-13.34.03:194][730]LogWorld: Bringing up level for play took: 0.003527
[2017.11.24-13.34.03:196][730]PIE: Play in editor start time for /Game/Maps/UEDPIE_0_Puzzle_Island 0.072
[2017.11.24-13.34.03:196][730]LogBlueprintUserMessages: Late PlayInEditor Detection: Level '/Game/Maps/Puzzle_Island.Puzzle_Island:PersistentLevel' has LevelScriptBlueprint '/Game/Maps/Puzzle_Island.Puzzle_Island:PersistentLevel.Puzzle_Island' with GeneratedClass '/Game/Maps/Puzzle_Island.Puzzle_Island_C' with ClassGeneratedBy '/Game/Maps/Puzzle_Island.Puzzle_Island:PersistentLevel.Puzzle_Island'
[2017.11.24-13.34.05:168][964]LogBlueprintUserMessages: Early EndPlayMap Detection: Level '/Game/Maps/Puzzle_Island.Puzzle_Island:PersistentLevel' has LevelScriptBlueprint '/Game/Maps/Puzzle_Island.Puzzle_Island:PersistentLevel.Puzzle_Island' with GeneratedClass '/Game/Maps/Puzzle_Island.Puzzle_Island_C' with ClassGeneratedBy '/Game/Maps/Puzzle_Island.Puzzle_Island:PersistentLevel.Puzzle_Island'
[2017.11.24-13.34.05:210][964]LogBlueprintUserMessages: Late EndPlayMap Detection: Level '/Game/Maps/Puzzle_Island.Puzzle_Island:PersistentLevel' has LevelScriptBlueprint '/Game/Maps/Puzzle_Island.Puzzle_Island:PersistentLevel.Puzzle_Island' with GeneratedClass '/Game/Maps/Puzzle_Island.Puzzle_Island_C' with ClassGeneratedBy '/Game/Maps/Puzzle_Island.Puzzle_Island:PersistentLevel.Puzzle_Island'
[2017.11.24-13.34.12:323][605]Cmd: EDIT CUT
[2017.11.24-13.34.12:401][605]LogEditorActor: Deleted Actor: BP_Sky_Sphere_C
[2017.11.24-13.34.12:438][605]LogEditorActor: Deleted 1 Actors (0.039 secs)
[2017.11.24-13.34.15:122][856]Cmd: TRANSACTION UNDO
[2017.11.24-13.34.15:122][856]LogEditorTransaction: Undo Cut
[2017.11.24-13.34.15:216][856]LogSlate: Took 0.000565 seconds to synchronously load lazily loaded font '../../../Engine/Content/Slate/Fonts/Roboto-Light.ttf' (159K)
[2017.11.24-13.34.18:656][129]Cmd: EDIT CUT
[2017.11.24-13.34.18:660][129]LogEditorActor: Deleted Actor: BP_Sky_Sphere_C
[2017.11.24-13.34.18:669][129]LogEditorActor: Deleted 1 Actors (0.010 secs)
[2017.11.24-13.34.20:531][305]Cmd: TRANSACTION UNDO
[2017.11.24-13.34.20:531][305]LogEditorTransaction: Undo Cut
[2017.11.24-13.34.23:082][505]LogMetaData: Removing '/Game/Blueprints/ThirdPersonCharacter.ThirdPersonCharacter_C' ref from Metadata '/Game/ThirdPersonCPP/Blueprints/ThirdPersonCharacter.PackageMetaData'
[2017.11.24-13.34.23:082][505]LogMetaData: Removing '/Game/Blueprints/ThirdPersonCharacter.ThirdPersonCharacter:EventGraph.K2Node_Event_0' ref from Metadata '/Game/ThirdPersonCPP/Blueprints/ThirdPersonCharacter.PackageMetaData'
[2017.11.24-13.34.23:082][505]LogMetaData: Removing '/Game/Blueprints/ThirdPersonCharacter.ThirdPersonCharacter:EventGraph.K2Node_Event_1' ref from Metadata '/Game/ThirdPersonCPP/Blueprints/ThirdPersonCharacter.PackageMetaData'
[2017.11.24-13.34.23:082][505]LogMetaData: Removing '/Game/Blueprints/ThirdPersonCharacter.ThirdPersonCharacter:EventGraph.K2Node_Event_2' ref from Metadata '/Game/ThirdPersonCPP/Blueprints/ThirdPersonCharacter.PackageMetaData'
[2017.11.24-13.34.23:082][505]LogMetaData: Removing '/Game/Blueprints/ThirdPersonCharacter.ThirdPersonCharacter:UserConstructionScript.K2Node_FunctionEntry_0' ref from Metadata '/Game/ThirdPersonCPP/Blueprints/ThirdPersonCharacter.PackageMetaData'
[2017.11.24-13.34.23:082][505]LogMetaData: Removing '/Game/Blueprints/ThirdPersonCharacter.ThirdPersonCharacter:Custom Tick.K2Node_FunctionEntry_35' ref from Metadata '/Game/ThirdPersonCPP/Blueprints/ThirdPersonCharacter.PackageMetaData'
[2017.11.24-13.34.23:082][505]LogMetaData: Removing '/Game/Blueprints/ThirdPersonCharacter.ThirdPersonCharacter:Custom EventOnLand.K2Node_FunctionEntry_48' ref from Metadata '/Game/ThirdPersonCPP/Blueprints/ThirdPersonCharacter.PackageMetaData'
[2017.11.24-13.34.23:082][505]LogMetaData: Removing '/Game/Blueprints/ThirdPersonCharacter.ThirdPersonCharacter:NewEventDispatcher_0.K2Node_FunctionEntry_50' ref from Metadata '/Game/ThirdPersonCPP/Blueprints/ThirdPersonCharacter.PackageMetaData'
[2017.11.24-13.34.23:082][505]LogMetaData: Removing '/Game/Blueprints/ThirdPersonCharacter.SKEL_ThirdPersonCharacter_C:ReceiveBeginPlay' ref from Metadata '/Game/ThirdPersonCPP/Blueprints/ThirdPersonCharacter.PackageMetaData'
[2017.11.24-13.34.23:082][505]LogMetaData: Removing '/Game/Blueprints/ThirdPersonCharacter.SKEL_ThirdPersonCharacter_C:ReceiveActorBeginOverlap' ref from Metadata '/Game/ThirdPersonCPP/Blueprints/ThirdPersonCharacter.PackageMetaData'
[2017.11.24-13.34.23:082][505]LogMetaData: Removing '/Game/Blueprints/ThirdPersonCharacter.SKEL_ThirdPersonCharacter_C:ReceiveTick' ref from Metadata '/Game/ThirdPersonCPP/Blueprints/ThirdPersonCharacter.PackageMetaData'
[2017.11.24-13.34.23:082][505]LogMetaData: Removing '/Game/Blueprints/ThirdPersonCharacter.SKEL_ThirdPersonCharacter_C:JumpCdAfterDash' ref from Metadata '/Game/ThirdPersonCPP/Blueprints/ThirdPersonCharacter.PackageMetaData'
[2017.11.24-13.34.23:082][505]LogMetaData: Removing '/Game/Blueprints/ThirdPersonCharacter.SKEL_ThirdPersonCharacter_C:JumpDelayAfterDash' ref from Metadata '/Game/ThirdPersonCPP/Blueprints/ThirdPersonCharacter.PackageMetaData'
[2017.11.24-13.34.23:082][505]LogMetaData: Removing '/Game/Blueprints/ThirdPersonCharacter.SKEL_ThirdPersonCharacter_C:NewEventDispatcher_0' ref from Metadata '/Game/ThirdPersonCPP/Blueprints/ThirdPersonCharacter.PackageMetaData'
[2017.11.24-13.34.23:082][505]LogMetaData: Removing '/Game/Blueprints/ThirdPersonCharacter.SKEL_ThirdPersonCharacter_C:IsDashing' ref from Metadata '/Game/ThirdPersonCPP/Blueprints/ThirdPersonCharacter.PackageMetaData'
[2017.11.24-13.34.23:083][505]LogMetaData: Removing '/Game/Blueprints/ThirdPersonCharacter.SKEL_ThirdPersonCharacter_C:DashVector' ref from Metadata '/Game/ThirdPersonCPP/Blueprints/ThirdPersonCharacter.PackageMetaData'
[2017.11.24-13.34.23:083][505]LogMetaData: Removing '/Game/Blueprints/ThirdPersonCharacter.SKEL_ThirdPersonCharacter_C:DashCooldown' ref from Metadata '/Game/ThirdPersonCPP/Blueprints/ThirdPersonCharacter.PackageMetaData'
[2017.11.24-13.34.23:083][505]LogMetaData: Removing '/Game/Blueprints/ThirdPersonCharacter.SKEL_ThirdPersonCharacter_C:DashDelay' ref from Metadata '/Game/ThirdPersonCPP/Blueprints/ThirdPersonCharacter.PackageMetaData'
[2017.11.24-13.34.23:083][505]LogMetaData: Removing '/Game/Blueprints/ThirdPersonCharacter.SKEL_ThirdPersonCharacter_C:CurrentTime' ref from Metadata '/Game/ThirdPersonCPP/Blueprints/ThirdPersonCharacter.PackageMetaData'
[2017.11.24-13.34.23:083][505]LogMetaData: Removing '/Game/Blueprints/ThirdPersonCharacter.SKEL_ThirdPersonCharacter_C:Custom EventOnLand' ref from Metadata '/Game/ThirdPersonCPP/Blueprints/ThirdPersonCharacter.PackageMetaData'
[2017.11.24-13.34.23:083][505]LogMetaData: Removing '/Game/Blueprints/ThirdPersonCharacter.SKEL_ThirdPersonCharacter_C:Custom Tick' ref from Metadata '/Game/ThirdPersonCPP/Blueprints/ThirdPersonCharacter.PackageMetaData'
[2017.11.24-13.34.23:083][505]LogMetaData: Removing '/Game/Blueprints/ThirdPersonCharacter.SKEL_ThirdPersonCharacter_C:UserConstructionScript' ref from Metadata '/Game/ThirdPersonCPP/Blueprints/ThirdPersonCharacter.PackageMetaData'
[2017.11.24-13.34.23:083][505]LogMetaData: Removing '/Game/Blueprints/ThirdPersonCharacter.SKEL_ThirdPersonCharacter_C' ref from Metadata '/Game/ThirdPersonCPP/Blueprints/ThirdPersonCharacter.PackageMetaData'
[2017.11.24-13.34.23:083][505]LogMetaData: Removing '/Game/Blueprints/ThirdPersonCharacter.ThirdPersonCharacter_C:JumpCdAfterDash' ref from Metadata '/Game/ThirdPersonCPP/Blueprints/ThirdPersonCharacter.PackageMetaData'
[2017.11.24-13.34.23:083][505]LogMetaData: Removing '/Game/Blueprints/ThirdPersonCharacter.ThirdPersonCharacter_C:JumpDelayAfterDash' ref from Metadata '/Game/ThirdPersonCPP/Blueprints/ThirdPersonCharacter.PackageMetaData'
[2017.11.24-13.34.23:083][505]LogMetaData: Removing '/Game/Blueprints/ThirdPersonCharacter.ThirdPersonCharacter_C:NewEventDispatcher_0' ref from Metadata '/Game/ThirdPersonCPP/Blueprints/ThirdPersonCharacter.PackageMetaData'
[2017.11.24-13.34.23:083][505]LogMetaData: Removing '/Game/Blueprints/ThirdPersonCharacter.ThirdPersonCharacter_C:IsDashing' ref from Metadata '/Game/ThirdPersonCPP/Blueprints/ThirdPersonCharacter.PackageMetaData'
[2017.11.24-13.34.23:083][505]LogMetaData: Removing '/Game/Blueprints/ThirdPersonCharacter.ThirdPersonCharacter_C:DashVector' ref from Metadata '/Game/ThirdPersonCPP/Blueprints/ThirdPersonCharacter.PackageMetaData'
[2017.11.24-13.34.23:083][505]LogMetaData: Removing '/Game/Blueprints/ThirdPersonCharacter.ThirdPersonCharacter_C:DashCooldown' ref from Metadata '/Game/ThirdPersonCPP/Blueprints/ThirdPersonCharacter.PackageMetaData'
[2017.11.24-13.34.23:083][505]LogMetaData: Removing '/Game/Blueprints/ThirdPersonCharacter.ThirdPersonCharacter_C:DashDelay' ref from Metadata '/Game/ThirdPersonCPP/Blueprints/ThirdPersonCharacter.PackageMetaData'
[2017.11.24-13.34.23:083][505]LogMetaData: Removing '/Game/Blueprints/ThirdPersonCharacter.ThirdPersonCharacter_C:CurrentTime' ref from Metadata '/Game/ThirdPersonCPP/Blueprints/ThirdPersonCharacter.PackageMetaData'
[2017.11.24-13.34.23:083][505]LogMetaData: Removing '/Game/Blueprints/ThirdPersonCharacter.ThirdPersonCharacter_C:Custom EventOnLand' ref from Metadata '/Game/ThirdPersonCPP/Blueprints/ThirdPersonCharacter.PackageMetaData'
[2017.11.24-13.34.23:083][505]LogMetaData: Removing '/Game/Blueprints/ThirdPersonCharacter.ThirdPersonCharacter_C:Custom Tick' ref from Metadata '/Game/ThirdPersonCPP/Blueprints/ThirdPersonCharacter.PackageMetaData'
[2017.11.24-13.34.23:083][505]LogMetaData: Removing '/Game/Blueprints/ThirdPersonCharacter.ThirdPersonCharacter_C:ReceiveBeginPlay' ref from Metadata '/Game/ThirdPersonCPP/Blueprints/ThirdPersonCharacter.PackageMetaData'
[2017.11.24-13.34.23:083][505]LogMetaData: Removing '/Game/Blueprints/ThirdPersonCharacter.ThirdPersonCharacter_C:ReceiveTick' ref from Metadata '/Game/ThirdPersonCPP/Blueprints/ThirdPersonCharacter.PackageMetaData'
[2017.11.24-13.34.23:083][505]LogMetaData: Removing '/Game/Blueprints/ThirdPersonCharacter.ThirdPersonCharacter_C:UserConstructionScript' ref from Metadata '/Game/ThirdPersonCPP/Blueprints/ThirdPersonCharacter.PackageMetaData'
[2017.11.24-13.34.23:083][505]LogMetaData: Removing '/Game/Blueprints/ThirdPersonCharacter.ThirdPersonCharacter_C:ExecuteUbergraph_ThirdPersonCharacter' ref from Metadata '/Game/ThirdPersonCPP/Blueprints/ThirdPersonCharacter.PackageMetaData'
[2017.11.24-13.34.23:218][505]LogSavePackage: Save=101.01ms
[2017.11.24-13.34.23:218][505]LogSavePackage: Moving '../../../../../../Users/2siewj44/Desktop/Puzzle-Island-VGD/Puzzle_Island/Saved/ThirdPersonCharacter467734964DFF006889F803837A9496C9.tmp' to '../../../../../../Users/2siewj44/Desktop/Puzzle-Island-VGD/Puzzle_Island/Content/Blueprints/ThirdPersonCharacter.uasset'
[2017.11.24-13.34.23:223][505]LogSavePackage: Display: Finished SavePackage ../../../../../../Users/2siewj44/Desktop/Puzzle-Island-VGD/Puzzle_Island/Content/Blueprints/ThirdPersonCharacter.uasset
[2017.11.24-13.34.24:861][650]LogTemp: Repeating last play command: Selected Viewport
[2017.11.24-13.34.24:897][650]LogBlueprintUserMessages: Early PlayInEditor Detection: Level '/Game/Maps/Puzzle_Island.Puzzle_Island:PersistentLevel' has LevelScriptBlueprint '/Game/Maps/Puzzle_Island.Puzzle_Island:PersistentLevel.Puzzle_Island' with GeneratedClass '/Game/Maps/Puzzle_Island.Puzzle_Island_C' with ClassGeneratedBy '/Game/Maps/Puzzle_Island.Puzzle_Island:PersistentLevel.Puzzle_Island'
[2017.11.24-13.34.24:897][650]LogPlayLevel: PlayLevel: No blueprints needed recompiling
[2017.11.24-13.34.24:897][650]PIE: New page: PIE session: Puzzle_Island (24 Nov 2017 13:34:24)
[2017.11.24-13.34.24:898][650]LogPlayLevel: Creating play world package: /Game/Maps/UEDPIE_0_Puzzle_Island
[2017.11.24-13.34.24:913][650]LogPlayLevel: PIE: StaticDuplicateObject took: (0.015196s)
[2017.11.24-13.34.24:914][650]LogAIModule: Creating AISystem for world Puzzle_Island
[2017.11.24-13.34.24:914][650]LogPlayLevel: PIE: World Init took: (0.000887s)
[2017.11.24-13.34.24:914][650]LogPlayLevel: PIE: Created PIE world by copying editor world from /Game/Maps/Puzzle_Island.Puzzle_Island to /Game/Maps/UEDPIE_0_Puzzle_Island.Puzzle_Island (0.016334s)
[2017.11.24-13.34.24:927][650]LogInit: XAudio2 using 'Realtek Digital Output (Realtek High Definition Audio)' : 2 channels at 48 kHz using 16 bits per sample (channel mask 0x3)
[2017.11.24-13.34.24:947][650]LogInit: FAudioDevice initialized.
[2017.11.24-13.34.24:979][650]LogLoad: Game class is 'Puzzle_IslandGameMode'
[2017.11.24-13.34.24:983][650]LogWorld: Bringing World /Game/Maps/UEDPIE_0_Puzzle_Island.Puzzle_Island up for play (max tick rate 0) at 2017.11.24-13.34.24
[2017.11.24-13.34.24:983][650]LogWorld: Bringing up level for play took: 0.003616
[2017.11.24-13.34.24:985][650]PIE: Play in editor start time for /Game/Maps/UEDPIE_0_Puzzle_Island -0.14
[2017.11.24-13.34.24:985][650]LogBlueprintUserMessages: Late PlayInEditor Detection: Level '/Game/Maps/Puzzle_Island.Puzzle_Island:PersistentLevel' has LevelScriptBlueprint '/Game/Maps/Puzzle_Island.Puzzle_Island:PersistentLevel.Puzzle_Island' with GeneratedClass '/Game/Maps/Puzzle_Island.Puzzle_Island_C' with ClassGeneratedBy '/Game/Maps/Puzzle_Island.Puzzle_Island:PersistentLevel.Puzzle_Island'
[2017.11.24-13.34.27:633][966]LogBlueprintUserMessages: Early EndPlayMap Detection: Level '/Game/Maps/Puzzle_Island.Puzzle_Island:PersistentLevel' has LevelScriptBlueprint '/Game/Maps/Puzzle_Island.Puzzle_Island:PersistentLevel.Puzzle_Island' with GeneratedClass '/Game/Maps/Puzzle_Island.Puzzle_Island_C' with ClassGeneratedBy '/Game/Maps/Puzzle_Island.Puzzle_Island:PersistentLevel.Puzzle_Island'
[2017.11.24-13.34.27:681][966]LogBlueprintUserMessages: Late EndPlayMap Detection: Level '/Game/Maps/Puzzle_Island.Puzzle_Island:PersistentLevel' has LevelScriptBlueprint '/Game/Maps/Puzzle_Island.Puzzle_Island:PersistentLevel.Puzzle_Island' with GeneratedClass '/Game/Maps/Puzzle_Island.Puzzle_Island_C' with ClassGeneratedBy '/Game/Maps/Puzzle_Island.Puzzle_Island:PersistentLevel.Puzzle_Island'
[2017.11.24-13.34.31:535][310]LogSavePackage: Save=284.98ms
[2017.11.24-13.34.31:535][310]LogSavePackage: Moving '../../../../../../Users/2siewj44/Desktop/Puzzle-Island-VGD/Puzzle_Island/Saved/Puzzle_IslandB68AD3384DDD06FBA51646A2D705AA11.tmp' to '../../../../../../Users/2siewj44/Desktop/Puzzle-Island-VGD/Puzzle_Island/Content/Maps/Puzzle_Island.umap'
[2017.11.24-13.34.31:538][310]LogSavePackage: Display: Finished SavePackage ../../../../../../Users/2siewj44/Desktop/Puzzle-Island-VGD/Puzzle_Island/Content/Maps/Puzzle_Island.umap
[2017.11.24-13.34.33:217][440]LogTemp: Repeating last play command: Selected Viewport
[2017.11.24-13.34.33:252][440]LogBlueprintUserMessages: Early PlayInEditor Detection: Level '/Game/Maps/Puzzle_Island.Puzzle_Island:PersistentLevel' has LevelScriptBlueprint '/Game/Maps/Puzzle_Island.Puzzle_Island:PersistentLevel.Puzzle_Island' with GeneratedClass '/Game/Maps/Puzzle_Island.Puzzle_Island_C' with ClassGeneratedBy '/Game/Maps/Puzzle_Island.Puzzle_Island:PersistentLevel.Puzzle_Island'
[2017.11.24-13.34.33:252][440]LogPlayLevel: PlayLevel: No blueprints needed recompiling
[2017.11.24-13.34.33:252][440]PIE: New page: PIE session: Puzzle_Island (24 Nov 2017 13:34:33)
[2017.11.24-13.34.33:252][440]LogPlayLevel: Creating play world package: /Game/Maps/UEDPIE_0_Puzzle_Island
[2017.11.24-13.34.33:267][440]LogPlayLevel: PIE: StaticDuplicateObject took: (0.015192s)
[2017.11.24-13.34.33:268][440]LogAIModule: Creating AISystem for world Puzzle_Island
[2017.11.24-13.34.33:268][440]LogPlayLevel: PIE: World Init took: (0.000896s)
[2017.11.24-13.34.33:268][440]LogPlayLevel: PIE: Created PIE world by copying editor world from /Game/Maps/Puzzle_Island.Puzzle_Island to /Game/Maps/UEDPIE_0_Puzzle_Island.Puzzle_Island (0.016354s)
[2017.11.24-13.34.33:280][440]LogInit: XAudio2 using 'Realtek Digital Output (Realtek High Definition Audio)' : 2 channels at 48 kHz using 16 bits per sample (channel mask 0x3)
[2017.11.24-13.34.33:297][440]LogInit: FAudioDevice initialized.
[2017.11.24-13.34.33:330][440]LogLoad: Game class is 'Puzzle_IslandGameMode'
[2017.11.24-13.34.33:334][440]LogWorld: Bringing World /Game/Maps/UEDPIE_0_Puzzle_Island.Puzzle_Island up for play (max tick rate 0) at 2017.11.24-13.34.33
[2017.11.24-13.34.33:334][440]LogWorld: Bringing up level for play took: 0.003742
[2017.11.24-13.34.33:336][440]PIE: Play in editor start time for /Game/Maps/UEDPIE_0_Puzzle_Island 0.21
[2017.11.24-13.34.33:336][440]LogBlueprintUserMessages: Late PlayInEditor Detection: Level '/Game/Maps/Puzzle_Island.Puzzle_Island:PersistentLevel' has LevelScriptBlueprint '/Game/Maps/Puzzle_Island.Puzzle_Island:PersistentLevel.Puzzle_Island' with GeneratedClass '/Game/Maps/Puzzle_Island.Puzzle_Island_C' with ClassGeneratedBy '/Game/Maps/Puzzle_Island.Puzzle_Island:PersistentLevel.Puzzle_Island'
[2017.11.24-13.34.34:384][563]LogBlueprintUserMessages: Early EndPlayMap Detection: Level '/Game/Maps/Puzzle_Island.Puzzle_Island:PersistentLevel' has LevelScriptBlueprint '/Game/Maps/Puzzle_Island.Puzzle_Island:PersistentLevel.Puzzle_Island' with GeneratedClass '/Game/Maps/Puzzle_Island.Puzzle_Island_C' with ClassGeneratedBy '/Game/Maps/Puzzle_Island.Puzzle_Island:PersistentLevel.Puzzle_Island'
[2017.11.24-13.34.34:430][563]LogBlueprintUserMessages: Late EndPlayMap Detection: Level '/Game/Maps/Puzzle_Island.Puzzle_Island:PersistentLevel' has LevelScriptBlueprint '/Game/Maps/Puzzle_Island.Puzzle_Island:PersistentLevel.Puzzle_Island' with GeneratedClass '/Game/Maps/Puzzle_Island.Puzzle_Island_C' with ClassGeneratedBy '/Game/Maps/Puzzle_Island.Puzzle_Island:PersistentLevel.Puzzle_Island'
[2017.11.24-13.34.36:582][764]LogVSAccessor: Warning: Couldn't access Visual Studio
[2017.11.24-13.34.36:585][764]Candidate modules for hot reload:
[2017.11.24-13.34.36:585][764]  Puzzle_Island
[2017.11.24-13.34.36:585][764]Launching UnrealBuildTool... [C:/Program Files/Epic Games/UE_4.17/Engine/Binaries/DotNET/UnrealBuildTool.exe Puzzle_Island -ModuleWithSuffix Puzzle_Island 1092 Win64 Development -editorrecompile -canskiplink "C:/Users/2siewj44/Desktop/Puzzle-Island-VGD/Puzzle_Island/Puzzle_Island.uproject" ]
[2017.11.24-13.34.36:588][764]Warning: Starting HotReload took  0.0s.
[2017.11.24-13.34.46:561][701]CompilerResultsLog: New page: Compilation - 24 Nov 2017 13:34:46
[2017.11.24-13.34.46:562][701]CompilerResultsLog: Compiling game modules for hot reload
[2017.11.24-13.34.46:562][701]CompilerResultsLog: Target is up to date
[2017.11.24-13.34.46:562][701]CompilerResultsLog: Total build time: 9.60 seconds (NoActionsToExecute executor: 0.00 seconds)
[2017.11.24-13.34.46:562][701]LogMainFrame: MainFrame: Module compiling took 9.979 seconds
[2017.11.24-13.34.46:585][701]LogContentBrowser: Native class hierarchy populated in 0.0122 seconds. Added 2390 classes and 506 folders.
[2017.11.24-13.34.46:585][701]Display: HotReload took 10.0s.
[2017.11.24-13.34.50:224][ 72]LogTemp: Repeating last play command: Selected Viewport
[2017.11.24-13.34.50:261][ 72]LogBlueprintUserMessages: Early PlayInEditor Detection: Level '/Game/Maps/Puzzle_Island.Puzzle_Island:PersistentLevel' has LevelScriptBlueprint '/Game/Maps/Puzzle_Island.Puzzle_Island:PersistentLevel.Puzzle_Island' with GeneratedClass '/Game/Maps/Puzzle_Island.Puzzle_Island_C' with ClassGeneratedBy '/Game/Maps/Puzzle_Island.Puzzle_Island:PersistentLevel.Puzzle_Island'
[2017.11.24-13.34.50:262][ 72]LogPlayLevel: PlayLevel: No blueprints needed recompiling
[2017.11.24-13.34.50:262][ 72]PIE: New page: PIE session: Puzzle_Island (24 Nov 2017 13:34:50)
[2017.11.24-13.34.50:262][ 72]LogPlayLevel: Creating play world package: /Game/Maps/UEDPIE_0_Puzzle_Island
[2017.11.24-13.34.50:290][ 72]LogPlayLevel: PIE: StaticDuplicateObject took: (0.028389s)
[2017.11.24-13.34.50:291][ 72]LogAIModule: Creating AISystem for world Puzzle_Island
[2017.11.24-13.34.50:291][ 72]LogPlayLevel: PIE: World Init took: (0.000962s)
[2017.11.24-13.34.50:292][ 72]LogPlayLevel: PIE: Created PIE world by copying editor world from /Game/Maps/Puzzle_Island.Puzzle_Island to /Game/Maps/UEDPIE_0_Puzzle_Island.Puzzle_Island (0.029680s)
[2017.11.24-13.34.50:303][ 72]LogInit: XAudio2 using 'Realtek Digital Output (Realtek High Definition Audio)' : 2 channels at 48 kHz using 16 bits per sample (channel mask 0x3)
[2017.11.24-13.34.50:323][ 72]LogInit: FAudioDevice initialized.
[2017.11.24-13.34.50:353][ 72]LogLoad: Game class is 'Puzzle_IslandGameMode'
[2017.11.24-13.34.50:357][ 72]LogWorld: Bringing World /Game/Maps/UEDPIE_0_Puzzle_Island.Puzzle_Island up for play (max tick rate 0) at 2017.11.24-13.34.50
[2017.11.24-13.34.50:357][ 72]LogWorld: Bringing up level for play took: 0.003676
[2017.11.24-13.34.50:359][ 72]PIE: Play in editor start time for /Game/Maps/UEDPIE_0_Puzzle_Island -0.767
[2017.11.24-13.34.50:359][ 72]LogBlueprintUserMessages: Late PlayInEditor Detection: Level '/Game/Maps/Puzzle_Island.Puzzle_Island:PersistentLevel' has LevelScriptBlueprint '/Game/Maps/Puzzle_Island.Puzzle_Island:PersistentLevel.Puzzle_Island' with GeneratedClass '/Game/Maps/Puzzle_Island.Puzzle_Island_C' with ClassGeneratedBy '/Game/Maps/Puzzle_Island.Puzzle_Island:PersistentLevel.Puzzle_Island'
[2017.11.24-13.34.52:647][343]LogBlueprintUserMessages: Early EndPlayMap Detection: Level '/Game/Maps/Puzzle_Island.Puzzle_Island:PersistentLevel' has LevelScriptBlueprint '/Game/Maps/Puzzle_Island.Puzzle_Island:PersistentLevel.Puzzle_Island' with GeneratedClass '/Game/Maps/Puzzle_Island.Puzzle_Island_C' with ClassGeneratedBy '/Game/Maps/Puzzle_Island.Puzzle_Island:PersistentLevel.Puzzle_Island'
[2017.11.24-13.34.52:686][343]LogBlueprintUserMessages: Late EndPlayMap Detection: Level '/Game/Maps/Puzzle_Island.Puzzle_Island:PersistentLevel' has LevelScriptBlueprint '/Game/Maps/Puzzle_Island.Puzzle_Island:PersistentLevel.Puzzle_Island' with GeneratedClass '/Game/Maps/Puzzle_Island.Puzzle_Island_C' with ClassGeneratedBy '/Game/Maps/Puzzle_Island.Puzzle_Island:PersistentLevel.Puzzle_Island'
[2017.11.24-13.35.10:251][451]LogVSAccessor: Warning: Couldn't goto line number '0' in 'C:/Users/2siewj44/Desktop/Puzzle-Island-VGD/Puzzle_Island/Source/Puzzle_Island/Puzzle_IslandGameMode.h'
[2017.11.24-13.35.10:300][451]LogVSAccessor: Warning: Couldn't goto line number '0' in 'C:/Users/2siewj44/Desktop/Puzzle-Island-VGD/Puzzle_Island/Source/Puzzle_Island/Puzzle_IslandGameMode.cpp'
[2017.11.24-13.35.46:220][813]Candidate modules for hot reload:
[2017.11.24-13.35.46:220][813]  Puzzle_Island
[2017.11.24-13.35.46:220][813]Launching UnrealBuildTool... [C:/Program Files/Epic Games/UE_4.17/Engine/Binaries/DotNET/UnrealBuildTool.exe Puzzle_Island -ModuleWithSuffix Puzzle_Island 2310 Win64 Development -editorrecompile -canskiplink "C:/Users/2siewj44/Desktop/Puzzle-Island-VGD/Puzzle_Island/Puzzle_Island.uproject" ]
[2017.11.24-13.35.46:222][813]Warning: Starting HotReload took  0.0s.
[2017.11.24-13.35.54:261][500]CompilerResultsLog: New page: Compilation - 24 Nov 2017 13:35:54
[2017.11.24-13.35.54:261][500]CompilerResultsLog: Compiling game modules for hot reload
[2017.11.24-13.35.54:261][500]CompilerResultsLog: Target is up to date
[2017.11.24-13.35.54:261][500]CompilerResultsLog: Total build time: 7.82 seconds (NoActionsToExecute executor: 0.00 seconds)
[2017.11.24-13.35.54:261][500]LogMainFrame: MainFrame: Module compiling took 8.044 seconds
[2017.11.24-13.35.54:286][500]LogContentBrowser: Native class hierarchy populated in 0.0130 seconds. Added 2390 classes and 506 folders.
[2017.11.24-13.35.54:286][500]Display: HotReload took  8.1s.
[2017.11.24-13.35.55:729][641]LogTemp: Repeating last play command: Selected Viewport
[2017.11.24-13.35.55:765][641]LogBlueprintUserMessages: Early PlayInEditor Detection: Level '/Game/Maps/Puzzle_Island.Puzzle_Island:PersistentLevel' has LevelScriptBlueprint '/Game/Maps/Puzzle_Island.Puzzle_Island:PersistentLevel.Puzzle_Island' with GeneratedClass '/Game/Maps/Puzzle_Island.Puzzle_Island_C' with ClassGeneratedBy '/Game/Maps/Puzzle_Island.Puzzle_Island:PersistentLevel.Puzzle_Island'
[2017.11.24-13.35.55:765][641]LogPlayLevel: PlayLevel: No blueprints needed recompiling
[2017.11.24-13.35.55:765][641]PIE: New page: PIE session: Puzzle_Island (24 Nov 2017 13:35:55)
[2017.11.24-13.35.55:765][641]LogPlayLevel: Creating play world package: /Game/Maps/UEDPIE_0_Puzzle_Island
[2017.11.24-13.35.55:781][641]LogPlayLevel: PIE: StaticDuplicateObject took: (0.015669s)
[2017.11.24-13.35.55:782][641]LogAIModule: Creating AISystem for world Puzzle_Island
[2017.11.24-13.35.55:782][641]LogPlayLevel: PIE: World Init took: (0.000848s)
[2017.11.24-13.35.55:782][641]LogPlayLevel: PIE: Created PIE world by copying editor world from /Game/Maps/Puzzle_Island.Puzzle_Island to /Game/Maps/UEDPIE_0_Puzzle_Island.Puzzle_Island (0.016796s)
[2017.11.24-13.35.55:794][641]LogInit: XAudio2 using 'Realtek Digital Output (Realtek High Definition Audio)' : 2 channels at 48 kHz using 16 bits per sample (channel mask 0x3)
[2017.11.24-13.35.55:811][641]LogInit: FAudioDevice initialized.
[2017.11.24-13.35.55:848][641]LogLoad: Game class is 'Puzzle_IslandGameMode'
[2017.11.24-13.35.55:857][641]LogWorld: Bringing World /Game/Maps/UEDPIE_0_Puzzle_Island.Puzzle_Island up for play (max tick rate 0) at 2017.11.24-13.35.55
[2017.11.24-13.35.55:857][641]LogWorld: Bringing up level for play took: 0.007735
[2017.11.24-13.35.55:860][641]PIE: Play in editor start time for /Game/Maps/UEDPIE_0_Puzzle_Island 0.731
[2017.11.24-13.35.55:861][641]LogBlueprintUserMessages: Late PlayInEditor Detection: Level '/Game/Maps/Puzzle_Island.Puzzle_Island:PersistentLevel' has LevelScriptBlueprint '/Game/Maps/Puzzle_Island.Puzzle_Island:PersistentLevel.Puzzle_Island' with GeneratedClass '/Game/Maps/Puzzle_Island.Puzzle_Island_C' with ClassGeneratedBy '/Game/Maps/Puzzle_Island.Puzzle_Island:PersistentLevel.Puzzle_Island'
[2017.11.24-13.35.58:682][976]LogBlueprintUserMessages: Early EndPlayMap Detection: Level '/Game/Maps/Puzzle_Island.Puzzle_Island:PersistentLevel' has LevelScriptBlueprint '/Game/Maps/Puzzle_Island.Puzzle_Island:PersistentLevel.Puzzle_Island' with GeneratedClass '/Game/Maps/Puzzle_Island.Puzzle_Island_C' with ClassGeneratedBy '/Game/Maps/Puzzle_Island.Puzzle_Island:PersistentLevel.Puzzle_Island'
[2017.11.24-13.35.58:723][976]LogBlueprintUserMessages: Late EndPlayMap Detection: Level '/Game/Maps/Puzzle_Island.Puzzle_Island:PersistentLevel' has LevelScriptBlueprint '/Game/Maps/Puzzle_Island.Puzzle_Island:PersistentLevel.Puzzle_Island' with GeneratedClass '/Game/Maps/Puzzle_Island.Puzzle_Island_C' with ClassGeneratedBy '/Game/Maps/Puzzle_Island.Puzzle_Island:PersistentLevel.Puzzle_Island'
[2017.11.24-13.36.18:862][379]LogWindowsTextInputMethodSystem: Display: IME system now deactivated.
[2017.11.24-13.36.19:089][380]Cmd: QUIT_EDITOR
[2017.11.24-13.36.19:206][380]LogExit: Preparing to exit.
[2017.11.24-13.36.19:633][380]LogDirectoryWatcher: A directory notification for 'C:/Users/2siewj44/Desktop/Puzzle-Island-VGD/Puzzle_Island/Content/' was aborted.
[2017.11.24-13.36.19:680][380]LogExit: Editor shut down
[2017.11.24-13.36.19:691][380]LogExit: Transaction tracking system shut down
[2017.11.24-13.36.19:900][380]LogDirectoryWatcher: A directory notification for '../../../Engine/Content/' was aborted.
[2017.11.24-13.36.19:900][380]LogDirectoryWatcher: A directory notification for '../../../../../../Users/2siewj44/Desktop/Puzzle-Island-VGD/Puzzle_Island/Content/' was aborted.
[2017.11.24-13.36.19:900][380]LogDirectoryWatcher: A directory notification for '../../../Engine/Plugins/2D/Paper2D/Content/' was aborted.
[2017.11.24-13.36.19:901][380]LogDirectoryWatcher: A directory notification for '../../../Engine/Plugins/Runtime/Oculus/OculusVR/Content/' was aborted.
[2017.11.24-13.36.19:901][380]LogDirectoryWatcher: A directory notification for '../../../Engine/Plugins/Runtime/Steam/SteamVR/Content/' was aborted.
[2017.11.24-13.36.19:975][380]LogExit: Object subsystem successfully closed.
[2017.11.24-13.36.20:003][380]LogD3D11RHI: Shutdown
[2017.11.24-13.36.20:004][380]LogD3D11RHI: CleanupD3DDevice
[2017.11.24-13.36.20:130][380]LogD3D11RHI: ~FD3D11DynamicRHI
[2017.11.24-13.36.20:176][380]LogModuleManager: Shutting down and abandoning module Puzzle_Island (535)
[2017.11.24-13.36.20:176][380]LogModuleManager: Shutting down and abandoning module MovieSceneCapture (534)
[2017.11.24-13.36.20:177][380]LogModuleManager: Shutting down and abandoning module HierarchicalLODOutliner (532)
[2017.11.24-13.36.20:177][380]LogModuleManager: Shutting down and abandoning module SceneOutliner (530)
[2017.11.24-13.36.20:177][380]LogModuleManager: Shutting down and abandoning module AddContentDialog (528)
[2017.11.24-13.36.20:177][380]LogDirectoryWatcher: A directory notification for 'C:/Program Files/Epic Games/UE_4.17/FeaturePacks/' was aborted.
[2017.11.24-13.36.20:178][380]LogModuleManager: Shutting down and abandoning module WidgetCarousel (527)
[2017.11.24-13.36.20:178][380]LogModuleManager: Shutting down and abandoning module EditorWidgets (524)
[2017.11.24-13.36.20:178][380]LogModuleManager: Shutting down and abandoning module CollectionManager (522)
[2017.11.24-13.36.20:178][380]LogDirectoryWatcher: A directory notification for 'C:/Users/2siewj44/Desktop/Puzzle-Island-VGD/Puzzle_Island/Content/Collections/' was aborted.
[2017.11.24-13.36.20:178][380]LogDirectoryWatcher: A directory notification for 'C:/Users/2siewj44/Desktop/Puzzle-Island-VGD/Puzzle_Island/Content/Developers/2siewj44/Collections/' was aborted.
[2017.11.24-13.36.20:178][380]LogDirectoryWatcher: A directory notification for 'C:/Users/2siewj44/Desktop/Puzzle-Island-VGD/Puzzle_Island/Saved/Collections/' was aborted.
[2017.11.24-13.36.20:178][380]LogModuleManager: Shutting down and abandoning module StatsViewer (520)
[2017.11.24-13.36.20:178][380]LogModuleManager: Shutting down and abandoning module FoliageEdit (518)
[2017.11.24-13.36.20:178][380]LogModuleManager: Shutting down and abandoning module LandscapeEditor (516)
[2017.11.24-13.36.20:178][380]LogModuleManager: Shutting down and abandoning module MeshPaintMode (514)
[2017.11.24-13.36.20:178][380]LogModuleManager: Shutting down and abandoning module SceneDepthPickerMode (512)
[2017.11.24-13.36.20:178][380]LogModuleManager: Shutting down and abandoning module ActorPickerMode (510)
[2017.11.24-13.36.20:178][380]LogModuleManager: Shutting down and abandoning module GeometryMode (508)
[2017.11.24-13.36.20:178][380]LogModuleManager: Shutting down and abandoning module TextureAlignMode (506)
[2017.11.24-13.36.20:178][380]LogModuleManager: Shutting down and abandoning module BspMode (504)
[2017.11.24-13.36.20:178][380]LogModuleManager: Shutting down and abandoning module PIEPreviewDeviceProfileSelector (502)
[2017.11.24-13.36.20:178][380]LogModuleManager: Shutting down and abandoning module HardwareSurvey (500)
[2017.11.24-13.36.20:178][380]LogModuleManager: Shutting down and abandoning module SequenceRecorderSections (498)
[2017.11.24-13.36.20:178][380]LogModuleManager: Shutting down and abandoning module AutomationWorker (496)
[2017.11.24-13.36.20:178][380]LogModuleManager: Shutting down and abandoning module MatineeToLevelSequence (494)
[2017.11.24-13.36.20:178][380]LogModuleManager: Shutting down and abandoning module LevelSequenceEditor (492)
[2017.11.24-13.36.20:179][380]LogModuleManager: Shutting down and abandoning module PlacementMode (491)
[2017.11.24-13.36.20:179][380]LogModuleManager: Shutting down and abandoning module WmfMediaFactory (488)
[2017.11.24-13.36.20:179][380]LogModuleManager: Shutting down and abandoning module WmfMediaEditor (486)
[2017.11.24-13.36.20:179][380]LogModuleManager: Shutting down and abandoning module AvfMediaFactory (484)
[2017.11.24-13.36.20:179][380]LogModuleManager: Shutting down and abandoning module AvfMediaEditor (482)
[2017.11.24-13.36.20:179][380]LogModuleManager: Shutting down and abandoning module AndroidMediaFactory (480)
[2017.11.24-13.36.20:179][380]LogModuleManager: Shutting down and abandoning module Media (479)
[2017.11.24-13.36.20:179][380]LogModuleManager: Shutting down and abandoning module AndroidMediaEditor (476)
[2017.11.24-13.36.20:179][380]LogModuleManager: Shutting down and abandoning module CharacterAI (474)
[2017.11.24-13.36.20:179][380]LogModuleManager: Shutting down and abandoning module AudioCapture (472)
[2017.11.24-13.36.20:179][380]LogModuleManager: Shutting down and abandoning module SequenceRecorder (471)
[2017.11.24-13.36.20:179][380]LogModuleManager: Shutting down and abandoning module SmartSnapping (468)
[2017.11.24-13.36.20:179][380]LogModuleManager: Shutting down and abandoning module SessionServices (466)
[2017.11.24-13.36.20:179][380]LogModuleManager: Shutting down and abandoning module ViewportSnapping (464)
[2017.11.24-13.36.20:179][380]LogModuleManager: Shutting down and abandoning module ViewportInteraction (462)
[2017.11.24-13.36.20:179][380]LogModuleManager: Shutting down and abandoning module ClothPainter (460)
[2017.11.24-13.36.20:179][380]LogModuleManager: Shutting down and abandoning module LogVisualizer (458)
[2017.11.24-13.36.20:179][380]LogModuleManager: Shutting down and abandoning module IntroTutorials (456)
[2017.11.24-13.36.20:179][380]LogModuleManager: Shutting down and abandoning module GameProjectGeneration (455)
[2017.11.24-13.36.20:179][380]LogModuleManager: Shutting down and abandoning module IOSPlatformEditor (452)
[2017.11.24-13.36.20:179][380]LogModuleManager: Shutting down and abandoning module HTML5PlatformEditor (450)
[2017.11.24-13.36.20:179][380]LogModuleManager: Shutting down and abandoning module AndroidPlatformEditor (448)
[2017.11.24-13.36.20:179][380]LogModuleManager: Shutting down and abandoning module AndroidDeviceDetection (447)
[2017.11.24-13.36.21:127][380]LogModuleManager: Shutting down and abandoning module WindowsPlatformEditor (444)
[2017.11.24-13.36.21:127][380]LogModuleManager: Shutting down and abandoning module IOSRuntimeSettings (442)
[2017.11.24-13.36.21:127][380]LogModuleManager: Shutting down and abandoning module AndroidRuntimeSettings (440)
[2017.11.24-13.36.21:127][380]LogModuleManager: Shutting down and abandoning module InputBindingEditor (438)
[2017.11.24-13.36.21:127][380]LogModuleManager: Shutting down and abandoning module MergeActors (436)
[2017.11.24-13.36.21:127][380]LogModuleManager: Shutting down and abandoning module SizeMap (434)
[2017.11.24-13.36.21:127][380]LogModuleManager: Shutting down and abandoning module TreeMap (432)
[2017.11.24-13.36.21:128][380]LogModuleManager: Shutting down and abandoning module ReferenceViewer (430)
[2017.11.24-13.36.21:128][380]LogModuleManager: Shutting down and abandoning module LocalizationDashboard (428)
[2017.11.24-13.36.21:128][380]LogModuleManager: Shutting down and abandoning module LocalizationService (427)
[2017.11.24-13.36.21:128][380]LogModuleManager: Shutting down and abandoning module HardwareTargeting (424)
[2017.11.24-13.36.21:128][380]LogModuleManager: Shutting down and abandoning module DeviceProfileEditor (422)
[2017.11.24-13.36.21:128][380]LogModuleManager: Shutting down and abandoning module UndoHistory (420)
[2017.11.24-13.36.21:128][380]LogModuleManager: Shutting down and abandoning module XmlParser (418)
[2017.11.24-13.36.21:128][380]LogModuleManager: Shutting down and abandoning module Blutility (416)
[2017.11.24-13.36.21:128][380]LogModuleManager: Shutting down and abandoning module ProjectSettingsViewer (414)
[2017.11.24-13.36.21:128][380]LogModuleManager: Shutting down and abandoning module ProjectTargetPlatformEditor (413)
[2017.11.24-13.36.21:129][380]LogModuleManager: Shutting down and abandoning module EditorSettingsViewer (410)
[2017.11.24-13.36.21:129][380]LogModuleManager: Shutting down and abandoning module SettingsEditor (408)
[2017.11.24-13.36.21:129][380]LogModuleManager: Shutting down and abandoning module ProjectLauncher (406)
[2017.11.24-13.36.21:129][380]LogModuleManager: Shutting down and abandoning module SessionFrontend (404)
[2017.11.24-13.36.21:129][380]LogModuleManager: Shutting down and abandoning module ProfilerClient (402)
[2017.11.24-13.36.21:129][380]LogModuleManager: Shutting down and abandoning module DeviceManager (400)
[2017.11.24-13.36.21:129][380]LogModuleManager: Shutting down and abandoning module TargetDeviceServices (399)
[2017.11.24-13.36.21:172][380]LogModuleManager: Shutting down and abandoning module AutomationController (396)
[2017.11.24-13.36.21:172][380]LogModuleManager: Shutting down and abandoning module AutomationWindow (394)
[2017.11.24-13.36.21:172][380]LogModuleManager: Shutting down and abandoning module Layers (392)
[2017.11.24-13.36.21:172][380]LogModuleManager: Shutting down and abandoning module ComponentVisualizers (390)
[2017.11.24-13.36.21:172][380]LogModuleManager: Shutting down and abandoning module DetailCustomizations (388)
[2017.11.24-13.36.21:172][380]LogModuleManager: Shutting down and abandoning module PackagesDialog (386)
[2017.11.24-13.36.21:173][380]LogModuleManager: Shutting down and abandoning module Persona (384)
[2017.11.24-13.36.21:173][380]LogModuleManager: Shutting down and abandoning module AdvancedPreviewScene (383)
[2017.11.24-13.36.21:173][380]LogModuleManager: Shutting down and abandoning module AnimGraph (381)
[2017.11.24-13.36.21:173][380]LogModuleManager: Shutting down and abandoning module Kismet (378)
[2017.11.24-13.36.21:174][380]LogModuleManager: Shutting down and abandoning module ClassViewer (376)
[2017.11.24-13.36.21:174][380]LogModuleManager: Shutting down and abandoning module Toolbox (374)
[2017.11.24-13.36.21:174][380]LogModuleManager: Shutting down and abandoning module ModuleUI (372)
[2017.11.24-13.36.21:174][380]LogModuleManager: Shutting down and abandoning module MovieSceneTools (370)
[2017.11.24-13.36.21:174][380]LogModuleManager: Shutting down and abandoning module OutputLog (368)
[2017.11.24-13.36.21:174][380]LogModuleManager: Shutting down and abandoning module GammaUI (366)
[2017.11.24-13.36.21:174][380]LogModuleManager: Shutting down and abandoning module Documentation (364)
[2017.11.24-13.36.21:175][380]LogModuleManager: Shutting down and abandoning module MovieSceneTracks (362)
[2017.11.24-13.36.21:175][380]LogModuleManager: Shutting down and abandoning module MovieScene (360)
[2017.11.24-13.36.21:175][380]LogModuleManager: Shutting down and abandoning module Niagara (358)
[2017.11.24-13.36.21:175][380]LogModuleManager: Shutting down and abandoning module NiagaraEditor (357)
[2017.11.24-13.36.21:175][380]LogModuleManager: Shutting down and abandoning module StreamingPauseRendering (354)
[2017.11.24-13.36.21:175][380]LogModuleManager: Shutting down and abandoning module LauncherPlatform (352)
[2017.11.24-13.36.21:175][380]LogModuleManager: Shutting down and abandoning module AnalyticsET (350)
[2017.11.24-13.36.21:175][380]LogModuleManager: Shutting down and abandoning module PortalServices (348)
[2017.11.24-13.36.21:175][380]LogModuleManager: Shutting down and abandoning module PortalRpc (346)
[2017.11.24-13.36.21:175][380]LogModuleManager: Shutting down and abandoning module MessagingRpc (344)
[2017.11.24-13.36.21:175][380]LogModuleManager: Shutting down and abandoning module AIModule (342)
[2017.11.24-13.36.21:175][380]LogModuleManager: Shutting down and abandoning module GameplayDebugger (341)
[2017.11.24-13.36.21:175][380]LogModuleManager: Shutting down and abandoning module AITestSuite (339)
[2017.11.24-13.36.21:176][380]LogModuleManager: Shutting down and abandoning module ProfilerService (336)
[2017.11.24-13.36.21:332][380]LogModuleManager: Shutting down and abandoning module TaskGraph (334)
[2017.11.24-13.36.21:332][380]LogModuleManager: Shutting down and abandoning module SteamVRController (332)
[2017.11.24-13.36.21:332][380]LogModuleManager: Shutting down and abandoning module ProceduralMeshComponentEditor (330)
[2017.11.24-13.36.21:332][380]LogModuleManager: Shutting down and abandoning module ProceduralMeshComponent (328)
[2017.11.24-13.36.21:333][380]LogModuleManager: Shutting down and abandoning module OculusInput (326)
[2017.11.24-13.36.21:333][380]LogModuleManager: Shutting down and abandoning module MobilePatchingUtils (324)
[2017.11.24-13.36.21:333][380]LogModuleManager: Shutting down and abandoning module CustomMeshComponent (322)
[2017.11.24-13.36.21:333][380]LogModuleManager: Shutting down and abandoning module CableComponent (320)
[2017.11.24-13.36.21:333][380]LogModuleManager: Shutting down and abandoning module ArchVisCharacter (318)
[2017.11.24-13.36.21:333][380]LogModuleManager: Shutting down and abandoning module AndroidPermission (316)
[2017.11.24-13.36.21:333][380]LogModuleManager: Shutting down and abandoning module MediaPlayerEditor (312)
[2017.11.24-13.36.21:333][380]LogModuleManager: Shutting down and abandoning module HTML5Networking (310)
[2017.11.24-13.36.21:333][380]LogModuleManager: Shutting down and abandoning module AlembicImporter (308)
[2017.11.24-13.36.21:333][380]LogModuleManager: Shutting down and abandoning module AlembicLibrary (307)
[2017.11.24-13.36.21:334][380]LogModuleManager: Shutting down and abandoning module GeometryCache (306)
[2017.11.24-13.36.21:334][380]LogModuleManager: Shutting down and abandoning module GeometryCacheEd (305)
[2017.11.24-13.36.21:334][380]LogModuleManager: Shutting down and abandoning module SpeedTreeImporter (300)
[2017.11.24-13.36.21:334][380]LogModuleManager: Shutting down and abandoning module PluginBrowser (298)
[2017.11.24-13.36.21:334][380]LogModuleManager: Shutting down and abandoning module MobileLauncherProfileWizard (296)
[2017.11.24-13.36.21:334][380]LogModuleManager: Shutting down and abandoning module VisualStudioSourceCodeAccess (294)
[2017.11.24-13.36.21:334][380]LogModuleManager: Shutting down and abandoning module DesktopPlatform (293)
[2017.11.24-13.36.21:334][380]LogModuleManager: Shutting down and abandoning module UObjectPlugin (290)
[2017.11.24-13.36.21:334][380]LogModuleManager: Shutting down and abandoning module SubversionSourceControl (288)
[2017.11.24-13.36.21:334][380]LogModuleManager: Shutting down and abandoning module PerforceSourceControl (286)
[2017.11.24-13.36.21:334][380]LogModuleManager: Shutting down and abandoning module GitSourceControl (284)
[2017.11.24-13.36.21:335][380]LogModuleManager: Shutting down and abandoning module SourceControl (283)
[2017.11.24-13.36.21:335][380]LogModuleManager: Shutting down and abandoning module LightPropagationVolumeEditor (280)
[2017.11.24-13.36.21:335][380]LogModuleManager: Shutting down and abandoning module PaperTiledImporter (278)
[2017.11.24-13.36.21:335][380]LogModuleManager: Shutting down and abandoning module PaperSpriteSheetImporter (276)
[2017.11.24-13.36.21:335][380]LogModuleManager: Shutting down and abandoning module Paper2DEditor (274)
[2017.11.24-13.36.21:335][380]LogModuleManager: Shutting down and abandoning module MeshPaint (273)
[2017.11.24-13.36.21:335][380]LogModuleManager: Shutting down and abandoning module LevelEditor (271)
[2017.11.24-13.36.21:337][380]LogModuleManager: Shutting down and abandoning module PixelInspectorModule (270)
[2017.11.24-13.36.21:337][380]LogModuleManager: Shutting down and abandoning module MainFrame (268)
[2017.11.24-13.36.21:337][380]LogModuleManager: Shutting down and abandoning module HotReload (267)
[2017.11.24-13.36.21:337][380]LogDirectoryWatcher: A directory notification for 'C:/Users/2siewj44/Desktop/Puzzle-Island-VGD/Puzzle_Island/Binaries/Win64' was aborted.
[2017.11.24-13.36.21:338][380]LogModuleManager: Shutting down and abandoning module RuntimePhysXCooking (260)
[2017.11.24-13.36.21:338][380]LogModuleManager: Shutting down and abandoning module PhysXVehiclesEditor (258)
[2017.11.24-13.36.21:338][380]LogModuleManager: Shutting down and abandoning module PhysXVehicles (256)
[2017.11.24-13.36.21:338][380]LogModuleManager: Shutting down and abandoning module OculusEditor (254)
[2017.11.24-13.36.21:338][380]LogModuleManager: Shutting down and abandoning module LocationServicesBPLibrary (252)
[2017.11.24-13.36.21:338][380]LogModuleManager: Shutting down and abandoning module ImmediatePhysicsEditor (250)
[2017.11.24-13.36.21:339][380]LogModuleManager: Shutting down and abandoning module ImmediatePhysics (248)
[2017.11.24-13.36.21:339][380]LogModuleManager: Shutting down and abandoning module UdpMessaging (246)
[2017.11.24-13.36.21:440][380]LogModuleManager: Shutting down and abandoning module TcpMessaging (244)
[2017.11.24-13.36.21:541][380]LogModuleManager: Shutting down and abandoning module GameplayTagsEditor (242)
[2017.11.24-13.36.21:541][380]LogModuleManager: Shutting down and abandoning module FacialAnimationEditor (240)
[2017.11.24-13.36.21:541][380]LogModuleManager: Shutting down and abandoning module FacialAnimation (238)
[2017.11.24-13.36.21:541][380]LogModuleManager: Shutting down and abandoning module AssetManagerEditor (236)
[2017.11.24-13.36.21:541][380]LogModuleManager: Shutting down and abandoning module GraphEditor (235)
[2017.11.24-13.36.21:541][380]LogModuleManager: Shutting down and abandoning module ContentBrowser (233)
[2017.11.24-13.36.21:542][380]LogModuleManager: Shutting down and abandoning module LightPropagationVolumeRuntime (230)
[2017.11.24-13.36.21:542][380]LogModuleManager: Shutting down and abandoning module Paper2D (228)
[2017.11.24-13.36.21:542][380]LogModuleManager: Shutting down and abandoning module WindowsMoviePlayer (226)
[2017.11.24-13.36.21:542][380]LogModuleManager: Shutting down and abandoning module WmfMedia (224)
[2017.11.24-13.36.21:542][380]LogModuleManager: Shutting down and abandoning module PacketHandler (222)
[2017.11.24-13.36.21:542][380]LogModuleManager: Shutting down and abandoning module ClothingSystemEditor (220)
[2017.11.24-13.36.21:542][380]LogModuleManager: Shutting down and abandoning module ClothingSystemRuntime (218)
[2017.11.24-13.36.21:542][380]LogModuleManager: Shutting down and abandoning module Overlay (216)
[2017.11.24-13.36.21:542][380]LogModuleManager: Shutting down and abandoning module OverlayEditor (215)
[2017.11.24-13.36.21:542][380]LogModuleManager: Shutting down and abandoning module MediaAssets (212)
[2017.11.24-13.36.21:542][380]LogModuleManager: Shutting down and abandoning module VREditor (210)
[2017.11.24-13.36.21:542][380]LogModuleManager: Shutting down and abandoning module StringTableEditor (208)
[2017.11.24-13.36.21:542][380]LogModuleManager: Shutting down and abandoning module GameplayTasksEditor (206)
[2017.11.24-13.36.21:542][380]LogModuleManager: Shutting down and abandoning module BehaviorTreeEditor (204)
[2017.11.24-13.36.21:542][380]LogModuleManager: Shutting down and abandoning module FunctionalTesting (202)
[2017.11.24-13.36.21:542][380]LogModuleManager: Shutting down and abandoning module CollisionAnalyzer (200)
[2017.11.24-13.36.21:542][380]LogModuleManager: Shutting down and abandoning module WorkspaceMenuStructure (199)
[2017.11.24-13.36.21:542][380]LogModuleManager: Shutting down and abandoning module UMG (196)
[2017.11.24-13.36.21:542][380]LogModuleManager: Shutting down and abandoning module UMGEditor (195)
[2017.11.24-13.36.21:542][380]LogModuleManager: Shutting down and abandoning module Sequencer (194)
[2017.11.24-13.36.21:542][380]LogModuleManager: Shutting down and abandoning module MessageLog (191)
[2017.11.24-13.36.21:542][380]LogModuleManager: Shutting down and abandoning module SlateReflector (186)
[2017.11.24-13.36.21:543][380]LogModuleManager: Shutting down and abandoning module Slate (184)
[2017.11.24-13.36.21:543][380]LogModuleManager: Shutting down and abandoning module EditorStyle (182)
[2017.11.24-13.36.21:546][380]LogModuleManager: Shutting down and abandoning module MRMesh (180)
[2017.11.24-13.36.21:546][380]LogModuleManager: Shutting down and abandoning module SourceCodeAccess (178)
[2017.11.24-13.36.21:546][380]LogModuleManager: Shutting down and abandoning module HeadMountedDisplay (176)
[2017.11.24-13.36.21:546][380]LogModuleManager: Shutting down and abandoning module XAudio2 (174)
[2017.11.24-13.36.21:546][380]LogModuleManager: Shutting down and abandoning module Networking (172)
[2017.11.24-13.36.21:546][380]LogModuleManager: Shutting down and abandoning module Core (168)
[2017.11.24-13.36.21:546][380]LogModuleManager: Shutting down and abandoning module KismetCompiler (164)
[2017.11.24-13.36.21:546][380]LogModuleManager: Shutting down and abandoning module LevelSequence (162)
[2017.11.24-13.36.21:546][380]LogModuleManager: Shutting down and abandoning module MeshUtilities (160)
[2017.11.24-13.36.21:546][380]LogModuleManager: Shutting down and abandoning module MeshMergeUtilities (159)
[2017.11.24-13.36.21:546][380]LogModuleManager: Shutting down and abandoning module MeshReductionInterface (158)
[2017.11.24-13.36.21:546][380]LogModuleManager: Shutting down and abandoning module SimplygonSwarm (157)
[2017.11.24-13.36.21:546][380]LogModuleManager: Shutting down and abandoning module SimplygonMeshReduction (155)
[2017.11.24-13.36.21:546][380]LogModuleManager: Shutting down and abandoning module QuadricMeshReduction (153)
[2017.11.24-13.36.21:546][380]LogModuleManager: Shutting down and abandoning module MaterialBaking (149)
[2017.11.24-13.36.21:546][380]LogModuleManager: Shutting down and abandoning module DirectoryWatcher (146)
[2017.11.24-13.36.21:547][380]LogModuleManager: Shutting down and abandoning module DerivedDataCache (144)
[2017.11.24-13.36.21:561][380]LogDerivedDataCache: Shutdown
[2017.11.24-13.36.21:561][380]LogModuleManager: Shutting down and abandoning module TargetPlatform (142)
[2017.11.24-13.36.21:561][380]LogModuleManager: Shutting down and abandoning module VulkanShaderFormat (141)
[2017.11.24-13.36.21:561][380]LogModuleManager: Shutting down and abandoning module ShaderFormatVectorVM (139)
[2017.11.24-13.36.21:561][380]LogModuleManager: Shutting down and abandoning module ShaderFormatOpenGL (137)
[2017.11.24-13.36.21:561][380]LogModuleManager: Shutting down and abandoning module ShaderFormatD3D (135)
[2017.11.24-13.36.21:561][380]LogModuleManager: Shutting down and abandoning module MetalShaderFormat (133)
[2017.11.24-13.36.21:561][380]LogModuleManager: Shutting down and abandoning module TextureFormatUncompressed (131)
[2017.11.24-13.36.21:561][380]LogModuleManager: Shutting down and abandoning module TextureFormatPVR (129)
[2017.11.24-13.36.21:561][380]LogModuleManager: Shutting down and abandoning module TextureFormatDXT (127)
[2017.11.24-13.36.21:561][380]LogModuleManager: Shutting down and abandoning module TextureFormatIntelISPCTexComp (125)
[2017.11.24-13.36.21:561][380]LogModuleManager: Shutting down and abandoning module TextureFormatASTC (123)
[2017.11.24-13.36.21:562][380]LogModuleManager: Shutting down and abandoning module ImageWrapper (122)
[2017.11.24-13.36.21:562][380]LogModuleManager: Shutting down and abandoning module TextureFormatAndroid (119)
[2017.11.24-13.36.21:562][380]LogModuleManager: Shutting down and abandoning module AudioFormatOpus (117)
[2017.11.24-13.36.21:562][380]LogModuleManager: Shutting down and abandoning module AudioFormatOgg (115)
[2017.11.24-13.36.21:562][380]LogModuleManager: Shutting down and abandoning module AudioFormatADPCM (113)
[2017.11.24-13.36.21:562][380]LogModuleManager: Shutting down and abandoning module LinuxTargetPlatform (111)
[2017.11.24-13.36.21:562][380]LogModuleManager: Shutting down and abandoning module LinuxServerTargetPlatform (109)
[2017.11.24-13.36.21:562][380]LogModuleManager: Shutting down and abandoning module LinuxNoEditorTargetPlatform (107)
[2017.11.24-13.36.21:562][380]LogModuleManager: Shutting down and abandoning module LinuxClientTargetPlatform (105)
[2017.11.24-13.36.21:562][380]LogModuleManager: Shutting down and abandoning module TVOSTargetPlatform (103)
[2017.11.24-13.36.21:562][380]LogModuleManager: Shutting down and abandoning module Messaging (101)
[2017.11.24-13.36.21:562][380]LogModuleManager: Shutting down and abandoning module IOSTargetPlatform (99)
[2017.11.24-13.36.21:562][380]LogModuleManager: Shutting down and abandoning module HTML5TargetPlatform (97)
[2017.11.24-13.36.21:562][380]LogModuleManager: Shutting down and abandoning module Android_PVRTCTargetPlatform (95)
[2017.11.24-13.36.21:562][380]LogModuleManager: Shutting down and abandoning module Android_MultiTargetPlatform (93)
[2017.11.24-13.36.21:562][380]LogModuleManager: Shutting down and abandoning module Android_ETC2TargetPlatform (91)
[2017.11.24-13.36.21:562][380]LogModuleManager: Shutting down and abandoning module Android_ETC1TargetPlatform (89)
[2017.11.24-13.36.21:562][380]LogModuleManager: Shutting down and abandoning module Android_DXTTargetPlatform (87)
[2017.11.24-13.36.21:562][380]LogModuleManager: Shutting down and abandoning module Android_ATCTargetPlatform (85)
[2017.11.24-13.36.21:562][380]LogModuleManager: Shutting down and abandoning module Android_ASTCTargetPlatform (83)
[2017.11.24-13.36.21:562][380]LogModuleManager: Shutting down and abandoning module AndroidTargetPlatform (81)
[2017.11.24-13.36.21:562][380]LogModuleManager: Shutting down and abandoning module WindowsTargetPlatform (79)
[2017.11.24-13.36.21:562][380]LogModuleManager: Shutting down and abandoning module WindowsServerTargetPlatform (77)
[2017.11.24-13.36.21:562][380]LogModuleManager: Shutting down and abandoning module WindowsNoEditorTargetPlatform (75)
[2017.11.24-13.36.21:562][380]LogModuleManager: Shutting down and abandoning module WindowsClientTargetPlatform (73)
[2017.11.24-13.36.21:562][380]LogModuleManager: Shutting down and abandoning module MacTargetPlatform (71)
[2017.11.24-13.36.21:562][380]LogModuleManager: Shutting down and abandoning module MacServerTargetPlatform (69)
[2017.11.24-13.36.21:562][380]LogModuleManager: Shutting down and abandoning module MacNoEditorTargetPlatform (67)
[2017.11.24-13.36.21:562][380]LogModuleManager: Shutting down and abandoning module MacClientTargetPlatform (65)
[2017.11.24-13.36.21:562][380]LogModuleManager: Shutting down and abandoning module AllDesktopTargetPlatform (63)
[2017.11.24-13.36.21:562][380]LogModuleManager: Shutting down and abandoning module InputCore (60)
[2017.11.24-13.36.21:562][380]LogModuleManager: Shutting down and abandoning module Settings (58)
[2017.11.24-13.36.21:562][380]LogModuleManager: Shutting down and abandoning module PhysXCooking (56)
[2017.11.24-13.36.21:562][380]LogModuleManager: Shutting down and abandoning module SteamVR (54)
[2017.11.24-13.36.21:562][380]LogModuleManager: Shutting down and abandoning module OculusHMD (52)
[2017.11.24-13.36.21:562][380]LogModuleManager: Shutting down and abandoning module ExampleDeviceProfileSelector (50)
[2017.11.24-13.36.21:562][380]LogModuleManager: Shutting down and abandoning module OnlineBlueprintSupport (48)
[2017.11.24-13.36.21:562][380]LogModuleManager: Shutting down and abandoning module OnlineSubsystem (44)
[2017.11.24-13.36.21:562][380]LogOnline: Display: Unloading online subsystem: NULL
[2017.11.24-13.36.21:562][380]LogModuleManager: Shutting down and abandoning module XMPP (43)
[2017.11.24-13.36.21:562][380]LogModuleManager: Shutting down and abandoning module HTTP (41)
[2017.11.24-13.36.21:562][380]LogHttp: Display: Http module shutting down, but needs to wait on 1 outstanding Http requests:
[2017.11.24-13.36.21:562][380]LogHttp: Display: 	verb=[POST] url=[https://datarouter.ol.epicgames.com/datarouter/api/v1/public/data?SessionID=%7BAD3CF051-4A7B-9F4F-1175-79AC89BDF5B6%7D&AppID=UEEditor.Rocket.Release&AppVersion=4.17.2-3658906%2B%2B%2BUE4%2BRelease-4.17&UserID=a18248ba4eddb34d4e1ab5a2e84bc860%7C%7Ce65ec127-0e07-4f04-b7b0-3376fc45e859&AppEnvironment=datacollector-binary&UploadType=eteventstream] status=Processing
[2017.11.24-13.36.21:584][380]LogModuleManager: Shutting down and abandoning module SSL (40)
[2017.11.24-13.36.21:585][380]LogModuleManager: Shutting down and abandoning module AnimationModifiers (36)
[2017.11.24-13.36.21:585][380]LogModuleManager: Shutting down and abandoning module PropertyEditor (35)
[2017.11.24-13.36.21:585][380]LogModuleManager: Shutting down and abandoning module AudioEditor (32)
[2017.11.24-13.36.21:585][380]LogModuleManager: Shutting down and abandoning module TextureCompressor (30)
[2017.11.24-13.36.21:585][380]LogModuleManager: Shutting down and abandoning module ShaderCore (28)
[2017.11.24-13.36.21:585][380]LogModuleManager: Shutting down and abandoning module Landscape (26)
[2017.11.24-13.36.21:585][380]LogModuleManager: Shutting down and abandoning module SlateRHIRenderer (24)
[2017.11.24-13.36.21:586][380]LogModuleManager: Shutting down and abandoning module OpenGLDrv (22)
[2017.11.24-13.36.21:586][380]LogModuleManager: Shutting down and abandoning module D3D11RHI (20)
[2017.11.24-13.36.21:586][380]LogModuleManager: Shutting down and abandoning module AnimGraphRuntime (18)
[2017.11.24-13.36.21:586][380]LogModuleManager: Shutting down and abandoning module Renderer (16)
[2017.11.24-13.36.21:586][380]LogModuleManager: Shutting down and abandoning module Engine (14)
[2017.11.24-13.36.21:586][380]LogModuleManager: Shutting down and abandoning module CoreUObject (12)
[2017.11.24-13.36.21:586][380]LogModuleManager: Shutting down and abandoning module NetworkFile (10)
[2017.11.24-13.36.21:586][380]LogModuleManager: Shutting down and abandoning module CookedIterativeFile (8)
[2017.11.24-13.36.21:586][380]LogModuleManager: Shutting down and abandoning module StreamingFile (6)
[2017.11.24-13.36.21:586][380]LogModuleManager: Shutting down and abandoning module SandboxFile (4)
[2017.11.24-13.36.21:587][380]LogModuleManager: Shutting down and abandoning module PakFile (2)
[2017.11.24-13.36.21:589][380]LogExit: Exiting.
[2017.11.24-13.36.21:625][380]Log file closed, 11/24/17 13:36:21
